[2025-04-15T09:46:11.752+0000] {local_task_job_runner.py:123} INFO - ::group::Pre task execution logs
[2025-04-15T09:46:11.928+0000] {taskinstance.py:2614} INFO - Dependencies all met for dep_context=non-requeueable deps ti=<TaskInstance: example_postgres_dag4.create_table scheduled__2024-11-22T00:00:00+00:00 [queued]>
[2025-04-15T09:46:11.975+0000] {taskinstance.py:2614} INFO - Dependencies all met for dep_context=requeueable deps ti=<TaskInstance: example_postgres_dag4.create_table scheduled__2024-11-22T00:00:00+00:00 [queued]>
[2025-04-15T09:46:11.978+0000] {taskinstance.py:2867} INFO - Starting attempt 1 of 1
[2025-04-15T09:46:12.171+0000] {taskinstance.py:2890} INFO - Executing <Task(PostgresOperator): create_table> on 2024-11-22 00:00:00+00:00
[2025-04-15T09:46:12.234+0000] {standard_task_runner.py:72} INFO - Started process 5243 to run task
[2025-04-15T09:46:12.250+0000] {standard_task_runner.py:104} INFO - Running: ['***', 'tasks', 'run', 'example_postgres_dag4', 'create_table', 'scheduled__2024-11-22T00:00:00+00:00', '--job-id', '310', '--raw', '--subdir', 'DAGS_FOLDER/dag_postgreSql.py', '--cfg-path', '/tmp/tmpkm88frtn']
[2025-04-15T09:46:12.270+0000] {standard_task_runner.py:105} INFO - Job 310: Subtask create_table
[2025-04-15T09:46:12.501+0000] {task_command.py:467} INFO - Running <TaskInstance: example_postgres_dag4.create_table scheduled__2024-11-22T00:00:00+00:00 [running]> on host d7d36d5d8c2d
[2025-04-15T09:46:12.789+0000] {taskinstance.py:3134} INFO - Exporting env vars: AIRFLOW_CTX_DAG_OWNER='***' AIRFLOW_CTX_DAG_ID='example_postgres_dag4' AIRFLOW_CTX_TASK_ID='create_table' AIRFLOW_CTX_EXECUTION_DATE='2024-11-22T00:00:00+00:00' AIRFLOW_CTX_TRY_NUMBER='1' AIRFLOW_CTX_DAG_RUN_ID='scheduled__2024-11-22T00:00:00+00:00'
[2025-04-15T09:46:12.796+0000] {taskinstance.py:732} INFO - ::endgroup::
[2025-04-15T09:46:12.983+0000] {sql.py:295} INFO - Executing: 
            CREATE TABLE IF NOT EXISTS example_table (
                dt date,
                dag_id character varying,
                primary key (dt, dag_id)
            );
        
[2025-04-15T09:46:13.021+0000] {base.py:84} INFO - Retrieving connection 'postgres_localhost'
[2025-04-15T09:46:13.084+0000] {base.py:84} INFO - Retrieving connection 'postgres_localhost'
[2025-04-15T09:46:13.085+0000] {sql.py:186} WARNING - This setter is for backward compatibility and should not be used.
Since the introduction of connection property, the providers listed below breaks due to assigning value to self.connection in their __init__ method.
* apache-***-providers-mysql<5.7.1
* apache-***-providers-elasticsearch<5.5.1
* apache-***-providers-postgres<5.13.0
[2025-04-15T09:46:13.111+0000] {sql.py:511} INFO - Running statement: 
            CREATE TABLE IF NOT EXISTS example_table (
                dt date,
                dag_id character varying,
                primary key (dt, dag_id)
            );
        , parameters: None
[2025-04-15T09:46:13.176+0000] {taskinstance.py:341} INFO - ::group::Post task execution logs
[2025-04-15T09:46:13.180+0000] {taskinstance.py:353} INFO - Marking task as SUCCESS. dag_id=example_postgres_dag4, task_id=create_table, run_id=scheduled__2024-11-22T00:00:00+00:00, execution_date=20241122T000000, start_date=20250415T094611, end_date=20250415T094613
[2025-04-15T09:46:13.491+0000] {local_task_job_runner.py:266} INFO - Task exited with return code 0
[2025-04-15T09:46:13.685+0000] {taskinstance.py:3901} INFO - 1 downstream tasks scheduled from follow-on schedule check
[2025-04-15T09:46:13.705+0000] {local_task_job_runner.py:245} INFO - ::endgroup::
