[2025-05-07T10:40:30.677+0000] {local_task_job_runner.py:123} INFO - ::group::Pre task execution logs
[2025-05-07T10:40:30.793+0000] {taskinstance.py:2614} INFO - Dependencies all met for dep_context=non-requeueable deps ti=<TaskInstance: Et_dag.run_extraction_script scheduled__2024-06-01T00:00:00+00:00 [queued]>
[2025-05-07T10:40:30.849+0000] {taskinstance.py:2614} INFO - Dependencies all met for dep_context=requeueable deps ti=<TaskInstance: Et_dag.run_extraction_script scheduled__2024-06-01T00:00:00+00:00 [queued]>
[2025-05-07T10:40:30.850+0000] {taskinstance.py:2867} INFO - Starting attempt 1 of 2
[2025-05-07T10:40:31.120+0000] {taskinstance.py:2890} INFO - Executing <Task(PythonOperator): run_extraction_script> on 2024-06-01 00:00:00+00:00
[2025-05-07T10:40:31.170+0000] {standard_task_runner.py:72} INFO - Started process 21700 to run task
[2025-05-07T10:40:31.204+0000] {standard_task_runner.py:104} INFO - Running: ['***', 'tasks', 'run', 'Et_dag', 'run_extraction_script', 'scheduled__2024-06-01T00:00:00+00:00', '--job-id', '757', '--raw', '--subdir', 'DAGS_FOLDER/ET_dag.py', '--cfg-path', '/tmp/tmpe_xuefyg']
[2025-05-07T10:40:31.237+0000] {standard_task_runner.py:105} INFO - Job 757: Subtask run_extraction_script
[2025-05-07T10:40:31.414+0000] {task_command.py:467} INFO - Running <TaskInstance: Et_dag.run_extraction_script scheduled__2024-06-01T00:00:00+00:00 [running]> on host 3d46136a9270
[2025-05-07T10:40:31.803+0000] {taskinstance.py:3134} INFO - Exporting env vars: AIRFLOW_CTX_DAG_OWNER='***' AIRFLOW_CTX_DAG_ID='Et_dag' AIRFLOW_CTX_TASK_ID='run_extraction_script' AIRFLOW_CTX_EXECUTION_DATE='2024-06-01T00:00:00+00:00' AIRFLOW_CTX_TRY_NUMBER='1' AIRFLOW_CTX_DAG_RUN_ID='scheduled__2024-06-01T00:00:00+00:00'
[2025-05-07T10:40:31.808+0000] {taskinstance.py:732} INFO - ::endgroup::
[2025-05-07T10:40:31.889+0000] {logging_mixin.py:190} INFO - Exécution du script : /opt/***/Scripts/insert_excel_to_postgres2.py
[2025-05-07T10:40:47.773+0000] {logging_mixin.py:190} INFO - Résultat du script /opt/***/Scripts/insert_excel_to_postgres2.py :
[2025-05-07T10:40:47.806+0000] {logging_mixin.py:190} INFO - Exécution du script : /opt/***/Scripts/Store_CTX.py
[2025-05-07T10:40:53.305+0000] {logging_mixin.py:190} INFO - Résultat du script /opt/***/Scripts/Store_CTX.py :
[2025-05-07T10:40:53.307+0000] {logging_mixin.py:190} INFO - Data successfully loaded into PostgreSQL table 'CTX'
[2025-05-07T10:40:53.308+0000] {logging_mixin.py:190} INFO - Exécution du script : /opt/***/Scripts/Store_pcx.py
[2025-05-07T10:40:59.457+0000] {logging_mixin.py:190} INFO - Résultat du script /opt/***/Scripts/Store_pcx.py :
[2025-05-07T10:40:59.458+0000] {logging_mixin.py:190} INFO - Data successfully loaded into PostgreSQL table 'Flag_PCX'
[2025-05-07T10:40:59.458+0000] {logging_mixin.py:190} INFO - Exécution du script : /opt/***/Scripts/Store_Sinister.py
[2025-05-07T10:41:06.199+0000] {logging_mixin.py:190} INFO - Résultat du script /opt/***/Scripts/Store_Sinister.py :
[2025-05-07T10:41:06.199+0000] {logging_mixin.py:190} INFO - Data successfully loaded into PostgreSQL table 'Siniste'
[2025-05-07T10:41:06.200+0000] {logging_mixin.py:190} INFO - Exécution du script : /opt/***/Scripts/Store_Sogeconso.py
[2025-05-07T10:41:12.579+0000] {logging_mixin.py:190} INFO - Résultat du script /opt/***/Scripts/Store_Sogeconso.py :
[2025-05-07T10:41:12.581+0000] {logging_mixin.py:190} INFO - Data successfully loaded into PostgreSQL table 'Sogeconso'
[2025-05-07T10:41:12.584+0000] {logging_mixin.py:190} INFO - Exécution du script : /opt/***/Scripts/Store_SPP.py
[2025-05-07T10:41:22.721+0000] {logging_mixin.py:190} INFO - Résultat du script /opt/***/Scripts/Store_SPP.py :
[2025-05-07T10:41:22.723+0000] {logging_mixin.py:190} INFO - Data successfully loaded into PostgreSQL table 'SPP'
[2025-05-07T10:41:22.730+0000] {python.py:240} INFO - Done. Returned value was: None
[2025-05-07T10:41:23.160+0000] {taskinstance.py:341} INFO - ::group::Post task execution logs
[2025-05-07T10:41:23.177+0000] {taskinstance.py:353} INFO - Marking task as SUCCESS. dag_id=Et_dag, task_id=run_extraction_script, run_id=scheduled__2024-06-01T00:00:00+00:00, execution_date=20240601T000000, start_date=20250507T104030, end_date=20250507T104123
[2025-05-07T10:41:23.484+0000] {local_task_job_runner.py:266} INFO - Task exited with return code 0
[2025-05-07T10:41:23.604+0000] {local_task_job_runner.py:245} INFO - ::endgroup::
