[2025-05-10T20:56:40.947+0000] {processor.py:186} INFO - Started process (PID=37402) to work on /opt/airflow/dags/detect_and_extract_dag.py
[2025-05-10T20:56:40.951+0000] {processor.py:914} INFO - Processing file /opt/airflow/dags/detect_and_extract_dag.py for tasks to queue
[2025-05-10T20:56:40.980+0000] {logging_mixin.py:190} INFO - [2025-05-10T20:56:40.978+0000] {dagbag.py:588} INFO - Filling up the DagBag from /opt/airflow/dags/detect_and_extract_dag.py
[2025-05-10T20:56:41.404+0000] {processor.py:925} INFO - DAG(s) 'detect_and_extract_dag' retrieved from /opt/airflow/dags/detect_and_extract_dag.py
[2025-05-10T20:56:41.920+0000] {logging_mixin.py:190} INFO - [2025-05-10T20:56:41.918+0000] {dag.py:3239} INFO - Sync 1 DAGs
[2025-05-10T20:56:42.215+0000] {logging_mixin.py:190} INFO - [2025-05-10T20:56:42.214+0000] {dag.py:4180} INFO - Setting next_dagrun for detect_and_extract_dag to 2025-04-01 00:00:00+00:00, run_after=2025-05-01 00:00:00+00:00
[2025-05-10T20:56:42.487+0000] {processor.py:208} INFO - Processing /opt/airflow/dags/detect_and_extract_dag.py took 1.692 seconds
[2025-05-10T20:57:13.554+0000] {processor.py:186} INFO - Started process (PID=37431) to work on /opt/airflow/dags/detect_and_extract_dag.py
[2025-05-10T20:57:13.557+0000] {processor.py:914} INFO - Processing file /opt/airflow/dags/detect_and_extract_dag.py for tasks to queue
[2025-05-10T20:57:13.573+0000] {logging_mixin.py:190} INFO - [2025-05-10T20:57:13.567+0000] {dagbag.py:588} INFO - Filling up the DagBag from /opt/airflow/dags/detect_and_extract_dag.py
[2025-05-10T20:57:13.688+0000] {processor.py:925} INFO - DAG(s) 'detect_and_extract_dag' retrieved from /opt/airflow/dags/detect_and_extract_dag.py
[2025-05-10T20:57:13.961+0000] {logging_mixin.py:190} INFO - [2025-05-10T20:57:13.960+0000] {dag.py:3239} INFO - Sync 1 DAGs
[2025-05-10T20:57:14.116+0000] {logging_mixin.py:190} INFO - [2025-05-10T20:57:14.115+0000] {dag.py:4180} INFO - Setting next_dagrun for detect_and_extract_dag to 2025-04-01 00:00:00+00:00, run_after=2025-05-01 00:00:00+00:00
[2025-05-10T20:57:14.177+0000] {processor.py:208} INFO - Processing /opt/airflow/dags/detect_and_extract_dag.py took 0.722 seconds
[2025-05-10T20:57:44.866+0000] {processor.py:186} INFO - Started process (PID=37464) to work on /opt/airflow/dags/detect_and_extract_dag.py
[2025-05-10T20:57:44.868+0000] {processor.py:914} INFO - Processing file /opt/airflow/dags/detect_and_extract_dag.py for tasks to queue
[2025-05-10T20:57:44.871+0000] {logging_mixin.py:190} INFO - [2025-05-10T20:57:44.869+0000] {dagbag.py:588} INFO - Filling up the DagBag from /opt/airflow/dags/detect_and_extract_dag.py
[2025-05-10T20:57:44.907+0000] {processor.py:925} INFO - DAG(s) 'detect_and_extract_dag' retrieved from /opt/airflow/dags/detect_and_extract_dag.py
[2025-05-10T20:57:44.993+0000] {logging_mixin.py:190} INFO - [2025-05-10T20:57:44.993+0000] {dag.py:3239} INFO - Sync 1 DAGs
[2025-05-10T20:57:45.069+0000] {logging_mixin.py:190} INFO - [2025-05-10T20:57:45.068+0000] {dag.py:4180} INFO - Setting next_dagrun for detect_and_extract_dag to 2025-04-01 00:00:00+00:00, run_after=2025-05-01 00:00:00+00:00
[2025-05-10T20:57:45.125+0000] {processor.py:208} INFO - Processing /opt/airflow/dags/detect_and_extract_dag.py took 0.269 seconds
[2025-05-10T20:58:15.606+0000] {processor.py:186} INFO - Started process (PID=37495) to work on /opt/airflow/dags/detect_and_extract_dag.py
[2025-05-10T20:58:15.607+0000] {processor.py:914} INFO - Processing file /opt/airflow/dags/detect_and_extract_dag.py for tasks to queue
[2025-05-10T20:58:15.609+0000] {logging_mixin.py:190} INFO - [2025-05-10T20:58:15.609+0000] {dagbag.py:588} INFO - Filling up the DagBag from /opt/airflow/dags/detect_and_extract_dag.py
[2025-05-10T20:58:15.634+0000] {processor.py:925} INFO - DAG(s) 'detect_and_extract_dag' retrieved from /opt/airflow/dags/detect_and_extract_dag.py
[2025-05-10T20:58:15.670+0000] {logging_mixin.py:190} INFO - [2025-05-10T20:58:15.669+0000] {dag.py:3239} INFO - Sync 1 DAGs
[2025-05-10T20:58:15.699+0000] {logging_mixin.py:190} INFO - [2025-05-10T20:58:15.698+0000] {dag.py:4180} INFO - Setting next_dagrun for detect_and_extract_dag to 2025-04-01 00:00:00+00:00, run_after=2025-05-01 00:00:00+00:00
[2025-05-10T20:58:15.720+0000] {processor.py:208} INFO - Processing /opt/airflow/dags/detect_and_extract_dag.py took 0.122 seconds
[2025-05-10T20:58:46.422+0000] {processor.py:186} INFO - Started process (PID=37526) to work on /opt/airflow/dags/detect_and_extract_dag.py
[2025-05-10T20:58:46.423+0000] {processor.py:914} INFO - Processing file /opt/airflow/dags/detect_and_extract_dag.py for tasks to queue
[2025-05-10T20:58:46.425+0000] {logging_mixin.py:190} INFO - [2025-05-10T20:58:46.425+0000] {dagbag.py:588} INFO - Filling up the DagBag from /opt/airflow/dags/detect_and_extract_dag.py
[2025-05-10T20:58:46.439+0000] {processor.py:925} INFO - DAG(s) 'detect_and_extract_dag' retrieved from /opt/airflow/dags/detect_and_extract_dag.py
[2025-05-10T20:58:46.467+0000] {logging_mixin.py:190} INFO - [2025-05-10T20:58:46.466+0000] {dag.py:3239} INFO - Sync 1 DAGs
[2025-05-10T20:58:46.491+0000] {logging_mixin.py:190} INFO - [2025-05-10T20:58:46.491+0000] {dag.py:4180} INFO - Setting next_dagrun for detect_and_extract_dag to 2025-04-01 00:00:00+00:00, run_after=2025-05-01 00:00:00+00:00
[2025-05-10T20:58:46.512+0000] {processor.py:208} INFO - Processing /opt/airflow/dags/detect_and_extract_dag.py took 0.097 seconds
[2025-05-10T20:59:17.404+0000] {processor.py:186} INFO - Started process (PID=37557) to work on /opt/airflow/dags/detect_and_extract_dag.py
[2025-05-10T20:59:17.405+0000] {processor.py:914} INFO - Processing file /opt/airflow/dags/detect_and_extract_dag.py for tasks to queue
[2025-05-10T20:59:17.406+0000] {logging_mixin.py:190} INFO - [2025-05-10T20:59:17.406+0000] {dagbag.py:588} INFO - Filling up the DagBag from /opt/airflow/dags/detect_and_extract_dag.py
[2025-05-10T20:59:17.421+0000] {processor.py:925} INFO - DAG(s) 'detect_and_extract_dag' retrieved from /opt/airflow/dags/detect_and_extract_dag.py
[2025-05-10T20:59:17.446+0000] {logging_mixin.py:190} INFO - [2025-05-10T20:59:17.445+0000] {dag.py:3239} INFO - Sync 1 DAGs
[2025-05-10T20:59:17.469+0000] {logging_mixin.py:190} INFO - [2025-05-10T20:59:17.469+0000] {dag.py:4180} INFO - Setting next_dagrun for detect_and_extract_dag to 2025-04-01 00:00:00+00:00, run_after=2025-05-01 00:00:00+00:00
[2025-05-10T20:59:17.489+0000] {processor.py:208} INFO - Processing /opt/airflow/dags/detect_and_extract_dag.py took 0.092 seconds
[2025-05-10T20:59:48.392+0000] {processor.py:186} INFO - Started process (PID=37588) to work on /opt/airflow/dags/detect_and_extract_dag.py
[2025-05-10T20:59:48.405+0000] {processor.py:914} INFO - Processing file /opt/airflow/dags/detect_and_extract_dag.py for tasks to queue
[2025-05-10T20:59:48.421+0000] {logging_mixin.py:190} INFO - [2025-05-10T20:59:48.414+0000] {dagbag.py:588} INFO - Filling up the DagBag from /opt/airflow/dags/detect_and_extract_dag.py
[2025-05-10T20:59:48.506+0000] {processor.py:925} INFO - DAG(s) 'detect_and_extract_dag' retrieved from /opt/airflow/dags/detect_and_extract_dag.py
[2025-05-10T20:59:48.619+0000] {logging_mixin.py:190} INFO - [2025-05-10T20:59:48.618+0000] {dag.py:3239} INFO - Sync 1 DAGs
[2025-05-10T20:59:48.774+0000] {logging_mixin.py:190} INFO - [2025-05-10T20:59:48.773+0000] {dag.py:4180} INFO - Setting next_dagrun for detect_and_extract_dag to 2025-04-01 00:00:00+00:00, run_after=2025-05-01 00:00:00+00:00
[2025-05-10T20:59:48.889+0000] {processor.py:208} INFO - Processing /opt/airflow/dags/detect_and_extract_dag.py took 0.571 seconds
[2025-05-10T21:00:19.731+0000] {processor.py:186} INFO - Started process (PID=37620) to work on /opt/airflow/dags/detect_and_extract_dag.py
[2025-05-10T21:00:19.733+0000] {processor.py:914} INFO - Processing file /opt/airflow/dags/detect_and_extract_dag.py for tasks to queue
[2025-05-10T21:00:19.736+0000] {logging_mixin.py:190} INFO - [2025-05-10T21:00:19.735+0000] {dagbag.py:588} INFO - Filling up the DagBag from /opt/airflow/dags/detect_and_extract_dag.py
[2025-05-10T21:00:19.776+0000] {processor.py:925} INFO - DAG(s) 'detect_and_extract_dag' retrieved from /opt/airflow/dags/detect_and_extract_dag.py
[2025-05-10T21:00:19.841+0000] {logging_mixin.py:190} INFO - [2025-05-10T21:00:19.841+0000] {dag.py:3239} INFO - Sync 1 DAGs
[2025-05-10T21:00:19.890+0000] {logging_mixin.py:190} INFO - [2025-05-10T21:00:19.889+0000] {dag.py:4180} INFO - Setting next_dagrun for detect_and_extract_dag to 2025-04-01 00:00:00+00:00, run_after=2025-05-01 00:00:00+00:00
[2025-05-10T21:00:19.939+0000] {processor.py:208} INFO - Processing /opt/airflow/dags/detect_and_extract_dag.py took 0.223 seconds
[2025-05-10T21:00:50.830+0000] {processor.py:186} INFO - Started process (PID=37651) to work on /opt/airflow/dags/detect_and_extract_dag.py
[2025-05-10T21:00:50.834+0000] {processor.py:914} INFO - Processing file /opt/airflow/dags/detect_and_extract_dag.py for tasks to queue
[2025-05-10T21:00:50.839+0000] {logging_mixin.py:190} INFO - [2025-05-10T21:00:50.838+0000] {dagbag.py:588} INFO - Filling up the DagBag from /opt/airflow/dags/detect_and_extract_dag.py
[2025-05-10T21:00:50.892+0000] {processor.py:925} INFO - DAG(s) 'detect_and_extract_dag' retrieved from /opt/airflow/dags/detect_and_extract_dag.py
[2025-05-10T21:00:51.031+0000] {logging_mixin.py:190} INFO - [2025-05-10T21:00:51.030+0000] {dag.py:3239} INFO - Sync 1 DAGs
[2025-05-10T21:00:51.152+0000] {logging_mixin.py:190} INFO - [2025-05-10T21:00:51.151+0000] {dag.py:4180} INFO - Setting next_dagrun for detect_and_extract_dag to 2025-04-01 00:00:00+00:00, run_after=2025-05-01 00:00:00+00:00
[2025-05-10T21:00:51.249+0000] {processor.py:208} INFO - Processing /opt/airflow/dags/detect_and_extract_dag.py took 0.440 seconds
[2025-05-10T21:01:22.237+0000] {processor.py:186} INFO - Started process (PID=37682) to work on /opt/airflow/dags/detect_and_extract_dag.py
[2025-05-10T21:01:22.239+0000] {processor.py:914} INFO - Processing file /opt/airflow/dags/detect_and_extract_dag.py for tasks to queue
[2025-05-10T21:01:22.242+0000] {logging_mixin.py:190} INFO - [2025-05-10T21:01:22.242+0000] {dagbag.py:588} INFO - Filling up the DagBag from /opt/airflow/dags/detect_and_extract_dag.py
[2025-05-10T21:01:22.280+0000] {processor.py:925} INFO - DAG(s) 'detect_and_extract_dag' retrieved from /opt/airflow/dags/detect_and_extract_dag.py
[2025-05-10T21:01:22.349+0000] {logging_mixin.py:190} INFO - [2025-05-10T21:01:22.348+0000] {dag.py:3239} INFO - Sync 1 DAGs
[2025-05-10T21:01:22.413+0000] {logging_mixin.py:190} INFO - [2025-05-10T21:01:22.412+0000] {dag.py:4180} INFO - Setting next_dagrun for detect_and_extract_dag to 2025-04-01 00:00:00+00:00, run_after=2025-05-01 00:00:00+00:00
[2025-05-10T21:01:22.465+0000] {processor.py:208} INFO - Processing /opt/airflow/dags/detect_and_extract_dag.py took 0.245 seconds
[2025-05-10T21:01:53.338+0000] {processor.py:186} INFO - Started process (PID=37714) to work on /opt/airflow/dags/detect_and_extract_dag.py
[2025-05-10T21:01:53.343+0000] {processor.py:914} INFO - Processing file /opt/airflow/dags/detect_and_extract_dag.py for tasks to queue
[2025-05-10T21:01:53.350+0000] {logging_mixin.py:190} INFO - [2025-05-10T21:01:53.348+0000] {dagbag.py:588} INFO - Filling up the DagBag from /opt/airflow/dags/detect_and_extract_dag.py
[2025-05-10T21:01:53.424+0000] {processor.py:925} INFO - DAG(s) 'detect_and_extract_dag' retrieved from /opt/airflow/dags/detect_and_extract_dag.py
[2025-05-10T21:01:53.571+0000] {logging_mixin.py:190} INFO - [2025-05-10T21:01:53.570+0000] {dag.py:3239} INFO - Sync 1 DAGs
[2025-05-10T21:01:53.719+0000] {logging_mixin.py:190} INFO - [2025-05-10T21:01:53.717+0000] {dag.py:4180} INFO - Setting next_dagrun for detect_and_extract_dag to 2025-04-01 00:00:00+00:00, run_after=2025-05-01 00:00:00+00:00
[2025-05-10T21:01:53.800+0000] {processor.py:208} INFO - Processing /opt/airflow/dags/detect_and_extract_dag.py took 0.507 seconds
[2025-05-10T21:02:24.786+0000] {processor.py:186} INFO - Started process (PID=37745) to work on /opt/airflow/dags/detect_and_extract_dag.py
[2025-05-10T21:02:24.787+0000] {processor.py:914} INFO - Processing file /opt/airflow/dags/detect_and_extract_dag.py for tasks to queue
[2025-05-10T21:02:24.790+0000] {logging_mixin.py:190} INFO - [2025-05-10T21:02:24.789+0000] {dagbag.py:588} INFO - Filling up the DagBag from /opt/airflow/dags/detect_and_extract_dag.py
[2025-05-10T21:02:24.817+0000] {processor.py:925} INFO - DAG(s) 'detect_and_extract_dag' retrieved from /opt/airflow/dags/detect_and_extract_dag.py
[2025-05-10T21:02:24.866+0000] {logging_mixin.py:190} INFO - [2025-05-10T21:02:24.865+0000] {dag.py:3239} INFO - Sync 1 DAGs
[2025-05-10T21:02:24.905+0000] {logging_mixin.py:190} INFO - [2025-05-10T21:02:24.904+0000] {dag.py:4180} INFO - Setting next_dagrun for detect_and_extract_dag to 2025-04-01 00:00:00+00:00, run_after=2025-05-01 00:00:00+00:00
[2025-05-10T21:02:24.944+0000] {processor.py:208} INFO - Processing /opt/airflow/dags/detect_and_extract_dag.py took 0.168 seconds
[2025-05-10T21:02:55.730+0000] {processor.py:186} INFO - Started process (PID=37776) to work on /opt/airflow/dags/detect_and_extract_dag.py
[2025-05-10T21:02:55.732+0000] {processor.py:914} INFO - Processing file /opt/airflow/dags/detect_and_extract_dag.py for tasks to queue
[2025-05-10T21:02:55.735+0000] {logging_mixin.py:190} INFO - [2025-05-10T21:02:55.734+0000] {dagbag.py:588} INFO - Filling up the DagBag from /opt/airflow/dags/detect_and_extract_dag.py
[2025-05-10T21:02:55.775+0000] {processor.py:925} INFO - DAG(s) 'detect_and_extract_dag' retrieved from /opt/airflow/dags/detect_and_extract_dag.py
[2025-05-10T21:02:55.834+0000] {logging_mixin.py:190} INFO - [2025-05-10T21:02:55.833+0000] {dag.py:3239} INFO - Sync 1 DAGs
[2025-05-10T21:02:55.880+0000] {logging_mixin.py:190} INFO - [2025-05-10T21:02:55.880+0000] {dag.py:4180} INFO - Setting next_dagrun for detect_and_extract_dag to 2025-04-01 00:00:00+00:00, run_after=2025-05-01 00:00:00+00:00
[2025-05-10T21:02:55.916+0000] {processor.py:208} INFO - Processing /opt/airflow/dags/detect_and_extract_dag.py took 0.198 seconds
[2025-05-10T21:03:26.257+0000] {processor.py:186} INFO - Started process (PID=37808) to work on /opt/airflow/dags/detect_and_extract_dag.py
[2025-05-10T21:03:26.259+0000] {processor.py:914} INFO - Processing file /opt/airflow/dags/detect_and_extract_dag.py for tasks to queue
[2025-05-10T21:03:26.262+0000] {logging_mixin.py:190} INFO - [2025-05-10T21:03:26.262+0000] {dagbag.py:588} INFO - Filling up the DagBag from /opt/airflow/dags/detect_and_extract_dag.py
[2025-05-10T21:03:26.300+0000] {processor.py:925} INFO - DAG(s) 'detect_and_extract_dag' retrieved from /opt/airflow/dags/detect_and_extract_dag.py
[2025-05-10T21:03:26.369+0000] {logging_mixin.py:190} INFO - [2025-05-10T21:03:26.368+0000] {dag.py:3239} INFO - Sync 1 DAGs
[2025-05-10T21:03:26.418+0000] {logging_mixin.py:190} INFO - [2025-05-10T21:03:26.418+0000] {dag.py:4180} INFO - Setting next_dagrun for detect_and_extract_dag to 2025-04-01 00:00:00+00:00, run_after=2025-05-01 00:00:00+00:00
[2025-05-10T21:03:26.463+0000] {processor.py:208} INFO - Processing /opt/airflow/dags/detect_and_extract_dag.py took 0.218 seconds
[2025-05-10T21:03:56.617+0000] {processor.py:186} INFO - Started process (PID=37840) to work on /opt/airflow/dags/detect_and_extract_dag.py
[2025-05-10T21:03:56.620+0000] {processor.py:914} INFO - Processing file /opt/airflow/dags/detect_and_extract_dag.py for tasks to queue
[2025-05-10T21:03:56.625+0000] {logging_mixin.py:190} INFO - [2025-05-10T21:03:56.623+0000] {dagbag.py:588} INFO - Filling up the DagBag from /opt/airflow/dags/detect_and_extract_dag.py
[2025-05-10T21:03:56.670+0000] {processor.py:925} INFO - DAG(s) 'detect_and_extract_dag' retrieved from /opt/airflow/dags/detect_and_extract_dag.py
[2025-05-10T21:03:56.863+0000] {logging_mixin.py:190} INFO - [2025-05-10T21:03:56.863+0000] {dag.py:3239} INFO - Sync 1 DAGs
[2025-05-10T21:03:57.020+0000] {logging_mixin.py:190} INFO - [2025-05-10T21:03:57.019+0000] {dag.py:4180} INFO - Setting next_dagrun for detect_and_extract_dag to 2025-04-01 00:00:00+00:00, run_after=2025-05-01 00:00:00+00:00
[2025-05-10T21:03:57.108+0000] {processor.py:208} INFO - Processing /opt/airflow/dags/detect_and_extract_dag.py took 0.514 seconds
[2025-05-10T21:04:27.678+0000] {processor.py:186} INFO - Started process (PID=37871) to work on /opt/airflow/dags/detect_and_extract_dag.py
[2025-05-10T21:04:27.681+0000] {processor.py:914} INFO - Processing file /opt/airflow/dags/detect_and_extract_dag.py for tasks to queue
[2025-05-10T21:04:27.683+0000] {logging_mixin.py:190} INFO - [2025-05-10T21:04:27.683+0000] {dagbag.py:588} INFO - Filling up the DagBag from /opt/airflow/dags/detect_and_extract_dag.py
[2025-05-10T21:04:27.717+0000] {processor.py:925} INFO - DAG(s) 'detect_and_extract_dag' retrieved from /opt/airflow/dags/detect_and_extract_dag.py
[2025-05-10T21:04:27.791+0000] {logging_mixin.py:190} INFO - [2025-05-10T21:04:27.790+0000] {dag.py:3239} INFO - Sync 1 DAGs
[2025-05-10T21:04:27.836+0000] {logging_mixin.py:190} INFO - [2025-05-10T21:04:27.835+0000] {dag.py:4180} INFO - Setting next_dagrun for detect_and_extract_dag to 2025-04-01 00:00:00+00:00, run_after=2025-05-01 00:00:00+00:00
[2025-05-10T21:04:27.873+0000] {processor.py:208} INFO - Processing /opt/airflow/dags/detect_and_extract_dag.py took 0.207 seconds
[2025-05-10T21:04:58.272+0000] {processor.py:186} INFO - Started process (PID=37902) to work on /opt/airflow/dags/detect_and_extract_dag.py
[2025-05-10T21:04:58.274+0000] {processor.py:914} INFO - Processing file /opt/airflow/dags/detect_and_extract_dag.py for tasks to queue
[2025-05-10T21:04:58.276+0000] {logging_mixin.py:190} INFO - [2025-05-10T21:04:58.276+0000] {dagbag.py:588} INFO - Filling up the DagBag from /opt/airflow/dags/detect_and_extract_dag.py
[2025-05-10T21:04:58.311+0000] {processor.py:925} INFO - DAG(s) 'detect_and_extract_dag' retrieved from /opt/airflow/dags/detect_and_extract_dag.py
[2025-05-10T21:04:58.372+0000] {logging_mixin.py:190} INFO - [2025-05-10T21:04:58.371+0000] {dag.py:3239} INFO - Sync 1 DAGs
[2025-05-10T21:04:58.426+0000] {logging_mixin.py:190} INFO - [2025-05-10T21:04:58.426+0000] {dag.py:4180} INFO - Setting next_dagrun for detect_and_extract_dag to 2025-04-01 00:00:00+00:00, run_after=2025-05-01 00:00:00+00:00
[2025-05-10T21:04:58.464+0000] {processor.py:208} INFO - Processing /opt/airflow/dags/detect_and_extract_dag.py took 0.207 seconds
[2025-05-10T21:05:29.275+0000] {processor.py:186} INFO - Started process (PID=37932) to work on /opt/airflow/dags/detect_and_extract_dag.py
[2025-05-10T21:05:29.279+0000] {processor.py:914} INFO - Processing file /opt/airflow/dags/detect_and_extract_dag.py for tasks to queue
[2025-05-10T21:05:29.285+0000] {logging_mixin.py:190} INFO - [2025-05-10T21:05:29.283+0000] {dagbag.py:588} INFO - Filling up the DagBag from /opt/airflow/dags/detect_and_extract_dag.py
[2025-05-10T21:05:29.334+0000] {processor.py:925} INFO - DAG(s) 'detect_and_extract_dag' retrieved from /opt/airflow/dags/detect_and_extract_dag.py
[2025-05-10T21:05:29.414+0000] {logging_mixin.py:190} INFO - [2025-05-10T21:05:29.413+0000] {dag.py:3239} INFO - Sync 1 DAGs
[2025-05-10T21:05:29.480+0000] {logging_mixin.py:190} INFO - [2025-05-10T21:05:29.480+0000] {dag.py:4180} INFO - Setting next_dagrun for detect_and_extract_dag to 2025-04-01 00:00:00+00:00, run_after=2025-05-01 00:00:00+00:00
[2025-05-10T21:05:29.523+0000] {processor.py:208} INFO - Processing /opt/airflow/dags/detect_and_extract_dag.py took 0.262 seconds
[2025-05-10T21:06:00.179+0000] {processor.py:186} INFO - Started process (PID=37963) to work on /opt/airflow/dags/detect_and_extract_dag.py
[2025-05-10T21:06:00.181+0000] {processor.py:914} INFO - Processing file /opt/airflow/dags/detect_and_extract_dag.py for tasks to queue
[2025-05-10T21:06:00.185+0000] {logging_mixin.py:190} INFO - [2025-05-10T21:06:00.184+0000] {dagbag.py:588} INFO - Filling up the DagBag from /opt/airflow/dags/detect_and_extract_dag.py
[2025-05-10T21:06:00.228+0000] {processor.py:925} INFO - DAG(s) 'detect_and_extract_dag' retrieved from /opt/airflow/dags/detect_and_extract_dag.py
[2025-05-10T21:06:00.305+0000] {logging_mixin.py:190} INFO - [2025-05-10T21:06:00.304+0000] {dag.py:3239} INFO - Sync 1 DAGs
[2025-05-10T21:06:00.392+0000] {logging_mixin.py:190} INFO - [2025-05-10T21:06:00.391+0000] {dag.py:4180} INFO - Setting next_dagrun for detect_and_extract_dag to 2025-04-01 00:00:00+00:00, run_after=2025-05-01 00:00:00+00:00
[2025-05-10T21:06:00.457+0000] {processor.py:208} INFO - Processing /opt/airflow/dags/detect_and_extract_dag.py took 0.296 seconds
[2025-05-10T21:06:31.276+0000] {processor.py:186} INFO - Started process (PID=37993) to work on /opt/airflow/dags/detect_and_extract_dag.py
[2025-05-10T21:06:31.278+0000] {processor.py:914} INFO - Processing file /opt/airflow/dags/detect_and_extract_dag.py for tasks to queue
[2025-05-10T21:06:31.280+0000] {logging_mixin.py:190} INFO - [2025-05-10T21:06:31.280+0000] {dagbag.py:588} INFO - Filling up the DagBag from /opt/airflow/dags/detect_and_extract_dag.py
[2025-05-10T21:06:31.308+0000] {processor.py:925} INFO - DAG(s) 'detect_and_extract_dag' retrieved from /opt/airflow/dags/detect_and_extract_dag.py
[2025-05-10T21:06:31.363+0000] {logging_mixin.py:190} INFO - [2025-05-10T21:06:31.362+0000] {dag.py:3239} INFO - Sync 1 DAGs
[2025-05-10T21:06:31.406+0000] {logging_mixin.py:190} INFO - [2025-05-10T21:06:31.406+0000] {dag.py:4180} INFO - Setting next_dagrun for detect_and_extract_dag to 2025-04-01 00:00:00+00:00, run_after=2025-05-01 00:00:00+00:00
[2025-05-10T21:06:31.441+0000] {processor.py:208} INFO - Processing /opt/airflow/dags/detect_and_extract_dag.py took 0.176 seconds
[2025-05-10T21:07:01.691+0000] {processor.py:186} INFO - Started process (PID=38024) to work on /opt/airflow/dags/detect_and_extract_dag.py
[2025-05-10T21:07:01.693+0000] {processor.py:914} INFO - Processing file /opt/airflow/dags/detect_and_extract_dag.py for tasks to queue
[2025-05-10T21:07:01.697+0000] {logging_mixin.py:190} INFO - [2025-05-10T21:07:01.696+0000] {dagbag.py:588} INFO - Filling up the DagBag from /opt/airflow/dags/detect_and_extract_dag.py
[2025-05-10T21:07:01.739+0000] {processor.py:925} INFO - DAG(s) 'detect_and_extract_dag' retrieved from /opt/airflow/dags/detect_and_extract_dag.py
[2025-05-10T21:07:01.831+0000] {logging_mixin.py:190} INFO - [2025-05-10T21:07:01.830+0000] {dag.py:3239} INFO - Sync 1 DAGs
[2025-05-10T21:07:01.926+0000] {logging_mixin.py:190} INFO - [2025-05-10T21:07:01.925+0000] {dag.py:4180} INFO - Setting next_dagrun for detect_and_extract_dag to 2025-04-01 00:00:00+00:00, run_after=2025-05-01 00:00:00+00:00
[2025-05-10T21:07:02.012+0000] {processor.py:208} INFO - Processing /opt/airflow/dags/detect_and_extract_dag.py took 0.339 seconds
[2025-05-10T21:07:33.117+0000] {processor.py:186} INFO - Started process (PID=38055) to work on /opt/airflow/dags/detect_and_extract_dag.py
[2025-05-10T21:07:33.119+0000] {processor.py:914} INFO - Processing file /opt/airflow/dags/detect_and_extract_dag.py for tasks to queue
[2025-05-10T21:07:33.123+0000] {logging_mixin.py:190} INFO - [2025-05-10T21:07:33.121+0000] {dagbag.py:588} INFO - Filling up the DagBag from /opt/airflow/dags/detect_and_extract_dag.py
[2025-05-10T21:07:33.157+0000] {processor.py:925} INFO - DAG(s) 'detect_and_extract_dag' retrieved from /opt/airflow/dags/detect_and_extract_dag.py
[2025-05-10T21:07:33.230+0000] {logging_mixin.py:190} INFO - [2025-05-10T21:07:33.229+0000] {dag.py:3239} INFO - Sync 1 DAGs
[2025-05-10T21:07:33.436+0000] {logging_mixin.py:190} INFO - [2025-05-10T21:07:33.436+0000] {dag.py:4180} INFO - Setting next_dagrun for detect_and_extract_dag to 2025-04-01 00:00:00+00:00, run_after=2025-05-01 00:00:00+00:00
[2025-05-10T21:07:33.512+0000] {processor.py:208} INFO - Processing /opt/airflow/dags/detect_and_extract_dag.py took 0.415 seconds
[2025-05-10T21:08:03.808+0000] {processor.py:186} INFO - Started process (PID=38088) to work on /opt/airflow/dags/detect_and_extract_dag.py
[2025-05-10T21:08:03.810+0000] {processor.py:914} INFO - Processing file /opt/airflow/dags/detect_and_extract_dag.py for tasks to queue
[2025-05-10T21:08:03.812+0000] {logging_mixin.py:190} INFO - [2025-05-10T21:08:03.811+0000] {dagbag.py:588} INFO - Filling up the DagBag from /opt/airflow/dags/detect_and_extract_dag.py
[2025-05-10T21:08:03.836+0000] {processor.py:925} INFO - DAG(s) 'detect_and_extract_dag' retrieved from /opt/airflow/dags/detect_and_extract_dag.py
[2025-05-10T21:08:03.890+0000] {logging_mixin.py:190} INFO - [2025-05-10T21:08:03.889+0000] {dag.py:3239} INFO - Sync 1 DAGs
[2025-05-10T21:08:03.919+0000] {logging_mixin.py:190} INFO - [2025-05-10T21:08:03.919+0000] {dag.py:4180} INFO - Setting next_dagrun for detect_and_extract_dag to 2025-04-01 00:00:00+00:00, run_after=2025-05-01 00:00:00+00:00
[2025-05-10T21:08:03.940+0000] {processor.py:208} INFO - Processing /opt/airflow/dags/detect_and_extract_dag.py took 0.143 seconds
[2025-05-10T21:08:34.283+0000] {processor.py:186} INFO - Started process (PID=38120) to work on /opt/airflow/dags/detect_and_extract_dag.py
[2025-05-10T21:08:34.290+0000] {processor.py:914} INFO - Processing file /opt/airflow/dags/detect_and_extract_dag.py for tasks to queue
[2025-05-10T21:08:34.298+0000] {logging_mixin.py:190} INFO - [2025-05-10T21:08:34.298+0000] {dagbag.py:588} INFO - Filling up the DagBag from /opt/airflow/dags/detect_and_extract_dag.py
[2025-05-10T21:08:34.339+0000] {processor.py:925} INFO - DAG(s) 'detect_and_extract_dag' retrieved from /opt/airflow/dags/detect_and_extract_dag.py
[2025-05-10T21:08:34.425+0000] {logging_mixin.py:190} INFO - [2025-05-10T21:08:34.420+0000] {dag.py:3239} INFO - Sync 1 DAGs
[2025-05-10T21:08:34.527+0000] {logging_mixin.py:190} INFO - [2025-05-10T21:08:34.526+0000] {dag.py:4180} INFO - Setting next_dagrun for detect_and_extract_dag to 2025-04-01 00:00:00+00:00, run_after=2025-05-01 00:00:00+00:00
[2025-05-10T21:08:34.604+0000] {processor.py:208} INFO - Processing /opt/airflow/dags/detect_and_extract_dag.py took 0.349 seconds
[2025-05-10T21:09:05.452+0000] {processor.py:186} INFO - Started process (PID=38151) to work on /opt/airflow/dags/detect_and_extract_dag.py
[2025-05-10T21:09:05.453+0000] {processor.py:914} INFO - Processing file /opt/airflow/dags/detect_and_extract_dag.py for tasks to queue
[2025-05-10T21:09:05.455+0000] {logging_mixin.py:190} INFO - [2025-05-10T21:09:05.455+0000] {dagbag.py:588} INFO - Filling up the DagBag from /opt/airflow/dags/detect_and_extract_dag.py
[2025-05-10T21:09:05.477+0000] {processor.py:925} INFO - DAG(s) 'detect_and_extract_dag' retrieved from /opt/airflow/dags/detect_and_extract_dag.py
[2025-05-10T21:09:05.516+0000] {logging_mixin.py:190} INFO - [2025-05-10T21:09:05.516+0000] {dag.py:3239} INFO - Sync 1 DAGs
[2025-05-10T21:09:05.553+0000] {logging_mixin.py:190} INFO - [2025-05-10T21:09:05.553+0000] {dag.py:4180} INFO - Setting next_dagrun for detect_and_extract_dag to 2025-04-01 00:00:00+00:00, run_after=2025-05-01 00:00:00+00:00
[2025-05-10T21:09:05.582+0000] {processor.py:208} INFO - Processing /opt/airflow/dags/detect_and_extract_dag.py took 0.141 seconds
[2025-05-10T21:09:35.964+0000] {processor.py:186} INFO - Started process (PID=38182) to work on /opt/airflow/dags/detect_and_extract_dag.py
[2025-05-10T21:09:35.968+0000] {processor.py:914} INFO - Processing file /opt/airflow/dags/detect_and_extract_dag.py for tasks to queue
[2025-05-10T21:09:35.974+0000] {logging_mixin.py:190} INFO - [2025-05-10T21:09:35.973+0000] {dagbag.py:588} INFO - Filling up the DagBag from /opt/airflow/dags/detect_and_extract_dag.py
[2025-05-10T21:09:36.058+0000] {processor.py:925} INFO - DAG(s) 'detect_and_extract_dag' retrieved from /opt/airflow/dags/detect_and_extract_dag.py
[2025-05-10T21:09:36.170+0000] {logging_mixin.py:190} INFO - [2025-05-10T21:09:36.169+0000] {dag.py:3239} INFO - Sync 1 DAGs
[2025-05-10T21:09:36.289+0000] {logging_mixin.py:190} INFO - [2025-05-10T21:09:36.288+0000] {dag.py:4180} INFO - Setting next_dagrun for detect_and_extract_dag to 2025-04-01 00:00:00+00:00, run_after=2025-05-01 00:00:00+00:00
[2025-05-10T21:09:36.382+0000] {processor.py:208} INFO - Processing /opt/airflow/dags/detect_and_extract_dag.py took 0.447 seconds
[2025-05-10T21:19:22.413+0000] {processor.py:186} INFO - Started process (PID=38217) to work on /opt/airflow/dags/detect_and_extract_dag.py
[2025-05-10T21:19:22.418+0000] {processor.py:914} INFO - Processing file /opt/airflow/dags/detect_and_extract_dag.py for tasks to queue
[2025-05-10T21:19:22.423+0000] {logging_mixin.py:190} INFO - [2025-05-10T21:19:22.422+0000] {dagbag.py:588} INFO - Filling up the DagBag from /opt/airflow/dags/detect_and_extract_dag.py
[2025-05-10T21:19:22.557+0000] {processor.py:925} INFO - DAG(s) 'detect_and_extract_dag' retrieved from /opt/airflow/dags/detect_and_extract_dag.py
[2025-05-10T21:19:22.757+0000] {logging_mixin.py:190} INFO - [2025-05-10T21:19:22.756+0000] {dag.py:3239} INFO - Sync 1 DAGs
[2025-05-10T21:19:22.957+0000] {logging_mixin.py:190} INFO - [2025-05-10T21:19:22.956+0000] {dag.py:4180} INFO - Setting next_dagrun for detect_and_extract_dag to 2025-04-01 00:00:00+00:00, run_after=2025-05-01 00:00:00+00:00
[2025-05-10T21:19:23.080+0000] {processor.py:208} INFO - Processing /opt/airflow/dags/detect_and_extract_dag.py took 0.685 seconds
