[2025-05-10T20:56:40.781+0000] {processor.py:186} INFO - Started process (PID=37399) to work on /opt/airflow/dags/ET_dag.py
[2025-05-10T20:56:40.802+0000] {processor.py:914} INFO - Processing file /opt/airflow/dags/ET_dag.py for tasks to queue
[2025-05-10T20:56:40.826+0000] {logging_mixin.py:190} INFO - [2025-05-10T20:56:40.810+0000] {dagbag.py:588} INFO - Filling up the DagBag from /opt/airflow/dags/ET_dag.py
[2025-05-10T20:56:41.116+0000] {processor.py:925} INFO - DAG(s) 'Et_dag' retrieved from /opt/airflow/dags/ET_dag.py
[2025-05-10T20:56:41.922+0000] {logging_mixin.py:190} INFO - [2025-05-10T20:56:41.919+0000] {dag.py:3239} INFO - Sync 1 DAGs
[2025-05-10T20:56:42.229+0000] {logging_mixin.py:190} INFO - [2025-05-10T20:56:42.228+0000] {dag.py:4180} INFO - Setting next_dagrun for Et_dag to None, run_after=None
[2025-05-10T20:56:42.555+0000] {processor.py:208} INFO - Processing /opt/airflow/dags/ET_dag.py took 1.959 seconds
[2025-05-10T20:57:13.553+0000] {processor.py:186} INFO - Started process (PID=37430) to work on /opt/airflow/dags/ET_dag.py
[2025-05-10T20:57:13.557+0000] {processor.py:914} INFO - Processing file /opt/airflow/dags/ET_dag.py for tasks to queue
[2025-05-10T20:57:13.573+0000] {logging_mixin.py:190} INFO - [2025-05-10T20:57:13.567+0000] {dagbag.py:588} INFO - Filling up the DagBag from /opt/airflow/dags/ET_dag.py
[2025-05-10T20:57:13.688+0000] {processor.py:925} INFO - DAG(s) 'Et_dag' retrieved from /opt/airflow/dags/ET_dag.py
[2025-05-10T20:57:13.961+0000] {logging_mixin.py:190} INFO - [2025-05-10T20:57:13.960+0000] {dag.py:3239} INFO - Sync 1 DAGs
[2025-05-10T20:57:14.108+0000] {logging_mixin.py:190} INFO - [2025-05-10T20:57:14.108+0000] {dag.py:4180} INFO - Setting next_dagrun for Et_dag to None, run_after=None
[2025-05-10T20:57:14.177+0000] {processor.py:208} INFO - Processing /opt/airflow/dags/ET_dag.py took 0.722 seconds
[2025-05-10T20:57:44.856+0000] {processor.py:186} INFO - Started process (PID=37461) to work on /opt/airflow/dags/ET_dag.py
[2025-05-10T20:57:44.857+0000] {processor.py:914} INFO - Processing file /opt/airflow/dags/ET_dag.py for tasks to queue
[2025-05-10T20:57:44.860+0000] {logging_mixin.py:190} INFO - [2025-05-10T20:57:44.859+0000] {dagbag.py:588} INFO - Filling up the DagBag from /opt/airflow/dags/ET_dag.py
[2025-05-10T20:57:44.891+0000] {processor.py:925} INFO - DAG(s) 'Et_dag' retrieved from /opt/airflow/dags/ET_dag.py
[2025-05-10T20:57:44.981+0000] {logging_mixin.py:190} INFO - [2025-05-10T20:57:44.981+0000] {dag.py:3239} INFO - Sync 1 DAGs
[2025-05-10T20:57:45.066+0000] {logging_mixin.py:190} INFO - [2025-05-10T20:57:45.066+0000] {dag.py:4180} INFO - Setting next_dagrun for Et_dag to None, run_after=None
[2025-05-10T20:57:45.125+0000] {processor.py:208} INFO - Processing /opt/airflow/dags/ET_dag.py took 0.277 seconds
[2025-05-10T20:58:15.590+0000] {processor.py:186} INFO - Started process (PID=37492) to work on /opt/airflow/dags/ET_dag.py
[2025-05-10T20:58:15.592+0000] {processor.py:914} INFO - Processing file /opt/airflow/dags/ET_dag.py for tasks to queue
[2025-05-10T20:58:15.594+0000] {logging_mixin.py:190} INFO - [2025-05-10T20:58:15.593+0000] {dagbag.py:588} INFO - Filling up the DagBag from /opt/airflow/dags/ET_dag.py
[2025-05-10T20:58:15.614+0000] {processor.py:925} INFO - DAG(s) 'Et_dag' retrieved from /opt/airflow/dags/ET_dag.py
[2025-05-10T20:58:15.660+0000] {logging_mixin.py:190} INFO - [2025-05-10T20:58:15.660+0000] {dag.py:3239} INFO - Sync 1 DAGs
[2025-05-10T20:58:15.689+0000] {logging_mixin.py:190} INFO - [2025-05-10T20:58:15.688+0000] {dag.py:4180} INFO - Setting next_dagrun for Et_dag to None, run_after=None
[2025-05-10T20:58:15.720+0000] {processor.py:208} INFO - Processing /opt/airflow/dags/ET_dag.py took 0.138 seconds
[2025-05-10T20:58:46.412+0000] {processor.py:186} INFO - Started process (PID=37523) to work on /opt/airflow/dags/ET_dag.py
[2025-05-10T20:58:46.413+0000] {processor.py:914} INFO - Processing file /opt/airflow/dags/ET_dag.py for tasks to queue
[2025-05-10T20:58:46.415+0000] {logging_mixin.py:190} INFO - [2025-05-10T20:58:46.414+0000] {dagbag.py:588} INFO - Filling up the DagBag from /opt/airflow/dags/ET_dag.py
[2025-05-10T20:58:46.428+0000] {processor.py:925} INFO - DAG(s) 'Et_dag' retrieved from /opt/airflow/dags/ET_dag.py
[2025-05-10T20:58:46.457+0000] {logging_mixin.py:190} INFO - [2025-05-10T20:58:46.456+0000] {dag.py:3239} INFO - Sync 1 DAGs
[2025-05-10T20:58:46.481+0000] {logging_mixin.py:190} INFO - [2025-05-10T20:58:46.481+0000] {dag.py:4180} INFO - Setting next_dagrun for Et_dag to None, run_after=None
[2025-05-10T20:58:46.502+0000] {processor.py:208} INFO - Processing /opt/airflow/dags/ET_dag.py took 0.095 seconds
[2025-05-10T20:59:17.397+0000] {processor.py:186} INFO - Started process (PID=37554) to work on /opt/airflow/dags/ET_dag.py
[2025-05-10T20:59:17.398+0000] {processor.py:914} INFO - Processing file /opt/airflow/dags/ET_dag.py for tasks to queue
[2025-05-10T20:59:17.400+0000] {logging_mixin.py:190} INFO - [2025-05-10T20:59:17.399+0000] {dagbag.py:588} INFO - Filling up the DagBag from /opt/airflow/dags/ET_dag.py
[2025-05-10T20:59:17.414+0000] {processor.py:925} INFO - DAG(s) 'Et_dag' retrieved from /opt/airflow/dags/ET_dag.py
[2025-05-10T20:59:17.442+0000] {logging_mixin.py:190} INFO - [2025-05-10T20:59:17.442+0000] {dag.py:3239} INFO - Sync 1 DAGs
[2025-05-10T20:59:17.463+0000] {logging_mixin.py:190} INFO - [2025-05-10T20:59:17.463+0000] {dag.py:4180} INFO - Setting next_dagrun for Et_dag to None, run_after=None
[2025-05-10T20:59:17.485+0000] {processor.py:208} INFO - Processing /opt/airflow/dags/ET_dag.py took 0.094 seconds
[2025-05-10T20:59:48.316+0000] {processor.py:186} INFO - Started process (PID=37585) to work on /opt/airflow/dags/ET_dag.py
[2025-05-10T20:59:48.325+0000] {processor.py:914} INFO - Processing file /opt/airflow/dags/ET_dag.py for tasks to queue
[2025-05-10T20:59:48.334+0000] {logging_mixin.py:190} INFO - [2025-05-10T20:59:48.332+0000] {dagbag.py:588} INFO - Filling up the DagBag from /opt/airflow/dags/ET_dag.py
[2025-05-10T20:59:48.449+0000] {processor.py:925} INFO - DAG(s) 'Et_dag' retrieved from /opt/airflow/dags/ET_dag.py
[2025-05-10T20:59:48.584+0000] {logging_mixin.py:190} INFO - [2025-05-10T20:59:48.583+0000] {dag.py:3239} INFO - Sync 1 DAGs
[2025-05-10T20:59:48.708+0000] {logging_mixin.py:190} INFO - [2025-05-10T20:59:48.706+0000] {dag.py:4180} INFO - Setting next_dagrun for Et_dag to None, run_after=None
[2025-05-10T20:59:48.819+0000] {processor.py:208} INFO - Processing /opt/airflow/dags/ET_dag.py took 0.549 seconds
[2025-05-10T21:00:19.715+0000] {processor.py:186} INFO - Started process (PID=37617) to work on /opt/airflow/dags/ET_dag.py
[2025-05-10T21:00:19.717+0000] {processor.py:914} INFO - Processing file /opt/airflow/dags/ET_dag.py for tasks to queue
[2025-05-10T21:00:19.720+0000] {logging_mixin.py:190} INFO - [2025-05-10T21:00:19.720+0000] {dagbag.py:588} INFO - Filling up the DagBag from /opt/airflow/dags/ET_dag.py
[2025-05-10T21:00:19.753+0000] {processor.py:925} INFO - DAG(s) 'Et_dag' retrieved from /opt/airflow/dags/ET_dag.py
[2025-05-10T21:00:19.820+0000] {logging_mixin.py:190} INFO - [2025-05-10T21:00:19.819+0000] {dag.py:3239} INFO - Sync 1 DAGs
[2025-05-10T21:00:19.868+0000] {logging_mixin.py:190} INFO - [2025-05-10T21:00:19.867+0000] {dag.py:4180} INFO - Setting next_dagrun for Et_dag to None, run_after=None
[2025-05-10T21:00:19.912+0000] {processor.py:208} INFO - Processing /opt/airflow/dags/ET_dag.py took 0.209 seconds
[2025-05-10T21:00:50.824+0000] {processor.py:186} INFO - Started process (PID=37648) to work on /opt/airflow/dags/ET_dag.py
[2025-05-10T21:00:50.828+0000] {processor.py:914} INFO - Processing file /opt/airflow/dags/ET_dag.py for tasks to queue
[2025-05-10T21:00:50.831+0000] {logging_mixin.py:190} INFO - [2025-05-10T21:00:50.830+0000] {dagbag.py:588} INFO - Filling up the DagBag from /opt/airflow/dags/ET_dag.py
[2025-05-10T21:00:50.883+0000] {processor.py:925} INFO - DAG(s) 'Et_dag' retrieved from /opt/airflow/dags/ET_dag.py
[2025-05-10T21:00:51.022+0000] {logging_mixin.py:190} INFO - [2025-05-10T21:00:51.021+0000] {dag.py:3239} INFO - Sync 1 DAGs
[2025-05-10T21:00:51.136+0000] {logging_mixin.py:190} INFO - [2025-05-10T21:00:51.135+0000] {dag.py:4180} INFO - Setting next_dagrun for Et_dag to None, run_after=None
[2025-05-10T21:00:51.228+0000] {processor.py:208} INFO - Processing /opt/airflow/dags/ET_dag.py took 0.427 seconds
[2025-05-10T21:01:22.218+0000] {processor.py:186} INFO - Started process (PID=37679) to work on /opt/airflow/dags/ET_dag.py
[2025-05-10T21:01:22.221+0000] {processor.py:914} INFO - Processing file /opt/airflow/dags/ET_dag.py for tasks to queue
[2025-05-10T21:01:22.227+0000] {logging_mixin.py:190} INFO - [2025-05-10T21:01:22.225+0000] {dagbag.py:588} INFO - Filling up the DagBag from /opt/airflow/dags/ET_dag.py
[2025-05-10T21:01:22.263+0000] {processor.py:925} INFO - DAG(s) 'Et_dag' retrieved from /opt/airflow/dags/ET_dag.py
[2025-05-10T21:01:22.342+0000] {logging_mixin.py:190} INFO - [2025-05-10T21:01:22.341+0000] {dag.py:3239} INFO - Sync 1 DAGs
[2025-05-10T21:01:22.405+0000] {logging_mixin.py:190} INFO - [2025-05-10T21:01:22.405+0000] {dag.py:4180} INFO - Setting next_dagrun for Et_dag to None, run_after=None
[2025-05-10T21:01:22.458+0000] {processor.py:208} INFO - Processing /opt/airflow/dags/ET_dag.py took 0.265 seconds
[2025-05-10T21:01:53.315+0000] {processor.py:186} INFO - Started process (PID=37711) to work on /opt/airflow/dags/ET_dag.py
[2025-05-10T21:01:53.326+0000] {processor.py:914} INFO - Processing file /opt/airflow/dags/ET_dag.py for tasks to queue
[2025-05-10T21:01:53.334+0000] {logging_mixin.py:190} INFO - [2025-05-10T21:01:53.332+0000] {dagbag.py:588} INFO - Filling up the DagBag from /opt/airflow/dags/ET_dag.py
[2025-05-10T21:01:53.399+0000] {processor.py:925} INFO - DAG(s) 'Et_dag' retrieved from /opt/airflow/dags/ET_dag.py
[2025-05-10T21:01:53.583+0000] {logging_mixin.py:190} INFO - [2025-05-10T21:01:53.582+0000] {dag.py:3239} INFO - Sync 1 DAGs
[2025-05-10T21:01:53.721+0000] {logging_mixin.py:190} INFO - [2025-05-10T21:01:53.720+0000] {dag.py:4180} INFO - Setting next_dagrun for Et_dag to None, run_after=None
[2025-05-10T21:01:53.800+0000] {processor.py:208} INFO - Processing /opt/airflow/dags/ET_dag.py took 0.535 seconds
[2025-05-10T21:02:24.783+0000] {processor.py:186} INFO - Started process (PID=37742) to work on /opt/airflow/dags/ET_dag.py
[2025-05-10T21:02:24.785+0000] {processor.py:914} INFO - Processing file /opt/airflow/dags/ET_dag.py for tasks to queue
[2025-05-10T21:02:24.788+0000] {logging_mixin.py:190} INFO - [2025-05-10T21:02:24.787+0000] {dagbag.py:588} INFO - Filling up the DagBag from /opt/airflow/dags/ET_dag.py
[2025-05-10T21:02:24.814+0000] {processor.py:925} INFO - DAG(s) 'Et_dag' retrieved from /opt/airflow/dags/ET_dag.py
[2025-05-10T21:02:24.869+0000] {logging_mixin.py:190} INFO - [2025-05-10T21:02:24.869+0000] {dag.py:3239} INFO - Sync 1 DAGs
[2025-05-10T21:02:24.904+0000] {logging_mixin.py:190} INFO - [2025-05-10T21:02:24.903+0000] {dag.py:4180} INFO - Setting next_dagrun for Et_dag to None, run_after=None
[2025-05-10T21:02:24.946+0000] {processor.py:208} INFO - Processing /opt/airflow/dags/ET_dag.py took 0.172 seconds
[2025-05-10T21:02:55.716+0000] {processor.py:186} INFO - Started process (PID=37773) to work on /opt/airflow/dags/ET_dag.py
[2025-05-10T21:02:55.718+0000] {processor.py:914} INFO - Processing file /opt/airflow/dags/ET_dag.py for tasks to queue
[2025-05-10T21:02:55.721+0000] {logging_mixin.py:190} INFO - [2025-05-10T21:02:55.720+0000] {dagbag.py:588} INFO - Filling up the DagBag from /opt/airflow/dags/ET_dag.py
[2025-05-10T21:02:55.756+0000] {processor.py:925} INFO - DAG(s) 'Et_dag' retrieved from /opt/airflow/dags/ET_dag.py
[2025-05-10T21:02:55.823+0000] {logging_mixin.py:190} INFO - [2025-05-10T21:02:55.823+0000] {dag.py:3239} INFO - Sync 1 DAGs
[2025-05-10T21:02:55.867+0000] {logging_mixin.py:190} INFO - [2025-05-10T21:02:55.867+0000] {dag.py:4180} INFO - Setting next_dagrun for Et_dag to None, run_after=None
[2025-05-10T21:02:55.902+0000] {processor.py:208} INFO - Processing /opt/airflow/dags/ET_dag.py took 0.198 seconds
[2025-05-10T21:03:26.240+0000] {processor.py:186} INFO - Started process (PID=37805) to work on /opt/airflow/dags/ET_dag.py
[2025-05-10T21:03:26.242+0000] {processor.py:914} INFO - Processing file /opt/airflow/dags/ET_dag.py for tasks to queue
[2025-05-10T21:03:26.245+0000] {logging_mixin.py:190} INFO - [2025-05-10T21:03:26.244+0000] {dagbag.py:588} INFO - Filling up the DagBag from /opt/airflow/dags/ET_dag.py
[2025-05-10T21:03:26.279+0000] {processor.py:925} INFO - DAG(s) 'Et_dag' retrieved from /opt/airflow/dags/ET_dag.py
[2025-05-10T21:03:26.348+0000] {logging_mixin.py:190} INFO - [2025-05-10T21:03:26.347+0000] {dag.py:3239} INFO - Sync 1 DAGs
[2025-05-10T21:03:26.402+0000] {logging_mixin.py:190} INFO - [2025-05-10T21:03:26.402+0000] {dag.py:4180} INFO - Setting next_dagrun for Et_dag to None, run_after=None
[2025-05-10T21:03:26.446+0000] {processor.py:208} INFO - Processing /opt/airflow/dags/ET_dag.py took 0.218 seconds
[2025-05-10T21:03:56.588+0000] {processor.py:186} INFO - Started process (PID=37837) to work on /opt/airflow/dags/ET_dag.py
[2025-05-10T21:03:56.592+0000] {processor.py:914} INFO - Processing file /opt/airflow/dags/ET_dag.py for tasks to queue
[2025-05-10T21:03:56.595+0000] {logging_mixin.py:190} INFO - [2025-05-10T21:03:56.595+0000] {dagbag.py:588} INFO - Filling up the DagBag from /opt/airflow/dags/ET_dag.py
[2025-05-10T21:03:56.638+0000] {processor.py:925} INFO - DAG(s) 'Et_dag' retrieved from /opt/airflow/dags/ET_dag.py
[2025-05-10T21:03:56.861+0000] {logging_mixin.py:190} INFO - [2025-05-10T21:03:56.860+0000] {dag.py:3239} INFO - Sync 1 DAGs
[2025-05-10T21:03:57.011+0000] {logging_mixin.py:190} INFO - [2025-05-10T21:03:57.010+0000] {dag.py:4180} INFO - Setting next_dagrun for Et_dag to None, run_after=None
[2025-05-10T21:03:57.096+0000] {processor.py:208} INFO - Processing /opt/airflow/dags/ET_dag.py took 0.524 seconds
[2025-05-10T21:04:27.675+0000] {processor.py:186} INFO - Started process (PID=37868) to work on /opt/airflow/dags/ET_dag.py
[2025-05-10T21:04:27.678+0000] {processor.py:914} INFO - Processing file /opt/airflow/dags/ET_dag.py for tasks to queue
[2025-05-10T21:04:27.680+0000] {logging_mixin.py:190} INFO - [2025-05-10T21:04:27.680+0000] {dagbag.py:588} INFO - Filling up the DagBag from /opt/airflow/dags/ET_dag.py
[2025-05-10T21:04:27.714+0000] {processor.py:925} INFO - DAG(s) 'Et_dag' retrieved from /opt/airflow/dags/ET_dag.py
[2025-05-10T21:04:27.782+0000] {logging_mixin.py:190} INFO - [2025-05-10T21:04:27.781+0000] {dag.py:3239} INFO - Sync 1 DAGs
[2025-05-10T21:04:27.830+0000] {logging_mixin.py:190} INFO - [2025-05-10T21:04:27.829+0000] {dag.py:4180} INFO - Setting next_dagrun for Et_dag to None, run_after=None
[2025-05-10T21:04:27.873+0000] {processor.py:208} INFO - Processing /opt/airflow/dags/ET_dag.py took 0.209 seconds
[2025-05-10T21:04:58.256+0000] {processor.py:186} INFO - Started process (PID=37899) to work on /opt/airflow/dags/ET_dag.py
[2025-05-10T21:04:58.258+0000] {processor.py:914} INFO - Processing file /opt/airflow/dags/ET_dag.py for tasks to queue
[2025-05-10T21:04:58.261+0000] {logging_mixin.py:190} INFO - [2025-05-10T21:04:58.261+0000] {dagbag.py:588} INFO - Filling up the DagBag from /opt/airflow/dags/ET_dag.py
[2025-05-10T21:04:58.295+0000] {processor.py:925} INFO - DAG(s) 'Et_dag' retrieved from /opt/airflow/dags/ET_dag.py
[2025-05-10T21:04:58.363+0000] {logging_mixin.py:190} INFO - [2025-05-10T21:04:58.362+0000] {dag.py:3239} INFO - Sync 1 DAGs
[2025-05-10T21:04:58.415+0000] {logging_mixin.py:190} INFO - [2025-05-10T21:04:58.415+0000] {dag.py:4180} INFO - Setting next_dagrun for Et_dag to None, run_after=None
[2025-05-10T21:04:58.460+0000] {processor.py:208} INFO - Processing /opt/airflow/dags/ET_dag.py took 0.217 seconds
[2025-05-10T21:05:29.268+0000] {processor.py:186} INFO - Started process (PID=37929) to work on /opt/airflow/dags/ET_dag.py
[2025-05-10T21:05:29.271+0000] {processor.py:914} INFO - Processing file /opt/airflow/dags/ET_dag.py for tasks to queue
[2025-05-10T21:05:29.276+0000] {logging_mixin.py:190} INFO - [2025-05-10T21:05:29.275+0000] {dagbag.py:588} INFO - Filling up the DagBag from /opt/airflow/dags/ET_dag.py
[2025-05-10T21:05:29.324+0000] {processor.py:925} INFO - DAG(s) 'Et_dag' retrieved from /opt/airflow/dags/ET_dag.py
[2025-05-10T21:05:29.416+0000] {logging_mixin.py:190} INFO - [2025-05-10T21:05:29.416+0000] {dag.py:3239} INFO - Sync 1 DAGs
[2025-05-10T21:05:29.477+0000] {logging_mixin.py:190} INFO - [2025-05-10T21:05:29.476+0000] {dag.py:4180} INFO - Setting next_dagrun for Et_dag to None, run_after=None
[2025-05-10T21:05:29.521+0000] {processor.py:208} INFO - Processing /opt/airflow/dags/ET_dag.py took 0.272 seconds
[2025-05-10T21:06:00.163+0000] {processor.py:186} INFO - Started process (PID=37960) to work on /opt/airflow/dags/ET_dag.py
[2025-05-10T21:06:00.165+0000] {processor.py:914} INFO - Processing file /opt/airflow/dags/ET_dag.py for tasks to queue
[2025-05-10T21:06:00.169+0000] {logging_mixin.py:190} INFO - [2025-05-10T21:06:00.168+0000] {dagbag.py:588} INFO - Filling up the DagBag from /opt/airflow/dags/ET_dag.py
[2025-05-10T21:06:00.208+0000] {processor.py:925} INFO - DAG(s) 'Et_dag' retrieved from /opt/airflow/dags/ET_dag.py
[2025-05-10T21:06:00.286+0000] {logging_mixin.py:190} INFO - [2025-05-10T21:06:00.286+0000] {dag.py:3239} INFO - Sync 1 DAGs
[2025-05-10T21:06:00.370+0000] {logging_mixin.py:190} INFO - [2025-05-10T21:06:00.369+0000] {dag.py:4180} INFO - Setting next_dagrun for Et_dag to None, run_after=None
[2025-05-10T21:06:00.423+0000] {processor.py:208} INFO - Processing /opt/airflow/dags/ET_dag.py took 0.278 seconds
[2025-05-10T21:06:31.267+0000] {processor.py:186} INFO - Started process (PID=37990) to work on /opt/airflow/dags/ET_dag.py
[2025-05-10T21:06:31.268+0000] {processor.py:914} INFO - Processing file /opt/airflow/dags/ET_dag.py for tasks to queue
[2025-05-10T21:06:31.270+0000] {logging_mixin.py:190} INFO - [2025-05-10T21:06:31.270+0000] {dagbag.py:588} INFO - Filling up the DagBag from /opt/airflow/dags/ET_dag.py
[2025-05-10T21:06:31.298+0000] {processor.py:925} INFO - DAG(s) 'Et_dag' retrieved from /opt/airflow/dags/ET_dag.py
[2025-05-10T21:06:31.352+0000] {logging_mixin.py:190} INFO - [2025-05-10T21:06:31.351+0000] {dag.py:3239} INFO - Sync 1 DAGs
[2025-05-10T21:06:31.393+0000] {logging_mixin.py:190} INFO - [2025-05-10T21:06:31.393+0000] {dag.py:4180} INFO - Setting next_dagrun for Et_dag to None, run_after=None
[2025-05-10T21:06:31.429+0000] {processor.py:208} INFO - Processing /opt/airflow/dags/ET_dag.py took 0.173 seconds
[2025-05-10T21:07:01.674+0000] {processor.py:186} INFO - Started process (PID=38021) to work on /opt/airflow/dags/ET_dag.py
[2025-05-10T21:07:01.681+0000] {processor.py:914} INFO - Processing file /opt/airflow/dags/ET_dag.py for tasks to queue
[2025-05-10T21:07:01.686+0000] {logging_mixin.py:190} INFO - [2025-05-10T21:07:01.685+0000] {dagbag.py:588} INFO - Filling up the DagBag from /opt/airflow/dags/ET_dag.py
[2025-05-10T21:07:01.723+0000] {processor.py:925} INFO - DAG(s) 'Et_dag' retrieved from /opt/airflow/dags/ET_dag.py
[2025-05-10T21:07:01.833+0000] {logging_mixin.py:190} INFO - [2025-05-10T21:07:01.832+0000] {dag.py:3239} INFO - Sync 1 DAGs
[2025-05-10T21:07:01.909+0000] {logging_mixin.py:190} INFO - [2025-05-10T21:07:01.909+0000] {dag.py:4180} INFO - Setting next_dagrun for Et_dag to None, run_after=None
[2025-05-10T21:07:02.008+0000] {processor.py:208} INFO - Processing /opt/airflow/dags/ET_dag.py took 0.360 seconds
[2025-05-10T21:07:33.096+0000] {processor.py:186} INFO - Started process (PID=38052) to work on /opt/airflow/dags/ET_dag.py
[2025-05-10T21:07:33.100+0000] {processor.py:914} INFO - Processing file /opt/airflow/dags/ET_dag.py for tasks to queue
[2025-05-10T21:07:33.104+0000] {logging_mixin.py:190} INFO - [2025-05-10T21:07:33.103+0000] {dagbag.py:588} INFO - Filling up the DagBag from /opt/airflow/dags/ET_dag.py
[2025-05-10T21:07:33.137+0000] {processor.py:925} INFO - DAG(s) 'Et_dag' retrieved from /opt/airflow/dags/ET_dag.py
[2025-05-10T21:07:33.212+0000] {logging_mixin.py:190} INFO - [2025-05-10T21:07:33.211+0000] {dag.py:3239} INFO - Sync 1 DAGs
[2025-05-10T21:07:33.348+0000] {logging_mixin.py:190} INFO - [2025-05-10T21:07:33.347+0000] {dag.py:4180} INFO - Setting next_dagrun for Et_dag to None, run_after=None
[2025-05-10T21:07:33.481+0000] {processor.py:208} INFO - Processing /opt/airflow/dags/ET_dag.py took 0.404 seconds
[2025-05-10T21:08:03.593+0000] {processor.py:186} INFO - Started process (PID=38083) to work on /opt/airflow/dags/ET_dag.py
[2025-05-10T21:08:03.594+0000] {processor.py:914} INFO - Processing file /opt/airflow/dags/ET_dag.py for tasks to queue
[2025-05-10T21:08:03.596+0000] {logging_mixin.py:190} INFO - [2025-05-10T21:08:03.595+0000] {dagbag.py:588} INFO - Filling up the DagBag from /opt/airflow/dags/ET_dag.py
[2025-05-10T21:08:03.617+0000] {processor.py:925} INFO - DAG(s) 'Et_dag' retrieved from /opt/airflow/dags/ET_dag.py
[2025-05-10T21:08:03.655+0000] {logging_mixin.py:190} INFO - [2025-05-10T21:08:03.654+0000] {dag.py:3239} INFO - Sync 1 DAGs
[2025-05-10T21:08:03.680+0000] {logging_mixin.py:190} INFO - [2025-05-10T21:08:03.680+0000] {dag.py:4180} INFO - Setting next_dagrun for Et_dag to None, run_after=None
[2025-05-10T21:08:03.708+0000] {processor.py:208} INFO - Processing /opt/airflow/dags/ET_dag.py took 0.127 seconds
[2025-05-10T21:08:33.790+0000] {processor.py:186} INFO - Started process (PID=38115) to work on /opt/airflow/dags/ET_dag.py
[2025-05-10T21:08:33.792+0000] {processor.py:914} INFO - Processing file /opt/airflow/dags/ET_dag.py for tasks to queue
[2025-05-10T21:08:33.805+0000] {logging_mixin.py:190} INFO - [2025-05-10T21:08:33.804+0000] {dagbag.py:588} INFO - Filling up the DagBag from /opt/airflow/dags/ET_dag.py
[2025-05-10T21:08:33.826+0000] {processor.py:925} INFO - DAG(s) 'Et_dag' retrieved from /opt/airflow/dags/ET_dag.py
[2025-05-10T21:08:33.901+0000] {logging_mixin.py:190} INFO - [2025-05-10T21:08:33.901+0000] {dag.py:3239} INFO - Sync 1 DAGs
[2025-05-10T21:08:33.961+0000] {logging_mixin.py:190} INFO - [2025-05-10T21:08:33.961+0000] {dag.py:4180} INFO - Setting next_dagrun for Et_dag to None, run_after=None
[2025-05-10T21:08:34.049+0000] {processor.py:208} INFO - Processing /opt/airflow/dags/ET_dag.py took 0.280 seconds
[2025-05-10T21:09:04.421+0000] {processor.py:186} INFO - Started process (PID=38146) to work on /opt/airflow/dags/ET_dag.py
[2025-05-10T21:09:04.423+0000] {processor.py:914} INFO - Processing file /opt/airflow/dags/ET_dag.py for tasks to queue
[2025-05-10T21:09:04.425+0000] {logging_mixin.py:190} INFO - [2025-05-10T21:09:04.425+0000] {dagbag.py:588} INFO - Filling up the DagBag from /opt/airflow/dags/ET_dag.py
[2025-05-10T21:09:04.443+0000] {processor.py:925} INFO - DAG(s) 'Et_dag' retrieved from /opt/airflow/dags/ET_dag.py
[2025-05-10T21:09:04.486+0000] {logging_mixin.py:190} INFO - [2025-05-10T21:09:04.486+0000] {dag.py:3239} INFO - Sync 1 DAGs
[2025-05-10T21:09:04.519+0000] {logging_mixin.py:190} INFO - [2025-05-10T21:09:04.518+0000] {dag.py:4180} INFO - Setting next_dagrun for Et_dag to None, run_after=None
[2025-05-10T21:09:04.556+0000] {processor.py:208} INFO - Processing /opt/airflow/dags/ET_dag.py took 0.144 seconds
[2025-05-10T21:09:34.834+0000] {processor.py:186} INFO - Started process (PID=38177) to work on /opt/airflow/dags/ET_dag.py
[2025-05-10T21:09:34.837+0000] {processor.py:914} INFO - Processing file /opt/airflow/dags/ET_dag.py for tasks to queue
[2025-05-10T21:09:34.841+0000] {logging_mixin.py:190} INFO - [2025-05-10T21:09:34.840+0000] {dagbag.py:588} INFO - Filling up the DagBag from /opt/airflow/dags/ET_dag.py
[2025-05-10T21:09:34.890+0000] {processor.py:925} INFO - DAG(s) 'Et_dag' retrieved from /opt/airflow/dags/ET_dag.py
[2025-05-10T21:09:34.970+0000] {logging_mixin.py:190} INFO - [2025-05-10T21:09:34.969+0000] {dag.py:3239} INFO - Sync 1 DAGs
[2025-05-10T21:09:35.031+0000] {logging_mixin.py:190} INFO - [2025-05-10T21:09:35.030+0000] {dag.py:4180} INFO - Setting next_dagrun for Et_dag to None, run_after=None
[2025-05-10T21:09:35.081+0000] {processor.py:208} INFO - Processing /opt/airflow/dags/ET_dag.py took 0.263 seconds
[2025-05-10T21:19:22.292+0000] {processor.py:186} INFO - Started process (PID=38214) to work on /opt/airflow/dags/ET_dag.py
[2025-05-10T21:19:22.295+0000] {processor.py:914} INFO - Processing file /opt/airflow/dags/ET_dag.py for tasks to queue
[2025-05-10T21:19:22.299+0000] {logging_mixin.py:190} INFO - [2025-05-10T21:19:22.298+0000] {dagbag.py:588} INFO - Filling up the DagBag from /opt/airflow/dags/ET_dag.py
[2025-05-10T21:19:22.346+0000] {processor.py:925} INFO - DAG(s) 'Et_dag' retrieved from /opt/airflow/dags/ET_dag.py
[2025-05-10T21:19:22.511+0000] {logging_mixin.py:190} INFO - [2025-05-10T21:19:22.510+0000] {dag.py:3239} INFO - Sync 1 DAGs
[2025-05-10T21:19:22.820+0000] {logging_mixin.py:190} INFO - [2025-05-10T21:19:22.819+0000] {dag.py:4180} INFO - Setting next_dagrun for Et_dag to None, run_after=None
[2025-05-10T21:19:23.031+0000] {processor.py:208} INFO - Processing /opt/airflow/dags/ET_dag.py took 0.758 seconds
