[2025-05-10T20:56:43.015+0000] {processor.py:186} INFO - Started process (PID=37412) to work on /opt/airflow/dags/Third_DAG.py
[2025-05-10T20:56:43.026+0000] {processor.py:914} INFO - Processing file /opt/airflow/dags/Third_DAG.py for tasks to queue
[2025-05-10T20:56:43.048+0000] {logging_mixin.py:190} INFO - [2025-05-10T20:56:43.047+0000] {dagbag.py:588} INFO - Filling up the DagBag from /opt/airflow/dags/Third_DAG.py
[2025-05-10T20:56:43.283+0000] {processor.py:925} INFO - DAG(s) 'Dag_task' retrieved from /opt/airflow/dags/Third_DAG.py
[2025-05-10T20:56:44.034+0000] {logging_mixin.py:190} INFO - [2025-05-10T20:56:44.034+0000] {dag.py:3239} INFO - Sync 1 DAGs
[2025-05-10T20:56:44.360+0000] {logging_mixin.py:190} INFO - [2025-05-10T20:56:44.359+0000] {dag.py:4180} INFO - Setting next_dagrun for Dag_task to 2024-04-10 00:00:00+00:00, run_after=2024-04-11 00:00:00+00:00
[2025-05-10T20:56:44.710+0000] {processor.py:208} INFO - Processing /opt/airflow/dags/Third_DAG.py took 1.724 seconds
[2025-05-10T20:57:15.264+0000] {processor.py:186} INFO - Started process (PID=37443) to work on /opt/airflow/dags/Third_DAG.py
[2025-05-10T20:57:15.265+0000] {processor.py:914} INFO - Processing file /opt/airflow/dags/Third_DAG.py for tasks to queue
[2025-05-10T20:57:15.267+0000] {logging_mixin.py:190} INFO - [2025-05-10T20:57:15.267+0000] {dagbag.py:588} INFO - Filling up the DagBag from /opt/airflow/dags/Third_DAG.py
[2025-05-10T20:57:15.286+0000] {processor.py:925} INFO - DAG(s) 'Dag_task' retrieved from /opt/airflow/dags/Third_DAG.py
[2025-05-10T20:57:15.384+0000] {logging_mixin.py:190} INFO - [2025-05-10T20:57:15.384+0000] {dag.py:3239} INFO - Sync 1 DAGs
[2025-05-10T20:57:15.419+0000] {logging_mixin.py:190} INFO - [2025-05-10T20:57:15.419+0000] {dag.py:4180} INFO - Setting next_dagrun for Dag_task to 2024-04-10 00:00:00+00:00, run_after=2024-04-11 00:00:00+00:00
[2025-05-10T20:57:15.453+0000] {processor.py:208} INFO - Processing /opt/airflow/dags/Third_DAG.py took 0.195 seconds
[2025-05-10T20:57:45.974+0000] {processor.py:186} INFO - Started process (PID=37474) to work on /opt/airflow/dags/Third_DAG.py
[2025-05-10T20:57:45.975+0000] {processor.py:914} INFO - Processing file /opt/airflow/dags/Third_DAG.py for tasks to queue
[2025-05-10T20:57:45.976+0000] {logging_mixin.py:190} INFO - [2025-05-10T20:57:45.976+0000] {dagbag.py:588} INFO - Filling up the DagBag from /opt/airflow/dags/Third_DAG.py
[2025-05-10T20:57:45.993+0000] {processor.py:925} INFO - DAG(s) 'Dag_task' retrieved from /opt/airflow/dags/Third_DAG.py
[2025-05-10T20:57:46.025+0000] {logging_mixin.py:190} INFO - [2025-05-10T20:57:46.025+0000] {dag.py:3239} INFO - Sync 1 DAGs
[2025-05-10T20:57:46.057+0000] {logging_mixin.py:190} INFO - [2025-05-10T20:57:46.056+0000] {dag.py:4180} INFO - Setting next_dagrun for Dag_task to 2024-04-10 00:00:00+00:00, run_after=2024-04-11 00:00:00+00:00
[2025-05-10T20:57:46.085+0000] {processor.py:208} INFO - Processing /opt/airflow/dags/Third_DAG.py took 0.119 seconds
[2025-05-10T20:58:16.676+0000] {processor.py:186} INFO - Started process (PID=37505) to work on /opt/airflow/dags/Third_DAG.py
[2025-05-10T20:58:16.677+0000] {processor.py:914} INFO - Processing file /opt/airflow/dags/Third_DAG.py for tasks to queue
[2025-05-10T20:58:16.679+0000] {logging_mixin.py:190} INFO - [2025-05-10T20:58:16.678+0000] {dagbag.py:588} INFO - Filling up the DagBag from /opt/airflow/dags/Third_DAG.py
[2025-05-10T20:58:16.695+0000] {processor.py:925} INFO - DAG(s) 'Dag_task' retrieved from /opt/airflow/dags/Third_DAG.py
[2025-05-10T20:58:16.748+0000] {logging_mixin.py:190} INFO - [2025-05-10T20:58:16.748+0000] {dag.py:3239} INFO - Sync 1 DAGs
[2025-05-10T20:58:16.773+0000] {logging_mixin.py:190} INFO - [2025-05-10T20:58:16.773+0000] {dag.py:4180} INFO - Setting next_dagrun for Dag_task to 2024-04-10 00:00:00+00:00, run_after=2024-04-11 00:00:00+00:00
[2025-05-10T20:58:16.799+0000] {processor.py:208} INFO - Processing /opt/airflow/dags/Third_DAG.py took 0.129 seconds
[2025-05-10T20:58:47.594+0000] {processor.py:186} INFO - Started process (PID=37536) to work on /opt/airflow/dags/Third_DAG.py
[2025-05-10T20:58:47.595+0000] {processor.py:914} INFO - Processing file /opt/airflow/dags/Third_DAG.py for tasks to queue
[2025-05-10T20:58:47.596+0000] {logging_mixin.py:190} INFO - [2025-05-10T20:58:47.596+0000] {dagbag.py:588} INFO - Filling up the DagBag from /opt/airflow/dags/Third_DAG.py
[2025-05-10T20:58:47.609+0000] {processor.py:925} INFO - DAG(s) 'Dag_task' retrieved from /opt/airflow/dags/Third_DAG.py
[2025-05-10T20:58:47.635+0000] {logging_mixin.py:190} INFO - [2025-05-10T20:58:47.634+0000] {dag.py:3239} INFO - Sync 1 DAGs
[2025-05-10T20:58:47.657+0000] {logging_mixin.py:190} INFO - [2025-05-10T20:58:47.657+0000] {dag.py:4180} INFO - Setting next_dagrun for Dag_task to 2024-04-10 00:00:00+00:00, run_after=2024-04-11 00:00:00+00:00
[2025-05-10T20:58:47.678+0000] {processor.py:208} INFO - Processing /opt/airflow/dags/Third_DAG.py took 0.089 seconds
[2025-05-10T20:59:18.451+0000] {processor.py:186} INFO - Started process (PID=37567) to work on /opt/airflow/dags/Third_DAG.py
[2025-05-10T20:59:18.453+0000] {processor.py:914} INFO - Processing file /opt/airflow/dags/Third_DAG.py for tasks to queue
[2025-05-10T20:59:18.454+0000] {logging_mixin.py:190} INFO - [2025-05-10T20:59:18.454+0000] {dagbag.py:588} INFO - Filling up the DagBag from /opt/airflow/dags/Third_DAG.py
[2025-05-10T20:59:18.469+0000] {processor.py:925} INFO - DAG(s) 'Dag_task' retrieved from /opt/airflow/dags/Third_DAG.py
[2025-05-10T20:59:18.493+0000] {logging_mixin.py:190} INFO - [2025-05-10T20:59:18.493+0000] {dag.py:3239} INFO - Sync 1 DAGs
[2025-05-10T20:59:18.516+0000] {logging_mixin.py:190} INFO - [2025-05-10T20:59:18.516+0000] {dag.py:4180} INFO - Setting next_dagrun for Dag_task to 2024-04-10 00:00:00+00:00, run_after=2024-04-11 00:00:00+00:00
[2025-05-10T20:59:18.538+0000] {processor.py:208} INFO - Processing /opt/airflow/dags/Third_DAG.py took 0.093 seconds
[2025-05-10T20:59:49.591+0000] {processor.py:186} INFO - Started process (PID=37598) to work on /opt/airflow/dags/Third_DAG.py
[2025-05-10T20:59:49.596+0000] {processor.py:914} INFO - Processing file /opt/airflow/dags/Third_DAG.py for tasks to queue
[2025-05-10T20:59:49.605+0000] {logging_mixin.py:190} INFO - [2025-05-10T20:59:49.603+0000] {dagbag.py:588} INFO - Filling up the DagBag from /opt/airflow/dags/Third_DAG.py
[2025-05-10T20:59:49.703+0000] {processor.py:925} INFO - DAG(s) 'Dag_task' retrieved from /opt/airflow/dags/Third_DAG.py
[2025-05-10T20:59:49.867+0000] {logging_mixin.py:190} INFO - [2025-05-10T20:59:49.865+0000] {dag.py:3239} INFO - Sync 1 DAGs
[2025-05-10T20:59:50.030+0000] {logging_mixin.py:190} INFO - [2025-05-10T20:59:50.029+0000] {dag.py:4180} INFO - Setting next_dagrun for Dag_task to 2024-04-10 00:00:00+00:00, run_after=2024-04-11 00:00:00+00:00
[2025-05-10T20:59:50.319+0000] {processor.py:208} INFO - Processing /opt/airflow/dags/Third_DAG.py took 0.788 seconds
[2025-05-10T21:00:21.076+0000] {processor.py:186} INFO - Started process (PID=37632) to work on /opt/airflow/dags/Third_DAG.py
[2025-05-10T21:00:21.078+0000] {processor.py:914} INFO - Processing file /opt/airflow/dags/Third_DAG.py for tasks to queue
[2025-05-10T21:00:21.080+0000] {logging_mixin.py:190} INFO - [2025-05-10T21:00:21.079+0000] {dagbag.py:588} INFO - Filling up the DagBag from /opt/airflow/dags/Third_DAG.py
[2025-05-10T21:00:21.107+0000] {processor.py:925} INFO - DAG(s) 'Dag_task' retrieved from /opt/airflow/dags/Third_DAG.py
[2025-05-10T21:00:21.144+0000] {logging_mixin.py:190} INFO - [2025-05-10T21:00:21.143+0000] {dag.py:3239} INFO - Sync 1 DAGs
[2025-05-10T21:00:21.181+0000] {logging_mixin.py:190} INFO - [2025-05-10T21:00:21.181+0000] {dag.py:4180} INFO - Setting next_dagrun for Dag_task to 2024-04-10 00:00:00+00:00, run_after=2024-04-11 00:00:00+00:00
[2025-05-10T21:00:21.213+0000] {processor.py:208} INFO - Processing /opt/airflow/dags/Third_DAG.py took 0.146 seconds
[2025-05-10T21:00:51.825+0000] {processor.py:186} INFO - Started process (PID=37663) to work on /opt/airflow/dags/Third_DAG.py
[2025-05-10T21:00:51.830+0000] {processor.py:914} INFO - Processing file /opt/airflow/dags/Third_DAG.py for tasks to queue
[2025-05-10T21:00:51.835+0000] {logging_mixin.py:190} INFO - [2025-05-10T21:00:51.834+0000] {dagbag.py:588} INFO - Filling up the DagBag from /opt/airflow/dags/Third_DAG.py
[2025-05-10T21:00:51.884+0000] {processor.py:925} INFO - DAG(s) 'Dag_task' retrieved from /opt/airflow/dags/Third_DAG.py
[2025-05-10T21:00:51.959+0000] {logging_mixin.py:190} INFO - [2025-05-10T21:00:51.959+0000] {dag.py:3239} INFO - Sync 1 DAGs
[2025-05-10T21:00:52.031+0000] {logging_mixin.py:190} INFO - [2025-05-10T21:00:52.031+0000] {dag.py:4180} INFO - Setting next_dagrun for Dag_task to 2024-04-10 00:00:00+00:00, run_after=2024-04-11 00:00:00+00:00
[2025-05-10T21:00:52.091+0000] {processor.py:208} INFO - Processing /opt/airflow/dags/Third_DAG.py took 0.291 seconds
[2025-05-10T21:01:22.857+0000] {processor.py:186} INFO - Started process (PID=37694) to work on /opt/airflow/dags/Third_DAG.py
[2025-05-10T21:01:22.859+0000] {processor.py:914} INFO - Processing file /opt/airflow/dags/Third_DAG.py for tasks to queue
[2025-05-10T21:01:22.862+0000] {logging_mixin.py:190} INFO - [2025-05-10T21:01:22.861+0000] {dagbag.py:588} INFO - Filling up the DagBag from /opt/airflow/dags/Third_DAG.py
[2025-05-10T21:01:22.896+0000] {processor.py:925} INFO - DAG(s) 'Dag_task' retrieved from /opt/airflow/dags/Third_DAG.py
[2025-05-10T21:01:22.949+0000] {logging_mixin.py:190} INFO - [2025-05-10T21:01:22.949+0000] {dag.py:3239} INFO - Sync 1 DAGs
[2025-05-10T21:01:22.978+0000] {logging_mixin.py:190} INFO - [2025-05-10T21:01:22.978+0000] {dag.py:4180} INFO - Setting next_dagrun for Dag_task to 2024-04-10 00:00:00+00:00, run_after=2024-04-11 00:00:00+00:00
[2025-05-10T21:01:23.028+0000] {processor.py:208} INFO - Processing /opt/airflow/dags/Third_DAG.py took 0.184 seconds
[2025-05-10T21:01:54.660+0000] {processor.py:186} INFO - Started process (PID=37724) to work on /opt/airflow/dags/Third_DAG.py
[2025-05-10T21:01:54.676+0000] {processor.py:914} INFO - Processing file /opt/airflow/dags/Third_DAG.py for tasks to queue
[2025-05-10T21:01:54.694+0000] {logging_mixin.py:190} INFO - [2025-05-10T21:01:54.691+0000] {dagbag.py:588} INFO - Filling up the DagBag from /opt/airflow/dags/Third_DAG.py
[2025-05-10T21:01:54.876+0000] {processor.py:925} INFO - DAG(s) 'Dag_task' retrieved from /opt/airflow/dags/Third_DAG.py
[2025-05-10T21:01:55.065+0000] {logging_mixin.py:190} INFO - [2025-05-10T21:01:55.063+0000] {dag.py:3239} INFO - Sync 1 DAGs
[2025-05-10T21:01:55.352+0000] {logging_mixin.py:190} INFO - [2025-05-10T21:01:55.351+0000] {dag.py:4180} INFO - Setting next_dagrun for Dag_task to 2024-04-10 00:00:00+00:00, run_after=2024-04-11 00:00:00+00:00
[2025-05-10T21:01:55.436+0000] {processor.py:208} INFO - Processing /opt/airflow/dags/Third_DAG.py took 0.851 seconds
[2025-05-10T21:02:25.931+0000] {processor.py:186} INFO - Started process (PID=37755) to work on /opt/airflow/dags/Third_DAG.py
[2025-05-10T21:02:25.933+0000] {processor.py:914} INFO - Processing file /opt/airflow/dags/Third_DAG.py for tasks to queue
[2025-05-10T21:02:25.935+0000] {logging_mixin.py:190} INFO - [2025-05-10T21:02:25.935+0000] {dagbag.py:588} INFO - Filling up the DagBag from /opt/airflow/dags/Third_DAG.py
[2025-05-10T21:02:25.962+0000] {processor.py:925} INFO - DAG(s) 'Dag_task' retrieved from /opt/airflow/dags/Third_DAG.py
[2025-05-10T21:02:26.012+0000] {logging_mixin.py:190} INFO - [2025-05-10T21:02:26.011+0000] {dag.py:3239} INFO - Sync 1 DAGs
[2025-05-10T21:02:26.068+0000] {logging_mixin.py:190} INFO - [2025-05-10T21:02:26.067+0000] {dag.py:4180} INFO - Setting next_dagrun for Dag_task to 2024-04-10 00:00:00+00:00, run_after=2024-04-11 00:00:00+00:00
[2025-05-10T21:02:26.112+0000] {processor.py:208} INFO - Processing /opt/airflow/dags/Third_DAG.py took 0.191 seconds
[2025-05-10T21:02:56.926+0000] {processor.py:186} INFO - Started process (PID=37786) to work on /opt/airflow/dags/Third_DAG.py
[2025-05-10T21:02:56.929+0000] {processor.py:914} INFO - Processing file /opt/airflow/dags/Third_DAG.py for tasks to queue
[2025-05-10T21:02:56.935+0000] {logging_mixin.py:190} INFO - [2025-05-10T21:02:56.933+0000] {dagbag.py:588} INFO - Filling up the DagBag from /opt/airflow/dags/Third_DAG.py
[2025-05-10T21:02:56.971+0000] {processor.py:925} INFO - DAG(s) 'Dag_task' retrieved from /opt/airflow/dags/Third_DAG.py
[2025-05-10T21:02:57.040+0000] {logging_mixin.py:190} INFO - [2025-05-10T21:02:57.039+0000] {dag.py:3239} INFO - Sync 1 DAGs
[2025-05-10T21:02:57.088+0000] {logging_mixin.py:190} INFO - [2025-05-10T21:02:57.087+0000] {dag.py:4180} INFO - Setting next_dagrun for Dag_task to 2024-04-10 00:00:00+00:00, run_after=2024-04-11 00:00:00+00:00
[2025-05-10T21:02:57.133+0000] {processor.py:208} INFO - Processing /opt/airflow/dags/Third_DAG.py took 0.228 seconds
[2025-05-10T21:03:27.309+0000] {processor.py:186} INFO - Started process (PID=37818) to work on /opt/airflow/dags/Third_DAG.py
[2025-05-10T21:03:27.312+0000] {processor.py:914} INFO - Processing file /opt/airflow/dags/Third_DAG.py for tasks to queue
[2025-05-10T21:03:27.316+0000] {logging_mixin.py:190} INFO - [2025-05-10T21:03:27.315+0000] {dagbag.py:588} INFO - Filling up the DagBag from /opt/airflow/dags/Third_DAG.py
[2025-05-10T21:03:27.359+0000] {processor.py:925} INFO - DAG(s) 'Dag_task' retrieved from /opt/airflow/dags/Third_DAG.py
[2025-05-10T21:03:27.426+0000] {logging_mixin.py:190} INFO - [2025-05-10T21:03:27.425+0000] {dag.py:3239} INFO - Sync 1 DAGs
[2025-05-10T21:03:27.528+0000] {logging_mixin.py:190} INFO - [2025-05-10T21:03:27.527+0000] {dag.py:4180} INFO - Setting next_dagrun for Dag_task to 2024-04-10 00:00:00+00:00, run_after=2024-04-11 00:00:00+00:00
[2025-05-10T21:03:27.602+0000] {processor.py:208} INFO - Processing /opt/airflow/dags/Third_DAG.py took 0.307 seconds
[2025-05-10T21:03:58.247+0000] {processor.py:186} INFO - Started process (PID=37850) to work on /opt/airflow/dags/Third_DAG.py
[2025-05-10T21:03:58.249+0000] {processor.py:914} INFO - Processing file /opt/airflow/dags/Third_DAG.py for tasks to queue
[2025-05-10T21:03:58.253+0000] {logging_mixin.py:190} INFO - [2025-05-10T21:03:58.252+0000] {dagbag.py:588} INFO - Filling up the DagBag from /opt/airflow/dags/Third_DAG.py
[2025-05-10T21:03:58.303+0000] {processor.py:925} INFO - DAG(s) 'Dag_task' retrieved from /opt/airflow/dags/Third_DAG.py
[2025-05-10T21:03:58.518+0000] {logging_mixin.py:190} INFO - [2025-05-10T21:03:58.517+0000] {dag.py:3239} INFO - Sync 1 DAGs
[2025-05-10T21:03:58.827+0000] {logging_mixin.py:190} INFO - [2025-05-10T21:03:58.826+0000] {dag.py:4180} INFO - Setting next_dagrun for Dag_task to 2024-04-10 00:00:00+00:00, run_after=2024-04-11 00:00:00+00:00
[2025-05-10T21:03:58.912+0000] {processor.py:208} INFO - Processing /opt/airflow/dags/Third_DAG.py took 0.683 seconds
[2025-05-10T21:04:29.290+0000] {processor.py:186} INFO - Started process (PID=37883) to work on /opt/airflow/dags/Third_DAG.py
[2025-05-10T21:04:29.292+0000] {processor.py:914} INFO - Processing file /opt/airflow/dags/Third_DAG.py for tasks to queue
[2025-05-10T21:04:29.296+0000] {logging_mixin.py:190} INFO - [2025-05-10T21:04:29.295+0000] {dagbag.py:588} INFO - Filling up the DagBag from /opt/airflow/dags/Third_DAG.py
[2025-05-10T21:04:29.413+0000] {processor.py:925} INFO - DAG(s) 'Dag_task' retrieved from /opt/airflow/dags/Third_DAG.py
[2025-05-10T21:04:29.535+0000] {logging_mixin.py:190} INFO - [2025-05-10T21:04:29.534+0000] {dag.py:3239} INFO - Sync 1 DAGs
[2025-05-10T21:04:29.680+0000] {logging_mixin.py:190} INFO - [2025-05-10T21:04:29.680+0000] {dag.py:4180} INFO - Setting next_dagrun for Dag_task to 2024-04-10 00:00:00+00:00, run_after=2024-04-11 00:00:00+00:00
[2025-05-10T21:04:29.747+0000] {processor.py:208} INFO - Processing /opt/airflow/dags/Third_DAG.py took 0.476 seconds
[2025-05-10T21:05:00.367+0000] {processor.py:186} INFO - Started process (PID=37914) to work on /opt/airflow/dags/Third_DAG.py
[2025-05-10T21:05:00.372+0000] {processor.py:914} INFO - Processing file /opt/airflow/dags/Third_DAG.py for tasks to queue
[2025-05-10T21:05:00.375+0000] {logging_mixin.py:190} INFO - [2025-05-10T21:05:00.374+0000] {dagbag.py:588} INFO - Filling up the DagBag from /opt/airflow/dags/Third_DAG.py
[2025-05-10T21:05:00.432+0000] {processor.py:925} INFO - DAG(s) 'Dag_task' retrieved from /opt/airflow/dags/Third_DAG.py
[2025-05-10T21:05:00.571+0000] {logging_mixin.py:190} INFO - [2025-05-10T21:05:00.567+0000] {dag.py:3239} INFO - Sync 1 DAGs
[2025-05-10T21:05:00.657+0000] {logging_mixin.py:190} INFO - [2025-05-10T21:05:00.656+0000] {dag.py:4180} INFO - Setting next_dagrun for Dag_task to 2024-04-10 00:00:00+00:00, run_after=2024-04-11 00:00:00+00:00
[2025-05-10T21:05:00.717+0000] {processor.py:208} INFO - Processing /opt/airflow/dags/Third_DAG.py took 0.373 seconds
[2025-05-10T21:05:30.993+0000] {processor.py:186} INFO - Started process (PID=37944) to work on /opt/airflow/dags/Third_DAG.py
[2025-05-10T21:05:30.998+0000] {processor.py:914} INFO - Processing file /opt/airflow/dags/Third_DAG.py for tasks to queue
[2025-05-10T21:05:31.004+0000] {logging_mixin.py:190} INFO - [2025-05-10T21:05:31.003+0000] {dagbag.py:588} INFO - Filling up the DagBag from /opt/airflow/dags/Third_DAG.py
[2025-05-10T21:05:31.058+0000] {processor.py:925} INFO - DAG(s) 'Dag_task' retrieved from /opt/airflow/dags/Third_DAG.py
[2025-05-10T21:05:31.161+0000] {logging_mixin.py:190} INFO - [2025-05-10T21:05:31.160+0000] {dag.py:3239} INFO - Sync 1 DAGs
[2025-05-10T21:05:31.263+0000] {logging_mixin.py:190} INFO - [2025-05-10T21:05:31.262+0000] {dag.py:4180} INFO - Setting next_dagrun for Dag_task to 2024-04-10 00:00:00+00:00, run_after=2024-04-11 00:00:00+00:00
[2025-05-10T21:05:31.353+0000] {processor.py:208} INFO - Processing /opt/airflow/dags/Third_DAG.py took 0.409 seconds
[2025-05-10T21:06:01.832+0000] {processor.py:186} INFO - Started process (PID=37975) to work on /opt/airflow/dags/Third_DAG.py
[2025-05-10T21:06:01.839+0000] {processor.py:914} INFO - Processing file /opt/airflow/dags/Third_DAG.py for tasks to queue
[2025-05-10T21:06:01.846+0000] {logging_mixin.py:190} INFO - [2025-05-10T21:06:01.845+0000] {dagbag.py:588} INFO - Filling up the DagBag from /opt/airflow/dags/Third_DAG.py
[2025-05-10T21:06:01.942+0000] {processor.py:925} INFO - DAG(s) 'Dag_task' retrieved from /opt/airflow/dags/Third_DAG.py
[2025-05-10T21:06:02.189+0000] {logging_mixin.py:190} INFO - [2025-05-10T21:06:02.176+0000] {dag.py:3239} INFO - Sync 1 DAGs
[2025-05-10T21:06:02.364+0000] {logging_mixin.py:190} INFO - [2025-05-10T21:06:02.362+0000] {dag.py:4180} INFO - Setting next_dagrun for Dag_task to 2024-04-10 00:00:00+00:00, run_after=2024-04-11 00:00:00+00:00
[2025-05-10T21:06:02.488+0000] {processor.py:208} INFO - Processing /opt/airflow/dags/Third_DAG.py took 0.745 seconds
[2025-05-10T21:06:32.737+0000] {processor.py:186} INFO - Started process (PID=38005) to work on /opt/airflow/dags/Third_DAG.py
[2025-05-10T21:06:32.738+0000] {processor.py:914} INFO - Processing file /opt/airflow/dags/Third_DAG.py for tasks to queue
[2025-05-10T21:06:32.741+0000] {logging_mixin.py:190} INFO - [2025-05-10T21:06:32.741+0000] {dagbag.py:588} INFO - Filling up the DagBag from /opt/airflow/dags/Third_DAG.py
[2025-05-10T21:06:32.781+0000] {processor.py:925} INFO - DAG(s) 'Dag_task' retrieved from /opt/airflow/dags/Third_DAG.py
[2025-05-10T21:06:32.856+0000] {logging_mixin.py:190} INFO - [2025-05-10T21:06:32.856+0000] {dag.py:3239} INFO - Sync 1 DAGs
[2025-05-10T21:06:32.916+0000] {logging_mixin.py:190} INFO - [2025-05-10T21:06:32.915+0000] {dag.py:4180} INFO - Setting next_dagrun for Dag_task to 2024-04-10 00:00:00+00:00, run_after=2024-04-11 00:00:00+00:00
[2025-05-10T21:06:32.969+0000] {processor.py:208} INFO - Processing /opt/airflow/dags/Third_DAG.py took 0.247 seconds
[2025-05-10T21:07:03.148+0000] {processor.py:186} INFO - Started process (PID=38036) to work on /opt/airflow/dags/Third_DAG.py
[2025-05-10T21:07:03.151+0000] {processor.py:914} INFO - Processing file /opt/airflow/dags/Third_DAG.py for tasks to queue
[2025-05-10T21:07:03.154+0000] {logging_mixin.py:190} INFO - [2025-05-10T21:07:03.153+0000] {dagbag.py:588} INFO - Filling up the DagBag from /opt/airflow/dags/Third_DAG.py
[2025-05-10T21:07:03.206+0000] {processor.py:925} INFO - DAG(s) 'Dag_task' retrieved from /opt/airflow/dags/Third_DAG.py
[2025-05-10T21:07:03.288+0000] {logging_mixin.py:190} INFO - [2025-05-10T21:07:03.288+0000] {dag.py:3239} INFO - Sync 1 DAGs
[2025-05-10T21:07:03.367+0000] {logging_mixin.py:190} INFO - [2025-05-10T21:07:03.366+0000] {dag.py:4180} INFO - Setting next_dagrun for Dag_task to 2024-04-10 00:00:00+00:00, run_after=2024-04-11 00:00:00+00:00
[2025-05-10T21:07:03.442+0000] {processor.py:208} INFO - Processing /opt/airflow/dags/Third_DAG.py took 0.313 seconds
[2025-05-10T21:07:33.897+0000] {processor.py:186} INFO - Started process (PID=38067) to work on /opt/airflow/dags/Third_DAG.py
[2025-05-10T21:07:33.899+0000] {processor.py:914} INFO - Processing file /opt/airflow/dags/Third_DAG.py for tasks to queue
[2025-05-10T21:07:33.901+0000] {logging_mixin.py:190} INFO - [2025-05-10T21:07:33.901+0000] {dagbag.py:588} INFO - Filling up the DagBag from /opt/airflow/dags/Third_DAG.py
[2025-05-10T21:07:33.934+0000] {processor.py:925} INFO - DAG(s) 'Dag_task' retrieved from /opt/airflow/dags/Third_DAG.py
[2025-05-10T21:07:33.991+0000] {logging_mixin.py:190} INFO - [2025-05-10T21:07:33.990+0000] {dag.py:3239} INFO - Sync 1 DAGs
[2025-05-10T21:07:34.040+0000] {logging_mixin.py:190} INFO - [2025-05-10T21:07:34.040+0000] {dag.py:4180} INFO - Setting next_dagrun for Dag_task to 2024-04-10 00:00:00+00:00, run_after=2024-04-11 00:00:00+00:00
[2025-05-10T21:07:34.078+0000] {processor.py:208} INFO - Processing /opt/airflow/dags/Third_DAG.py took 0.194 seconds
[2025-05-10T21:08:04.173+0000] {processor.py:186} INFO - Started process (PID=38098) to work on /opt/airflow/dags/Third_DAG.py
[2025-05-10T21:08:04.174+0000] {processor.py:914} INFO - Processing file /opt/airflow/dags/Third_DAG.py for tasks to queue
[2025-05-10T21:08:04.176+0000] {logging_mixin.py:190} INFO - [2025-05-10T21:08:04.175+0000] {dagbag.py:588} INFO - Filling up the DagBag from /opt/airflow/dags/Third_DAG.py
[2025-05-10T21:08:04.200+0000] {processor.py:925} INFO - DAG(s) 'Dag_task' retrieved from /opt/airflow/dags/Third_DAG.py
[2025-05-10T21:08:04.251+0000] {logging_mixin.py:190} INFO - [2025-05-10T21:08:04.250+0000] {dag.py:3239} INFO - Sync 1 DAGs
[2025-05-10T21:08:04.290+0000] {logging_mixin.py:190} INFO - [2025-05-10T21:08:04.289+0000] {dag.py:4180} INFO - Setting next_dagrun for Dag_task to 2024-04-10 00:00:00+00:00, run_after=2024-04-11 00:00:00+00:00
[2025-05-10T21:08:04.318+0000] {processor.py:208} INFO - Processing /opt/airflow/dags/Third_DAG.py took 0.156 seconds
[2025-05-10T21:08:34.695+0000] {processor.py:186} INFO - Started process (PID=38130) to work on /opt/airflow/dags/Third_DAG.py
[2025-05-10T21:08:34.697+0000] {processor.py:914} INFO - Processing file /opt/airflow/dags/Third_DAG.py for tasks to queue
[2025-05-10T21:08:34.700+0000] {logging_mixin.py:190} INFO - [2025-05-10T21:08:34.699+0000] {dagbag.py:588} INFO - Filling up the DagBag from /opt/airflow/dags/Third_DAG.py
[2025-05-10T21:08:34.729+0000] {processor.py:925} INFO - DAG(s) 'Dag_task' retrieved from /opt/airflow/dags/Third_DAG.py
[2025-05-10T21:08:34.834+0000] {logging_mixin.py:190} INFO - [2025-05-10T21:08:34.833+0000] {dag.py:3239} INFO - Sync 1 DAGs
[2025-05-10T21:08:34.917+0000] {logging_mixin.py:190} INFO - [2025-05-10T21:08:34.917+0000] {dag.py:4180} INFO - Setting next_dagrun for Dag_task to 2024-04-10 00:00:00+00:00, run_after=2024-04-11 00:00:00+00:00
[2025-05-10T21:08:34.986+0000] {processor.py:208} INFO - Processing /opt/airflow/dags/Third_DAG.py took 0.304 seconds
[2025-05-10T21:09:05.634+0000] {processor.py:186} INFO - Started process (PID=38161) to work on /opt/airflow/dags/Third_DAG.py
[2025-05-10T21:09:05.635+0000] {processor.py:914} INFO - Processing file /opt/airflow/dags/Third_DAG.py for tasks to queue
[2025-05-10T21:09:05.637+0000] {logging_mixin.py:190} INFO - [2025-05-10T21:09:05.637+0000] {dagbag.py:588} INFO - Filling up the DagBag from /opt/airflow/dags/Third_DAG.py
[2025-05-10T21:09:05.656+0000] {processor.py:925} INFO - DAG(s) 'Dag_task' retrieved from /opt/airflow/dags/Third_DAG.py
[2025-05-10T21:09:05.712+0000] {logging_mixin.py:190} INFO - [2025-05-10T21:09:05.711+0000] {dag.py:3239} INFO - Sync 1 DAGs
[2025-05-10T21:09:05.778+0000] {logging_mixin.py:190} INFO - [2025-05-10T21:09:05.777+0000] {dag.py:4180} INFO - Setting next_dagrun for Dag_task to 2024-04-10 00:00:00+00:00, run_after=2024-04-11 00:00:00+00:00
[2025-05-10T21:09:05.830+0000] {processor.py:208} INFO - Processing /opt/airflow/dags/Third_DAG.py took 0.204 seconds
[2025-05-10T21:09:36.576+0000] {processor.py:186} INFO - Started process (PID=38192) to work on /opt/airflow/dags/Third_DAG.py
[2025-05-10T21:09:36.578+0000] {processor.py:914} INFO - Processing file /opt/airflow/dags/Third_DAG.py for tasks to queue
[2025-05-10T21:09:36.581+0000] {logging_mixin.py:190} INFO - [2025-05-10T21:09:36.580+0000] {dagbag.py:588} INFO - Filling up the DagBag from /opt/airflow/dags/Third_DAG.py
[2025-05-10T21:09:36.611+0000] {processor.py:925} INFO - DAG(s) 'Dag_task' retrieved from /opt/airflow/dags/Third_DAG.py
[2025-05-10T21:09:36.735+0000] {logging_mixin.py:190} INFO - [2025-05-10T21:09:36.733+0000] {dag.py:3239} INFO - Sync 1 DAGs
[2025-05-10T21:09:36.854+0000] {logging_mixin.py:190} INFO - [2025-05-10T21:09:36.853+0000] {dag.py:4180} INFO - Setting next_dagrun for Dag_task to 2024-04-10 00:00:00+00:00, run_after=2024-04-11 00:00:00+00:00
[2025-05-10T21:09:36.949+0000] {processor.py:208} INFO - Processing /opt/airflow/dags/Third_DAG.py took 0.385 seconds
[2025-05-10T21:19:23.426+0000] {processor.py:186} INFO - Started process (PID=38227) to work on /opt/airflow/dags/Third_DAG.py
[2025-05-10T21:19:23.428+0000] {processor.py:914} INFO - Processing file /opt/airflow/dags/Third_DAG.py for tasks to queue
[2025-05-10T21:19:23.432+0000] {logging_mixin.py:190} INFO - [2025-05-10T21:19:23.431+0000] {dagbag.py:588} INFO - Filling up the DagBag from /opt/airflow/dags/Third_DAG.py
[2025-05-10T21:19:23.461+0000] {processor.py:925} INFO - DAG(s) 'Dag_task' retrieved from /opt/airflow/dags/Third_DAG.py
[2025-05-10T21:19:23.542+0000] {logging_mixin.py:190} INFO - [2025-05-10T21:19:23.542+0000] {dag.py:3239} INFO - Sync 1 DAGs
[2025-05-10T21:19:23.586+0000] {logging_mixin.py:190} INFO - [2025-05-10T21:19:23.585+0000] {dag.py:4180} INFO - Setting next_dagrun for Dag_task to 2024-04-10 00:00:00+00:00, run_after=2024-04-11 00:00:00+00:00
[2025-05-10T21:19:23.615+0000] {processor.py:208} INFO - Processing /opt/airflow/dags/Third_DAG.py took 0.201 seconds
