[2025-05-07T11:01:36.250+0000] {local_task_job_runner.py:123} INFO - ::group::Pre task execution logs
[2025-05-07T11:01:36.290+0000] {taskinstance.py:2614} INFO - Dependencies all met for dep_context=non-requeueable deps ti=<TaskInstance: Et_dag.detect_new_files scheduled__2024-04-21T00:00:00+00:00 [queued]>
[2025-05-07T11:01:36.311+0000] {taskinstance.py:2614} INFO - Dependencies all met for dep_context=requeueable deps ti=<TaskInstance: Et_dag.detect_new_files scheduled__2024-04-21T00:00:00+00:00 [queued]>
[2025-05-07T11:01:36.312+0000] {taskinstance.py:2867} INFO - Starting attempt 1 of 2
[2025-05-07T11:01:36.355+0000] {taskinstance.py:2890} INFO - Executing <Task(PythonOperator): detect_new_files> on 2024-04-21 00:00:00+00:00
[2025-05-07T11:01:36.363+0000] {standard_task_runner.py:72} INFO - Started process 23488 to run task
[2025-05-07T11:01:36.367+0000] {standard_task_runner.py:104} INFO - Running: ['***', 'tasks', 'run', 'Et_dag', 'detect_new_files', 'scheduled__2024-04-21T00:00:00+00:00', '--job-id', '770', '--raw', '--subdir', 'DAGS_FOLDER/ET_dag.py', '--cfg-path', '/tmp/tmpi4ri1a82']
[2025-05-07T11:01:36.370+0000] {standard_task_runner.py:105} INFO - Job 770: Subtask detect_new_files
[2025-05-07T11:01:36.439+0000] {task_command.py:467} INFO - Running <TaskInstance: Et_dag.detect_new_files scheduled__2024-04-21T00:00:00+00:00 [running]> on host 3d46136a9270
[2025-05-07T11:01:36.568+0000] {taskinstance.py:3134} INFO - Exporting env vars: AIRFLOW_CTX_DAG_OWNER='***' AIRFLOW_CTX_DAG_ID='Et_dag' AIRFLOW_CTX_TASK_ID='detect_new_files' AIRFLOW_CTX_EXECUTION_DATE='2024-04-21T00:00:00+00:00' AIRFLOW_CTX_TRY_NUMBER='1' AIRFLOW_CTX_DAG_RUN_ID='scheduled__2024-04-21T00:00:00+00:00'
[2025-05-07T11:01:36.572+0000] {taskinstance.py:732} INFO - ::endgroup::
[2025-05-07T11:01:36.610+0000] {logging_mixin.py:190} INFO - Aucun nouveau fichier détecté.
[2025-05-07T11:01:36.611+0000] {python.py:240} INFO - Done. Returned value was: False
[2025-05-07T11:01:36.634+0000] {taskinstance.py:341} INFO - ::group::Post task execution logs
[2025-05-07T11:01:36.635+0000] {taskinstance.py:353} INFO - Marking task as SUCCESS. dag_id=Et_dag, task_id=detect_new_files, run_id=scheduled__2024-04-21T00:00:00+00:00, execution_date=20240421T000000, start_date=20250507T110136, end_date=20250507T110136
[2025-05-07T11:01:36.678+0000] {local_task_job_runner.py:266} INFO - Task exited with return code 0
[2025-05-07T11:01:36.722+0000] {taskinstance.py:3901} INFO - 1 downstream tasks scheduled from follow-on schedule check
[2025-05-07T11:01:36.726+0000] {local_task_job_runner.py:245} INFO - ::endgroup::
[2025-05-07T12:21:44.225+0000] {local_task_job_runner.py:123} INFO - ::group::Pre task execution logs
[2025-05-07T12:21:44.255+0000] {taskinstance.py:2614} INFO - Dependencies all met for dep_context=non-requeueable deps ti=<TaskInstance: Et_dag.detect_new_files scheduled__2024-04-21T00:00:00+00:00 [queued]>
[2025-05-07T12:21:44.273+0000] {taskinstance.py:2614} INFO - Dependencies all met for dep_context=requeueable deps ti=<TaskInstance: Et_dag.detect_new_files scheduled__2024-04-21T00:00:00+00:00 [queued]>
[2025-05-07T12:21:44.274+0000] {taskinstance.py:2867} INFO - Starting attempt 1 of 2
[2025-05-07T12:21:44.301+0000] {taskinstance.py:2890} INFO - Executing <Task(PythonOperator): detect_new_files> on 2024-04-21 00:00:00+00:00
[2025-05-07T12:21:44.306+0000] {standard_task_runner.py:72} INFO - Started process 28617 to run task
[2025-05-07T12:21:44.310+0000] {standard_task_runner.py:104} INFO - Running: ['***', 'tasks', 'run', 'Et_dag', 'detect_new_files', 'scheduled__2024-04-21T00:00:00+00:00', '--job-id', '791', '--raw', '--subdir', 'DAGS_FOLDER/ET_dag.py', '--cfg-path', '/tmp/tmp5yu4fx87']
[2025-05-07T12:21:44.313+0000] {standard_task_runner.py:105} INFO - Job 791: Subtask detect_new_files
[2025-05-07T12:21:44.380+0000] {task_command.py:467} INFO - Running <TaskInstance: Et_dag.detect_new_files scheduled__2024-04-21T00:00:00+00:00 [running]> on host 3d46136a9270
[2025-05-07T12:21:44.520+0000] {taskinstance.py:3134} INFO - Exporting env vars: AIRFLOW_CTX_DAG_OWNER='***' AIRFLOW_CTX_DAG_ID='Et_dag' AIRFLOW_CTX_TASK_ID='detect_new_files' AIRFLOW_CTX_EXECUTION_DATE='2024-04-21T00:00:00+00:00' AIRFLOW_CTX_TRY_NUMBER='1' AIRFLOW_CTX_DAG_RUN_ID='scheduled__2024-04-21T00:00:00+00:00'
[2025-05-07T12:21:44.522+0000] {taskinstance.py:732} INFO - ::endgroup::
[2025-05-07T12:21:44.558+0000] {logging_mixin.py:190} INFO - Aucun nouveau fichier détecté.
[2025-05-07T12:21:44.559+0000] {python.py:240} INFO - Done. Returned value was: False
[2025-05-07T12:21:44.582+0000] {taskinstance.py:341} INFO - ::group::Post task execution logs
[2025-05-07T12:21:44.584+0000] {taskinstance.py:353} INFO - Marking task as SUCCESS. dag_id=Et_dag, task_id=detect_new_files, run_id=scheduled__2024-04-21T00:00:00+00:00, execution_date=20240421T000000, start_date=20250507T122144, end_date=20250507T122144
[2025-05-07T12:21:44.654+0000] {local_task_job_runner.py:266} INFO - Task exited with return code 0
[2025-05-07T12:21:44.695+0000] {taskinstance.py:3901} INFO - 1 downstream tasks scheduled from follow-on schedule check
[2025-05-07T12:21:44.698+0000] {local_task_job_runner.py:245} INFO - ::endgroup::
