[2025-05-07T11:15:40.898+0000] {local_task_job_runner.py:123} INFO - ::group::Pre task execution logs
[2025-05-07T11:15:40.921+0000] {taskinstance.py:2614} INFO - Dependencies all met for dep_context=non-requeueable deps ti=<TaskInstance: Et_dag.detect_new_files scheduled__2024-04-21T00:00:00+00:00 [queued]>
[2025-05-07T11:15:40.937+0000] {taskinstance.py:2614} INFO - Dependencies all met for dep_context=requeueable deps ti=<TaskInstance: Et_dag.detect_new_files scheduled__2024-04-21T00:00:00+00:00 [queued]>
[2025-05-07T11:15:40.939+0000] {taskinstance.py:2867} INFO - Starting attempt 3 of 4
[2025-05-07T11:15:40.961+0000] {taskinstance.py:2890} INFO - Executing <Task(PythonOperator): detect_new_files> on 2024-04-21 00:00:00+00:00
[2025-05-07T11:15:40.967+0000] {standard_task_runner.py:72} INFO - Started process 24478 to run task
[2025-05-07T11:15:40.971+0000] {standard_task_runner.py:104} INFO - Running: ['***', 'tasks', 'run', 'Et_dag', 'detect_new_files', 'scheduled__2024-04-21T00:00:00+00:00', '--job-id', '777', '--raw', '--subdir', 'DAGS_FOLDER/ET_dag.py', '--cfg-path', '/tmp/tmpktlur3ys']
[2025-05-07T11:15:40.975+0000] {standard_task_runner.py:105} INFO - Job 777: Subtask detect_new_files
[2025-05-07T11:15:41.035+0000] {task_command.py:467} INFO - Running <TaskInstance: Et_dag.detect_new_files scheduled__2024-04-21T00:00:00+00:00 [running]> on host 3d46136a9270
[2025-05-07T11:15:41.162+0000] {taskinstance.py:3134} INFO - Exporting env vars: AIRFLOW_CTX_DAG_OWNER='***' AIRFLOW_CTX_DAG_ID='Et_dag' AIRFLOW_CTX_TASK_ID='detect_new_files' AIRFLOW_CTX_EXECUTION_DATE='2024-04-21T00:00:00+00:00' AIRFLOW_CTX_TRY_NUMBER='3' AIRFLOW_CTX_DAG_RUN_ID='scheduled__2024-04-21T00:00:00+00:00'
[2025-05-07T11:15:41.163+0000] {taskinstance.py:732} INFO - ::endgroup::
[2025-05-07T11:15:41.187+0000] {logging_mixin.py:190} INFO - Aucun nouveau fichier détecté.
[2025-05-07T11:15:41.188+0000] {python.py:240} INFO - Done. Returned value was: False
[2025-05-07T11:15:41.215+0000] {taskinstance.py:341} INFO - ::group::Post task execution logs
[2025-05-07T11:15:41.216+0000] {taskinstance.py:353} INFO - Marking task as SUCCESS. dag_id=Et_dag, task_id=detect_new_files, run_id=scheduled__2024-04-21T00:00:00+00:00, execution_date=20240421T000000, start_date=20250507T111540, end_date=20250507T111541
[2025-05-07T11:15:41.266+0000] {local_task_job_runner.py:266} INFO - Task exited with return code 0
[2025-05-07T11:15:41.305+0000] {taskinstance.py:3901} INFO - 1 downstream tasks scheduled from follow-on schedule check
[2025-05-07T11:15:41.309+0000] {local_task_job_runner.py:245} INFO - ::endgroup::
[2025-05-07T13:40:24.068+0000] {local_task_job_runner.py:123} INFO - ::group::Pre task execution logs
[2025-05-07T13:40:24.088+0000] {taskinstance.py:2614} INFO - Dependencies all met for dep_context=non-requeueable deps ti=<TaskInstance: Et_dag.detect_new_files scheduled__2024-04-21T00:00:00+00:00 [queued]>
[2025-05-07T13:40:24.101+0000] {taskinstance.py:2614} INFO - Dependencies all met for dep_context=requeueable deps ti=<TaskInstance: Et_dag.detect_new_files scheduled__2024-04-21T00:00:00+00:00 [queued]>
[2025-05-07T13:40:24.102+0000] {taskinstance.py:2867} INFO - Starting attempt 3 of 4
[2025-05-07T13:40:24.119+0000] {taskinstance.py:2890} INFO - Executing <Task(PythonOperator): detect_new_files> on 2024-04-21 00:00:00+00:00
[2025-05-07T13:40:24.123+0000] {standard_task_runner.py:72} INFO - Started process 29932 to run task
[2025-05-07T13:40:24.126+0000] {standard_task_runner.py:104} INFO - Running: ['***', 'tasks', 'run', 'Et_dag', 'detect_new_files', 'scheduled__2024-04-21T00:00:00+00:00', '--job-id', '800', '--raw', '--subdir', 'DAGS_FOLDER/ET_dag.py', '--cfg-path', '/tmp/tmpfcxsagb_']
[2025-05-07T13:40:24.128+0000] {standard_task_runner.py:105} INFO - Job 800: Subtask detect_new_files
[2025-05-07T13:40:24.177+0000] {task_command.py:467} INFO - Running <TaskInstance: Et_dag.detect_new_files scheduled__2024-04-21T00:00:00+00:00 [running]> on host 3d46136a9270
[2025-05-07T13:40:24.279+0000] {taskinstance.py:3134} INFO - Exporting env vars: AIRFLOW_CTX_DAG_OWNER='***' AIRFLOW_CTX_DAG_ID='Et_dag' AIRFLOW_CTX_TASK_ID='detect_new_files' AIRFLOW_CTX_EXECUTION_DATE='2024-04-21T00:00:00+00:00' AIRFLOW_CTX_TRY_NUMBER='3' AIRFLOW_CTX_DAG_RUN_ID='scheduled__2024-04-21T00:00:00+00:00'
[2025-05-07T13:40:24.280+0000] {taskinstance.py:732} INFO - ::endgroup::
[2025-05-07T13:40:24.305+0000] {logging_mixin.py:190} INFO - Nouveaux fichiers détectés : {'exported_data.xlsx'}
[2025-05-07T13:40:24.306+0000] {python.py:240} INFO - Done. Returned value was: True
[2025-05-07T13:40:24.326+0000] {taskinstance.py:341} INFO - ::group::Post task execution logs
[2025-05-07T13:40:24.327+0000] {taskinstance.py:353} INFO - Marking task as SUCCESS. dag_id=Et_dag, task_id=detect_new_files, run_id=scheduled__2024-04-21T00:00:00+00:00, execution_date=20240421T000000, start_date=20250507T134024, end_date=20250507T134024
[2025-05-07T13:40:24.382+0000] {local_task_job_runner.py:266} INFO - Task exited with return code 0
[2025-05-07T13:40:24.421+0000] {taskinstance.py:3901} INFO - 1 downstream tasks scheduled from follow-on schedule check
[2025-05-07T13:40:24.424+0000] {local_task_job_runner.py:245} INFO - ::endgroup::
