[2025-05-07T10:40:30.449+0000] {local_task_job_runner.py:123} INFO - ::group::Pre task execution logs
[2025-05-07T10:40:30.549+0000] {taskinstance.py:2614} INFO - Dependencies all met for dep_context=non-requeueable deps ti=<TaskInstance: Et_dag.run_extraction_script scheduled__2024-05-01T00:00:00+00:00 [queued]>
[2025-05-07T10:40:30.593+0000] {taskinstance.py:2614} INFO - Dependencies all met for dep_context=requeueable deps ti=<TaskInstance: Et_dag.run_extraction_script scheduled__2024-05-01T00:00:00+00:00 [queued]>
[2025-05-07T10:40:30.596+0000] {taskinstance.py:2867} INFO - Starting attempt 1 of 2
[2025-05-07T10:40:30.661+0000] {taskinstance.py:2890} INFO - Executing <Task(PythonOperator): run_extraction_script> on 2024-05-01 00:00:00+00:00
[2025-05-07T10:40:30.682+0000] {standard_task_runner.py:72} INFO - Started process 21683 to run task
[2025-05-07T10:40:30.707+0000] {standard_task_runner.py:104} INFO - Running: ['***', 'tasks', 'run', 'Et_dag', 'run_extraction_script', 'scheduled__2024-05-01T00:00:00+00:00', '--job-id', '748', '--raw', '--subdir', 'DAGS_FOLDER/ET_dag.py', '--cfg-path', '/tmp/tmpxnusy83b']
[2025-05-07T10:40:30.741+0000] {standard_task_runner.py:105} INFO - Job 748: Subtask run_extraction_script
[2025-05-07T10:40:30.924+0000] {task_command.py:467} INFO - Running <TaskInstance: Et_dag.run_extraction_script scheduled__2024-05-01T00:00:00+00:00 [running]> on host 3d46136a9270
[2025-05-07T10:40:31.090+0000] {taskinstance.py:3134} INFO - Exporting env vars: AIRFLOW_CTX_DAG_OWNER='***' AIRFLOW_CTX_DAG_ID='Et_dag' AIRFLOW_CTX_TASK_ID='run_extraction_script' AIRFLOW_CTX_EXECUTION_DATE='2024-05-01T00:00:00+00:00' AIRFLOW_CTX_TRY_NUMBER='1' AIRFLOW_CTX_DAG_RUN_ID='scheduled__2024-05-01T00:00:00+00:00'
[2025-05-07T10:40:31.091+0000] {taskinstance.py:732} INFO - ::endgroup::
[2025-05-07T10:40:31.170+0000] {logging_mixin.py:190} INFO - Exécution du script : /opt/***/Scripts/insert_excel_to_postgres2.py
[2025-05-07T10:40:43.234+0000] {logging_mixin.py:190} INFO - Résultat du script /opt/***/Scripts/insert_excel_to_postgres2.py :
[2025-05-07T10:40:43.335+0000] {logging_mixin.py:190} INFO - Exécution du script : /opt/***/Scripts/Store_CTX.py
[2025-05-07T10:40:50.758+0000] {logging_mixin.py:190} INFO - Résultat du script /opt/***/Scripts/Store_CTX.py :
[2025-05-07T10:40:50.760+0000] {logging_mixin.py:190} INFO - Data successfully loaded into PostgreSQL table 'CTX'
[2025-05-07T10:40:50.762+0000] {logging_mixin.py:190} INFO - Exécution du script : /opt/***/Scripts/Store_pcx.py
[2025-05-07T10:40:55.645+0000] {logging_mixin.py:190} INFO - Résultat du script /opt/***/Scripts/Store_pcx.py :
[2025-05-07T10:40:55.646+0000] {logging_mixin.py:190} INFO - Data successfully loaded into PostgreSQL table 'Flag_PCX'
[2025-05-07T10:40:55.647+0000] {logging_mixin.py:190} INFO - Exécution du script : /opt/***/Scripts/Store_Sinister.py
[2025-05-07T10:41:03.242+0000] {logging_mixin.py:190} INFO - Résultat du script /opt/***/Scripts/Store_Sinister.py :
[2025-05-07T10:41:03.243+0000] {logging_mixin.py:190} INFO - Data successfully loaded into PostgreSQL table 'Siniste'
[2025-05-07T10:41:03.247+0000] {logging_mixin.py:190} INFO - Exécution du script : /opt/***/Scripts/Store_Sogeconso.py
[2025-05-07T10:41:09.596+0000] {logging_mixin.py:190} INFO - Résultat du script /opt/***/Scripts/Store_Sogeconso.py :
[2025-05-07T10:41:09.598+0000] {logging_mixin.py:190} INFO - Data successfully loaded into PostgreSQL table 'Sogeconso'
[2025-05-07T10:41:09.599+0000] {logging_mixin.py:190} INFO - Exécution du script : /opt/***/Scripts/Store_SPP.py
[2025-05-07T10:41:17.272+0000] {logging_mixin.py:190} INFO - Résultat du script /opt/***/Scripts/Store_SPP.py :
[2025-05-07T10:41:17.274+0000] {logging_mixin.py:190} INFO - Data successfully loaded into PostgreSQL table 'SPP'
[2025-05-07T10:41:17.379+0000] {python.py:240} INFO - Done. Returned value was: None
[2025-05-07T10:41:18.117+0000] {taskinstance.py:341} INFO - ::group::Post task execution logs
[2025-05-07T10:41:18.163+0000] {taskinstance.py:353} INFO - Marking task as SUCCESS. dag_id=Et_dag, task_id=run_extraction_script, run_id=scheduled__2024-05-01T00:00:00+00:00, execution_date=20240501T000000, start_date=20250507T104030, end_date=20250507T104118
[2025-05-07T10:41:18.923+0000] {local_task_job_runner.py:266} INFO - Task exited with return code 0
[2025-05-07T10:41:19.071+0000] {local_task_job_runner.py:245} INFO - ::endgroup::
