[2025-04-15T09:46:06.907+0000] {local_task_job_runner.py:123} INFO - ::group::Pre task execution logs
[2025-04-15T09:46:06.944+0000] {taskinstance.py:2614} INFO - Dependencies all met for dep_context=non-requeueable deps ti=<TaskInstance: example_postgres_dag4.Insert_into_table scheduled__2024-11-14T00:00:00+00:00 [queued]>
[2025-04-15T09:46:06.969+0000] {taskinstance.py:2614} INFO - Dependencies all met for dep_context=requeueable deps ti=<TaskInstance: example_postgres_dag4.Insert_into_table scheduled__2024-11-14T00:00:00+00:00 [queued]>
[2025-04-15T09:46:06.970+0000] {taskinstance.py:2867} INFO - Starting attempt 1 of 1
[2025-04-15T09:46:06.997+0000] {taskinstance.py:2890} INFO - Executing <Task(PostgresOperator): Insert_into_table> on 2024-11-14 00:00:00+00:00
[2025-04-15T09:46:07.003+0000] {standard_task_runner.py:72} INFO - Started process 5210 to run task
[2025-04-15T09:46:07.009+0000] {standard_task_runner.py:104} INFO - Running: ['***', 'tasks', 'run', 'example_postgres_dag4', 'Insert_into_table', 'scheduled__2024-11-14T00:00:00+00:00', '--job-id', '302', '--raw', '--subdir', 'DAGS_FOLDER/dag_postgreSql.py', '--cfg-path', '/tmp/tmp_uzhzb8q']
[2025-04-15T09:46:07.012+0000] {standard_task_runner.py:105} INFO - Job 302: Subtask Insert_into_table
[2025-04-15T09:46:07.089+0000] {task_command.py:467} INFO - Running <TaskInstance: example_postgres_dag4.Insert_into_table scheduled__2024-11-14T00:00:00+00:00 [running]> on host d7d36d5d8c2d
[2025-04-15T09:46:07.266+0000] {taskinstance.py:3134} INFO - Exporting env vars: AIRFLOW_CTX_DAG_OWNER='***' AIRFLOW_CTX_DAG_ID='example_postgres_dag4' AIRFLOW_CTX_TASK_ID='Insert_into_table' AIRFLOW_CTX_EXECUTION_DATE='2024-11-14T00:00:00+00:00' AIRFLOW_CTX_TRY_NUMBER='1' AIRFLOW_CTX_DAG_RUN_ID='scheduled__2024-11-14T00:00:00+00:00'
[2025-04-15T09:46:07.269+0000] {taskinstance.py:732} INFO - ::endgroup::
[2025-04-15T09:46:07.323+0000] {sql.py:295} INFO - Executing: 
            insert into example_table (dt, dag_id) values ('2024-11-14', 'example_postgres_dag4')
        
[2025-04-15T09:46:07.339+0000] {base.py:84} INFO - Retrieving connection 'postgres_localhost'
[2025-04-15T09:46:07.353+0000] {base.py:84} INFO - Retrieving connection 'postgres_localhost'
[2025-04-15T09:46:07.354+0000] {sql.py:186} WARNING - This setter is for backward compatibility and should not be used.
Since the introduction of connection property, the providers listed below breaks due to assigning value to self.connection in their __init__ method.
* apache-***-providers-mysql<5.7.1
* apache-***-providers-elasticsearch<5.5.1
* apache-***-providers-postgres<5.13.0
[2025-04-15T09:46:07.382+0000] {sql.py:511} INFO - Running statement: 
            insert into example_table (dt, dag_id) values ('2024-11-14', 'example_postgres_dag4')
        , parameters: None
[2025-04-15T09:46:07.388+0000] {sql.py:520} INFO - Rows affected: 1
[2025-04-15T09:46:07.413+0000] {taskinstance.py:341} INFO - ::group::Post task execution logs
[2025-04-15T09:46:07.415+0000] {taskinstance.py:353} INFO - Marking task as SUCCESS. dag_id=example_postgres_dag4, task_id=Insert_into_table, run_id=scheduled__2024-11-14T00:00:00+00:00, execution_date=20241114T000000, start_date=20250415T094606, end_date=20250415T094607
[2025-04-15T09:46:07.551+0000] {local_task_job_runner.py:266} INFO - Task exited with return code 0
[2025-04-15T09:46:07.571+0000] {local_task_job_runner.py:245} INFO - ::endgroup::
