[2025-04-15T09:26:18.370+0000] {local_task_job_runner.py:123} INFO - ::group::Pre task execution logs
[2025-04-15T09:26:18.427+0000] {taskinstance.py:2614} INFO - Dependencies all met for dep_context=non-requeueable deps ti=<TaskInstance: example_postgres_dag3.create_table scheduled__2025-01-20T00:00:00+00:00 [queued]>
[2025-04-15T09:26:18.452+0000] {taskinstance.py:2614} INFO - Dependencies all met for dep_context=requeueable deps ti=<TaskInstance: example_postgres_dag3.create_table scheduled__2025-01-20T00:00:00+00:00 [queued]>
[2025-04-15T09:26:18.453+0000] {taskinstance.py:2867} INFO - Starting attempt 1 of 1
[2025-04-15T09:26:18.551+0000] {taskinstance.py:2890} INFO - Executing <Task(PostgresOperator): create_table> on 2025-01-20 00:00:00+00:00
[2025-04-15T09:26:18.560+0000] {standard_task_runner.py:72} INFO - Started process 3839 to run task
[2025-04-15T09:26:18.577+0000] {standard_task_runner.py:104} INFO - Running: ['***', 'tasks', 'run', 'example_postgres_dag3', 'create_table', 'scheduled__2025-01-20T00:00:00+00:00', '--job-id', '187', '--raw', '--subdir', 'DAGS_FOLDER/dag_postgreSql.py', '--cfg-path', '/tmp/tmp386ntx8t']
[2025-04-15T09:26:18.584+0000] {standard_task_runner.py:105} INFO - Job 187: Subtask create_table
[2025-04-15T09:26:18.841+0000] {task_command.py:467} INFO - Running <TaskInstance: example_postgres_dag3.create_table scheduled__2025-01-20T00:00:00+00:00 [running]> on host d7d36d5d8c2d
[2025-04-15T09:26:19.122+0000] {taskinstance.py:3134} INFO - Exporting env vars: AIRFLOW_CTX_DAG_OWNER='***' AIRFLOW_CTX_DAG_ID='example_postgres_dag3' AIRFLOW_CTX_TASK_ID='create_table' AIRFLOW_CTX_EXECUTION_DATE='2025-01-20T00:00:00+00:00' AIRFLOW_CTX_TRY_NUMBER='1' AIRFLOW_CTX_DAG_RUN_ID='scheduled__2025-01-20T00:00:00+00:00'
[2025-04-15T09:26:19.128+0000] {taskinstance.py:732} INFO - ::endgroup::
[2025-04-15T09:26:19.174+0000] {sql.py:295} INFO - Executing: 
            CREATE TABLE IF NOT EXISTS example_table (
                dt date,
                dag_id character varying,
                primary key (dt, dag_id)
            );
        
[2025-04-15T09:26:19.192+0000] {base.py:84} INFO - Retrieving connection 'postgres_localhost'
[2025-04-15T09:26:19.215+0000] {base.py:84} INFO - Retrieving connection 'postgres_localhost'
[2025-04-15T09:26:19.216+0000] {sql.py:186} WARNING - This setter is for backward compatibility and should not be used.
Since the introduction of connection property, the providers listed below breaks due to assigning value to self.connection in their __init__ method.
* apache-***-providers-mysql<5.7.1
* apache-***-providers-elasticsearch<5.5.1
* apache-***-providers-postgres<5.13.0
[2025-04-15T09:26:19.233+0000] {sql.py:511} INFO - Running statement: 
            CREATE TABLE IF NOT EXISTS example_table (
                dt date,
                dag_id character varying,
                primary key (dt, dag_id)
            );
        , parameters: None
[2025-04-15T09:26:19.266+0000] {taskinstance.py:341} INFO - ::group::Post task execution logs
[2025-04-15T09:26:19.268+0000] {taskinstance.py:353} INFO - Marking task as SUCCESS. dag_id=example_postgres_dag3, task_id=create_table, run_id=scheduled__2025-01-20T00:00:00+00:00, execution_date=20250120T000000, start_date=20250415T092618, end_date=20250415T092619
[2025-04-15T09:26:19.378+0000] {local_task_job_runner.py:266} INFO - Task exited with return code 0
[2025-04-15T09:26:19.412+0000] {taskinstance.py:3901} INFO - 0 downstream tasks scheduled from follow-on schedule check
[2025-04-15T09:26:19.418+0000] {local_task_job_runner.py:245} INFO - ::endgroup::
