[2025-06-28T09:34:04.636+0000] {local_task_job_runner.py:123} INFO - ::group::Pre task execution logs
[2025-06-28T09:34:04.677+0000] {taskinstance.py:2614} INFO - Dependencies all met for dep_context=non-requeueable deps ti=<TaskInstance: Etl_dag.run_export_script scheduled__2024-04-21T00:00:00+00:00 [queued]>
[2025-06-28T09:34:04.697+0000] {taskinstance.py:2614} INFO - Dependencies all met for dep_context=requeueable deps ti=<TaskInstance: Etl_dag.run_export_script scheduled__2024-04-21T00:00:00+00:00 [queued]>
[2025-06-28T09:34:04.698+0000] {taskinstance.py:2867} INFO - Starting attempt 6 of 7
[2025-06-28T09:34:04.721+0000] {taskinstance.py:2890} INFO - Executing <Task(PythonOperator): run_export_script> on 2024-04-21 00:00:00+00:00
[2025-06-28T09:34:04.728+0000] {standard_task_runner.py:72} INFO - Started process 2240 to run task
[2025-06-28T09:34:04.732+0000] {standard_task_runner.py:104} INFO - Running: ['***', 'tasks', 'run', 'Etl_dag', 'run_export_script', 'scheduled__2024-04-21T00:00:00+00:00', '--job-id', '888', '--raw', '--subdir', 'DAGS_FOLDER/ETL_dag.py', '--cfg-path', '/tmp/tmpvnxauf1u']
[2025-06-28T09:34:04.737+0000] {standard_task_runner.py:105} INFO - Job 888: Subtask run_export_script
[2025-06-28T09:34:04.811+0000] {task_command.py:467} INFO - Running <TaskInstance: Etl_dag.run_export_script scheduled__2024-04-21T00:00:00+00:00 [running]> on host fa768165d3f1
[2025-06-28T09:34:04.956+0000] {taskinstance.py:3134} INFO - Exporting env vars: AIRFLOW_CTX_DAG_OWNER='***' AIRFLOW_CTX_DAG_ID='Etl_dag' AIRFLOW_CTX_TASK_ID='run_export_script' AIRFLOW_CTX_EXECUTION_DATE='2024-04-21T00:00:00+00:00' AIRFLOW_CTX_TRY_NUMBER='6' AIRFLOW_CTX_DAG_RUN_ID='scheduled__2024-04-21T00:00:00+00:00'
[2025-06-28T09:34:04.958+0000] {taskinstance.py:732} INFO - ::endgroup::
[2025-06-28T09:34:04.987+0000] {logging_mixin.py:190} INFO - Exécution du script : /opt/***/Scripts/exporte_data.py
[2025-06-28T09:34:08.713+0000] {logging_mixin.py:190} INFO - Résultat du script /opt/***/Scripts/exporte_data.py :
[2025-06-28T09:34:08.714+0000] {logging_mixin.py:190} INFO - Full_Transformation : /opt/***/raw_data/Cleaned/exported_data_Full_Transformation_20250628_093406.xlsx
brigade : /opt/***/raw_data/Cleaned/exported_data_brigade_20250628_093406.xlsx
portefeuille_empef : /opt/***/raw_data/Cleaned/exported_data_portefeuille_empef_20250628_093406.xlsx
terrain : /opt/***/raw_data/Cleaned/exported_data_terrain_20250628_093406.xlsx
phonning : /opt/***/raw_data/Cleaned/exported_data_phonning_20250628_093406.xlsx
[2025-06-28T09:34:08.715+0000] {python.py:240} INFO - Done. Returned value was: None
[2025-06-28T09:34:08.725+0000] {taskinstance.py:341} INFO - ::group::Post task execution logs
[2025-06-28T09:34:08.726+0000] {taskinstance.py:353} INFO - Marking task as SUCCESS. dag_id=Etl_dag, task_id=run_export_script, run_id=scheduled__2024-04-21T00:00:00+00:00, execution_date=20240421T000000, start_date=20250628T093404, end_date=20250628T093408
[2025-06-28T09:34:08.803+0000] {local_task_job_runner.py:266} INFO - Task exited with return code 0
[2025-06-28T09:34:08.821+0000] {taskinstance.py:3901} INFO - 0 downstream tasks scheduled from follow-on schedule check
[2025-06-28T09:34:08.824+0000] {local_task_job_runner.py:245} INFO - ::endgroup::
