[2025-05-07T10:41:25.733+0000] {local_task_job_runner.py:123} INFO - ::group::Pre task execution logs
[2025-05-07T10:41:25.901+0000] {taskinstance.py:2614} INFO - Dependencies all met for dep_context=non-requeueable deps ti=<TaskInstance: Et_dag.dbt_run scheduled__2024-06-01T00:00:00+00:00 [queued]>
[2025-05-07T10:41:25.970+0000] {taskinstance.py:2614} INFO - Dependencies all met for dep_context=requeueable deps ti=<TaskInstance: Et_dag.dbt_run scheduled__2024-06-01T00:00:00+00:00 [queued]>
[2025-05-07T10:41:25.972+0000] {taskinstance.py:2867} INFO - Starting attempt 1 of 2
[2025-05-07T10:41:26.183+0000] {taskinstance.py:2890} INFO - Executing <Task(BashOperator): dbt_run> on 2024-06-01 00:00:00+00:00
[2025-05-07T10:41:26.234+0000] {standard_task_runner.py:72} INFO - Started process 22131 to run task
[2025-05-07T10:41:26.330+0000] {standard_task_runner.py:104} INFO - Running: ['***', 'tasks', 'run', 'Et_dag', 'dbt_run', 'scheduled__2024-06-01T00:00:00+00:00', '--job-id', '764', '--raw', '--subdir', 'DAGS_FOLDER/ET_dag.py', '--cfg-path', '/tmp/tmpra9h5332']
[2025-05-07T10:41:26.351+0000] {standard_task_runner.py:105} INFO - Job 764: Subtask dbt_run
[2025-05-07T10:41:27.199+0000] {task_command.py:467} INFO - Running <TaskInstance: Et_dag.dbt_run scheduled__2024-06-01T00:00:00+00:00 [running]> on host 3d46136a9270
[2025-05-07T10:41:27.624+0000] {taskinstance.py:3134} INFO - Exporting env vars: AIRFLOW_CTX_DAG_OWNER='***' AIRFLOW_CTX_DAG_ID='Et_dag' AIRFLOW_CTX_TASK_ID='dbt_run' AIRFLOW_CTX_EXECUTION_DATE='2024-06-01T00:00:00+00:00' AIRFLOW_CTX_TRY_NUMBER='1' AIRFLOW_CTX_DAG_RUN_ID='scheduled__2024-06-01T00:00:00+00:00'
[2025-05-07T10:41:27.630+0000] {taskinstance.py:732} INFO - ::endgroup::
[2025-05-07T10:41:27.769+0000] {subprocess.py:78} INFO - Tmp dir root location: /tmp
[2025-05-07T10:41:27.786+0000] {subprocess.py:88} INFO - Running command: ['/usr/bin/bash', '-c', 'cd /opt/***/Dbt/etl_dbt_project && dbt run']
[2025-05-07T10:41:27.994+0000] {subprocess.py:99} INFO - Output:
[2025-05-07T10:41:51.117+0000] {subprocess.py:106} INFO - [0m10:41:51  Running with dbt=1.8.7
[2025-05-07T10:41:54.008+0000] {subprocess.py:106} INFO - [0m10:41:54  Registered adapter: postgres=1.9.0
[2025-05-07T10:42:05.788+0000] {subprocess.py:106} INFO - [0m10:42:05  Found 2 seeds, 1 model, 9 data tests, 7 sources, 545 macros
[2025-05-07T10:42:05.819+0000] {subprocess.py:106} INFO - [0m10:42:05
[2025-05-07T10:42:06.722+0000] {subprocess.py:106} INFO - [0m10:42:06  Concurrency: 1 threads (target='dev')
[2025-05-07T10:42:06.747+0000] {subprocess.py:106} INFO - [0m10:42:06
[2025-05-07T10:42:06.911+0000] {subprocess.py:106} INFO - [0m10:42:06  1 of 1 START sql table model ***.Full_Transformation ....................... [RUN]
[2025-05-07T10:42:08.364+0000] {subprocess.py:106} INFO - [0m10:42:08  1 of 1 OK created sql table model ***.Full_Transformation .................. [[32mSELECT 6000[0m in 1.44s]
[2025-05-07T10:42:08.431+0000] {subprocess.py:106} INFO - [0m10:42:08
[2025-05-07T10:42:08.453+0000] {subprocess.py:106} INFO - [0m10:42:08  Finished running 1 table model in 0 hours 0 minutes and 2.60 seconds (2.60s).
[2025-05-07T10:42:09.208+0000] {subprocess.py:106} INFO - [0m10:42:09
[2025-05-07T10:42:09.214+0000] {subprocess.py:106} INFO - [0m10:42:09  [32mCompleted successfully[0m
[2025-05-07T10:42:09.227+0000] {subprocess.py:106} INFO - [0m10:42:09
[2025-05-07T10:42:09.246+0000] {subprocess.py:106} INFO - [0m10:42:09  Done. PASS=1 WARN=0 ERROR=0 SKIP=0 TOTAL=1
[2025-05-07T10:42:13.026+0000] {subprocess.py:110} INFO - Command exited with return code 0
[2025-05-07T10:42:15.205+0000] {taskinstance.py:341} INFO - ::group::Post task execution logs
[2025-05-07T10:42:15.214+0000] {taskinstance.py:353} INFO - Marking task as SUCCESS. dag_id=Et_dag, task_id=dbt_run, run_id=scheduled__2024-06-01T00:00:00+00:00, execution_date=20240601T000000, start_date=20250507T104125, end_date=20250507T104215
[2025-05-07T10:42:15.472+0000] {local_task_job_runner.py:266} INFO - Task exited with return code 0
[2025-05-07T10:42:15.822+0000] {taskinstance.py:3901} INFO - 1 downstream tasks scheduled from follow-on schedule check
[2025-05-07T10:42:15.833+0000] {local_task_job_runner.py:245} INFO - ::endgroup::
