[2025-04-15T09:25:30.233+0000] {local_task_job_runner.py:123} INFO - ::group::Pre task execution logs
[2025-04-15T09:25:30.532+0000] {taskinstance.py:2614} INFO - Dependencies all met for dep_context=non-requeueable deps ti=<TaskInstance: example_postgres_dag3.create_table scheduled__2024-11-09T00:00:00+00:00 [queued]>
[2025-04-15T09:25:30.810+0000] {taskinstance.py:2614} INFO - Dependencies all met for dep_context=requeueable deps ti=<TaskInstance: example_postgres_dag3.create_table scheduled__2024-11-09T00:00:00+00:00 [queued]>
[2025-04-15T09:25:30.848+0000] {taskinstance.py:2867} INFO - Starting attempt 1 of 1
[2025-04-15T09:25:32.099+0000] {taskinstance.py:2890} INFO - Executing <Task(PostgresOperator): create_table> on 2024-11-09 00:00:00+00:00
[2025-04-15T09:25:32.228+0000] {standard_task_runner.py:72} INFO - Started process 3591 to run task
[2025-04-15T09:25:32.286+0000] {standard_task_runner.py:104} INFO - Running: ['***', 'tasks', 'run', 'example_postgres_dag3', 'create_table', 'scheduled__2024-11-09T00:00:00+00:00', '--job-id', '115', '--raw', '--subdir', 'DAGS_FOLDER/dag_postgreSql.py', '--cfg-path', '/tmp/tmpoyo0csle']
[2025-04-15T09:25:32.314+0000] {standard_task_runner.py:105} INFO - Job 115: Subtask create_table
[2025-04-15T09:25:32.814+0000] {task_command.py:467} INFO - Running <TaskInstance: example_postgres_dag3.create_table scheduled__2024-11-09T00:00:00+00:00 [running]> on host d7d36d5d8c2d
[2025-04-15T09:25:33.248+0000] {taskinstance.py:3134} INFO - Exporting env vars: AIRFLOW_CTX_DAG_OWNER='***' AIRFLOW_CTX_DAG_ID='example_postgres_dag3' AIRFLOW_CTX_TASK_ID='create_table' AIRFLOW_CTX_EXECUTION_DATE='2024-11-09T00:00:00+00:00' AIRFLOW_CTX_TRY_NUMBER='1' AIRFLOW_CTX_DAG_RUN_ID='scheduled__2024-11-09T00:00:00+00:00'
[2025-04-15T09:25:33.250+0000] {taskinstance.py:732} INFO - ::endgroup::
[2025-04-15T09:25:33.410+0000] {sql.py:295} INFO - Executing: 
            CREATE TABLE IF NOT EXISTS example_table (
                dt date,
                dag_id character varying,
                primary key (dt, dag_id)
            );
        
[2025-04-15T09:25:33.469+0000] {base.py:84} INFO - Retrieving connection 'postgres_localhost'
[2025-04-15T09:25:33.521+0000] {base.py:84} INFO - Retrieving connection 'postgres_localhost'
[2025-04-15T09:25:33.526+0000] {sql.py:186} WARNING - This setter is for backward compatibility and should not be used.
Since the introduction of connection property, the providers listed below breaks due to assigning value to self.connection in their __init__ method.
* apache-***-providers-mysql<5.7.1
* apache-***-providers-elasticsearch<5.5.1
* apache-***-providers-postgres<5.13.0
[2025-04-15T09:25:33.556+0000] {sql.py:511} INFO - Running statement: 
            CREATE TABLE IF NOT EXISTS example_table (
                dt date,
                dag_id character varying,
                primary key (dt, dag_id)
            );
        , parameters: None
[2025-04-15T09:25:33.596+0000] {taskinstance.py:341} INFO - ::group::Post task execution logs
[2025-04-15T09:25:33.597+0000] {taskinstance.py:353} INFO - Marking task as SUCCESS. dag_id=example_postgres_dag3, task_id=create_table, run_id=scheduled__2024-11-09T00:00:00+00:00, execution_date=20241109T000000, start_date=20250415T092530, end_date=20250415T092533
[2025-04-15T09:25:33.789+0000] {local_task_job_runner.py:266} INFO - Task exited with return code 0
[2025-04-15T09:25:33.815+0000] {local_task_job_runner.py:245} INFO - ::endgroup::
