[2025-04-27T20:49:43.648+0000] {processor.py:186} INFO - Started process (PID=217) to work on /opt/airflow/dags/PythonOP_Dag.py
[2025-04-27T20:49:43.650+0000] {processor.py:914} INFO - Processing file /opt/airflow/dags/PythonOP_Dag.py for tasks to queue
[2025-04-27T20:49:43.656+0000] {logging_mixin.py:190} INFO - [2025-04-27T20:49:43.655+0000] {dagbag.py:588} INFO - Filling up the DagBag from /opt/airflow/dags/PythonOP_Dag.py
[2025-04-27T20:49:43.691+0000] {processor.py:925} INFO - DAG(s) 'pyop_test3' retrieved from /opt/airflow/dags/PythonOP_Dag.py
[2025-04-27T20:49:43.751+0000] {logging_mixin.py:190} INFO - [2025-04-27T20:49:43.750+0000] {dag.py:3239} INFO - Sync 1 DAGs
[2025-04-27T20:49:43.830+0000] {logging_mixin.py:190} INFO - [2025-04-27T20:49:43.829+0000] {dag.py:4180} INFO - Setting next_dagrun for pyop_test3 to 2024-04-12 00:00:00+00:00, run_after=2024-04-13 00:00:00+00:00
[2025-04-27T20:49:44.134+0000] {processor.py:208} INFO - Processing /opt/airflow/dags/PythonOP_Dag.py took 0.495 seconds
[2025-04-27T20:50:14.945+0000] {processor.py:186} INFO - Started process (PID=250) to work on /opt/airflow/dags/PythonOP_Dag.py
[2025-04-27T20:50:14.946+0000] {processor.py:914} INFO - Processing file /opt/airflow/dags/PythonOP_Dag.py for tasks to queue
[2025-04-27T20:50:14.949+0000] {logging_mixin.py:190} INFO - [2025-04-27T20:50:14.949+0000] {dagbag.py:588} INFO - Filling up the DagBag from /opt/airflow/dags/PythonOP_Dag.py
[2025-04-27T20:50:14.967+0000] {processor.py:925} INFO - DAG(s) 'pyop_test3' retrieved from /opt/airflow/dags/PythonOP_Dag.py
[2025-04-27T20:50:14.992+0000] {logging_mixin.py:190} INFO - [2025-04-27T20:50:14.991+0000] {dag.py:3239} INFO - Sync 1 DAGs
[2025-04-27T20:50:15.017+0000] {logging_mixin.py:190} INFO - [2025-04-27T20:50:15.017+0000] {dag.py:4180} INFO - Setting next_dagrun for pyop_test3 to 2024-04-12 00:00:00+00:00, run_after=2024-04-13 00:00:00+00:00
[2025-04-27T20:50:15.040+0000] {processor.py:208} INFO - Processing /opt/airflow/dags/PythonOP_Dag.py took 0.100 seconds
[2025-04-27T20:50:45.232+0000] {processor.py:186} INFO - Started process (PID=281) to work on /opt/airflow/dags/PythonOP_Dag.py
[2025-04-27T20:50:45.234+0000] {processor.py:914} INFO - Processing file /opt/airflow/dags/PythonOP_Dag.py for tasks to queue
[2025-04-27T20:50:45.237+0000] {logging_mixin.py:190} INFO - [2025-04-27T20:50:45.237+0000] {dagbag.py:588} INFO - Filling up the DagBag from /opt/airflow/dags/PythonOP_Dag.py
[2025-04-27T20:50:45.274+0000] {processor.py:925} INFO - DAG(s) 'pyop_test3' retrieved from /opt/airflow/dags/PythonOP_Dag.py
[2025-04-27T20:50:45.324+0000] {logging_mixin.py:190} INFO - [2025-04-27T20:50:45.323+0000] {dag.py:3239} INFO - Sync 1 DAGs
[2025-04-27T20:50:45.395+0000] {logging_mixin.py:190} INFO - [2025-04-27T20:50:45.394+0000] {dag.py:4180} INFO - Setting next_dagrun for pyop_test3 to 2024-04-12 00:00:00+00:00, run_after=2024-04-13 00:00:00+00:00
[2025-04-27T20:50:45.459+0000] {processor.py:208} INFO - Processing /opt/airflow/dags/PythonOP_Dag.py took 0.236 seconds
[2025-04-27T20:51:16.249+0000] {processor.py:186} INFO - Started process (PID=313) to work on /opt/airflow/dags/PythonOP_Dag.py
[2025-04-27T20:51:16.255+0000] {processor.py:914} INFO - Processing file /opt/airflow/dags/PythonOP_Dag.py for tasks to queue
[2025-04-27T20:51:16.257+0000] {logging_mixin.py:190} INFO - [2025-04-27T20:51:16.257+0000] {dagbag.py:588} INFO - Filling up the DagBag from /opt/airflow/dags/PythonOP_Dag.py
[2025-04-27T20:51:16.276+0000] {processor.py:925} INFO - DAG(s) 'pyop_test3' retrieved from /opt/airflow/dags/PythonOP_Dag.py
[2025-04-27T20:51:16.306+0000] {logging_mixin.py:190} INFO - [2025-04-27T20:51:16.306+0000] {dag.py:3239} INFO - Sync 1 DAGs
[2025-04-27T20:51:16.338+0000] {logging_mixin.py:190} INFO - [2025-04-27T20:51:16.338+0000] {dag.py:4180} INFO - Setting next_dagrun for pyop_test3 to 2024-04-12 00:00:00+00:00, run_after=2024-04-13 00:00:00+00:00
[2025-04-27T20:51:16.360+0000] {processor.py:208} INFO - Processing /opt/airflow/dags/PythonOP_Dag.py took 0.120 seconds
[2025-04-27T20:51:46.579+0000] {processor.py:186} INFO - Started process (PID=342) to work on /opt/airflow/dags/PythonOP_Dag.py
[2025-04-27T20:51:46.582+0000] {processor.py:914} INFO - Processing file /opt/airflow/dags/PythonOP_Dag.py for tasks to queue
[2025-04-27T20:51:46.587+0000] {logging_mixin.py:190} INFO - [2025-04-27T20:51:46.586+0000] {dagbag.py:588} INFO - Filling up the DagBag from /opt/airflow/dags/PythonOP_Dag.py
[2025-04-27T20:51:46.644+0000] {processor.py:925} INFO - DAG(s) 'pyop_test3' retrieved from /opt/airflow/dags/PythonOP_Dag.py
[2025-04-27T20:51:46.777+0000] {logging_mixin.py:190} INFO - [2025-04-27T20:51:46.777+0000] {dag.py:3239} INFO - Sync 1 DAGs
[2025-04-27T20:51:46.904+0000] {logging_mixin.py:190} INFO - [2025-04-27T20:51:46.903+0000] {dag.py:4180} INFO - Setting next_dagrun for pyop_test3 to 2024-04-12 00:00:00+00:00, run_after=2024-04-13 00:00:00+00:00
[2025-04-27T20:51:46.990+0000] {processor.py:208} INFO - Processing /opt/airflow/dags/PythonOP_Dag.py took 0.428 seconds
[2025-04-27T20:52:17.785+0000] {processor.py:186} INFO - Started process (PID=375) to work on /opt/airflow/dags/PythonOP_Dag.py
[2025-04-27T20:52:17.787+0000] {processor.py:914} INFO - Processing file /opt/airflow/dags/PythonOP_Dag.py for tasks to queue
[2025-04-27T20:52:17.790+0000] {logging_mixin.py:190} INFO - [2025-04-27T20:52:17.789+0000] {dagbag.py:588} INFO - Filling up the DagBag from /opt/airflow/dags/PythonOP_Dag.py
[2025-04-27T20:52:17.812+0000] {processor.py:925} INFO - DAG(s) 'pyop_test3' retrieved from /opt/airflow/dags/PythonOP_Dag.py
[2025-04-27T20:52:17.843+0000] {logging_mixin.py:190} INFO - [2025-04-27T20:52:17.843+0000] {dag.py:3239} INFO - Sync 1 DAGs
[2025-04-27T20:52:17.872+0000] {logging_mixin.py:190} INFO - [2025-04-27T20:52:17.872+0000] {dag.py:4180} INFO - Setting next_dagrun for pyop_test3 to 2024-04-12 00:00:00+00:00, run_after=2024-04-13 00:00:00+00:00
[2025-04-27T20:52:17.899+0000] {processor.py:208} INFO - Processing /opt/airflow/dags/PythonOP_Dag.py took 0.122 seconds
[2025-04-27T20:52:48.458+0000] {processor.py:186} INFO - Started process (PID=406) to work on /opt/airflow/dags/PythonOP_Dag.py
[2025-04-27T20:52:48.459+0000] {processor.py:914} INFO - Processing file /opt/airflow/dags/PythonOP_Dag.py for tasks to queue
[2025-04-27T20:52:48.463+0000] {logging_mixin.py:190} INFO - [2025-04-27T20:52:48.462+0000] {dagbag.py:588} INFO - Filling up the DagBag from /opt/airflow/dags/PythonOP_Dag.py
[2025-04-27T20:52:48.491+0000] {processor.py:925} INFO - DAG(s) 'pyop_test3' retrieved from /opt/airflow/dags/PythonOP_Dag.py
[2025-04-27T20:52:48.553+0000] {logging_mixin.py:190} INFO - [2025-04-27T20:52:48.553+0000] {dag.py:3239} INFO - Sync 1 DAGs
[2025-04-27T20:52:48.604+0000] {logging_mixin.py:190} INFO - [2025-04-27T20:52:48.603+0000] {dag.py:4180} INFO - Setting next_dagrun for pyop_test3 to 2024-04-12 00:00:00+00:00, run_after=2024-04-13 00:00:00+00:00
[2025-04-27T20:52:48.651+0000] {processor.py:208} INFO - Processing /opt/airflow/dags/PythonOP_Dag.py took 0.201 seconds
[2025-04-27T20:53:19.371+0000] {processor.py:186} INFO - Started process (PID=437) to work on /opt/airflow/dags/PythonOP_Dag.py
[2025-04-27T20:53:19.372+0000] {processor.py:914} INFO - Processing file /opt/airflow/dags/PythonOP_Dag.py for tasks to queue
[2025-04-27T20:53:19.375+0000] {logging_mixin.py:190} INFO - [2025-04-27T20:53:19.375+0000] {dagbag.py:588} INFO - Filling up the DagBag from /opt/airflow/dags/PythonOP_Dag.py
[2025-04-27T20:53:19.396+0000] {processor.py:925} INFO - DAG(s) 'pyop_test3' retrieved from /opt/airflow/dags/PythonOP_Dag.py
[2025-04-27T20:53:19.423+0000] {logging_mixin.py:190} INFO - [2025-04-27T20:53:19.422+0000] {dag.py:3239} INFO - Sync 1 DAGs
[2025-04-27T20:53:19.447+0000] {logging_mixin.py:190} INFO - [2025-04-27T20:53:19.447+0000] {dag.py:4180} INFO - Setting next_dagrun for pyop_test3 to 2024-04-12 00:00:00+00:00, run_after=2024-04-13 00:00:00+00:00
[2025-04-27T20:53:19.469+0000] {processor.py:208} INFO - Processing /opt/airflow/dags/PythonOP_Dag.py took 0.105 seconds
[2025-04-27T20:53:49.822+0000] {processor.py:186} INFO - Started process (PID=468) to work on /opt/airflow/dags/PythonOP_Dag.py
[2025-04-27T20:53:49.823+0000] {processor.py:914} INFO - Processing file /opt/airflow/dags/PythonOP_Dag.py for tasks to queue
[2025-04-27T20:53:49.825+0000] {logging_mixin.py:190} INFO - [2025-04-27T20:53:49.825+0000] {dagbag.py:588} INFO - Filling up the DagBag from /opt/airflow/dags/PythonOP_Dag.py
[2025-04-27T20:53:49.845+0000] {processor.py:925} INFO - DAG(s) 'pyop_test3' retrieved from /opt/airflow/dags/PythonOP_Dag.py
[2025-04-27T20:53:49.870+0000] {logging_mixin.py:190} INFO - [2025-04-27T20:53:49.870+0000] {dag.py:3239} INFO - Sync 1 DAGs
[2025-04-27T20:53:49.898+0000] {logging_mixin.py:190} INFO - [2025-04-27T20:53:49.898+0000] {dag.py:4180} INFO - Setting next_dagrun for pyop_test3 to 2024-04-12 00:00:00+00:00, run_after=2024-04-13 00:00:00+00:00
[2025-04-27T20:53:49.924+0000] {processor.py:208} INFO - Processing /opt/airflow/dags/PythonOP_Dag.py took 0.109 seconds
[2025-04-27T20:54:20.485+0000] {processor.py:186} INFO - Started process (PID=499) to work on /opt/airflow/dags/PythonOP_Dag.py
[2025-04-27T20:54:20.486+0000] {processor.py:914} INFO - Processing file /opt/airflow/dags/PythonOP_Dag.py for tasks to queue
[2025-04-27T20:54:20.489+0000] {logging_mixin.py:190} INFO - [2025-04-27T20:54:20.488+0000] {dagbag.py:588} INFO - Filling up the DagBag from /opt/airflow/dags/PythonOP_Dag.py
[2025-04-27T20:54:20.507+0000] {processor.py:925} INFO - DAG(s) 'pyop_test3' retrieved from /opt/airflow/dags/PythonOP_Dag.py
[2025-04-27T20:54:20.536+0000] {logging_mixin.py:190} INFO - [2025-04-27T20:54:20.536+0000] {dag.py:3239} INFO - Sync 1 DAGs
[2025-04-27T20:54:20.561+0000] {logging_mixin.py:190} INFO - [2025-04-27T20:54:20.561+0000] {dag.py:4180} INFO - Setting next_dagrun for pyop_test3 to 2024-04-12 00:00:00+00:00, run_after=2024-04-13 00:00:00+00:00
[2025-04-27T20:54:20.583+0000] {processor.py:208} INFO - Processing /opt/airflow/dags/PythonOP_Dag.py took 0.104 seconds
[2025-04-27T20:54:51.355+0000] {processor.py:186} INFO - Started process (PID=530) to work on /opt/airflow/dags/PythonOP_Dag.py
[2025-04-27T20:54:51.356+0000] {processor.py:914} INFO - Processing file /opt/airflow/dags/PythonOP_Dag.py for tasks to queue
[2025-04-27T20:54:51.359+0000] {logging_mixin.py:190} INFO - [2025-04-27T20:54:51.359+0000] {dagbag.py:588} INFO - Filling up the DagBag from /opt/airflow/dags/PythonOP_Dag.py
[2025-04-27T20:54:51.386+0000] {processor.py:925} INFO - DAG(s) 'pyop_test3' retrieved from /opt/airflow/dags/PythonOP_Dag.py
[2025-04-27T20:54:51.424+0000] {logging_mixin.py:190} INFO - [2025-04-27T20:54:51.424+0000] {dag.py:3239} INFO - Sync 1 DAGs
[2025-04-27T20:54:51.469+0000] {logging_mixin.py:190} INFO - [2025-04-27T20:54:51.469+0000] {dag.py:4180} INFO - Setting next_dagrun for pyop_test3 to 2024-04-12 00:00:00+00:00, run_after=2024-04-13 00:00:00+00:00
[2025-04-27T20:54:51.511+0000] {processor.py:208} INFO - Processing /opt/airflow/dags/PythonOP_Dag.py took 0.164 seconds
[2025-04-27T20:55:22.144+0000] {processor.py:186} INFO - Started process (PID=561) to work on /opt/airflow/dags/PythonOP_Dag.py
[2025-04-27T20:55:22.146+0000] {processor.py:914} INFO - Processing file /opt/airflow/dags/PythonOP_Dag.py for tasks to queue
[2025-04-27T20:55:22.150+0000] {logging_mixin.py:190} INFO - [2025-04-27T20:55:22.149+0000] {dagbag.py:588} INFO - Filling up the DagBag from /opt/airflow/dags/PythonOP_Dag.py
[2025-04-27T20:55:22.179+0000] {processor.py:925} INFO - DAG(s) 'pyop_test3' retrieved from /opt/airflow/dags/PythonOP_Dag.py
[2025-04-27T20:55:22.223+0000] {logging_mixin.py:190} INFO - [2025-04-27T20:55:22.223+0000] {dag.py:3239} INFO - Sync 1 DAGs
[2025-04-27T20:55:22.262+0000] {logging_mixin.py:190} INFO - [2025-04-27T20:55:22.261+0000] {dag.py:4180} INFO - Setting next_dagrun for pyop_test3 to 2024-04-12 00:00:00+00:00, run_after=2024-04-13 00:00:00+00:00
[2025-04-27T20:55:22.291+0000] {processor.py:208} INFO - Processing /opt/airflow/dags/PythonOP_Dag.py took 0.154 seconds
[2025-04-27T20:55:52.968+0000] {processor.py:186} INFO - Started process (PID=592) to work on /opt/airflow/dags/PythonOP_Dag.py
[2025-04-27T20:55:52.972+0000] {processor.py:914} INFO - Processing file /opt/airflow/dags/PythonOP_Dag.py for tasks to queue
[2025-04-27T20:55:52.976+0000] {logging_mixin.py:190} INFO - [2025-04-27T20:55:52.975+0000] {dagbag.py:588} INFO - Filling up the DagBag from /opt/airflow/dags/PythonOP_Dag.py
[2025-04-27T20:55:53.005+0000] {processor.py:925} INFO - DAG(s) 'pyop_test3' retrieved from /opt/airflow/dags/PythonOP_Dag.py
[2025-04-27T20:55:53.051+0000] {logging_mixin.py:190} INFO - [2025-04-27T20:55:53.051+0000] {dag.py:3239} INFO - Sync 1 DAGs
[2025-04-27T20:55:53.080+0000] {logging_mixin.py:190} INFO - [2025-04-27T20:55:53.079+0000] {dag.py:4180} INFO - Setting next_dagrun for pyop_test3 to 2024-04-12 00:00:00+00:00, run_after=2024-04-13 00:00:00+00:00
[2025-04-27T20:55:53.101+0000] {processor.py:208} INFO - Processing /opt/airflow/dags/PythonOP_Dag.py took 0.140 seconds
[2025-04-27T20:56:23.693+0000] {processor.py:186} INFO - Started process (PID=623) to work on /opt/airflow/dags/PythonOP_Dag.py
[2025-04-27T20:56:23.695+0000] {processor.py:914} INFO - Processing file /opt/airflow/dags/PythonOP_Dag.py for tasks to queue
[2025-04-27T20:56:23.699+0000] {logging_mixin.py:190} INFO - [2025-04-27T20:56:23.699+0000] {dagbag.py:588} INFO - Filling up the DagBag from /opt/airflow/dags/PythonOP_Dag.py
[2025-04-27T20:56:23.728+0000] {processor.py:925} INFO - DAG(s) 'pyop_test3' retrieved from /opt/airflow/dags/PythonOP_Dag.py
[2025-04-27T20:56:23.764+0000] {logging_mixin.py:190} INFO - [2025-04-27T20:56:23.764+0000] {dag.py:3239} INFO - Sync 1 DAGs
[2025-04-27T20:56:23.798+0000] {logging_mixin.py:190} INFO - [2025-04-27T20:56:23.798+0000] {dag.py:4180} INFO - Setting next_dagrun for pyop_test3 to 2024-04-12 00:00:00+00:00, run_after=2024-04-13 00:00:00+00:00
[2025-04-27T20:56:23.823+0000] {processor.py:208} INFO - Processing /opt/airflow/dags/PythonOP_Dag.py took 0.138 seconds
[2025-04-27T20:56:54.424+0000] {processor.py:186} INFO - Started process (PID=654) to work on /opt/airflow/dags/PythonOP_Dag.py
[2025-04-27T20:56:54.426+0000] {processor.py:914} INFO - Processing file /opt/airflow/dags/PythonOP_Dag.py for tasks to queue
[2025-04-27T20:56:54.428+0000] {logging_mixin.py:190} INFO - [2025-04-27T20:56:54.427+0000] {dagbag.py:588} INFO - Filling up the DagBag from /opt/airflow/dags/PythonOP_Dag.py
[2025-04-27T20:56:54.446+0000] {processor.py:925} INFO - DAG(s) 'pyop_test3' retrieved from /opt/airflow/dags/PythonOP_Dag.py
[2025-04-27T20:56:54.472+0000] {logging_mixin.py:190} INFO - [2025-04-27T20:56:54.472+0000] {dag.py:3239} INFO - Sync 1 DAGs
[2025-04-27T20:56:54.497+0000] {logging_mixin.py:190} INFO - [2025-04-27T20:56:54.497+0000] {dag.py:4180} INFO - Setting next_dagrun for pyop_test3 to 2024-04-12 00:00:00+00:00, run_after=2024-04-13 00:00:00+00:00
[2025-04-27T20:56:54.518+0000] {processor.py:208} INFO - Processing /opt/airflow/dags/PythonOP_Dag.py took 0.100 seconds
[2025-04-27T20:57:25.104+0000] {processor.py:186} INFO - Started process (PID=685) to work on /opt/airflow/dags/PythonOP_Dag.py
[2025-04-27T20:57:25.105+0000] {processor.py:914} INFO - Processing file /opt/airflow/dags/PythonOP_Dag.py for tasks to queue
[2025-04-27T20:57:25.107+0000] {logging_mixin.py:190} INFO - [2025-04-27T20:57:25.107+0000] {dagbag.py:588} INFO - Filling up the DagBag from /opt/airflow/dags/PythonOP_Dag.py
[2025-04-27T20:57:25.124+0000] {processor.py:925} INFO - DAG(s) 'pyop_test3' retrieved from /opt/airflow/dags/PythonOP_Dag.py
[2025-04-27T20:57:25.149+0000] {logging_mixin.py:190} INFO - [2025-04-27T20:57:25.149+0000] {dag.py:3239} INFO - Sync 1 DAGs
[2025-04-27T20:57:25.173+0000] {logging_mixin.py:190} INFO - [2025-04-27T20:57:25.173+0000] {dag.py:4180} INFO - Setting next_dagrun for pyop_test3 to 2024-04-12 00:00:00+00:00, run_after=2024-04-13 00:00:00+00:00
[2025-04-27T20:57:25.194+0000] {processor.py:208} INFO - Processing /opt/airflow/dags/PythonOP_Dag.py took 0.096 seconds
[2025-04-27T20:57:55.798+0000] {processor.py:186} INFO - Started process (PID=716) to work on /opt/airflow/dags/PythonOP_Dag.py
[2025-04-27T20:57:55.799+0000] {processor.py:914} INFO - Processing file /opt/airflow/dags/PythonOP_Dag.py for tasks to queue
[2025-04-27T20:57:55.801+0000] {logging_mixin.py:190} INFO - [2025-04-27T20:57:55.801+0000] {dagbag.py:588} INFO - Filling up the DagBag from /opt/airflow/dags/PythonOP_Dag.py
[2025-04-27T20:57:55.820+0000] {processor.py:925} INFO - DAG(s) 'pyop_test3' retrieved from /opt/airflow/dags/PythonOP_Dag.py
[2025-04-27T20:57:55.845+0000] {logging_mixin.py:190} INFO - [2025-04-27T20:57:55.845+0000] {dag.py:3239} INFO - Sync 1 DAGs
[2025-04-27T20:57:55.872+0000] {logging_mixin.py:190} INFO - [2025-04-27T20:57:55.872+0000] {dag.py:4180} INFO - Setting next_dagrun for pyop_test3 to 2024-04-12 00:00:00+00:00, run_after=2024-04-13 00:00:00+00:00
[2025-04-27T20:57:55.903+0000] {processor.py:208} INFO - Processing /opt/airflow/dags/PythonOP_Dag.py took 0.112 seconds
[2025-04-27T20:58:26.777+0000] {processor.py:186} INFO - Started process (PID=747) to work on /opt/airflow/dags/PythonOP_Dag.py
[2025-04-27T20:58:26.779+0000] {processor.py:914} INFO - Processing file /opt/airflow/dags/PythonOP_Dag.py for tasks to queue
[2025-04-27T20:58:26.792+0000] {logging_mixin.py:190} INFO - [2025-04-27T20:58:26.791+0000] {dagbag.py:588} INFO - Filling up the DagBag from /opt/airflow/dags/PythonOP_Dag.py
[2025-04-27T20:58:26.867+0000] {processor.py:925} INFO - DAG(s) 'pyop_test3' retrieved from /opt/airflow/dags/PythonOP_Dag.py
[2025-04-27T20:58:26.939+0000] {logging_mixin.py:190} INFO - [2025-04-27T20:58:26.938+0000] {dag.py:3239} INFO - Sync 1 DAGs
[2025-04-27T20:58:27.003+0000] {logging_mixin.py:190} INFO - [2025-04-27T20:58:27.002+0000] {dag.py:4180} INFO - Setting next_dagrun for pyop_test3 to 2024-04-12 00:00:00+00:00, run_after=2024-04-13 00:00:00+00:00
[2025-04-27T20:58:27.118+0000] {processor.py:208} INFO - Processing /opt/airflow/dags/PythonOP_Dag.py took 0.364 seconds
[2025-04-27T20:58:57.714+0000] {processor.py:186} INFO - Started process (PID=778) to work on /opt/airflow/dags/PythonOP_Dag.py
[2025-04-27T20:58:57.719+0000] {processor.py:914} INFO - Processing file /opt/airflow/dags/PythonOP_Dag.py for tasks to queue
[2025-04-27T20:58:57.723+0000] {logging_mixin.py:190} INFO - [2025-04-27T20:58:57.722+0000] {dagbag.py:588} INFO - Filling up the DagBag from /opt/airflow/dags/PythonOP_Dag.py
[2025-04-27T20:58:57.741+0000] {processor.py:925} INFO - DAG(s) 'pyop_test3' retrieved from /opt/airflow/dags/PythonOP_Dag.py
[2025-04-27T20:58:57.769+0000] {logging_mixin.py:190} INFO - [2025-04-27T20:58:57.769+0000] {dag.py:3239} INFO - Sync 1 DAGs
[2025-04-27T20:58:57.800+0000] {logging_mixin.py:190} INFO - [2025-04-27T20:58:57.800+0000] {dag.py:4180} INFO - Setting next_dagrun for pyop_test3 to 2024-04-12 00:00:00+00:00, run_after=2024-04-13 00:00:00+00:00
[2025-04-27T20:58:57.834+0000] {processor.py:208} INFO - Processing /opt/airflow/dags/PythonOP_Dag.py took 0.126 seconds
[2025-04-27T20:59:28.558+0000] {processor.py:186} INFO - Started process (PID=809) to work on /opt/airflow/dags/PythonOP_Dag.py
[2025-04-27T20:59:28.559+0000] {processor.py:914} INFO - Processing file /opt/airflow/dags/PythonOP_Dag.py for tasks to queue
[2025-04-27T20:59:28.561+0000] {logging_mixin.py:190} INFO - [2025-04-27T20:59:28.561+0000] {dagbag.py:588} INFO - Filling up the DagBag from /opt/airflow/dags/PythonOP_Dag.py
[2025-04-27T20:59:28.582+0000] {processor.py:925} INFO - DAG(s) 'pyop_test3' retrieved from /opt/airflow/dags/PythonOP_Dag.py
[2025-04-27T20:59:28.609+0000] {logging_mixin.py:190} INFO - [2025-04-27T20:59:28.609+0000] {dag.py:3239} INFO - Sync 1 DAGs
[2025-04-27T20:59:28.637+0000] {logging_mixin.py:190} INFO - [2025-04-27T20:59:28.636+0000] {dag.py:4180} INFO - Setting next_dagrun for pyop_test3 to 2024-04-12 00:00:00+00:00, run_after=2024-04-13 00:00:00+00:00
[2025-04-27T20:59:28.662+0000] {processor.py:208} INFO - Processing /opt/airflow/dags/PythonOP_Dag.py took 0.111 seconds
[2025-04-27T20:59:59.196+0000] {processor.py:186} INFO - Started process (PID=840) to work on /opt/airflow/dags/PythonOP_Dag.py
[2025-04-27T20:59:59.197+0000] {processor.py:914} INFO - Processing file /opt/airflow/dags/PythonOP_Dag.py for tasks to queue
[2025-04-27T20:59:59.200+0000] {logging_mixin.py:190} INFO - [2025-04-27T20:59:59.200+0000] {dagbag.py:588} INFO - Filling up the DagBag from /opt/airflow/dags/PythonOP_Dag.py
[2025-04-27T20:59:59.219+0000] {processor.py:925} INFO - DAG(s) 'pyop_test3' retrieved from /opt/airflow/dags/PythonOP_Dag.py
[2025-04-27T20:59:59.245+0000] {logging_mixin.py:190} INFO - [2025-04-27T20:59:59.245+0000] {dag.py:3239} INFO - Sync 1 DAGs
[2025-04-27T20:59:59.272+0000] {logging_mixin.py:190} INFO - [2025-04-27T20:59:59.272+0000] {dag.py:4180} INFO - Setting next_dagrun for pyop_test3 to 2024-04-12 00:00:00+00:00, run_after=2024-04-13 00:00:00+00:00
[2025-04-27T20:59:59.310+0000] {processor.py:208} INFO - Processing /opt/airflow/dags/PythonOP_Dag.py took 0.120 seconds
[2025-04-27T21:00:29.860+0000] {processor.py:186} INFO - Started process (PID=871) to work on /opt/airflow/dags/PythonOP_Dag.py
[2025-04-27T21:00:29.861+0000] {processor.py:914} INFO - Processing file /opt/airflow/dags/PythonOP_Dag.py for tasks to queue
[2025-04-27T21:00:29.863+0000] {logging_mixin.py:190} INFO - [2025-04-27T21:00:29.863+0000] {dagbag.py:588} INFO - Filling up the DagBag from /opt/airflow/dags/PythonOP_Dag.py
[2025-04-27T21:00:29.882+0000] {processor.py:925} INFO - DAG(s) 'pyop_test3' retrieved from /opt/airflow/dags/PythonOP_Dag.py
[2025-04-27T21:00:29.909+0000] {logging_mixin.py:190} INFO - [2025-04-27T21:00:29.908+0000] {dag.py:3239} INFO - Sync 1 DAGs
[2025-04-27T21:00:29.932+0000] {logging_mixin.py:190} INFO - [2025-04-27T21:00:29.932+0000] {dag.py:4180} INFO - Setting next_dagrun for pyop_test3 to 2024-04-12 00:00:00+00:00, run_after=2024-04-13 00:00:00+00:00
[2025-04-27T21:00:29.963+0000] {processor.py:208} INFO - Processing /opt/airflow/dags/PythonOP_Dag.py took 0.109 seconds
[2025-04-27T21:01:00.555+0000] {processor.py:186} INFO - Started process (PID=902) to work on /opt/airflow/dags/PythonOP_Dag.py
[2025-04-27T21:01:00.556+0000] {processor.py:914} INFO - Processing file /opt/airflow/dags/PythonOP_Dag.py for tasks to queue
[2025-04-27T21:01:00.560+0000] {logging_mixin.py:190} INFO - [2025-04-27T21:01:00.559+0000] {dagbag.py:588} INFO - Filling up the DagBag from /opt/airflow/dags/PythonOP_Dag.py
[2025-04-27T21:01:00.583+0000] {processor.py:925} INFO - DAG(s) 'pyop_test3' retrieved from /opt/airflow/dags/PythonOP_Dag.py
[2025-04-27T21:01:00.625+0000] {logging_mixin.py:190} INFO - [2025-04-27T21:01:00.625+0000] {dag.py:3239} INFO - Sync 1 DAGs
[2025-04-27T21:01:00.678+0000] {logging_mixin.py:190} INFO - [2025-04-27T21:01:00.678+0000] {dag.py:4180} INFO - Setting next_dagrun for pyop_test3 to 2024-04-12 00:00:00+00:00, run_after=2024-04-13 00:00:00+00:00
[2025-04-27T21:01:00.716+0000] {processor.py:208} INFO - Processing /opt/airflow/dags/PythonOP_Dag.py took 0.169 seconds
[2025-04-27T21:01:31.497+0000] {processor.py:186} INFO - Started process (PID=933) to work on /opt/airflow/dags/PythonOP_Dag.py
[2025-04-27T21:01:31.498+0000] {processor.py:914} INFO - Processing file /opt/airflow/dags/PythonOP_Dag.py for tasks to queue
[2025-04-27T21:01:31.501+0000] {logging_mixin.py:190} INFO - [2025-04-27T21:01:31.501+0000] {dagbag.py:588} INFO - Filling up the DagBag from /opt/airflow/dags/PythonOP_Dag.py
[2025-04-27T21:01:31.522+0000] {processor.py:925} INFO - DAG(s) 'pyop_test3' retrieved from /opt/airflow/dags/PythonOP_Dag.py
[2025-04-27T21:01:31.559+0000] {logging_mixin.py:190} INFO - [2025-04-27T21:01:31.558+0000] {dag.py:3239} INFO - Sync 1 DAGs
[2025-04-27T21:01:31.596+0000] {logging_mixin.py:190} INFO - [2025-04-27T21:01:31.595+0000] {dag.py:4180} INFO - Setting next_dagrun for pyop_test3 to 2024-04-12 00:00:00+00:00, run_after=2024-04-13 00:00:00+00:00
[2025-04-27T21:01:31.629+0000] {processor.py:208} INFO - Processing /opt/airflow/dags/PythonOP_Dag.py took 0.138 seconds
[2025-04-27T21:02:02.217+0000] {processor.py:186} INFO - Started process (PID=964) to work on /opt/airflow/dags/PythonOP_Dag.py
[2025-04-27T21:02:02.218+0000] {processor.py:914} INFO - Processing file /opt/airflow/dags/PythonOP_Dag.py for tasks to queue
[2025-04-27T21:02:02.221+0000] {logging_mixin.py:190} INFO - [2025-04-27T21:02:02.220+0000] {dagbag.py:588} INFO - Filling up the DagBag from /opt/airflow/dags/PythonOP_Dag.py
[2025-04-27T21:02:02.238+0000] {processor.py:925} INFO - DAG(s) 'pyop_test3' retrieved from /opt/airflow/dags/PythonOP_Dag.py
[2025-04-27T21:02:02.264+0000] {logging_mixin.py:190} INFO - [2025-04-27T21:02:02.264+0000] {dag.py:3239} INFO - Sync 1 DAGs
[2025-04-27T21:02:02.288+0000] {logging_mixin.py:190} INFO - [2025-04-27T21:02:02.288+0000] {dag.py:4180} INFO - Setting next_dagrun for pyop_test3 to 2024-04-12 00:00:00+00:00, run_after=2024-04-13 00:00:00+00:00
[2025-04-27T21:02:02.310+0000] {processor.py:208} INFO - Processing /opt/airflow/dags/PythonOP_Dag.py took 0.100 seconds
[2025-04-27T21:02:32.842+0000] {processor.py:186} INFO - Started process (PID=995) to work on /opt/airflow/dags/PythonOP_Dag.py
[2025-04-27T21:02:32.844+0000] {processor.py:914} INFO - Processing file /opt/airflow/dags/PythonOP_Dag.py for tasks to queue
[2025-04-27T21:02:32.850+0000] {logging_mixin.py:190} INFO - [2025-04-27T21:02:32.850+0000] {dagbag.py:588} INFO - Filling up the DagBag from /opt/airflow/dags/PythonOP_Dag.py
[2025-04-27T21:02:32.888+0000] {processor.py:925} INFO - DAG(s) 'pyop_test3' retrieved from /opt/airflow/dags/PythonOP_Dag.py
[2025-04-27T21:02:32.918+0000] {logging_mixin.py:190} INFO - [2025-04-27T21:02:32.917+0000] {dag.py:3239} INFO - Sync 1 DAGs
[2025-04-27T21:02:32.944+0000] {logging_mixin.py:190} INFO - [2025-04-27T21:02:32.944+0000] {dag.py:4180} INFO - Setting next_dagrun for pyop_test3 to 2024-04-12 00:00:00+00:00, run_after=2024-04-13 00:00:00+00:00
[2025-04-27T21:02:32.976+0000] {processor.py:208} INFO - Processing /opt/airflow/dags/PythonOP_Dag.py took 0.143 seconds
[2025-04-27T21:03:03.716+0000] {processor.py:186} INFO - Started process (PID=1026) to work on /opt/airflow/dags/PythonOP_Dag.py
[2025-04-27T21:03:03.717+0000] {processor.py:914} INFO - Processing file /opt/airflow/dags/PythonOP_Dag.py for tasks to queue
[2025-04-27T21:03:03.721+0000] {logging_mixin.py:190} INFO - [2025-04-27T21:03:03.720+0000] {dagbag.py:588} INFO - Filling up the DagBag from /opt/airflow/dags/PythonOP_Dag.py
[2025-04-27T21:03:03.748+0000] {processor.py:925} INFO - DAG(s) 'pyop_test3' retrieved from /opt/airflow/dags/PythonOP_Dag.py
[2025-04-27T21:03:03.792+0000] {logging_mixin.py:190} INFO - [2025-04-27T21:03:03.792+0000] {dag.py:3239} INFO - Sync 1 DAGs
[2025-04-27T21:03:03.838+0000] {logging_mixin.py:190} INFO - [2025-04-27T21:03:03.837+0000] {dag.py:4180} INFO - Setting next_dagrun for pyop_test3 to 2024-04-12 00:00:00+00:00, run_after=2024-04-13 00:00:00+00:00
[2025-04-27T21:03:03.862+0000] {processor.py:208} INFO - Processing /opt/airflow/dags/PythonOP_Dag.py took 0.155 seconds
[2025-04-27T21:03:34.386+0000] {processor.py:186} INFO - Started process (PID=1057) to work on /opt/airflow/dags/PythonOP_Dag.py
[2025-04-27T21:03:34.387+0000] {processor.py:914} INFO - Processing file /opt/airflow/dags/PythonOP_Dag.py for tasks to queue
[2025-04-27T21:03:34.389+0000] {logging_mixin.py:190} INFO - [2025-04-27T21:03:34.389+0000] {dagbag.py:588} INFO - Filling up the DagBag from /opt/airflow/dags/PythonOP_Dag.py
[2025-04-27T21:03:34.407+0000] {processor.py:925} INFO - DAG(s) 'pyop_test3' retrieved from /opt/airflow/dags/PythonOP_Dag.py
[2025-04-27T21:03:34.434+0000] {logging_mixin.py:190} INFO - [2025-04-27T21:03:34.434+0000] {dag.py:3239} INFO - Sync 1 DAGs
[2025-04-27T21:03:34.458+0000] {logging_mixin.py:190} INFO - [2025-04-27T21:03:34.457+0000] {dag.py:4180} INFO - Setting next_dagrun for pyop_test3 to 2024-04-12 00:00:00+00:00, run_after=2024-04-13 00:00:00+00:00
[2025-04-27T21:03:34.488+0000] {processor.py:208} INFO - Processing /opt/airflow/dags/PythonOP_Dag.py took 0.108 seconds
[2025-04-27T21:04:05.189+0000] {processor.py:186} INFO - Started process (PID=1088) to work on /opt/airflow/dags/PythonOP_Dag.py
[2025-04-27T21:04:05.190+0000] {processor.py:914} INFO - Processing file /opt/airflow/dags/PythonOP_Dag.py for tasks to queue
[2025-04-27T21:04:05.192+0000] {logging_mixin.py:190} INFO - [2025-04-27T21:04:05.192+0000] {dagbag.py:588} INFO - Filling up the DagBag from /opt/airflow/dags/PythonOP_Dag.py
[2025-04-27T21:04:05.212+0000] {processor.py:925} INFO - DAG(s) 'pyop_test3' retrieved from /opt/airflow/dags/PythonOP_Dag.py
[2025-04-27T21:04:05.239+0000] {logging_mixin.py:190} INFO - [2025-04-27T21:04:05.239+0000] {dag.py:3239} INFO - Sync 1 DAGs
[2025-04-27T21:04:05.270+0000] {logging_mixin.py:190} INFO - [2025-04-27T21:04:05.270+0000] {dag.py:4180} INFO - Setting next_dagrun for pyop_test3 to 2024-04-12 00:00:00+00:00, run_after=2024-04-13 00:00:00+00:00
[2025-04-27T21:04:05.300+0000] {processor.py:208} INFO - Processing /opt/airflow/dags/PythonOP_Dag.py took 0.116 seconds
[2025-04-27T21:04:35.853+0000] {processor.py:186} INFO - Started process (PID=1119) to work on /opt/airflow/dags/PythonOP_Dag.py
[2025-04-27T21:04:35.854+0000] {processor.py:914} INFO - Processing file /opt/airflow/dags/PythonOP_Dag.py for tasks to queue
[2025-04-27T21:04:35.856+0000] {logging_mixin.py:190} INFO - [2025-04-27T21:04:35.856+0000] {dagbag.py:588} INFO - Filling up the DagBag from /opt/airflow/dags/PythonOP_Dag.py
[2025-04-27T21:04:35.875+0000] {processor.py:925} INFO - DAG(s) 'pyop_test3' retrieved from /opt/airflow/dags/PythonOP_Dag.py
[2025-04-27T21:04:35.906+0000] {logging_mixin.py:190} INFO - [2025-04-27T21:04:35.906+0000] {dag.py:3239} INFO - Sync 1 DAGs
[2025-04-27T21:04:35.957+0000] {logging_mixin.py:190} INFO - [2025-04-27T21:04:35.957+0000] {dag.py:4180} INFO - Setting next_dagrun for pyop_test3 to 2024-04-12 00:00:00+00:00, run_after=2024-04-13 00:00:00+00:00
[2025-04-27T21:04:35.984+0000] {processor.py:208} INFO - Processing /opt/airflow/dags/PythonOP_Dag.py took 0.138 seconds
[2025-04-27T21:05:06.593+0000] {processor.py:186} INFO - Started process (PID=1150) to work on /opt/airflow/dags/PythonOP_Dag.py
[2025-04-27T21:05:06.595+0000] {processor.py:914} INFO - Processing file /opt/airflow/dags/PythonOP_Dag.py for tasks to queue
[2025-04-27T21:05:06.598+0000] {logging_mixin.py:190} INFO - [2025-04-27T21:05:06.598+0000] {dagbag.py:588} INFO - Filling up the DagBag from /opt/airflow/dags/PythonOP_Dag.py
[2025-04-27T21:05:06.620+0000] {processor.py:925} INFO - DAG(s) 'pyop_test3' retrieved from /opt/airflow/dags/PythonOP_Dag.py
[2025-04-27T21:05:06.652+0000] {logging_mixin.py:190} INFO - [2025-04-27T21:05:06.652+0000] {dag.py:3239} INFO - Sync 1 DAGs
[2025-04-27T21:05:06.684+0000] {logging_mixin.py:190} INFO - [2025-04-27T21:05:06.684+0000] {dag.py:4180} INFO - Setting next_dagrun for pyop_test3 to 2024-04-12 00:00:00+00:00, run_after=2024-04-13 00:00:00+00:00
[2025-04-27T21:05:06.726+0000] {processor.py:208} INFO - Processing /opt/airflow/dags/PythonOP_Dag.py took 0.140 seconds
[2025-04-27T21:05:37.284+0000] {processor.py:186} INFO - Started process (PID=1181) to work on /opt/airflow/dags/PythonOP_Dag.py
[2025-04-27T21:05:37.286+0000] {processor.py:914} INFO - Processing file /opt/airflow/dags/PythonOP_Dag.py for tasks to queue
[2025-04-27T21:05:37.290+0000] {logging_mixin.py:190} INFO - [2025-04-27T21:05:37.290+0000] {dagbag.py:588} INFO - Filling up the DagBag from /opt/airflow/dags/PythonOP_Dag.py
[2025-04-27T21:05:37.316+0000] {processor.py:925} INFO - DAG(s) 'pyop_test3' retrieved from /opt/airflow/dags/PythonOP_Dag.py
[2025-04-27T21:05:37.345+0000] {logging_mixin.py:190} INFO - [2025-04-27T21:05:37.344+0000] {dag.py:3239} INFO - Sync 1 DAGs
[2025-04-27T21:05:37.384+0000] {logging_mixin.py:190} INFO - [2025-04-27T21:05:37.383+0000] {dag.py:4180} INFO - Setting next_dagrun for pyop_test3 to 2024-04-12 00:00:00+00:00, run_after=2024-04-13 00:00:00+00:00
[2025-04-27T21:05:37.409+0000] {processor.py:208} INFO - Processing /opt/airflow/dags/PythonOP_Dag.py took 0.139 seconds
[2025-04-27T21:06:08.004+0000] {processor.py:186} INFO - Started process (PID=1212) to work on /opt/airflow/dags/PythonOP_Dag.py
[2025-04-27T21:06:08.005+0000] {processor.py:914} INFO - Processing file /opt/airflow/dags/PythonOP_Dag.py for tasks to queue
[2025-04-27T21:06:08.008+0000] {logging_mixin.py:190} INFO - [2025-04-27T21:06:08.007+0000] {dagbag.py:588} INFO - Filling up the DagBag from /opt/airflow/dags/PythonOP_Dag.py
[2025-04-27T21:06:08.031+0000] {processor.py:925} INFO - DAG(s) 'pyop_test3' retrieved from /opt/airflow/dags/PythonOP_Dag.py
[2025-04-27T21:06:08.058+0000] {logging_mixin.py:190} INFO - [2025-04-27T21:06:08.058+0000] {dag.py:3239} INFO - Sync 1 DAGs
[2025-04-27T21:06:08.084+0000] {logging_mixin.py:190} INFO - [2025-04-27T21:06:08.084+0000] {dag.py:4180} INFO - Setting next_dagrun for pyop_test3 to 2024-04-12 00:00:00+00:00, run_after=2024-04-13 00:00:00+00:00
[2025-04-27T21:06:08.106+0000] {processor.py:208} INFO - Processing /opt/airflow/dags/PythonOP_Dag.py took 0.109 seconds
[2025-04-27T21:06:38.648+0000] {processor.py:186} INFO - Started process (PID=1243) to work on /opt/airflow/dags/PythonOP_Dag.py
[2025-04-27T21:06:38.649+0000] {processor.py:914} INFO - Processing file /opt/airflow/dags/PythonOP_Dag.py for tasks to queue
[2025-04-27T21:06:38.652+0000] {logging_mixin.py:190} INFO - [2025-04-27T21:06:38.652+0000] {dagbag.py:588} INFO - Filling up the DagBag from /opt/airflow/dags/PythonOP_Dag.py
[2025-04-27T21:06:38.671+0000] {processor.py:925} INFO - DAG(s) 'pyop_test3' retrieved from /opt/airflow/dags/PythonOP_Dag.py
[2025-04-27T21:06:38.715+0000] {logging_mixin.py:190} INFO - [2025-04-27T21:06:38.714+0000] {dag.py:3239} INFO - Sync 1 DAGs
[2025-04-27T21:06:38.745+0000] {logging_mixin.py:190} INFO - [2025-04-27T21:06:38.745+0000] {dag.py:4180} INFO - Setting next_dagrun for pyop_test3 to 2024-04-12 00:00:00+00:00, run_after=2024-04-13 00:00:00+00:00
[2025-04-27T21:06:38.790+0000] {processor.py:208} INFO - Processing /opt/airflow/dags/PythonOP_Dag.py took 0.151 seconds
[2025-04-27T21:07:09.392+0000] {processor.py:186} INFO - Started process (PID=1274) to work on /opt/airflow/dags/PythonOP_Dag.py
[2025-04-27T21:07:09.393+0000] {processor.py:914} INFO - Processing file /opt/airflow/dags/PythonOP_Dag.py for tasks to queue
[2025-04-27T21:07:09.396+0000] {logging_mixin.py:190} INFO - [2025-04-27T21:07:09.396+0000] {dagbag.py:588} INFO - Filling up the DagBag from /opt/airflow/dags/PythonOP_Dag.py
[2025-04-27T21:07:09.416+0000] {processor.py:925} INFO - DAG(s) 'pyop_test3' retrieved from /opt/airflow/dags/PythonOP_Dag.py
[2025-04-27T21:07:09.444+0000] {logging_mixin.py:190} INFO - [2025-04-27T21:07:09.443+0000] {dag.py:3239} INFO - Sync 1 DAGs
[2025-04-27T21:07:09.469+0000] {logging_mixin.py:190} INFO - [2025-04-27T21:07:09.469+0000] {dag.py:4180} INFO - Setting next_dagrun for pyop_test3 to 2024-04-12 00:00:00+00:00, run_after=2024-04-13 00:00:00+00:00
[2025-04-27T21:07:09.507+0000] {processor.py:208} INFO - Processing /opt/airflow/dags/PythonOP_Dag.py took 0.122 seconds
[2025-04-27T21:07:40.101+0000] {processor.py:186} INFO - Started process (PID=1305) to work on /opt/airflow/dags/PythonOP_Dag.py
[2025-04-27T21:07:40.102+0000] {processor.py:914} INFO - Processing file /opt/airflow/dags/PythonOP_Dag.py for tasks to queue
[2025-04-27T21:07:40.104+0000] {logging_mixin.py:190} INFO - [2025-04-27T21:07:40.104+0000] {dagbag.py:588} INFO - Filling up the DagBag from /opt/airflow/dags/PythonOP_Dag.py
[2025-04-27T21:07:40.126+0000] {processor.py:925} INFO - DAG(s) 'pyop_test3' retrieved from /opt/airflow/dags/PythonOP_Dag.py
[2025-04-27T21:07:40.154+0000] {logging_mixin.py:190} INFO - [2025-04-27T21:07:40.154+0000] {dag.py:3239} INFO - Sync 1 DAGs
[2025-04-27T21:07:40.183+0000] {logging_mixin.py:190} INFO - [2025-04-27T21:07:40.182+0000] {dag.py:4180} INFO - Setting next_dagrun for pyop_test3 to 2024-04-12 00:00:00+00:00, run_after=2024-04-13 00:00:00+00:00
[2025-04-27T21:07:40.217+0000] {processor.py:208} INFO - Processing /opt/airflow/dags/PythonOP_Dag.py took 0.123 seconds
[2025-04-27T21:08:10.934+0000] {processor.py:186} INFO - Started process (PID=1336) to work on /opt/airflow/dags/PythonOP_Dag.py
[2025-04-27T21:08:10.935+0000] {processor.py:914} INFO - Processing file /opt/airflow/dags/PythonOP_Dag.py for tasks to queue
[2025-04-27T21:08:10.938+0000] {logging_mixin.py:190} INFO - [2025-04-27T21:08:10.937+0000] {dagbag.py:588} INFO - Filling up the DagBag from /opt/airflow/dags/PythonOP_Dag.py
[2025-04-27T21:08:10.956+0000] {processor.py:925} INFO - DAG(s) 'pyop_test3' retrieved from /opt/airflow/dags/PythonOP_Dag.py
[2025-04-27T21:08:10.980+0000] {logging_mixin.py:190} INFO - [2025-04-27T21:08:10.980+0000] {dag.py:3239} INFO - Sync 1 DAGs
[2025-04-27T21:08:11.004+0000] {logging_mixin.py:190} INFO - [2025-04-27T21:08:11.004+0000] {dag.py:4180} INFO - Setting next_dagrun for pyop_test3 to 2024-04-12 00:00:00+00:00, run_after=2024-04-13 00:00:00+00:00
[2025-04-27T21:08:11.026+0000] {processor.py:208} INFO - Processing /opt/airflow/dags/PythonOP_Dag.py took 0.098 seconds
[2025-04-27T21:08:41.731+0000] {processor.py:186} INFO - Started process (PID=1367) to work on /opt/airflow/dags/PythonOP_Dag.py
[2025-04-27T21:08:41.732+0000] {processor.py:914} INFO - Processing file /opt/airflow/dags/PythonOP_Dag.py for tasks to queue
[2025-04-27T21:08:41.736+0000] {logging_mixin.py:190} INFO - [2025-04-27T21:08:41.736+0000] {dagbag.py:588} INFO - Filling up the DagBag from /opt/airflow/dags/PythonOP_Dag.py
[2025-04-27T21:08:41.759+0000] {processor.py:925} INFO - DAG(s) 'pyop_test3' retrieved from /opt/airflow/dags/PythonOP_Dag.py
[2025-04-27T21:08:41.799+0000] {logging_mixin.py:190} INFO - [2025-04-27T21:08:41.799+0000] {dag.py:3239} INFO - Sync 1 DAGs
[2025-04-27T21:08:41.826+0000] {logging_mixin.py:190} INFO - [2025-04-27T21:08:41.826+0000] {dag.py:4180} INFO - Setting next_dagrun for pyop_test3 to 2024-04-12 00:00:00+00:00, run_after=2024-04-13 00:00:00+00:00
[2025-04-27T21:08:41.851+0000] {processor.py:208} INFO - Processing /opt/airflow/dags/PythonOP_Dag.py took 0.127 seconds
[2025-04-27T21:09:12.529+0000] {processor.py:186} INFO - Started process (PID=1398) to work on /opt/airflow/dags/PythonOP_Dag.py
[2025-04-27T21:09:12.531+0000] {processor.py:914} INFO - Processing file /opt/airflow/dags/PythonOP_Dag.py for tasks to queue
[2025-04-27T21:09:12.534+0000] {logging_mixin.py:190} INFO - [2025-04-27T21:09:12.533+0000] {dagbag.py:588} INFO - Filling up the DagBag from /opt/airflow/dags/PythonOP_Dag.py
[2025-04-27T21:09:12.557+0000] {processor.py:925} INFO - DAG(s) 'pyop_test3' retrieved from /opt/airflow/dags/PythonOP_Dag.py
[2025-04-27T21:09:12.592+0000] {logging_mixin.py:190} INFO - [2025-04-27T21:09:12.592+0000] {dag.py:3239} INFO - Sync 1 DAGs
[2025-04-27T21:09:12.615+0000] {logging_mixin.py:190} INFO - [2025-04-27T21:09:12.615+0000] {dag.py:4180} INFO - Setting next_dagrun for pyop_test3 to 2024-04-12 00:00:00+00:00, run_after=2024-04-13 00:00:00+00:00
[2025-04-27T21:09:12.648+0000] {processor.py:208} INFO - Processing /opt/airflow/dags/PythonOP_Dag.py took 0.125 seconds
[2025-04-27T21:09:43.234+0000] {processor.py:186} INFO - Started process (PID=1428) to work on /opt/airflow/dags/PythonOP_Dag.py
[2025-04-27T21:09:43.235+0000] {processor.py:914} INFO - Processing file /opt/airflow/dags/PythonOP_Dag.py for tasks to queue
[2025-04-27T21:09:43.238+0000] {logging_mixin.py:190} INFO - [2025-04-27T21:09:43.237+0000] {dagbag.py:588} INFO - Filling up the DagBag from /opt/airflow/dags/PythonOP_Dag.py
[2025-04-27T21:09:43.258+0000] {processor.py:925} INFO - DAG(s) 'pyop_test3' retrieved from /opt/airflow/dags/PythonOP_Dag.py
[2025-04-27T21:09:43.285+0000] {logging_mixin.py:190} INFO - [2025-04-27T21:09:43.285+0000] {dag.py:3239} INFO - Sync 1 DAGs
[2025-04-27T21:09:43.316+0000] {logging_mixin.py:190} INFO - [2025-04-27T21:09:43.316+0000] {dag.py:4180} INFO - Setting next_dagrun for pyop_test3 to 2024-04-12 00:00:00+00:00, run_after=2024-04-13 00:00:00+00:00
[2025-04-27T21:09:43.349+0000] {processor.py:208} INFO - Processing /opt/airflow/dags/PythonOP_Dag.py took 0.122 seconds
[2025-04-27T21:10:14.036+0000] {processor.py:186} INFO - Started process (PID=1459) to work on /opt/airflow/dags/PythonOP_Dag.py
[2025-04-27T21:10:14.040+0000] {processor.py:914} INFO - Processing file /opt/airflow/dags/PythonOP_Dag.py for tasks to queue
[2025-04-27T21:10:14.043+0000] {logging_mixin.py:190} INFO - [2025-04-27T21:10:14.042+0000] {dagbag.py:588} INFO - Filling up the DagBag from /opt/airflow/dags/PythonOP_Dag.py
[2025-04-27T21:10:14.065+0000] {processor.py:925} INFO - DAG(s) 'pyop_test3' retrieved from /opt/airflow/dags/PythonOP_Dag.py
[2025-04-27T21:10:14.102+0000] {logging_mixin.py:190} INFO - [2025-04-27T21:10:14.102+0000] {dag.py:3239} INFO - Sync 1 DAGs
[2025-04-27T21:10:14.131+0000] {logging_mixin.py:190} INFO - [2025-04-27T21:10:14.130+0000] {dag.py:4180} INFO - Setting next_dagrun for pyop_test3 to 2024-04-12 00:00:00+00:00, run_after=2024-04-13 00:00:00+00:00
[2025-04-27T21:10:14.156+0000] {processor.py:208} INFO - Processing /opt/airflow/dags/PythonOP_Dag.py took 0.127 seconds
[2025-04-27T21:10:44.814+0000] {processor.py:186} INFO - Started process (PID=1490) to work on /opt/airflow/dags/PythonOP_Dag.py
[2025-04-27T21:10:44.815+0000] {processor.py:914} INFO - Processing file /opt/airflow/dags/PythonOP_Dag.py for tasks to queue
[2025-04-27T21:10:44.818+0000] {logging_mixin.py:190} INFO - [2025-04-27T21:10:44.818+0000] {dagbag.py:588} INFO - Filling up the DagBag from /opt/airflow/dags/PythonOP_Dag.py
[2025-04-27T21:10:44.841+0000] {processor.py:925} INFO - DAG(s) 'pyop_test3' retrieved from /opt/airflow/dags/PythonOP_Dag.py
[2025-04-27T21:10:44.880+0000] {logging_mixin.py:190} INFO - [2025-04-27T21:10:44.880+0000] {dag.py:3239} INFO - Sync 1 DAGs
[2025-04-27T21:10:44.911+0000] {logging_mixin.py:190} INFO - [2025-04-27T21:10:44.911+0000] {dag.py:4180} INFO - Setting next_dagrun for pyop_test3 to 2024-04-12 00:00:00+00:00, run_after=2024-04-13 00:00:00+00:00
[2025-04-27T21:10:44.942+0000] {processor.py:208} INFO - Processing /opt/airflow/dags/PythonOP_Dag.py took 0.136 seconds
[2025-04-27T21:11:15.576+0000] {processor.py:186} INFO - Started process (PID=1526) to work on /opt/airflow/dags/PythonOP_Dag.py
[2025-04-27T21:11:15.577+0000] {processor.py:914} INFO - Processing file /opt/airflow/dags/PythonOP_Dag.py for tasks to queue
[2025-04-27T21:11:15.580+0000] {logging_mixin.py:190} INFO - [2025-04-27T21:11:15.579+0000] {dagbag.py:588} INFO - Filling up the DagBag from /opt/airflow/dags/PythonOP_Dag.py
[2025-04-27T21:11:15.599+0000] {processor.py:925} INFO - DAG(s) 'pyop_test3' retrieved from /opt/airflow/dags/PythonOP_Dag.py
[2025-04-27T21:11:15.629+0000] {logging_mixin.py:190} INFO - [2025-04-27T21:11:15.628+0000] {dag.py:3239} INFO - Sync 1 DAGs
[2025-04-27T21:11:15.656+0000] {logging_mixin.py:190} INFO - [2025-04-27T21:11:15.655+0000] {dag.py:4180} INFO - Setting next_dagrun for pyop_test3 to 2024-04-12 00:00:00+00:00, run_after=2024-04-13 00:00:00+00:00
[2025-04-27T21:11:15.690+0000] {processor.py:208} INFO - Processing /opt/airflow/dags/PythonOP_Dag.py took 0.121 seconds
[2025-04-27T21:11:46.277+0000] {processor.py:186} INFO - Started process (PID=1557) to work on /opt/airflow/dags/PythonOP_Dag.py
[2025-04-27T21:11:46.278+0000] {processor.py:914} INFO - Processing file /opt/airflow/dags/PythonOP_Dag.py for tasks to queue
[2025-04-27T21:11:46.281+0000] {logging_mixin.py:190} INFO - [2025-04-27T21:11:46.281+0000] {dagbag.py:588} INFO - Filling up the DagBag from /opt/airflow/dags/PythonOP_Dag.py
[2025-04-27T21:11:46.303+0000] {processor.py:925} INFO - DAG(s) 'pyop_test3' retrieved from /opt/airflow/dags/PythonOP_Dag.py
[2025-04-27T21:11:46.330+0000] {logging_mixin.py:190} INFO - [2025-04-27T21:11:46.330+0000] {dag.py:3239} INFO - Sync 1 DAGs
[2025-04-27T21:11:46.356+0000] {logging_mixin.py:190} INFO - [2025-04-27T21:11:46.356+0000] {dag.py:4180} INFO - Setting next_dagrun for pyop_test3 to 2024-04-12 00:00:00+00:00, run_after=2024-04-13 00:00:00+00:00
[2025-04-27T21:11:46.380+0000] {processor.py:208} INFO - Processing /opt/airflow/dags/PythonOP_Dag.py took 0.110 seconds
[2025-04-27T21:12:16.957+0000] {processor.py:186} INFO - Started process (PID=1588) to work on /opt/airflow/dags/PythonOP_Dag.py
[2025-04-27T21:12:16.958+0000] {processor.py:914} INFO - Processing file /opt/airflow/dags/PythonOP_Dag.py for tasks to queue
[2025-04-27T21:12:16.961+0000] {logging_mixin.py:190} INFO - [2025-04-27T21:12:16.960+0000] {dagbag.py:588} INFO - Filling up the DagBag from /opt/airflow/dags/PythonOP_Dag.py
[2025-04-27T21:12:16.984+0000] {processor.py:925} INFO - DAG(s) 'pyop_test3' retrieved from /opt/airflow/dags/PythonOP_Dag.py
[2025-04-27T21:12:17.029+0000] {logging_mixin.py:190} INFO - [2025-04-27T21:12:17.028+0000] {dag.py:3239} INFO - Sync 1 DAGs
[2025-04-27T21:12:17.059+0000] {logging_mixin.py:190} INFO - [2025-04-27T21:12:17.059+0000] {dag.py:4180} INFO - Setting next_dagrun for pyop_test3 to 2024-04-12 00:00:00+00:00, run_after=2024-04-13 00:00:00+00:00
[2025-04-27T21:12:17.083+0000] {processor.py:208} INFO - Processing /opt/airflow/dags/PythonOP_Dag.py took 0.134 seconds
[2025-04-27T21:12:47.734+0000] {processor.py:186} INFO - Started process (PID=1619) to work on /opt/airflow/dags/PythonOP_Dag.py
[2025-04-27T21:12:47.736+0000] {processor.py:914} INFO - Processing file /opt/airflow/dags/PythonOP_Dag.py for tasks to queue
[2025-04-27T21:12:47.741+0000] {logging_mixin.py:190} INFO - [2025-04-27T21:12:47.740+0000] {dagbag.py:588} INFO - Filling up the DagBag from /opt/airflow/dags/PythonOP_Dag.py
[2025-04-27T21:12:47.768+0000] {processor.py:925} INFO - DAG(s) 'pyop_test3' retrieved from /opt/airflow/dags/PythonOP_Dag.py
[2025-04-27T21:12:47.797+0000] {logging_mixin.py:190} INFO - [2025-04-27T21:12:47.797+0000] {dag.py:3239} INFO - Sync 1 DAGs
[2025-04-27T21:12:47.824+0000] {logging_mixin.py:190} INFO - [2025-04-27T21:12:47.824+0000] {dag.py:4180} INFO - Setting next_dagrun for pyop_test3 to 2024-04-12 00:00:00+00:00, run_after=2024-04-13 00:00:00+00:00
[2025-04-27T21:12:47.848+0000] {processor.py:208} INFO - Processing /opt/airflow/dags/PythonOP_Dag.py took 0.122 seconds
[2025-04-27T21:13:18.460+0000] {processor.py:186} INFO - Started process (PID=1651) to work on /opt/airflow/dags/PythonOP_Dag.py
[2025-04-27T21:13:18.462+0000] {processor.py:914} INFO - Processing file /opt/airflow/dags/PythonOP_Dag.py for tasks to queue
[2025-04-27T21:13:18.465+0000] {logging_mixin.py:190} INFO - [2025-04-27T21:13:18.464+0000] {dagbag.py:588} INFO - Filling up the DagBag from /opt/airflow/dags/PythonOP_Dag.py
[2025-04-27T21:13:18.496+0000] {processor.py:925} INFO - DAG(s) 'pyop_test3' retrieved from /opt/airflow/dags/PythonOP_Dag.py
[2025-04-27T21:13:18.527+0000] {logging_mixin.py:190} INFO - [2025-04-27T21:13:18.527+0000] {dag.py:3239} INFO - Sync 1 DAGs
[2025-04-27T21:13:18.565+0000] {logging_mixin.py:190} INFO - [2025-04-27T21:13:18.565+0000] {dag.py:4180} INFO - Setting next_dagrun for pyop_test3 to 2024-04-12 00:00:00+00:00, run_after=2024-04-13 00:00:00+00:00
[2025-04-27T21:13:18.592+0000] {processor.py:208} INFO - Processing /opt/airflow/dags/PythonOP_Dag.py took 0.141 seconds
[2025-04-27T21:13:49.202+0000] {processor.py:186} INFO - Started process (PID=1682) to work on /opt/airflow/dags/PythonOP_Dag.py
[2025-04-27T21:13:49.203+0000] {processor.py:914} INFO - Processing file /opt/airflow/dags/PythonOP_Dag.py for tasks to queue
[2025-04-27T21:13:49.207+0000] {logging_mixin.py:190} INFO - [2025-04-27T21:13:49.206+0000] {dagbag.py:588} INFO - Filling up the DagBag from /opt/airflow/dags/PythonOP_Dag.py
[2025-04-27T21:13:49.225+0000] {processor.py:925} INFO - DAG(s) 'pyop_test3' retrieved from /opt/airflow/dags/PythonOP_Dag.py
[2025-04-27T21:13:49.253+0000] {logging_mixin.py:190} INFO - [2025-04-27T21:13:49.253+0000] {dag.py:3239} INFO - Sync 1 DAGs
[2025-04-27T21:13:49.280+0000] {logging_mixin.py:190} INFO - [2025-04-27T21:13:49.280+0000] {dag.py:4180} INFO - Setting next_dagrun for pyop_test3 to 2024-04-12 00:00:00+00:00, run_after=2024-04-13 00:00:00+00:00
[2025-04-27T21:13:49.304+0000] {processor.py:208} INFO - Processing /opt/airflow/dags/PythonOP_Dag.py took 0.108 seconds
[2025-04-27T21:14:19.929+0000] {processor.py:186} INFO - Started process (PID=1713) to work on /opt/airflow/dags/PythonOP_Dag.py
[2025-04-27T21:14:19.930+0000] {processor.py:914} INFO - Processing file /opt/airflow/dags/PythonOP_Dag.py for tasks to queue
[2025-04-27T21:14:19.932+0000] {logging_mixin.py:190} INFO - [2025-04-27T21:14:19.932+0000] {dagbag.py:588} INFO - Filling up the DagBag from /opt/airflow/dags/PythonOP_Dag.py
[2025-04-27T21:14:19.953+0000] {processor.py:925} INFO - DAG(s) 'pyop_test3' retrieved from /opt/airflow/dags/PythonOP_Dag.py
[2025-04-27T21:14:19.988+0000] {logging_mixin.py:190} INFO - [2025-04-27T21:14:19.987+0000] {dag.py:3239} INFO - Sync 1 DAGs
[2025-04-27T21:14:20.019+0000] {logging_mixin.py:190} INFO - [2025-04-27T21:14:20.018+0000] {dag.py:4180} INFO - Setting next_dagrun for pyop_test3 to 2024-04-12 00:00:00+00:00, run_after=2024-04-13 00:00:00+00:00
[2025-04-27T21:14:20.063+0000] {processor.py:208} INFO - Processing /opt/airflow/dags/PythonOP_Dag.py took 0.141 seconds
[2025-04-27T21:14:50.582+0000] {processor.py:186} INFO - Started process (PID=1744) to work on /opt/airflow/dags/PythonOP_Dag.py
[2025-04-27T21:14:50.583+0000] {processor.py:914} INFO - Processing file /opt/airflow/dags/PythonOP_Dag.py for tasks to queue
[2025-04-27T21:14:50.586+0000] {logging_mixin.py:190} INFO - [2025-04-27T21:14:50.585+0000] {dagbag.py:588} INFO - Filling up the DagBag from /opt/airflow/dags/PythonOP_Dag.py
[2025-04-27T21:14:50.604+0000] {processor.py:925} INFO - DAG(s) 'pyop_test3' retrieved from /opt/airflow/dags/PythonOP_Dag.py
[2025-04-27T21:14:50.632+0000] {logging_mixin.py:190} INFO - [2025-04-27T21:14:50.631+0000] {dag.py:3239} INFO - Sync 1 DAGs
[2025-04-27T21:14:50.656+0000] {logging_mixin.py:190} INFO - [2025-04-27T21:14:50.656+0000] {dag.py:4180} INFO - Setting next_dagrun for pyop_test3 to 2024-04-12 00:00:00+00:00, run_after=2024-04-13 00:00:00+00:00
[2025-04-27T21:14:50.688+0000] {processor.py:208} INFO - Processing /opt/airflow/dags/PythonOP_Dag.py took 0.111 seconds
[2025-04-27T21:15:21.299+0000] {processor.py:186} INFO - Started process (PID=1774) to work on /opt/airflow/dags/PythonOP_Dag.py
[2025-04-27T21:15:21.300+0000] {processor.py:914} INFO - Processing file /opt/airflow/dags/PythonOP_Dag.py for tasks to queue
[2025-04-27T21:15:21.303+0000] {logging_mixin.py:190} INFO - [2025-04-27T21:15:21.302+0000] {dagbag.py:588} INFO - Filling up the DagBag from /opt/airflow/dags/PythonOP_Dag.py
[2025-04-27T21:15:21.320+0000] {processor.py:925} INFO - DAG(s) 'pyop_test3' retrieved from /opt/airflow/dags/PythonOP_Dag.py
[2025-04-27T21:15:21.346+0000] {logging_mixin.py:190} INFO - [2025-04-27T21:15:21.346+0000] {dag.py:3239} INFO - Sync 1 DAGs
[2025-04-27T21:15:21.373+0000] {logging_mixin.py:190} INFO - [2025-04-27T21:15:21.372+0000] {dag.py:4180} INFO - Setting next_dagrun for pyop_test3 to 2024-04-12 00:00:00+00:00, run_after=2024-04-13 00:00:00+00:00
[2025-04-27T21:15:21.394+0000] {processor.py:208} INFO - Processing /opt/airflow/dags/PythonOP_Dag.py took 0.101 seconds
[2025-04-27T21:15:52.633+0000] {processor.py:186} INFO - Started process (PID=1806) to work on /opt/airflow/dags/PythonOP_Dag.py
[2025-04-27T21:15:52.637+0000] {processor.py:914} INFO - Processing file /opt/airflow/dags/PythonOP_Dag.py for tasks to queue
[2025-04-27T21:15:52.650+0000] {logging_mixin.py:190} INFO - [2025-04-27T21:15:52.650+0000] {dagbag.py:588} INFO - Filling up the DagBag from /opt/airflow/dags/PythonOP_Dag.py
[2025-04-27T21:15:52.841+0000] {processor.py:925} INFO - DAG(s) 'pyop_test3' retrieved from /opt/airflow/dags/PythonOP_Dag.py
[2025-04-27T21:15:52.934+0000] {logging_mixin.py:190} INFO - [2025-04-27T21:15:52.933+0000] {dag.py:3239} INFO - Sync 1 DAGs
[2025-04-27T21:15:53.051+0000] {logging_mixin.py:190} INFO - [2025-04-27T21:15:53.051+0000] {dag.py:4180} INFO - Setting next_dagrun for pyop_test3 to 2024-04-12 00:00:00+00:00, run_after=2024-04-13 00:00:00+00:00
[2025-04-27T21:15:53.196+0000] {processor.py:208} INFO - Processing /opt/airflow/dags/PythonOP_Dag.py took 0.579 seconds
[2025-04-27T21:16:23.509+0000] {processor.py:186} INFO - Started process (PID=1837) to work on /opt/airflow/dags/PythonOP_Dag.py
[2025-04-27T21:16:23.510+0000] {processor.py:914} INFO - Processing file /opt/airflow/dags/PythonOP_Dag.py for tasks to queue
[2025-04-27T21:16:23.513+0000] {logging_mixin.py:190} INFO - [2025-04-27T21:16:23.513+0000] {dagbag.py:588} INFO - Filling up the DagBag from /opt/airflow/dags/PythonOP_Dag.py
[2025-04-27T21:16:23.531+0000] {processor.py:925} INFO - DAG(s) 'pyop_test3' retrieved from /opt/airflow/dags/PythonOP_Dag.py
[2025-04-27T21:16:23.561+0000] {logging_mixin.py:190} INFO - [2025-04-27T21:16:23.560+0000] {dag.py:3239} INFO - Sync 1 DAGs
[2025-04-27T21:16:23.589+0000] {logging_mixin.py:190} INFO - [2025-04-27T21:16:23.588+0000] {dag.py:4180} INFO - Setting next_dagrun for pyop_test3 to 2024-04-12 00:00:00+00:00, run_after=2024-04-13 00:00:00+00:00
[2025-04-27T21:16:23.612+0000] {processor.py:208} INFO - Processing /opt/airflow/dags/PythonOP_Dag.py took 0.109 seconds
[2025-04-27T21:16:54.306+0000] {processor.py:186} INFO - Started process (PID=1868) to work on /opt/airflow/dags/PythonOP_Dag.py
[2025-04-27T21:16:54.307+0000] {processor.py:914} INFO - Processing file /opt/airflow/dags/PythonOP_Dag.py for tasks to queue
[2025-04-27T21:16:54.310+0000] {logging_mixin.py:190} INFO - [2025-04-27T21:16:54.310+0000] {dagbag.py:588} INFO - Filling up the DagBag from /opt/airflow/dags/PythonOP_Dag.py
[2025-04-27T21:16:54.328+0000] {processor.py:925} INFO - DAG(s) 'pyop_test3' retrieved from /opt/airflow/dags/PythonOP_Dag.py
[2025-04-27T21:16:54.356+0000] {logging_mixin.py:190} INFO - [2025-04-27T21:16:54.355+0000] {dag.py:3239} INFO - Sync 1 DAGs
[2025-04-27T21:16:54.385+0000] {logging_mixin.py:190} INFO - [2025-04-27T21:16:54.385+0000] {dag.py:4180} INFO - Setting next_dagrun for pyop_test3 to 2024-04-12 00:00:00+00:00, run_after=2024-04-13 00:00:00+00:00
[2025-04-27T21:16:54.412+0000] {processor.py:208} INFO - Processing /opt/airflow/dags/PythonOP_Dag.py took 0.112 seconds
[2025-04-27T21:17:25.196+0000] {processor.py:186} INFO - Started process (PID=1900) to work on /opt/airflow/dags/PythonOP_Dag.py
[2025-04-27T21:17:25.197+0000] {processor.py:914} INFO - Processing file /opt/airflow/dags/PythonOP_Dag.py for tasks to queue
[2025-04-27T21:17:25.200+0000] {logging_mixin.py:190} INFO - [2025-04-27T21:17:25.200+0000] {dagbag.py:588} INFO - Filling up the DagBag from /opt/airflow/dags/PythonOP_Dag.py
[2025-04-27T21:17:25.222+0000] {processor.py:925} INFO - DAG(s) 'pyop_test3' retrieved from /opt/airflow/dags/PythonOP_Dag.py
[2025-04-27T21:17:25.247+0000] {logging_mixin.py:190} INFO - [2025-04-27T21:17:25.247+0000] {dag.py:3239} INFO - Sync 1 DAGs
[2025-04-27T21:17:25.275+0000] {logging_mixin.py:190} INFO - [2025-04-27T21:17:25.275+0000] {dag.py:4180} INFO - Setting next_dagrun for pyop_test3 to 2024-04-12 00:00:00+00:00, run_after=2024-04-13 00:00:00+00:00
[2025-04-27T21:17:25.326+0000] {processor.py:208} INFO - Processing /opt/airflow/dags/PythonOP_Dag.py took 0.139 seconds
