[2025-04-27T20:49:44.219+0000] {processor.py:186} INFO - Started process (PID=227) to work on /opt/airflow/dags/Second_DAG.py
[2025-04-27T20:49:44.221+0000] {processor.py:914} INFO - Processing file /opt/airflow/dags/Second_DAG.py for tasks to queue
[2025-04-27T20:49:44.226+0000] {logging_mixin.py:190} INFO - [2025-04-27T20:49:44.225+0000] {dagbag.py:588} INFO - Filling up the DagBag from /opt/airflow/dags/Second_DAG.py
[2025-04-27T20:49:44.273+0000] {processor.py:925} INFO - DAG(s) 'test_v3' retrieved from /opt/airflow/dags/Second_DAG.py
[2025-04-27T20:49:44.330+0000] {logging_mixin.py:190} INFO - [2025-04-27T20:49:44.329+0000] {dag.py:3239} INFO - Sync 1 DAGs
[2025-04-27T20:49:44.397+0000] {logging_mixin.py:190} INFO - [2025-04-27T20:49:44.397+0000] {dag.py:4180} INFO - Setting next_dagrun for test_v3 to 2024-04-10 00:00:00+00:00, run_after=2024-04-11 00:00:00+00:00
[2025-04-27T20:49:44.444+0000] {processor.py:208} INFO - Processing /opt/airflow/dags/Second_DAG.py took 0.236 seconds
[2025-04-27T20:50:15.082+0000] {processor.py:186} INFO - Started process (PID=260) to work on /opt/airflow/dags/Second_DAG.py
[2025-04-27T20:50:15.083+0000] {processor.py:914} INFO - Processing file /opt/airflow/dags/Second_DAG.py for tasks to queue
[2025-04-27T20:50:15.086+0000] {logging_mixin.py:190} INFO - [2025-04-27T20:50:15.086+0000] {dagbag.py:588} INFO - Filling up the DagBag from /opt/airflow/dags/Second_DAG.py
[2025-04-27T20:50:15.109+0000] {processor.py:925} INFO - DAG(s) 'test_v3' retrieved from /opt/airflow/dags/Second_DAG.py
[2025-04-27T20:50:15.134+0000] {logging_mixin.py:190} INFO - [2025-04-27T20:50:15.134+0000] {dag.py:3239} INFO - Sync 1 DAGs
[2025-04-27T20:50:15.157+0000] {logging_mixin.py:190} INFO - [2025-04-27T20:50:15.157+0000] {dag.py:4180} INFO - Setting next_dagrun for test_v3 to 2024-04-10 00:00:00+00:00, run_after=2024-04-11 00:00:00+00:00
[2025-04-27T20:50:15.177+0000] {processor.py:208} INFO - Processing /opt/airflow/dags/Second_DAG.py took 0.101 seconds
[2025-04-27T20:50:45.539+0000] {processor.py:186} INFO - Started process (PID=291) to work on /opt/airflow/dags/Second_DAG.py
[2025-04-27T20:50:45.540+0000] {processor.py:914} INFO - Processing file /opt/airflow/dags/Second_DAG.py for tasks to queue
[2025-04-27T20:50:45.543+0000] {logging_mixin.py:190} INFO - [2025-04-27T20:50:45.543+0000] {dagbag.py:588} INFO - Filling up the DagBag from /opt/airflow/dags/Second_DAG.py
[2025-04-27T20:50:45.572+0000] {processor.py:925} INFO - DAG(s) 'test_v3' retrieved from /opt/airflow/dags/Second_DAG.py
[2025-04-27T20:50:45.617+0000] {logging_mixin.py:190} INFO - [2025-04-27T20:50:45.617+0000] {dag.py:3239} INFO - Sync 1 DAGs
[2025-04-27T20:50:45.674+0000] {logging_mixin.py:190} INFO - [2025-04-27T20:50:45.674+0000] {dag.py:4180} INFO - Setting next_dagrun for test_v3 to 2024-04-10 00:00:00+00:00, run_after=2024-04-11 00:00:00+00:00
[2025-04-27T20:50:45.711+0000] {processor.py:208} INFO - Processing /opt/airflow/dags/Second_DAG.py took 0.179 seconds
[2025-04-27T20:51:16.399+0000] {processor.py:186} INFO - Started process (PID=323) to work on /opt/airflow/dags/Second_DAG.py
[2025-04-27T20:51:16.401+0000] {processor.py:914} INFO - Processing file /opt/airflow/dags/Second_DAG.py for tasks to queue
[2025-04-27T20:51:16.403+0000] {logging_mixin.py:190} INFO - [2025-04-27T20:51:16.403+0000] {dagbag.py:588} INFO - Filling up the DagBag from /opt/airflow/dags/Second_DAG.py
[2025-04-27T20:51:16.424+0000] {processor.py:925} INFO - DAG(s) 'test_v3' retrieved from /opt/airflow/dags/Second_DAG.py
[2025-04-27T20:51:16.454+0000] {logging_mixin.py:190} INFO - [2025-04-27T20:51:16.453+0000] {dag.py:3239} INFO - Sync 1 DAGs
[2025-04-27T20:51:16.484+0000] {logging_mixin.py:190} INFO - [2025-04-27T20:51:16.484+0000] {dag.py:4180} INFO - Setting next_dagrun for test_v3 to 2024-04-10 00:00:00+00:00, run_after=2024-04-11 00:00:00+00:00
[2025-04-27T20:51:16.508+0000] {processor.py:208} INFO - Processing /opt/airflow/dags/Second_DAG.py took 0.115 seconds
[2025-04-27T20:51:47.485+0000] {processor.py:186} INFO - Started process (PID=352) to work on /opt/airflow/dags/Second_DAG.py
[2025-04-27T20:51:47.488+0000] {processor.py:914} INFO - Processing file /opt/airflow/dags/Second_DAG.py for tasks to queue
[2025-04-27T20:51:47.505+0000] {logging_mixin.py:190} INFO - [2025-04-27T20:51:47.498+0000] {dagbag.py:588} INFO - Filling up the DagBag from /opt/airflow/dags/Second_DAG.py
[2025-04-27T20:51:47.655+0000] {processor.py:925} INFO - DAG(s) 'test_v3' retrieved from /opt/airflow/dags/Second_DAG.py
[2025-04-27T20:51:47.772+0000] {logging_mixin.py:190} INFO - [2025-04-27T20:51:47.771+0000] {dag.py:3239} INFO - Sync 1 DAGs
[2025-04-27T20:51:47.947+0000] {logging_mixin.py:190} INFO - [2025-04-27T20:51:47.946+0000] {dag.py:4180} INFO - Setting next_dagrun for test_v3 to 2024-04-10 00:00:00+00:00, run_after=2024-04-11 00:00:00+00:00
[2025-04-27T20:51:48.083+0000] {processor.py:208} INFO - Processing /opt/airflow/dags/Second_DAG.py took 0.635 seconds
[2025-04-27T20:52:18.857+0000] {processor.py:186} INFO - Started process (PID=385) to work on /opt/airflow/dags/Second_DAG.py
[2025-04-27T20:52:18.859+0000] {processor.py:914} INFO - Processing file /opt/airflow/dags/Second_DAG.py for tasks to queue
[2025-04-27T20:52:18.861+0000] {logging_mixin.py:190} INFO - [2025-04-27T20:52:18.861+0000] {dagbag.py:588} INFO - Filling up the DagBag from /opt/airflow/dags/Second_DAG.py
[2025-04-27T20:52:18.891+0000] {processor.py:925} INFO - DAG(s) 'test_v3' retrieved from /opt/airflow/dags/Second_DAG.py
[2025-04-27T20:52:18.927+0000] {logging_mixin.py:190} INFO - [2025-04-27T20:52:18.927+0000] {dag.py:3239} INFO - Sync 1 DAGs
[2025-04-27T20:52:18.961+0000] {logging_mixin.py:190} INFO - [2025-04-27T20:52:18.960+0000] {dag.py:4180} INFO - Setting next_dagrun for test_v3 to 2024-04-10 00:00:00+00:00, run_after=2024-04-11 00:00:00+00:00
[2025-04-27T20:52:19.012+0000] {processor.py:208} INFO - Processing /opt/airflow/dags/Second_DAG.py took 0.165 seconds
[2025-04-27T20:52:49.772+0000] {processor.py:186} INFO - Started process (PID=416) to work on /opt/airflow/dags/Second_DAG.py
[2025-04-27T20:52:49.773+0000] {processor.py:914} INFO - Processing file /opt/airflow/dags/Second_DAG.py for tasks to queue
[2025-04-27T20:52:49.776+0000] {logging_mixin.py:190} INFO - [2025-04-27T20:52:49.775+0000] {dagbag.py:588} INFO - Filling up the DagBag from /opt/airflow/dags/Second_DAG.py
[2025-04-27T20:52:49.796+0000] {processor.py:925} INFO - DAG(s) 'test_v3' retrieved from /opt/airflow/dags/Second_DAG.py
[2025-04-27T20:52:49.843+0000] {logging_mixin.py:190} INFO - [2025-04-27T20:52:49.843+0000] {dag.py:3239} INFO - Sync 1 DAGs
[2025-04-27T20:52:49.885+0000] {logging_mixin.py:190} INFO - [2025-04-27T20:52:49.884+0000] {dag.py:4180} INFO - Setting next_dagrun for test_v3 to 2024-04-10 00:00:00+00:00, run_after=2024-04-11 00:00:00+00:00
[2025-04-27T20:52:49.911+0000] {processor.py:208} INFO - Processing /opt/airflow/dags/Second_DAG.py took 0.144 seconds
[2025-04-27T20:53:20.524+0000] {processor.py:186} INFO - Started process (PID=447) to work on /opt/airflow/dags/Second_DAG.py
[2025-04-27T20:53:20.525+0000] {processor.py:914} INFO - Processing file /opt/airflow/dags/Second_DAG.py for tasks to queue
[2025-04-27T20:53:20.528+0000] {logging_mixin.py:190} INFO - [2025-04-27T20:53:20.528+0000] {dagbag.py:588} INFO - Filling up the DagBag from /opt/airflow/dags/Second_DAG.py
[2025-04-27T20:53:20.546+0000] {processor.py:925} INFO - DAG(s) 'test_v3' retrieved from /opt/airflow/dags/Second_DAG.py
[2025-04-27T20:53:20.574+0000] {logging_mixin.py:190} INFO - [2025-04-27T20:53:20.574+0000] {dag.py:3239} INFO - Sync 1 DAGs
[2025-04-27T20:53:20.605+0000] {logging_mixin.py:190} INFO - [2025-04-27T20:53:20.605+0000] {dag.py:4180} INFO - Setting next_dagrun for test_v3 to 2024-04-10 00:00:00+00:00, run_after=2024-04-11 00:00:00+00:00
[2025-04-27T20:53:20.628+0000] {processor.py:208} INFO - Processing /opt/airflow/dags/Second_DAG.py took 0.109 seconds
[2025-04-27T20:53:50.894+0000] {processor.py:186} INFO - Started process (PID=478) to work on /opt/airflow/dags/Second_DAG.py
[2025-04-27T20:53:50.896+0000] {processor.py:914} INFO - Processing file /opt/airflow/dags/Second_DAG.py for tasks to queue
[2025-04-27T20:53:50.898+0000] {logging_mixin.py:190} INFO - [2025-04-27T20:53:50.898+0000] {dagbag.py:588} INFO - Filling up the DagBag from /opt/airflow/dags/Second_DAG.py
[2025-04-27T20:53:50.921+0000] {processor.py:925} INFO - DAG(s) 'test_v3' retrieved from /opt/airflow/dags/Second_DAG.py
[2025-04-27T20:53:50.949+0000] {logging_mixin.py:190} INFO - [2025-04-27T20:53:50.949+0000] {dag.py:3239} INFO - Sync 1 DAGs
[2025-04-27T20:53:50.984+0000] {logging_mixin.py:190} INFO - [2025-04-27T20:53:50.984+0000] {dag.py:4180} INFO - Setting next_dagrun for test_v3 to 2024-04-10 00:00:00+00:00, run_after=2024-04-11 00:00:00+00:00
[2025-04-27T20:53:51.013+0000] {processor.py:208} INFO - Processing /opt/airflow/dags/Second_DAG.py took 0.133 seconds
[2025-04-27T20:54:21.673+0000] {processor.py:186} INFO - Started process (PID=509) to work on /opt/airflow/dags/Second_DAG.py
[2025-04-27T20:54:21.674+0000] {processor.py:914} INFO - Processing file /opt/airflow/dags/Second_DAG.py for tasks to queue
[2025-04-27T20:54:21.677+0000] {logging_mixin.py:190} INFO - [2025-04-27T20:54:21.676+0000] {dagbag.py:588} INFO - Filling up the DagBag from /opt/airflow/dags/Second_DAG.py
[2025-04-27T20:54:21.696+0000] {processor.py:925} INFO - DAG(s) 'test_v3' retrieved from /opt/airflow/dags/Second_DAG.py
[2025-04-27T20:54:21.721+0000] {logging_mixin.py:190} INFO - [2025-04-27T20:54:21.721+0000] {dag.py:3239} INFO - Sync 1 DAGs
[2025-04-27T20:54:21.746+0000] {logging_mixin.py:190} INFO - [2025-04-27T20:54:21.746+0000] {dag.py:4180} INFO - Setting next_dagrun for test_v3 to 2024-04-10 00:00:00+00:00, run_after=2024-04-11 00:00:00+00:00
[2025-04-27T20:54:21.768+0000] {processor.py:208} INFO - Processing /opt/airflow/dags/Second_DAG.py took 0.100 seconds
[2025-04-27T20:54:52.447+0000] {processor.py:186} INFO - Started process (PID=540) to work on /opt/airflow/dags/Second_DAG.py
[2025-04-27T20:54:52.449+0000] {processor.py:914} INFO - Processing file /opt/airflow/dags/Second_DAG.py for tasks to queue
[2025-04-27T20:54:52.454+0000] {logging_mixin.py:190} INFO - [2025-04-27T20:54:52.453+0000] {dagbag.py:588} INFO - Filling up the DagBag from /opt/airflow/dags/Second_DAG.py
[2025-04-27T20:54:52.491+0000] {processor.py:925} INFO - DAG(s) 'test_v3' retrieved from /opt/airflow/dags/Second_DAG.py
[2025-04-27T20:54:52.574+0000] {logging_mixin.py:190} INFO - [2025-04-27T20:54:52.573+0000] {dag.py:3239} INFO - Sync 1 DAGs
[2025-04-27T20:54:52.634+0000] {logging_mixin.py:190} INFO - [2025-04-27T20:54:52.633+0000] {dag.py:4180} INFO - Setting next_dagrun for test_v3 to 2024-04-10 00:00:00+00:00, run_after=2024-04-11 00:00:00+00:00
[2025-04-27T20:54:52.672+0000] {processor.py:208} INFO - Processing /opt/airflow/dags/Second_DAG.py took 0.234 seconds
[2025-04-27T20:55:23.260+0000] {processor.py:186} INFO - Started process (PID=571) to work on /opt/airflow/dags/Second_DAG.py
[2025-04-27T20:55:23.261+0000] {processor.py:914} INFO - Processing file /opt/airflow/dags/Second_DAG.py for tasks to queue
[2025-04-27T20:55:23.264+0000] {logging_mixin.py:190} INFO - [2025-04-27T20:55:23.263+0000] {dagbag.py:588} INFO - Filling up the DagBag from /opt/airflow/dags/Second_DAG.py
[2025-04-27T20:55:23.282+0000] {processor.py:925} INFO - DAG(s) 'test_v3' retrieved from /opt/airflow/dags/Second_DAG.py
[2025-04-27T20:55:23.314+0000] {logging_mixin.py:190} INFO - [2025-04-27T20:55:23.314+0000] {dag.py:3239} INFO - Sync 1 DAGs
[2025-04-27T20:55:23.349+0000] {logging_mixin.py:190} INFO - [2025-04-27T20:55:23.348+0000] {dag.py:4180} INFO - Setting next_dagrun for test_v3 to 2024-04-10 00:00:00+00:00, run_after=2024-04-11 00:00:00+00:00
[2025-04-27T20:55:23.382+0000] {processor.py:208} INFO - Processing /opt/airflow/dags/Second_DAG.py took 0.128 seconds
[2025-04-27T20:55:54.038+0000] {processor.py:186} INFO - Started process (PID=602) to work on /opt/airflow/dags/Second_DAG.py
[2025-04-27T20:55:54.039+0000] {processor.py:914} INFO - Processing file /opt/airflow/dags/Second_DAG.py for tasks to queue
[2025-04-27T20:55:54.043+0000] {logging_mixin.py:190} INFO - [2025-04-27T20:55:54.042+0000] {dagbag.py:588} INFO - Filling up the DagBag from /opt/airflow/dags/Second_DAG.py
[2025-04-27T20:55:54.063+0000] {processor.py:925} INFO - DAG(s) 'test_v3' retrieved from /opt/airflow/dags/Second_DAG.py
[2025-04-27T20:55:54.088+0000] {logging_mixin.py:190} INFO - [2025-04-27T20:55:54.088+0000] {dag.py:3239} INFO - Sync 1 DAGs
[2025-04-27T20:55:54.112+0000] {logging_mixin.py:190} INFO - [2025-04-27T20:55:54.112+0000] {dag.py:4180} INFO - Setting next_dagrun for test_v3 to 2024-04-10 00:00:00+00:00, run_after=2024-04-11 00:00:00+00:00
[2025-04-27T20:55:54.134+0000] {processor.py:208} INFO - Processing /opt/airflow/dags/Second_DAG.py took 0.103 seconds
[2025-04-27T20:56:24.886+0000] {processor.py:186} INFO - Started process (PID=633) to work on /opt/airflow/dags/Second_DAG.py
[2025-04-27T20:56:24.888+0000] {processor.py:914} INFO - Processing file /opt/airflow/dags/Second_DAG.py for tasks to queue
[2025-04-27T20:56:24.891+0000] {logging_mixin.py:190} INFO - [2025-04-27T20:56:24.890+0000] {dagbag.py:588} INFO - Filling up the DagBag from /opt/airflow/dags/Second_DAG.py
[2025-04-27T20:56:24.916+0000] {processor.py:925} INFO - DAG(s) 'test_v3' retrieved from /opt/airflow/dags/Second_DAG.py
[2025-04-27T20:56:24.949+0000] {logging_mixin.py:190} INFO - [2025-04-27T20:56:24.949+0000] {dag.py:3239} INFO - Sync 1 DAGs
[2025-04-27T20:56:24.981+0000] {logging_mixin.py:190} INFO - [2025-04-27T20:56:24.981+0000] {dag.py:4180} INFO - Setting next_dagrun for test_v3 to 2024-04-10 00:00:00+00:00, run_after=2024-04-11 00:00:00+00:00
[2025-04-27T20:56:25.010+0000] {processor.py:208} INFO - Processing /opt/airflow/dags/Second_DAG.py took 0.132 seconds
[2025-04-27T20:56:55.465+0000] {processor.py:186} INFO - Started process (PID=664) to work on /opt/airflow/dags/Second_DAG.py
[2025-04-27T20:56:55.466+0000] {processor.py:914} INFO - Processing file /opt/airflow/dags/Second_DAG.py for tasks to queue
[2025-04-27T20:56:55.468+0000] {logging_mixin.py:190} INFO - [2025-04-27T20:56:55.468+0000] {dagbag.py:588} INFO - Filling up the DagBag from /opt/airflow/dags/Second_DAG.py
[2025-04-27T20:56:55.490+0000] {processor.py:925} INFO - DAG(s) 'test_v3' retrieved from /opt/airflow/dags/Second_DAG.py
[2025-04-27T20:56:55.516+0000] {logging_mixin.py:190} INFO - [2025-04-27T20:56:55.516+0000] {dag.py:3239} INFO - Sync 1 DAGs
[2025-04-27T20:56:55.540+0000] {logging_mixin.py:190} INFO - [2025-04-27T20:56:55.539+0000] {dag.py:4180} INFO - Setting next_dagrun for test_v3 to 2024-04-10 00:00:00+00:00, run_after=2024-04-11 00:00:00+00:00
[2025-04-27T20:56:55.574+0000] {processor.py:208} INFO - Processing /opt/airflow/dags/Second_DAG.py took 0.115 seconds
[2025-04-27T20:57:26.181+0000] {processor.py:186} INFO - Started process (PID=695) to work on /opt/airflow/dags/Second_DAG.py
[2025-04-27T20:57:26.182+0000] {processor.py:914} INFO - Processing file /opt/airflow/dags/Second_DAG.py for tasks to queue
[2025-04-27T20:57:26.184+0000] {logging_mixin.py:190} INFO - [2025-04-27T20:57:26.184+0000] {dagbag.py:588} INFO - Filling up the DagBag from /opt/airflow/dags/Second_DAG.py
[2025-04-27T20:57:26.207+0000] {processor.py:925} INFO - DAG(s) 'test_v3' retrieved from /opt/airflow/dags/Second_DAG.py
[2025-04-27T20:57:26.233+0000] {logging_mixin.py:190} INFO - [2025-04-27T20:57:26.233+0000] {dag.py:3239} INFO - Sync 1 DAGs
[2025-04-27T20:57:26.260+0000] {logging_mixin.py:190} INFO - [2025-04-27T20:57:26.260+0000] {dag.py:4180} INFO - Setting next_dagrun for test_v3 to 2024-04-10 00:00:00+00:00, run_after=2024-04-11 00:00:00+00:00
[2025-04-27T20:57:26.291+0000] {processor.py:208} INFO - Processing /opt/airflow/dags/Second_DAG.py took 0.115 seconds
[2025-04-27T20:57:56.856+0000] {processor.py:186} INFO - Started process (PID=726) to work on /opt/airflow/dags/Second_DAG.py
[2025-04-27T20:57:56.857+0000] {processor.py:914} INFO - Processing file /opt/airflow/dags/Second_DAG.py for tasks to queue
[2025-04-27T20:57:56.859+0000] {logging_mixin.py:190} INFO - [2025-04-27T20:57:56.859+0000] {dagbag.py:588} INFO - Filling up the DagBag from /opt/airflow/dags/Second_DAG.py
[2025-04-27T20:57:56.878+0000] {processor.py:925} INFO - DAG(s) 'test_v3' retrieved from /opt/airflow/dags/Second_DAG.py
[2025-04-27T20:57:56.903+0000] {logging_mixin.py:190} INFO - [2025-04-27T20:57:56.903+0000] {dag.py:3239} INFO - Sync 1 DAGs
[2025-04-27T20:57:56.929+0000] {logging_mixin.py:190} INFO - [2025-04-27T20:57:56.928+0000] {dag.py:4180} INFO - Setting next_dagrun for test_v3 to 2024-04-10 00:00:00+00:00, run_after=2024-04-11 00:00:00+00:00
[2025-04-27T20:57:56.961+0000] {processor.py:208} INFO - Processing /opt/airflow/dags/Second_DAG.py took 0.111 seconds
[2025-04-27T20:58:27.165+0000] {processor.py:186} INFO - Started process (PID=757) to work on /opt/airflow/dags/Second_DAG.py
[2025-04-27T20:58:27.166+0000] {processor.py:914} INFO - Processing file /opt/airflow/dags/Second_DAG.py for tasks to queue
[2025-04-27T20:58:27.169+0000] {logging_mixin.py:190} INFO - [2025-04-27T20:58:27.168+0000] {dagbag.py:588} INFO - Filling up the DagBag from /opt/airflow/dags/Second_DAG.py
[2025-04-27T20:58:27.186+0000] {processor.py:925} INFO - DAG(s) 'test_v3' retrieved from /opt/airflow/dags/Second_DAG.py
[2025-04-27T20:58:27.216+0000] {logging_mixin.py:190} INFO - [2025-04-27T20:58:27.216+0000] {dag.py:3239} INFO - Sync 1 DAGs
[2025-04-27T20:58:27.246+0000] {logging_mixin.py:190} INFO - [2025-04-27T20:58:27.246+0000] {dag.py:4180} INFO - Setting next_dagrun for test_v3 to 2024-04-10 00:00:00+00:00, run_after=2024-04-11 00:00:00+00:00
[2025-04-27T20:58:27.268+0000] {processor.py:208} INFO - Processing /opt/airflow/dags/Second_DAG.py took 0.109 seconds
[2025-04-27T20:58:57.876+0000] {processor.py:186} INFO - Started process (PID=788) to work on /opt/airflow/dags/Second_DAG.py
[2025-04-27T20:58:57.877+0000] {processor.py:914} INFO - Processing file /opt/airflow/dags/Second_DAG.py for tasks to queue
[2025-04-27T20:58:57.879+0000] {logging_mixin.py:190} INFO - [2025-04-27T20:58:57.879+0000] {dagbag.py:588} INFO - Filling up the DagBag from /opt/airflow/dags/Second_DAG.py
[2025-04-27T20:58:57.900+0000] {processor.py:925} INFO - DAG(s) 'test_v3' retrieved from /opt/airflow/dags/Second_DAG.py
[2025-04-27T20:58:57.927+0000] {logging_mixin.py:190} INFO - [2025-04-27T20:58:57.926+0000] {dag.py:3239} INFO - Sync 1 DAGs
[2025-04-27T20:58:57.952+0000] {logging_mixin.py:190} INFO - [2025-04-27T20:58:57.952+0000] {dag.py:4180} INFO - Setting next_dagrun for test_v3 to 2024-04-10 00:00:00+00:00, run_after=2024-04-11 00:00:00+00:00
[2025-04-27T20:58:58.000+0000] {processor.py:208} INFO - Processing /opt/airflow/dags/Second_DAG.py took 0.133 seconds
[2025-04-27T20:59:28.701+0000] {processor.py:186} INFO - Started process (PID=819) to work on /opt/airflow/dags/Second_DAG.py
[2025-04-27T20:59:28.702+0000] {processor.py:914} INFO - Processing file /opt/airflow/dags/Second_DAG.py for tasks to queue
[2025-04-27T20:59:28.704+0000] {logging_mixin.py:190} INFO - [2025-04-27T20:59:28.704+0000] {dagbag.py:588} INFO - Filling up the DagBag from /opt/airflow/dags/Second_DAG.py
[2025-04-27T20:59:28.723+0000] {processor.py:925} INFO - DAG(s) 'test_v3' retrieved from /opt/airflow/dags/Second_DAG.py
[2025-04-27T20:59:28.749+0000] {logging_mixin.py:190} INFO - [2025-04-27T20:59:28.748+0000] {dag.py:3239} INFO - Sync 1 DAGs
[2025-04-27T20:59:28.775+0000] {logging_mixin.py:190} INFO - [2025-04-27T20:59:28.775+0000] {dag.py:4180} INFO - Setting next_dagrun for test_v3 to 2024-04-10 00:00:00+00:00, run_after=2024-04-11 00:00:00+00:00
[2025-04-27T20:59:28.795+0000] {processor.py:208} INFO - Processing /opt/airflow/dags/Second_DAG.py took 0.099 seconds
[2025-04-27T20:59:59.349+0000] {processor.py:186} INFO - Started process (PID=850) to work on /opt/airflow/dags/Second_DAG.py
[2025-04-27T20:59:59.350+0000] {processor.py:914} INFO - Processing file /opt/airflow/dags/Second_DAG.py for tasks to queue
[2025-04-27T20:59:59.353+0000] {logging_mixin.py:190} INFO - [2025-04-27T20:59:59.352+0000] {dagbag.py:588} INFO - Filling up the DagBag from /opt/airflow/dags/Second_DAG.py
[2025-04-27T20:59:59.370+0000] {processor.py:925} INFO - DAG(s) 'test_v3' retrieved from /opt/airflow/dags/Second_DAG.py
[2025-04-27T20:59:59.398+0000] {logging_mixin.py:190} INFO - [2025-04-27T20:59:59.397+0000] {dag.py:3239} INFO - Sync 1 DAGs
[2025-04-27T20:59:59.426+0000] {logging_mixin.py:190} INFO - [2025-04-27T20:59:59.426+0000] {dag.py:4180} INFO - Setting next_dagrun for test_v3 to 2024-04-10 00:00:00+00:00, run_after=2024-04-11 00:00:00+00:00
[2025-04-27T20:59:59.448+0000] {processor.py:208} INFO - Processing /opt/airflow/dags/Second_DAG.py took 0.105 seconds
[2025-04-27T21:00:30.000+0000] {processor.py:186} INFO - Started process (PID=881) to work on /opt/airflow/dags/Second_DAG.py
[2025-04-27T21:00:30.001+0000] {processor.py:914} INFO - Processing file /opt/airflow/dags/Second_DAG.py for tasks to queue
[2025-04-27T21:00:30.003+0000] {logging_mixin.py:190} INFO - [2025-04-27T21:00:30.002+0000] {dagbag.py:588} INFO - Filling up the DagBag from /opt/airflow/dags/Second_DAG.py
[2025-04-27T21:00:30.024+0000] {processor.py:925} INFO - DAG(s) 'test_v3' retrieved from /opt/airflow/dags/Second_DAG.py
[2025-04-27T21:00:30.049+0000] {logging_mixin.py:190} INFO - [2025-04-27T21:00:30.049+0000] {dag.py:3239} INFO - Sync 1 DAGs
[2025-04-27T21:00:30.073+0000] {logging_mixin.py:190} INFO - [2025-04-27T21:00:30.072+0000] {dag.py:4180} INFO - Setting next_dagrun for test_v3 to 2024-04-10 00:00:00+00:00, run_after=2024-04-11 00:00:00+00:00
[2025-04-27T21:00:30.103+0000] {processor.py:208} INFO - Processing /opt/airflow/dags/Second_DAG.py took 0.109 seconds
[2025-04-27T21:01:00.768+0000] {processor.py:186} INFO - Started process (PID=912) to work on /opt/airflow/dags/Second_DAG.py
[2025-04-27T21:01:00.769+0000] {processor.py:914} INFO - Processing file /opt/airflow/dags/Second_DAG.py for tasks to queue
[2025-04-27T21:01:00.772+0000] {logging_mixin.py:190} INFO - [2025-04-27T21:01:00.771+0000] {dagbag.py:588} INFO - Filling up the DagBag from /opt/airflow/dags/Second_DAG.py
[2025-04-27T21:01:00.796+0000] {processor.py:925} INFO - DAG(s) 'test_v3' retrieved from /opt/airflow/dags/Second_DAG.py
[2025-04-27T21:01:00.834+0000] {logging_mixin.py:190} INFO - [2025-04-27T21:01:00.834+0000] {dag.py:3239} INFO - Sync 1 DAGs
[2025-04-27T21:01:00.903+0000] {logging_mixin.py:190} INFO - [2025-04-27T21:01:00.902+0000] {dag.py:4180} INFO - Setting next_dagrun for test_v3 to 2024-04-10 00:00:00+00:00, run_after=2024-04-11 00:00:00+00:00
[2025-04-27T21:01:00.968+0000] {processor.py:208} INFO - Processing /opt/airflow/dags/Second_DAG.py took 0.206 seconds
[2025-04-27T21:01:31.667+0000] {processor.py:186} INFO - Started process (PID=943) to work on /opt/airflow/dags/Second_DAG.py
[2025-04-27T21:01:31.668+0000] {processor.py:914} INFO - Processing file /opt/airflow/dags/Second_DAG.py for tasks to queue
[2025-04-27T21:01:31.671+0000] {logging_mixin.py:190} INFO - [2025-04-27T21:01:31.670+0000] {dagbag.py:588} INFO - Filling up the DagBag from /opt/airflow/dags/Second_DAG.py
[2025-04-27T21:01:31.688+0000] {processor.py:925} INFO - DAG(s) 'test_v3' retrieved from /opt/airflow/dags/Second_DAG.py
[2025-04-27T21:01:31.713+0000] {logging_mixin.py:190} INFO - [2025-04-27T21:01:31.713+0000] {dag.py:3239} INFO - Sync 1 DAGs
[2025-04-27T21:01:31.737+0000] {logging_mixin.py:190} INFO - [2025-04-27T21:01:31.737+0000] {dag.py:4180} INFO - Setting next_dagrun for test_v3 to 2024-04-10 00:00:00+00:00, run_after=2024-04-11 00:00:00+00:00
[2025-04-27T21:01:31.756+0000] {processor.py:208} INFO - Processing /opt/airflow/dags/Second_DAG.py took 0.095 seconds
[2025-04-27T21:02:02.351+0000] {processor.py:186} INFO - Started process (PID=974) to work on /opt/airflow/dags/Second_DAG.py
[2025-04-27T21:02:02.352+0000] {processor.py:914} INFO - Processing file /opt/airflow/dags/Second_DAG.py for tasks to queue
[2025-04-27T21:02:02.354+0000] {logging_mixin.py:190} INFO - [2025-04-27T21:02:02.353+0000] {dagbag.py:588} INFO - Filling up the DagBag from /opt/airflow/dags/Second_DAG.py
[2025-04-27T21:02:02.370+0000] {processor.py:925} INFO - DAG(s) 'test_v3' retrieved from /opt/airflow/dags/Second_DAG.py
[2025-04-27T21:02:02.398+0000] {logging_mixin.py:190} INFO - [2025-04-27T21:02:02.398+0000] {dag.py:3239} INFO - Sync 1 DAGs
[2025-04-27T21:02:02.433+0000] {logging_mixin.py:190} INFO - [2025-04-27T21:02:02.432+0000] {dag.py:4180} INFO - Setting next_dagrun for test_v3 to 2024-04-10 00:00:00+00:00, run_after=2024-04-11 00:00:00+00:00
[2025-04-27T21:02:02.468+0000] {processor.py:208} INFO - Processing /opt/airflow/dags/Second_DAG.py took 0.123 seconds
[2025-04-27T21:02:33.021+0000] {processor.py:186} INFO - Started process (PID=1005) to work on /opt/airflow/dags/Second_DAG.py
[2025-04-27T21:02:33.022+0000] {processor.py:914} INFO - Processing file /opt/airflow/dags/Second_DAG.py for tasks to queue
[2025-04-27T21:02:33.025+0000] {logging_mixin.py:190} INFO - [2025-04-27T21:02:33.025+0000] {dagbag.py:588} INFO - Filling up the DagBag from /opt/airflow/dags/Second_DAG.py
[2025-04-27T21:02:33.050+0000] {processor.py:925} INFO - DAG(s) 'test_v3' retrieved from /opt/airflow/dags/Second_DAG.py
[2025-04-27T21:02:33.087+0000] {logging_mixin.py:190} INFO - [2025-04-27T21:02:33.086+0000] {dag.py:3239} INFO - Sync 1 DAGs
[2025-04-27T21:02:33.118+0000] {logging_mixin.py:190} INFO - [2025-04-27T21:02:33.117+0000] {dag.py:4180} INFO - Setting next_dagrun for test_v3 to 2024-04-10 00:00:00+00:00, run_after=2024-04-11 00:00:00+00:00
[2025-04-27T21:02:33.140+0000] {processor.py:208} INFO - Processing /opt/airflow/dags/Second_DAG.py took 0.125 seconds
[2025-04-27T21:03:03.915+0000] {processor.py:186} INFO - Started process (PID=1036) to work on /opt/airflow/dags/Second_DAG.py
[2025-04-27T21:03:03.918+0000] {processor.py:914} INFO - Processing file /opt/airflow/dags/Second_DAG.py for tasks to queue
[2025-04-27T21:03:03.921+0000] {logging_mixin.py:190} INFO - [2025-04-27T21:03:03.921+0000] {dagbag.py:588} INFO - Filling up the DagBag from /opt/airflow/dags/Second_DAG.py
[2025-04-27T21:03:03.950+0000] {processor.py:925} INFO - DAG(s) 'test_v3' retrieved from /opt/airflow/dags/Second_DAG.py
[2025-04-27T21:03:03.984+0000] {logging_mixin.py:190} INFO - [2025-04-27T21:03:03.983+0000] {dag.py:3239} INFO - Sync 1 DAGs
[2025-04-27T21:03:04.016+0000] {logging_mixin.py:190} INFO - [2025-04-27T21:03:04.016+0000] {dag.py:4180} INFO - Setting next_dagrun for test_v3 to 2024-04-10 00:00:00+00:00, run_after=2024-04-11 00:00:00+00:00
[2025-04-27T21:03:04.051+0000] {processor.py:208} INFO - Processing /opt/airflow/dags/Second_DAG.py took 0.145 seconds
[2025-04-27T21:03:34.526+0000] {processor.py:186} INFO - Started process (PID=1067) to work on /opt/airflow/dags/Second_DAG.py
[2025-04-27T21:03:34.527+0000] {processor.py:914} INFO - Processing file /opt/airflow/dags/Second_DAG.py for tasks to queue
[2025-04-27T21:03:34.530+0000] {logging_mixin.py:190} INFO - [2025-04-27T21:03:34.530+0000] {dagbag.py:588} INFO - Filling up the DagBag from /opt/airflow/dags/Second_DAG.py
[2025-04-27T21:03:34.547+0000] {processor.py:925} INFO - DAG(s) 'test_v3' retrieved from /opt/airflow/dags/Second_DAG.py
[2025-04-27T21:03:34.571+0000] {logging_mixin.py:190} INFO - [2025-04-27T21:03:34.570+0000] {dag.py:3239} INFO - Sync 1 DAGs
[2025-04-27T21:03:34.594+0000] {logging_mixin.py:190} INFO - [2025-04-27T21:03:34.594+0000] {dag.py:4180} INFO - Setting next_dagrun for test_v3 to 2024-04-10 00:00:00+00:00, run_after=2024-04-11 00:00:00+00:00
[2025-04-27T21:03:34.624+0000] {processor.py:208} INFO - Processing /opt/airflow/dags/Second_DAG.py took 0.104 seconds
[2025-04-27T21:04:05.347+0000] {processor.py:186} INFO - Started process (PID=1098) to work on /opt/airflow/dags/Second_DAG.py
[2025-04-27T21:04:05.348+0000] {processor.py:914} INFO - Processing file /opt/airflow/dags/Second_DAG.py for tasks to queue
[2025-04-27T21:04:05.351+0000] {logging_mixin.py:190} INFO - [2025-04-27T21:04:05.351+0000] {dagbag.py:588} INFO - Filling up the DagBag from /opt/airflow/dags/Second_DAG.py
[2025-04-27T21:04:05.370+0000] {processor.py:925} INFO - DAG(s) 'test_v3' retrieved from /opt/airflow/dags/Second_DAG.py
[2025-04-27T21:04:05.403+0000] {logging_mixin.py:190} INFO - [2025-04-27T21:04:05.402+0000] {dag.py:3239} INFO - Sync 1 DAGs
[2025-04-27T21:04:05.436+0000] {logging_mixin.py:190} INFO - [2025-04-27T21:04:05.436+0000] {dag.py:4180} INFO - Setting next_dagrun for test_v3 to 2024-04-10 00:00:00+00:00, run_after=2024-04-11 00:00:00+00:00
[2025-04-27T21:04:05.489+0000] {processor.py:208} INFO - Processing /opt/airflow/dags/Second_DAG.py took 0.149 seconds
[2025-04-27T21:04:36.025+0000] {processor.py:186} INFO - Started process (PID=1129) to work on /opt/airflow/dags/Second_DAG.py
[2025-04-27T21:04:36.026+0000] {processor.py:914} INFO - Processing file /opt/airflow/dags/Second_DAG.py for tasks to queue
[2025-04-27T21:04:36.028+0000] {logging_mixin.py:190} INFO - [2025-04-27T21:04:36.028+0000] {dagbag.py:588} INFO - Filling up the DagBag from /opt/airflow/dags/Second_DAG.py
[2025-04-27T21:04:36.047+0000] {processor.py:925} INFO - DAG(s) 'test_v3' retrieved from /opt/airflow/dags/Second_DAG.py
[2025-04-27T21:04:36.073+0000] {logging_mixin.py:190} INFO - [2025-04-27T21:04:36.073+0000] {dag.py:3239} INFO - Sync 1 DAGs
[2025-04-27T21:04:36.109+0000] {logging_mixin.py:190} INFO - [2025-04-27T21:04:36.109+0000] {dag.py:4180} INFO - Setting next_dagrun for test_v3 to 2024-04-10 00:00:00+00:00, run_after=2024-04-11 00:00:00+00:00
[2025-04-27T21:04:36.130+0000] {processor.py:208} INFO - Processing /opt/airflow/dags/Second_DAG.py took 0.112 seconds
[2025-04-27T21:05:06.764+0000] {processor.py:186} INFO - Started process (PID=1160) to work on /opt/airflow/dags/Second_DAG.py
[2025-04-27T21:05:06.765+0000] {processor.py:914} INFO - Processing file /opt/airflow/dags/Second_DAG.py for tasks to queue
[2025-04-27T21:05:06.768+0000] {logging_mixin.py:190} INFO - [2025-04-27T21:05:06.767+0000] {dagbag.py:588} INFO - Filling up the DagBag from /opt/airflow/dags/Second_DAG.py
[2025-04-27T21:05:06.796+0000] {processor.py:925} INFO - DAG(s) 'test_v3' retrieved from /opt/airflow/dags/Second_DAG.py
[2025-04-27T21:05:06.850+0000] {logging_mixin.py:190} INFO - [2025-04-27T21:05:06.850+0000] {dag.py:3239} INFO - Sync 1 DAGs
[2025-04-27T21:05:06.889+0000] {logging_mixin.py:190} INFO - [2025-04-27T21:05:06.889+0000] {dag.py:4180} INFO - Setting next_dagrun for test_v3 to 2024-04-10 00:00:00+00:00, run_after=2024-04-11 00:00:00+00:00
[2025-04-27T21:05:06.925+0000] {processor.py:208} INFO - Processing /opt/airflow/dags/Second_DAG.py took 0.169 seconds
[2025-04-27T21:05:37.457+0000] {processor.py:186} INFO - Started process (PID=1191) to work on /opt/airflow/dags/Second_DAG.py
[2025-04-27T21:05:37.459+0000] {processor.py:914} INFO - Processing file /opt/airflow/dags/Second_DAG.py for tasks to queue
[2025-04-27T21:05:37.461+0000] {logging_mixin.py:190} INFO - [2025-04-27T21:05:37.461+0000] {dagbag.py:588} INFO - Filling up the DagBag from /opt/airflow/dags/Second_DAG.py
[2025-04-27T21:05:37.482+0000] {processor.py:925} INFO - DAG(s) 'test_v3' retrieved from /opt/airflow/dags/Second_DAG.py
[2025-04-27T21:05:37.509+0000] {logging_mixin.py:190} INFO - [2025-04-27T21:05:37.509+0000] {dag.py:3239} INFO - Sync 1 DAGs
[2025-04-27T21:05:37.538+0000] {logging_mixin.py:190} INFO - [2025-04-27T21:05:37.537+0000] {dag.py:4180} INFO - Setting next_dagrun for test_v3 to 2024-04-10 00:00:00+00:00, run_after=2024-04-11 00:00:00+00:00
[2025-04-27T21:05:37.581+0000] {processor.py:208} INFO - Processing /opt/airflow/dags/Second_DAG.py took 0.129 seconds
[2025-04-27T21:06:08.148+0000] {processor.py:186} INFO - Started process (PID=1222) to work on /opt/airflow/dags/Second_DAG.py
[2025-04-27T21:06:08.149+0000] {processor.py:914} INFO - Processing file /opt/airflow/dags/Second_DAG.py for tasks to queue
[2025-04-27T21:06:08.151+0000] {logging_mixin.py:190} INFO - [2025-04-27T21:06:08.151+0000] {dagbag.py:588} INFO - Filling up the DagBag from /opt/airflow/dags/Second_DAG.py
[2025-04-27T21:06:08.168+0000] {processor.py:925} INFO - DAG(s) 'test_v3' retrieved from /opt/airflow/dags/Second_DAG.py
[2025-04-27T21:06:08.193+0000] {logging_mixin.py:190} INFO - [2025-04-27T21:06:08.193+0000] {dag.py:3239} INFO - Sync 1 DAGs
[2025-04-27T21:06:08.219+0000] {logging_mixin.py:190} INFO - [2025-04-27T21:06:08.219+0000] {dag.py:4180} INFO - Setting next_dagrun for test_v3 to 2024-04-10 00:00:00+00:00, run_after=2024-04-11 00:00:00+00:00
[2025-04-27T21:06:08.242+0000] {processor.py:208} INFO - Processing /opt/airflow/dags/Second_DAG.py took 0.100 seconds
[2025-04-27T21:06:38.831+0000] {processor.py:186} INFO - Started process (PID=1253) to work on /opt/airflow/dags/Second_DAG.py
[2025-04-27T21:06:38.832+0000] {processor.py:914} INFO - Processing file /opt/airflow/dags/Second_DAG.py for tasks to queue
[2025-04-27T21:06:38.835+0000] {logging_mixin.py:190} INFO - [2025-04-27T21:06:38.834+0000] {dagbag.py:588} INFO - Filling up the DagBag from /opt/airflow/dags/Second_DAG.py
[2025-04-27T21:06:38.853+0000] {processor.py:925} INFO - DAG(s) 'test_v3' retrieved from /opt/airflow/dags/Second_DAG.py
[2025-04-27T21:06:38.889+0000] {logging_mixin.py:190} INFO - [2025-04-27T21:06:38.889+0000] {dag.py:3239} INFO - Sync 1 DAGs
[2025-04-27T21:06:38.911+0000] {logging_mixin.py:190} INFO - [2025-04-27T21:06:38.911+0000] {dag.py:4180} INFO - Setting next_dagrun for test_v3 to 2024-04-10 00:00:00+00:00, run_after=2024-04-11 00:00:00+00:00
[2025-04-27T21:06:38.934+0000] {processor.py:208} INFO - Processing /opt/airflow/dags/Second_DAG.py took 0.109 seconds
[2025-04-27T21:07:09.544+0000] {processor.py:186} INFO - Started process (PID=1284) to work on /opt/airflow/dags/Second_DAG.py
[2025-04-27T21:07:09.545+0000] {processor.py:914} INFO - Processing file /opt/airflow/dags/Second_DAG.py for tasks to queue
[2025-04-27T21:07:09.548+0000] {logging_mixin.py:190} INFO - [2025-04-27T21:07:09.548+0000] {dagbag.py:588} INFO - Filling up the DagBag from /opt/airflow/dags/Second_DAG.py
[2025-04-27T21:07:09.564+0000] {processor.py:925} INFO - DAG(s) 'test_v3' retrieved from /opt/airflow/dags/Second_DAG.py
[2025-04-27T21:07:09.590+0000] {logging_mixin.py:190} INFO - [2025-04-27T21:07:09.589+0000] {dag.py:3239} INFO - Sync 1 DAGs
[2025-04-27T21:07:09.614+0000] {logging_mixin.py:190} INFO - [2025-04-27T21:07:09.613+0000] {dag.py:4180} INFO - Setting next_dagrun for test_v3 to 2024-04-10 00:00:00+00:00, run_after=2024-04-11 00:00:00+00:00
[2025-04-27T21:07:09.634+0000] {processor.py:208} INFO - Processing /opt/airflow/dags/Second_DAG.py took 0.096 seconds
[2025-04-27T21:07:40.254+0000] {processor.py:186} INFO - Started process (PID=1315) to work on /opt/airflow/dags/Second_DAG.py
[2025-04-27T21:07:40.255+0000] {processor.py:914} INFO - Processing file /opt/airflow/dags/Second_DAG.py for tasks to queue
[2025-04-27T21:07:40.257+0000] {logging_mixin.py:190} INFO - [2025-04-27T21:07:40.257+0000] {dagbag.py:588} INFO - Filling up the DagBag from /opt/airflow/dags/Second_DAG.py
[2025-04-27T21:07:40.275+0000] {processor.py:925} INFO - DAG(s) 'test_v3' retrieved from /opt/airflow/dags/Second_DAG.py
[2025-04-27T21:07:40.302+0000] {logging_mixin.py:190} INFO - [2025-04-27T21:07:40.302+0000] {dag.py:3239} INFO - Sync 1 DAGs
[2025-04-27T21:07:40.326+0000] {logging_mixin.py:190} INFO - [2025-04-27T21:07:40.326+0000] {dag.py:4180} INFO - Setting next_dagrun for test_v3 to 2024-04-10 00:00:00+00:00, run_after=2024-04-11 00:00:00+00:00
[2025-04-27T21:07:40.347+0000] {processor.py:208} INFO - Processing /opt/airflow/dags/Second_DAG.py took 0.099 seconds
[2025-04-27T21:08:11.066+0000] {processor.py:186} INFO - Started process (PID=1346) to work on /opt/airflow/dags/Second_DAG.py
[2025-04-27T21:08:11.067+0000] {processor.py:914} INFO - Processing file /opt/airflow/dags/Second_DAG.py for tasks to queue
[2025-04-27T21:08:11.070+0000] {logging_mixin.py:190} INFO - [2025-04-27T21:08:11.069+0000] {dagbag.py:588} INFO - Filling up the DagBag from /opt/airflow/dags/Second_DAG.py
[2025-04-27T21:08:11.087+0000] {processor.py:925} INFO - DAG(s) 'test_v3' retrieved from /opt/airflow/dags/Second_DAG.py
[2025-04-27T21:08:11.110+0000] {logging_mixin.py:190} INFO - [2025-04-27T21:08:11.110+0000] {dag.py:3239} INFO - Sync 1 DAGs
[2025-04-27T21:08:11.137+0000] {logging_mixin.py:190} INFO - [2025-04-27T21:08:11.137+0000] {dag.py:4180} INFO - Setting next_dagrun for test_v3 to 2024-04-10 00:00:00+00:00, run_after=2024-04-11 00:00:00+00:00
[2025-04-27T21:08:11.156+0000] {processor.py:208} INFO - Processing /opt/airflow/dags/Second_DAG.py took 0.096 seconds
[2025-04-27T21:08:41.888+0000] {processor.py:186} INFO - Started process (PID=1377) to work on /opt/airflow/dags/Second_DAG.py
[2025-04-27T21:08:41.889+0000] {processor.py:914} INFO - Processing file /opt/airflow/dags/Second_DAG.py for tasks to queue
[2025-04-27T21:08:41.891+0000] {logging_mixin.py:190} INFO - [2025-04-27T21:08:41.891+0000] {dagbag.py:588} INFO - Filling up the DagBag from /opt/airflow/dags/Second_DAG.py
[2025-04-27T21:08:41.907+0000] {processor.py:925} INFO - DAG(s) 'test_v3' retrieved from /opt/airflow/dags/Second_DAG.py
[2025-04-27T21:08:41.932+0000] {logging_mixin.py:190} INFO - [2025-04-27T21:08:41.932+0000] {dag.py:3239} INFO - Sync 1 DAGs
[2025-04-27T21:08:41.964+0000] {logging_mixin.py:190} INFO - [2025-04-27T21:08:41.964+0000] {dag.py:4180} INFO - Setting next_dagrun for test_v3 to 2024-04-10 00:00:00+00:00, run_after=2024-04-11 00:00:00+00:00
[2025-04-27T21:08:41.986+0000] {processor.py:208} INFO - Processing /opt/airflow/dags/Second_DAG.py took 0.104 seconds
[2025-04-27T21:09:12.689+0000] {processor.py:186} INFO - Started process (PID=1408) to work on /opt/airflow/dags/Second_DAG.py
[2025-04-27T21:09:12.690+0000] {processor.py:914} INFO - Processing file /opt/airflow/dags/Second_DAG.py for tasks to queue
[2025-04-27T21:09:12.693+0000] {logging_mixin.py:190} INFO - [2025-04-27T21:09:12.692+0000] {dagbag.py:588} INFO - Filling up the DagBag from /opt/airflow/dags/Second_DAG.py
[2025-04-27T21:09:12.711+0000] {processor.py:925} INFO - DAG(s) 'test_v3' retrieved from /opt/airflow/dags/Second_DAG.py
[2025-04-27T21:09:12.744+0000] {logging_mixin.py:190} INFO - [2025-04-27T21:09:12.744+0000] {dag.py:3239} INFO - Sync 1 DAGs
[2025-04-27T21:09:12.774+0000] {logging_mixin.py:190} INFO - [2025-04-27T21:09:12.773+0000] {dag.py:4180} INFO - Setting next_dagrun for test_v3 to 2024-04-10 00:00:00+00:00, run_after=2024-04-11 00:00:00+00:00
[2025-04-27T21:09:12.810+0000] {processor.py:208} INFO - Processing /opt/airflow/dags/Second_DAG.py took 0.126 seconds
[2025-04-27T21:09:43.391+0000] {processor.py:186} INFO - Started process (PID=1438) to work on /opt/airflow/dags/Second_DAG.py
[2025-04-27T21:09:43.392+0000] {processor.py:914} INFO - Processing file /opt/airflow/dags/Second_DAG.py for tasks to queue
[2025-04-27T21:09:43.394+0000] {logging_mixin.py:190} INFO - [2025-04-27T21:09:43.394+0000] {dagbag.py:588} INFO - Filling up the DagBag from /opt/airflow/dags/Second_DAG.py
[2025-04-27T21:09:43.415+0000] {processor.py:925} INFO - DAG(s) 'test_v3' retrieved from /opt/airflow/dags/Second_DAG.py
[2025-04-27T21:09:43.444+0000] {logging_mixin.py:190} INFO - [2025-04-27T21:09:43.443+0000] {dag.py:3239} INFO - Sync 1 DAGs
[2025-04-27T21:09:43.468+0000] {logging_mixin.py:190} INFO - [2025-04-27T21:09:43.468+0000] {dag.py:4180} INFO - Setting next_dagrun for test_v3 to 2024-04-10 00:00:00+00:00, run_after=2024-04-11 00:00:00+00:00
[2025-04-27T21:09:43.488+0000] {processor.py:208} INFO - Processing /opt/airflow/dags/Second_DAG.py took 0.103 seconds
[2025-04-27T21:10:14.193+0000] {processor.py:186} INFO - Started process (PID=1469) to work on /opt/airflow/dags/Second_DAG.py
[2025-04-27T21:10:14.194+0000] {processor.py:914} INFO - Processing file /opt/airflow/dags/Second_DAG.py for tasks to queue
[2025-04-27T21:10:14.196+0000] {logging_mixin.py:190} INFO - [2025-04-27T21:10:14.196+0000] {dagbag.py:588} INFO - Filling up the DagBag from /opt/airflow/dags/Second_DAG.py
[2025-04-27T21:10:14.211+0000] {processor.py:925} INFO - DAG(s) 'test_v3' retrieved from /opt/airflow/dags/Second_DAG.py
[2025-04-27T21:10:14.237+0000] {logging_mixin.py:190} INFO - [2025-04-27T21:10:14.237+0000] {dag.py:3239} INFO - Sync 1 DAGs
[2025-04-27T21:10:14.261+0000] {logging_mixin.py:190} INFO - [2025-04-27T21:10:14.260+0000] {dag.py:4180} INFO - Setting next_dagrun for test_v3 to 2024-04-10 00:00:00+00:00, run_after=2024-04-11 00:00:00+00:00
[2025-04-27T21:10:14.292+0000] {processor.py:208} INFO - Processing /opt/airflow/dags/Second_DAG.py took 0.104 seconds
[2025-04-27T21:10:44.979+0000] {processor.py:186} INFO - Started process (PID=1500) to work on /opt/airflow/dags/Second_DAG.py
[2025-04-27T21:10:44.980+0000] {processor.py:914} INFO - Processing file /opt/airflow/dags/Second_DAG.py for tasks to queue
[2025-04-27T21:10:44.982+0000] {logging_mixin.py:190} INFO - [2025-04-27T21:10:44.982+0000] {dagbag.py:588} INFO - Filling up the DagBag from /opt/airflow/dags/Second_DAG.py
[2025-04-27T21:10:45.000+0000] {processor.py:925} INFO - DAG(s) 'test_v3' retrieved from /opt/airflow/dags/Second_DAG.py
[2025-04-27T21:10:45.026+0000] {logging_mixin.py:190} INFO - [2025-04-27T21:10:45.026+0000] {dag.py:3239} INFO - Sync 1 DAGs
[2025-04-27T21:10:45.051+0000] {logging_mixin.py:190} INFO - [2025-04-27T21:10:45.051+0000] {dag.py:4180} INFO - Setting next_dagrun for test_v3 to 2024-04-10 00:00:00+00:00, run_after=2024-04-11 00:00:00+00:00
[2025-04-27T21:10:45.072+0000] {processor.py:208} INFO - Processing /opt/airflow/dags/Second_DAG.py took 0.099 seconds
[2025-04-27T21:11:15.728+0000] {processor.py:186} INFO - Started process (PID=1536) to work on /opt/airflow/dags/Second_DAG.py
[2025-04-27T21:11:15.729+0000] {processor.py:914} INFO - Processing file /opt/airflow/dags/Second_DAG.py for tasks to queue
[2025-04-27T21:11:15.731+0000] {logging_mixin.py:190} INFO - [2025-04-27T21:11:15.731+0000] {dagbag.py:588} INFO - Filling up the DagBag from /opt/airflow/dags/Second_DAG.py
[2025-04-27T21:11:15.749+0000] {processor.py:925} INFO - DAG(s) 'test_v3' retrieved from /opt/airflow/dags/Second_DAG.py
[2025-04-27T21:11:15.776+0000] {logging_mixin.py:190} INFO - [2025-04-27T21:11:15.776+0000] {dag.py:3239} INFO - Sync 1 DAGs
[2025-04-27T21:11:15.805+0000] {logging_mixin.py:190} INFO - [2025-04-27T21:11:15.805+0000] {dag.py:4180} INFO - Setting next_dagrun for test_v3 to 2024-04-10 00:00:00+00:00, run_after=2024-04-11 00:00:00+00:00
[2025-04-27T21:11:15.831+0000] {processor.py:208} INFO - Processing /opt/airflow/dags/Second_DAG.py took 0.109 seconds
[2025-04-27T21:11:46.421+0000] {processor.py:186} INFO - Started process (PID=1567) to work on /opt/airflow/dags/Second_DAG.py
[2025-04-27T21:11:46.422+0000] {processor.py:914} INFO - Processing file /opt/airflow/dags/Second_DAG.py for tasks to queue
[2025-04-27T21:11:46.425+0000] {logging_mixin.py:190} INFO - [2025-04-27T21:11:46.424+0000] {dagbag.py:588} INFO - Filling up the DagBag from /opt/airflow/dags/Second_DAG.py
[2025-04-27T21:11:46.442+0000] {processor.py:925} INFO - DAG(s) 'test_v3' retrieved from /opt/airflow/dags/Second_DAG.py
[2025-04-27T21:11:46.468+0000] {logging_mixin.py:190} INFO - [2025-04-27T21:11:46.467+0000] {dag.py:3239} INFO - Sync 1 DAGs
[2025-04-27T21:11:46.494+0000] {logging_mixin.py:190} INFO - [2025-04-27T21:11:46.494+0000] {dag.py:4180} INFO - Setting next_dagrun for test_v3 to 2024-04-10 00:00:00+00:00, run_after=2024-04-11 00:00:00+00:00
[2025-04-27T21:11:46.527+0000] {processor.py:208} INFO - Processing /opt/airflow/dags/Second_DAG.py took 0.113 seconds
[2025-04-27T21:12:17.122+0000] {processor.py:186} INFO - Started process (PID=1598) to work on /opt/airflow/dags/Second_DAG.py
[2025-04-27T21:12:17.123+0000] {processor.py:914} INFO - Processing file /opt/airflow/dags/Second_DAG.py for tasks to queue
[2025-04-27T21:12:17.126+0000] {logging_mixin.py:190} INFO - [2025-04-27T21:12:17.126+0000] {dagbag.py:588} INFO - Filling up the DagBag from /opt/airflow/dags/Second_DAG.py
[2025-04-27T21:12:17.147+0000] {processor.py:925} INFO - DAG(s) 'test_v3' retrieved from /opt/airflow/dags/Second_DAG.py
[2025-04-27T21:12:17.178+0000] {logging_mixin.py:190} INFO - [2025-04-27T21:12:17.178+0000] {dag.py:3239} INFO - Sync 1 DAGs
[2025-04-27T21:12:17.207+0000] {logging_mixin.py:190} INFO - [2025-04-27T21:12:17.207+0000] {dag.py:4180} INFO - Setting next_dagrun for test_v3 to 2024-04-10 00:00:00+00:00, run_after=2024-04-11 00:00:00+00:00
[2025-04-27T21:12:17.241+0000] {processor.py:208} INFO - Processing /opt/airflow/dags/Second_DAG.py took 0.126 seconds
[2025-04-27T21:12:47.890+0000] {processor.py:186} INFO - Started process (PID=1629) to work on /opt/airflow/dags/Second_DAG.py
[2025-04-27T21:12:47.891+0000] {processor.py:914} INFO - Processing file /opt/airflow/dags/Second_DAG.py for tasks to queue
[2025-04-27T21:12:47.894+0000] {logging_mixin.py:190} INFO - [2025-04-27T21:12:47.893+0000] {dagbag.py:588} INFO - Filling up the DagBag from /opt/airflow/dags/Second_DAG.py
[2025-04-27T21:12:47.915+0000] {processor.py:925} INFO - DAG(s) 'test_v3' retrieved from /opt/airflow/dags/Second_DAG.py
[2025-04-27T21:12:47.946+0000] {logging_mixin.py:190} INFO - [2025-04-27T21:12:47.945+0000] {dag.py:3239} INFO - Sync 1 DAGs
[2025-04-27T21:12:47.977+0000] {logging_mixin.py:190} INFO - [2025-04-27T21:12:47.977+0000] {dag.py:4180} INFO - Setting next_dagrun for test_v3 to 2024-04-10 00:00:00+00:00, run_after=2024-04-11 00:00:00+00:00
[2025-04-27T21:12:48.010+0000] {processor.py:208} INFO - Processing /opt/airflow/dags/Second_DAG.py took 0.127 seconds
[2025-04-27T21:13:18.629+0000] {processor.py:186} INFO - Started process (PID=1661) to work on /opt/airflow/dags/Second_DAG.py
[2025-04-27T21:13:18.630+0000] {processor.py:914} INFO - Processing file /opt/airflow/dags/Second_DAG.py for tasks to queue
[2025-04-27T21:13:18.633+0000] {logging_mixin.py:190} INFO - [2025-04-27T21:13:18.632+0000] {dagbag.py:588} INFO - Filling up the DagBag from /opt/airflow/dags/Second_DAG.py
[2025-04-27T21:13:18.653+0000] {processor.py:925} INFO - DAG(s) 'test_v3' retrieved from /opt/airflow/dags/Second_DAG.py
[2025-04-27T21:13:18.684+0000] {logging_mixin.py:190} INFO - [2025-04-27T21:13:18.684+0000] {dag.py:3239} INFO - Sync 1 DAGs
[2025-04-27T21:13:18.710+0000] {logging_mixin.py:190} INFO - [2025-04-27T21:13:18.709+0000] {dag.py:4180} INFO - Setting next_dagrun for test_v3 to 2024-04-10 00:00:00+00:00, run_after=2024-04-11 00:00:00+00:00
[2025-04-27T21:13:18.729+0000] {processor.py:208} INFO - Processing /opt/airflow/dags/Second_DAG.py took 0.107 seconds
[2025-04-27T21:13:49.345+0000] {processor.py:186} INFO - Started process (PID=1692) to work on /opt/airflow/dags/Second_DAG.py
[2025-04-27T21:13:49.346+0000] {processor.py:914} INFO - Processing file /opt/airflow/dags/Second_DAG.py for tasks to queue
[2025-04-27T21:13:49.348+0000] {logging_mixin.py:190} INFO - [2025-04-27T21:13:49.348+0000] {dagbag.py:588} INFO - Filling up the DagBag from /opt/airflow/dags/Second_DAG.py
[2025-04-27T21:13:49.365+0000] {processor.py:925} INFO - DAG(s) 'test_v3' retrieved from /opt/airflow/dags/Second_DAG.py
[2025-04-27T21:13:49.402+0000] {logging_mixin.py:190} INFO - [2025-04-27T21:13:49.401+0000] {dag.py:3239} INFO - Sync 1 DAGs
[2025-04-27T21:13:49.432+0000] {logging_mixin.py:190} INFO - [2025-04-27T21:13:49.432+0000] {dag.py:4180} INFO - Setting next_dagrun for test_v3 to 2024-04-10 00:00:00+00:00, run_after=2024-04-11 00:00:00+00:00
[2025-04-27T21:13:49.464+0000] {processor.py:208} INFO - Processing /opt/airflow/dags/Second_DAG.py took 0.125 seconds
[2025-04-27T21:14:20.106+0000] {processor.py:186} INFO - Started process (PID=1723) to work on /opt/airflow/dags/Second_DAG.py
[2025-04-27T21:14:20.107+0000] {processor.py:914} INFO - Processing file /opt/airflow/dags/Second_DAG.py for tasks to queue
[2025-04-27T21:14:20.109+0000] {logging_mixin.py:190} INFO - [2025-04-27T21:14:20.109+0000] {dagbag.py:588} INFO - Filling up the DagBag from /opt/airflow/dags/Second_DAG.py
[2025-04-27T21:14:20.125+0000] {processor.py:925} INFO - DAG(s) 'test_v3' retrieved from /opt/airflow/dags/Second_DAG.py
[2025-04-27T21:14:20.152+0000] {logging_mixin.py:190} INFO - [2025-04-27T21:14:20.152+0000] {dag.py:3239} INFO - Sync 1 DAGs
[2025-04-27T21:14:20.175+0000] {logging_mixin.py:190} INFO - [2025-04-27T21:14:20.175+0000] {dag.py:4180} INFO - Setting next_dagrun for test_v3 to 2024-04-10 00:00:00+00:00, run_after=2024-04-11 00:00:00+00:00
[2025-04-27T21:14:20.218+0000] {processor.py:208} INFO - Processing /opt/airflow/dags/Second_DAG.py took 0.118 seconds
[2025-04-27T21:14:50.725+0000] {processor.py:186} INFO - Started process (PID=1754) to work on /opt/airflow/dags/Second_DAG.py
[2025-04-27T21:14:50.727+0000] {processor.py:914} INFO - Processing file /opt/airflow/dags/Second_DAG.py for tasks to queue
[2025-04-27T21:14:50.729+0000] {logging_mixin.py:190} INFO - [2025-04-27T21:14:50.729+0000] {dagbag.py:588} INFO - Filling up the DagBag from /opt/airflow/dags/Second_DAG.py
[2025-04-27T21:14:50.746+0000] {processor.py:925} INFO - DAG(s) 'test_v3' retrieved from /opt/airflow/dags/Second_DAG.py
[2025-04-27T21:14:50.772+0000] {logging_mixin.py:190} INFO - [2025-04-27T21:14:50.772+0000] {dag.py:3239} INFO - Sync 1 DAGs
[2025-04-27T21:14:50.804+0000] {logging_mixin.py:190} INFO - [2025-04-27T21:14:50.804+0000] {dag.py:4180} INFO - Setting next_dagrun for test_v3 to 2024-04-10 00:00:00+00:00, run_after=2024-04-11 00:00:00+00:00
[2025-04-27T21:14:50.836+0000] {processor.py:208} INFO - Processing /opt/airflow/dags/Second_DAG.py took 0.117 seconds
[2025-04-27T21:15:21.432+0000] {processor.py:186} INFO - Started process (PID=1784) to work on /opt/airflow/dags/Second_DAG.py
[2025-04-27T21:15:21.433+0000] {processor.py:914} INFO - Processing file /opt/airflow/dags/Second_DAG.py for tasks to queue
[2025-04-27T21:15:21.435+0000] {logging_mixin.py:190} INFO - [2025-04-27T21:15:21.435+0000] {dagbag.py:588} INFO - Filling up the DagBag from /opt/airflow/dags/Second_DAG.py
[2025-04-27T21:15:21.453+0000] {processor.py:925} INFO - DAG(s) 'test_v3' retrieved from /opt/airflow/dags/Second_DAG.py
[2025-04-27T21:15:21.478+0000] {logging_mixin.py:190} INFO - [2025-04-27T21:15:21.477+0000] {dag.py:3239} INFO - Sync 1 DAGs
[2025-04-27T21:15:21.502+0000] {logging_mixin.py:190} INFO - [2025-04-27T21:15:21.502+0000] {dag.py:4180} INFO - Setting next_dagrun for test_v3 to 2024-04-10 00:00:00+00:00, run_after=2024-04-11 00:00:00+00:00
[2025-04-27T21:15:21.532+0000] {processor.py:208} INFO - Processing /opt/airflow/dags/Second_DAG.py took 0.105 seconds
[2025-04-27T21:15:53.320+0000] {processor.py:186} INFO - Started process (PID=1816) to work on /opt/airflow/dags/Second_DAG.py
[2025-04-27T21:15:53.322+0000] {processor.py:914} INFO - Processing file /opt/airflow/dags/Second_DAG.py for tasks to queue
[2025-04-27T21:15:53.329+0000] {logging_mixin.py:190} INFO - [2025-04-27T21:15:53.329+0000] {dagbag.py:588} INFO - Filling up the DagBag from /opt/airflow/dags/Second_DAG.py
[2025-04-27T21:15:53.402+0000] {processor.py:925} INFO - DAG(s) 'test_v3' retrieved from /opt/airflow/dags/Second_DAG.py
[2025-04-27T21:15:53.479+0000] {logging_mixin.py:190} INFO - [2025-04-27T21:15:53.478+0000] {dag.py:3239} INFO - Sync 1 DAGs
[2025-04-27T21:15:53.626+0000] {logging_mixin.py:190} INFO - [2025-04-27T21:15:53.625+0000] {dag.py:4180} INFO - Setting next_dagrun for test_v3 to 2024-04-10 00:00:00+00:00, run_after=2024-04-11 00:00:00+00:00
[2025-04-27T21:15:54.229+0000] {processor.py:208} INFO - Processing /opt/airflow/dags/Second_DAG.py took 0.929 seconds
[2025-04-27T21:16:24.552+0000] {processor.py:186} INFO - Started process (PID=1847) to work on /opt/airflow/dags/Second_DAG.py
[2025-04-27T21:16:24.554+0000] {processor.py:914} INFO - Processing file /opt/airflow/dags/Second_DAG.py for tasks to queue
[2025-04-27T21:16:24.557+0000] {logging_mixin.py:190} INFO - [2025-04-27T21:16:24.557+0000] {dagbag.py:588} INFO - Filling up the DagBag from /opt/airflow/dags/Second_DAG.py
[2025-04-27T21:16:24.577+0000] {processor.py:925} INFO - DAG(s) 'test_v3' retrieved from /opt/airflow/dags/Second_DAG.py
[2025-04-27T21:16:24.607+0000] {logging_mixin.py:190} INFO - [2025-04-27T21:16:24.607+0000] {dag.py:3239} INFO - Sync 1 DAGs
[2025-04-27T21:16:24.637+0000] {logging_mixin.py:190} INFO - [2025-04-27T21:16:24.637+0000] {dag.py:4180} INFO - Setting next_dagrun for test_v3 to 2024-04-10 00:00:00+00:00, run_after=2024-04-11 00:00:00+00:00
[2025-04-27T21:16:24.663+0000] {processor.py:208} INFO - Processing /opt/airflow/dags/Second_DAG.py took 0.117 seconds
[2025-04-27T21:16:55.482+0000] {processor.py:186} INFO - Started process (PID=1878) to work on /opt/airflow/dags/Second_DAG.py
[2025-04-27T21:16:55.484+0000] {processor.py:914} INFO - Processing file /opt/airflow/dags/Second_DAG.py for tasks to queue
[2025-04-27T21:16:55.487+0000] {logging_mixin.py:190} INFO - [2025-04-27T21:16:55.486+0000] {dagbag.py:588} INFO - Filling up the DagBag from /opt/airflow/dags/Second_DAG.py
[2025-04-27T21:16:55.517+0000] {processor.py:925} INFO - DAG(s) 'test_v3' retrieved from /opt/airflow/dags/Second_DAG.py
[2025-04-27T21:16:55.558+0000] {logging_mixin.py:190} INFO - [2025-04-27T21:16:55.558+0000] {dag.py:3239} INFO - Sync 1 DAGs
[2025-04-27T21:16:55.589+0000] {logging_mixin.py:190} INFO - [2025-04-27T21:16:55.589+0000] {dag.py:4180} INFO - Setting next_dagrun for test_v3 to 2024-04-10 00:00:00+00:00, run_after=2024-04-11 00:00:00+00:00
[2025-04-27T21:16:55.613+0000] {processor.py:208} INFO - Processing /opt/airflow/dags/Second_DAG.py took 0.141 seconds
[2025-04-27T21:17:26.266+0000] {processor.py:186} INFO - Started process (PID=1910) to work on /opt/airflow/dags/Second_DAG.py
[2025-04-27T21:17:26.267+0000] {processor.py:914} INFO - Processing file /opt/airflow/dags/Second_DAG.py for tasks to queue
[2025-04-27T21:17:26.269+0000] {logging_mixin.py:190} INFO - [2025-04-27T21:17:26.269+0000] {dagbag.py:588} INFO - Filling up the DagBag from /opt/airflow/dags/Second_DAG.py
[2025-04-27T21:17:26.288+0000] {processor.py:925} INFO - DAG(s) 'test_v3' retrieved from /opt/airflow/dags/Second_DAG.py
[2025-04-27T21:17:26.318+0000] {logging_mixin.py:190} INFO - [2025-04-27T21:17:26.317+0000] {dag.py:3239} INFO - Sync 1 DAGs
[2025-04-27T21:17:26.343+0000] {logging_mixin.py:190} INFO - [2025-04-27T21:17:26.343+0000] {dag.py:4180} INFO - Setting next_dagrun for test_v3 to 2024-04-10 00:00:00+00:00, run_after=2024-04-11 00:00:00+00:00
[2025-04-27T21:17:26.379+0000] {processor.py:208} INFO - Processing /opt/airflow/dags/Second_DAG.py took 0.118 seconds
