[2025-05-06T11:06:19.609+0000] {processor.py:186} INFO - Started process (PID=22173) to work on /opt/airflow/dags/detect_and_extract_Transfrom_dag.py
[2025-05-06T11:06:19.610+0000] {processor.py:914} INFO - Processing file /opt/airflow/dags/detect_and_extract_Transfrom_dag.py for tasks to queue
[2025-05-06T11:06:19.611+0000] {logging_mixin.py:190} INFO - [2025-05-06T11:06:19.611+0000] {dagbag.py:588} INFO - Filling up the DagBag from /opt/airflow/dags/detect_and_extract_Transfrom_dag.py
[2025-05-06T11:06:19.641+0000] {processor.py:925} INFO - DAG(s) 'detect_and_extract_dag' retrieved from /opt/airflow/dags/detect_and_extract_Transfrom_dag.py
[2025-05-06T11:06:20.609+0000] {logging_mixin.py:190} INFO - [2025-05-06T11:06:20.609+0000] {dag.py:3239} INFO - Sync 1 DAGs
[2025-05-06T11:06:20.629+0000] {logging_mixin.py:190} INFO - [2025-05-06T11:06:20.628+0000] {dag.py:4180} INFO - Setting next_dagrun for detect_and_extract_dag to 2025-04-01 00:00:00+00:00, run_after=2025-05-01 00:00:00+00:00
[2025-05-06T11:06:20.660+0000] {processor.py:208} INFO - Processing /opt/airflow/dags/detect_and_extract_Transfrom_dag.py took 1.060 seconds
[2025-05-06T11:07:25.204+0000] {processor.py:186} INFO - Started process (PID=201) to work on /opt/airflow/dags/detect_and_extract_Transfrom_dag.py
[2025-05-06T11:07:25.226+0000] {processor.py:914} INFO - Processing file /opt/airflow/dags/detect_and_extract_Transfrom_dag.py for tasks to queue
[2025-05-06T11:07:25.364+0000] {logging_mixin.py:190} INFO - [2025-05-06T11:07:25.354+0000] {dagbag.py:588} INFO - Filling up the DagBag from /opt/airflow/dags/detect_and_extract_Transfrom_dag.py
[2025-05-06T11:07:26.579+0000] {processor.py:925} INFO - DAG(s) 'detect_and_extract_dag' retrieved from /opt/airflow/dags/detect_and_extract_Transfrom_dag.py
[2025-05-06T11:07:26.789+0000] {logging_mixin.py:190} INFO - [2025-05-06T11:07:26.788+0000] {dag.py:3239} INFO - Sync 1 DAGs
[2025-05-06T11:07:26.990+0000] {logging_mixin.py:190} INFO - [2025-05-06T11:07:26.989+0000] {dag.py:4180} INFO - Setting next_dagrun for detect_and_extract_dag to 2025-04-01 00:00:00+00:00, run_after=2025-05-01 00:00:00+00:00
[2025-05-06T11:07:27.120+0000] {processor.py:208} INFO - Processing /opt/airflow/dags/detect_and_extract_Transfrom_dag.py took 2.062 seconds
[2025-05-06T11:13:14.413+0000] {processor.py:186} INFO - Started process (PID=249) to work on /opt/airflow/dags/detect_and_extract_Transfrom_dag.py
[2025-05-06T11:13:14.415+0000] {processor.py:914} INFO - Processing file /opt/airflow/dags/detect_and_extract_Transfrom_dag.py for tasks to queue
[2025-05-06T11:13:14.420+0000] {logging_mixin.py:190} INFO - [2025-05-06T11:13:14.419+0000] {dagbag.py:588} INFO - Filling up the DagBag from /opt/airflow/dags/detect_and_extract_Transfrom_dag.py
[2025-05-06T11:13:14.505+0000] {processor.py:925} INFO - DAG(s) 'detect_and_extract_dag' retrieved from /opt/airflow/dags/detect_and_extract_Transfrom_dag.py
[2025-05-06T11:13:14.782+0000] {logging_mixin.py:190} INFO - [2025-05-06T11:13:14.782+0000] {dag.py:3239} INFO - Sync 1 DAGs
[2025-05-06T11:13:14.822+0000] {logging_mixin.py:190} INFO - [2025-05-06T11:13:14.821+0000] {dag.py:4180} INFO - Setting next_dagrun for detect_and_extract_dag to 2025-04-01 00:00:00+00:00, run_after=2025-05-01 00:00:00+00:00
[2025-05-06T11:13:14.866+0000] {processor.py:208} INFO - Processing /opt/airflow/dags/detect_and_extract_Transfrom_dag.py took 0.471 seconds
[2025-05-06T11:13:46.395+0000] {processor.py:186} INFO - Started process (PID=280) to work on /opt/airflow/dags/detect_and_extract_Transfrom_dag.py
[2025-05-06T11:13:46.875+0000] {processor.py:914} INFO - Processing file /opt/airflow/dags/detect_and_extract_Transfrom_dag.py for tasks to queue
[2025-05-06T11:13:48.244+0000] {logging_mixin.py:190} INFO - [2025-05-06T11:13:47.041+0000] {dagbag.py:588} INFO - Filling up the DagBag from /opt/airflow/dags/detect_and_extract_Transfrom_dag.py
[2025-05-06T11:13:48.705+0000] {processor.py:925} INFO - DAG(s) 'detect_and_extract_dag' retrieved from /opt/airflow/dags/detect_and_extract_Transfrom_dag.py
[2025-05-06T11:13:49.954+0000] {logging_mixin.py:190} INFO - [2025-05-06T11:13:49.954+0000] {dag.py:3239} INFO - Sync 1 DAGs
[2025-05-06T11:13:50.236+0000] {logging_mixin.py:190} INFO - [2025-05-06T11:13:50.235+0000] {dag.py:4180} INFO - Setting next_dagrun for detect_and_extract_dag to 2025-04-01 00:00:00+00:00, run_after=2025-05-01 00:00:00+00:00
[2025-05-06T11:13:50.469+0000] {processor.py:208} INFO - Processing /opt/airflow/dags/detect_and_extract_Transfrom_dag.py took 4.460 seconds
[2025-05-06T11:14:20.665+0000] {processor.py:186} INFO - Started process (PID=311) to work on /opt/airflow/dags/detect_and_extract_Transfrom_dag.py
[2025-05-06T11:14:20.667+0000] {processor.py:914} INFO - Processing file /opt/airflow/dags/detect_and_extract_Transfrom_dag.py for tasks to queue
[2025-05-06T11:14:20.671+0000] {logging_mixin.py:190} INFO - [2025-05-06T11:14:20.670+0000] {dagbag.py:588} INFO - Filling up the DagBag from /opt/airflow/dags/detect_and_extract_Transfrom_dag.py
[2025-05-06T11:14:20.699+0000] {processor.py:925} INFO - DAG(s) 'detect_and_extract_dag' retrieved from /opt/airflow/dags/detect_and_extract_Transfrom_dag.py
[2025-05-06T11:14:20.868+0000] {logging_mixin.py:190} INFO - [2025-05-06T11:14:20.868+0000] {dag.py:3239} INFO - Sync 1 DAGs
[2025-05-06T11:14:20.915+0000] {logging_mixin.py:190} INFO - [2025-05-06T11:14:20.915+0000] {dag.py:4180} INFO - Setting next_dagrun for detect_and_extract_dag to 2025-04-01 00:00:00+00:00, run_after=2025-05-01 00:00:00+00:00
[2025-05-06T11:14:20.953+0000] {processor.py:208} INFO - Processing /opt/airflow/dags/detect_and_extract_Transfrom_dag.py took 0.298 seconds
[2025-05-06T11:15:03.941+0000] {processor.py:186} INFO - Started process (PID=342) to work on /opt/airflow/dags/detect_and_extract_Transfrom_dag.py
[2025-05-06T11:15:03.991+0000] {processor.py:914} INFO - Processing file /opt/airflow/dags/detect_and_extract_Transfrom_dag.py for tasks to queue
[2025-05-06T11:15:04.438+0000] {logging_mixin.py:190} INFO - [2025-05-06T11:15:04.434+0000] {dagbag.py:588} INFO - Filling up the DagBag from /opt/airflow/dags/detect_and_extract_Transfrom_dag.py
[2025-05-06T11:15:07.066+0000] {processor.py:925} INFO - DAG(s) 'detect_and_extract_dag' retrieved from /opt/airflow/dags/detect_and_extract_Transfrom_dag.py
[2025-05-06T11:15:10.679+0000] {logging_mixin.py:190} INFO - [2025-05-06T11:15:10.679+0000] {dag.py:3239} INFO - Sync 1 DAGs
[2025-05-06T11:15:14.951+0000] {logging_mixin.py:190} INFO - [2025-05-06T11:15:14.950+0000] {dag.py:4180} INFO - Setting next_dagrun for detect_and_extract_dag to 2025-04-01 00:00:00+00:00, run_after=2025-05-01 00:00:00+00:00
[2025-05-06T11:15:16.147+0000] {processor.py:208} INFO - Processing /opt/airflow/dags/detect_and_extract_Transfrom_dag.py took 12.226 seconds
[2025-05-06T11:15:59.015+0000] {processor.py:186} INFO - Started process (PID=378) to work on /opt/airflow/dags/detect_and_extract_Transfrom_dag.py
[2025-05-06T11:15:59.021+0000] {processor.py:914} INFO - Processing file /opt/airflow/dags/detect_and_extract_Transfrom_dag.py for tasks to queue
[2025-05-06T11:15:59.027+0000] {logging_mixin.py:190} INFO - [2025-05-06T11:15:59.026+0000] {dagbag.py:588} INFO - Filling up the DagBag from /opt/airflow/dags/detect_and_extract_Transfrom_dag.py
[2025-05-06T11:16:04.449+0000] {processor.py:925} INFO - DAG(s) 'detect_and_extract_dag' retrieved from /opt/airflow/dags/detect_and_extract_Transfrom_dag.py
[2025-05-06T11:16:38.656+0000] {logging_mixin.py:190} INFO - [2025-05-06T11:16:38.655+0000] {process_utils.py:266} INFO - Waiting up to 5 seconds for processes to exit...
