[2025-02-24T20:00:56.523+0000] {processor.py:186} INFO - Started process (PID=121) to work on /home/airflow/.local/lib/python3.12/site-packages/airflow/example_dags/example_python_operator.py
[2025-02-24T20:00:56.532+0000] {processor.py:914} INFO - Processing file /home/airflow/.local/lib/python3.12/site-packages/airflow/example_dags/example_python_operator.py for tasks to queue
[2025-02-24T20:00:56.539+0000] {logging_mixin.py:190} INFO - [2025-02-24T20:00:56.539+0000] {dagbag.py:588} INFO - Filling up the DagBag from /home/airflow/.local/lib/python3.12/site-packages/airflow/example_dags/example_python_operator.py
[2025-02-24T20:00:56.603+0000] {processor.py:925} INFO - DAG(s) 'example_python_operator' retrieved from /home/airflow/.local/lib/python3.12/site-packages/airflow/example_dags/example_python_operator.py
[2025-02-24T20:00:57.330+0000] {logging_mixin.py:190} INFO - [2025-02-24T20:00:57.326+0000] {override.py:1912} INFO - Created Permission View: can edit on DAG:example_python_operator
[2025-02-24T20:00:57.381+0000] {logging_mixin.py:190} INFO - [2025-02-24T20:00:57.380+0000] {override.py:1912} INFO - Created Permission View: can delete on DAG:example_python_operator
[2025-02-24T20:00:57.406+0000] {logging_mixin.py:190} INFO - [2025-02-24T20:00:57.405+0000] {override.py:1912} INFO - Created Permission View: can read on DAG:example_python_operator
[2025-02-24T20:00:57.435+0000] {logging_mixin.py:190} INFO - [2025-02-24T20:00:57.435+0000] {override.py:1912} INFO - Created Permission View: can delete on DAG Run:example_python_operator
[2025-02-24T20:00:57.454+0000] {logging_mixin.py:190} INFO - [2025-02-24T20:00:57.453+0000] {override.py:1912} INFO - Created Permission View: can create on DAG Run:example_python_operator
[2025-02-24T20:00:57.478+0000] {logging_mixin.py:190} INFO - [2025-02-24T20:00:57.477+0000] {override.py:1912} INFO - Created Permission View: menu access on DAG Run:example_python_operator
[2025-02-24T20:00:57.498+0000] {logging_mixin.py:190} INFO - [2025-02-24T20:00:57.497+0000] {override.py:1912} INFO - Created Permission View: can read on DAG Run:example_python_operator
[2025-02-24T20:00:57.500+0000] {logging_mixin.py:190} INFO - [2025-02-24T20:00:57.499+0000] {dag.py:3239} INFO - Sync 1 DAGs
[2025-02-24T20:00:57.565+0000] {logging_mixin.py:190} INFO - [2025-02-24T20:00:57.564+0000] {dag.py:3262} INFO - Creating ORM DAG for example_python_operator
[2025-02-24T20:00:57.569+0000] {logging_mixin.py:190} INFO - [2025-02-24T20:00:57.568+0000] {dag.py:4180} INFO - Setting next_dagrun for example_python_operator to None, run_after=None
[2025-02-24T20:00:57.653+0000] {processor.py:208} INFO - Processing /home/airflow/.local/lib/python3.12/site-packages/airflow/example_dags/example_python_operator.py took 1.163 seconds
[2025-02-24T20:01:28.385+0000] {processor.py:186} INFO - Started process (PID=183) to work on /home/airflow/.local/lib/python3.12/site-packages/airflow/example_dags/example_python_operator.py
[2025-02-24T20:01:28.387+0000] {processor.py:914} INFO - Processing file /home/airflow/.local/lib/python3.12/site-packages/airflow/example_dags/example_python_operator.py for tasks to queue
[2025-02-24T20:01:28.393+0000] {logging_mixin.py:190} INFO - [2025-02-24T20:01:28.392+0000] {dagbag.py:588} INFO - Filling up the DagBag from /home/airflow/.local/lib/python3.12/site-packages/airflow/example_dags/example_python_operator.py
[2025-02-24T20:01:28.426+0000] {processor.py:925} INFO - DAG(s) 'example_python_operator' retrieved from /home/airflow/.local/lib/python3.12/site-packages/airflow/example_dags/example_python_operator.py
[2025-02-24T20:01:28.456+0000] {logging_mixin.py:190} INFO - [2025-02-24T20:01:28.456+0000] {dag.py:3239} INFO - Sync 1 DAGs
[2025-02-24T20:01:28.480+0000] {logging_mixin.py:190} INFO - [2025-02-24T20:01:28.479+0000] {dag.py:4180} INFO - Setting next_dagrun for example_python_operator to None, run_after=None
[2025-02-24T20:01:28.523+0000] {processor.py:208} INFO - Processing /home/airflow/.local/lib/python3.12/site-packages/airflow/example_dags/example_python_operator.py took 0.143 seconds
[2025-02-24T20:01:58.788+0000] {processor.py:186} INFO - Started process (PID=246) to work on /home/airflow/.local/lib/python3.12/site-packages/airflow/example_dags/example_python_operator.py
[2025-02-24T20:01:58.789+0000] {processor.py:914} INFO - Processing file /home/airflow/.local/lib/python3.12/site-packages/airflow/example_dags/example_python_operator.py for tasks to queue
[2025-02-24T20:01:58.792+0000] {logging_mixin.py:190} INFO - [2025-02-24T20:01:58.791+0000] {dagbag.py:588} INFO - Filling up the DagBag from /home/airflow/.local/lib/python3.12/site-packages/airflow/example_dags/example_python_operator.py
[2025-02-24T20:01:58.805+0000] {processor.py:925} INFO - DAG(s) 'example_python_operator' retrieved from /home/airflow/.local/lib/python3.12/site-packages/airflow/example_dags/example_python_operator.py
[2025-02-24T20:01:58.829+0000] {logging_mixin.py:190} INFO - [2025-02-24T20:01:58.829+0000] {dag.py:3239} INFO - Sync 1 DAGs
[2025-02-24T20:01:58.846+0000] {logging_mixin.py:190} INFO - [2025-02-24T20:01:58.845+0000] {dag.py:4180} INFO - Setting next_dagrun for example_python_operator to None, run_after=None
[2025-02-24T20:01:58.874+0000] {processor.py:208} INFO - Processing /home/airflow/.local/lib/python3.12/site-packages/airflow/example_dags/example_python_operator.py took 0.094 seconds
[2025-02-24T20:02:29.012+0000] {processor.py:186} INFO - Started process (PID=309) to work on /home/airflow/.local/lib/python3.12/site-packages/airflow/example_dags/example_python_operator.py
[2025-02-24T20:02:29.014+0000] {processor.py:914} INFO - Processing file /home/airflow/.local/lib/python3.12/site-packages/airflow/example_dags/example_python_operator.py for tasks to queue
[2025-02-24T20:02:29.017+0000] {logging_mixin.py:190} INFO - [2025-02-24T20:02:29.017+0000] {dagbag.py:588} INFO - Filling up the DagBag from /home/airflow/.local/lib/python3.12/site-packages/airflow/example_dags/example_python_operator.py
[2025-02-24T20:02:29.034+0000] {processor.py:925} INFO - DAG(s) 'example_python_operator' retrieved from /home/airflow/.local/lib/python3.12/site-packages/airflow/example_dags/example_python_operator.py
[2025-02-24T20:02:29.096+0000] {logging_mixin.py:190} INFO - [2025-02-24T20:02:29.096+0000] {dag.py:3239} INFO - Sync 1 DAGs
[2025-02-24T20:02:29.122+0000] {logging_mixin.py:190} INFO - [2025-02-24T20:02:29.122+0000] {dag.py:4180} INFO - Setting next_dagrun for example_python_operator to None, run_after=None
[2025-02-24T20:02:29.153+0000] {processor.py:208} INFO - Processing /home/airflow/.local/lib/python3.12/site-packages/airflow/example_dags/example_python_operator.py took 0.149 seconds
[2025-02-24T20:02:59.273+0000] {processor.py:186} INFO - Started process (PID=372) to work on /home/airflow/.local/lib/python3.12/site-packages/airflow/example_dags/example_python_operator.py
[2025-02-24T20:02:59.274+0000] {processor.py:914} INFO - Processing file /home/airflow/.local/lib/python3.12/site-packages/airflow/example_dags/example_python_operator.py for tasks to queue
[2025-02-24T20:02:59.278+0000] {logging_mixin.py:190} INFO - [2025-02-24T20:02:59.278+0000] {dagbag.py:588} INFO - Filling up the DagBag from /home/airflow/.local/lib/python3.12/site-packages/airflow/example_dags/example_python_operator.py
[2025-02-24T20:02:59.292+0000] {processor.py:925} INFO - DAG(s) 'example_python_operator' retrieved from /home/airflow/.local/lib/python3.12/site-packages/airflow/example_dags/example_python_operator.py
[2025-02-24T20:02:59.316+0000] {logging_mixin.py:190} INFO - [2025-02-24T20:02:59.316+0000] {dag.py:3239} INFO - Sync 1 DAGs
[2025-02-24T20:02:59.333+0000] {logging_mixin.py:190} INFO - [2025-02-24T20:02:59.333+0000] {dag.py:4180} INFO - Setting next_dagrun for example_python_operator to None, run_after=None
[2025-02-24T20:02:59.360+0000] {processor.py:208} INFO - Processing /home/airflow/.local/lib/python3.12/site-packages/airflow/example_dags/example_python_operator.py took 0.094 seconds
[2025-02-24T20:03:29.670+0000] {processor.py:186} INFO - Started process (PID=435) to work on /home/airflow/.local/lib/python3.12/site-packages/airflow/example_dags/example_python_operator.py
[2025-02-24T20:03:29.671+0000] {processor.py:914} INFO - Processing file /home/airflow/.local/lib/python3.12/site-packages/airflow/example_dags/example_python_operator.py for tasks to queue
[2025-02-24T20:03:29.674+0000] {logging_mixin.py:190} INFO - [2025-02-24T20:03:29.673+0000] {dagbag.py:588} INFO - Filling up the DagBag from /home/airflow/.local/lib/python3.12/site-packages/airflow/example_dags/example_python_operator.py
[2025-02-24T20:03:29.686+0000] {processor.py:925} INFO - DAG(s) 'example_python_operator' retrieved from /home/airflow/.local/lib/python3.12/site-packages/airflow/example_dags/example_python_operator.py
[2025-02-24T20:03:29.709+0000] {logging_mixin.py:190} INFO - [2025-02-24T20:03:29.708+0000] {dag.py:3239} INFO - Sync 1 DAGs
[2025-02-24T20:03:29.725+0000] {logging_mixin.py:190} INFO - [2025-02-24T20:03:29.725+0000] {dag.py:4180} INFO - Setting next_dagrun for example_python_operator to None, run_after=None
[2025-02-24T20:03:29.746+0000] {processor.py:208} INFO - Processing /home/airflow/.local/lib/python3.12/site-packages/airflow/example_dags/example_python_operator.py took 0.081 seconds
[2025-02-24T20:04:00.720+0000] {processor.py:186} INFO - Started process (PID=498) to work on /home/airflow/.local/lib/python3.12/site-packages/airflow/example_dags/example_python_operator.py
[2025-02-24T20:04:00.722+0000] {processor.py:914} INFO - Processing file /home/airflow/.local/lib/python3.12/site-packages/airflow/example_dags/example_python_operator.py for tasks to queue
[2025-02-24T20:04:00.724+0000] {logging_mixin.py:190} INFO - [2025-02-24T20:04:00.724+0000] {dagbag.py:588} INFO - Filling up the DagBag from /home/airflow/.local/lib/python3.12/site-packages/airflow/example_dags/example_python_operator.py
[2025-02-24T20:04:00.737+0000] {processor.py:925} INFO - DAG(s) 'example_python_operator' retrieved from /home/airflow/.local/lib/python3.12/site-packages/airflow/example_dags/example_python_operator.py
[2025-02-24T20:04:00.759+0000] {logging_mixin.py:190} INFO - [2025-02-24T20:04:00.759+0000] {dag.py:3239} INFO - Sync 1 DAGs
[2025-02-24T20:04:00.775+0000] {logging_mixin.py:190} INFO - [2025-02-24T20:04:00.775+0000] {dag.py:4180} INFO - Setting next_dagrun for example_python_operator to None, run_after=None
[2025-02-24T20:04:00.801+0000] {processor.py:208} INFO - Processing /home/airflow/.local/lib/python3.12/site-packages/airflow/example_dags/example_python_operator.py took 0.086 seconds
[2025-02-24T20:04:31.772+0000] {processor.py:186} INFO - Started process (PID=561) to work on /home/airflow/.local/lib/python3.12/site-packages/airflow/example_dags/example_python_operator.py
[2025-02-24T20:04:31.774+0000] {processor.py:914} INFO - Processing file /home/airflow/.local/lib/python3.12/site-packages/airflow/example_dags/example_python_operator.py for tasks to queue
[2025-02-24T20:04:31.777+0000] {logging_mixin.py:190} INFO - [2025-02-24T20:04:31.777+0000] {dagbag.py:588} INFO - Filling up the DagBag from /home/airflow/.local/lib/python3.12/site-packages/airflow/example_dags/example_python_operator.py
[2025-02-24T20:04:31.789+0000] {processor.py:925} INFO - DAG(s) 'example_python_operator' retrieved from /home/airflow/.local/lib/python3.12/site-packages/airflow/example_dags/example_python_operator.py
[2025-02-24T20:04:31.811+0000] {logging_mixin.py:190} INFO - [2025-02-24T20:04:31.810+0000] {dag.py:3239} INFO - Sync 1 DAGs
[2025-02-24T20:04:31.831+0000] {logging_mixin.py:190} INFO - [2025-02-24T20:04:31.830+0000] {dag.py:4180} INFO - Setting next_dagrun for example_python_operator to None, run_after=None
[2025-02-24T20:04:31.853+0000] {processor.py:208} INFO - Processing /home/airflow/.local/lib/python3.12/site-packages/airflow/example_dags/example_python_operator.py took 0.086 seconds
[2025-02-24T20:05:02.146+0000] {processor.py:186} INFO - Started process (PID=623) to work on /home/airflow/.local/lib/python3.12/site-packages/airflow/example_dags/example_python_operator.py
[2025-02-24T20:05:02.147+0000] {processor.py:914} INFO - Processing file /home/airflow/.local/lib/python3.12/site-packages/airflow/example_dags/example_python_operator.py for tasks to queue
[2025-02-24T20:05:02.149+0000] {logging_mixin.py:190} INFO - [2025-02-24T20:05:02.149+0000] {dagbag.py:588} INFO - Filling up the DagBag from /home/airflow/.local/lib/python3.12/site-packages/airflow/example_dags/example_python_operator.py
[2025-02-24T20:05:02.161+0000] {processor.py:925} INFO - DAG(s) 'example_python_operator' retrieved from /home/airflow/.local/lib/python3.12/site-packages/airflow/example_dags/example_python_operator.py
[2025-02-24T20:05:02.184+0000] {logging_mixin.py:190} INFO - [2025-02-24T20:05:02.183+0000] {dag.py:3239} INFO - Sync 1 DAGs
[2025-02-24T20:05:02.198+0000] {logging_mixin.py:190} INFO - [2025-02-24T20:05:02.198+0000] {dag.py:4180} INFO - Setting next_dagrun for example_python_operator to None, run_after=None
[2025-02-24T20:05:02.220+0000] {processor.py:208} INFO - Processing /home/airflow/.local/lib/python3.12/site-packages/airflow/example_dags/example_python_operator.py took 0.080 seconds
[2025-02-24T20:05:33.697+0000] {processor.py:186} INFO - Started process (PID=686) to work on /home/airflow/.local/lib/python3.12/site-packages/airflow/example_dags/example_python_operator.py
[2025-02-24T20:05:33.698+0000] {processor.py:914} INFO - Processing file /home/airflow/.local/lib/python3.12/site-packages/airflow/example_dags/example_python_operator.py for tasks to queue
[2025-02-24T20:05:33.702+0000] {logging_mixin.py:190} INFO - [2025-02-24T20:05:33.701+0000] {dagbag.py:588} INFO - Filling up the DagBag from /home/airflow/.local/lib/python3.12/site-packages/airflow/example_dags/example_python_operator.py
[2025-02-24T20:05:33.718+0000] {processor.py:925} INFO - DAG(s) 'example_python_operator' retrieved from /home/airflow/.local/lib/python3.12/site-packages/airflow/example_dags/example_python_operator.py
[2025-02-24T20:05:33.742+0000] {logging_mixin.py:190} INFO - [2025-02-24T20:05:33.741+0000] {dag.py:3239} INFO - Sync 1 DAGs
[2025-02-24T20:05:33.769+0000] {logging_mixin.py:190} INFO - [2025-02-24T20:05:33.769+0000] {dag.py:4180} INFO - Setting next_dagrun for example_python_operator to None, run_after=None
[2025-02-24T20:05:33.796+0000] {processor.py:208} INFO - Processing /home/airflow/.local/lib/python3.12/site-packages/airflow/example_dags/example_python_operator.py took 0.105 seconds
[2025-02-24T20:06:05.140+0000] {processor.py:186} INFO - Started process (PID=749) to work on /home/airflow/.local/lib/python3.12/site-packages/airflow/example_dags/example_python_operator.py
[2025-02-24T20:06:05.141+0000] {processor.py:914} INFO - Processing file /home/airflow/.local/lib/python3.12/site-packages/airflow/example_dags/example_python_operator.py for tasks to queue
[2025-02-24T20:06:05.146+0000] {logging_mixin.py:190} INFO - [2025-02-24T20:06:05.146+0000] {dagbag.py:588} INFO - Filling up the DagBag from /home/airflow/.local/lib/python3.12/site-packages/airflow/example_dags/example_python_operator.py
[2025-02-24T20:06:05.160+0000] {processor.py:925} INFO - DAG(s) 'example_python_operator' retrieved from /home/airflow/.local/lib/python3.12/site-packages/airflow/example_dags/example_python_operator.py
[2025-02-24T20:06:05.183+0000] {logging_mixin.py:190} INFO - [2025-02-24T20:06:05.183+0000] {dag.py:3239} INFO - Sync 1 DAGs
[2025-02-24T20:06:05.200+0000] {logging_mixin.py:190} INFO - [2025-02-24T20:06:05.200+0000] {dag.py:4180} INFO - Setting next_dagrun for example_python_operator to None, run_after=None
[2025-02-24T20:06:05.221+0000] {processor.py:208} INFO - Processing /home/airflow/.local/lib/python3.12/site-packages/airflow/example_dags/example_python_operator.py took 0.089 seconds
[2025-02-24T20:06:36.408+0000] {processor.py:186} INFO - Started process (PID=812) to work on /home/airflow/.local/lib/python3.12/site-packages/airflow/example_dags/example_python_operator.py
[2025-02-24T20:06:36.409+0000] {processor.py:914} INFO - Processing file /home/airflow/.local/lib/python3.12/site-packages/airflow/example_dags/example_python_operator.py for tasks to queue
[2025-02-24T20:06:36.411+0000] {logging_mixin.py:190} INFO - [2025-02-24T20:06:36.411+0000] {dagbag.py:588} INFO - Filling up the DagBag from /home/airflow/.local/lib/python3.12/site-packages/airflow/example_dags/example_python_operator.py
[2025-02-24T20:06:36.425+0000] {processor.py:925} INFO - DAG(s) 'example_python_operator' retrieved from /home/airflow/.local/lib/python3.12/site-packages/airflow/example_dags/example_python_operator.py
[2025-02-24T20:06:36.449+0000] {logging_mixin.py:190} INFO - [2025-02-24T20:06:36.449+0000] {dag.py:3239} INFO - Sync 1 DAGs
[2025-02-24T20:06:36.470+0000] {logging_mixin.py:190} INFO - [2025-02-24T20:06:36.470+0000] {dag.py:4180} INFO - Setting next_dagrun for example_python_operator to None, run_after=None
[2025-02-24T20:06:36.492+0000] {processor.py:208} INFO - Processing /home/airflow/.local/lib/python3.12/site-packages/airflow/example_dags/example_python_operator.py took 0.090 seconds
[2025-02-24T20:07:07.557+0000] {processor.py:186} INFO - Started process (PID=875) to work on /home/airflow/.local/lib/python3.12/site-packages/airflow/example_dags/example_python_operator.py
[2025-02-24T20:07:07.558+0000] {processor.py:914} INFO - Processing file /home/airflow/.local/lib/python3.12/site-packages/airflow/example_dags/example_python_operator.py for tasks to queue
[2025-02-24T20:07:07.561+0000] {logging_mixin.py:190} INFO - [2025-02-24T20:07:07.561+0000] {dagbag.py:588} INFO - Filling up the DagBag from /home/airflow/.local/lib/python3.12/site-packages/airflow/example_dags/example_python_operator.py
[2025-02-24T20:07:07.573+0000] {processor.py:925} INFO - DAG(s) 'example_python_operator' retrieved from /home/airflow/.local/lib/python3.12/site-packages/airflow/example_dags/example_python_operator.py
[2025-02-24T20:07:07.595+0000] {logging_mixin.py:190} INFO - [2025-02-24T20:07:07.595+0000] {dag.py:3239} INFO - Sync 1 DAGs
[2025-02-24T20:07:07.611+0000] {logging_mixin.py:190} INFO - [2025-02-24T20:07:07.611+0000] {dag.py:4180} INFO - Setting next_dagrun for example_python_operator to None, run_after=None
[2025-02-24T20:07:07.631+0000] {processor.py:208} INFO - Processing /home/airflow/.local/lib/python3.12/site-packages/airflow/example_dags/example_python_operator.py took 0.080 seconds
[2025-02-24T20:07:39.102+0000] {processor.py:186} INFO - Started process (PID=940) to work on /home/airflow/.local/lib/python3.12/site-packages/airflow/example_dags/example_python_operator.py
[2025-02-24T20:07:39.103+0000] {processor.py:914} INFO - Processing file /home/airflow/.local/lib/python3.12/site-packages/airflow/example_dags/example_python_operator.py for tasks to queue
[2025-02-24T20:07:39.106+0000] {logging_mixin.py:190} INFO - [2025-02-24T20:07:39.105+0000] {dagbag.py:588} INFO - Filling up the DagBag from /home/airflow/.local/lib/python3.12/site-packages/airflow/example_dags/example_python_operator.py
[2025-02-24T20:07:39.119+0000] {processor.py:925} INFO - DAG(s) 'example_python_operator' retrieved from /home/airflow/.local/lib/python3.12/site-packages/airflow/example_dags/example_python_operator.py
[2025-02-24T20:07:39.141+0000] {logging_mixin.py:190} INFO - [2025-02-24T20:07:39.141+0000] {dag.py:3239} INFO - Sync 1 DAGs
[2025-02-24T20:07:39.167+0000] {logging_mixin.py:190} INFO - [2025-02-24T20:07:39.166+0000] {dag.py:4180} INFO - Setting next_dagrun for example_python_operator to None, run_after=None
[2025-02-24T20:07:39.196+0000] {processor.py:208} INFO - Processing /home/airflow/.local/lib/python3.12/site-packages/airflow/example_dags/example_python_operator.py took 0.100 seconds
[2025-02-24T20:08:10.294+0000] {processor.py:186} INFO - Started process (PID=1003) to work on /home/airflow/.local/lib/python3.12/site-packages/airflow/example_dags/example_python_operator.py
[2025-02-24T20:08:10.296+0000] {processor.py:914} INFO - Processing file /home/airflow/.local/lib/python3.12/site-packages/airflow/example_dags/example_python_operator.py for tasks to queue
[2025-02-24T20:08:10.299+0000] {logging_mixin.py:190} INFO - [2025-02-24T20:08:10.299+0000] {dagbag.py:588} INFO - Filling up the DagBag from /home/airflow/.local/lib/python3.12/site-packages/airflow/example_dags/example_python_operator.py
[2025-02-24T20:08:10.322+0000] {processor.py:925} INFO - DAG(s) 'example_python_operator' retrieved from /home/airflow/.local/lib/python3.12/site-packages/airflow/example_dags/example_python_operator.py
[2025-02-24T20:08:10.352+0000] {logging_mixin.py:190} INFO - [2025-02-24T20:08:10.352+0000] {dag.py:3239} INFO - Sync 1 DAGs
[2025-02-24T20:08:10.375+0000] {logging_mixin.py:190} INFO - [2025-02-24T20:08:10.375+0000] {dag.py:4180} INFO - Setting next_dagrun for example_python_operator to None, run_after=None
[2025-02-24T20:08:10.411+0000] {processor.py:208} INFO - Processing /home/airflow/.local/lib/python3.12/site-packages/airflow/example_dags/example_python_operator.py took 0.127 seconds
[2025-02-24T20:08:42.044+0000] {processor.py:186} INFO - Started process (PID=1072) to work on /home/airflow/.local/lib/python3.12/site-packages/airflow/example_dags/example_python_operator.py
[2025-02-24T20:08:42.045+0000] {processor.py:914} INFO - Processing file /home/airflow/.local/lib/python3.12/site-packages/airflow/example_dags/example_python_operator.py for tasks to queue
[2025-02-24T20:08:42.048+0000] {logging_mixin.py:190} INFO - [2025-02-24T20:08:42.047+0000] {dagbag.py:588} INFO - Filling up the DagBag from /home/airflow/.local/lib/python3.12/site-packages/airflow/example_dags/example_python_operator.py
[2025-02-24T20:08:42.062+0000] {processor.py:925} INFO - DAG(s) 'example_python_operator' retrieved from /home/airflow/.local/lib/python3.12/site-packages/airflow/example_dags/example_python_operator.py
[2025-02-24T20:08:42.087+0000] {logging_mixin.py:190} INFO - [2025-02-24T20:08:42.087+0000] {dag.py:3239} INFO - Sync 1 DAGs
[2025-02-24T20:08:42.106+0000] {logging_mixin.py:190} INFO - [2025-02-24T20:08:42.106+0000] {dag.py:4180} INFO - Setting next_dagrun for example_python_operator to None, run_after=None
[2025-02-24T20:08:42.138+0000] {processor.py:208} INFO - Processing /home/airflow/.local/lib/python3.12/site-packages/airflow/example_dags/example_python_operator.py took 0.100 seconds
[2025-02-24T20:09:12.824+0000] {processor.py:186} INFO - Started process (PID=1135) to work on /home/airflow/.local/lib/python3.12/site-packages/airflow/example_dags/example_python_operator.py
[2025-02-24T20:09:12.825+0000] {processor.py:914} INFO - Processing file /home/airflow/.local/lib/python3.12/site-packages/airflow/example_dags/example_python_operator.py for tasks to queue
[2025-02-24T20:09:12.828+0000] {logging_mixin.py:190} INFO - [2025-02-24T20:09:12.828+0000] {dagbag.py:588} INFO - Filling up the DagBag from /home/airflow/.local/lib/python3.12/site-packages/airflow/example_dags/example_python_operator.py
[2025-02-24T20:09:12.842+0000] {processor.py:925} INFO - DAG(s) 'example_python_operator' retrieved from /home/airflow/.local/lib/python3.12/site-packages/airflow/example_dags/example_python_operator.py
[2025-02-24T20:09:12.865+0000] {logging_mixin.py:190} INFO - [2025-02-24T20:09:12.865+0000] {dag.py:3239} INFO - Sync 1 DAGs
[2025-02-24T20:09:12.881+0000] {logging_mixin.py:190} INFO - [2025-02-24T20:09:12.881+0000] {dag.py:4180} INFO - Setting next_dagrun for example_python_operator to None, run_after=None
[2025-02-24T20:09:12.902+0000] {processor.py:208} INFO - Processing /home/airflow/.local/lib/python3.12/site-packages/airflow/example_dags/example_python_operator.py took 0.084 seconds
[2025-02-24T20:09:44.318+0000] {processor.py:186} INFO - Started process (PID=1201) to work on /home/airflow/.local/lib/python3.12/site-packages/airflow/example_dags/example_python_operator.py
[2025-02-24T20:09:44.320+0000] {processor.py:914} INFO - Processing file /home/airflow/.local/lib/python3.12/site-packages/airflow/example_dags/example_python_operator.py for tasks to queue
[2025-02-24T20:09:44.322+0000] {logging_mixin.py:190} INFO - [2025-02-24T20:09:44.322+0000] {dagbag.py:588} INFO - Filling up the DagBag from /home/airflow/.local/lib/python3.12/site-packages/airflow/example_dags/example_python_operator.py
[2025-02-24T20:09:44.337+0000] {processor.py:925} INFO - DAG(s) 'example_python_operator' retrieved from /home/airflow/.local/lib/python3.12/site-packages/airflow/example_dags/example_python_operator.py
[2025-02-24T20:09:44.366+0000] {logging_mixin.py:190} INFO - [2025-02-24T20:09:44.365+0000] {dag.py:3239} INFO - Sync 1 DAGs
[2025-02-24T20:09:44.387+0000] {logging_mixin.py:190} INFO - [2025-02-24T20:09:44.386+0000] {dag.py:4180} INFO - Setting next_dagrun for example_python_operator to None, run_after=None
[2025-02-24T20:09:44.421+0000] {processor.py:208} INFO - Processing /home/airflow/.local/lib/python3.12/site-packages/airflow/example_dags/example_python_operator.py took 0.108 seconds
[2025-02-24T20:10:15.696+0000] {processor.py:186} INFO - Started process (PID=1264) to work on /home/airflow/.local/lib/python3.12/site-packages/airflow/example_dags/example_python_operator.py
[2025-02-24T20:10:15.697+0000] {processor.py:914} INFO - Processing file /home/airflow/.local/lib/python3.12/site-packages/airflow/example_dags/example_python_operator.py for tasks to queue
[2025-02-24T20:10:15.699+0000] {logging_mixin.py:190} INFO - [2025-02-24T20:10:15.699+0000] {dagbag.py:588} INFO - Filling up the DagBag from /home/airflow/.local/lib/python3.12/site-packages/airflow/example_dags/example_python_operator.py
[2025-02-24T20:10:15.711+0000] {processor.py:925} INFO - DAG(s) 'example_python_operator' retrieved from /home/airflow/.local/lib/python3.12/site-packages/airflow/example_dags/example_python_operator.py
[2025-02-24T20:10:15.733+0000] {logging_mixin.py:190} INFO - [2025-02-24T20:10:15.733+0000] {dag.py:3239} INFO - Sync 1 DAGs
[2025-02-24T20:10:15.748+0000] {logging_mixin.py:190} INFO - [2025-02-24T20:10:15.748+0000] {dag.py:4180} INFO - Setting next_dagrun for example_python_operator to None, run_after=None
[2025-02-24T20:10:15.769+0000] {processor.py:208} INFO - Processing /home/airflow/.local/lib/python3.12/site-packages/airflow/example_dags/example_python_operator.py took 0.079 seconds
[2025-02-24T20:10:47.233+0000] {processor.py:186} INFO - Started process (PID=1330) to work on /home/airflow/.local/lib/python3.12/site-packages/airflow/example_dags/example_python_operator.py
[2025-02-24T20:10:47.234+0000] {processor.py:914} INFO - Processing file /home/airflow/.local/lib/python3.12/site-packages/airflow/example_dags/example_python_operator.py for tasks to queue
[2025-02-24T20:10:47.238+0000] {logging_mixin.py:190} INFO - [2025-02-24T20:10:47.237+0000] {dagbag.py:588} INFO - Filling up the DagBag from /home/airflow/.local/lib/python3.12/site-packages/airflow/example_dags/example_python_operator.py
[2025-02-24T20:10:47.255+0000] {processor.py:925} INFO - DAG(s) 'example_python_operator' retrieved from /home/airflow/.local/lib/python3.12/site-packages/airflow/example_dags/example_python_operator.py
[2025-02-24T20:10:47.281+0000] {logging_mixin.py:190} INFO - [2025-02-24T20:10:47.281+0000] {dag.py:3239} INFO - Sync 1 DAGs
[2025-02-24T20:10:47.301+0000] {logging_mixin.py:190} INFO - [2025-02-24T20:10:47.300+0000] {dag.py:4180} INFO - Setting next_dagrun for example_python_operator to None, run_after=None
[2025-02-24T20:10:47.325+0000] {processor.py:208} INFO - Processing /home/airflow/.local/lib/python3.12/site-packages/airflow/example_dags/example_python_operator.py took 0.098 seconds
[2025-02-24T20:11:18.659+0000] {processor.py:186} INFO - Started process (PID=1394) to work on /home/airflow/.local/lib/python3.12/site-packages/airflow/example_dags/example_python_operator.py
[2025-02-24T20:11:18.660+0000] {processor.py:914} INFO - Processing file /home/airflow/.local/lib/python3.12/site-packages/airflow/example_dags/example_python_operator.py for tasks to queue
[2025-02-24T20:11:18.662+0000] {logging_mixin.py:190} INFO - [2025-02-24T20:11:18.662+0000] {dagbag.py:588} INFO - Filling up the DagBag from /home/airflow/.local/lib/python3.12/site-packages/airflow/example_dags/example_python_operator.py
[2025-02-24T20:11:18.674+0000] {processor.py:925} INFO - DAG(s) 'example_python_operator' retrieved from /home/airflow/.local/lib/python3.12/site-packages/airflow/example_dags/example_python_operator.py
[2025-02-24T20:11:18.698+0000] {logging_mixin.py:190} INFO - [2025-02-24T20:11:18.697+0000] {dag.py:3239} INFO - Sync 1 DAGs
[2025-02-24T20:11:18.715+0000] {logging_mixin.py:190} INFO - [2025-02-24T20:11:18.715+0000] {dag.py:4180} INFO - Setting next_dagrun for example_python_operator to None, run_after=None
[2025-02-24T20:11:18.749+0000] {processor.py:208} INFO - Processing /home/airflow/.local/lib/python3.12/site-packages/airflow/example_dags/example_python_operator.py took 0.096 seconds
[2025-02-24T20:11:50.971+0000] {processor.py:186} INFO - Started process (PID=1460) to work on /home/airflow/.local/lib/python3.12/site-packages/airflow/example_dags/example_python_operator.py
[2025-02-24T20:11:50.972+0000] {processor.py:914} INFO - Processing file /home/airflow/.local/lib/python3.12/site-packages/airflow/example_dags/example_python_operator.py for tasks to queue
[2025-02-24T20:11:50.975+0000] {logging_mixin.py:190} INFO - [2025-02-24T20:11:50.975+0000] {dagbag.py:588} INFO - Filling up the DagBag from /home/airflow/.local/lib/python3.12/site-packages/airflow/example_dags/example_python_operator.py
[2025-02-24T20:11:50.989+0000] {processor.py:925} INFO - DAG(s) 'example_python_operator' retrieved from /home/airflow/.local/lib/python3.12/site-packages/airflow/example_dags/example_python_operator.py
[2025-02-24T20:11:51.015+0000] {logging_mixin.py:190} INFO - [2025-02-24T20:11:51.015+0000] {dag.py:3239} INFO - Sync 1 DAGs
[2025-02-24T20:11:51.031+0000] {logging_mixin.py:190} INFO - [2025-02-24T20:11:51.030+0000] {dag.py:4180} INFO - Setting next_dagrun for example_python_operator to None, run_after=None
[2025-02-24T20:11:51.051+0000] {processor.py:208} INFO - Processing /home/airflow/.local/lib/python3.12/site-packages/airflow/example_dags/example_python_operator.py took 0.088 seconds
[2025-02-24T20:12:21.452+0000] {processor.py:186} INFO - Started process (PID=1523) to work on /home/airflow/.local/lib/python3.12/site-packages/airflow/example_dags/example_python_operator.py
[2025-02-24T20:12:21.453+0000] {processor.py:914} INFO - Processing file /home/airflow/.local/lib/python3.12/site-packages/airflow/example_dags/example_python_operator.py for tasks to queue
[2025-02-24T20:12:21.456+0000] {logging_mixin.py:190} INFO - [2025-02-24T20:12:21.455+0000] {dagbag.py:588} INFO - Filling up the DagBag from /home/airflow/.local/lib/python3.12/site-packages/airflow/example_dags/example_python_operator.py
[2025-02-24T20:12:21.469+0000] {processor.py:925} INFO - DAG(s) 'example_python_operator' retrieved from /home/airflow/.local/lib/python3.12/site-packages/airflow/example_dags/example_python_operator.py
[2025-02-24T20:12:21.514+0000] {logging_mixin.py:190} INFO - [2025-02-24T20:12:21.514+0000] {dag.py:3239} INFO - Sync 1 DAGs
[2025-02-24T20:12:21.539+0000] {logging_mixin.py:190} INFO - [2025-02-24T20:12:21.539+0000] {dag.py:4180} INFO - Setting next_dagrun for example_python_operator to None, run_after=None
[2025-02-24T20:12:21.559+0000] {processor.py:208} INFO - Processing /home/airflow/.local/lib/python3.12/site-packages/airflow/example_dags/example_python_operator.py took 0.113 seconds
[2025-02-24T20:12:53.179+0000] {processor.py:186} INFO - Started process (PID=1592) to work on /home/airflow/.local/lib/python3.12/site-packages/airflow/example_dags/example_python_operator.py
[2025-02-24T20:12:53.180+0000] {processor.py:914} INFO - Processing file /home/airflow/.local/lib/python3.12/site-packages/airflow/example_dags/example_python_operator.py for tasks to queue
[2025-02-24T20:12:53.182+0000] {logging_mixin.py:190} INFO - [2025-02-24T20:12:53.182+0000] {dagbag.py:588} INFO - Filling up the DagBag from /home/airflow/.local/lib/python3.12/site-packages/airflow/example_dags/example_python_operator.py
[2025-02-24T20:12:53.195+0000] {processor.py:925} INFO - DAG(s) 'example_python_operator' retrieved from /home/airflow/.local/lib/python3.12/site-packages/airflow/example_dags/example_python_operator.py
[2025-02-24T20:12:53.216+0000] {logging_mixin.py:190} INFO - [2025-02-24T20:12:53.216+0000] {dag.py:3239} INFO - Sync 1 DAGs
[2025-02-24T20:12:53.236+0000] {logging_mixin.py:190} INFO - [2025-02-24T20:12:53.235+0000] {dag.py:4180} INFO - Setting next_dagrun for example_python_operator to None, run_after=None
[2025-02-24T20:12:53.267+0000] {processor.py:208} INFO - Processing /home/airflow/.local/lib/python3.12/site-packages/airflow/example_dags/example_python_operator.py took 0.094 seconds
[2025-02-24T20:13:25.833+0000] {processor.py:186} INFO - Started process (PID=1659) to work on /home/airflow/.local/lib/python3.12/site-packages/airflow/example_dags/example_python_operator.py
[2025-02-24T20:13:25.834+0000] {processor.py:914} INFO - Processing file /home/airflow/.local/lib/python3.12/site-packages/airflow/example_dags/example_python_operator.py for tasks to queue
[2025-02-24T20:13:25.836+0000] {logging_mixin.py:190} INFO - [2025-02-24T20:13:25.836+0000] {dagbag.py:588} INFO - Filling up the DagBag from /home/airflow/.local/lib/python3.12/site-packages/airflow/example_dags/example_python_operator.py
[2025-02-24T20:13:25.847+0000] {processor.py:925} INFO - DAG(s) 'example_python_operator' retrieved from /home/airflow/.local/lib/python3.12/site-packages/airflow/example_dags/example_python_operator.py
[2025-02-24T20:13:25.871+0000] {logging_mixin.py:190} INFO - [2025-02-24T20:13:25.871+0000] {dag.py:3239} INFO - Sync 1 DAGs
[2025-02-24T20:13:25.886+0000] {logging_mixin.py:190} INFO - [2025-02-24T20:13:25.885+0000] {dag.py:4180} INFO - Setting next_dagrun for example_python_operator to None, run_after=None
[2025-02-24T20:13:25.905+0000] {processor.py:208} INFO - Processing /home/airflow/.local/lib/python3.12/site-packages/airflow/example_dags/example_python_operator.py took 0.078 seconds
[2025-02-24T20:13:57.244+0000] {processor.py:186} INFO - Started process (PID=1722) to work on /home/airflow/.local/lib/python3.12/site-packages/airflow/example_dags/example_python_operator.py
[2025-02-24T20:13:57.245+0000] {processor.py:914} INFO - Processing file /home/airflow/.local/lib/python3.12/site-packages/airflow/example_dags/example_python_operator.py for tasks to queue
[2025-02-24T20:13:57.247+0000] {logging_mixin.py:190} INFO - [2025-02-24T20:13:57.247+0000] {dagbag.py:588} INFO - Filling up the DagBag from /home/airflow/.local/lib/python3.12/site-packages/airflow/example_dags/example_python_operator.py
[2025-02-24T20:13:57.259+0000] {processor.py:925} INFO - DAG(s) 'example_python_operator' retrieved from /home/airflow/.local/lib/python3.12/site-packages/airflow/example_dags/example_python_operator.py
[2025-02-24T20:13:57.283+0000] {logging_mixin.py:190} INFO - [2025-02-24T20:13:57.283+0000] {dag.py:3239} INFO - Sync 1 DAGs
[2025-02-24T20:13:57.298+0000] {logging_mixin.py:190} INFO - [2025-02-24T20:13:57.298+0000] {dag.py:4180} INFO - Setting next_dagrun for example_python_operator to None, run_after=None
[2025-02-24T20:13:57.318+0000] {processor.py:208} INFO - Processing /home/airflow/.local/lib/python3.12/site-packages/airflow/example_dags/example_python_operator.py took 0.080 seconds
[2025-02-24T20:14:30.444+0000] {processor.py:186} INFO - Started process (PID=1786) to work on /home/airflow/.local/lib/python3.12/site-packages/airflow/example_dags/example_python_operator.py
[2025-02-24T20:14:30.446+0000] {processor.py:914} INFO - Processing file /home/airflow/.local/lib/python3.12/site-packages/airflow/example_dags/example_python_operator.py for tasks to queue
[2025-02-24T20:14:30.450+0000] {logging_mixin.py:190} INFO - [2025-02-24T20:14:30.449+0000] {dagbag.py:588} INFO - Filling up the DagBag from /home/airflow/.local/lib/python3.12/site-packages/airflow/example_dags/example_python_operator.py
[2025-02-24T20:14:30.466+0000] {processor.py:925} INFO - DAG(s) 'example_python_operator' retrieved from /home/airflow/.local/lib/python3.12/site-packages/airflow/example_dags/example_python_operator.py
[2025-02-24T20:14:30.496+0000] {logging_mixin.py:190} INFO - [2025-02-24T20:14:30.495+0000] {dag.py:3239} INFO - Sync 1 DAGs
[2025-02-24T20:14:30.517+0000] {logging_mixin.py:190} INFO - [2025-02-24T20:14:30.517+0000] {dag.py:4180} INFO - Setting next_dagrun for example_python_operator to None, run_after=None
[2025-02-24T20:14:30.541+0000] {processor.py:208} INFO - Processing /home/airflow/.local/lib/python3.12/site-packages/airflow/example_dags/example_python_operator.py took 0.104 seconds
[2025-02-24T20:15:03.648+0000] {processor.py:186} INFO - Started process (PID=1849) to work on /home/airflow/.local/lib/python3.12/site-packages/airflow/example_dags/example_python_operator.py
[2025-02-24T20:15:03.650+0000] {processor.py:914} INFO - Processing file /home/airflow/.local/lib/python3.12/site-packages/airflow/example_dags/example_python_operator.py for tasks to queue
[2025-02-24T20:15:03.654+0000] {logging_mixin.py:190} INFO - [2025-02-24T20:15:03.653+0000] {dagbag.py:588} INFO - Filling up the DagBag from /home/airflow/.local/lib/python3.12/site-packages/airflow/example_dags/example_python_operator.py
[2025-02-24T20:15:03.672+0000] {processor.py:925} INFO - DAG(s) 'example_python_operator' retrieved from /home/airflow/.local/lib/python3.12/site-packages/airflow/example_dags/example_python_operator.py
[2025-02-24T20:15:03.710+0000] {logging_mixin.py:190} INFO - [2025-02-24T20:15:03.710+0000] {dag.py:3239} INFO - Sync 1 DAGs
[2025-02-24T20:15:03.739+0000] {logging_mixin.py:190} INFO - [2025-02-24T20:15:03.738+0000] {dag.py:4180} INFO - Setting next_dagrun for example_python_operator to None, run_after=None
[2025-02-24T20:15:03.772+0000] {processor.py:208} INFO - Processing /home/airflow/.local/lib/python3.12/site-packages/airflow/example_dags/example_python_operator.py took 0.138 seconds
[2025-02-24T20:15:36.123+0000] {processor.py:186} INFO - Started process (PID=1912) to work on /home/airflow/.local/lib/python3.12/site-packages/airflow/example_dags/example_python_operator.py
[2025-02-24T20:15:36.126+0000] {processor.py:914} INFO - Processing file /home/airflow/.local/lib/python3.12/site-packages/airflow/example_dags/example_python_operator.py for tasks to queue
[2025-02-24T20:15:36.129+0000] {logging_mixin.py:190} INFO - [2025-02-24T20:15:36.129+0000] {dagbag.py:588} INFO - Filling up the DagBag from /home/airflow/.local/lib/python3.12/site-packages/airflow/example_dags/example_python_operator.py
[2025-02-24T20:15:36.152+0000] {processor.py:925} INFO - DAG(s) 'example_python_operator' retrieved from /home/airflow/.local/lib/python3.12/site-packages/airflow/example_dags/example_python_operator.py
[2025-02-24T20:15:36.192+0000] {logging_mixin.py:190} INFO - [2025-02-24T20:15:36.191+0000] {dag.py:3239} INFO - Sync 1 DAGs
[2025-02-24T20:15:36.223+0000] {logging_mixin.py:190} INFO - [2025-02-24T20:15:36.222+0000] {dag.py:4180} INFO - Setting next_dagrun for example_python_operator to None, run_after=None
[2025-02-24T20:15:36.265+0000] {processor.py:208} INFO - Processing /home/airflow/.local/lib/python3.12/site-packages/airflow/example_dags/example_python_operator.py took 0.152 seconds
[2025-02-24T20:16:08.428+0000] {processor.py:186} INFO - Started process (PID=1975) to work on /home/airflow/.local/lib/python3.12/site-packages/airflow/example_dags/example_python_operator.py
[2025-02-24T20:16:08.434+0000] {processor.py:914} INFO - Processing file /home/airflow/.local/lib/python3.12/site-packages/airflow/example_dags/example_python_operator.py for tasks to queue
[2025-02-24T20:16:08.442+0000] {logging_mixin.py:190} INFO - [2025-02-24T20:16:08.441+0000] {dagbag.py:588} INFO - Filling up the DagBag from /home/airflow/.local/lib/python3.12/site-packages/airflow/example_dags/example_python_operator.py
[2025-02-24T20:16:08.484+0000] {processor.py:925} INFO - DAG(s) 'example_python_operator' retrieved from /home/airflow/.local/lib/python3.12/site-packages/airflow/example_dags/example_python_operator.py
[2025-02-24T20:16:08.521+0000] {logging_mixin.py:190} INFO - [2025-02-24T20:16:08.520+0000] {dag.py:3239} INFO - Sync 1 DAGs
[2025-02-24T20:16:08.547+0000] {logging_mixin.py:190} INFO - [2025-02-24T20:16:08.546+0000] {dag.py:4180} INFO - Setting next_dagrun for example_python_operator to None, run_after=None
[2025-02-24T20:16:08.601+0000] {processor.py:208} INFO - Processing /home/airflow/.local/lib/python3.12/site-packages/airflow/example_dags/example_python_operator.py took 0.190 seconds
[2025-02-24T20:16:38.993+0000] {processor.py:186} INFO - Started process (PID=2037) to work on /home/airflow/.local/lib/python3.12/site-packages/airflow/example_dags/example_python_operator.py
[2025-02-24T20:16:38.994+0000] {processor.py:914} INFO - Processing file /home/airflow/.local/lib/python3.12/site-packages/airflow/example_dags/example_python_operator.py for tasks to queue
[2025-02-24T20:16:38.999+0000] {logging_mixin.py:190} INFO - [2025-02-24T20:16:38.998+0000] {dagbag.py:588} INFO - Filling up the DagBag from /home/airflow/.local/lib/python3.12/site-packages/airflow/example_dags/example_python_operator.py
[2025-02-24T20:16:39.017+0000] {processor.py:925} INFO - DAG(s) 'example_python_operator' retrieved from /home/airflow/.local/lib/python3.12/site-packages/airflow/example_dags/example_python_operator.py
[2025-02-24T20:16:39.050+0000] {logging_mixin.py:190} INFO - [2025-02-24T20:16:39.049+0000] {dag.py:3239} INFO - Sync 1 DAGs
[2025-02-24T20:16:39.074+0000] {logging_mixin.py:190} INFO - [2025-02-24T20:16:39.074+0000] {dag.py:4180} INFO - Setting next_dagrun for example_python_operator to None, run_after=None
[2025-02-24T20:16:39.111+0000] {processor.py:208} INFO - Processing /home/airflow/.local/lib/python3.12/site-packages/airflow/example_dags/example_python_operator.py took 0.130 seconds
[2025-02-24T20:17:10.894+0000] {processor.py:186} INFO - Started process (PID=2100) to work on /home/airflow/.local/lib/python3.12/site-packages/airflow/example_dags/example_python_operator.py
[2025-02-24T20:17:10.895+0000] {processor.py:914} INFO - Processing file /home/airflow/.local/lib/python3.12/site-packages/airflow/example_dags/example_python_operator.py for tasks to queue
[2025-02-24T20:17:10.899+0000] {logging_mixin.py:190} INFO - [2025-02-24T20:17:10.898+0000] {dagbag.py:588} INFO - Filling up the DagBag from /home/airflow/.local/lib/python3.12/site-packages/airflow/example_dags/example_python_operator.py
[2025-02-24T20:17:10.917+0000] {processor.py:925} INFO - DAG(s) 'example_python_operator' retrieved from /home/airflow/.local/lib/python3.12/site-packages/airflow/example_dags/example_python_operator.py
[2025-02-24T20:17:10.947+0000] {logging_mixin.py:190} INFO - [2025-02-24T20:17:10.947+0000] {dag.py:3239} INFO - Sync 1 DAGs
[2025-02-24T20:17:10.970+0000] {logging_mixin.py:190} INFO - [2025-02-24T20:17:10.969+0000] {dag.py:4180} INFO - Setting next_dagrun for example_python_operator to None, run_after=None
[2025-02-24T20:17:11.002+0000] {processor.py:208} INFO - Processing /home/airflow/.local/lib/python3.12/site-packages/airflow/example_dags/example_python_operator.py took 0.117 seconds
[2025-02-24T20:17:41.719+0000] {processor.py:186} INFO - Started process (PID=2163) to work on /home/airflow/.local/lib/python3.12/site-packages/airflow/example_dags/example_python_operator.py
[2025-02-24T20:17:41.721+0000] {processor.py:914} INFO - Processing file /home/airflow/.local/lib/python3.12/site-packages/airflow/example_dags/example_python_operator.py for tasks to queue
[2025-02-24T20:17:41.727+0000] {logging_mixin.py:190} INFO - [2025-02-24T20:17:41.726+0000] {dagbag.py:588} INFO - Filling up the DagBag from /home/airflow/.local/lib/python3.12/site-packages/airflow/example_dags/example_python_operator.py
[2025-02-24T20:17:41.756+0000] {processor.py:925} INFO - DAG(s) 'example_python_operator' retrieved from /home/airflow/.local/lib/python3.12/site-packages/airflow/example_dags/example_python_operator.py
[2025-02-24T20:17:41.795+0000] {logging_mixin.py:190} INFO - [2025-02-24T20:17:41.795+0000] {dag.py:3239} INFO - Sync 1 DAGs
[2025-02-24T20:17:41.822+0000] {logging_mixin.py:190} INFO - [2025-02-24T20:17:41.821+0000] {dag.py:4180} INFO - Setting next_dagrun for example_python_operator to None, run_after=None
[2025-02-24T20:17:41.863+0000] {processor.py:208} INFO - Processing /home/airflow/.local/lib/python3.12/site-packages/airflow/example_dags/example_python_operator.py took 0.163 seconds
[2025-02-24T20:18:12.950+0000] {processor.py:186} INFO - Started process (PID=2226) to work on /home/airflow/.local/lib/python3.12/site-packages/airflow/example_dags/example_python_operator.py
[2025-02-24T20:18:12.952+0000] {processor.py:914} INFO - Processing file /home/airflow/.local/lib/python3.12/site-packages/airflow/example_dags/example_python_operator.py for tasks to queue
[2025-02-24T20:18:12.956+0000] {logging_mixin.py:190} INFO - [2025-02-24T20:18:12.955+0000] {dagbag.py:588} INFO - Filling up the DagBag from /home/airflow/.local/lib/python3.12/site-packages/airflow/example_dags/example_python_operator.py
[2025-02-24T20:18:12.974+0000] {processor.py:925} INFO - DAG(s) 'example_python_operator' retrieved from /home/airflow/.local/lib/python3.12/site-packages/airflow/example_dags/example_python_operator.py
[2025-02-24T20:18:13.007+0000] {logging_mixin.py:190} INFO - [2025-02-24T20:18:13.006+0000] {dag.py:3239} INFO - Sync 1 DAGs
[2025-02-24T20:18:13.033+0000] {logging_mixin.py:190} INFO - [2025-02-24T20:18:13.032+0000] {dag.py:4180} INFO - Setting next_dagrun for example_python_operator to None, run_after=None
[2025-02-24T20:18:13.072+0000] {processor.py:208} INFO - Processing /home/airflow/.local/lib/python3.12/site-packages/airflow/example_dags/example_python_operator.py took 0.130 seconds
[2025-02-24T20:18:43.330+0000] {processor.py:186} INFO - Started process (PID=2289) to work on /home/airflow/.local/lib/python3.12/site-packages/airflow/example_dags/example_python_operator.py
[2025-02-24T20:18:43.332+0000] {processor.py:914} INFO - Processing file /home/airflow/.local/lib/python3.12/site-packages/airflow/example_dags/example_python_operator.py for tasks to queue
[2025-02-24T20:18:43.335+0000] {logging_mixin.py:190} INFO - [2025-02-24T20:18:43.335+0000] {dagbag.py:588} INFO - Filling up the DagBag from /home/airflow/.local/lib/python3.12/site-packages/airflow/example_dags/example_python_operator.py
[2025-02-24T20:18:43.357+0000] {processor.py:925} INFO - DAG(s) 'example_python_operator' retrieved from /home/airflow/.local/lib/python3.12/site-packages/airflow/example_dags/example_python_operator.py
[2025-02-24T20:18:43.390+0000] {logging_mixin.py:190} INFO - [2025-02-24T20:18:43.390+0000] {dag.py:3239} INFO - Sync 1 DAGs
[2025-02-24T20:18:43.413+0000] {logging_mixin.py:190} INFO - [2025-02-24T20:18:43.412+0000] {dag.py:4180} INFO - Setting next_dagrun for example_python_operator to None, run_after=None
[2025-02-24T20:18:43.461+0000] {processor.py:208} INFO - Processing /home/airflow/.local/lib/python3.12/site-packages/airflow/example_dags/example_python_operator.py took 0.143 seconds
[2025-02-24T20:19:14.005+0000] {processor.py:186} INFO - Started process (PID=2351) to work on /home/airflow/.local/lib/python3.12/site-packages/airflow/example_dags/example_python_operator.py
[2025-02-24T20:19:14.007+0000] {processor.py:914} INFO - Processing file /home/airflow/.local/lib/python3.12/site-packages/airflow/example_dags/example_python_operator.py for tasks to queue
[2025-02-24T20:19:14.010+0000] {logging_mixin.py:190} INFO - [2025-02-24T20:19:14.010+0000] {dagbag.py:588} INFO - Filling up the DagBag from /home/airflow/.local/lib/python3.12/site-packages/airflow/example_dags/example_python_operator.py
[2025-02-24T20:19:14.033+0000] {processor.py:925} INFO - DAG(s) 'example_python_operator' retrieved from /home/airflow/.local/lib/python3.12/site-packages/airflow/example_dags/example_python_operator.py
[2025-02-24T20:19:14.082+0000] {logging_mixin.py:190} INFO - [2025-02-24T20:19:14.082+0000] {dag.py:3239} INFO - Sync 1 DAGs
[2025-02-24T20:19:14.128+0000] {logging_mixin.py:190} INFO - [2025-02-24T20:19:14.127+0000] {dag.py:4180} INFO - Setting next_dagrun for example_python_operator to None, run_after=None
[2025-02-24T20:19:14.174+0000] {processor.py:208} INFO - Processing /home/airflow/.local/lib/python3.12/site-packages/airflow/example_dags/example_python_operator.py took 0.178 seconds
[2025-02-24T21:46:51.123+0000] {processor.py:186} INFO - Started process (PID=296) to work on /home/airflow/.local/lib/python3.12/site-packages/airflow/example_dags/example_python_operator.py
[2025-02-24T21:46:51.558+0000] {processor.py:914} INFO - Processing file /home/airflow/.local/lib/python3.12/site-packages/airflow/example_dags/example_python_operator.py for tasks to queue
[2025-02-24T21:46:51.562+0000] {logging_mixin.py:190} INFO - [2025-02-24T21:46:51.562+0000] {dagbag.py:588} INFO - Filling up the DagBag from /home/airflow/.local/lib/python3.12/site-packages/airflow/example_dags/example_python_operator.py
[2025-02-24T21:46:52.976+0000] {processor.py:925} INFO - DAG(s) 'example_python_operator' retrieved from /home/airflow/.local/lib/python3.12/site-packages/airflow/example_dags/example_python_operator.py
[2025-02-24T21:47:00.624+0000] {logging_mixin.py:190} INFO - [2025-02-24T21:47:00.624+0000] {override.py:1912} INFO - Created Permission View: can edit on DAG:example_python_operator
[2025-02-24T21:47:00.708+0000] {logging_mixin.py:190} INFO - [2025-02-24T21:47:00.707+0000] {override.py:1912} INFO - Created Permission View: can read on DAG:example_python_operator
[2025-02-24T21:47:00.746+0000] {logging_mixin.py:190} INFO - [2025-02-24T21:47:00.746+0000] {override.py:1912} INFO - Created Permission View: can delete on DAG:example_python_operator
[2025-02-24T21:47:02.784+0000] {logging_mixin.py:190} INFO - [2025-02-24T21:47:02.783+0000] {override.py:1912} INFO - Created Permission View: can delete on DAG Run:example_python_operator
[2025-02-24T21:47:05.007+0000] {logging_mixin.py:190} INFO - [2025-02-24T21:47:05.006+0000] {override.py:1912} INFO - Created Permission View: can read on DAG Run:example_python_operator
[2025-02-24T21:47:11.729+0000] {logging_mixin.py:190} INFO - [2025-02-24T21:47:11.728+0000] {override.py:1912} INFO - Created Permission View: can create on DAG Run:example_python_operator
[2025-02-24T21:47:16.199+0000] {logging_mixin.py:190} INFO - [2025-02-24T21:47:15.721+0000] {override.py:1912} INFO - Created Permission View: menu access on DAG Run:example_python_operator
[2025-02-24T21:47:17.089+0000] {logging_mixin.py:190} INFO - [2025-02-24T21:47:17.086+0000] {dag.py:3239} INFO - Sync 1 DAGs
[2025-02-24T21:47:29.504+0000] {logging_mixin.py:190} INFO - [2025-02-24T21:47:29.503+0000] {dag.py:3262} INFO - Creating ORM DAG for example_python_operator
[2025-02-24T21:47:33.009+0000] {logging_mixin.py:190} INFO - [2025-02-24T21:47:33.008+0000] {dag.py:4180} INFO - Setting next_dagrun for example_python_operator to None, run_after=None
[2025-02-24T21:47:33.222+0000] {processor.py:208} INFO - Processing /home/airflow/.local/lib/python3.12/site-packages/airflow/example_dags/example_python_operator.py took 43.251 seconds
