[2025-02-24T20:00:41.207+0000] {processor.py:186} INFO - Started process (PID=92) to work on /home/airflow/.local/lib/python3.12/site-packages/airflow/example_dags/example_trigger_controller_dag.py
[2025-02-24T20:00:41.208+0000] {processor.py:914} INFO - Processing file /home/airflow/.local/lib/python3.12/site-packages/airflow/example_dags/example_trigger_controller_dag.py for tasks to queue
[2025-02-24T20:00:41.212+0000] {logging_mixin.py:190} INFO - [2025-02-24T20:00:41.211+0000] {dagbag.py:588} INFO - Filling up the DagBag from /home/airflow/.local/lib/python3.12/site-packages/airflow/example_dags/example_trigger_controller_dag.py
[2025-02-24T20:00:41.222+0000] {processor.py:925} INFO - DAG(s) 'example_trigger_controller_dag' retrieved from /home/airflow/.local/lib/python3.12/site-packages/airflow/example_dags/example_trigger_controller_dag.py
[2025-02-24T20:00:41.487+0000] {logging_mixin.py:190} INFO - [2025-02-24T20:00:41.486+0000] {override.py:1912} INFO - Created Permission View: can edit on DAG:example_trigger_controller_dag
[2025-02-24T20:00:41.803+0000] {logging_mixin.py:190} INFO - [2025-02-24T20:00:41.803+0000] {override.py:1912} INFO - Created Permission View: can delete on DAG:example_trigger_controller_dag
[2025-02-24T20:00:41.828+0000] {logging_mixin.py:190} INFO - [2025-02-24T20:00:41.827+0000] {override.py:1912} INFO - Created Permission View: can read on DAG:example_trigger_controller_dag
[2025-02-24T20:00:41.846+0000] {logging_mixin.py:190} INFO - [2025-02-24T20:00:41.846+0000] {override.py:1912} INFO - Created Permission View: can delete on DAG Run:example_trigger_controller_dag
[2025-02-24T20:00:41.869+0000] {logging_mixin.py:190} INFO - [2025-02-24T20:00:41.868+0000] {override.py:1912} INFO - Created Permission View: can create on DAG Run:example_trigger_controller_dag
[2025-02-24T20:00:41.890+0000] {logging_mixin.py:190} INFO - [2025-02-24T20:00:41.890+0000] {override.py:1912} INFO - Created Permission View: menu access on DAG Run:example_trigger_controller_dag
[2025-02-24T20:00:41.916+0000] {logging_mixin.py:190} INFO - [2025-02-24T20:00:41.915+0000] {override.py:1912} INFO - Created Permission View: can read on DAG Run:example_trigger_controller_dag
[2025-02-24T20:00:41.921+0000] {logging_mixin.py:190} INFO - [2025-02-24T20:00:41.921+0000] {dag.py:3239} INFO - Sync 1 DAGs
[2025-02-24T20:00:41.972+0000] {logging_mixin.py:190} INFO - [2025-02-24T20:00:41.972+0000] {dag.py:3262} INFO - Creating ORM DAG for example_trigger_controller_dag
[2025-02-24T20:00:42.015+0000] {logging_mixin.py:190} INFO - [2025-02-24T20:00:42.015+0000] {dag.py:4180} INFO - Setting next_dagrun for example_trigger_controller_dag to 2021-01-01 00:00:00+00:00, run_after=2021-01-01 00:00:00+00:00
[2025-02-24T20:00:42.084+0000] {processor.py:208} INFO - Processing /home/airflow/.local/lib/python3.12/site-packages/airflow/example_dags/example_trigger_controller_dag.py took 0.887 seconds
[2025-02-24T20:01:12.609+0000] {processor.py:186} INFO - Started process (PID=154) to work on /home/airflow/.local/lib/python3.12/site-packages/airflow/example_dags/example_trigger_controller_dag.py
[2025-02-24T20:01:12.610+0000] {processor.py:914} INFO - Processing file /home/airflow/.local/lib/python3.12/site-packages/airflow/example_dags/example_trigger_controller_dag.py for tasks to queue
[2025-02-24T20:01:12.613+0000] {logging_mixin.py:190} INFO - [2025-02-24T20:01:12.612+0000] {dagbag.py:588} INFO - Filling up the DagBag from /home/airflow/.local/lib/python3.12/site-packages/airflow/example_dags/example_trigger_controller_dag.py
[2025-02-24T20:01:12.621+0000] {processor.py:925} INFO - DAG(s) 'example_trigger_controller_dag' retrieved from /home/airflow/.local/lib/python3.12/site-packages/airflow/example_dags/example_trigger_controller_dag.py
[2025-02-24T20:01:12.639+0000] {logging_mixin.py:190} INFO - [2025-02-24T20:01:12.639+0000] {dag.py:3239} INFO - Sync 1 DAGs
[2025-02-24T20:01:12.666+0000] {logging_mixin.py:190} INFO - [2025-02-24T20:01:12.666+0000] {dag.py:4180} INFO - Setting next_dagrun for example_trigger_controller_dag to 2021-01-01 00:00:00+00:00, run_after=2021-01-01 00:00:00+00:00
[2025-02-24T20:01:12.689+0000] {processor.py:208} INFO - Processing /home/airflow/.local/lib/python3.12/site-packages/airflow/example_dags/example_trigger_controller_dag.py took 0.086 seconds
[2025-02-24T20:01:42.818+0000] {processor.py:186} INFO - Started process (PID=217) to work on /home/airflow/.local/lib/python3.12/site-packages/airflow/example_dags/example_trigger_controller_dag.py
[2025-02-24T20:01:42.820+0000] {processor.py:914} INFO - Processing file /home/airflow/.local/lib/python3.12/site-packages/airflow/example_dags/example_trigger_controller_dag.py for tasks to queue
[2025-02-24T20:01:42.823+0000] {logging_mixin.py:190} INFO - [2025-02-24T20:01:42.822+0000] {dagbag.py:588} INFO - Filling up the DagBag from /home/airflow/.local/lib/python3.12/site-packages/airflow/example_dags/example_trigger_controller_dag.py
[2025-02-24T20:01:42.830+0000] {processor.py:925} INFO - DAG(s) 'example_trigger_controller_dag' retrieved from /home/airflow/.local/lib/python3.12/site-packages/airflow/example_dags/example_trigger_controller_dag.py
[2025-02-24T20:01:42.851+0000] {logging_mixin.py:190} INFO - [2025-02-24T20:01:42.851+0000] {dag.py:3239} INFO - Sync 1 DAGs
[2025-02-24T20:01:42.877+0000] {logging_mixin.py:190} INFO - [2025-02-24T20:01:42.877+0000] {dag.py:4180} INFO - Setting next_dagrun for example_trigger_controller_dag to 2021-01-01 00:00:00+00:00, run_after=2021-01-01 00:00:00+00:00
[2025-02-24T20:01:42.898+0000] {processor.py:208} INFO - Processing /home/airflow/.local/lib/python3.12/site-packages/airflow/example_dags/example_trigger_controller_dag.py took 0.087 seconds
[2025-02-24T20:02:13.655+0000] {processor.py:186} INFO - Started process (PID=280) to work on /home/airflow/.local/lib/python3.12/site-packages/airflow/example_dags/example_trigger_controller_dag.py
[2025-02-24T20:02:13.656+0000] {processor.py:914} INFO - Processing file /home/airflow/.local/lib/python3.12/site-packages/airflow/example_dags/example_trigger_controller_dag.py for tasks to queue
[2025-02-24T20:02:13.658+0000] {logging_mixin.py:190} INFO - [2025-02-24T20:02:13.658+0000] {dagbag.py:588} INFO - Filling up the DagBag from /home/airflow/.local/lib/python3.12/site-packages/airflow/example_dags/example_trigger_controller_dag.py
[2025-02-24T20:02:13.668+0000] {processor.py:925} INFO - DAG(s) 'example_trigger_controller_dag' retrieved from /home/airflow/.local/lib/python3.12/site-packages/airflow/example_dags/example_trigger_controller_dag.py
[2025-02-24T20:02:13.688+0000] {logging_mixin.py:190} INFO - [2025-02-24T20:02:13.688+0000] {dag.py:3239} INFO - Sync 1 DAGs
[2025-02-24T20:02:13.716+0000] {logging_mixin.py:190} INFO - [2025-02-24T20:02:13.716+0000] {dag.py:4180} INFO - Setting next_dagrun for example_trigger_controller_dag to 2021-01-01 00:00:00+00:00, run_after=2021-01-01 00:00:00+00:00
[2025-02-24T20:02:13.738+0000] {processor.py:208} INFO - Processing /home/airflow/.local/lib/python3.12/site-packages/airflow/example_dags/example_trigger_controller_dag.py took 0.089 seconds
[2025-02-24T20:02:44.424+0000] {processor.py:186} INFO - Started process (PID=343) to work on /home/airflow/.local/lib/python3.12/site-packages/airflow/example_dags/example_trigger_controller_dag.py
[2025-02-24T20:02:44.425+0000] {processor.py:914} INFO - Processing file /home/airflow/.local/lib/python3.12/site-packages/airflow/example_dags/example_trigger_controller_dag.py for tasks to queue
[2025-02-24T20:02:44.429+0000] {logging_mixin.py:190} INFO - [2025-02-24T20:02:44.428+0000] {dagbag.py:588} INFO - Filling up the DagBag from /home/airflow/.local/lib/python3.12/site-packages/airflow/example_dags/example_trigger_controller_dag.py
[2025-02-24T20:02:44.438+0000] {processor.py:925} INFO - DAG(s) 'example_trigger_controller_dag' retrieved from /home/airflow/.local/lib/python3.12/site-packages/airflow/example_dags/example_trigger_controller_dag.py
[2025-02-24T20:02:44.464+0000] {logging_mixin.py:190} INFO - [2025-02-24T20:02:44.464+0000] {dag.py:3239} INFO - Sync 1 DAGs
[2025-02-24T20:02:44.509+0000] {logging_mixin.py:190} INFO - [2025-02-24T20:02:44.509+0000] {dag.py:4180} INFO - Setting next_dagrun for example_trigger_controller_dag to 2021-01-01 00:00:00+00:00, run_after=2021-01-01 00:00:00+00:00
[2025-02-24T20:02:44.534+0000] {processor.py:208} INFO - Processing /home/airflow/.local/lib/python3.12/site-packages/airflow/example_dags/example_trigger_controller_dag.py took 0.118 seconds
[2025-02-24T20:03:15.552+0000] {processor.py:186} INFO - Started process (PID=406) to work on /home/airflow/.local/lib/python3.12/site-packages/airflow/example_dags/example_trigger_controller_dag.py
[2025-02-24T20:03:15.553+0000] {processor.py:914} INFO - Processing file /home/airflow/.local/lib/python3.12/site-packages/airflow/example_dags/example_trigger_controller_dag.py for tasks to queue
[2025-02-24T20:03:15.556+0000] {logging_mixin.py:190} INFO - [2025-02-24T20:03:15.556+0000] {dagbag.py:588} INFO - Filling up the DagBag from /home/airflow/.local/lib/python3.12/site-packages/airflow/example_dags/example_trigger_controller_dag.py
[2025-02-24T20:03:15.564+0000] {processor.py:925} INFO - DAG(s) 'example_trigger_controller_dag' retrieved from /home/airflow/.local/lib/python3.12/site-packages/airflow/example_dags/example_trigger_controller_dag.py
[2025-02-24T20:03:15.586+0000] {logging_mixin.py:190} INFO - [2025-02-24T20:03:15.586+0000] {dag.py:3239} INFO - Sync 1 DAGs
[2025-02-24T20:03:15.614+0000] {logging_mixin.py:190} INFO - [2025-02-24T20:03:15.614+0000] {dag.py:4180} INFO - Setting next_dagrun for example_trigger_controller_dag to 2021-01-01 00:00:00+00:00, run_after=2021-01-01 00:00:00+00:00
[2025-02-24T20:03:15.642+0000] {processor.py:208} INFO - Processing /home/airflow/.local/lib/python3.12/site-packages/airflow/example_dags/example_trigger_controller_dag.py took 0.097 seconds
[2025-02-24T20:03:45.786+0000] {processor.py:186} INFO - Started process (PID=469) to work on /home/airflow/.local/lib/python3.12/site-packages/airflow/example_dags/example_trigger_controller_dag.py
[2025-02-24T20:03:45.787+0000] {processor.py:914} INFO - Processing file /home/airflow/.local/lib/python3.12/site-packages/airflow/example_dags/example_trigger_controller_dag.py for tasks to queue
[2025-02-24T20:03:45.789+0000] {logging_mixin.py:190} INFO - [2025-02-24T20:03:45.789+0000] {dagbag.py:588} INFO - Filling up the DagBag from /home/airflow/.local/lib/python3.12/site-packages/airflow/example_dags/example_trigger_controller_dag.py
[2025-02-24T20:03:45.799+0000] {processor.py:925} INFO - DAG(s) 'example_trigger_controller_dag' retrieved from /home/airflow/.local/lib/python3.12/site-packages/airflow/example_dags/example_trigger_controller_dag.py
[2025-02-24T20:03:45.821+0000] {logging_mixin.py:190} INFO - [2025-02-24T20:03:45.820+0000] {dag.py:3239} INFO - Sync 1 DAGs
[2025-02-24T20:03:45.849+0000] {logging_mixin.py:190} INFO - [2025-02-24T20:03:45.848+0000] {dag.py:4180} INFO - Setting next_dagrun for example_trigger_controller_dag to 2021-01-01 00:00:00+00:00, run_after=2021-01-01 00:00:00+00:00
[2025-02-24T20:03:45.885+0000] {processor.py:208} INFO - Processing /home/airflow/.local/lib/python3.12/site-packages/airflow/example_dags/example_trigger_controller_dag.py took 0.107 seconds
[2025-02-24T20:04:16.298+0000] {processor.py:186} INFO - Started process (PID=532) to work on /home/airflow/.local/lib/python3.12/site-packages/airflow/example_dags/example_trigger_controller_dag.py
[2025-02-24T20:04:16.300+0000] {processor.py:914} INFO - Processing file /home/airflow/.local/lib/python3.12/site-packages/airflow/example_dags/example_trigger_controller_dag.py for tasks to queue
[2025-02-24T20:04:16.303+0000] {logging_mixin.py:190} INFO - [2025-02-24T20:04:16.302+0000] {dagbag.py:588} INFO - Filling up the DagBag from /home/airflow/.local/lib/python3.12/site-packages/airflow/example_dags/example_trigger_controller_dag.py
[2025-02-24T20:04:16.310+0000] {processor.py:925} INFO - DAG(s) 'example_trigger_controller_dag' retrieved from /home/airflow/.local/lib/python3.12/site-packages/airflow/example_dags/example_trigger_controller_dag.py
[2025-02-24T20:04:16.331+0000] {logging_mixin.py:190} INFO - [2025-02-24T20:04:16.330+0000] {dag.py:3239} INFO - Sync 1 DAGs
[2025-02-24T20:04:16.357+0000] {logging_mixin.py:190} INFO - [2025-02-24T20:04:16.357+0000] {dag.py:4180} INFO - Setting next_dagrun for example_trigger_controller_dag to 2021-01-01 00:00:00+00:00, run_after=2021-01-01 00:00:00+00:00
[2025-02-24T20:04:16.379+0000] {processor.py:208} INFO - Processing /home/airflow/.local/lib/python3.12/site-packages/airflow/example_dags/example_trigger_controller_dag.py took 0.088 seconds
[2025-02-24T20:04:46.589+0000] {processor.py:186} INFO - Started process (PID=595) to work on /home/airflow/.local/lib/python3.12/site-packages/airflow/example_dags/example_trigger_controller_dag.py
[2025-02-24T20:04:46.590+0000] {processor.py:914} INFO - Processing file /home/airflow/.local/lib/python3.12/site-packages/airflow/example_dags/example_trigger_controller_dag.py for tasks to queue
[2025-02-24T20:04:46.593+0000] {logging_mixin.py:190} INFO - [2025-02-24T20:04:46.593+0000] {dagbag.py:588} INFO - Filling up the DagBag from /home/airflow/.local/lib/python3.12/site-packages/airflow/example_dags/example_trigger_controller_dag.py
[2025-02-24T20:04:46.602+0000] {processor.py:925} INFO - DAG(s) 'example_trigger_controller_dag' retrieved from /home/airflow/.local/lib/python3.12/site-packages/airflow/example_dags/example_trigger_controller_dag.py
[2025-02-24T20:04:46.621+0000] {logging_mixin.py:190} INFO - [2025-02-24T20:04:46.621+0000] {dag.py:3239} INFO - Sync 1 DAGs
[2025-02-24T20:04:46.647+0000] {logging_mixin.py:190} INFO - [2025-02-24T20:04:46.647+0000] {dag.py:4180} INFO - Setting next_dagrun for example_trigger_controller_dag to 2021-01-01 00:00:00+00:00, run_after=2021-01-01 00:00:00+00:00
[2025-02-24T20:04:46.673+0000] {processor.py:208} INFO - Processing /home/airflow/.local/lib/python3.12/site-packages/airflow/example_dags/example_trigger_controller_dag.py took 0.090 seconds
[2025-02-24T20:05:16.957+0000] {processor.py:186} INFO - Started process (PID=658) to work on /home/airflow/.local/lib/python3.12/site-packages/airflow/example_dags/example_trigger_controller_dag.py
[2025-02-24T20:05:16.958+0000] {processor.py:914} INFO - Processing file /home/airflow/.local/lib/python3.12/site-packages/airflow/example_dags/example_trigger_controller_dag.py for tasks to queue
[2025-02-24T20:05:16.961+0000] {logging_mixin.py:190} INFO - [2025-02-24T20:05:16.961+0000] {dagbag.py:588} INFO - Filling up the DagBag from /home/airflow/.local/lib/python3.12/site-packages/airflow/example_dags/example_trigger_controller_dag.py
[2025-02-24T20:05:16.968+0000] {processor.py:925} INFO - DAG(s) 'example_trigger_controller_dag' retrieved from /home/airflow/.local/lib/python3.12/site-packages/airflow/example_dags/example_trigger_controller_dag.py
[2025-02-24T20:05:16.986+0000] {logging_mixin.py:190} INFO - [2025-02-24T20:05:16.986+0000] {dag.py:3239} INFO - Sync 1 DAGs
[2025-02-24T20:05:17.014+0000] {logging_mixin.py:190} INFO - [2025-02-24T20:05:17.014+0000] {dag.py:4180} INFO - Setting next_dagrun for example_trigger_controller_dag to 2021-01-01 00:00:00+00:00, run_after=2021-01-01 00:00:00+00:00
[2025-02-24T20:05:17.051+0000] {processor.py:208} INFO - Processing /home/airflow/.local/lib/python3.12/site-packages/airflow/example_dags/example_trigger_controller_dag.py took 0.100 seconds
[2025-02-24T20:05:47.544+0000] {processor.py:186} INFO - Started process (PID=721) to work on /home/airflow/.local/lib/python3.12/site-packages/airflow/example_dags/example_trigger_controller_dag.py
[2025-02-24T20:05:47.545+0000] {processor.py:914} INFO - Processing file /home/airflow/.local/lib/python3.12/site-packages/airflow/example_dags/example_trigger_controller_dag.py for tasks to queue
[2025-02-24T20:05:47.547+0000] {logging_mixin.py:190} INFO - [2025-02-24T20:05:47.547+0000] {dagbag.py:588} INFO - Filling up the DagBag from /home/airflow/.local/lib/python3.12/site-packages/airflow/example_dags/example_trigger_controller_dag.py
[2025-02-24T20:05:47.554+0000] {processor.py:925} INFO - DAG(s) 'example_trigger_controller_dag' retrieved from /home/airflow/.local/lib/python3.12/site-packages/airflow/example_dags/example_trigger_controller_dag.py
[2025-02-24T20:05:47.573+0000] {logging_mixin.py:190} INFO - [2025-02-24T20:05:47.573+0000] {dag.py:3239} INFO - Sync 1 DAGs
[2025-02-24T20:05:47.601+0000] {logging_mixin.py:190} INFO - [2025-02-24T20:05:47.601+0000] {dag.py:4180} INFO - Setting next_dagrun for example_trigger_controller_dag to 2021-01-01 00:00:00+00:00, run_after=2021-01-01 00:00:00+00:00
[2025-02-24T20:05:47.621+0000] {processor.py:208} INFO - Processing /home/airflow/.local/lib/python3.12/site-packages/airflow/example_dags/example_trigger_controller_dag.py took 0.084 seconds
[2025-02-24T20:06:18.149+0000] {processor.py:186} INFO - Started process (PID=783) to work on /home/airflow/.local/lib/python3.12/site-packages/airflow/example_dags/example_trigger_controller_dag.py
[2025-02-24T20:06:18.150+0000] {processor.py:914} INFO - Processing file /home/airflow/.local/lib/python3.12/site-packages/airflow/example_dags/example_trigger_controller_dag.py for tasks to queue
[2025-02-24T20:06:18.153+0000] {logging_mixin.py:190} INFO - [2025-02-24T20:06:18.153+0000] {dagbag.py:588} INFO - Filling up the DagBag from /home/airflow/.local/lib/python3.12/site-packages/airflow/example_dags/example_trigger_controller_dag.py
[2025-02-24T20:06:18.160+0000] {processor.py:925} INFO - DAG(s) 'example_trigger_controller_dag' retrieved from /home/airflow/.local/lib/python3.12/site-packages/airflow/example_dags/example_trigger_controller_dag.py
[2025-02-24T20:06:18.183+0000] {logging_mixin.py:190} INFO - [2025-02-24T20:06:18.182+0000] {dag.py:3239} INFO - Sync 1 DAGs
[2025-02-24T20:06:18.220+0000] {logging_mixin.py:190} INFO - [2025-02-24T20:06:18.220+0000] {dag.py:4180} INFO - Setting next_dagrun for example_trigger_controller_dag to 2021-01-01 00:00:00+00:00, run_after=2021-01-01 00:00:00+00:00
[2025-02-24T20:06:18.258+0000] {processor.py:208} INFO - Processing /home/airflow/.local/lib/python3.12/site-packages/airflow/example_dags/example_trigger_controller_dag.py took 0.115 seconds
[2025-02-24T20:06:48.345+0000] {processor.py:186} INFO - Started process (PID=846) to work on /home/airflow/.local/lib/python3.12/site-packages/airflow/example_dags/example_trigger_controller_dag.py
[2025-02-24T20:06:48.346+0000] {processor.py:914} INFO - Processing file /home/airflow/.local/lib/python3.12/site-packages/airflow/example_dags/example_trigger_controller_dag.py for tasks to queue
[2025-02-24T20:06:48.350+0000] {logging_mixin.py:190} INFO - [2025-02-24T20:06:48.349+0000] {dagbag.py:588} INFO - Filling up the DagBag from /home/airflow/.local/lib/python3.12/site-packages/airflow/example_dags/example_trigger_controller_dag.py
[2025-02-24T20:06:48.357+0000] {processor.py:925} INFO - DAG(s) 'example_trigger_controller_dag' retrieved from /home/airflow/.local/lib/python3.12/site-packages/airflow/example_dags/example_trigger_controller_dag.py
[2025-02-24T20:06:48.379+0000] {logging_mixin.py:190} INFO - [2025-02-24T20:06:48.379+0000] {dag.py:3239} INFO - Sync 1 DAGs
[2025-02-24T20:06:48.407+0000] {logging_mixin.py:190} INFO - [2025-02-24T20:06:48.407+0000] {dag.py:4180} INFO - Setting next_dagrun for example_trigger_controller_dag to 2021-01-01 00:00:00+00:00, run_after=2021-01-01 00:00:00+00:00
[2025-02-24T20:06:48.440+0000] {processor.py:208} INFO - Processing /home/airflow/.local/lib/python3.12/site-packages/airflow/example_dags/example_trigger_controller_dag.py took 0.101 seconds
[2025-02-24T20:07:18.589+0000] {processor.py:186} INFO - Started process (PID=909) to work on /home/airflow/.local/lib/python3.12/site-packages/airflow/example_dags/example_trigger_controller_dag.py
[2025-02-24T20:07:18.590+0000] {processor.py:914} INFO - Processing file /home/airflow/.local/lib/python3.12/site-packages/airflow/example_dags/example_trigger_controller_dag.py for tasks to queue
[2025-02-24T20:07:18.593+0000] {logging_mixin.py:190} INFO - [2025-02-24T20:07:18.592+0000] {dagbag.py:588} INFO - Filling up the DagBag from /home/airflow/.local/lib/python3.12/site-packages/airflow/example_dags/example_trigger_controller_dag.py
[2025-02-24T20:07:18.600+0000] {processor.py:925} INFO - DAG(s) 'example_trigger_controller_dag' retrieved from /home/airflow/.local/lib/python3.12/site-packages/airflow/example_dags/example_trigger_controller_dag.py
[2025-02-24T20:07:18.622+0000] {logging_mixin.py:190} INFO - [2025-02-24T20:07:18.621+0000] {dag.py:3239} INFO - Sync 1 DAGs
[2025-02-24T20:07:18.650+0000] {logging_mixin.py:190} INFO - [2025-02-24T20:07:18.649+0000] {dag.py:4180} INFO - Setting next_dagrun for example_trigger_controller_dag to 2021-01-01 00:00:00+00:00, run_after=2021-01-01 00:00:00+00:00
[2025-02-24T20:07:18.671+0000] {processor.py:208} INFO - Processing /home/airflow/.local/lib/python3.12/site-packages/airflow/example_dags/example_trigger_controller_dag.py took 0.089 seconds
[2025-02-24T20:07:48.949+0000] {processor.py:186} INFO - Started process (PID=972) to work on /home/airflow/.local/lib/python3.12/site-packages/airflow/example_dags/example_trigger_controller_dag.py
[2025-02-24T20:07:48.951+0000] {processor.py:914} INFO - Processing file /home/airflow/.local/lib/python3.12/site-packages/airflow/example_dags/example_trigger_controller_dag.py for tasks to queue
[2025-02-24T20:07:48.954+0000] {logging_mixin.py:190} INFO - [2025-02-24T20:07:48.954+0000] {dagbag.py:588} INFO - Filling up the DagBag from /home/airflow/.local/lib/python3.12/site-packages/airflow/example_dags/example_trigger_controller_dag.py
[2025-02-24T20:07:48.961+0000] {processor.py:925} INFO - DAG(s) 'example_trigger_controller_dag' retrieved from /home/airflow/.local/lib/python3.12/site-packages/airflow/example_dags/example_trigger_controller_dag.py
[2025-02-24T20:07:48.979+0000] {logging_mixin.py:190} INFO - [2025-02-24T20:07:48.978+0000] {dag.py:3239} INFO - Sync 1 DAGs
[2025-02-24T20:07:49.008+0000] {logging_mixin.py:190} INFO - [2025-02-24T20:07:49.007+0000] {dag.py:4180} INFO - Setting next_dagrun for example_trigger_controller_dag to 2021-01-01 00:00:00+00:00, run_after=2021-01-01 00:00:00+00:00
[2025-02-24T20:07:49.041+0000] {processor.py:208} INFO - Processing /home/airflow/.local/lib/python3.12/site-packages/airflow/example_dags/example_trigger_controller_dag.py took 0.098 seconds
[2025-02-24T20:08:19.346+0000] {processor.py:186} INFO - Started process (PID=1035) to work on /home/airflow/.local/lib/python3.12/site-packages/airflow/example_dags/example_trigger_controller_dag.py
[2025-02-24T20:08:19.347+0000] {processor.py:914} INFO - Processing file /home/airflow/.local/lib/python3.12/site-packages/airflow/example_dags/example_trigger_controller_dag.py for tasks to queue
[2025-02-24T20:08:19.350+0000] {logging_mixin.py:190} INFO - [2025-02-24T20:08:19.350+0000] {dagbag.py:588} INFO - Filling up the DagBag from /home/airflow/.local/lib/python3.12/site-packages/airflow/example_dags/example_trigger_controller_dag.py
[2025-02-24T20:08:19.357+0000] {processor.py:925} INFO - DAG(s) 'example_trigger_controller_dag' retrieved from /home/airflow/.local/lib/python3.12/site-packages/airflow/example_dags/example_trigger_controller_dag.py
[2025-02-24T20:08:19.378+0000] {logging_mixin.py:190} INFO - [2025-02-24T20:08:19.378+0000] {dag.py:3239} INFO - Sync 1 DAGs
[2025-02-24T20:08:19.406+0000] {logging_mixin.py:190} INFO - [2025-02-24T20:08:19.406+0000] {dag.py:4180} INFO - Setting next_dagrun for example_trigger_controller_dag to 2021-01-01 00:00:00+00:00, run_after=2021-01-01 00:00:00+00:00
[2025-02-24T20:08:19.431+0000] {processor.py:208} INFO - Processing /home/airflow/.local/lib/python3.12/site-packages/airflow/example_dags/example_trigger_controller_dag.py took 0.092 seconds
[2025-02-24T20:08:49.907+0000] {processor.py:186} INFO - Started process (PID=1098) to work on /home/airflow/.local/lib/python3.12/site-packages/airflow/example_dags/example_trigger_controller_dag.py
[2025-02-24T20:08:49.908+0000] {processor.py:914} INFO - Processing file /home/airflow/.local/lib/python3.12/site-packages/airflow/example_dags/example_trigger_controller_dag.py for tasks to queue
[2025-02-24T20:08:49.911+0000] {logging_mixin.py:190} INFO - [2025-02-24T20:08:49.911+0000] {dagbag.py:588} INFO - Filling up the DagBag from /home/airflow/.local/lib/python3.12/site-packages/airflow/example_dags/example_trigger_controller_dag.py
[2025-02-24T20:08:49.917+0000] {processor.py:925} INFO - DAG(s) 'example_trigger_controller_dag' retrieved from /home/airflow/.local/lib/python3.12/site-packages/airflow/example_dags/example_trigger_controller_dag.py
[2025-02-24T20:08:49.936+0000] {logging_mixin.py:190} INFO - [2025-02-24T20:08:49.936+0000] {dag.py:3239} INFO - Sync 1 DAGs
[2025-02-24T20:08:49.961+0000] {logging_mixin.py:190} INFO - [2025-02-24T20:08:49.960+0000] {dag.py:4180} INFO - Setting next_dagrun for example_trigger_controller_dag to 2021-01-01 00:00:00+00:00, run_after=2021-01-01 00:00:00+00:00
[2025-02-24T20:08:49.992+0000] {processor.py:208} INFO - Processing /home/airflow/.local/lib/python3.12/site-packages/airflow/example_dags/example_trigger_controller_dag.py took 0.090 seconds
[2025-02-24T20:09:20.160+0000] {processor.py:186} INFO - Started process (PID=1161) to work on /home/airflow/.local/lib/python3.12/site-packages/airflow/example_dags/example_trigger_controller_dag.py
[2025-02-24T20:09:20.162+0000] {processor.py:914} INFO - Processing file /home/airflow/.local/lib/python3.12/site-packages/airflow/example_dags/example_trigger_controller_dag.py for tasks to queue
[2025-02-24T20:09:20.164+0000] {logging_mixin.py:190} INFO - [2025-02-24T20:09:20.164+0000] {dagbag.py:588} INFO - Filling up the DagBag from /home/airflow/.local/lib/python3.12/site-packages/airflow/example_dags/example_trigger_controller_dag.py
[2025-02-24T20:09:20.172+0000] {processor.py:925} INFO - DAG(s) 'example_trigger_controller_dag' retrieved from /home/airflow/.local/lib/python3.12/site-packages/airflow/example_dags/example_trigger_controller_dag.py
[2025-02-24T20:09:20.192+0000] {logging_mixin.py:190} INFO - [2025-02-24T20:09:20.192+0000] {dag.py:3239} INFO - Sync 1 DAGs
[2025-02-24T20:09:20.218+0000] {logging_mixin.py:190} INFO - [2025-02-24T20:09:20.218+0000] {dag.py:4180} INFO - Setting next_dagrun for example_trigger_controller_dag to 2021-01-01 00:00:00+00:00, run_after=2021-01-01 00:00:00+00:00
[2025-02-24T20:09:20.238+0000] {processor.py:208} INFO - Processing /home/airflow/.local/lib/python3.12/site-packages/airflow/example_dags/example_trigger_controller_dag.py took 0.085 seconds
[2025-02-24T20:09:50.558+0000] {processor.py:186} INFO - Started process (PID=1224) to work on /home/airflow/.local/lib/python3.12/site-packages/airflow/example_dags/example_trigger_controller_dag.py
[2025-02-24T20:09:50.560+0000] {processor.py:914} INFO - Processing file /home/airflow/.local/lib/python3.12/site-packages/airflow/example_dags/example_trigger_controller_dag.py for tasks to queue
[2025-02-24T20:09:50.562+0000] {logging_mixin.py:190} INFO - [2025-02-24T20:09:50.562+0000] {dagbag.py:588} INFO - Filling up the DagBag from /home/airflow/.local/lib/python3.12/site-packages/airflow/example_dags/example_trigger_controller_dag.py
[2025-02-24T20:09:50.569+0000] {processor.py:925} INFO - DAG(s) 'example_trigger_controller_dag' retrieved from /home/airflow/.local/lib/python3.12/site-packages/airflow/example_dags/example_trigger_controller_dag.py
[2025-02-24T20:09:50.587+0000] {logging_mixin.py:190} INFO - [2025-02-24T20:09:50.587+0000] {dag.py:3239} INFO - Sync 1 DAGs
[2025-02-24T20:09:50.614+0000] {logging_mixin.py:190} INFO - [2025-02-24T20:09:50.614+0000] {dag.py:4180} INFO - Setting next_dagrun for example_trigger_controller_dag to 2021-01-01 00:00:00+00:00, run_after=2021-01-01 00:00:00+00:00
[2025-02-24T20:09:50.635+0000] {processor.py:208} INFO - Processing /home/airflow/.local/lib/python3.12/site-packages/airflow/example_dags/example_trigger_controller_dag.py took 0.083 seconds
[2025-02-24T20:10:21.019+0000] {processor.py:186} INFO - Started process (PID=1287) to work on /home/airflow/.local/lib/python3.12/site-packages/airflow/example_dags/example_trigger_controller_dag.py
[2025-02-24T20:10:21.020+0000] {processor.py:914} INFO - Processing file /home/airflow/.local/lib/python3.12/site-packages/airflow/example_dags/example_trigger_controller_dag.py for tasks to queue
[2025-02-24T20:10:21.023+0000] {logging_mixin.py:190} INFO - [2025-02-24T20:10:21.022+0000] {dagbag.py:588} INFO - Filling up the DagBag from /home/airflow/.local/lib/python3.12/site-packages/airflow/example_dags/example_trigger_controller_dag.py
[2025-02-24T20:10:21.030+0000] {processor.py:925} INFO - DAG(s) 'example_trigger_controller_dag' retrieved from /home/airflow/.local/lib/python3.12/site-packages/airflow/example_dags/example_trigger_controller_dag.py
[2025-02-24T20:10:21.051+0000] {logging_mixin.py:190} INFO - [2025-02-24T20:10:21.050+0000] {dag.py:3239} INFO - Sync 1 DAGs
[2025-02-24T20:10:21.078+0000] {logging_mixin.py:190} INFO - [2025-02-24T20:10:21.078+0000] {dag.py:4180} INFO - Setting next_dagrun for example_trigger_controller_dag to 2021-01-01 00:00:00+00:00, run_after=2021-01-01 00:00:00+00:00
[2025-02-24T20:10:21.111+0000] {processor.py:208} INFO - Processing /home/airflow/.local/lib/python3.12/site-packages/airflow/example_dags/example_trigger_controller_dag.py took 0.098 seconds
[2025-02-24T20:10:51.183+0000] {processor.py:186} INFO - Started process (PID=1350) to work on /home/airflow/.local/lib/python3.12/site-packages/airflow/example_dags/example_trigger_controller_dag.py
[2025-02-24T20:10:51.184+0000] {processor.py:914} INFO - Processing file /home/airflow/.local/lib/python3.12/site-packages/airflow/example_dags/example_trigger_controller_dag.py for tasks to queue
[2025-02-24T20:10:51.187+0000] {logging_mixin.py:190} INFO - [2025-02-24T20:10:51.186+0000] {dagbag.py:588} INFO - Filling up the DagBag from /home/airflow/.local/lib/python3.12/site-packages/airflow/example_dags/example_trigger_controller_dag.py
[2025-02-24T20:10:51.194+0000] {processor.py:925} INFO - DAG(s) 'example_trigger_controller_dag' retrieved from /home/airflow/.local/lib/python3.12/site-packages/airflow/example_dags/example_trigger_controller_dag.py
[2025-02-24T20:10:51.215+0000] {logging_mixin.py:190} INFO - [2025-02-24T20:10:51.215+0000] {dag.py:3239} INFO - Sync 1 DAGs
[2025-02-24T20:10:51.241+0000] {logging_mixin.py:190} INFO - [2025-02-24T20:10:51.241+0000] {dag.py:4180} INFO - Setting next_dagrun for example_trigger_controller_dag to 2021-01-01 00:00:00+00:00, run_after=2021-01-01 00:00:00+00:00
[2025-02-24T20:10:51.273+0000] {processor.py:208} INFO - Processing /home/airflow/.local/lib/python3.12/site-packages/airflow/example_dags/example_trigger_controller_dag.py took 0.096 seconds
[2025-02-24T20:11:21.929+0000] {processor.py:186} INFO - Started process (PID=1418) to work on /home/airflow/.local/lib/python3.12/site-packages/airflow/example_dags/example_trigger_controller_dag.py
[2025-02-24T20:11:21.930+0000] {processor.py:914} INFO - Processing file /home/airflow/.local/lib/python3.12/site-packages/airflow/example_dags/example_trigger_controller_dag.py for tasks to queue
[2025-02-24T20:11:21.933+0000] {logging_mixin.py:190} INFO - [2025-02-24T20:11:21.932+0000] {dagbag.py:588} INFO - Filling up the DagBag from /home/airflow/.local/lib/python3.12/site-packages/airflow/example_dags/example_trigger_controller_dag.py
[2025-02-24T20:11:21.939+0000] {processor.py:925} INFO - DAG(s) 'example_trigger_controller_dag' retrieved from /home/airflow/.local/lib/python3.12/site-packages/airflow/example_dags/example_trigger_controller_dag.py
[2025-02-24T20:11:21.958+0000] {logging_mixin.py:190} INFO - [2025-02-24T20:11:21.958+0000] {dag.py:3239} INFO - Sync 1 DAGs
[2025-02-24T20:11:21.982+0000] {logging_mixin.py:190} INFO - [2025-02-24T20:11:21.981+0000] {dag.py:4180} INFO - Setting next_dagrun for example_trigger_controller_dag to 2021-01-01 00:00:00+00:00, run_after=2021-01-01 00:00:00+00:00
[2025-02-24T20:11:22.011+0000] {processor.py:208} INFO - Processing /home/airflow/.local/lib/python3.12/site-packages/airflow/example_dags/example_trigger_controller_dag.py took 0.087 seconds
[2025-02-24T20:11:52.154+0000] {processor.py:186} INFO - Started process (PID=1481) to work on /home/airflow/.local/lib/python3.12/site-packages/airflow/example_dags/example_trigger_controller_dag.py
[2025-02-24T20:11:52.155+0000] {processor.py:914} INFO - Processing file /home/airflow/.local/lib/python3.12/site-packages/airflow/example_dags/example_trigger_controller_dag.py for tasks to queue
[2025-02-24T20:11:52.157+0000] {logging_mixin.py:190} INFO - [2025-02-24T20:11:52.157+0000] {dagbag.py:588} INFO - Filling up the DagBag from /home/airflow/.local/lib/python3.12/site-packages/airflow/example_dags/example_trigger_controller_dag.py
[2025-02-24T20:11:52.164+0000] {processor.py:925} INFO - DAG(s) 'example_trigger_controller_dag' retrieved from /home/airflow/.local/lib/python3.12/site-packages/airflow/example_dags/example_trigger_controller_dag.py
[2025-02-24T20:11:52.184+0000] {logging_mixin.py:190} INFO - [2025-02-24T20:11:52.184+0000] {dag.py:3239} INFO - Sync 1 DAGs
[2025-02-24T20:11:52.211+0000] {logging_mixin.py:190} INFO - [2025-02-24T20:11:52.211+0000] {dag.py:4180} INFO - Setting next_dagrun for example_trigger_controller_dag to 2021-01-01 00:00:00+00:00, run_after=2021-01-01 00:00:00+00:00
[2025-02-24T20:11:52.232+0000] {processor.py:208} INFO - Processing /home/airflow/.local/lib/python3.12/site-packages/airflow/example_dags/example_trigger_controller_dag.py took 0.084 seconds
[2025-02-24T20:12:22.320+0000] {processor.py:186} INFO - Started process (PID=1544) to work on /home/airflow/.local/lib/python3.12/site-packages/airflow/example_dags/example_trigger_controller_dag.py
[2025-02-24T20:12:22.321+0000] {processor.py:914} INFO - Processing file /home/airflow/.local/lib/python3.12/site-packages/airflow/example_dags/example_trigger_controller_dag.py for tasks to queue
[2025-02-24T20:12:22.324+0000] {logging_mixin.py:190} INFO - [2025-02-24T20:12:22.323+0000] {dagbag.py:588} INFO - Filling up the DagBag from /home/airflow/.local/lib/python3.12/site-packages/airflow/example_dags/example_trigger_controller_dag.py
[2025-02-24T20:12:22.331+0000] {processor.py:925} INFO - DAG(s) 'example_trigger_controller_dag' retrieved from /home/airflow/.local/lib/python3.12/site-packages/airflow/example_dags/example_trigger_controller_dag.py
[2025-02-24T20:12:22.350+0000] {logging_mixin.py:190} INFO - [2025-02-24T20:12:22.350+0000] {dag.py:3239} INFO - Sync 1 DAGs
[2025-02-24T20:12:22.375+0000] {logging_mixin.py:190} INFO - [2025-02-24T20:12:22.375+0000] {dag.py:4180} INFO - Setting next_dagrun for example_trigger_controller_dag to 2021-01-01 00:00:00+00:00, run_after=2021-01-01 00:00:00+00:00
[2025-02-24T20:12:22.395+0000] {processor.py:208} INFO - Processing /home/airflow/.local/lib/python3.12/site-packages/airflow/example_dags/example_trigger_controller_dag.py took 0.080 seconds
[2025-02-24T20:12:53.558+0000] {processor.py:186} INFO - Started process (PID=1598) to work on /home/airflow/.local/lib/python3.12/site-packages/airflow/example_dags/example_trigger_controller_dag.py
[2025-02-24T20:12:53.559+0000] {processor.py:914} INFO - Processing file /home/airflow/.local/lib/python3.12/site-packages/airflow/example_dags/example_trigger_controller_dag.py for tasks to queue
[2025-02-24T20:12:53.562+0000] {logging_mixin.py:190} INFO - [2025-02-24T20:12:53.561+0000] {dagbag.py:588} INFO - Filling up the DagBag from /home/airflow/.local/lib/python3.12/site-packages/airflow/example_dags/example_trigger_controller_dag.py
[2025-02-24T20:12:53.569+0000] {processor.py:925} INFO - DAG(s) 'example_trigger_controller_dag' retrieved from /home/airflow/.local/lib/python3.12/site-packages/airflow/example_dags/example_trigger_controller_dag.py
[2025-02-24T20:12:53.591+0000] {logging_mixin.py:190} INFO - [2025-02-24T20:12:53.590+0000] {dag.py:3239} INFO - Sync 1 DAGs
[2025-02-24T20:12:53.617+0000] {logging_mixin.py:190} INFO - [2025-02-24T20:12:53.616+0000] {dag.py:4180} INFO - Setting next_dagrun for example_trigger_controller_dag to 2021-01-01 00:00:00+00:00, run_after=2021-01-01 00:00:00+00:00
[2025-02-24T20:12:53.638+0000] {processor.py:208} INFO - Processing /home/airflow/.local/lib/python3.12/site-packages/airflow/example_dags/example_trigger_controller_dag.py took 0.085 seconds
[2025-02-24T20:13:24.426+0000] {processor.py:186} INFO - Started process (PID=1643) to work on /home/airflow/.local/lib/python3.12/site-packages/airflow/example_dags/example_trigger_controller_dag.py
[2025-02-24T20:13:24.428+0000] {processor.py:914} INFO - Processing file /home/airflow/.local/lib/python3.12/site-packages/airflow/example_dags/example_trigger_controller_dag.py for tasks to queue
[2025-02-24T20:13:24.432+0000] {logging_mixin.py:190} INFO - [2025-02-24T20:13:24.431+0000] {dagbag.py:588} INFO - Filling up the DagBag from /home/airflow/.local/lib/python3.12/site-packages/airflow/example_dags/example_trigger_controller_dag.py
[2025-02-24T20:13:24.440+0000] {processor.py:925} INFO - DAG(s) 'example_trigger_controller_dag' retrieved from /home/airflow/.local/lib/python3.12/site-packages/airflow/example_dags/example_trigger_controller_dag.py
[2025-02-24T20:13:24.460+0000] {logging_mixin.py:190} INFO - [2025-02-24T20:13:24.460+0000] {dag.py:3239} INFO - Sync 1 DAGs
[2025-02-24T20:13:24.487+0000] {logging_mixin.py:190} INFO - [2025-02-24T20:13:24.486+0000] {dag.py:4180} INFO - Setting next_dagrun for example_trigger_controller_dag to 2021-01-01 00:00:00+00:00, run_after=2021-01-01 00:00:00+00:00
[2025-02-24T20:13:24.518+0000] {processor.py:208} INFO - Processing /home/airflow/.local/lib/python3.12/site-packages/airflow/example_dags/example_trigger_controller_dag.py took 0.097 seconds
[2025-02-24T20:13:55.562+0000] {processor.py:186} INFO - Started process (PID=1706) to work on /home/airflow/.local/lib/python3.12/site-packages/airflow/example_dags/example_trigger_controller_dag.py
[2025-02-24T20:13:55.563+0000] {processor.py:914} INFO - Processing file /home/airflow/.local/lib/python3.12/site-packages/airflow/example_dags/example_trigger_controller_dag.py for tasks to queue
[2025-02-24T20:13:55.565+0000] {logging_mixin.py:190} INFO - [2025-02-24T20:13:55.565+0000] {dagbag.py:588} INFO - Filling up the DagBag from /home/airflow/.local/lib/python3.12/site-packages/airflow/example_dags/example_trigger_controller_dag.py
[2025-02-24T20:13:55.573+0000] {processor.py:925} INFO - DAG(s) 'example_trigger_controller_dag' retrieved from /home/airflow/.local/lib/python3.12/site-packages/airflow/example_dags/example_trigger_controller_dag.py
[2025-02-24T20:13:55.593+0000] {logging_mixin.py:190} INFO - [2025-02-24T20:13:55.593+0000] {dag.py:3239} INFO - Sync 1 DAGs
[2025-02-24T20:13:55.617+0000] {logging_mixin.py:190} INFO - [2025-02-24T20:13:55.617+0000] {dag.py:4180} INFO - Setting next_dagrun for example_trigger_controller_dag to 2021-01-01 00:00:00+00:00, run_after=2021-01-01 00:00:00+00:00
[2025-02-24T20:13:55.645+0000] {processor.py:208} INFO - Processing /home/airflow/.local/lib/python3.12/site-packages/airflow/example_dags/example_trigger_controller_dag.py took 0.089 seconds
[2025-02-24T20:14:27.826+0000] {processor.py:186} INFO - Started process (PID=1768) to work on /home/airflow/.local/lib/python3.12/site-packages/airflow/example_dags/example_trigger_controller_dag.py
[2025-02-24T20:14:27.829+0000] {processor.py:914} INFO - Processing file /home/airflow/.local/lib/python3.12/site-packages/airflow/example_dags/example_trigger_controller_dag.py for tasks to queue
[2025-02-24T20:14:27.833+0000] {logging_mixin.py:190} INFO - [2025-02-24T20:14:27.833+0000] {dagbag.py:588} INFO - Filling up the DagBag from /home/airflow/.local/lib/python3.12/site-packages/airflow/example_dags/example_trigger_controller_dag.py
[2025-02-24T20:14:27.845+0000] {processor.py:925} INFO - DAG(s) 'example_trigger_controller_dag' retrieved from /home/airflow/.local/lib/python3.12/site-packages/airflow/example_dags/example_trigger_controller_dag.py
[2025-02-24T20:14:27.886+0000] {logging_mixin.py:190} INFO - [2025-02-24T20:14:27.885+0000] {dag.py:3239} INFO - Sync 1 DAGs
[2025-02-24T20:14:27.946+0000] {logging_mixin.py:190} INFO - [2025-02-24T20:14:27.945+0000] {dag.py:4180} INFO - Setting next_dagrun for example_trigger_controller_dag to 2021-01-01 00:00:00+00:00, run_after=2021-01-01 00:00:00+00:00
[2025-02-24T20:14:27.993+0000] {processor.py:208} INFO - Processing /home/airflow/.local/lib/python3.12/site-packages/airflow/example_dags/example_trigger_controller_dag.py took 0.176 seconds
[2025-02-24T20:15:00.294+0000] {processor.py:186} INFO - Started process (PID=1831) to work on /home/airflow/.local/lib/python3.12/site-packages/airflow/example_dags/example_trigger_controller_dag.py
[2025-02-24T20:15:00.297+0000] {processor.py:914} INFO - Processing file /home/airflow/.local/lib/python3.12/site-packages/airflow/example_dags/example_trigger_controller_dag.py for tasks to queue
[2025-02-24T20:15:00.301+0000] {logging_mixin.py:190} INFO - [2025-02-24T20:15:00.300+0000] {dagbag.py:588} INFO - Filling up the DagBag from /home/airflow/.local/lib/python3.12/site-packages/airflow/example_dags/example_trigger_controller_dag.py
[2025-02-24T20:15:00.313+0000] {processor.py:925} INFO - DAG(s) 'example_trigger_controller_dag' retrieved from /home/airflow/.local/lib/python3.12/site-packages/airflow/example_dags/example_trigger_controller_dag.py
[2025-02-24T20:15:00.339+0000] {logging_mixin.py:190} INFO - [2025-02-24T20:15:00.339+0000] {dag.py:3239} INFO - Sync 1 DAGs
[2025-02-24T20:15:00.370+0000] {logging_mixin.py:190} INFO - [2025-02-24T20:15:00.370+0000] {dag.py:4180} INFO - Setting next_dagrun for example_trigger_controller_dag to 2021-01-01 00:00:00+00:00, run_after=2021-01-01 00:00:00+00:00
[2025-02-24T20:15:00.400+0000] {processor.py:208} INFO - Processing /home/airflow/.local/lib/python3.12/site-packages/airflow/example_dags/example_trigger_controller_dag.py took 0.115 seconds
[2025-02-24T20:15:32.392+0000] {processor.py:186} INFO - Started process (PID=1894) to work on /home/airflow/.local/lib/python3.12/site-packages/airflow/example_dags/example_trigger_controller_dag.py
[2025-02-24T20:15:32.397+0000] {processor.py:914} INFO - Processing file /home/airflow/.local/lib/python3.12/site-packages/airflow/example_dags/example_trigger_controller_dag.py for tasks to queue
[2025-02-24T20:15:32.402+0000] {logging_mixin.py:190} INFO - [2025-02-24T20:15:32.401+0000] {dagbag.py:588} INFO - Filling up the DagBag from /home/airflow/.local/lib/python3.12/site-packages/airflow/example_dags/example_trigger_controller_dag.py
[2025-02-24T20:15:32.432+0000] {processor.py:925} INFO - DAG(s) 'example_trigger_controller_dag' retrieved from /home/airflow/.local/lib/python3.12/site-packages/airflow/example_dags/example_trigger_controller_dag.py
[2025-02-24T20:15:32.474+0000] {logging_mixin.py:190} INFO - [2025-02-24T20:15:32.473+0000] {dag.py:3239} INFO - Sync 1 DAGs
[2025-02-24T20:15:32.528+0000] {logging_mixin.py:190} INFO - [2025-02-24T20:15:32.528+0000] {dag.py:4180} INFO - Setting next_dagrun for example_trigger_controller_dag to 2021-01-01 00:00:00+00:00, run_after=2021-01-01 00:00:00+00:00
[2025-02-24T20:15:32.611+0000] {processor.py:208} INFO - Processing /home/airflow/.local/lib/python3.12/site-packages/airflow/example_dags/example_trigger_controller_dag.py took 0.236 seconds
[2025-02-24T20:16:04.542+0000] {processor.py:186} INFO - Started process (PID=1955) to work on /home/airflow/.local/lib/python3.12/site-packages/airflow/example_dags/example_trigger_controller_dag.py
[2025-02-24T20:16:04.543+0000] {processor.py:914} INFO - Processing file /home/airflow/.local/lib/python3.12/site-packages/airflow/example_dags/example_trigger_controller_dag.py for tasks to queue
[2025-02-24T20:16:04.548+0000] {logging_mixin.py:190} INFO - [2025-02-24T20:16:04.547+0000] {dagbag.py:588} INFO - Filling up the DagBag from /home/airflow/.local/lib/python3.12/site-packages/airflow/example_dags/example_trigger_controller_dag.py
[2025-02-24T20:16:04.562+0000] {processor.py:925} INFO - DAG(s) 'example_trigger_controller_dag' retrieved from /home/airflow/.local/lib/python3.12/site-packages/airflow/example_dags/example_trigger_controller_dag.py
[2025-02-24T20:16:04.605+0000] {logging_mixin.py:190} INFO - [2025-02-24T20:16:04.605+0000] {dag.py:3239} INFO - Sync 1 DAGs
[2025-02-24T20:16:04.660+0000] {logging_mixin.py:190} INFO - [2025-02-24T20:16:04.660+0000] {dag.py:4180} INFO - Setting next_dagrun for example_trigger_controller_dag to 2021-01-01 00:00:00+00:00, run_after=2021-01-01 00:00:00+00:00
[2025-02-24T20:16:04.737+0000] {processor.py:208} INFO - Processing /home/airflow/.local/lib/python3.12/site-packages/airflow/example_dags/example_trigger_controller_dag.py took 0.204 seconds
[2025-02-24T20:16:36.309+0000] {processor.py:186} INFO - Started process (PID=2018) to work on /home/airflow/.local/lib/python3.12/site-packages/airflow/example_dags/example_trigger_controller_dag.py
[2025-02-24T20:16:36.311+0000] {processor.py:914} INFO - Processing file /home/airflow/.local/lib/python3.12/site-packages/airflow/example_dags/example_trigger_controller_dag.py for tasks to queue
[2025-02-24T20:16:36.316+0000] {logging_mixin.py:190} INFO - [2025-02-24T20:16:36.315+0000] {dagbag.py:588} INFO - Filling up the DagBag from /home/airflow/.local/lib/python3.12/site-packages/airflow/example_dags/example_trigger_controller_dag.py
[2025-02-24T20:16:36.326+0000] {processor.py:925} INFO - DAG(s) 'example_trigger_controller_dag' retrieved from /home/airflow/.local/lib/python3.12/site-packages/airflow/example_dags/example_trigger_controller_dag.py
[2025-02-24T20:16:36.354+0000] {logging_mixin.py:190} INFO - [2025-02-24T20:16:36.354+0000] {dag.py:3239} INFO - Sync 1 DAGs
[2025-02-24T20:16:36.390+0000] {logging_mixin.py:190} INFO - [2025-02-24T20:16:36.390+0000] {dag.py:4180} INFO - Setting next_dagrun for example_trigger_controller_dag to 2021-01-01 00:00:00+00:00, run_after=2021-01-01 00:00:00+00:00
[2025-02-24T20:16:36.424+0000] {processor.py:208} INFO - Processing /home/airflow/.local/lib/python3.12/site-packages/airflow/example_dags/example_trigger_controller_dag.py took 0.123 seconds
[2025-02-24T20:17:07.476+0000] {processor.py:186} INFO - Started process (PID=2080) to work on /home/airflow/.local/lib/python3.12/site-packages/airflow/example_dags/example_trigger_controller_dag.py
[2025-02-24T20:17:07.479+0000] {processor.py:914} INFO - Processing file /home/airflow/.local/lib/python3.12/site-packages/airflow/example_dags/example_trigger_controller_dag.py for tasks to queue
[2025-02-24T20:17:07.484+0000] {logging_mixin.py:190} INFO - [2025-02-24T20:17:07.483+0000] {dagbag.py:588} INFO - Filling up the DagBag from /home/airflow/.local/lib/python3.12/site-packages/airflow/example_dags/example_trigger_controller_dag.py
[2025-02-24T20:17:07.500+0000] {processor.py:925} INFO - DAG(s) 'example_trigger_controller_dag' retrieved from /home/airflow/.local/lib/python3.12/site-packages/airflow/example_dags/example_trigger_controller_dag.py
[2025-02-24T20:17:07.546+0000] {logging_mixin.py:190} INFO - [2025-02-24T20:17:07.546+0000] {dag.py:3239} INFO - Sync 1 DAGs
[2025-02-24T20:17:07.605+0000] {logging_mixin.py:190} INFO - [2025-02-24T20:17:07.605+0000] {dag.py:4180} INFO - Setting next_dagrun for example_trigger_controller_dag to 2021-01-01 00:00:00+00:00, run_after=2021-01-01 00:00:00+00:00
[2025-02-24T20:17:07.718+0000] {processor.py:208} INFO - Processing /home/airflow/.local/lib/python3.12/site-packages/airflow/example_dags/example_trigger_controller_dag.py took 0.256 seconds
[2025-02-24T20:17:38.464+0000] {processor.py:186} INFO - Started process (PID=2143) to work on /home/airflow/.local/lib/python3.12/site-packages/airflow/example_dags/example_trigger_controller_dag.py
[2025-02-24T20:17:38.466+0000] {processor.py:914} INFO - Processing file /home/airflow/.local/lib/python3.12/site-packages/airflow/example_dags/example_trigger_controller_dag.py for tasks to queue
[2025-02-24T20:17:38.470+0000] {logging_mixin.py:190} INFO - [2025-02-24T20:17:38.469+0000] {dagbag.py:588} INFO - Filling up the DagBag from /home/airflow/.local/lib/python3.12/site-packages/airflow/example_dags/example_trigger_controller_dag.py
[2025-02-24T20:17:38.486+0000] {processor.py:925} INFO - DAG(s) 'example_trigger_controller_dag' retrieved from /home/airflow/.local/lib/python3.12/site-packages/airflow/example_dags/example_trigger_controller_dag.py
[2025-02-24T20:17:38.519+0000] {logging_mixin.py:190} INFO - [2025-02-24T20:17:38.519+0000] {dag.py:3239} INFO - Sync 1 DAGs
[2025-02-24T20:17:38.555+0000] {logging_mixin.py:190} INFO - [2025-02-24T20:17:38.555+0000] {dag.py:4180} INFO - Setting next_dagrun for example_trigger_controller_dag to 2021-01-01 00:00:00+00:00, run_after=2021-01-01 00:00:00+00:00
[2025-02-24T20:17:38.585+0000] {processor.py:208} INFO - Processing /home/airflow/.local/lib/python3.12/site-packages/airflow/example_dags/example_trigger_controller_dag.py took 0.130 seconds
[2025-02-24T20:18:08.813+0000] {processor.py:186} INFO - Started process (PID=2206) to work on /home/airflow/.local/lib/python3.12/site-packages/airflow/example_dags/example_trigger_controller_dag.py
[2025-02-24T20:18:08.815+0000] {processor.py:914} INFO - Processing file /home/airflow/.local/lib/python3.12/site-packages/airflow/example_dags/example_trigger_controller_dag.py for tasks to queue
[2025-02-24T20:18:08.818+0000] {logging_mixin.py:190} INFO - [2025-02-24T20:18:08.817+0000] {dagbag.py:588} INFO - Filling up the DagBag from /home/airflow/.local/lib/python3.12/site-packages/airflow/example_dags/example_trigger_controller_dag.py
[2025-02-24T20:18:08.828+0000] {processor.py:925} INFO - DAG(s) 'example_trigger_controller_dag' retrieved from /home/airflow/.local/lib/python3.12/site-packages/airflow/example_dags/example_trigger_controller_dag.py
[2025-02-24T20:18:08.858+0000] {logging_mixin.py:190} INFO - [2025-02-24T20:18:08.857+0000] {dag.py:3239} INFO - Sync 1 DAGs
[2025-02-24T20:18:08.897+0000] {logging_mixin.py:190} INFO - [2025-02-24T20:18:08.896+0000] {dag.py:4180} INFO - Setting next_dagrun for example_trigger_controller_dag to 2021-01-01 00:00:00+00:00, run_after=2021-01-01 00:00:00+00:00
[2025-02-24T20:18:08.926+0000] {processor.py:208} INFO - Processing /home/airflow/.local/lib/python3.12/site-packages/airflow/example_dags/example_trigger_controller_dag.py took 0.121 seconds
[2025-02-24T20:18:39.094+0000] {processor.py:186} INFO - Started process (PID=2268) to work on /home/airflow/.local/lib/python3.12/site-packages/airflow/example_dags/example_trigger_controller_dag.py
[2025-02-24T20:18:39.096+0000] {processor.py:914} INFO - Processing file /home/airflow/.local/lib/python3.12/site-packages/airflow/example_dags/example_trigger_controller_dag.py for tasks to queue
[2025-02-24T20:18:39.100+0000] {logging_mixin.py:190} INFO - [2025-02-24T20:18:39.099+0000] {dagbag.py:588} INFO - Filling up the DagBag from /home/airflow/.local/lib/python3.12/site-packages/airflow/example_dags/example_trigger_controller_dag.py
[2025-02-24T20:18:39.114+0000] {processor.py:925} INFO - DAG(s) 'example_trigger_controller_dag' retrieved from /home/airflow/.local/lib/python3.12/site-packages/airflow/example_dags/example_trigger_controller_dag.py
[2025-02-24T20:18:39.150+0000] {logging_mixin.py:190} INFO - [2025-02-24T20:18:39.150+0000] {dag.py:3239} INFO - Sync 1 DAGs
[2025-02-24T20:18:39.205+0000] {logging_mixin.py:190} INFO - [2025-02-24T20:18:39.205+0000] {dag.py:4180} INFO - Setting next_dagrun for example_trigger_controller_dag to 2021-01-01 00:00:00+00:00, run_after=2021-01-01 00:00:00+00:00
[2025-02-24T20:18:39.242+0000] {processor.py:208} INFO - Processing /home/airflow/.local/lib/python3.12/site-packages/airflow/example_dags/example_trigger_controller_dag.py took 0.159 seconds
[2025-02-24T20:19:10.399+0000] {processor.py:186} INFO - Started process (PID=2330) to work on /home/airflow/.local/lib/python3.12/site-packages/airflow/example_dags/example_trigger_controller_dag.py
[2025-02-24T20:19:10.403+0000] {processor.py:914} INFO - Processing file /home/airflow/.local/lib/python3.12/site-packages/airflow/example_dags/example_trigger_controller_dag.py for tasks to queue
[2025-02-24T20:19:10.412+0000] {logging_mixin.py:190} INFO - [2025-02-24T20:19:10.411+0000] {dagbag.py:588} INFO - Filling up the DagBag from /home/airflow/.local/lib/python3.12/site-packages/airflow/example_dags/example_trigger_controller_dag.py
[2025-02-24T20:19:10.434+0000] {processor.py:925} INFO - DAG(s) 'example_trigger_controller_dag' retrieved from /home/airflow/.local/lib/python3.12/site-packages/airflow/example_dags/example_trigger_controller_dag.py
[2025-02-24T20:19:10.486+0000] {logging_mixin.py:190} INFO - [2025-02-24T20:19:10.486+0000] {dag.py:3239} INFO - Sync 1 DAGs
[2025-02-24T20:19:10.557+0000] {logging_mixin.py:190} INFO - [2025-02-24T20:19:10.557+0000] {dag.py:4180} INFO - Setting next_dagrun for example_trigger_controller_dag to 2021-01-01 00:00:00+00:00, run_after=2021-01-01 00:00:00+00:00
[2025-02-24T20:19:10.623+0000] {processor.py:208} INFO - Processing /home/airflow/.local/lib/python3.12/site-packages/airflow/example_dags/example_trigger_controller_dag.py took 0.246 seconds
[2025-02-24T21:36:46.397+0000] {processor.py:186} INFO - Started process (PID=212) to work on /home/airflow/.local/lib/python3.12/site-packages/airflow/example_dags/example_trigger_controller_dag.py
[2025-02-24T21:36:46.408+0000] {processor.py:914} INFO - Processing file /home/airflow/.local/lib/python3.12/site-packages/airflow/example_dags/example_trigger_controller_dag.py for tasks to queue
[2025-02-24T21:36:46.417+0000] {logging_mixin.py:190} INFO - [2025-02-24T21:36:46.416+0000] {dagbag.py:588} INFO - Filling up the DagBag from /home/airflow/.local/lib/python3.12/site-packages/airflow/example_dags/example_trigger_controller_dag.py
[2025-02-24T21:36:46.431+0000] {processor.py:925} INFO - DAG(s) 'example_trigger_controller_dag' retrieved from /home/airflow/.local/lib/python3.12/site-packages/airflow/example_dags/example_trigger_controller_dag.py
[2025-02-24T21:36:46.750+0000] {logging_mixin.py:190} INFO - [2025-02-24T21:36:46.750+0000] {override.py:1912} INFO - Created Permission View: can edit on DAG:example_trigger_controller_dag
[2025-02-24T21:36:46.776+0000] {logging_mixin.py:190} INFO - [2025-02-24T21:36:46.776+0000] {override.py:1912} INFO - Created Permission View: can read on DAG:example_trigger_controller_dag
[2025-02-24T21:36:46.795+0000] {logging_mixin.py:190} INFO - [2025-02-24T21:36:46.795+0000] {override.py:1912} INFO - Created Permission View: can delete on DAG:example_trigger_controller_dag
[2025-02-24T21:36:46.807+0000] {logging_mixin.py:190} INFO - [2025-02-24T21:36:46.807+0000] {override.py:1912} INFO - Created Permission View: can delete on DAG Run:example_trigger_controller_dag
[2025-02-24T21:36:46.833+0000] {logging_mixin.py:190} INFO - [2025-02-24T21:36:46.832+0000] {override.py:1912} INFO - Created Permission View: can read on DAG Run:example_trigger_controller_dag
[2025-02-24T21:36:46.865+0000] {logging_mixin.py:190} INFO - [2025-02-24T21:36:46.864+0000] {override.py:1912} INFO - Created Permission View: can create on DAG Run:example_trigger_controller_dag
[2025-02-24T21:36:46.890+0000] {logging_mixin.py:190} INFO - [2025-02-24T21:36:46.890+0000] {override.py:1912} INFO - Created Permission View: menu access on DAG Run:example_trigger_controller_dag
[2025-02-24T21:36:46.891+0000] {logging_mixin.py:190} INFO - [2025-02-24T21:36:46.891+0000] {dag.py:3239} INFO - Sync 1 DAGs
[2025-02-24T21:36:46.946+0000] {logging_mixin.py:190} INFO - [2025-02-24T21:36:46.945+0000] {dag.py:3262} INFO - Creating ORM DAG for example_trigger_controller_dag
[2025-02-24T21:36:46.986+0000] {logging_mixin.py:190} INFO - [2025-02-24T21:36:46.985+0000] {dag.py:4180} INFO - Setting next_dagrun for example_trigger_controller_dag to 2021-01-01 00:00:00+00:00, run_after=2021-01-01 00:00:00+00:00
[2025-02-24T21:36:47.056+0000] {processor.py:208} INFO - Processing /home/airflow/.local/lib/python3.12/site-packages/airflow/example_dags/example_trigger_controller_dag.py took 0.668 seconds
