[2025-02-24T20:01:00.625+0000] {processor.py:186} INFO - Started process (PID=125) to work on /home/airflow/.local/lib/python3.12/site-packages/airflow/example_dags/example_kubernetes_executor.py
[2025-02-24T20:01:00.629+0000] {processor.py:914} INFO - Processing file /home/airflow/.local/lib/python3.12/site-packages/airflow/example_dags/example_kubernetes_executor.py for tasks to queue
[2025-02-24T20:01:00.645+0000] {logging_mixin.py:190} INFO - [2025-02-24T20:01:00.644+0000] {dagbag.py:588} INFO - Filling up the DagBag from /home/airflow/.local/lib/python3.12/site-packages/airflow/example_dags/example_kubernetes_executor.py
[2025-02-24T20:01:00.748+0000] {processor.py:925} INFO - DAG(s) 'example_kubernetes_executor' retrieved from /home/airflow/.local/lib/python3.12/site-packages/airflow/example_dags/example_kubernetes_executor.py
[2025-02-24T20:01:01.010+0000] {logging_mixin.py:190} INFO - [2025-02-24T20:01:01.008+0000] {override.py:1912} INFO - Created Permission View: can edit on DAG:example_kubernetes_executor
[2025-02-24T20:01:01.044+0000] {logging_mixin.py:190} INFO - [2025-02-24T20:01:01.044+0000] {override.py:1912} INFO - Created Permission View: can delete on DAG:example_kubernetes_executor
[2025-02-24T20:01:01.064+0000] {logging_mixin.py:190} INFO - [2025-02-24T20:01:01.063+0000] {override.py:1912} INFO - Created Permission View: can read on DAG:example_kubernetes_executor
[2025-02-24T20:01:01.094+0000] {logging_mixin.py:190} INFO - [2025-02-24T20:01:01.090+0000] {override.py:1912} INFO - Created Permission View: can delete on DAG Run:example_kubernetes_executor
[2025-02-24T20:01:01.119+0000] {logging_mixin.py:190} INFO - [2025-02-24T20:01:01.118+0000] {override.py:1912} INFO - Created Permission View: can create on DAG Run:example_kubernetes_executor
[2025-02-24T20:01:01.152+0000] {logging_mixin.py:190} INFO - [2025-02-24T20:01:01.151+0000] {override.py:1912} INFO - Created Permission View: menu access on DAG Run:example_kubernetes_executor
[2025-02-24T20:01:01.175+0000] {logging_mixin.py:190} INFO - [2025-02-24T20:01:01.174+0000] {override.py:1912} INFO - Created Permission View: can read on DAG Run:example_kubernetes_executor
[2025-02-24T20:01:01.177+0000] {logging_mixin.py:190} INFO - [2025-02-24T20:01:01.177+0000] {dag.py:3239} INFO - Sync 1 DAGs
[2025-02-24T20:01:01.208+0000] {logging_mixin.py:190} INFO - [2025-02-24T20:01:01.208+0000] {dag.py:3262} INFO - Creating ORM DAG for example_kubernetes_executor
[2025-02-24T20:01:01.211+0000] {logging_mixin.py:190} INFO - [2025-02-24T20:01:01.210+0000] {dag.py:4180} INFO - Setting next_dagrun for example_kubernetes_executor to None, run_after=None
[2025-02-24T20:01:01.252+0000] {processor.py:208} INFO - Processing /home/airflow/.local/lib/python3.12/site-packages/airflow/example_dags/example_kubernetes_executor.py took 0.645 seconds
[2025-02-24T20:01:32.004+0000] {processor.py:186} INFO - Started process (PID=188) to work on /home/airflow/.local/lib/python3.12/site-packages/airflow/example_dags/example_kubernetes_executor.py
[2025-02-24T20:01:32.006+0000] {processor.py:914} INFO - Processing file /home/airflow/.local/lib/python3.12/site-packages/airflow/example_dags/example_kubernetes_executor.py for tasks to queue
[2025-02-24T20:01:32.018+0000] {logging_mixin.py:190} INFO - [2025-02-24T20:01:32.017+0000] {dagbag.py:588} INFO - Filling up the DagBag from /home/airflow/.local/lib/python3.12/site-packages/airflow/example_dags/example_kubernetes_executor.py
[2025-02-24T20:01:32.094+0000] {processor.py:925} INFO - DAG(s) 'example_kubernetes_executor' retrieved from /home/airflow/.local/lib/python3.12/site-packages/airflow/example_dags/example_kubernetes_executor.py
[2025-02-24T20:01:32.554+0000] {logging_mixin.py:190} INFO - [2025-02-24T20:01:32.553+0000] {dag.py:3239} INFO - Sync 1 DAGs
[2025-02-24T20:01:32.899+0000] {logging_mixin.py:190} INFO - [2025-02-24T20:01:32.898+0000] {dag.py:4180} INFO - Setting next_dagrun for example_kubernetes_executor to None, run_after=None
[2025-02-24T20:01:34.012+0000] {processor.py:208} INFO - Processing /home/airflow/.local/lib/python3.12/site-packages/airflow/example_dags/example_kubernetes_executor.py took 2.029 seconds
[2025-02-24T20:02:04.081+0000] {processor.py:186} INFO - Started process (PID=250) to work on /home/airflow/.local/lib/python3.12/site-packages/airflow/example_dags/example_kubernetes_executor.py
[2025-02-24T20:02:04.082+0000] {processor.py:914} INFO - Processing file /home/airflow/.local/lib/python3.12/site-packages/airflow/example_dags/example_kubernetes_executor.py for tasks to queue
[2025-02-24T20:02:04.084+0000] {logging_mixin.py:190} INFO - [2025-02-24T20:02:04.084+0000] {dagbag.py:588} INFO - Filling up the DagBag from /home/airflow/.local/lib/python3.12/site-packages/airflow/example_dags/example_kubernetes_executor.py
[2025-02-24T20:02:04.099+0000] {processor.py:925} INFO - DAG(s) 'example_kubernetes_executor' retrieved from /home/airflow/.local/lib/python3.12/site-packages/airflow/example_dags/example_kubernetes_executor.py
[2025-02-24T20:02:04.124+0000] {logging_mixin.py:190} INFO - [2025-02-24T20:02:04.124+0000] {dag.py:3239} INFO - Sync 1 DAGs
[2025-02-24T20:02:04.138+0000] {logging_mixin.py:190} INFO - [2025-02-24T20:02:04.138+0000] {dag.py:4180} INFO - Setting next_dagrun for example_kubernetes_executor to None, run_after=None
[2025-02-24T20:02:04.158+0000] {processor.py:208} INFO - Processing /home/airflow/.local/lib/python3.12/site-packages/airflow/example_dags/example_kubernetes_executor.py took 0.082 seconds
[2025-02-24T20:02:34.231+0000] {processor.py:186} INFO - Started process (PID=313) to work on /home/airflow/.local/lib/python3.12/site-packages/airflow/example_dags/example_kubernetes_executor.py
[2025-02-24T20:02:34.233+0000] {processor.py:914} INFO - Processing file /home/airflow/.local/lib/python3.12/site-packages/airflow/example_dags/example_kubernetes_executor.py for tasks to queue
[2025-02-24T20:02:34.235+0000] {logging_mixin.py:190} INFO - [2025-02-24T20:02:34.235+0000] {dagbag.py:588} INFO - Filling up the DagBag from /home/airflow/.local/lib/python3.12/site-packages/airflow/example_dags/example_kubernetes_executor.py
[2025-02-24T20:02:34.251+0000] {processor.py:925} INFO - DAG(s) 'example_kubernetes_executor' retrieved from /home/airflow/.local/lib/python3.12/site-packages/airflow/example_dags/example_kubernetes_executor.py
[2025-02-24T20:02:34.278+0000] {logging_mixin.py:190} INFO - [2025-02-24T20:02:34.278+0000] {dag.py:3239} INFO - Sync 1 DAGs
[2025-02-24T20:02:34.294+0000] {logging_mixin.py:190} INFO - [2025-02-24T20:02:34.294+0000] {dag.py:4180} INFO - Setting next_dagrun for example_kubernetes_executor to None, run_after=None
[2025-02-24T20:02:34.315+0000] {processor.py:208} INFO - Processing /home/airflow/.local/lib/python3.12/site-packages/airflow/example_dags/example_kubernetes_executor.py took 0.092 seconds
[2025-02-24T20:03:04.623+0000] {processor.py:186} INFO - Started process (PID=376) to work on /home/airflow/.local/lib/python3.12/site-packages/airflow/example_dags/example_kubernetes_executor.py
[2025-02-24T20:03:04.625+0000] {processor.py:914} INFO - Processing file /home/airflow/.local/lib/python3.12/site-packages/airflow/example_dags/example_kubernetes_executor.py for tasks to queue
[2025-02-24T20:03:04.629+0000] {logging_mixin.py:190} INFO - [2025-02-24T20:03:04.628+0000] {dagbag.py:588} INFO - Filling up the DagBag from /home/airflow/.local/lib/python3.12/site-packages/airflow/example_dags/example_kubernetes_executor.py
[2025-02-24T20:03:04.653+0000] {processor.py:925} INFO - DAG(s) 'example_kubernetes_executor' retrieved from /home/airflow/.local/lib/python3.12/site-packages/airflow/example_dags/example_kubernetes_executor.py
[2025-02-24T20:03:04.703+0000] {logging_mixin.py:190} INFO - [2025-02-24T20:03:04.702+0000] {dag.py:3239} INFO - Sync 1 DAGs
[2025-02-24T20:03:04.722+0000] {logging_mixin.py:190} INFO - [2025-02-24T20:03:04.722+0000] {dag.py:4180} INFO - Setting next_dagrun for example_kubernetes_executor to None, run_after=None
[2025-02-24T20:03:04.751+0000] {processor.py:208} INFO - Processing /home/airflow/.local/lib/python3.12/site-packages/airflow/example_dags/example_kubernetes_executor.py took 0.136 seconds
[2025-02-24T20:03:34.985+0000] {processor.py:186} INFO - Started process (PID=439) to work on /home/airflow/.local/lib/python3.12/site-packages/airflow/example_dags/example_kubernetes_executor.py
[2025-02-24T20:03:34.986+0000] {processor.py:914} INFO - Processing file /home/airflow/.local/lib/python3.12/site-packages/airflow/example_dags/example_kubernetes_executor.py for tasks to queue
[2025-02-24T20:03:34.989+0000] {logging_mixin.py:190} INFO - [2025-02-24T20:03:34.988+0000] {dagbag.py:588} INFO - Filling up the DagBag from /home/airflow/.local/lib/python3.12/site-packages/airflow/example_dags/example_kubernetes_executor.py
[2025-02-24T20:03:35.004+0000] {processor.py:925} INFO - DAG(s) 'example_kubernetes_executor' retrieved from /home/airflow/.local/lib/python3.12/site-packages/airflow/example_dags/example_kubernetes_executor.py
[2025-02-24T20:03:35.027+0000] {logging_mixin.py:190} INFO - [2025-02-24T20:03:35.027+0000] {dag.py:3239} INFO - Sync 1 DAGs
[2025-02-24T20:03:35.045+0000] {logging_mixin.py:190} INFO - [2025-02-24T20:03:35.044+0000] {dag.py:4180} INFO - Setting next_dagrun for example_kubernetes_executor to None, run_after=None
[2025-02-24T20:03:35.065+0000] {processor.py:208} INFO - Processing /home/airflow/.local/lib/python3.12/site-packages/airflow/example_dags/example_kubernetes_executor.py took 0.086 seconds
[2025-02-24T20:04:05.576+0000] {processor.py:186} INFO - Started process (PID=502) to work on /home/airflow/.local/lib/python3.12/site-packages/airflow/example_dags/example_kubernetes_executor.py
[2025-02-24T20:04:05.577+0000] {processor.py:914} INFO - Processing file /home/airflow/.local/lib/python3.12/site-packages/airflow/example_dags/example_kubernetes_executor.py for tasks to queue
[2025-02-24T20:04:05.580+0000] {logging_mixin.py:190} INFO - [2025-02-24T20:04:05.580+0000] {dagbag.py:588} INFO - Filling up the DagBag from /home/airflow/.local/lib/python3.12/site-packages/airflow/example_dags/example_kubernetes_executor.py
[2025-02-24T20:04:05.597+0000] {processor.py:925} INFO - DAG(s) 'example_kubernetes_executor' retrieved from /home/airflow/.local/lib/python3.12/site-packages/airflow/example_dags/example_kubernetes_executor.py
[2025-02-24T20:04:05.621+0000] {logging_mixin.py:190} INFO - [2025-02-24T20:04:05.620+0000] {dag.py:3239} INFO - Sync 1 DAGs
[2025-02-24T20:04:05.638+0000] {logging_mixin.py:190} INFO - [2025-02-24T20:04:05.638+0000] {dag.py:4180} INFO - Setting next_dagrun for example_kubernetes_executor to None, run_after=None
[2025-02-24T20:04:05.662+0000] {processor.py:208} INFO - Processing /home/airflow/.local/lib/python3.12/site-packages/airflow/example_dags/example_kubernetes_executor.py took 0.093 seconds
[2025-02-24T20:04:35.963+0000] {processor.py:186} INFO - Started process (PID=565) to work on /home/airflow/.local/lib/python3.12/site-packages/airflow/example_dags/example_kubernetes_executor.py
[2025-02-24T20:04:35.965+0000] {processor.py:914} INFO - Processing file /home/airflow/.local/lib/python3.12/site-packages/airflow/example_dags/example_kubernetes_executor.py for tasks to queue
[2025-02-24T20:04:35.968+0000] {logging_mixin.py:190} INFO - [2025-02-24T20:04:35.967+0000] {dagbag.py:588} INFO - Filling up the DagBag from /home/airflow/.local/lib/python3.12/site-packages/airflow/example_dags/example_kubernetes_executor.py
[2025-02-24T20:04:35.984+0000] {processor.py:925} INFO - DAG(s) 'example_kubernetes_executor' retrieved from /home/airflow/.local/lib/python3.12/site-packages/airflow/example_dags/example_kubernetes_executor.py
[2025-02-24T20:04:36.011+0000] {logging_mixin.py:190} INFO - [2025-02-24T20:04:36.010+0000] {dag.py:3239} INFO - Sync 1 DAGs
[2025-02-24T20:04:36.028+0000] {logging_mixin.py:190} INFO - [2025-02-24T20:04:36.028+0000] {dag.py:4180} INFO - Setting next_dagrun for example_kubernetes_executor to None, run_after=None
[2025-02-24T20:04:36.055+0000] {processor.py:208} INFO - Processing /home/airflow/.local/lib/python3.12/site-packages/airflow/example_dags/example_kubernetes_executor.py took 0.098 seconds
[2025-02-24T20:05:06.209+0000] {processor.py:186} INFO - Started process (PID=628) to work on /home/airflow/.local/lib/python3.12/site-packages/airflow/example_dags/example_kubernetes_executor.py
[2025-02-24T20:05:06.210+0000] {processor.py:914} INFO - Processing file /home/airflow/.local/lib/python3.12/site-packages/airflow/example_dags/example_kubernetes_executor.py for tasks to queue
[2025-02-24T20:05:06.213+0000] {logging_mixin.py:190} INFO - [2025-02-24T20:05:06.213+0000] {dagbag.py:588} INFO - Filling up the DagBag from /home/airflow/.local/lib/python3.12/site-packages/airflow/example_dags/example_kubernetes_executor.py
[2025-02-24T20:05:06.229+0000] {processor.py:925} INFO - DAG(s) 'example_kubernetes_executor' retrieved from /home/airflow/.local/lib/python3.12/site-packages/airflow/example_dags/example_kubernetes_executor.py
[2025-02-24T20:05:06.257+0000] {logging_mixin.py:190} INFO - [2025-02-24T20:05:06.257+0000] {dag.py:3239} INFO - Sync 1 DAGs
[2025-02-24T20:05:06.272+0000] {logging_mixin.py:190} INFO - [2025-02-24T20:05:06.272+0000] {dag.py:4180} INFO - Setting next_dagrun for example_kubernetes_executor to None, run_after=None
[2025-02-24T20:05:06.293+0000] {processor.py:208} INFO - Processing /home/airflow/.local/lib/python3.12/site-packages/airflow/example_dags/example_kubernetes_executor.py took 0.090 seconds
[2025-02-24T20:05:36.788+0000] {processor.py:186} INFO - Started process (PID=691) to work on /home/airflow/.local/lib/python3.12/site-packages/airflow/example_dags/example_kubernetes_executor.py
[2025-02-24T20:05:36.790+0000] {processor.py:914} INFO - Processing file /home/airflow/.local/lib/python3.12/site-packages/airflow/example_dags/example_kubernetes_executor.py for tasks to queue
[2025-02-24T20:05:36.793+0000] {logging_mixin.py:190} INFO - [2025-02-24T20:05:36.792+0000] {dagbag.py:588} INFO - Filling up the DagBag from /home/airflow/.local/lib/python3.12/site-packages/airflow/example_dags/example_kubernetes_executor.py
[2025-02-24T20:05:36.809+0000] {processor.py:925} INFO - DAG(s) 'example_kubernetes_executor' retrieved from /home/airflow/.local/lib/python3.12/site-packages/airflow/example_dags/example_kubernetes_executor.py
[2025-02-24T20:05:36.835+0000] {logging_mixin.py:190} INFO - [2025-02-24T20:05:36.835+0000] {dag.py:3239} INFO - Sync 1 DAGs
[2025-02-24T20:05:36.854+0000] {logging_mixin.py:190} INFO - [2025-02-24T20:05:36.853+0000] {dag.py:4180} INFO - Setting next_dagrun for example_kubernetes_executor to None, run_after=None
[2025-02-24T20:05:36.876+0000] {processor.py:208} INFO - Processing /home/airflow/.local/lib/python3.12/site-packages/airflow/example_dags/example_kubernetes_executor.py took 0.094 seconds
[2025-02-24T20:06:07.187+0000] {processor.py:186} INFO - Started process (PID=754) to work on /home/airflow/.local/lib/python3.12/site-packages/airflow/example_dags/example_kubernetes_executor.py
[2025-02-24T20:06:07.189+0000] {processor.py:914} INFO - Processing file /home/airflow/.local/lib/python3.12/site-packages/airflow/example_dags/example_kubernetes_executor.py for tasks to queue
[2025-02-24T20:06:07.191+0000] {logging_mixin.py:190} INFO - [2025-02-24T20:06:07.191+0000] {dagbag.py:588} INFO - Filling up the DagBag from /home/airflow/.local/lib/python3.12/site-packages/airflow/example_dags/example_kubernetes_executor.py
[2025-02-24T20:06:07.207+0000] {processor.py:925} INFO - DAG(s) 'example_kubernetes_executor' retrieved from /home/airflow/.local/lib/python3.12/site-packages/airflow/example_dags/example_kubernetes_executor.py
[2025-02-24T20:06:07.235+0000] {logging_mixin.py:190} INFO - [2025-02-24T20:06:07.234+0000] {dag.py:3239} INFO - Sync 1 DAGs
[2025-02-24T20:06:07.253+0000] {logging_mixin.py:190} INFO - [2025-02-24T20:06:07.253+0000] {dag.py:4180} INFO - Setting next_dagrun for example_kubernetes_executor to None, run_after=None
[2025-02-24T20:06:07.276+0000] {processor.py:208} INFO - Processing /home/airflow/.local/lib/python3.12/site-packages/airflow/example_dags/example_kubernetes_executor.py took 0.095 seconds
[2025-02-24T20:06:37.658+0000] {processor.py:186} INFO - Started process (PID=817) to work on /home/airflow/.local/lib/python3.12/site-packages/airflow/example_dags/example_kubernetes_executor.py
[2025-02-24T20:06:37.659+0000] {processor.py:914} INFO - Processing file /home/airflow/.local/lib/python3.12/site-packages/airflow/example_dags/example_kubernetes_executor.py for tasks to queue
[2025-02-24T20:06:37.662+0000] {logging_mixin.py:190} INFO - [2025-02-24T20:06:37.661+0000] {dagbag.py:588} INFO - Filling up the DagBag from /home/airflow/.local/lib/python3.12/site-packages/airflow/example_dags/example_kubernetes_executor.py
[2025-02-24T20:06:37.678+0000] {processor.py:925} INFO - DAG(s) 'example_kubernetes_executor' retrieved from /home/airflow/.local/lib/python3.12/site-packages/airflow/example_dags/example_kubernetes_executor.py
[2025-02-24T20:06:37.709+0000] {logging_mixin.py:190} INFO - [2025-02-24T20:06:37.708+0000] {dag.py:3239} INFO - Sync 1 DAGs
[2025-02-24T20:06:37.729+0000] {logging_mixin.py:190} INFO - [2025-02-24T20:06:37.729+0000] {dag.py:4180} INFO - Setting next_dagrun for example_kubernetes_executor to None, run_after=None
[2025-02-24T20:06:37.750+0000] {processor.py:208} INFO - Processing /home/airflow/.local/lib/python3.12/site-packages/airflow/example_dags/example_kubernetes_executor.py took 0.097 seconds
[2025-02-24T20:07:07.785+0000] {processor.py:186} INFO - Started process (PID=879) to work on /home/airflow/.local/lib/python3.12/site-packages/airflow/example_dags/example_kubernetes_executor.py
[2025-02-24T20:07:07.786+0000] {processor.py:914} INFO - Processing file /home/airflow/.local/lib/python3.12/site-packages/airflow/example_dags/example_kubernetes_executor.py for tasks to queue
[2025-02-24T20:07:07.788+0000] {logging_mixin.py:190} INFO - [2025-02-24T20:07:07.788+0000] {dagbag.py:588} INFO - Filling up the DagBag from /home/airflow/.local/lib/python3.12/site-packages/airflow/example_dags/example_kubernetes_executor.py
[2025-02-24T20:07:07.803+0000] {processor.py:925} INFO - DAG(s) 'example_kubernetes_executor' retrieved from /home/airflow/.local/lib/python3.12/site-packages/airflow/example_dags/example_kubernetes_executor.py
[2025-02-24T20:07:07.828+0000] {logging_mixin.py:190} INFO - [2025-02-24T20:07:07.827+0000] {dag.py:3239} INFO - Sync 1 DAGs
[2025-02-24T20:07:07.843+0000] {logging_mixin.py:190} INFO - [2025-02-24T20:07:07.843+0000] {dag.py:4180} INFO - Setting next_dagrun for example_kubernetes_executor to None, run_after=None
[2025-02-24T20:07:07.875+0000] {processor.py:208} INFO - Processing /home/airflow/.local/lib/python3.12/site-packages/airflow/example_dags/example_kubernetes_executor.py took 0.096 seconds
[2025-02-24T20:07:39.355+0000] {processor.py:186} INFO - Started process (PID=944) to work on /home/airflow/.local/lib/python3.12/site-packages/airflow/example_dags/example_kubernetes_executor.py
[2025-02-24T20:07:39.356+0000] {processor.py:914} INFO - Processing file /home/airflow/.local/lib/python3.12/site-packages/airflow/example_dags/example_kubernetes_executor.py for tasks to queue
[2025-02-24T20:07:39.358+0000] {logging_mixin.py:190} INFO - [2025-02-24T20:07:39.358+0000] {dagbag.py:588} INFO - Filling up the DagBag from /home/airflow/.local/lib/python3.12/site-packages/airflow/example_dags/example_kubernetes_executor.py
[2025-02-24T20:07:39.372+0000] {processor.py:925} INFO - DAG(s) 'example_kubernetes_executor' retrieved from /home/airflow/.local/lib/python3.12/site-packages/airflow/example_dags/example_kubernetes_executor.py
[2025-02-24T20:07:39.409+0000] {logging_mixin.py:190} INFO - [2025-02-24T20:07:39.409+0000] {dag.py:3239} INFO - Sync 1 DAGs
[2025-02-24T20:07:39.430+0000] {logging_mixin.py:190} INFO - [2025-02-24T20:07:39.429+0000] {dag.py:4180} INFO - Setting next_dagrun for example_kubernetes_executor to None, run_after=None
[2025-02-24T20:07:39.451+0000] {processor.py:208} INFO - Processing /home/airflow/.local/lib/python3.12/site-packages/airflow/example_dags/example_kubernetes_executor.py took 0.103 seconds
[2025-02-24T20:08:10.708+0000] {processor.py:186} INFO - Started process (PID=1007) to work on /home/airflow/.local/lib/python3.12/site-packages/airflow/example_dags/example_kubernetes_executor.py
[2025-02-24T20:08:10.709+0000] {processor.py:914} INFO - Processing file /home/airflow/.local/lib/python3.12/site-packages/airflow/example_dags/example_kubernetes_executor.py for tasks to queue
[2025-02-24T20:08:10.711+0000] {logging_mixin.py:190} INFO - [2025-02-24T20:08:10.711+0000] {dagbag.py:588} INFO - Filling up the DagBag from /home/airflow/.local/lib/python3.12/site-packages/airflow/example_dags/example_kubernetes_executor.py
[2025-02-24T20:08:10.725+0000] {processor.py:925} INFO - DAG(s) 'example_kubernetes_executor' retrieved from /home/airflow/.local/lib/python3.12/site-packages/airflow/example_dags/example_kubernetes_executor.py
[2025-02-24T20:08:10.748+0000] {logging_mixin.py:190} INFO - [2025-02-24T20:08:10.748+0000] {dag.py:3239} INFO - Sync 1 DAGs
[2025-02-24T20:08:10.762+0000] {logging_mixin.py:190} INFO - [2025-02-24T20:08:10.762+0000] {dag.py:4180} INFO - Setting next_dagrun for example_kubernetes_executor to None, run_after=None
[2025-02-24T20:08:10.784+0000] {processor.py:208} INFO - Processing /home/airflow/.local/lib/python3.12/site-packages/airflow/example_dags/example_kubernetes_executor.py took 0.082 seconds
[2025-02-24T20:08:42.309+0000] {processor.py:186} INFO - Started process (PID=1076) to work on /home/airflow/.local/lib/python3.12/site-packages/airflow/example_dags/example_kubernetes_executor.py
[2025-02-24T20:08:42.311+0000] {processor.py:914} INFO - Processing file /home/airflow/.local/lib/python3.12/site-packages/airflow/example_dags/example_kubernetes_executor.py for tasks to queue
[2025-02-24T20:08:42.314+0000] {logging_mixin.py:190} INFO - [2025-02-24T20:08:42.313+0000] {dagbag.py:588} INFO - Filling up the DagBag from /home/airflow/.local/lib/python3.12/site-packages/airflow/example_dags/example_kubernetes_executor.py
[2025-02-24T20:08:42.330+0000] {processor.py:925} INFO - DAG(s) 'example_kubernetes_executor' retrieved from /home/airflow/.local/lib/python3.12/site-packages/airflow/example_dags/example_kubernetes_executor.py
[2025-02-24T20:08:42.358+0000] {logging_mixin.py:190} INFO - [2025-02-24T20:08:42.358+0000] {dag.py:3239} INFO - Sync 1 DAGs
[2025-02-24T20:08:42.375+0000] {logging_mixin.py:190} INFO - [2025-02-24T20:08:42.375+0000] {dag.py:4180} INFO - Setting next_dagrun for example_kubernetes_executor to None, run_after=None
[2025-02-24T20:08:42.397+0000] {processor.py:208} INFO - Processing /home/airflow/.local/lib/python3.12/site-packages/airflow/example_dags/example_kubernetes_executor.py took 0.093 seconds
[2025-02-24T20:09:13.260+0000] {processor.py:186} INFO - Started process (PID=1142) to work on /home/airflow/.local/lib/python3.12/site-packages/airflow/example_dags/example_kubernetes_executor.py
[2025-02-24T20:09:13.261+0000] {processor.py:914} INFO - Processing file /home/airflow/.local/lib/python3.12/site-packages/airflow/example_dags/example_kubernetes_executor.py for tasks to queue
[2025-02-24T20:09:13.263+0000] {logging_mixin.py:190} INFO - [2025-02-24T20:09:13.263+0000] {dagbag.py:588} INFO - Filling up the DagBag from /home/airflow/.local/lib/python3.12/site-packages/airflow/example_dags/example_kubernetes_executor.py
[2025-02-24T20:09:13.278+0000] {processor.py:925} INFO - DAG(s) 'example_kubernetes_executor' retrieved from /home/airflow/.local/lib/python3.12/site-packages/airflow/example_dags/example_kubernetes_executor.py
[2025-02-24T20:09:13.303+0000] {logging_mixin.py:190} INFO - [2025-02-24T20:09:13.303+0000] {dag.py:3239} INFO - Sync 1 DAGs
[2025-02-24T20:09:13.318+0000] {logging_mixin.py:190} INFO - [2025-02-24T20:09:13.318+0000] {dag.py:4180} INFO - Setting next_dagrun for example_kubernetes_executor to None, run_after=None
[2025-02-24T20:09:13.347+0000] {processor.py:208} INFO - Processing /home/airflow/.local/lib/python3.12/site-packages/airflow/example_dags/example_kubernetes_executor.py took 0.093 seconds
[2025-02-24T20:09:44.576+0000] {processor.py:186} INFO - Started process (PID=1205) to work on /home/airflow/.local/lib/python3.12/site-packages/airflow/example_dags/example_kubernetes_executor.py
[2025-02-24T20:09:44.577+0000] {processor.py:914} INFO - Processing file /home/airflow/.local/lib/python3.12/site-packages/airflow/example_dags/example_kubernetes_executor.py for tasks to queue
[2025-02-24T20:09:44.580+0000] {logging_mixin.py:190} INFO - [2025-02-24T20:09:44.580+0000] {dagbag.py:588} INFO - Filling up the DagBag from /home/airflow/.local/lib/python3.12/site-packages/airflow/example_dags/example_kubernetes_executor.py
[2025-02-24T20:09:44.597+0000] {processor.py:925} INFO - DAG(s) 'example_kubernetes_executor' retrieved from /home/airflow/.local/lib/python3.12/site-packages/airflow/example_dags/example_kubernetes_executor.py
[2025-02-24T20:09:44.621+0000] {logging_mixin.py:190} INFO - [2025-02-24T20:09:44.620+0000] {dag.py:3239} INFO - Sync 1 DAGs
[2025-02-24T20:09:44.636+0000] {logging_mixin.py:190} INFO - [2025-02-24T20:09:44.636+0000] {dag.py:4180} INFO - Setting next_dagrun for example_kubernetes_executor to None, run_after=None
[2025-02-24T20:09:44.656+0000] {processor.py:208} INFO - Processing /home/airflow/.local/lib/python3.12/site-packages/airflow/example_dags/example_kubernetes_executor.py took 0.087 seconds
[2025-02-24T20:10:16.073+0000] {processor.py:186} INFO - Started process (PID=1268) to work on /home/airflow/.local/lib/python3.12/site-packages/airflow/example_dags/example_kubernetes_executor.py
[2025-02-24T20:10:16.074+0000] {processor.py:914} INFO - Processing file /home/airflow/.local/lib/python3.12/site-packages/airflow/example_dags/example_kubernetes_executor.py for tasks to queue
[2025-02-24T20:10:16.077+0000] {logging_mixin.py:190} INFO - [2025-02-24T20:10:16.076+0000] {dagbag.py:588} INFO - Filling up the DagBag from /home/airflow/.local/lib/python3.12/site-packages/airflow/example_dags/example_kubernetes_executor.py
[2025-02-24T20:10:16.091+0000] {processor.py:925} INFO - DAG(s) 'example_kubernetes_executor' retrieved from /home/airflow/.local/lib/python3.12/site-packages/airflow/example_dags/example_kubernetes_executor.py
[2025-02-24T20:10:16.119+0000] {logging_mixin.py:190} INFO - [2025-02-24T20:10:16.118+0000] {dag.py:3239} INFO - Sync 1 DAGs
[2025-02-24T20:10:16.138+0000] {logging_mixin.py:190} INFO - [2025-02-24T20:10:16.137+0000] {dag.py:4180} INFO - Setting next_dagrun for example_kubernetes_executor to None, run_after=None
[2025-02-24T20:10:16.158+0000] {processor.py:208} INFO - Processing /home/airflow/.local/lib/python3.12/site-packages/airflow/example_dags/example_kubernetes_executor.py took 0.090 seconds
[2025-02-24T20:10:47.471+0000] {processor.py:186} INFO - Started process (PID=1334) to work on /home/airflow/.local/lib/python3.12/site-packages/airflow/example_dags/example_kubernetes_executor.py
[2025-02-24T20:10:47.473+0000] {processor.py:914} INFO - Processing file /home/airflow/.local/lib/python3.12/site-packages/airflow/example_dags/example_kubernetes_executor.py for tasks to queue
[2025-02-24T20:10:47.476+0000] {logging_mixin.py:190} INFO - [2025-02-24T20:10:47.475+0000] {dagbag.py:588} INFO - Filling up the DagBag from /home/airflow/.local/lib/python3.12/site-packages/airflow/example_dags/example_kubernetes_executor.py
[2025-02-24T20:10:47.494+0000] {processor.py:925} INFO - DAG(s) 'example_kubernetes_executor' retrieved from /home/airflow/.local/lib/python3.12/site-packages/airflow/example_dags/example_kubernetes_executor.py
[2025-02-24T20:10:47.518+0000] {logging_mixin.py:190} INFO - [2025-02-24T20:10:47.518+0000] {dag.py:3239} INFO - Sync 1 DAGs
[2025-02-24T20:10:47.536+0000] {logging_mixin.py:190} INFO - [2025-02-24T20:10:47.536+0000] {dag.py:4180} INFO - Setting next_dagrun for example_kubernetes_executor to None, run_after=None
[2025-02-24T20:10:47.556+0000] {processor.py:208} INFO - Processing /home/airflow/.local/lib/python3.12/site-packages/airflow/example_dags/example_kubernetes_executor.py took 0.091 seconds
[2025-02-24T20:11:19.050+0000] {processor.py:186} INFO - Started process (PID=1398) to work on /home/airflow/.local/lib/python3.12/site-packages/airflow/example_dags/example_kubernetes_executor.py
[2025-02-24T20:11:19.051+0000] {processor.py:914} INFO - Processing file /home/airflow/.local/lib/python3.12/site-packages/airflow/example_dags/example_kubernetes_executor.py for tasks to queue
[2025-02-24T20:11:19.053+0000] {logging_mixin.py:190} INFO - [2025-02-24T20:11:19.053+0000] {dagbag.py:588} INFO - Filling up the DagBag from /home/airflow/.local/lib/python3.12/site-packages/airflow/example_dags/example_kubernetes_executor.py
[2025-02-24T20:11:19.068+0000] {processor.py:925} INFO - DAG(s) 'example_kubernetes_executor' retrieved from /home/airflow/.local/lib/python3.12/site-packages/airflow/example_dags/example_kubernetes_executor.py
[2025-02-24T20:11:19.093+0000] {logging_mixin.py:190} INFO - [2025-02-24T20:11:19.093+0000] {dag.py:3239} INFO - Sync 1 DAGs
[2025-02-24T20:11:19.111+0000] {logging_mixin.py:190} INFO - [2025-02-24T20:11:19.111+0000] {dag.py:4180} INFO - Setting next_dagrun for example_kubernetes_executor to None, run_after=None
[2025-02-24T20:11:19.139+0000] {processor.py:208} INFO - Processing /home/airflow/.local/lib/python3.12/site-packages/airflow/example_dags/example_kubernetes_executor.py took 0.094 seconds
[2025-02-24T20:11:51.345+0000] {processor.py:186} INFO - Started process (PID=1464) to work on /home/airflow/.local/lib/python3.12/site-packages/airflow/example_dags/example_kubernetes_executor.py
[2025-02-24T20:11:51.346+0000] {processor.py:914} INFO - Processing file /home/airflow/.local/lib/python3.12/site-packages/airflow/example_dags/example_kubernetes_executor.py for tasks to queue
[2025-02-24T20:11:51.349+0000] {logging_mixin.py:190} INFO - [2025-02-24T20:11:51.349+0000] {dagbag.py:588} INFO - Filling up the DagBag from /home/airflow/.local/lib/python3.12/site-packages/airflow/example_dags/example_kubernetes_executor.py
[2025-02-24T20:11:51.365+0000] {processor.py:925} INFO - DAG(s) 'example_kubernetes_executor' retrieved from /home/airflow/.local/lib/python3.12/site-packages/airflow/example_dags/example_kubernetes_executor.py
[2025-02-24T20:11:51.392+0000] {logging_mixin.py:190} INFO - [2025-02-24T20:11:51.392+0000] {dag.py:3239} INFO - Sync 1 DAGs
[2025-02-24T20:11:51.410+0000] {logging_mixin.py:190} INFO - [2025-02-24T20:11:51.410+0000] {dag.py:4180} INFO - Setting next_dagrun for example_kubernetes_executor to None, run_after=None
[2025-02-24T20:11:51.434+0000] {processor.py:208} INFO - Processing /home/airflow/.local/lib/python3.12/site-packages/airflow/example_dags/example_kubernetes_executor.py took 0.095 seconds
[2025-02-24T20:12:21.704+0000] {processor.py:186} INFO - Started process (PID=1533) to work on /home/airflow/.local/lib/python3.12/site-packages/airflow/example_dags/example_kubernetes_executor.py
[2025-02-24T20:12:21.705+0000] {processor.py:914} INFO - Processing file /home/airflow/.local/lib/python3.12/site-packages/airflow/example_dags/example_kubernetes_executor.py for tasks to queue
[2025-02-24T20:12:21.708+0000] {logging_mixin.py:190} INFO - [2025-02-24T20:12:21.707+0000] {dagbag.py:588} INFO - Filling up the DagBag from /home/airflow/.local/lib/python3.12/site-packages/airflow/example_dags/example_kubernetes_executor.py
[2025-02-24T20:12:21.725+0000] {processor.py:925} INFO - DAG(s) 'example_kubernetes_executor' retrieved from /home/airflow/.local/lib/python3.12/site-packages/airflow/example_dags/example_kubernetes_executor.py
[2025-02-24T20:12:21.763+0000] {logging_mixin.py:190} INFO - [2025-02-24T20:12:21.763+0000] {dag.py:3239} INFO - Sync 1 DAGs
[2025-02-24T20:12:21.792+0000] {logging_mixin.py:190} INFO - [2025-02-24T20:12:21.792+0000] {dag.py:4180} INFO - Setting next_dagrun for example_kubernetes_executor to None, run_after=None
[2025-02-24T20:12:21.811+0000] {processor.py:208} INFO - Processing /home/airflow/.local/lib/python3.12/site-packages/airflow/example_dags/example_kubernetes_executor.py took 0.112 seconds
[2025-02-24T20:12:53.694+0000] {processor.py:186} INFO - Started process (PID=1600) to work on /home/airflow/.local/lib/python3.12/site-packages/airflow/example_dags/example_kubernetes_executor.py
[2025-02-24T20:12:53.696+0000] {processor.py:914} INFO - Processing file /home/airflow/.local/lib/python3.12/site-packages/airflow/example_dags/example_kubernetes_executor.py for tasks to queue
[2025-02-24T20:12:53.699+0000] {logging_mixin.py:190} INFO - [2025-02-24T20:12:53.698+0000] {dagbag.py:588} INFO - Filling up the DagBag from /home/airflow/.local/lib/python3.12/site-packages/airflow/example_dags/example_kubernetes_executor.py
[2025-02-24T20:12:53.716+0000] {processor.py:925} INFO - DAG(s) 'example_kubernetes_executor' retrieved from /home/airflow/.local/lib/python3.12/site-packages/airflow/example_dags/example_kubernetes_executor.py
[2025-02-24T20:12:53.741+0000] {logging_mixin.py:190} INFO - [2025-02-24T20:12:53.741+0000] {dag.py:3239} INFO - Sync 1 DAGs
[2025-02-24T20:12:53.758+0000] {logging_mixin.py:190} INFO - [2025-02-24T20:12:53.757+0000] {dag.py:4180} INFO - Setting next_dagrun for example_kubernetes_executor to None, run_after=None
[2025-02-24T20:12:53.778+0000] {processor.py:208} INFO - Processing /home/airflow/.local/lib/python3.12/site-packages/airflow/example_dags/example_kubernetes_executor.py took 0.090 seconds
[2025-02-24T20:13:26.176+0000] {processor.py:186} INFO - Started process (PID=1663) to work on /home/airflow/.local/lib/python3.12/site-packages/airflow/example_dags/example_kubernetes_executor.py
[2025-02-24T20:13:26.177+0000] {processor.py:914} INFO - Processing file /home/airflow/.local/lib/python3.12/site-packages/airflow/example_dags/example_kubernetes_executor.py for tasks to queue
[2025-02-24T20:13:26.180+0000] {logging_mixin.py:190} INFO - [2025-02-24T20:13:26.179+0000] {dagbag.py:588} INFO - Filling up the DagBag from /home/airflow/.local/lib/python3.12/site-packages/airflow/example_dags/example_kubernetes_executor.py
[2025-02-24T20:13:26.195+0000] {processor.py:925} INFO - DAG(s) 'example_kubernetes_executor' retrieved from /home/airflow/.local/lib/python3.12/site-packages/airflow/example_dags/example_kubernetes_executor.py
[2025-02-24T20:13:26.222+0000] {logging_mixin.py:190} INFO - [2025-02-24T20:13:26.222+0000] {dag.py:3239} INFO - Sync 1 DAGs
[2025-02-24T20:13:26.239+0000] {logging_mixin.py:190} INFO - [2025-02-24T20:13:26.239+0000] {dag.py:4180} INFO - Setting next_dagrun for example_kubernetes_executor to None, run_after=None
[2025-02-24T20:13:26.266+0000] {processor.py:208} INFO - Processing /home/airflow/.local/lib/python3.12/site-packages/airflow/example_dags/example_kubernetes_executor.py took 0.095 seconds
[2025-02-24T20:13:57.588+0000] {processor.py:186} INFO - Started process (PID=1726) to work on /home/airflow/.local/lib/python3.12/site-packages/airflow/example_dags/example_kubernetes_executor.py
[2025-02-24T20:13:57.589+0000] {processor.py:914} INFO - Processing file /home/airflow/.local/lib/python3.12/site-packages/airflow/example_dags/example_kubernetes_executor.py for tasks to queue
[2025-02-24T20:13:57.592+0000] {logging_mixin.py:190} INFO - [2025-02-24T20:13:57.591+0000] {dagbag.py:588} INFO - Filling up the DagBag from /home/airflow/.local/lib/python3.12/site-packages/airflow/example_dags/example_kubernetes_executor.py
[2025-02-24T20:13:57.607+0000] {processor.py:925} INFO - DAG(s) 'example_kubernetes_executor' retrieved from /home/airflow/.local/lib/python3.12/site-packages/airflow/example_dags/example_kubernetes_executor.py
[2025-02-24T20:13:57.634+0000] {logging_mixin.py:190} INFO - [2025-02-24T20:13:57.634+0000] {dag.py:3239} INFO - Sync 1 DAGs
[2025-02-24T20:13:57.651+0000] {logging_mixin.py:190} INFO - [2025-02-24T20:13:57.651+0000] {dag.py:4180} INFO - Setting next_dagrun for example_kubernetes_executor to None, run_after=None
[2025-02-24T20:13:57.673+0000] {processor.py:208} INFO - Processing /home/airflow/.local/lib/python3.12/site-packages/airflow/example_dags/example_kubernetes_executor.py took 0.091 seconds
[2025-02-24T20:14:31.081+0000] {processor.py:186} INFO - Started process (PID=1790) to work on /home/airflow/.local/lib/python3.12/site-packages/airflow/example_dags/example_kubernetes_executor.py
[2025-02-24T20:14:31.083+0000] {processor.py:914} INFO - Processing file /home/airflow/.local/lib/python3.12/site-packages/airflow/example_dags/example_kubernetes_executor.py for tasks to queue
[2025-02-24T20:14:31.087+0000] {logging_mixin.py:190} INFO - [2025-02-24T20:14:31.087+0000] {dagbag.py:588} INFO - Filling up the DagBag from /home/airflow/.local/lib/python3.12/site-packages/airflow/example_dags/example_kubernetes_executor.py
[2025-02-24T20:14:31.122+0000] {processor.py:925} INFO - DAG(s) 'example_kubernetes_executor' retrieved from /home/airflow/.local/lib/python3.12/site-packages/airflow/example_dags/example_kubernetes_executor.py
[2025-02-24T20:14:31.158+0000] {logging_mixin.py:190} INFO - [2025-02-24T20:14:31.158+0000] {dag.py:3239} INFO - Sync 1 DAGs
[2025-02-24T20:14:31.180+0000] {logging_mixin.py:190} INFO - [2025-02-24T20:14:31.180+0000] {dag.py:4180} INFO - Setting next_dagrun for example_kubernetes_executor to None, run_after=None
[2025-02-24T20:14:31.209+0000] {processor.py:208} INFO - Processing /home/airflow/.local/lib/python3.12/site-packages/airflow/example_dags/example_kubernetes_executor.py took 0.141 seconds
[2025-02-24T20:15:03.978+0000] {processor.py:186} INFO - Started process (PID=1853) to work on /home/airflow/.local/lib/python3.12/site-packages/airflow/example_dags/example_kubernetes_executor.py
[2025-02-24T20:15:03.979+0000] {processor.py:914} INFO - Processing file /home/airflow/.local/lib/python3.12/site-packages/airflow/example_dags/example_kubernetes_executor.py for tasks to queue
[2025-02-24T20:15:03.982+0000] {logging_mixin.py:190} INFO - [2025-02-24T20:15:03.981+0000] {dagbag.py:588} INFO - Filling up the DagBag from /home/airflow/.local/lib/python3.12/site-packages/airflow/example_dags/example_kubernetes_executor.py
[2025-02-24T20:15:03.999+0000] {processor.py:925} INFO - DAG(s) 'example_kubernetes_executor' retrieved from /home/airflow/.local/lib/python3.12/site-packages/airflow/example_dags/example_kubernetes_executor.py
[2025-02-24T20:15:04.027+0000] {logging_mixin.py:190} INFO - [2025-02-24T20:15:04.027+0000] {dag.py:3239} INFO - Sync 1 DAGs
[2025-02-24T20:15:04.047+0000] {logging_mixin.py:190} INFO - [2025-02-24T20:15:04.047+0000] {dag.py:4180} INFO - Setting next_dagrun for example_kubernetes_executor to None, run_after=None
[2025-02-24T20:15:04.079+0000] {processor.py:208} INFO - Processing /home/airflow/.local/lib/python3.12/site-packages/airflow/example_dags/example_kubernetes_executor.py took 0.108 seconds
[2025-02-24T20:15:36.646+0000] {processor.py:186} INFO - Started process (PID=1916) to work on /home/airflow/.local/lib/python3.12/site-packages/airflow/example_dags/example_kubernetes_executor.py
[2025-02-24T20:15:36.648+0000] {processor.py:914} INFO - Processing file /home/airflow/.local/lib/python3.12/site-packages/airflow/example_dags/example_kubernetes_executor.py for tasks to queue
[2025-02-24T20:15:36.654+0000] {logging_mixin.py:190} INFO - [2025-02-24T20:15:36.653+0000] {dagbag.py:588} INFO - Filling up the DagBag from /home/airflow/.local/lib/python3.12/site-packages/airflow/example_dags/example_kubernetes_executor.py
[2025-02-24T20:15:36.692+0000] {processor.py:925} INFO - DAG(s) 'example_kubernetes_executor' retrieved from /home/airflow/.local/lib/python3.12/site-packages/airflow/example_dags/example_kubernetes_executor.py
[2025-02-24T20:15:36.743+0000] {logging_mixin.py:190} INFO - [2025-02-24T20:15:36.742+0000] {dag.py:3239} INFO - Sync 1 DAGs
[2025-02-24T20:15:36.791+0000] {logging_mixin.py:190} INFO - [2025-02-24T20:15:36.790+0000] {dag.py:4180} INFO - Setting next_dagrun for example_kubernetes_executor to None, run_after=None
[2025-02-24T20:15:36.859+0000] {processor.py:208} INFO - Processing /home/airflow/.local/lib/python3.12/site-packages/airflow/example_dags/example_kubernetes_executor.py took 0.227 seconds
[2025-02-24T20:16:09.379+0000] {processor.py:186} INFO - Started process (PID=1979) to work on /home/airflow/.local/lib/python3.12/site-packages/airflow/example_dags/example_kubernetes_executor.py
[2025-02-24T20:16:09.381+0000] {processor.py:914} INFO - Processing file /home/airflow/.local/lib/python3.12/site-packages/airflow/example_dags/example_kubernetes_executor.py for tasks to queue
[2025-02-24T20:16:09.386+0000] {logging_mixin.py:190} INFO - [2025-02-24T20:16:09.385+0000] {dagbag.py:588} INFO - Filling up the DagBag from /home/airflow/.local/lib/python3.12/site-packages/airflow/example_dags/example_kubernetes_executor.py
[2025-02-24T20:16:09.432+0000] {processor.py:925} INFO - DAG(s) 'example_kubernetes_executor' retrieved from /home/airflow/.local/lib/python3.12/site-packages/airflow/example_dags/example_kubernetes_executor.py
[2025-02-24T20:16:09.498+0000] {logging_mixin.py:190} INFO - [2025-02-24T20:16:09.498+0000] {dag.py:3239} INFO - Sync 1 DAGs
[2025-02-24T20:16:09.538+0000] {logging_mixin.py:190} INFO - [2025-02-24T20:16:09.538+0000] {dag.py:4180} INFO - Setting next_dagrun for example_kubernetes_executor to None, run_after=None
[2025-02-24T20:16:09.610+0000] {processor.py:208} INFO - Processing /home/airflow/.local/lib/python3.12/site-packages/airflow/example_dags/example_kubernetes_executor.py took 0.245 seconds
[2025-02-24T20:16:39.754+0000] {processor.py:186} INFO - Started process (PID=2042) to work on /home/airflow/.local/lib/python3.12/site-packages/airflow/example_dags/example_kubernetes_executor.py
[2025-02-24T20:16:39.755+0000] {processor.py:914} INFO - Processing file /home/airflow/.local/lib/python3.12/site-packages/airflow/example_dags/example_kubernetes_executor.py for tasks to queue
[2025-02-24T20:16:39.759+0000] {logging_mixin.py:190} INFO - [2025-02-24T20:16:39.759+0000] {dagbag.py:588} INFO - Filling up the DagBag from /home/airflow/.local/lib/python3.12/site-packages/airflow/example_dags/example_kubernetes_executor.py
[2025-02-24T20:16:39.792+0000] {processor.py:925} INFO - DAG(s) 'example_kubernetes_executor' retrieved from /home/airflow/.local/lib/python3.12/site-packages/airflow/example_dags/example_kubernetes_executor.py
[2025-02-24T20:16:39.854+0000] {logging_mixin.py:190} INFO - [2025-02-24T20:16:39.853+0000] {dag.py:3239} INFO - Sync 1 DAGs
[2025-02-24T20:16:39.890+0000] {logging_mixin.py:190} INFO - [2025-02-24T20:16:39.889+0000] {dag.py:4180} INFO - Setting next_dagrun for example_kubernetes_executor to None, run_after=None
[2025-02-24T20:16:39.950+0000] {processor.py:208} INFO - Processing /home/airflow/.local/lib/python3.12/site-packages/airflow/example_dags/example_kubernetes_executor.py took 0.208 seconds
[2025-02-24T20:17:11.354+0000] {processor.py:186} INFO - Started process (PID=2104) to work on /home/airflow/.local/lib/python3.12/site-packages/airflow/example_dags/example_kubernetes_executor.py
[2025-02-24T20:17:11.356+0000] {processor.py:914} INFO - Processing file /home/airflow/.local/lib/python3.12/site-packages/airflow/example_dags/example_kubernetes_executor.py for tasks to queue
[2025-02-24T20:17:11.362+0000] {logging_mixin.py:190} INFO - [2025-02-24T20:17:11.362+0000] {dagbag.py:588} INFO - Filling up the DagBag from /home/airflow/.local/lib/python3.12/site-packages/airflow/example_dags/example_kubernetes_executor.py
[2025-02-24T20:17:11.406+0000] {processor.py:925} INFO - DAG(s) 'example_kubernetes_executor' retrieved from /home/airflow/.local/lib/python3.12/site-packages/airflow/example_dags/example_kubernetes_executor.py
[2025-02-24T20:17:11.470+0000] {logging_mixin.py:190} INFO - [2025-02-24T20:17:11.470+0000] {dag.py:3239} INFO - Sync 1 DAGs
[2025-02-24T20:17:11.517+0000] {logging_mixin.py:190} INFO - [2025-02-24T20:17:11.517+0000] {dag.py:4180} INFO - Setting next_dagrun for example_kubernetes_executor to None, run_after=None
[2025-02-24T20:17:11.579+0000] {processor.py:208} INFO - Processing /home/airflow/.local/lib/python3.12/site-packages/airflow/example_dags/example_kubernetes_executor.py took 0.240 seconds
[2025-02-24T20:17:42.123+0000] {processor.py:186} INFO - Started process (PID=2167) to work on /home/airflow/.local/lib/python3.12/site-packages/airflow/example_dags/example_kubernetes_executor.py
[2025-02-24T20:17:42.125+0000] {processor.py:914} INFO - Processing file /home/airflow/.local/lib/python3.12/site-packages/airflow/example_dags/example_kubernetes_executor.py for tasks to queue
[2025-02-24T20:17:42.129+0000] {logging_mixin.py:190} INFO - [2025-02-24T20:17:42.128+0000] {dagbag.py:588} INFO - Filling up the DagBag from /home/airflow/.local/lib/python3.12/site-packages/airflow/example_dags/example_kubernetes_executor.py
[2025-02-24T20:17:42.156+0000] {processor.py:925} INFO - DAG(s) 'example_kubernetes_executor' retrieved from /home/airflow/.local/lib/python3.12/site-packages/airflow/example_dags/example_kubernetes_executor.py
[2025-02-24T20:17:42.202+0000] {logging_mixin.py:190} INFO - [2025-02-24T20:17:42.201+0000] {dag.py:3239} INFO - Sync 1 DAGs
[2025-02-24T20:17:42.229+0000] {logging_mixin.py:190} INFO - [2025-02-24T20:17:42.229+0000] {dag.py:4180} INFO - Setting next_dagrun for example_kubernetes_executor to None, run_after=None
[2025-02-24T20:17:42.273+0000] {processor.py:208} INFO - Processing /home/airflow/.local/lib/python3.12/site-packages/airflow/example_dags/example_kubernetes_executor.py took 0.162 seconds
[2025-02-24T20:18:13.311+0000] {processor.py:186} INFO - Started process (PID=2230) to work on /home/airflow/.local/lib/python3.12/site-packages/airflow/example_dags/example_kubernetes_executor.py
[2025-02-24T20:18:13.313+0000] {processor.py:914} INFO - Processing file /home/airflow/.local/lib/python3.12/site-packages/airflow/example_dags/example_kubernetes_executor.py for tasks to queue
[2025-02-24T20:18:13.318+0000] {logging_mixin.py:190} INFO - [2025-02-24T20:18:13.317+0000] {dagbag.py:588} INFO - Filling up the DagBag from /home/airflow/.local/lib/python3.12/site-packages/airflow/example_dags/example_kubernetes_executor.py
[2025-02-24T20:18:13.346+0000] {processor.py:925} INFO - DAG(s) 'example_kubernetes_executor' retrieved from /home/airflow/.local/lib/python3.12/site-packages/airflow/example_dags/example_kubernetes_executor.py
[2025-02-24T20:18:13.388+0000] {logging_mixin.py:190} INFO - [2025-02-24T20:18:13.388+0000] {dag.py:3239} INFO - Sync 1 DAGs
[2025-02-24T20:18:13.413+0000] {logging_mixin.py:190} INFO - [2025-02-24T20:18:13.413+0000] {dag.py:4180} INFO - Setting next_dagrun for example_kubernetes_executor to None, run_after=None
[2025-02-24T20:18:13.443+0000] {processor.py:208} INFO - Processing /home/airflow/.local/lib/python3.12/site-packages/airflow/example_dags/example_kubernetes_executor.py took 0.147 seconds
[2025-02-24T20:18:44.030+0000] {processor.py:186} INFO - Started process (PID=2293) to work on /home/airflow/.local/lib/python3.12/site-packages/airflow/example_dags/example_kubernetes_executor.py
[2025-02-24T20:18:44.032+0000] {processor.py:914} INFO - Processing file /home/airflow/.local/lib/python3.12/site-packages/airflow/example_dags/example_kubernetes_executor.py for tasks to queue
[2025-02-24T20:18:44.036+0000] {logging_mixin.py:190} INFO - [2025-02-24T20:18:44.036+0000] {dagbag.py:588} INFO - Filling up the DagBag from /home/airflow/.local/lib/python3.12/site-packages/airflow/example_dags/example_kubernetes_executor.py
[2025-02-24T20:18:44.091+0000] {processor.py:925} INFO - DAG(s) 'example_kubernetes_executor' retrieved from /home/airflow/.local/lib/python3.12/site-packages/airflow/example_dags/example_kubernetes_executor.py
[2025-02-24T20:18:44.154+0000] {logging_mixin.py:190} INFO - [2025-02-24T20:18:44.153+0000] {dag.py:3239} INFO - Sync 1 DAGs
[2025-02-24T20:18:44.194+0000] {logging_mixin.py:190} INFO - [2025-02-24T20:18:44.193+0000] {dag.py:4180} INFO - Setting next_dagrun for example_kubernetes_executor to None, run_after=None
[2025-02-24T20:18:44.263+0000] {processor.py:208} INFO - Processing /home/airflow/.local/lib/python3.12/site-packages/airflow/example_dags/example_kubernetes_executor.py took 0.248 seconds
[2025-02-24T20:19:15.138+0000] {processor.py:186} INFO - Started process (PID=2356) to work on /home/airflow/.local/lib/python3.12/site-packages/airflow/example_dags/example_kubernetes_executor.py
[2025-02-24T20:19:15.140+0000] {processor.py:914} INFO - Processing file /home/airflow/.local/lib/python3.12/site-packages/airflow/example_dags/example_kubernetes_executor.py for tasks to queue
[2025-02-24T20:19:15.143+0000] {logging_mixin.py:190} INFO - [2025-02-24T20:19:15.143+0000] {dagbag.py:588} INFO - Filling up the DagBag from /home/airflow/.local/lib/python3.12/site-packages/airflow/example_dags/example_kubernetes_executor.py
[2025-02-24T20:19:15.166+0000] {processor.py:925} INFO - DAG(s) 'example_kubernetes_executor' retrieved from /home/airflow/.local/lib/python3.12/site-packages/airflow/example_dags/example_kubernetes_executor.py
[2025-02-24T20:19:15.202+0000] {logging_mixin.py:190} INFO - [2025-02-24T20:19:15.201+0000] {dag.py:3239} INFO - Sync 1 DAGs
[2025-02-24T20:19:15.226+0000] {logging_mixin.py:190} INFO - [2025-02-24T20:19:15.226+0000] {dag.py:4180} INFO - Setting next_dagrun for example_kubernetes_executor to None, run_after=None
[2025-02-24T20:19:15.255+0000] {processor.py:208} INFO - Processing /home/airflow/.local/lib/python3.12/site-packages/airflow/example_dags/example_kubernetes_executor.py took 0.126 seconds
[2025-02-24T21:47:37.544+0000] {processor.py:186} INFO - Started process (PID=315) to work on /home/airflow/.local/lib/python3.12/site-packages/airflow/example_dags/example_kubernetes_executor.py
[2025-02-24T21:47:37.547+0000] {processor.py:914} INFO - Processing file /home/airflow/.local/lib/python3.12/site-packages/airflow/example_dags/example_kubernetes_executor.py for tasks to queue
[2025-02-24T21:47:37.568+0000] {logging_mixin.py:190} INFO - [2025-02-24T21:47:37.567+0000] {dagbag.py:588} INFO - Filling up the DagBag from /home/airflow/.local/lib/python3.12/site-packages/airflow/example_dags/example_kubernetes_executor.py
[2025-02-24T21:47:37.655+0000] {processor.py:925} INFO - DAG(s) 'example_kubernetes_executor' retrieved from /home/airflow/.local/lib/python3.12/site-packages/airflow/example_dags/example_kubernetes_executor.py
[2025-02-24T21:47:38.592+0000] {logging_mixin.py:190} INFO - [2025-02-24T21:47:38.592+0000] {override.py:1912} INFO - Created Permission View: can edit on DAG:example_kubernetes_executor
[2025-02-24T21:47:38.621+0000] {logging_mixin.py:190} INFO - [2025-02-24T21:47:38.621+0000] {override.py:1912} INFO - Created Permission View: can read on DAG:example_kubernetes_executor
[2025-02-24T21:47:38.637+0000] {logging_mixin.py:190} INFO - [2025-02-24T21:47:38.637+0000] {override.py:1912} INFO - Created Permission View: can delete on DAG:example_kubernetes_executor
[2025-02-24T21:47:38.663+0000] {logging_mixin.py:190} INFO - [2025-02-24T21:47:38.663+0000] {override.py:1912} INFO - Created Permission View: can delete on DAG Run:example_kubernetes_executor
[2025-02-24T21:47:38.801+0000] {logging_mixin.py:190} INFO - [2025-02-24T21:47:38.801+0000] {override.py:1912} INFO - Created Permission View: can read on DAG Run:example_kubernetes_executor
[2025-02-24T21:47:38.828+0000] {logging_mixin.py:190} INFO - [2025-02-24T21:47:38.827+0000] {override.py:1912} INFO - Created Permission View: can create on DAG Run:example_kubernetes_executor
[2025-02-24T21:47:38.866+0000] {logging_mixin.py:190} INFO - [2025-02-24T21:47:38.865+0000] {override.py:1912} INFO - Created Permission View: menu access on DAG Run:example_kubernetes_executor
[2025-02-24T21:47:38.867+0000] {logging_mixin.py:190} INFO - [2025-02-24T21:47:38.867+0000] {dag.py:3239} INFO - Sync 1 DAGs
[2025-02-24T21:47:38.912+0000] {logging_mixin.py:190} INFO - [2025-02-24T21:47:38.912+0000] {dag.py:3262} INFO - Creating ORM DAG for example_kubernetes_executor
[2025-02-24T21:47:38.920+0000] {logging_mixin.py:190} INFO - [2025-02-24T21:47:38.915+0000] {dag.py:4180} INFO - Setting next_dagrun for example_kubernetes_executor to None, run_after=None
[2025-02-24T21:47:38.994+0000] {processor.py:208} INFO - Processing /home/airflow/.local/lib/python3.12/site-packages/airflow/example_dags/example_kubernetes_executor.py took 1.491 seconds
