[2025-02-24T20:01:01.462+0000] {processor.py:186} INFO - Started process (PID=127) to work on /home/airflow/.local/lib/python3.12/site-packages/airflow/example_dags/example_xcomargs.py
[2025-02-24T20:01:01.466+0000] {processor.py:914} INFO - Processing file /home/airflow/.local/lib/python3.12/site-packages/airflow/example_dags/example_xcomargs.py for tasks to queue
[2025-02-24T20:01:01.474+0000] {logging_mixin.py:190} INFO - [2025-02-24T20:01:01.473+0000] {dagbag.py:588} INFO - Filling up the DagBag from /home/airflow/.local/lib/python3.12/site-packages/airflow/example_dags/example_xcomargs.py
[2025-02-24T20:01:01.618+0000] {processor.py:925} INFO - DAG(s) 'example_xcom_args', 'example_xcom_args_with_operators' retrieved from /home/airflow/.local/lib/python3.12/site-packages/airflow/example_dags/example_xcomargs.py
[2025-02-24T20:01:02.072+0000] {logging_mixin.py:190} INFO - [2025-02-24T20:01:02.067+0000] {override.py:1912} INFO - Created Permission View: can edit on DAG:example_xcom_args
[2025-02-24T20:01:02.114+0000] {logging_mixin.py:190} INFO - [2025-02-24T20:01:02.114+0000] {override.py:1912} INFO - Created Permission View: can delete on DAG:example_xcom_args
[2025-02-24T20:01:02.161+0000] {logging_mixin.py:190} INFO - [2025-02-24T20:01:02.160+0000] {override.py:1912} INFO - Created Permission View: can read on DAG:example_xcom_args
[2025-02-24T20:01:02.260+0000] {logging_mixin.py:190} INFO - [2025-02-24T20:01:02.259+0000] {override.py:1912} INFO - Created Permission View: can delete on DAG Run:example_xcom_args
[2025-02-24T20:01:02.314+0000] {logging_mixin.py:190} INFO - [2025-02-24T20:01:02.313+0000] {override.py:1912} INFO - Created Permission View: can create on DAG Run:example_xcom_args
[2025-02-24T20:01:02.361+0000] {logging_mixin.py:190} INFO - [2025-02-24T20:01:02.353+0000] {override.py:1912} INFO - Created Permission View: menu access on DAG Run:example_xcom_args
[2025-02-24T20:01:02.409+0000] {logging_mixin.py:190} INFO - [2025-02-24T20:01:02.401+0000] {override.py:1912} INFO - Created Permission View: can read on DAG Run:example_xcom_args
[2025-02-24T20:01:02.509+0000] {logging_mixin.py:190} INFO - [2025-02-24T20:01:02.508+0000] {override.py:1912} INFO - Created Permission View: can edit on DAG:example_xcom_args_with_operators
[2025-02-24T20:01:02.541+0000] {logging_mixin.py:190} INFO - [2025-02-24T20:01:02.540+0000] {override.py:1912} INFO - Created Permission View: can delete on DAG:example_xcom_args_with_operators
[2025-02-24T20:01:02.588+0000] {logging_mixin.py:190} INFO - [2025-02-24T20:01:02.587+0000] {override.py:1912} INFO - Created Permission View: can read on DAG:example_xcom_args_with_operators
[2025-02-24T20:01:02.647+0000] {logging_mixin.py:190} INFO - [2025-02-24T20:01:02.646+0000] {override.py:1912} INFO - Created Permission View: can delete on DAG Run:example_xcom_args_with_operators
[2025-02-24T20:01:02.710+0000] {logging_mixin.py:190} INFO - [2025-02-24T20:01:02.709+0000] {override.py:1912} INFO - Created Permission View: can create on DAG Run:example_xcom_args_with_operators
[2025-02-24T20:01:02.760+0000] {logging_mixin.py:190} INFO - [2025-02-24T20:01:02.759+0000] {override.py:1912} INFO - Created Permission View: menu access on DAG Run:example_xcom_args_with_operators
[2025-02-24T20:01:02.789+0000] {logging_mixin.py:190} INFO - [2025-02-24T20:01:02.786+0000] {override.py:1912} INFO - Created Permission View: can read on DAG Run:example_xcom_args_with_operators
[2025-02-24T20:01:02.798+0000] {logging_mixin.py:190} INFO - [2025-02-24T20:01:02.797+0000] {dag.py:3239} INFO - Sync 2 DAGs
[2025-02-24T20:01:02.846+0000] {logging_mixin.py:190} INFO - [2025-02-24T20:01:02.846+0000] {dag.py:3262} INFO - Creating ORM DAG for example_xcom_args_with_operators
[2025-02-24T20:01:02.852+0000] {logging_mixin.py:190} INFO - [2025-02-24T20:01:02.851+0000] {dag.py:3262} INFO - Creating ORM DAG for example_xcom_args
[2025-02-24T20:01:02.855+0000] {logging_mixin.py:190} INFO - [2025-02-24T20:01:02.854+0000] {dag.py:4180} INFO - Setting next_dagrun for example_xcom_args to None, run_after=None
[2025-02-24T20:01:02.858+0000] {logging_mixin.py:190} INFO - [2025-02-24T20:01:02.858+0000] {dag.py:4180} INFO - Setting next_dagrun for example_xcom_args_with_operators to None, run_after=None
[2025-02-24T20:01:02.938+0000] {processor.py:208} INFO - Processing /home/airflow/.local/lib/python3.12/site-packages/airflow/example_dags/example_xcomargs.py took 1.502 seconds
[2025-02-24T20:01:35.117+0000] {processor.py:186} INFO - Started process (PID=197) to work on /home/airflow/.local/lib/python3.12/site-packages/airflow/example_dags/example_xcomargs.py
[2025-02-24T20:01:35.119+0000] {processor.py:914} INFO - Processing file /home/airflow/.local/lib/python3.12/site-packages/airflow/example_dags/example_xcomargs.py for tasks to queue
[2025-02-24T20:01:35.124+0000] {logging_mixin.py:190} INFO - [2025-02-24T20:01:35.123+0000] {dagbag.py:588} INFO - Filling up the DagBag from /home/airflow/.local/lib/python3.12/site-packages/airflow/example_dags/example_xcomargs.py
[2025-02-24T20:01:35.146+0000] {processor.py:925} INFO - DAG(s) 'example_xcom_args', 'example_xcom_args_with_operators' retrieved from /home/airflow/.local/lib/python3.12/site-packages/airflow/example_dags/example_xcomargs.py
[2025-02-24T20:01:35.197+0000] {logging_mixin.py:190} INFO - [2025-02-24T20:01:35.197+0000] {dag.py:3239} INFO - Sync 2 DAGs
[2025-02-24T20:01:35.233+0000] {logging_mixin.py:190} INFO - [2025-02-24T20:01:35.232+0000] {dag.py:4180} INFO - Setting next_dagrun for example_xcom_args to None, run_after=None
[2025-02-24T20:01:35.240+0000] {logging_mixin.py:190} INFO - [2025-02-24T20:01:35.239+0000] {dag.py:4180} INFO - Setting next_dagrun for example_xcom_args_with_operators to None, run_after=None
[2025-02-24T20:01:35.266+0000] {processor.py:208} INFO - Processing /home/airflow/.local/lib/python3.12/site-packages/airflow/example_dags/example_xcomargs.py took 0.162 seconds
[2025-02-24T20:02:06.543+0000] {processor.py:186} INFO - Started process (PID=263) to work on /home/airflow/.local/lib/python3.12/site-packages/airflow/example_dags/example_xcomargs.py
[2025-02-24T20:02:06.544+0000] {processor.py:914} INFO - Processing file /home/airflow/.local/lib/python3.12/site-packages/airflow/example_dags/example_xcomargs.py for tasks to queue
[2025-02-24T20:02:06.547+0000] {logging_mixin.py:190} INFO - [2025-02-24T20:02:06.547+0000] {dagbag.py:588} INFO - Filling up the DagBag from /home/airflow/.local/lib/python3.12/site-packages/airflow/example_dags/example_xcomargs.py
[2025-02-24T20:02:06.560+0000] {processor.py:925} INFO - DAG(s) 'example_xcom_args_with_operators', 'example_xcom_args' retrieved from /home/airflow/.local/lib/python3.12/site-packages/airflow/example_dags/example_xcomargs.py
[2025-02-24T20:02:06.588+0000] {logging_mixin.py:190} INFO - [2025-02-24T20:02:06.588+0000] {dag.py:3239} INFO - Sync 2 DAGs
[2025-02-24T20:02:06.606+0000] {logging_mixin.py:190} INFO - [2025-02-24T20:02:06.605+0000] {dag.py:4180} INFO - Setting next_dagrun for example_xcom_args to None, run_after=None
[2025-02-24T20:02:06.611+0000] {logging_mixin.py:190} INFO - [2025-02-24T20:02:06.611+0000] {dag.py:4180} INFO - Setting next_dagrun for example_xcom_args_with_operators to None, run_after=None
[2025-02-24T20:02:06.631+0000] {processor.py:208} INFO - Processing /home/airflow/.local/lib/python3.12/site-packages/airflow/example_dags/example_xcomargs.py took 0.094 seconds
[2025-02-24T20:02:37.480+0000] {processor.py:186} INFO - Started process (PID=327) to work on /home/airflow/.local/lib/python3.12/site-packages/airflow/example_dags/example_xcomargs.py
[2025-02-24T20:02:37.482+0000] {processor.py:914} INFO - Processing file /home/airflow/.local/lib/python3.12/site-packages/airflow/example_dags/example_xcomargs.py for tasks to queue
[2025-02-24T20:02:37.485+0000] {logging_mixin.py:190} INFO - [2025-02-24T20:02:37.484+0000] {dagbag.py:588} INFO - Filling up the DagBag from /home/airflow/.local/lib/python3.12/site-packages/airflow/example_dags/example_xcomargs.py
[2025-02-24T20:02:37.499+0000] {processor.py:925} INFO - DAG(s) 'example_xcom_args', 'example_xcom_args_with_operators' retrieved from /home/airflow/.local/lib/python3.12/site-packages/airflow/example_dags/example_xcomargs.py
[2025-02-24T20:02:37.529+0000] {logging_mixin.py:190} INFO - [2025-02-24T20:02:37.528+0000] {dag.py:3239} INFO - Sync 2 DAGs
[2025-02-24T20:02:37.556+0000] {logging_mixin.py:190} INFO - [2025-02-24T20:02:37.555+0000] {dag.py:4180} INFO - Setting next_dagrun for example_xcom_args to None, run_after=None
[2025-02-24T20:02:37.560+0000] {logging_mixin.py:190} INFO - [2025-02-24T20:02:37.560+0000] {dag.py:4180} INFO - Setting next_dagrun for example_xcom_args_with_operators to None, run_after=None
[2025-02-24T20:02:37.584+0000] {processor.py:208} INFO - Processing /home/airflow/.local/lib/python3.12/site-packages/airflow/example_dags/example_xcomargs.py took 0.109 seconds
[2025-02-24T20:03:07.815+0000] {processor.py:186} INFO - Started process (PID=389) to work on /home/airflow/.local/lib/python3.12/site-packages/airflow/example_dags/example_xcomargs.py
[2025-02-24T20:03:07.816+0000] {processor.py:914} INFO - Processing file /home/airflow/.local/lib/python3.12/site-packages/airflow/example_dags/example_xcomargs.py for tasks to queue
[2025-02-24T20:03:07.818+0000] {logging_mixin.py:190} INFO - [2025-02-24T20:03:07.818+0000] {dagbag.py:588} INFO - Filling up the DagBag from /home/airflow/.local/lib/python3.12/site-packages/airflow/example_dags/example_xcomargs.py
[2025-02-24T20:03:07.829+0000] {processor.py:925} INFO - DAG(s) 'example_xcom_args_with_operators', 'example_xcom_args' retrieved from /home/airflow/.local/lib/python3.12/site-packages/airflow/example_dags/example_xcomargs.py
[2025-02-24T20:03:07.854+0000] {logging_mixin.py:190} INFO - [2025-02-24T20:03:07.854+0000] {dag.py:3239} INFO - Sync 2 DAGs
[2025-02-24T20:03:07.871+0000] {logging_mixin.py:190} INFO - [2025-02-24T20:03:07.871+0000] {dag.py:4180} INFO - Setting next_dagrun for example_xcom_args to None, run_after=None
[2025-02-24T20:03:07.876+0000] {logging_mixin.py:190} INFO - [2025-02-24T20:03:07.876+0000] {dag.py:4180} INFO - Setting next_dagrun for example_xcom_args_with_operators to None, run_after=None
[2025-02-24T20:03:07.895+0000] {processor.py:208} INFO - Processing /home/airflow/.local/lib/python3.12/site-packages/airflow/example_dags/example_xcomargs.py took 0.087 seconds
[2025-02-24T20:03:38.016+0000] {processor.py:186} INFO - Started process (PID=452) to work on /home/airflow/.local/lib/python3.12/site-packages/airflow/example_dags/example_xcomargs.py
[2025-02-24T20:03:38.017+0000] {processor.py:914} INFO - Processing file /home/airflow/.local/lib/python3.12/site-packages/airflow/example_dags/example_xcomargs.py for tasks to queue
[2025-02-24T20:03:38.019+0000] {logging_mixin.py:190} INFO - [2025-02-24T20:03:38.019+0000] {dagbag.py:588} INFO - Filling up the DagBag from /home/airflow/.local/lib/python3.12/site-packages/airflow/example_dags/example_xcomargs.py
[2025-02-24T20:03:38.030+0000] {processor.py:925} INFO - DAG(s) 'example_xcom_args_with_operators', 'example_xcom_args' retrieved from /home/airflow/.local/lib/python3.12/site-packages/airflow/example_dags/example_xcomargs.py
[2025-02-24T20:03:38.055+0000] {logging_mixin.py:190} INFO - [2025-02-24T20:03:38.055+0000] {dag.py:3239} INFO - Sync 2 DAGs
[2025-02-24T20:03:38.071+0000] {logging_mixin.py:190} INFO - [2025-02-24T20:03:38.071+0000] {dag.py:4180} INFO - Setting next_dagrun for example_xcom_args to None, run_after=None
[2025-02-24T20:03:38.075+0000] {logging_mixin.py:190} INFO - [2025-02-24T20:03:38.075+0000] {dag.py:4180} INFO - Setting next_dagrun for example_xcom_args_with_operators to None, run_after=None
[2025-02-24T20:03:38.095+0000] {processor.py:208} INFO - Processing /home/airflow/.local/lib/python3.12/site-packages/airflow/example_dags/example_xcomargs.py took 0.084 seconds
[2025-02-24T20:04:08.580+0000] {processor.py:186} INFO - Started process (PID=515) to work on /home/airflow/.local/lib/python3.12/site-packages/airflow/example_dags/example_xcomargs.py
[2025-02-24T20:04:08.583+0000] {processor.py:914} INFO - Processing file /home/airflow/.local/lib/python3.12/site-packages/airflow/example_dags/example_xcomargs.py for tasks to queue
[2025-02-24T20:04:08.587+0000] {logging_mixin.py:190} INFO - [2025-02-24T20:04:08.586+0000] {dagbag.py:588} INFO - Filling up the DagBag from /home/airflow/.local/lib/python3.12/site-packages/airflow/example_dags/example_xcomargs.py
[2025-02-24T20:04:08.601+0000] {processor.py:925} INFO - DAG(s) 'example_xcom_args_with_operators', 'example_xcom_args' retrieved from /home/airflow/.local/lib/python3.12/site-packages/airflow/example_dags/example_xcomargs.py
[2025-02-24T20:04:08.638+0000] {logging_mixin.py:190} INFO - [2025-02-24T20:04:08.638+0000] {dag.py:3239} INFO - Sync 2 DAGs
[2025-02-24T20:04:08.658+0000] {logging_mixin.py:190} INFO - [2025-02-24T20:04:08.658+0000] {dag.py:4180} INFO - Setting next_dagrun for example_xcom_args to None, run_after=None
[2025-02-24T20:04:08.662+0000] {logging_mixin.py:190} INFO - [2025-02-24T20:04:08.662+0000] {dag.py:4180} INFO - Setting next_dagrun for example_xcom_args_with_operators to None, run_after=None
[2025-02-24T20:04:08.683+0000] {processor.py:208} INFO - Processing /home/airflow/.local/lib/python3.12/site-packages/airflow/example_dags/example_xcomargs.py took 0.110 seconds
[2025-02-24T20:04:39.028+0000] {processor.py:186} INFO - Started process (PID=579) to work on /home/airflow/.local/lib/python3.12/site-packages/airflow/example_dags/example_xcomargs.py
[2025-02-24T20:04:39.029+0000] {processor.py:914} INFO - Processing file /home/airflow/.local/lib/python3.12/site-packages/airflow/example_dags/example_xcomargs.py for tasks to queue
[2025-02-24T20:04:39.031+0000] {logging_mixin.py:190} INFO - [2025-02-24T20:04:39.031+0000] {dagbag.py:588} INFO - Filling up the DagBag from /home/airflow/.local/lib/python3.12/site-packages/airflow/example_dags/example_xcomargs.py
[2025-02-24T20:04:39.041+0000] {processor.py:925} INFO - DAG(s) 'example_xcom_args', 'example_xcom_args_with_operators' retrieved from /home/airflow/.local/lib/python3.12/site-packages/airflow/example_dags/example_xcomargs.py
[2025-02-24T20:04:39.064+0000] {logging_mixin.py:190} INFO - [2025-02-24T20:04:39.064+0000] {dag.py:3239} INFO - Sync 2 DAGs
[2025-02-24T20:04:39.080+0000] {logging_mixin.py:190} INFO - [2025-02-24T20:04:39.080+0000] {dag.py:4180} INFO - Setting next_dagrun for example_xcom_args to None, run_after=None
[2025-02-24T20:04:39.085+0000] {logging_mixin.py:190} INFO - [2025-02-24T20:04:39.085+0000] {dag.py:4180} INFO - Setting next_dagrun for example_xcom_args_with_operators to None, run_after=None
[2025-02-24T20:04:39.121+0000] {processor.py:208} INFO - Processing /home/airflow/.local/lib/python3.12/site-packages/airflow/example_dags/example_xcomargs.py took 0.098 seconds
[2025-02-24T20:05:10.029+0000] {processor.py:186} INFO - Started process (PID=641) to work on /home/airflow/.local/lib/python3.12/site-packages/airflow/example_dags/example_xcomargs.py
[2025-02-24T20:05:10.030+0000] {processor.py:914} INFO - Processing file /home/airflow/.local/lib/python3.12/site-packages/airflow/example_dags/example_xcomargs.py for tasks to queue
[2025-02-24T20:05:10.032+0000] {logging_mixin.py:190} INFO - [2025-02-24T20:05:10.032+0000] {dagbag.py:588} INFO - Filling up the DagBag from /home/airflow/.local/lib/python3.12/site-packages/airflow/example_dags/example_xcomargs.py
[2025-02-24T20:05:10.043+0000] {processor.py:925} INFO - DAG(s) 'example_xcom_args', 'example_xcom_args_with_operators' retrieved from /home/airflow/.local/lib/python3.12/site-packages/airflow/example_dags/example_xcomargs.py
[2025-02-24T20:05:10.067+0000] {logging_mixin.py:190} INFO - [2025-02-24T20:05:10.066+0000] {dag.py:3239} INFO - Sync 2 DAGs
[2025-02-24T20:05:10.082+0000] {logging_mixin.py:190} INFO - [2025-02-24T20:05:10.082+0000] {dag.py:4180} INFO - Setting next_dagrun for example_xcom_args to None, run_after=None
[2025-02-24T20:05:10.087+0000] {logging_mixin.py:190} INFO - [2025-02-24T20:05:10.087+0000] {dag.py:4180} INFO - Setting next_dagrun for example_xcom_args_with_operators to None, run_after=None
[2025-02-24T20:05:10.113+0000] {processor.py:208} INFO - Processing /home/airflow/.local/lib/python3.12/site-packages/airflow/example_dags/example_xcomargs.py took 0.089 seconds
[2025-02-24T20:05:40.858+0000] {processor.py:186} INFO - Started process (PID=704) to work on /home/airflow/.local/lib/python3.12/site-packages/airflow/example_dags/example_xcomargs.py
[2025-02-24T20:05:40.859+0000] {processor.py:914} INFO - Processing file /home/airflow/.local/lib/python3.12/site-packages/airflow/example_dags/example_xcomargs.py for tasks to queue
[2025-02-24T20:05:40.862+0000] {logging_mixin.py:190} INFO - [2025-02-24T20:05:40.862+0000] {dagbag.py:588} INFO - Filling up the DagBag from /home/airflow/.local/lib/python3.12/site-packages/airflow/example_dags/example_xcomargs.py
[2025-02-24T20:05:40.876+0000] {processor.py:925} INFO - DAG(s) 'example_xcom_args_with_operators', 'example_xcom_args' retrieved from /home/airflow/.local/lib/python3.12/site-packages/airflow/example_dags/example_xcomargs.py
[2025-02-24T20:05:40.908+0000] {logging_mixin.py:190} INFO - [2025-02-24T20:05:40.907+0000] {dag.py:3239} INFO - Sync 2 DAGs
[2025-02-24T20:05:40.933+0000] {logging_mixin.py:190} INFO - [2025-02-24T20:05:40.933+0000] {dag.py:4180} INFO - Setting next_dagrun for example_xcom_args to None, run_after=None
[2025-02-24T20:05:40.938+0000] {logging_mixin.py:190} INFO - [2025-02-24T20:05:40.938+0000] {dag.py:4180} INFO - Setting next_dagrun for example_xcom_args_with_operators to None, run_after=None
[2025-02-24T20:05:40.960+0000] {processor.py:208} INFO - Processing /home/airflow/.local/lib/python3.12/site-packages/airflow/example_dags/example_xcomargs.py took 0.109 seconds
[2025-02-24T20:06:11.044+0000] {processor.py:186} INFO - Started process (PID=767) to work on /home/airflow/.local/lib/python3.12/site-packages/airflow/example_dags/example_xcomargs.py
[2025-02-24T20:06:11.045+0000] {processor.py:914} INFO - Processing file /home/airflow/.local/lib/python3.12/site-packages/airflow/example_dags/example_xcomargs.py for tasks to queue
[2025-02-24T20:06:11.047+0000] {logging_mixin.py:190} INFO - [2025-02-24T20:06:11.047+0000] {dagbag.py:588} INFO - Filling up the DagBag from /home/airflow/.local/lib/python3.12/site-packages/airflow/example_dags/example_xcomargs.py
[2025-02-24T20:06:11.058+0000] {processor.py:925} INFO - DAG(s) 'example_xcom_args', 'example_xcom_args_with_operators' retrieved from /home/airflow/.local/lib/python3.12/site-packages/airflow/example_dags/example_xcomargs.py
[2025-02-24T20:06:11.089+0000] {logging_mixin.py:190} INFO - [2025-02-24T20:06:11.089+0000] {dag.py:3239} INFO - Sync 2 DAGs
[2025-02-24T20:06:11.106+0000] {logging_mixin.py:190} INFO - [2025-02-24T20:06:11.106+0000] {dag.py:4180} INFO - Setting next_dagrun for example_xcom_args to None, run_after=None
[2025-02-24T20:06:11.112+0000] {logging_mixin.py:190} INFO - [2025-02-24T20:06:11.111+0000] {dag.py:4180} INFO - Setting next_dagrun for example_xcom_args_with_operators to None, run_after=None
[2025-02-24T20:06:11.131+0000] {processor.py:208} INFO - Processing /home/airflow/.local/lib/python3.12/site-packages/airflow/example_dags/example_xcomargs.py took 0.093 seconds
[2025-02-24T20:06:41.279+0000] {processor.py:186} INFO - Started process (PID=830) to work on /home/airflow/.local/lib/python3.12/site-packages/airflow/example_dags/example_xcomargs.py
[2025-02-24T20:06:41.280+0000] {processor.py:914} INFO - Processing file /home/airflow/.local/lib/python3.12/site-packages/airflow/example_dags/example_xcomargs.py for tasks to queue
[2025-02-24T20:06:41.283+0000] {logging_mixin.py:190} INFO - [2025-02-24T20:06:41.283+0000] {dagbag.py:588} INFO - Filling up the DagBag from /home/airflow/.local/lib/python3.12/site-packages/airflow/example_dags/example_xcomargs.py
[2025-02-24T20:06:41.294+0000] {processor.py:925} INFO - DAG(s) 'example_xcom_args_with_operators', 'example_xcom_args' retrieved from /home/airflow/.local/lib/python3.12/site-packages/airflow/example_dags/example_xcomargs.py
[2025-02-24T20:06:41.318+0000] {logging_mixin.py:190} INFO - [2025-02-24T20:06:41.318+0000] {dag.py:3239} INFO - Sync 2 DAGs
[2025-02-24T20:06:41.335+0000] {logging_mixin.py:190} INFO - [2025-02-24T20:06:41.335+0000] {dag.py:4180} INFO - Setting next_dagrun for example_xcom_args to None, run_after=None
[2025-02-24T20:06:41.339+0000] {logging_mixin.py:190} INFO - [2025-02-24T20:06:41.339+0000] {dag.py:4180} INFO - Setting next_dagrun for example_xcom_args_with_operators to None, run_after=None
[2025-02-24T20:06:41.361+0000] {processor.py:208} INFO - Processing /home/airflow/.local/lib/python3.12/site-packages/airflow/example_dags/example_xcomargs.py took 0.087 seconds
[2025-02-24T20:07:11.648+0000] {processor.py:186} INFO - Started process (PID=895) to work on /home/airflow/.local/lib/python3.12/site-packages/airflow/example_dags/example_xcomargs.py
[2025-02-24T20:07:11.650+0000] {processor.py:914} INFO - Processing file /home/airflow/.local/lib/python3.12/site-packages/airflow/example_dags/example_xcomargs.py for tasks to queue
[2025-02-24T20:07:11.653+0000] {logging_mixin.py:190} INFO - [2025-02-24T20:07:11.652+0000] {dagbag.py:588} INFO - Filling up the DagBag from /home/airflow/.local/lib/python3.12/site-packages/airflow/example_dags/example_xcomargs.py
[2025-02-24T20:07:11.665+0000] {processor.py:925} INFO - DAG(s) 'example_xcom_args', 'example_xcom_args_with_operators' retrieved from /home/airflow/.local/lib/python3.12/site-packages/airflow/example_dags/example_xcomargs.py
[2025-02-24T20:07:11.689+0000] {logging_mixin.py:190} INFO - [2025-02-24T20:07:11.689+0000] {dag.py:3239} INFO - Sync 2 DAGs
[2025-02-24T20:07:11.709+0000] {logging_mixin.py:190} INFO - [2025-02-24T20:07:11.708+0000] {dag.py:4180} INFO - Setting next_dagrun for example_xcom_args to None, run_after=None
[2025-02-24T20:07:11.713+0000] {logging_mixin.py:190} INFO - [2025-02-24T20:07:11.713+0000] {dag.py:4180} INFO - Setting next_dagrun for example_xcom_args_with_operators to None, run_after=None
[2025-02-24T20:07:11.733+0000] {processor.py:208} INFO - Processing /home/airflow/.local/lib/python3.12/site-packages/airflow/example_dags/example_xcomargs.py took 0.091 seconds
[2025-02-24T20:07:41.795+0000] {processor.py:186} INFO - Started process (PID=958) to work on /home/airflow/.local/lib/python3.12/site-packages/airflow/example_dags/example_xcomargs.py
[2025-02-24T20:07:41.796+0000] {processor.py:914} INFO - Processing file /home/airflow/.local/lib/python3.12/site-packages/airflow/example_dags/example_xcomargs.py for tasks to queue
[2025-02-24T20:07:41.799+0000] {logging_mixin.py:190} INFO - [2025-02-24T20:07:41.798+0000] {dagbag.py:588} INFO - Filling up the DagBag from /home/airflow/.local/lib/python3.12/site-packages/airflow/example_dags/example_xcomargs.py
[2025-02-24T20:07:41.810+0000] {processor.py:925} INFO - DAG(s) 'example_xcom_args_with_operators', 'example_xcom_args' retrieved from /home/airflow/.local/lib/python3.12/site-packages/airflow/example_dags/example_xcomargs.py
[2025-02-24T20:07:41.834+0000] {logging_mixin.py:190} INFO - [2025-02-24T20:07:41.833+0000] {dag.py:3239} INFO - Sync 2 DAGs
[2025-02-24T20:07:41.850+0000] {logging_mixin.py:190} INFO - [2025-02-24T20:07:41.850+0000] {dag.py:4180} INFO - Setting next_dagrun for example_xcom_args to None, run_after=None
[2025-02-24T20:07:41.854+0000] {logging_mixin.py:190} INFO - [2025-02-24T20:07:41.854+0000] {dag.py:4180} INFO - Setting next_dagrun for example_xcom_args_with_operators to None, run_after=None
[2025-02-24T20:07:41.879+0000] {processor.py:208} INFO - Processing /home/airflow/.local/lib/python3.12/site-packages/airflow/example_dags/example_xcomargs.py took 0.090 seconds
[2025-02-24T20:08:12.465+0000] {processor.py:186} INFO - Started process (PID=1019) to work on /home/airflow/.local/lib/python3.12/site-packages/airflow/example_dags/example_xcomargs.py
[2025-02-24T20:08:12.466+0000] {processor.py:914} INFO - Processing file /home/airflow/.local/lib/python3.12/site-packages/airflow/example_dags/example_xcomargs.py for tasks to queue
[2025-02-24T20:08:12.468+0000] {logging_mixin.py:190} INFO - [2025-02-24T20:08:12.468+0000] {dagbag.py:588} INFO - Filling up the DagBag from /home/airflow/.local/lib/python3.12/site-packages/airflow/example_dags/example_xcomargs.py
[2025-02-24T20:08:12.487+0000] {processor.py:925} INFO - DAG(s) 'example_xcom_args_with_operators', 'example_xcom_args' retrieved from /home/airflow/.local/lib/python3.12/site-packages/airflow/example_dags/example_xcomargs.py
[2025-02-24T20:08:12.513+0000] {logging_mixin.py:190} INFO - [2025-02-24T20:08:12.512+0000] {dag.py:3239} INFO - Sync 2 DAGs
[2025-02-24T20:08:12.529+0000] {logging_mixin.py:190} INFO - [2025-02-24T20:08:12.528+0000] {dag.py:4180} INFO - Setting next_dagrun for example_xcom_args to None, run_after=None
[2025-02-24T20:08:12.534+0000] {logging_mixin.py:190} INFO - [2025-02-24T20:08:12.533+0000] {dag.py:4180} INFO - Setting next_dagrun for example_xcom_args_with_operators to None, run_after=None
[2025-02-24T20:08:12.564+0000] {processor.py:208} INFO - Processing /home/airflow/.local/lib/python3.12/site-packages/airflow/example_dags/example_xcomargs.py took 0.104 seconds
[2025-02-24T20:08:42.687+0000] {processor.py:186} INFO - Started process (PID=1081) to work on /home/airflow/.local/lib/python3.12/site-packages/airflow/example_dags/example_xcomargs.py
[2025-02-24T20:08:42.688+0000] {processor.py:914} INFO - Processing file /home/airflow/.local/lib/python3.12/site-packages/airflow/example_dags/example_xcomargs.py for tasks to queue
[2025-02-24T20:08:42.690+0000] {logging_mixin.py:190} INFO - [2025-02-24T20:08:42.690+0000] {dagbag.py:588} INFO - Filling up the DagBag from /home/airflow/.local/lib/python3.12/site-packages/airflow/example_dags/example_xcomargs.py
[2025-02-24T20:08:42.702+0000] {processor.py:925} INFO - DAG(s) 'example_xcom_args_with_operators', 'example_xcom_args' retrieved from /home/airflow/.local/lib/python3.12/site-packages/airflow/example_dags/example_xcomargs.py
[2025-02-24T20:08:42.734+0000] {logging_mixin.py:190} INFO - [2025-02-24T20:08:42.733+0000] {dag.py:3239} INFO - Sync 2 DAGs
[2025-02-24T20:08:42.751+0000] {logging_mixin.py:190} INFO - [2025-02-24T20:08:42.751+0000] {dag.py:4180} INFO - Setting next_dagrun for example_xcom_args to None, run_after=None
[2025-02-24T20:08:42.756+0000] {logging_mixin.py:190} INFO - [2025-02-24T20:08:42.756+0000] {dag.py:4180} INFO - Setting next_dagrun for example_xcom_args_with_operators to None, run_after=None
[2025-02-24T20:08:42.775+0000] {processor.py:208} INFO - Processing /home/airflow/.local/lib/python3.12/site-packages/airflow/example_dags/example_xcomargs.py took 0.095 seconds
[2025-02-24T20:09:13.384+0000] {processor.py:186} INFO - Started process (PID=1144) to work on /home/airflow/.local/lib/python3.12/site-packages/airflow/example_dags/example_xcomargs.py
[2025-02-24T20:09:13.385+0000] {processor.py:914} INFO - Processing file /home/airflow/.local/lib/python3.12/site-packages/airflow/example_dags/example_xcomargs.py for tasks to queue
[2025-02-24T20:09:13.387+0000] {logging_mixin.py:190} INFO - [2025-02-24T20:09:13.387+0000] {dagbag.py:588} INFO - Filling up the DagBag from /home/airflow/.local/lib/python3.12/site-packages/airflow/example_dags/example_xcomargs.py
[2025-02-24T20:09:13.398+0000] {processor.py:925} INFO - DAG(s) 'example_xcom_args', 'example_xcom_args_with_operators' retrieved from /home/airflow/.local/lib/python3.12/site-packages/airflow/example_dags/example_xcomargs.py
[2025-02-24T20:09:13.421+0000] {logging_mixin.py:190} INFO - [2025-02-24T20:09:13.421+0000] {dag.py:3239} INFO - Sync 2 DAGs
[2025-02-24T20:09:13.438+0000] {logging_mixin.py:190} INFO - [2025-02-24T20:09:13.438+0000] {dag.py:4180} INFO - Setting next_dagrun for example_xcom_args to None, run_after=None
[2025-02-24T20:09:13.443+0000] {logging_mixin.py:190} INFO - [2025-02-24T20:09:13.442+0000] {dag.py:4180} INFO - Setting next_dagrun for example_xcom_args_with_operators to None, run_after=None
[2025-02-24T20:09:13.472+0000] {processor.py:208} INFO - Processing /home/airflow/.local/lib/python3.12/site-packages/airflow/example_dags/example_xcomargs.py took 0.096 seconds
[2025-02-24T20:09:44.688+0000] {processor.py:186} INFO - Started process (PID=1207) to work on /home/airflow/.local/lib/python3.12/site-packages/airflow/example_dags/example_xcomargs.py
[2025-02-24T20:09:44.690+0000] {processor.py:914} INFO - Processing file /home/airflow/.local/lib/python3.12/site-packages/airflow/example_dags/example_xcomargs.py for tasks to queue
[2025-02-24T20:09:44.692+0000] {logging_mixin.py:190} INFO - [2025-02-24T20:09:44.692+0000] {dagbag.py:588} INFO - Filling up the DagBag from /home/airflow/.local/lib/python3.12/site-packages/airflow/example_dags/example_xcomargs.py
[2025-02-24T20:09:44.703+0000] {processor.py:925} INFO - DAG(s) 'example_xcom_args', 'example_xcom_args_with_operators' retrieved from /home/airflow/.local/lib/python3.12/site-packages/airflow/example_dags/example_xcomargs.py
[2025-02-24T20:09:44.727+0000] {logging_mixin.py:190} INFO - [2025-02-24T20:09:44.727+0000] {dag.py:3239} INFO - Sync 2 DAGs
[2025-02-24T20:09:44.746+0000] {logging_mixin.py:190} INFO - [2025-02-24T20:09:44.746+0000] {dag.py:4180} INFO - Setting next_dagrun for example_xcom_args to None, run_after=None
[2025-02-24T20:09:44.751+0000] {logging_mixin.py:190} INFO - [2025-02-24T20:09:44.750+0000] {dag.py:4180} INFO - Setting next_dagrun for example_xcom_args_with_operators to None, run_after=None
[2025-02-24T20:09:44.770+0000] {processor.py:208} INFO - Processing /home/airflow/.local/lib/python3.12/site-packages/airflow/example_dags/example_xcomargs.py took 0.087 seconds
[2025-02-24T20:10:16.187+0000] {processor.py:186} INFO - Started process (PID=1270) to work on /home/airflow/.local/lib/python3.12/site-packages/airflow/example_dags/example_xcomargs.py
[2025-02-24T20:10:16.188+0000] {processor.py:914} INFO - Processing file /home/airflow/.local/lib/python3.12/site-packages/airflow/example_dags/example_xcomargs.py for tasks to queue
[2025-02-24T20:10:16.191+0000] {logging_mixin.py:190} INFO - [2025-02-24T20:10:16.191+0000] {dagbag.py:588} INFO - Filling up the DagBag from /home/airflow/.local/lib/python3.12/site-packages/airflow/example_dags/example_xcomargs.py
[2025-02-24T20:10:16.202+0000] {processor.py:925} INFO - DAG(s) 'example_xcom_args', 'example_xcom_args_with_operators' retrieved from /home/airflow/.local/lib/python3.12/site-packages/airflow/example_dags/example_xcomargs.py
[2025-02-24T20:10:16.227+0000] {logging_mixin.py:190} INFO - [2025-02-24T20:10:16.226+0000] {dag.py:3239} INFO - Sync 2 DAGs
[2025-02-24T20:10:16.245+0000] {logging_mixin.py:190} INFO - [2025-02-24T20:10:16.245+0000] {dag.py:4180} INFO - Setting next_dagrun for example_xcom_args to None, run_after=None
[2025-02-24T20:10:16.250+0000] {logging_mixin.py:190} INFO - [2025-02-24T20:10:16.250+0000] {dag.py:4180} INFO - Setting next_dagrun for example_xcom_args_with_operators to None, run_after=None
[2025-02-24T20:10:16.279+0000] {processor.py:208} INFO - Processing /home/airflow/.local/lib/python3.12/site-packages/airflow/example_dags/example_xcomargs.py took 0.099 seconds
[2025-02-24T20:10:47.591+0000] {processor.py:186} INFO - Started process (PID=1336) to work on /home/airflow/.local/lib/python3.12/site-packages/airflow/example_dags/example_xcomargs.py
[2025-02-24T20:10:47.592+0000] {processor.py:914} INFO - Processing file /home/airflow/.local/lib/python3.12/site-packages/airflow/example_dags/example_xcomargs.py for tasks to queue
[2025-02-24T20:10:47.596+0000] {logging_mixin.py:190} INFO - [2025-02-24T20:10:47.595+0000] {dagbag.py:588} INFO - Filling up the DagBag from /home/airflow/.local/lib/python3.12/site-packages/airflow/example_dags/example_xcomargs.py
[2025-02-24T20:10:47.607+0000] {processor.py:925} INFO - DAG(s) 'example_xcom_args_with_operators', 'example_xcom_args' retrieved from /home/airflow/.local/lib/python3.12/site-packages/airflow/example_dags/example_xcomargs.py
[2025-02-24T20:10:47.630+0000] {logging_mixin.py:190} INFO - [2025-02-24T20:10:47.630+0000] {dag.py:3239} INFO - Sync 2 DAGs
[2025-02-24T20:10:47.648+0000] {logging_mixin.py:190} INFO - [2025-02-24T20:10:47.647+0000] {dag.py:4180} INFO - Setting next_dagrun for example_xcom_args to None, run_after=None
[2025-02-24T20:10:47.652+0000] {logging_mixin.py:190} INFO - [2025-02-24T20:10:47.652+0000] {dag.py:4180} INFO - Setting next_dagrun for example_xcom_args_with_operators to None, run_after=None
[2025-02-24T20:10:47.675+0000] {processor.py:208} INFO - Processing /home/airflow/.local/lib/python3.12/site-packages/airflow/example_dags/example_xcomargs.py took 0.091 seconds
[2025-02-24T20:11:19.178+0000] {processor.py:186} INFO - Started process (PID=1400) to work on /home/airflow/.local/lib/python3.12/site-packages/airflow/example_dags/example_xcomargs.py
[2025-02-24T20:11:19.179+0000] {processor.py:914} INFO - Processing file /home/airflow/.local/lib/python3.12/site-packages/airflow/example_dags/example_xcomargs.py for tasks to queue
[2025-02-24T20:11:19.181+0000] {logging_mixin.py:190} INFO - [2025-02-24T20:11:19.181+0000] {dagbag.py:588} INFO - Filling up the DagBag from /home/airflow/.local/lib/python3.12/site-packages/airflow/example_dags/example_xcomargs.py
[2025-02-24T20:11:19.193+0000] {processor.py:925} INFO - DAG(s) 'example_xcom_args', 'example_xcom_args_with_operators' retrieved from /home/airflow/.local/lib/python3.12/site-packages/airflow/example_dags/example_xcomargs.py
[2025-02-24T20:11:19.219+0000] {logging_mixin.py:190} INFO - [2025-02-24T20:11:19.219+0000] {dag.py:3239} INFO - Sync 2 DAGs
[2025-02-24T20:11:19.237+0000] {logging_mixin.py:190} INFO - [2025-02-24T20:11:19.236+0000] {dag.py:4180} INFO - Setting next_dagrun for example_xcom_args to None, run_after=None
[2025-02-24T20:11:19.241+0000] {logging_mixin.py:190} INFO - [2025-02-24T20:11:19.241+0000] {dag.py:4180} INFO - Setting next_dagrun for example_xcom_args_with_operators to None, run_after=None
[2025-02-24T20:11:19.271+0000] {processor.py:208} INFO - Processing /home/airflow/.local/lib/python3.12/site-packages/airflow/example_dags/example_xcomargs.py took 0.100 seconds
[2025-02-24T20:11:51.502+0000] {processor.py:186} INFO - Started process (PID=1472) to work on /home/airflow/.local/lib/python3.12/site-packages/airflow/example_dags/example_xcomargs.py
[2025-02-24T20:11:51.503+0000] {processor.py:914} INFO - Processing file /home/airflow/.local/lib/python3.12/site-packages/airflow/example_dags/example_xcomargs.py for tasks to queue
[2025-02-24T20:11:51.506+0000] {logging_mixin.py:190} INFO - [2025-02-24T20:11:51.506+0000] {dagbag.py:588} INFO - Filling up the DagBag from /home/airflow/.local/lib/python3.12/site-packages/airflow/example_dags/example_xcomargs.py
[2025-02-24T20:11:51.520+0000] {processor.py:925} INFO - DAG(s) 'example_xcom_args_with_operators', 'example_xcom_args' retrieved from /home/airflow/.local/lib/python3.12/site-packages/airflow/example_dags/example_xcomargs.py
[2025-02-24T20:11:51.546+0000] {logging_mixin.py:190} INFO - [2025-02-24T20:11:51.546+0000] {dag.py:3239} INFO - Sync 2 DAGs
[2025-02-24T20:11:51.568+0000] {logging_mixin.py:190} INFO - [2025-02-24T20:11:51.568+0000] {dag.py:4180} INFO - Setting next_dagrun for example_xcom_args to None, run_after=None
[2025-02-24T20:11:51.572+0000] {logging_mixin.py:190} INFO - [2025-02-24T20:11:51.572+0000] {dag.py:4180} INFO - Setting next_dagrun for example_xcom_args_with_operators to None, run_after=None
[2025-02-24T20:11:51.590+0000] {processor.py:208} INFO - Processing /home/airflow/.local/lib/python3.12/site-packages/airflow/example_dags/example_xcomargs.py took 0.097 seconds
[2025-02-24T20:12:21.841+0000] {processor.py:186} INFO - Started process (PID=1535) to work on /home/airflow/.local/lib/python3.12/site-packages/airflow/example_dags/example_xcomargs.py
[2025-02-24T20:12:21.843+0000] {processor.py:914} INFO - Processing file /home/airflow/.local/lib/python3.12/site-packages/airflow/example_dags/example_xcomargs.py for tasks to queue
[2025-02-24T20:12:21.845+0000] {logging_mixin.py:190} INFO - [2025-02-24T20:12:21.845+0000] {dagbag.py:588} INFO - Filling up the DagBag from /home/airflow/.local/lib/python3.12/site-packages/airflow/example_dags/example_xcomargs.py
[2025-02-24T20:12:21.856+0000] {processor.py:925} INFO - DAG(s) 'example_xcom_args', 'example_xcom_args_with_operators' retrieved from /home/airflow/.local/lib/python3.12/site-packages/airflow/example_dags/example_xcomargs.py
[2025-02-24T20:12:21.878+0000] {logging_mixin.py:190} INFO - [2025-02-24T20:12:21.878+0000] {dag.py:3239} INFO - Sync 2 DAGs
[2025-02-24T20:12:21.894+0000] {logging_mixin.py:190} INFO - [2025-02-24T20:12:21.894+0000] {dag.py:4180} INFO - Setting next_dagrun for example_xcom_args to None, run_after=None
[2025-02-24T20:12:21.899+0000] {logging_mixin.py:190} INFO - [2025-02-24T20:12:21.898+0000] {dag.py:4180} INFO - Setting next_dagrun for example_xcom_args_with_operators to None, run_after=None
[2025-02-24T20:12:21.917+0000] {processor.py:208} INFO - Processing /home/airflow/.local/lib/python3.12/site-packages/airflow/example_dags/example_xcomargs.py took 0.081 seconds
[2025-02-24T20:12:53.811+0000] {processor.py:186} INFO - Started process (PID=1602) to work on /home/airflow/.local/lib/python3.12/site-packages/airflow/example_dags/example_xcomargs.py
[2025-02-24T20:12:53.812+0000] {processor.py:914} INFO - Processing file /home/airflow/.local/lib/python3.12/site-packages/airflow/example_dags/example_xcomargs.py for tasks to queue
[2025-02-24T20:12:53.815+0000] {logging_mixin.py:190} INFO - [2025-02-24T20:12:53.814+0000] {dagbag.py:588} INFO - Filling up the DagBag from /home/airflow/.local/lib/python3.12/site-packages/airflow/example_dags/example_xcomargs.py
[2025-02-24T20:12:53.826+0000] {processor.py:925} INFO - DAG(s) 'example_xcom_args', 'example_xcom_args_with_operators' retrieved from /home/airflow/.local/lib/python3.12/site-packages/airflow/example_dags/example_xcomargs.py
[2025-02-24T20:12:53.852+0000] {logging_mixin.py:190} INFO - [2025-02-24T20:12:53.852+0000] {dag.py:3239} INFO - Sync 2 DAGs
[2025-02-24T20:12:53.871+0000] {logging_mixin.py:190} INFO - [2025-02-24T20:12:53.870+0000] {dag.py:4180} INFO - Setting next_dagrun for example_xcom_args to None, run_after=None
[2025-02-24T20:12:53.875+0000] {logging_mixin.py:190} INFO - [2025-02-24T20:12:53.875+0000] {dag.py:4180} INFO - Setting next_dagrun for example_xcom_args_with_operators to None, run_after=None
[2025-02-24T20:12:53.894+0000] {processor.py:208} INFO - Processing /home/airflow/.local/lib/python3.12/site-packages/airflow/example_dags/example_xcomargs.py took 0.089 seconds
[2025-02-24T20:13:26.303+0000] {processor.py:186} INFO - Started process (PID=1665) to work on /home/airflow/.local/lib/python3.12/site-packages/airflow/example_dags/example_xcomargs.py
[2025-02-24T20:13:26.305+0000] {processor.py:914} INFO - Processing file /home/airflow/.local/lib/python3.12/site-packages/airflow/example_dags/example_xcomargs.py for tasks to queue
[2025-02-24T20:13:26.307+0000] {logging_mixin.py:190} INFO - [2025-02-24T20:13:26.306+0000] {dagbag.py:588} INFO - Filling up the DagBag from /home/airflow/.local/lib/python3.12/site-packages/airflow/example_dags/example_xcomargs.py
[2025-02-24T20:13:26.316+0000] {processor.py:925} INFO - DAG(s) 'example_xcom_args_with_operators', 'example_xcom_args' retrieved from /home/airflow/.local/lib/python3.12/site-packages/airflow/example_dags/example_xcomargs.py
[2025-02-24T20:13:26.341+0000] {logging_mixin.py:190} INFO - [2025-02-24T20:13:26.341+0000] {dag.py:3239} INFO - Sync 2 DAGs
[2025-02-24T20:13:26.358+0000] {logging_mixin.py:190} INFO - [2025-02-24T20:13:26.358+0000] {dag.py:4180} INFO - Setting next_dagrun for example_xcom_args to None, run_after=None
[2025-02-24T20:13:26.363+0000] {logging_mixin.py:190} INFO - [2025-02-24T20:13:26.363+0000] {dag.py:4180} INFO - Setting next_dagrun for example_xcom_args_with_operators to None, run_after=None
[2025-02-24T20:13:26.382+0000] {processor.py:208} INFO - Processing /home/airflow/.local/lib/python3.12/site-packages/airflow/example_dags/example_xcomargs.py took 0.085 seconds
[2025-02-24T20:13:57.711+0000] {processor.py:186} INFO - Started process (PID=1728) to work on /home/airflow/.local/lib/python3.12/site-packages/airflow/example_dags/example_xcomargs.py
[2025-02-24T20:13:57.712+0000] {processor.py:914} INFO - Processing file /home/airflow/.local/lib/python3.12/site-packages/airflow/example_dags/example_xcomargs.py for tasks to queue
[2025-02-24T20:13:57.714+0000] {logging_mixin.py:190} INFO - [2025-02-24T20:13:57.714+0000] {dagbag.py:588} INFO - Filling up the DagBag from /home/airflow/.local/lib/python3.12/site-packages/airflow/example_dags/example_xcomargs.py
[2025-02-24T20:13:57.724+0000] {processor.py:925} INFO - DAG(s) 'example_xcom_args', 'example_xcom_args_with_operators' retrieved from /home/airflow/.local/lib/python3.12/site-packages/airflow/example_dags/example_xcomargs.py
[2025-02-24T20:13:57.747+0000] {logging_mixin.py:190} INFO - [2025-02-24T20:13:57.747+0000] {dag.py:3239} INFO - Sync 2 DAGs
[2025-02-24T20:13:57.761+0000] {logging_mixin.py:190} INFO - [2025-02-24T20:13:57.761+0000] {dag.py:4180} INFO - Setting next_dagrun for example_xcom_args to None, run_after=None
[2025-02-24T20:13:57.765+0000] {logging_mixin.py:190} INFO - [2025-02-24T20:13:57.765+0000] {dag.py:4180} INFO - Setting next_dagrun for example_xcom_args_with_operators to None, run_after=None
[2025-02-24T20:13:57.783+0000] {processor.py:208} INFO - Processing /home/airflow/.local/lib/python3.12/site-packages/airflow/example_dags/example_xcomargs.py took 0.077 seconds
[2025-02-24T20:14:31.251+0000] {processor.py:186} INFO - Started process (PID=1792) to work on /home/airflow/.local/lib/python3.12/site-packages/airflow/example_dags/example_xcomargs.py
[2025-02-24T20:14:31.252+0000] {processor.py:914} INFO - Processing file /home/airflow/.local/lib/python3.12/site-packages/airflow/example_dags/example_xcomargs.py for tasks to queue
[2025-02-24T20:14:31.255+0000] {logging_mixin.py:190} INFO - [2025-02-24T20:14:31.255+0000] {dagbag.py:588} INFO - Filling up the DagBag from /home/airflow/.local/lib/python3.12/site-packages/airflow/example_dags/example_xcomargs.py
[2025-02-24T20:14:31.271+0000] {processor.py:925} INFO - DAG(s) 'example_xcom_args_with_operators', 'example_xcom_args' retrieved from /home/airflow/.local/lib/python3.12/site-packages/airflow/example_dags/example_xcomargs.py
[2025-02-24T20:14:31.300+0000] {logging_mixin.py:190} INFO - [2025-02-24T20:14:31.300+0000] {dag.py:3239} INFO - Sync 2 DAGs
[2025-02-24T20:14:31.321+0000] {logging_mixin.py:190} INFO - [2025-02-24T20:14:31.321+0000] {dag.py:4180} INFO - Setting next_dagrun for example_xcom_args to None, run_after=None
[2025-02-24T20:14:31.327+0000] {logging_mixin.py:190} INFO - [2025-02-24T20:14:31.326+0000] {dag.py:4180} INFO - Setting next_dagrun for example_xcom_args_with_operators to None, run_after=None
[2025-02-24T20:14:31.351+0000] {processor.py:208} INFO - Processing /home/airflow/.local/lib/python3.12/site-packages/airflow/example_dags/example_xcomargs.py took 0.110 seconds
[2025-02-24T20:15:04.113+0000] {processor.py:186} INFO - Started process (PID=1855) to work on /home/airflow/.local/lib/python3.12/site-packages/airflow/example_dags/example_xcomargs.py
[2025-02-24T20:15:04.115+0000] {processor.py:914} INFO - Processing file /home/airflow/.local/lib/python3.12/site-packages/airflow/example_dags/example_xcomargs.py for tasks to queue
[2025-02-24T20:15:04.118+0000] {logging_mixin.py:190} INFO - [2025-02-24T20:15:04.117+0000] {dagbag.py:588} INFO - Filling up the DagBag from /home/airflow/.local/lib/python3.12/site-packages/airflow/example_dags/example_xcomargs.py
[2025-02-24T20:15:04.131+0000] {processor.py:925} INFO - DAG(s) 'example_xcom_args', 'example_xcom_args_with_operators' retrieved from /home/airflow/.local/lib/python3.12/site-packages/airflow/example_dags/example_xcomargs.py
[2025-02-24T20:15:04.157+0000] {logging_mixin.py:190} INFO - [2025-02-24T20:15:04.156+0000] {dag.py:3239} INFO - Sync 2 DAGs
[2025-02-24T20:15:04.179+0000] {logging_mixin.py:190} INFO - [2025-02-24T20:15:04.178+0000] {dag.py:4180} INFO - Setting next_dagrun for example_xcom_args to None, run_after=None
[2025-02-24T20:15:04.185+0000] {logging_mixin.py:190} INFO - [2025-02-24T20:15:04.185+0000] {dag.py:4180} INFO - Setting next_dagrun for example_xcom_args_with_operators to None, run_after=None
[2025-02-24T20:15:04.220+0000] {processor.py:208} INFO - Processing /home/airflow/.local/lib/python3.12/site-packages/airflow/example_dags/example_xcomargs.py took 0.113 seconds
[2025-02-24T20:15:36.974+0000] {processor.py:186} INFO - Started process (PID=1918) to work on /home/airflow/.local/lib/python3.12/site-packages/airflow/example_dags/example_xcomargs.py
[2025-02-24T20:15:37.237+0000] {processor.py:914} INFO - Processing file /home/airflow/.local/lib/python3.12/site-packages/airflow/example_dags/example_xcomargs.py for tasks to queue
[2025-02-24T20:15:37.243+0000] {logging_mixin.py:190} INFO - [2025-02-24T20:15:37.242+0000] {dagbag.py:588} INFO - Filling up the DagBag from /home/airflow/.local/lib/python3.12/site-packages/airflow/example_dags/example_xcomargs.py
[2025-02-24T20:15:37.265+0000] {processor.py:925} INFO - DAG(s) 'example_xcom_args_with_operators', 'example_xcom_args' retrieved from /home/airflow/.local/lib/python3.12/site-packages/airflow/example_dags/example_xcomargs.py
[2025-02-24T20:15:37.309+0000] {logging_mixin.py:190} INFO - [2025-02-24T20:15:37.309+0000] {dag.py:3239} INFO - Sync 2 DAGs
[2025-02-24T20:15:37.340+0000] {logging_mixin.py:190} INFO - [2025-02-24T20:15:37.339+0000] {dag.py:4180} INFO - Setting next_dagrun for example_xcom_args to None, run_after=None
[2025-02-24T20:15:37.350+0000] {logging_mixin.py:190} INFO - [2025-02-24T20:15:37.349+0000] {dag.py:4180} INFO - Setting next_dagrun for example_xcom_args_with_operators to None, run_after=None
[2025-02-24T20:15:37.387+0000] {processor.py:208} INFO - Processing /home/airflow/.local/lib/python3.12/site-packages/airflow/example_dags/example_xcomargs.py took 0.436 seconds
[2025-02-24T20:16:09.691+0000] {processor.py:186} INFO - Started process (PID=1981) to work on /home/airflow/.local/lib/python3.12/site-packages/airflow/example_dags/example_xcomargs.py
[2025-02-24T20:16:09.693+0000] {processor.py:914} INFO - Processing file /home/airflow/.local/lib/python3.12/site-packages/airflow/example_dags/example_xcomargs.py for tasks to queue
[2025-02-24T20:16:09.699+0000] {logging_mixin.py:190} INFO - [2025-02-24T20:16:09.698+0000] {dagbag.py:588} INFO - Filling up the DagBag from /home/airflow/.local/lib/python3.12/site-packages/airflow/example_dags/example_xcomargs.py
[2025-02-24T20:16:09.735+0000] {processor.py:925} INFO - DAG(s) 'example_xcom_args', 'example_xcom_args_with_operators' retrieved from /home/airflow/.local/lib/python3.12/site-packages/airflow/example_dags/example_xcomargs.py
[2025-02-24T20:16:09.800+0000] {logging_mixin.py:190} INFO - [2025-02-24T20:16:09.800+0000] {dag.py:3239} INFO - Sync 2 DAGs
[2025-02-24T20:16:09.857+0000] {logging_mixin.py:190} INFO - [2025-02-24T20:16:09.857+0000] {dag.py:4180} INFO - Setting next_dagrun for example_xcom_args to None, run_after=None
[2025-02-24T20:16:09.868+0000] {logging_mixin.py:190} INFO - [2025-02-24T20:16:09.867+0000] {dag.py:4180} INFO - Setting next_dagrun for example_xcom_args_with_operators to None, run_after=None
[2025-02-24T20:16:09.967+0000] {processor.py:208} INFO - Processing /home/airflow/.local/lib/python3.12/site-packages/airflow/example_dags/example_xcomargs.py took 0.299 seconds
[2025-02-24T20:16:40.312+0000] {processor.py:186} INFO - Started process (PID=2045) to work on /home/airflow/.local/lib/python3.12/site-packages/airflow/example_dags/example_xcomargs.py
[2025-02-24T20:16:40.314+0000] {processor.py:914} INFO - Processing file /home/airflow/.local/lib/python3.12/site-packages/airflow/example_dags/example_xcomargs.py for tasks to queue
[2025-02-24T20:16:40.318+0000] {logging_mixin.py:190} INFO - [2025-02-24T20:16:40.318+0000] {dagbag.py:588} INFO - Filling up the DagBag from /home/airflow/.local/lib/python3.12/site-packages/airflow/example_dags/example_xcomargs.py
[2025-02-24T20:16:40.339+0000] {processor.py:925} INFO - DAG(s) 'example_xcom_args_with_operators', 'example_xcom_args' retrieved from /home/airflow/.local/lib/python3.12/site-packages/airflow/example_dags/example_xcomargs.py
[2025-02-24T20:16:40.376+0000] {logging_mixin.py:190} INFO - [2025-02-24T20:16:40.375+0000] {dag.py:3239} INFO - Sync 2 DAGs
[2025-02-24T20:16:40.402+0000] {logging_mixin.py:190} INFO - [2025-02-24T20:16:40.402+0000] {dag.py:4180} INFO - Setting next_dagrun for example_xcom_args to None, run_after=None
[2025-02-24T20:16:40.410+0000] {logging_mixin.py:190} INFO - [2025-02-24T20:16:40.409+0000] {dag.py:4180} INFO - Setting next_dagrun for example_xcom_args_with_operators to None, run_after=None
[2025-02-24T20:16:40.449+0000] {processor.py:208} INFO - Processing /home/airflow/.local/lib/python3.12/site-packages/airflow/example_dags/example_xcomargs.py took 0.148 seconds
[2025-02-24T20:17:11.641+0000] {processor.py:186} INFO - Started process (PID=2106) to work on /home/airflow/.local/lib/python3.12/site-packages/airflow/example_dags/example_xcomargs.py
[2025-02-24T20:17:11.643+0000] {processor.py:914} INFO - Processing file /home/airflow/.local/lib/python3.12/site-packages/airflow/example_dags/example_xcomargs.py for tasks to queue
[2025-02-24T20:17:11.648+0000] {logging_mixin.py:190} INFO - [2025-02-24T20:17:11.647+0000] {dagbag.py:588} INFO - Filling up the DagBag from /home/airflow/.local/lib/python3.12/site-packages/airflow/example_dags/example_xcomargs.py
[2025-02-24T20:17:11.673+0000] {processor.py:925} INFO - DAG(s) 'example_xcom_args_with_operators', 'example_xcom_args' retrieved from /home/airflow/.local/lib/python3.12/site-packages/airflow/example_dags/example_xcomargs.py
[2025-02-24T20:17:11.725+0000] {logging_mixin.py:190} INFO - [2025-02-24T20:17:11.724+0000] {dag.py:3239} INFO - Sync 2 DAGs
[2025-02-24T20:17:11.765+0000] {logging_mixin.py:190} INFO - [2025-02-24T20:17:11.764+0000] {dag.py:4180} INFO - Setting next_dagrun for example_xcom_args to None, run_after=None
[2025-02-24T20:17:11.778+0000] {logging_mixin.py:190} INFO - [2025-02-24T20:17:11.778+0000] {dag.py:4180} INFO - Setting next_dagrun for example_xcom_args_with_operators to None, run_after=None
[2025-02-24T20:17:11.852+0000] {processor.py:208} INFO - Processing /home/airflow/.local/lib/python3.12/site-packages/airflow/example_dags/example_xcomargs.py took 0.222 seconds
[2025-02-24T20:17:42.335+0000] {processor.py:186} INFO - Started process (PID=2169) to work on /home/airflow/.local/lib/python3.12/site-packages/airflow/example_dags/example_xcomargs.py
[2025-02-24T20:17:42.337+0000] {processor.py:914} INFO - Processing file /home/airflow/.local/lib/python3.12/site-packages/airflow/example_dags/example_xcomargs.py for tasks to queue
[2025-02-24T20:17:42.342+0000] {logging_mixin.py:190} INFO - [2025-02-24T20:17:42.341+0000] {dagbag.py:588} INFO - Filling up the DagBag from /home/airflow/.local/lib/python3.12/site-packages/airflow/example_dags/example_xcomargs.py
[2025-02-24T20:17:42.359+0000] {processor.py:925} INFO - DAG(s) 'example_xcom_args', 'example_xcom_args_with_operators' retrieved from /home/airflow/.local/lib/python3.12/site-packages/airflow/example_dags/example_xcomargs.py
[2025-02-24T20:17:42.403+0000] {logging_mixin.py:190} INFO - [2025-02-24T20:17:42.403+0000] {dag.py:3239} INFO - Sync 2 DAGs
[2025-02-24T20:17:42.437+0000] {logging_mixin.py:190} INFO - [2025-02-24T20:17:42.437+0000] {dag.py:4180} INFO - Setting next_dagrun for example_xcom_args to None, run_after=None
[2025-02-24T20:17:42.446+0000] {logging_mixin.py:190} INFO - [2025-02-24T20:17:42.445+0000] {dag.py:4180} INFO - Setting next_dagrun for example_xcom_args_with_operators to None, run_after=None
[2025-02-24T20:17:42.480+0000] {processor.py:208} INFO - Processing /home/airflow/.local/lib/python3.12/site-packages/airflow/example_dags/example_xcomargs.py took 0.156 seconds
[2025-02-24T20:18:13.493+0000] {processor.py:186} INFO - Started process (PID=2232) to work on /home/airflow/.local/lib/python3.12/site-packages/airflow/example_dags/example_xcomargs.py
[2025-02-24T20:18:13.494+0000] {processor.py:914} INFO - Processing file /home/airflow/.local/lib/python3.12/site-packages/airflow/example_dags/example_xcomargs.py for tasks to queue
[2025-02-24T20:18:13.498+0000] {logging_mixin.py:190} INFO - [2025-02-24T20:18:13.497+0000] {dagbag.py:588} INFO - Filling up the DagBag from /home/airflow/.local/lib/python3.12/site-packages/airflow/example_dags/example_xcomargs.py
[2025-02-24T20:18:13.514+0000] {processor.py:925} INFO - DAG(s) 'example_xcom_args_with_operators', 'example_xcom_args' retrieved from /home/airflow/.local/lib/python3.12/site-packages/airflow/example_dags/example_xcomargs.py
[2025-02-24T20:18:13.565+0000] {logging_mixin.py:190} INFO - [2025-02-24T20:18:13.565+0000] {dag.py:3239} INFO - Sync 2 DAGs
[2025-02-24T20:18:13.592+0000] {logging_mixin.py:190} INFO - [2025-02-24T20:18:13.591+0000] {dag.py:4180} INFO - Setting next_dagrun for example_xcom_args to None, run_after=None
[2025-02-24T20:18:13.600+0000] {logging_mixin.py:190} INFO - [2025-02-24T20:18:13.599+0000] {dag.py:4180} INFO - Setting next_dagrun for example_xcom_args_with_operators to None, run_after=None
[2025-02-24T20:18:13.629+0000] {processor.py:208} INFO - Processing /home/airflow/.local/lib/python3.12/site-packages/airflow/example_dags/example_xcomargs.py took 0.146 seconds
[2025-02-24T20:18:44.454+0000] {processor.py:186} INFO - Started process (PID=2295) to work on /home/airflow/.local/lib/python3.12/site-packages/airflow/example_dags/example_xcomargs.py
[2025-02-24T20:18:44.456+0000] {processor.py:914} INFO - Processing file /home/airflow/.local/lib/python3.12/site-packages/airflow/example_dags/example_xcomargs.py for tasks to queue
[2025-02-24T20:18:44.463+0000] {logging_mixin.py:190} INFO - [2025-02-24T20:18:44.462+0000] {dagbag.py:588} INFO - Filling up the DagBag from /home/airflow/.local/lib/python3.12/site-packages/airflow/example_dags/example_xcomargs.py
[2025-02-24T20:18:44.480+0000] {processor.py:925} INFO - DAG(s) 'example_xcom_args_with_operators', 'example_xcom_args' retrieved from /home/airflow/.local/lib/python3.12/site-packages/airflow/example_dags/example_xcomargs.py
[2025-02-24T20:18:44.522+0000] {logging_mixin.py:190} INFO - [2025-02-24T20:18:44.521+0000] {dag.py:3239} INFO - Sync 2 DAGs
[2025-02-24T20:18:44.548+0000] {logging_mixin.py:190} INFO - [2025-02-24T20:18:44.548+0000] {dag.py:4180} INFO - Setting next_dagrun for example_xcom_args to None, run_after=None
[2025-02-24T20:18:44.556+0000] {logging_mixin.py:190} INFO - [2025-02-24T20:18:44.555+0000] {dag.py:4180} INFO - Setting next_dagrun for example_xcom_args_with_operators to None, run_after=None
[2025-02-24T20:18:44.586+0000] {processor.py:208} INFO - Processing /home/airflow/.local/lib/python3.12/site-packages/airflow/example_dags/example_xcomargs.py took 0.143 seconds
[2025-02-24T20:19:15.460+0000] {processor.py:186} INFO - Started process (PID=2358) to work on /home/airflow/.local/lib/python3.12/site-packages/airflow/example_dags/example_xcomargs.py
[2025-02-24T20:19:15.461+0000] {processor.py:914} INFO - Processing file /home/airflow/.local/lib/python3.12/site-packages/airflow/example_dags/example_xcomargs.py for tasks to queue
[2025-02-24T20:19:15.465+0000] {logging_mixin.py:190} INFO - [2025-02-24T20:19:15.464+0000] {dagbag.py:588} INFO - Filling up the DagBag from /home/airflow/.local/lib/python3.12/site-packages/airflow/example_dags/example_xcomargs.py
[2025-02-24T20:19:15.482+0000] {processor.py:925} INFO - DAG(s) 'example_xcom_args', 'example_xcom_args_with_operators' retrieved from /home/airflow/.local/lib/python3.12/site-packages/airflow/example_dags/example_xcomargs.py
[2025-02-24T20:19:15.530+0000] {logging_mixin.py:190} INFO - [2025-02-24T20:19:15.529+0000] {dag.py:3239} INFO - Sync 2 DAGs
[2025-02-24T20:19:15.569+0000] {logging_mixin.py:190} INFO - [2025-02-24T20:19:15.569+0000] {dag.py:4180} INFO - Setting next_dagrun for example_xcom_args to None, run_after=None
[2025-02-24T20:19:15.577+0000] {logging_mixin.py:190} INFO - [2025-02-24T20:19:15.577+0000] {dag.py:4180} INFO - Setting next_dagrun for example_xcom_args_with_operators to None, run_after=None
[2025-02-24T20:19:15.618+0000] {processor.py:208} INFO - Processing /home/airflow/.local/lib/python3.12/site-packages/airflow/example_dags/example_xcomargs.py took 0.167 seconds
[2025-02-24T21:47:39.127+0000] {processor.py:186} INFO - Started process (PID=317) to work on /home/airflow/.local/lib/python3.12/site-packages/airflow/example_dags/example_xcomargs.py
[2025-02-24T21:47:39.153+0000] {processor.py:914} INFO - Processing file /home/airflow/.local/lib/python3.12/site-packages/airflow/example_dags/example_xcomargs.py for tasks to queue
[2025-02-24T21:47:39.157+0000] {logging_mixin.py:190} INFO - [2025-02-24T21:47:39.156+0000] {dagbag.py:588} INFO - Filling up the DagBag from /home/airflow/.local/lib/python3.12/site-packages/airflow/example_dags/example_xcomargs.py
[2025-02-24T21:47:39.187+0000] {processor.py:925} INFO - DAG(s) 'example_xcom_args', 'example_xcom_args_with_operators' retrieved from /home/airflow/.local/lib/python3.12/site-packages/airflow/example_dags/example_xcomargs.py
[2025-02-24T21:47:41.615+0000] {logging_mixin.py:190} INFO - [2025-02-24T21:47:41.613+0000] {override.py:1912} INFO - Created Permission View: can edit on DAG:example_xcom_args
[2025-02-24T21:47:41.702+0000] {logging_mixin.py:190} INFO - [2025-02-24T21:47:41.702+0000] {override.py:1912} INFO - Created Permission View: can read on DAG:example_xcom_args
[2025-02-24T21:47:41.748+0000] {logging_mixin.py:190} INFO - [2025-02-24T21:47:41.748+0000] {override.py:1912} INFO - Created Permission View: can delete on DAG:example_xcom_args
[2025-02-24T21:47:41.779+0000] {logging_mixin.py:190} INFO - [2025-02-24T21:47:41.778+0000] {override.py:1912} INFO - Created Permission View: can delete on DAG Run:example_xcom_args
[2025-02-24T21:47:41.805+0000] {logging_mixin.py:190} INFO - [2025-02-24T21:47:41.804+0000] {override.py:1912} INFO - Created Permission View: can read on DAG Run:example_xcom_args
[2025-02-24T21:47:41.825+0000] {logging_mixin.py:190} INFO - [2025-02-24T21:47:41.824+0000] {override.py:1912} INFO - Created Permission View: can create on DAG Run:example_xcom_args
[2025-02-24T21:47:41.843+0000] {logging_mixin.py:190} INFO - [2025-02-24T21:47:41.843+0000] {override.py:1912} INFO - Created Permission View: menu access on DAG Run:example_xcom_args
[2025-02-24T21:47:41.889+0000] {logging_mixin.py:190} INFO - [2025-02-24T21:47:41.889+0000] {override.py:1912} INFO - Created Permission View: can edit on DAG:example_xcom_args_with_operators
[2025-02-24T21:47:41.905+0000] {logging_mixin.py:190} INFO - [2025-02-24T21:47:41.904+0000] {override.py:1912} INFO - Created Permission View: can read on DAG:example_xcom_args_with_operators
[2025-02-24T21:47:41.956+0000] {logging_mixin.py:190} INFO - [2025-02-24T21:47:41.955+0000] {override.py:1912} INFO - Created Permission View: can delete on DAG:example_xcom_args_with_operators
[2025-02-24T21:47:41.968+0000] {logging_mixin.py:190} INFO - [2025-02-24T21:47:41.968+0000] {override.py:1912} INFO - Created Permission View: can delete on DAG Run:example_xcom_args_with_operators
[2025-02-24T21:47:41.980+0000] {logging_mixin.py:190} INFO - [2025-02-24T21:47:41.980+0000] {override.py:1912} INFO - Created Permission View: can read on DAG Run:example_xcom_args_with_operators
[2025-02-24T21:47:41.992+0000] {logging_mixin.py:190} INFO - [2025-02-24T21:47:41.992+0000] {override.py:1912} INFO - Created Permission View: can create on DAG Run:example_xcom_args_with_operators
[2025-02-24T21:47:42.549+0000] {logging_mixin.py:190} INFO - [2025-02-24T21:47:42.548+0000] {override.py:1912} INFO - Created Permission View: menu access on DAG Run:example_xcom_args_with_operators
[2025-02-24T21:47:42.558+0000] {logging_mixin.py:190} INFO - [2025-02-24T21:47:42.555+0000] {dag.py:3239} INFO - Sync 2 DAGs
[2025-02-24T21:47:42.647+0000] {logging_mixin.py:190} INFO - [2025-02-24T21:47:42.646+0000] {dag.py:3262} INFO - Creating ORM DAG for example_xcom_args_with_operators
[2025-02-24T21:47:42.654+0000] {logging_mixin.py:190} INFO - [2025-02-24T21:47:42.653+0000] {dag.py:3262} INFO - Creating ORM DAG for example_xcom_args
[2025-02-24T21:47:42.655+0000] {logging_mixin.py:190} INFO - [2025-02-24T21:47:42.655+0000] {dag.py:4180} INFO - Setting next_dagrun for example_xcom_args to None, run_after=None
[2025-02-24T21:47:42.664+0000] {logging_mixin.py:190} INFO - [2025-02-24T21:47:42.664+0000] {dag.py:4180} INFO - Setting next_dagrun for example_xcom_args_with_operators to None, run_after=None
[2025-02-24T21:47:43.184+0000] {processor.py:208} INFO - Processing /home/airflow/.local/lib/python3.12/site-packages/airflow/example_dags/example_xcomargs.py took 4.067 seconds
