[2025-02-24T20:00:39.361+0000] {processor.py:186} INFO - Started process (PID=90) to work on /home/airflow/.local/lib/python3.12/site-packages/airflow/example_dags/example_bash_operator.py
[2025-02-24T20:00:39.365+0000] {processor.py:914} INFO - Processing file /home/airflow/.local/lib/python3.12/site-packages/airflow/example_dags/example_bash_operator.py for tasks to queue
[2025-02-24T20:00:39.369+0000] {logging_mixin.py:190} INFO - [2025-02-24T20:00:39.368+0000] {dagbag.py:588} INFO - Filling up the DagBag from /home/airflow/.local/lib/python3.12/site-packages/airflow/example_dags/example_bash_operator.py
[2025-02-24T20:00:39.406+0000] {processor.py:925} INFO - DAG(s) 'example_bash_operator' retrieved from /home/airflow/.local/lib/python3.12/site-packages/airflow/example_dags/example_bash_operator.py
[2025-02-24T20:00:39.997+0000] {logging_mixin.py:190} INFO - [2025-02-24T20:00:39.996+0000] {override.py:1912} INFO - Created Permission View: can edit on DAG:example_bash_operator
[2025-02-24T20:00:40.018+0000] {logging_mixin.py:190} INFO - [2025-02-24T20:00:40.017+0000] {override.py:1912} INFO - Created Permission View: can delete on DAG:example_bash_operator
[2025-02-24T20:00:40.035+0000] {logging_mixin.py:190} INFO - [2025-02-24T20:00:40.034+0000] {override.py:1912} INFO - Created Permission View: can read on DAG:example_bash_operator
[2025-02-24T20:00:40.055+0000] {logging_mixin.py:190} INFO - [2025-02-24T20:00:40.055+0000] {override.py:1912} INFO - Created Permission View: can delete on DAG Run:example_bash_operator
[2025-02-24T20:00:40.079+0000] {logging_mixin.py:190} INFO - [2025-02-24T20:00:40.078+0000] {override.py:1912} INFO - Created Permission View: can create on DAG Run:example_bash_operator
[2025-02-24T20:00:40.095+0000] {logging_mixin.py:190} INFO - [2025-02-24T20:00:40.095+0000] {override.py:1912} INFO - Created Permission View: menu access on DAG Run:example_bash_operator
[2025-02-24T20:00:40.121+0000] {logging_mixin.py:190} INFO - [2025-02-24T20:00:40.120+0000] {override.py:1912} INFO - Created Permission View: can read on DAG Run:example_bash_operator
[2025-02-24T20:00:40.123+0000] {logging_mixin.py:190} INFO - [2025-02-24T20:00:40.123+0000] {dag.py:3239} INFO - Sync 1 DAGs
[2025-02-24T20:00:40.157+0000] {logging_mixin.py:190} INFO - [2025-02-24T20:00:40.156+0000] {dag.py:3262} INFO - Creating ORM DAG for example_bash_operator
[2025-02-24T20:00:40.194+0000] {logging_mixin.py:190} INFO - [2025-02-24T20:00:40.194+0000] {dag.py:4180} INFO - Setting next_dagrun for example_bash_operator to 2025-02-23 00:00:00+00:00, run_after=2025-02-24 00:00:00+00:00
[2025-02-24T20:00:40.228+0000] {processor.py:208} INFO - Processing /home/airflow/.local/lib/python3.12/site-packages/airflow/example_dags/example_bash_operator.py took 0.876 seconds
[2025-02-24T20:01:10.573+0000] {processor.py:186} INFO - Started process (PID=152) to work on /home/airflow/.local/lib/python3.12/site-packages/airflow/example_dags/example_bash_operator.py
[2025-02-24T20:01:10.578+0000] {processor.py:914} INFO - Processing file /home/airflow/.local/lib/python3.12/site-packages/airflow/example_dags/example_bash_operator.py for tasks to queue
[2025-02-24T20:01:10.583+0000] {logging_mixin.py:190} INFO - [2025-02-24T20:01:10.582+0000] {dagbag.py:588} INFO - Filling up the DagBag from /home/airflow/.local/lib/python3.12/site-packages/airflow/example_dags/example_bash_operator.py
[2025-02-24T20:01:10.613+0000] {processor.py:925} INFO - DAG(s) 'example_bash_operator' retrieved from /home/airflow/.local/lib/python3.12/site-packages/airflow/example_dags/example_bash_operator.py
[2025-02-24T20:01:10.663+0000] {logging_mixin.py:190} INFO - [2025-02-24T20:01:10.662+0000] {dag.py:3239} INFO - Sync 1 DAGs
[2025-02-24T20:01:10.696+0000] {logging_mixin.py:190} INFO - [2025-02-24T20:01:10.696+0000] {dag.py:4180} INFO - Setting next_dagrun for example_bash_operator to 2025-02-23 00:00:00+00:00, run_after=2025-02-24 00:00:00+00:00
[2025-02-24T20:01:10.718+0000] {processor.py:208} INFO - Processing /home/airflow/.local/lib/python3.12/site-packages/airflow/example_dags/example_bash_operator.py took 0.154 seconds
[2025-02-24T20:01:41.660+0000] {processor.py:186} INFO - Started process (PID=215) to work on /home/airflow/.local/lib/python3.12/site-packages/airflow/example_dags/example_bash_operator.py
[2025-02-24T20:01:41.662+0000] {processor.py:914} INFO - Processing file /home/airflow/.local/lib/python3.12/site-packages/airflow/example_dags/example_bash_operator.py for tasks to queue
[2025-02-24T20:01:41.665+0000] {logging_mixin.py:190} INFO - [2025-02-24T20:01:41.664+0000] {dagbag.py:588} INFO - Filling up the DagBag from /home/airflow/.local/lib/python3.12/site-packages/airflow/example_dags/example_bash_operator.py
[2025-02-24T20:01:41.679+0000] {processor.py:925} INFO - DAG(s) 'example_bash_operator' retrieved from /home/airflow/.local/lib/python3.12/site-packages/airflow/example_dags/example_bash_operator.py
[2025-02-24T20:01:41.707+0000] {logging_mixin.py:190} INFO - [2025-02-24T20:01:41.707+0000] {dag.py:3239} INFO - Sync 1 DAGs
[2025-02-24T20:01:41.734+0000] {logging_mixin.py:190} INFO - [2025-02-24T20:01:41.734+0000] {dag.py:4180} INFO - Setting next_dagrun for example_bash_operator to 2025-02-23 00:00:00+00:00, run_after=2025-02-24 00:00:00+00:00
[2025-02-24T20:01:41.755+0000] {processor.py:208} INFO - Processing /home/airflow/.local/lib/python3.12/site-packages/airflow/example_dags/example_bash_operator.py took 0.102 seconds
[2025-02-24T20:02:12.510+0000] {processor.py:186} INFO - Started process (PID=278) to work on /home/airflow/.local/lib/python3.12/site-packages/airflow/example_dags/example_bash_operator.py
[2025-02-24T20:02:12.512+0000] {processor.py:914} INFO - Processing file /home/airflow/.local/lib/python3.12/site-packages/airflow/example_dags/example_bash_operator.py for tasks to queue
[2025-02-24T20:02:12.514+0000] {logging_mixin.py:190} INFO - [2025-02-24T20:02:12.514+0000] {dagbag.py:588} INFO - Filling up the DagBag from /home/airflow/.local/lib/python3.12/site-packages/airflow/example_dags/example_bash_operator.py
[2025-02-24T20:02:12.529+0000] {processor.py:925} INFO - DAG(s) 'example_bash_operator' retrieved from /home/airflow/.local/lib/python3.12/site-packages/airflow/example_dags/example_bash_operator.py
[2025-02-24T20:02:12.556+0000] {logging_mixin.py:190} INFO - [2025-02-24T20:02:12.556+0000] {dag.py:3239} INFO - Sync 1 DAGs
[2025-02-24T20:02:12.586+0000] {logging_mixin.py:190} INFO - [2025-02-24T20:02:12.586+0000] {dag.py:4180} INFO - Setting next_dagrun for example_bash_operator to 2025-02-23 00:00:00+00:00, run_after=2025-02-24 00:00:00+00:00
[2025-02-24T20:02:12.607+0000] {processor.py:208} INFO - Processing /home/airflow/.local/lib/python3.12/site-packages/airflow/example_dags/example_bash_operator.py took 0.103 seconds
[2025-02-24T20:02:43.201+0000] {processor.py:186} INFO - Started process (PID=341) to work on /home/airflow/.local/lib/python3.12/site-packages/airflow/example_dags/example_bash_operator.py
[2025-02-24T20:02:43.203+0000] {processor.py:914} INFO - Processing file /home/airflow/.local/lib/python3.12/site-packages/airflow/example_dags/example_bash_operator.py for tasks to queue
[2025-02-24T20:02:43.206+0000] {logging_mixin.py:190} INFO - [2025-02-24T20:02:43.206+0000] {dagbag.py:588} INFO - Filling up the DagBag from /home/airflow/.local/lib/python3.12/site-packages/airflow/example_dags/example_bash_operator.py
[2025-02-24T20:02:43.224+0000] {processor.py:925} INFO - DAG(s) 'example_bash_operator' retrieved from /home/airflow/.local/lib/python3.12/site-packages/airflow/example_dags/example_bash_operator.py
[2025-02-24T20:02:43.275+0000] {logging_mixin.py:190} INFO - [2025-02-24T20:02:43.274+0000] {dag.py:3239} INFO - Sync 1 DAGs
[2025-02-24T20:02:43.332+0000] {logging_mixin.py:190} INFO - [2025-02-24T20:02:43.331+0000] {dag.py:4180} INFO - Setting next_dagrun for example_bash_operator to 2025-02-23 00:00:00+00:00, run_after=2025-02-24 00:00:00+00:00
[2025-02-24T20:02:43.370+0000] {processor.py:208} INFO - Processing /home/airflow/.local/lib/python3.12/site-packages/airflow/example_dags/example_bash_operator.py took 0.174 seconds
[2025-02-24T20:03:14.406+0000] {processor.py:186} INFO - Started process (PID=404) to work on /home/airflow/.local/lib/python3.12/site-packages/airflow/example_dags/example_bash_operator.py
[2025-02-24T20:03:14.407+0000] {processor.py:914} INFO - Processing file /home/airflow/.local/lib/python3.12/site-packages/airflow/example_dags/example_bash_operator.py for tasks to queue
[2025-02-24T20:03:14.410+0000] {logging_mixin.py:190} INFO - [2025-02-24T20:03:14.410+0000] {dagbag.py:588} INFO - Filling up the DagBag from /home/airflow/.local/lib/python3.12/site-packages/airflow/example_dags/example_bash_operator.py
[2025-02-24T20:03:14.424+0000] {processor.py:925} INFO - DAG(s) 'example_bash_operator' retrieved from /home/airflow/.local/lib/python3.12/site-packages/airflow/example_dags/example_bash_operator.py
[2025-02-24T20:03:14.452+0000] {logging_mixin.py:190} INFO - [2025-02-24T20:03:14.451+0000] {dag.py:3239} INFO - Sync 1 DAGs
[2025-02-24T20:03:14.478+0000] {logging_mixin.py:190} INFO - [2025-02-24T20:03:14.478+0000] {dag.py:4180} INFO - Setting next_dagrun for example_bash_operator to 2025-02-23 00:00:00+00:00, run_after=2025-02-24 00:00:00+00:00
[2025-02-24T20:03:14.504+0000] {processor.py:208} INFO - Processing /home/airflow/.local/lib/python3.12/site-packages/airflow/example_dags/example_bash_operator.py took 0.104 seconds
[2025-02-24T20:03:44.725+0000] {processor.py:186} INFO - Started process (PID=467) to work on /home/airflow/.local/lib/python3.12/site-packages/airflow/example_dags/example_bash_operator.py
[2025-02-24T20:03:44.727+0000] {processor.py:914} INFO - Processing file /home/airflow/.local/lib/python3.12/site-packages/airflow/example_dags/example_bash_operator.py for tasks to queue
[2025-02-24T20:03:44.729+0000] {logging_mixin.py:190} INFO - [2025-02-24T20:03:44.729+0000] {dagbag.py:588} INFO - Filling up the DagBag from /home/airflow/.local/lib/python3.12/site-packages/airflow/example_dags/example_bash_operator.py
[2025-02-24T20:03:44.743+0000] {processor.py:925} INFO - DAG(s) 'example_bash_operator' retrieved from /home/airflow/.local/lib/python3.12/site-packages/airflow/example_dags/example_bash_operator.py
[2025-02-24T20:03:44.769+0000] {logging_mixin.py:190} INFO - [2025-02-24T20:03:44.769+0000] {dag.py:3239} INFO - Sync 1 DAGs
[2025-02-24T20:03:44.793+0000] {logging_mixin.py:190} INFO - [2025-02-24T20:03:44.793+0000] {dag.py:4180} INFO - Setting next_dagrun for example_bash_operator to 2025-02-23 00:00:00+00:00, run_after=2025-02-24 00:00:00+00:00
[2025-02-24T20:03:44.834+0000] {processor.py:208} INFO - Processing /home/airflow/.local/lib/python3.12/site-packages/airflow/example_dags/example_bash_operator.py took 0.114 seconds
[2025-02-24T20:04:15.118+0000] {processor.py:186} INFO - Started process (PID=530) to work on /home/airflow/.local/lib/python3.12/site-packages/airflow/example_dags/example_bash_operator.py
[2025-02-24T20:04:15.120+0000] {processor.py:914} INFO - Processing file /home/airflow/.local/lib/python3.12/site-packages/airflow/example_dags/example_bash_operator.py for tasks to queue
[2025-02-24T20:04:15.122+0000] {logging_mixin.py:190} INFO - [2025-02-24T20:04:15.122+0000] {dagbag.py:588} INFO - Filling up the DagBag from /home/airflow/.local/lib/python3.12/site-packages/airflow/example_dags/example_bash_operator.py
[2025-02-24T20:04:15.138+0000] {processor.py:925} INFO - DAG(s) 'example_bash_operator' retrieved from /home/airflow/.local/lib/python3.12/site-packages/airflow/example_dags/example_bash_operator.py
[2025-02-24T20:04:15.167+0000] {logging_mixin.py:190} INFO - [2025-02-24T20:04:15.166+0000] {dag.py:3239} INFO - Sync 1 DAGs
[2025-02-24T20:04:15.194+0000] {logging_mixin.py:190} INFO - [2025-02-24T20:04:15.194+0000] {dag.py:4180} INFO - Setting next_dagrun for example_bash_operator to 2025-02-23 00:00:00+00:00, run_after=2025-02-24 00:00:00+00:00
[2025-02-24T20:04:15.224+0000] {processor.py:208} INFO - Processing /home/airflow/.local/lib/python3.12/site-packages/airflow/example_dags/example_bash_operator.py took 0.114 seconds
[2025-02-24T20:04:45.430+0000] {processor.py:186} INFO - Started process (PID=593) to work on /home/airflow/.local/lib/python3.12/site-packages/airflow/example_dags/example_bash_operator.py
[2025-02-24T20:04:45.431+0000] {processor.py:914} INFO - Processing file /home/airflow/.local/lib/python3.12/site-packages/airflow/example_dags/example_bash_operator.py for tasks to queue
[2025-02-24T20:04:45.435+0000] {logging_mixin.py:190} INFO - [2025-02-24T20:04:45.434+0000] {dagbag.py:588} INFO - Filling up the DagBag from /home/airflow/.local/lib/python3.12/site-packages/airflow/example_dags/example_bash_operator.py
[2025-02-24T20:04:45.449+0000] {processor.py:925} INFO - DAG(s) 'example_bash_operator' retrieved from /home/airflow/.local/lib/python3.12/site-packages/airflow/example_dags/example_bash_operator.py
[2025-02-24T20:04:45.476+0000] {logging_mixin.py:190} INFO - [2025-02-24T20:04:45.476+0000] {dag.py:3239} INFO - Sync 1 DAGs
[2025-02-24T20:04:45.501+0000] {logging_mixin.py:190} INFO - [2025-02-24T20:04:45.501+0000] {dag.py:4180} INFO - Setting next_dagrun for example_bash_operator to 2025-02-23 00:00:00+00:00, run_after=2025-02-24 00:00:00+00:00
[2025-02-24T20:04:45.525+0000] {processor.py:208} INFO - Processing /home/airflow/.local/lib/python3.12/site-packages/airflow/example_dags/example_bash_operator.py took 0.101 seconds
[2025-02-24T20:05:15.813+0000] {processor.py:186} INFO - Started process (PID=656) to work on /home/airflow/.local/lib/python3.12/site-packages/airflow/example_dags/example_bash_operator.py
[2025-02-24T20:05:15.814+0000] {processor.py:914} INFO - Processing file /home/airflow/.local/lib/python3.12/site-packages/airflow/example_dags/example_bash_operator.py for tasks to queue
[2025-02-24T20:05:15.817+0000] {logging_mixin.py:190} INFO - [2025-02-24T20:05:15.816+0000] {dagbag.py:588} INFO - Filling up the DagBag from /home/airflow/.local/lib/python3.12/site-packages/airflow/example_dags/example_bash_operator.py
[2025-02-24T20:05:15.830+0000] {processor.py:925} INFO - DAG(s) 'example_bash_operator' retrieved from /home/airflow/.local/lib/python3.12/site-packages/airflow/example_dags/example_bash_operator.py
[2025-02-24T20:05:15.858+0000] {logging_mixin.py:190} INFO - [2025-02-24T20:05:15.857+0000] {dag.py:3239} INFO - Sync 1 DAGs
[2025-02-24T20:05:15.890+0000] {logging_mixin.py:190} INFO - [2025-02-24T20:05:15.890+0000] {dag.py:4180} INFO - Setting next_dagrun for example_bash_operator to 2025-02-23 00:00:00+00:00, run_after=2025-02-24 00:00:00+00:00
[2025-02-24T20:05:15.913+0000] {processor.py:208} INFO - Processing /home/airflow/.local/lib/python3.12/site-packages/airflow/example_dags/example_bash_operator.py took 0.106 seconds
[2025-02-24T20:05:46.715+0000] {processor.py:186} INFO - Started process (PID=718) to work on /home/airflow/.local/lib/python3.12/site-packages/airflow/example_dags/example_bash_operator.py
[2025-02-24T20:05:46.716+0000] {processor.py:914} INFO - Processing file /home/airflow/.local/lib/python3.12/site-packages/airflow/example_dags/example_bash_operator.py for tasks to queue
[2025-02-24T20:05:46.719+0000] {logging_mixin.py:190} INFO - [2025-02-24T20:05:46.719+0000] {dagbag.py:588} INFO - Filling up the DagBag from /home/airflow/.local/lib/python3.12/site-packages/airflow/example_dags/example_bash_operator.py
[2025-02-24T20:05:46.734+0000] {processor.py:925} INFO - DAG(s) 'example_bash_operator' retrieved from /home/airflow/.local/lib/python3.12/site-packages/airflow/example_dags/example_bash_operator.py
[2025-02-24T20:05:46.762+0000] {logging_mixin.py:190} INFO - [2025-02-24T20:05:46.762+0000] {dag.py:3239} INFO - Sync 1 DAGs
[2025-02-24T20:05:46.793+0000] {logging_mixin.py:190} INFO - [2025-02-24T20:05:46.793+0000] {dag.py:4180} INFO - Setting next_dagrun for example_bash_operator to 2025-02-23 00:00:00+00:00, run_after=2025-02-24 00:00:00+00:00
[2025-02-24T20:05:46.813+0000] {processor.py:208} INFO - Processing /home/airflow/.local/lib/python3.12/site-packages/airflow/example_dags/example_bash_operator.py took 0.104 seconds
[2025-02-24T20:06:16.982+0000] {processor.py:186} INFO - Started process (PID=781) to work on /home/airflow/.local/lib/python3.12/site-packages/airflow/example_dags/example_bash_operator.py
[2025-02-24T20:06:16.984+0000] {processor.py:914} INFO - Processing file /home/airflow/.local/lib/python3.12/site-packages/airflow/example_dags/example_bash_operator.py for tasks to queue
[2025-02-24T20:06:16.987+0000] {logging_mixin.py:190} INFO - [2025-02-24T20:06:16.987+0000] {dagbag.py:588} INFO - Filling up the DagBag from /home/airflow/.local/lib/python3.12/site-packages/airflow/example_dags/example_bash_operator.py
[2025-02-24T20:06:17.001+0000] {processor.py:925} INFO - DAG(s) 'example_bash_operator' retrieved from /home/airflow/.local/lib/python3.12/site-packages/airflow/example_dags/example_bash_operator.py
[2025-02-24T20:06:17.034+0000] {logging_mixin.py:190} INFO - [2025-02-24T20:06:17.033+0000] {dag.py:3239} INFO - Sync 1 DAGs
[2025-02-24T20:06:17.071+0000] {logging_mixin.py:190} INFO - [2025-02-24T20:06:17.071+0000] {dag.py:4180} INFO - Setting next_dagrun for example_bash_operator to 2025-02-23 00:00:00+00:00, run_after=2025-02-24 00:00:00+00:00
[2025-02-24T20:06:17.103+0000] {processor.py:208} INFO - Processing /home/airflow/.local/lib/python3.12/site-packages/airflow/example_dags/example_bash_operator.py took 0.126 seconds
[2025-02-24T20:06:47.157+0000] {processor.py:186} INFO - Started process (PID=844) to work on /home/airflow/.local/lib/python3.12/site-packages/airflow/example_dags/example_bash_operator.py
[2025-02-24T20:06:47.159+0000] {processor.py:914} INFO - Processing file /home/airflow/.local/lib/python3.12/site-packages/airflow/example_dags/example_bash_operator.py for tasks to queue
[2025-02-24T20:06:47.162+0000] {logging_mixin.py:190} INFO - [2025-02-24T20:06:47.161+0000] {dagbag.py:588} INFO - Filling up the DagBag from /home/airflow/.local/lib/python3.12/site-packages/airflow/example_dags/example_bash_operator.py
[2025-02-24T20:06:47.175+0000] {processor.py:925} INFO - DAG(s) 'example_bash_operator' retrieved from /home/airflow/.local/lib/python3.12/site-packages/airflow/example_dags/example_bash_operator.py
[2025-02-24T20:06:47.214+0000] {logging_mixin.py:190} INFO - [2025-02-24T20:06:47.214+0000] {dag.py:3239} INFO - Sync 1 DAGs
[2025-02-24T20:06:47.238+0000] {logging_mixin.py:190} INFO - [2025-02-24T20:06:47.238+0000] {dag.py:4180} INFO - Setting next_dagrun for example_bash_operator to 2025-02-23 00:00:00+00:00, run_after=2025-02-24 00:00:00+00:00
[2025-02-24T20:06:47.259+0000] {processor.py:208} INFO - Processing /home/airflow/.local/lib/python3.12/site-packages/airflow/example_dags/example_bash_operator.py took 0.108 seconds
[2025-02-24T20:07:17.432+0000] {processor.py:186} INFO - Started process (PID=907) to work on /home/airflow/.local/lib/python3.12/site-packages/airflow/example_dags/example_bash_operator.py
[2025-02-24T20:07:17.433+0000] {processor.py:914} INFO - Processing file /home/airflow/.local/lib/python3.12/site-packages/airflow/example_dags/example_bash_operator.py for tasks to queue
[2025-02-24T20:07:17.436+0000] {logging_mixin.py:190} INFO - [2025-02-24T20:07:17.436+0000] {dagbag.py:588} INFO - Filling up the DagBag from /home/airflow/.local/lib/python3.12/site-packages/airflow/example_dags/example_bash_operator.py
[2025-02-24T20:07:17.450+0000] {processor.py:925} INFO - DAG(s) 'example_bash_operator' retrieved from /home/airflow/.local/lib/python3.12/site-packages/airflow/example_dags/example_bash_operator.py
[2025-02-24T20:07:17.479+0000] {logging_mixin.py:190} INFO - [2025-02-24T20:07:17.478+0000] {dag.py:3239} INFO - Sync 1 DAGs
[2025-02-24T20:07:17.508+0000] {logging_mixin.py:190} INFO - [2025-02-24T20:07:17.508+0000] {dag.py:4180} INFO - Setting next_dagrun for example_bash_operator to 2025-02-23 00:00:00+00:00, run_after=2025-02-24 00:00:00+00:00
[2025-02-24T20:07:17.534+0000] {processor.py:208} INFO - Processing /home/airflow/.local/lib/python3.12/site-packages/airflow/example_dags/example_bash_operator.py took 0.108 seconds
[2025-02-24T20:07:47.778+0000] {processor.py:186} INFO - Started process (PID=970) to work on /home/airflow/.local/lib/python3.12/site-packages/airflow/example_dags/example_bash_operator.py
[2025-02-24T20:07:47.779+0000] {processor.py:914} INFO - Processing file /home/airflow/.local/lib/python3.12/site-packages/airflow/example_dags/example_bash_operator.py for tasks to queue
[2025-02-24T20:07:47.782+0000] {logging_mixin.py:190} INFO - [2025-02-24T20:07:47.782+0000] {dagbag.py:588} INFO - Filling up the DagBag from /home/airflow/.local/lib/python3.12/site-packages/airflow/example_dags/example_bash_operator.py
[2025-02-24T20:07:47.796+0000] {processor.py:925} INFO - DAG(s) 'example_bash_operator' retrieved from /home/airflow/.local/lib/python3.12/site-packages/airflow/example_dags/example_bash_operator.py
[2025-02-24T20:07:47.825+0000] {logging_mixin.py:190} INFO - [2025-02-24T20:07:47.825+0000] {dag.py:3239} INFO - Sync 1 DAGs
[2025-02-24T20:07:47.854+0000] {logging_mixin.py:190} INFO - [2025-02-24T20:07:47.854+0000] {dag.py:4180} INFO - Setting next_dagrun for example_bash_operator to 2025-02-23 00:00:00+00:00, run_after=2025-02-24 00:00:00+00:00
[2025-02-24T20:07:47.876+0000] {processor.py:208} INFO - Processing /home/airflow/.local/lib/python3.12/site-packages/airflow/example_dags/example_bash_operator.py took 0.103 seconds
[2025-02-24T20:08:18.184+0000] {processor.py:186} INFO - Started process (PID=1033) to work on /home/airflow/.local/lib/python3.12/site-packages/airflow/example_dags/example_bash_operator.py
[2025-02-24T20:08:18.185+0000] {processor.py:914} INFO - Processing file /home/airflow/.local/lib/python3.12/site-packages/airflow/example_dags/example_bash_operator.py for tasks to queue
[2025-02-24T20:08:18.188+0000] {logging_mixin.py:190} INFO - [2025-02-24T20:08:18.187+0000] {dagbag.py:588} INFO - Filling up the DagBag from /home/airflow/.local/lib/python3.12/site-packages/airflow/example_dags/example_bash_operator.py
[2025-02-24T20:08:18.202+0000] {processor.py:925} INFO - DAG(s) 'example_bash_operator' retrieved from /home/airflow/.local/lib/python3.12/site-packages/airflow/example_dags/example_bash_operator.py
[2025-02-24T20:08:18.234+0000] {logging_mixin.py:190} INFO - [2025-02-24T20:08:18.234+0000] {dag.py:3239} INFO - Sync 1 DAGs
[2025-02-24T20:08:18.261+0000] {logging_mixin.py:190} INFO - [2025-02-24T20:08:18.261+0000] {dag.py:4180} INFO - Setting next_dagrun for example_bash_operator to 2025-02-23 00:00:00+00:00, run_after=2025-02-24 00:00:00+00:00
[2025-02-24T20:08:18.297+0000] {processor.py:208} INFO - Processing /home/airflow/.local/lib/python3.12/site-packages/airflow/example_dags/example_bash_operator.py took 0.119 seconds
[2025-02-24T20:08:48.575+0000] {processor.py:186} INFO - Started process (PID=1096) to work on /home/airflow/.local/lib/python3.12/site-packages/airflow/example_dags/example_bash_operator.py
[2025-02-24T20:08:48.577+0000] {processor.py:914} INFO - Processing file /home/airflow/.local/lib/python3.12/site-packages/airflow/example_dags/example_bash_operator.py for tasks to queue
[2025-02-24T20:08:48.579+0000] {logging_mixin.py:190} INFO - [2025-02-24T20:08:48.579+0000] {dagbag.py:588} INFO - Filling up the DagBag from /home/airflow/.local/lib/python3.12/site-packages/airflow/example_dags/example_bash_operator.py
[2025-02-24T20:08:48.598+0000] {processor.py:925} INFO - DAG(s) 'example_bash_operator' retrieved from /home/airflow/.local/lib/python3.12/site-packages/airflow/example_dags/example_bash_operator.py
[2025-02-24T20:08:48.638+0000] {logging_mixin.py:190} INFO - [2025-02-24T20:08:48.637+0000] {dag.py:3239} INFO - Sync 1 DAGs
[2025-02-24T20:08:48.667+0000] {logging_mixin.py:190} INFO - [2025-02-24T20:08:48.667+0000] {dag.py:4180} INFO - Setting next_dagrun for example_bash_operator to 2025-02-23 00:00:00+00:00, run_after=2025-02-24 00:00:00+00:00
[2025-02-24T20:08:48.699+0000] {processor.py:208} INFO - Processing /home/airflow/.local/lib/python3.12/site-packages/airflow/example_dags/example_bash_operator.py took 0.133 seconds
[2025-02-24T20:09:18.812+0000] {processor.py:186} INFO - Started process (PID=1158) to work on /home/airflow/.local/lib/python3.12/site-packages/airflow/example_dags/example_bash_operator.py
[2025-02-24T20:09:18.813+0000] {processor.py:914} INFO - Processing file /home/airflow/.local/lib/python3.12/site-packages/airflow/example_dags/example_bash_operator.py for tasks to queue
[2025-02-24T20:09:18.815+0000] {logging_mixin.py:190} INFO - [2025-02-24T20:09:18.815+0000] {dagbag.py:588} INFO - Filling up the DagBag from /home/airflow/.local/lib/python3.12/site-packages/airflow/example_dags/example_bash_operator.py
[2025-02-24T20:09:18.828+0000] {processor.py:925} INFO - DAG(s) 'example_bash_operator' retrieved from /home/airflow/.local/lib/python3.12/site-packages/airflow/example_dags/example_bash_operator.py
[2025-02-24T20:09:18.855+0000] {logging_mixin.py:190} INFO - [2025-02-24T20:09:18.855+0000] {dag.py:3239} INFO - Sync 1 DAGs
[2025-02-24T20:09:18.880+0000] {logging_mixin.py:190} INFO - [2025-02-24T20:09:18.879+0000] {dag.py:4180} INFO - Setting next_dagrun for example_bash_operator to 2025-02-23 00:00:00+00:00, run_after=2025-02-24 00:00:00+00:00
[2025-02-24T20:09:18.909+0000] {processor.py:208} INFO - Processing /home/airflow/.local/lib/python3.12/site-packages/airflow/example_dags/example_bash_operator.py took 0.103 seconds
[2025-02-24T20:09:49.268+0000] {processor.py:186} INFO - Started process (PID=1222) to work on /home/airflow/.local/lib/python3.12/site-packages/airflow/example_dags/example_bash_operator.py
[2025-02-24T20:09:49.269+0000] {processor.py:914} INFO - Processing file /home/airflow/.local/lib/python3.12/site-packages/airflow/example_dags/example_bash_operator.py for tasks to queue
[2025-02-24T20:09:49.272+0000] {logging_mixin.py:190} INFO - [2025-02-24T20:09:49.272+0000] {dagbag.py:588} INFO - Filling up the DagBag from /home/airflow/.local/lib/python3.12/site-packages/airflow/example_dags/example_bash_operator.py
[2025-02-24T20:09:49.287+0000] {processor.py:925} INFO - DAG(s) 'example_bash_operator' retrieved from /home/airflow/.local/lib/python3.12/site-packages/airflow/example_dags/example_bash_operator.py
[2025-02-24T20:09:49.314+0000] {logging_mixin.py:190} INFO - [2025-02-24T20:09:49.314+0000] {dag.py:3239} INFO - Sync 1 DAGs
[2025-02-24T20:09:49.340+0000] {logging_mixin.py:190} INFO - [2025-02-24T20:09:49.340+0000] {dag.py:4180} INFO - Setting next_dagrun for example_bash_operator to 2025-02-23 00:00:00+00:00, run_after=2025-02-24 00:00:00+00:00
[2025-02-24T20:09:49.371+0000] {processor.py:208} INFO - Processing /home/airflow/.local/lib/python3.12/site-packages/airflow/example_dags/example_bash_operator.py took 0.109 seconds
[2025-02-24T20:10:19.715+0000] {processor.py:186} INFO - Started process (PID=1285) to work on /home/airflow/.local/lib/python3.12/site-packages/airflow/example_dags/example_bash_operator.py
[2025-02-24T20:10:19.716+0000] {processor.py:914} INFO - Processing file /home/airflow/.local/lib/python3.12/site-packages/airflow/example_dags/example_bash_operator.py for tasks to queue
[2025-02-24T20:10:19.719+0000] {logging_mixin.py:190} INFO - [2025-02-24T20:10:19.718+0000] {dagbag.py:588} INFO - Filling up the DagBag from /home/airflow/.local/lib/python3.12/site-packages/airflow/example_dags/example_bash_operator.py
[2025-02-24T20:10:19.732+0000] {processor.py:925} INFO - DAG(s) 'example_bash_operator' retrieved from /home/airflow/.local/lib/python3.12/site-packages/airflow/example_dags/example_bash_operator.py
[2025-02-24T20:10:19.760+0000] {logging_mixin.py:190} INFO - [2025-02-24T20:10:19.759+0000] {dag.py:3239} INFO - Sync 1 DAGs
[2025-02-24T20:10:19.785+0000] {logging_mixin.py:190} INFO - [2025-02-24T20:10:19.784+0000] {dag.py:4180} INFO - Setting next_dagrun for example_bash_operator to 2025-02-23 00:00:00+00:00, run_after=2025-02-24 00:00:00+00:00
[2025-02-24T20:10:19.815+0000] {processor.py:208} INFO - Processing /home/airflow/.local/lib/python3.12/site-packages/airflow/example_dags/example_bash_operator.py took 0.106 seconds
[2025-02-24T20:10:50.029+0000] {processor.py:186} INFO - Started process (PID=1347) to work on /home/airflow/.local/lib/python3.12/site-packages/airflow/example_dags/example_bash_operator.py
[2025-02-24T20:10:50.030+0000] {processor.py:914} INFO - Processing file /home/airflow/.local/lib/python3.12/site-packages/airflow/example_dags/example_bash_operator.py for tasks to queue
[2025-02-24T20:10:50.032+0000] {logging_mixin.py:190} INFO - [2025-02-24T20:10:50.032+0000] {dagbag.py:588} INFO - Filling up the DagBag from /home/airflow/.local/lib/python3.12/site-packages/airflow/example_dags/example_bash_operator.py
[2025-02-24T20:10:50.045+0000] {processor.py:925} INFO - DAG(s) 'example_bash_operator' retrieved from /home/airflow/.local/lib/python3.12/site-packages/airflow/example_dags/example_bash_operator.py
[2025-02-24T20:10:50.073+0000] {logging_mixin.py:190} INFO - [2025-02-24T20:10:50.072+0000] {dag.py:3239} INFO - Sync 1 DAGs
[2025-02-24T20:10:50.097+0000] {logging_mixin.py:190} INFO - [2025-02-24T20:10:50.097+0000] {dag.py:4180} INFO - Setting next_dagrun for example_bash_operator to 2025-02-23 00:00:00+00:00, run_after=2025-02-24 00:00:00+00:00
[2025-02-24T20:10:50.129+0000] {processor.py:208} INFO - Processing /home/airflow/.local/lib/python3.12/site-packages/airflow/example_dags/example_bash_operator.py took 0.105 seconds
[2025-02-24T20:11:20.625+0000] {processor.py:186} INFO - Started process (PID=1410) to work on /home/airflow/.local/lib/python3.12/site-packages/airflow/example_dags/example_bash_operator.py
[2025-02-24T20:11:20.626+0000] {processor.py:914} INFO - Processing file /home/airflow/.local/lib/python3.12/site-packages/airflow/example_dags/example_bash_operator.py for tasks to queue
[2025-02-24T20:11:20.629+0000] {logging_mixin.py:190} INFO - [2025-02-24T20:11:20.628+0000] {dagbag.py:588} INFO - Filling up the DagBag from /home/airflow/.local/lib/python3.12/site-packages/airflow/example_dags/example_bash_operator.py
[2025-02-24T20:11:20.651+0000] {processor.py:925} INFO - DAG(s) 'example_bash_operator' retrieved from /home/airflow/.local/lib/python3.12/site-packages/airflow/example_dags/example_bash_operator.py
[2025-02-24T20:11:20.680+0000] {logging_mixin.py:190} INFO - [2025-02-24T20:11:20.679+0000] {dag.py:3239} INFO - Sync 1 DAGs
[2025-02-24T20:11:20.705+0000] {logging_mixin.py:190} INFO - [2025-02-24T20:11:20.705+0000] {dag.py:4180} INFO - Setting next_dagrun for example_bash_operator to 2025-02-23 00:00:00+00:00, run_after=2025-02-24 00:00:00+00:00
[2025-02-24T20:11:20.725+0000] {processor.py:208} INFO - Processing /home/airflow/.local/lib/python3.12/site-packages/airflow/example_dags/example_bash_operator.py took 0.107 seconds
[2025-02-24T20:11:51.885+0000] {processor.py:186} INFO - Started process (PID=1479) to work on /home/airflow/.local/lib/python3.12/site-packages/airflow/example_dags/example_bash_operator.py
[2025-02-24T20:11:51.887+0000] {processor.py:914} INFO - Processing file /home/airflow/.local/lib/python3.12/site-packages/airflow/example_dags/example_bash_operator.py for tasks to queue
[2025-02-24T20:11:51.891+0000] {logging_mixin.py:190} INFO - [2025-02-24T20:11:51.890+0000] {dagbag.py:588} INFO - Filling up the DagBag from /home/airflow/.local/lib/python3.12/site-packages/airflow/example_dags/example_bash_operator.py
[2025-02-24T20:11:51.907+0000] {processor.py:925} INFO - DAG(s) 'example_bash_operator' retrieved from /home/airflow/.local/lib/python3.12/site-packages/airflow/example_dags/example_bash_operator.py
[2025-02-24T20:11:51.934+0000] {logging_mixin.py:190} INFO - [2025-02-24T20:11:51.933+0000] {dag.py:3239} INFO - Sync 1 DAGs
[2025-02-24T20:11:51.959+0000] {logging_mixin.py:190} INFO - [2025-02-24T20:11:51.958+0000] {dag.py:4180} INFO - Setting next_dagrun for example_bash_operator to 2025-02-23 00:00:00+00:00, run_after=2025-02-24 00:00:00+00:00
[2025-02-24T20:11:51.987+0000] {processor.py:208} INFO - Processing /home/airflow/.local/lib/python3.12/site-packages/airflow/example_dags/example_bash_operator.py took 0.109 seconds
[2025-02-24T20:12:22.021+0000] {processor.py:186} INFO - Started process (PID=1541) to work on /home/airflow/.local/lib/python3.12/site-packages/airflow/example_dags/example_bash_operator.py
[2025-02-24T20:12:22.023+0000] {processor.py:914} INFO - Processing file /home/airflow/.local/lib/python3.12/site-packages/airflow/example_dags/example_bash_operator.py for tasks to queue
[2025-02-24T20:12:22.026+0000] {logging_mixin.py:190} INFO - [2025-02-24T20:12:22.025+0000] {dagbag.py:588} INFO - Filling up the DagBag from /home/airflow/.local/lib/python3.12/site-packages/airflow/example_dags/example_bash_operator.py
[2025-02-24T20:12:22.041+0000] {processor.py:925} INFO - DAG(s) 'example_bash_operator' retrieved from /home/airflow/.local/lib/python3.12/site-packages/airflow/example_dags/example_bash_operator.py
[2025-02-24T20:12:22.073+0000] {logging_mixin.py:190} INFO - [2025-02-24T20:12:22.073+0000] {dag.py:3239} INFO - Sync 1 DAGs
[2025-02-24T20:12:22.100+0000] {logging_mixin.py:190} INFO - [2025-02-24T20:12:22.100+0000] {dag.py:4180} INFO - Setting next_dagrun for example_bash_operator to 2025-02-23 00:00:00+00:00, run_after=2025-02-24 00:00:00+00:00
[2025-02-24T20:12:22.140+0000] {processor.py:208} INFO - Processing /home/airflow/.local/lib/python3.12/site-packages/airflow/example_dags/example_bash_operator.py took 0.126 seconds
[2025-02-24T20:12:53.436+0000] {processor.py:186} INFO - Started process (PID=1596) to work on /home/airflow/.local/lib/python3.12/site-packages/airflow/example_dags/example_bash_operator.py
[2025-02-24T20:12:53.437+0000] {processor.py:914} INFO - Processing file /home/airflow/.local/lib/python3.12/site-packages/airflow/example_dags/example_bash_operator.py for tasks to queue
[2025-02-24T20:12:53.440+0000] {logging_mixin.py:190} INFO - [2025-02-24T20:12:53.439+0000] {dagbag.py:588} INFO - Filling up the DagBag from /home/airflow/.local/lib/python3.12/site-packages/airflow/example_dags/example_bash_operator.py
[2025-02-24T20:12:53.454+0000] {processor.py:925} INFO - DAG(s) 'example_bash_operator' retrieved from /home/airflow/.local/lib/python3.12/site-packages/airflow/example_dags/example_bash_operator.py
[2025-02-24T20:12:53.480+0000] {logging_mixin.py:190} INFO - [2025-02-24T20:12:53.480+0000] {dag.py:3239} INFO - Sync 1 DAGs
[2025-02-24T20:12:53.505+0000] {logging_mixin.py:190} INFO - [2025-02-24T20:12:53.505+0000] {dag.py:4180} INFO - Setting next_dagrun for example_bash_operator to 2025-02-23 00:00:00+00:00, run_after=2025-02-24 00:00:00+00:00
[2025-02-24T20:12:53.525+0000] {processor.py:208} INFO - Processing /home/airflow/.local/lib/python3.12/site-packages/airflow/example_dags/example_bash_operator.py took 0.094 seconds
[2025-02-24T20:13:24.291+0000] {processor.py:186} INFO - Started process (PID=1641) to work on /home/airflow/.local/lib/python3.12/site-packages/airflow/example_dags/example_bash_operator.py
[2025-02-24T20:13:24.293+0000] {processor.py:914} INFO - Processing file /home/airflow/.local/lib/python3.12/site-packages/airflow/example_dags/example_bash_operator.py for tasks to queue
[2025-02-24T20:13:24.295+0000] {logging_mixin.py:190} INFO - [2025-02-24T20:13:24.295+0000] {dagbag.py:588} INFO - Filling up the DagBag from /home/airflow/.local/lib/python3.12/site-packages/airflow/example_dags/example_bash_operator.py
[2025-02-24T20:13:24.309+0000] {processor.py:925} INFO - DAG(s) 'example_bash_operator' retrieved from /home/airflow/.local/lib/python3.12/site-packages/airflow/example_dags/example_bash_operator.py
[2025-02-24T20:13:24.336+0000] {logging_mixin.py:190} INFO - [2025-02-24T20:13:24.335+0000] {dag.py:3239} INFO - Sync 1 DAGs
[2025-02-24T20:13:24.364+0000] {logging_mixin.py:190} INFO - [2025-02-24T20:13:24.364+0000] {dag.py:4180} INFO - Setting next_dagrun for example_bash_operator to 2025-02-23 00:00:00+00:00, run_after=2025-02-24 00:00:00+00:00
[2025-02-24T20:13:24.394+0000] {processor.py:208} INFO - Processing /home/airflow/.local/lib/python3.12/site-packages/airflow/example_dags/example_bash_operator.py took 0.109 seconds
[2025-02-24T20:13:55.437+0000] {processor.py:186} INFO - Started process (PID=1704) to work on /home/airflow/.local/lib/python3.12/site-packages/airflow/example_dags/example_bash_operator.py
[2025-02-24T20:13:55.438+0000] {processor.py:914} INFO - Processing file /home/airflow/.local/lib/python3.12/site-packages/airflow/example_dags/example_bash_operator.py for tasks to queue
[2025-02-24T20:13:55.441+0000] {logging_mixin.py:190} INFO - [2025-02-24T20:13:55.441+0000] {dagbag.py:588} INFO - Filling up the DagBag from /home/airflow/.local/lib/python3.12/site-packages/airflow/example_dags/example_bash_operator.py
[2025-02-24T20:13:55.454+0000] {processor.py:925} INFO - DAG(s) 'example_bash_operator' retrieved from /home/airflow/.local/lib/python3.12/site-packages/airflow/example_dags/example_bash_operator.py
[2025-02-24T20:13:55.484+0000] {logging_mixin.py:190} INFO - [2025-02-24T20:13:55.483+0000] {dag.py:3239} INFO - Sync 1 DAGs
[2025-02-24T20:13:55.510+0000] {logging_mixin.py:190} INFO - [2025-02-24T20:13:55.510+0000] {dag.py:4180} INFO - Setting next_dagrun for example_bash_operator to 2025-02-23 00:00:00+00:00, run_after=2025-02-24 00:00:00+00:00
[2025-02-24T20:13:55.530+0000] {processor.py:208} INFO - Processing /home/airflow/.local/lib/python3.12/site-packages/airflow/example_dags/example_bash_operator.py took 0.099 seconds
[2025-02-24T20:14:27.630+0000] {processor.py:186} INFO - Started process (PID=1766) to work on /home/airflow/.local/lib/python3.12/site-packages/airflow/example_dags/example_bash_operator.py
[2025-02-24T20:14:27.632+0000] {processor.py:914} INFO - Processing file /home/airflow/.local/lib/python3.12/site-packages/airflow/example_dags/example_bash_operator.py for tasks to queue
[2025-02-24T20:14:27.635+0000] {logging_mixin.py:190} INFO - [2025-02-24T20:14:27.634+0000] {dagbag.py:588} INFO - Filling up the DagBag from /home/airflow/.local/lib/python3.12/site-packages/airflow/example_dags/example_bash_operator.py
[2025-02-24T20:14:27.651+0000] {processor.py:925} INFO - DAG(s) 'example_bash_operator' retrieved from /home/airflow/.local/lib/python3.12/site-packages/airflow/example_dags/example_bash_operator.py
[2025-02-24T20:14:27.684+0000] {logging_mixin.py:190} INFO - [2025-02-24T20:14:27.683+0000] {dag.py:3239} INFO - Sync 1 DAGs
[2025-02-24T20:14:27.717+0000] {logging_mixin.py:190} INFO - [2025-02-24T20:14:27.717+0000] {dag.py:4180} INFO - Setting next_dagrun for example_bash_operator to 2025-02-23 00:00:00+00:00, run_after=2025-02-24 00:00:00+00:00
[2025-02-24T20:14:27.758+0000] {processor.py:208} INFO - Processing /home/airflow/.local/lib/python3.12/site-packages/airflow/example_dags/example_bash_operator.py took 0.134 seconds
[2025-02-24T20:14:59.986+0000] {processor.py:186} INFO - Started process (PID=1829) to work on /home/airflow/.local/lib/python3.12/site-packages/airflow/example_dags/example_bash_operator.py
[2025-02-24T20:14:59.988+0000] {processor.py:914} INFO - Processing file /home/airflow/.local/lib/python3.12/site-packages/airflow/example_dags/example_bash_operator.py for tasks to queue
[2025-02-24T20:14:59.993+0000] {logging_mixin.py:190} INFO - [2025-02-24T20:14:59.992+0000] {dagbag.py:588} INFO - Filling up the DagBag from /home/airflow/.local/lib/python3.12/site-packages/airflow/example_dags/example_bash_operator.py
[2025-02-24T20:15:00.047+0000] {processor.py:925} INFO - DAG(s) 'example_bash_operator' retrieved from /home/airflow/.local/lib/python3.12/site-packages/airflow/example_dags/example_bash_operator.py
[2025-02-24T20:15:00.126+0000] {logging_mixin.py:190} INFO - [2025-02-24T20:15:00.126+0000] {dag.py:3239} INFO - Sync 1 DAGs
[2025-02-24T20:15:00.190+0000] {logging_mixin.py:190} INFO - [2025-02-24T20:15:00.190+0000] {dag.py:4180} INFO - Setting next_dagrun for example_bash_operator to 2025-02-23 00:00:00+00:00, run_after=2025-02-24 00:00:00+00:00
[2025-02-24T20:15:00.237+0000] {processor.py:208} INFO - Processing /home/airflow/.local/lib/python3.12/site-packages/airflow/example_dags/example_bash_operator.py took 0.260 seconds
[2025-02-24T20:15:32.064+0000] {processor.py:186} INFO - Started process (PID=1892) to work on /home/airflow/.local/lib/python3.12/site-packages/airflow/example_dags/example_bash_operator.py
[2025-02-24T20:15:32.066+0000] {processor.py:914} INFO - Processing file /home/airflow/.local/lib/python3.12/site-packages/airflow/example_dags/example_bash_operator.py for tasks to queue
[2025-02-24T20:15:32.070+0000] {logging_mixin.py:190} INFO - [2025-02-24T20:15:32.069+0000] {dagbag.py:588} INFO - Filling up the DagBag from /home/airflow/.local/lib/python3.12/site-packages/airflow/example_dags/example_bash_operator.py
[2025-02-24T20:15:32.101+0000] {processor.py:925} INFO - DAG(s) 'example_bash_operator' retrieved from /home/airflow/.local/lib/python3.12/site-packages/airflow/example_dags/example_bash_operator.py
[2025-02-24T20:15:32.187+0000] {logging_mixin.py:190} INFO - [2025-02-24T20:15:32.187+0000] {dag.py:3239} INFO - Sync 1 DAGs
[2025-02-24T20:15:32.258+0000] {logging_mixin.py:190} INFO - [2025-02-24T20:15:32.258+0000] {dag.py:4180} INFO - Setting next_dagrun for example_bash_operator to 2025-02-23 00:00:00+00:00, run_after=2025-02-24 00:00:00+00:00
[2025-02-24T20:15:32.312+0000] {processor.py:208} INFO - Processing /home/airflow/.local/lib/python3.12/site-packages/airflow/example_dags/example_bash_operator.py took 0.260 seconds
[2025-02-24T20:16:04.271+0000] {processor.py:186} INFO - Started process (PID=1953) to work on /home/airflow/.local/lib/python3.12/site-packages/airflow/example_dags/example_bash_operator.py
[2025-02-24T20:16:04.273+0000] {processor.py:914} INFO - Processing file /home/airflow/.local/lib/python3.12/site-packages/airflow/example_dags/example_bash_operator.py for tasks to queue
[2025-02-24T20:16:04.276+0000] {logging_mixin.py:190} INFO - [2025-02-24T20:16:04.276+0000] {dagbag.py:588} INFO - Filling up the DagBag from /home/airflow/.local/lib/python3.12/site-packages/airflow/example_dags/example_bash_operator.py
[2025-02-24T20:16:04.299+0000] {processor.py:925} INFO - DAG(s) 'example_bash_operator' retrieved from /home/airflow/.local/lib/python3.12/site-packages/airflow/example_dags/example_bash_operator.py
[2025-02-24T20:16:04.343+0000] {logging_mixin.py:190} INFO - [2025-02-24T20:16:04.343+0000] {dag.py:3239} INFO - Sync 1 DAGs
[2025-02-24T20:16:04.391+0000] {logging_mixin.py:190} INFO - [2025-02-24T20:16:04.390+0000] {dag.py:4180} INFO - Setting next_dagrun for example_bash_operator to 2025-02-23 00:00:00+00:00, run_after=2025-02-24 00:00:00+00:00
[2025-02-24T20:16:04.455+0000] {processor.py:208} INFO - Processing /home/airflow/.local/lib/python3.12/site-packages/airflow/example_dags/example_bash_operator.py took 0.193 seconds
[2025-02-24T20:16:35.450+0000] {processor.py:186} INFO - Started process (PID=2014) to work on /home/airflow/.local/lib/python3.12/site-packages/airflow/example_dags/example_bash_operator.py
[2025-02-24T20:16:35.452+0000] {processor.py:914} INFO - Processing file /home/airflow/.local/lib/python3.12/site-packages/airflow/example_dags/example_bash_operator.py for tasks to queue
[2025-02-24T20:16:35.455+0000] {logging_mixin.py:190} INFO - [2025-02-24T20:16:35.455+0000] {dagbag.py:588} INFO - Filling up the DagBag from /home/airflow/.local/lib/python3.12/site-packages/airflow/example_dags/example_bash_operator.py
[2025-02-24T20:16:35.477+0000] {processor.py:925} INFO - DAG(s) 'example_bash_operator' retrieved from /home/airflow/.local/lib/python3.12/site-packages/airflow/example_dags/example_bash_operator.py
[2025-02-24T20:16:35.518+0000] {logging_mixin.py:190} INFO - [2025-02-24T20:16:35.517+0000] {dag.py:3239} INFO - Sync 1 DAGs
[2025-02-24T20:16:35.559+0000] {logging_mixin.py:190} INFO - [2025-02-24T20:16:35.558+0000] {dag.py:4180} INFO - Setting next_dagrun for example_bash_operator to 2025-02-23 00:00:00+00:00, run_after=2025-02-24 00:00:00+00:00
[2025-02-24T20:16:35.592+0000] {processor.py:208} INFO - Processing /home/airflow/.local/lib/python3.12/site-packages/airflow/example_dags/example_bash_operator.py took 0.152 seconds
[2025-02-24T20:17:06.852+0000] {processor.py:186} INFO - Started process (PID=2077) to work on /home/airflow/.local/lib/python3.12/site-packages/airflow/example_dags/example_bash_operator.py
[2025-02-24T20:17:06.854+0000] {processor.py:914} INFO - Processing file /home/airflow/.local/lib/python3.12/site-packages/airflow/example_dags/example_bash_operator.py for tasks to queue
[2025-02-24T20:17:06.859+0000] {logging_mixin.py:190} INFO - [2025-02-24T20:17:06.858+0000] {dagbag.py:588} INFO - Filling up the DagBag from /home/airflow/.local/lib/python3.12/site-packages/airflow/example_dags/example_bash_operator.py
[2025-02-24T20:17:06.887+0000] {processor.py:925} INFO - DAG(s) 'example_bash_operator' retrieved from /home/airflow/.local/lib/python3.12/site-packages/airflow/example_dags/example_bash_operator.py
[2025-02-24T20:17:06.943+0000] {logging_mixin.py:190} INFO - [2025-02-24T20:17:06.943+0000] {dag.py:3239} INFO - Sync 1 DAGs
[2025-02-24T20:17:07.000+0000] {logging_mixin.py:190} INFO - [2025-02-24T20:17:06.999+0000] {dag.py:4180} INFO - Setting next_dagrun for example_bash_operator to 2025-02-23 00:00:00+00:00, run_after=2025-02-24 00:00:00+00:00
[2025-02-24T20:17:07.042+0000] {processor.py:208} INFO - Processing /home/airflow/.local/lib/python3.12/site-packages/airflow/example_dags/example_bash_operator.py took 0.201 seconds
[2025-02-24T20:17:38.069+0000] {processor.py:186} INFO - Started process (PID=2140) to work on /home/airflow/.local/lib/python3.12/site-packages/airflow/example_dags/example_bash_operator.py
[2025-02-24T20:17:38.070+0000] {processor.py:914} INFO - Processing file /home/airflow/.local/lib/python3.12/site-packages/airflow/example_dags/example_bash_operator.py for tasks to queue
[2025-02-24T20:17:38.074+0000] {logging_mixin.py:190} INFO - [2025-02-24T20:17:38.074+0000] {dagbag.py:588} INFO - Filling up the DagBag from /home/airflow/.local/lib/python3.12/site-packages/airflow/example_dags/example_bash_operator.py
[2025-02-24T20:17:38.094+0000] {processor.py:925} INFO - DAG(s) 'example_bash_operator' retrieved from /home/airflow/.local/lib/python3.12/site-packages/airflow/example_dags/example_bash_operator.py
[2025-02-24T20:17:38.134+0000] {logging_mixin.py:190} INFO - [2025-02-24T20:17:38.134+0000] {dag.py:3239} INFO - Sync 1 DAGs
[2025-02-24T20:17:38.171+0000] {logging_mixin.py:190} INFO - [2025-02-24T20:17:38.171+0000] {dag.py:4180} INFO - Setting next_dagrun for example_bash_operator to 2025-02-23 00:00:00+00:00, run_after=2025-02-24 00:00:00+00:00
[2025-02-24T20:17:38.205+0000] {processor.py:208} INFO - Processing /home/airflow/.local/lib/python3.12/site-packages/airflow/example_dags/example_bash_operator.py took 0.146 seconds
[2025-02-24T20:18:08.333+0000] {processor.py:186} INFO - Started process (PID=2202) to work on /home/airflow/.local/lib/python3.12/site-packages/airflow/example_dags/example_bash_operator.py
[2025-02-24T20:18:08.334+0000] {processor.py:914} INFO - Processing file /home/airflow/.local/lib/python3.12/site-packages/airflow/example_dags/example_bash_operator.py for tasks to queue
[2025-02-24T20:18:08.337+0000] {logging_mixin.py:190} INFO - [2025-02-24T20:18:08.336+0000] {dagbag.py:588} INFO - Filling up the DagBag from /home/airflow/.local/lib/python3.12/site-packages/airflow/example_dags/example_bash_operator.py
[2025-02-24T20:18:08.354+0000] {processor.py:925} INFO - DAG(s) 'example_bash_operator' retrieved from /home/airflow/.local/lib/python3.12/site-packages/airflow/example_dags/example_bash_operator.py
[2025-02-24T20:18:08.391+0000] {logging_mixin.py:190} INFO - [2025-02-24T20:18:08.391+0000] {dag.py:3239} INFO - Sync 1 DAGs
[2025-02-24T20:18:08.429+0000] {logging_mixin.py:190} INFO - [2025-02-24T20:18:08.429+0000] {dag.py:4180} INFO - Setting next_dagrun for example_bash_operator to 2025-02-23 00:00:00+00:00, run_after=2025-02-24 00:00:00+00:00
[2025-02-24T20:18:08.455+0000] {processor.py:208} INFO - Processing /home/airflow/.local/lib/python3.12/site-packages/airflow/example_dags/example_bash_operator.py took 0.129 seconds
[2025-02-24T20:18:38.797+0000] {processor.py:186} INFO - Started process (PID=2265) to work on /home/airflow/.local/lib/python3.12/site-packages/airflow/example_dags/example_bash_operator.py
[2025-02-24T20:18:38.798+0000] {processor.py:914} INFO - Processing file /home/airflow/.local/lib/python3.12/site-packages/airflow/example_dags/example_bash_operator.py for tasks to queue
[2025-02-24T20:18:38.802+0000] {logging_mixin.py:190} INFO - [2025-02-24T20:18:38.801+0000] {dagbag.py:588} INFO - Filling up the DagBag from /home/airflow/.local/lib/python3.12/site-packages/airflow/example_dags/example_bash_operator.py
[2025-02-24T20:18:38.821+0000] {processor.py:925} INFO - DAG(s) 'example_bash_operator' retrieved from /home/airflow/.local/lib/python3.12/site-packages/airflow/example_dags/example_bash_operator.py
[2025-02-24T20:18:38.859+0000] {logging_mixin.py:190} INFO - [2025-02-24T20:18:38.858+0000] {dag.py:3239} INFO - Sync 1 DAGs
[2025-02-24T20:18:38.896+0000] {logging_mixin.py:190} INFO - [2025-02-24T20:18:38.896+0000] {dag.py:4180} INFO - Setting next_dagrun for example_bash_operator to 2025-02-23 00:00:00+00:00, run_after=2025-02-24 00:00:00+00:00
[2025-02-24T20:18:38.927+0000] {processor.py:208} INFO - Processing /home/airflow/.local/lib/python3.12/site-packages/airflow/example_dags/example_bash_operator.py took 0.139 seconds
[2025-02-24T20:19:09.318+0000] {processor.py:186} INFO - Started process (PID=2328) to work on /home/airflow/.local/lib/python3.12/site-packages/airflow/example_dags/example_bash_operator.py
[2025-02-24T20:19:09.320+0000] {processor.py:914} INFO - Processing file /home/airflow/.local/lib/python3.12/site-packages/airflow/example_dags/example_bash_operator.py for tasks to queue
[2025-02-24T20:19:09.326+0000] {logging_mixin.py:190} INFO - [2025-02-24T20:19:09.325+0000] {dagbag.py:588} INFO - Filling up the DagBag from /home/airflow/.local/lib/python3.12/site-packages/airflow/example_dags/example_bash_operator.py
[2025-02-24T20:19:09.362+0000] {processor.py:925} INFO - DAG(s) 'example_bash_operator' retrieved from /home/airflow/.local/lib/python3.12/site-packages/airflow/example_dags/example_bash_operator.py
[2025-02-24T20:19:09.495+0000] {logging_mixin.py:190} INFO - [2025-02-24T20:19:09.489+0000] {dag.py:3239} INFO - Sync 1 DAGs
[2025-02-24T20:19:09.607+0000] {logging_mixin.py:190} INFO - [2025-02-24T20:19:09.606+0000] {dag.py:4180} INFO - Setting next_dagrun for example_bash_operator to 2025-02-23 00:00:00+00:00, run_after=2025-02-24 00:00:00+00:00
[2025-02-24T20:19:09.662+0000] {processor.py:208} INFO - Processing /home/airflow/.local/lib/python3.12/site-packages/airflow/example_dags/example_bash_operator.py took 0.360 seconds
[2025-02-24T21:36:43.137+0000] {processor.py:186} INFO - Started process (PID=210) to work on /home/airflow/.local/lib/python3.12/site-packages/airflow/example_dags/example_bash_operator.py
[2025-02-24T21:36:43.143+0000] {processor.py:914} INFO - Processing file /home/airflow/.local/lib/python3.12/site-packages/airflow/example_dags/example_bash_operator.py for tasks to queue
[2025-02-24T21:36:43.153+0000] {logging_mixin.py:190} INFO - [2025-02-24T21:36:43.152+0000] {dagbag.py:588} INFO - Filling up the DagBag from /home/airflow/.local/lib/python3.12/site-packages/airflow/example_dags/example_bash_operator.py
[2025-02-24T21:36:43.272+0000] {processor.py:925} INFO - DAG(s) 'example_bash_operator' retrieved from /home/airflow/.local/lib/python3.12/site-packages/airflow/example_dags/example_bash_operator.py
[2025-02-24T21:36:43.900+0000] {logging_mixin.py:190} INFO - [2025-02-24T21:36:43.899+0000] {override.py:1912} INFO - Created Permission View: can edit on DAG:example_bash_operator
[2025-02-24T21:36:43.970+0000] {logging_mixin.py:190} INFO - [2025-02-24T21:36:43.970+0000] {override.py:1912} INFO - Created Permission View: can read on DAG:example_bash_operator
[2025-02-24T21:36:44.005+0000] {logging_mixin.py:190} INFO - [2025-02-24T21:36:44.004+0000] {override.py:1912} INFO - Created Permission View: can delete on DAG:example_bash_operator
[2025-02-24T21:36:44.053+0000] {logging_mixin.py:190} INFO - [2025-02-24T21:36:44.051+0000] {override.py:1912} INFO - Created Permission View: can delete on DAG Run:example_bash_operator
[2025-02-24T21:36:44.143+0000] {logging_mixin.py:190} INFO - [2025-02-24T21:36:44.142+0000] {override.py:1912} INFO - Created Permission View: can read on DAG Run:example_bash_operator
[2025-02-24T21:36:44.166+0000] {logging_mixin.py:190} INFO - [2025-02-24T21:36:44.165+0000] {override.py:1912} INFO - Created Permission View: can create on DAG Run:example_bash_operator
[2025-02-24T21:36:44.203+0000] {logging_mixin.py:190} INFO - [2025-02-24T21:36:44.202+0000] {override.py:1912} INFO - Created Permission View: menu access on DAG Run:example_bash_operator
[2025-02-24T21:36:44.204+0000] {logging_mixin.py:190} INFO - [2025-02-24T21:36:44.204+0000] {dag.py:3239} INFO - Sync 1 DAGs
[2025-02-24T21:36:44.929+0000] {logging_mixin.py:190} INFO - [2025-02-24T21:36:44.929+0000] {dag.py:3262} INFO - Creating ORM DAG for example_bash_operator
[2025-02-24T21:36:44.970+0000] {logging_mixin.py:190} INFO - [2025-02-24T21:36:44.969+0000] {dag.py:4180} INFO - Setting next_dagrun for example_bash_operator to 2025-02-23 00:00:00+00:00, run_after=2025-02-24 00:00:00+00:00
[2025-02-24T21:36:45.051+0000] {processor.py:208} INFO - Processing /home/airflow/.local/lib/python3.12/site-packages/airflow/example_dags/example_bash_operator.py took 1.927 seconds
