[2025-02-24T20:00:50.300+0000] {processor.py:186} INFO - Started process (PID=107) to work on /home/airflow/.local/lib/python3.12/site-packages/airflow/example_dags/example_bash_decorator.py
[2025-02-24T20:00:50.302+0000] {processor.py:914} INFO - Processing file /home/airflow/.local/lib/python3.12/site-packages/airflow/example_dags/example_bash_decorator.py for tasks to queue
[2025-02-24T20:00:50.305+0000] {logging_mixin.py:190} INFO - [2025-02-24T20:00:50.305+0000] {dagbag.py:588} INFO - Filling up the DagBag from /home/airflow/.local/lib/python3.12/site-packages/airflow/example_dags/example_bash_decorator.py
[2025-02-24T20:00:50.339+0000] {processor.py:925} INFO - DAG(s) 'example_bash_decorator' retrieved from /home/airflow/.local/lib/python3.12/site-packages/airflow/example_dags/example_bash_decorator.py
[2025-02-24T20:00:50.702+0000] {logging_mixin.py:190} INFO - [2025-02-24T20:00:50.701+0000] {override.py:1912} INFO - Created Permission View: can edit on DAG:example_bash_decorator
[2025-02-24T20:00:50.724+0000] {logging_mixin.py:190} INFO - [2025-02-24T20:00:50.724+0000] {override.py:1912} INFO - Created Permission View: can delete on DAG:example_bash_decorator
[2025-02-24T20:00:50.738+0000] {logging_mixin.py:190} INFO - [2025-02-24T20:00:50.737+0000] {override.py:1912} INFO - Created Permission View: can read on DAG:example_bash_decorator
[2025-02-24T20:00:50.753+0000] {logging_mixin.py:190} INFO - [2025-02-24T20:00:50.752+0000] {override.py:1912} INFO - Created Permission View: can delete on DAG Run:example_bash_decorator
[2025-02-24T20:00:50.768+0000] {logging_mixin.py:190} INFO - [2025-02-24T20:00:50.767+0000] {override.py:1912} INFO - Created Permission View: can create on DAG Run:example_bash_decorator
[2025-02-24T20:00:50.783+0000] {logging_mixin.py:190} INFO - [2025-02-24T20:00:50.782+0000] {override.py:1912} INFO - Created Permission View: menu access on DAG Run:example_bash_decorator
[2025-02-24T20:00:50.803+0000] {logging_mixin.py:190} INFO - [2025-02-24T20:00:50.802+0000] {override.py:1912} INFO - Created Permission View: can read on DAG Run:example_bash_decorator
[2025-02-24T20:00:50.805+0000] {logging_mixin.py:190} INFO - [2025-02-24T20:00:50.804+0000] {dag.py:3239} INFO - Sync 1 DAGs
[2025-02-24T20:00:50.846+0000] {logging_mixin.py:190} INFO - [2025-02-24T20:00:50.845+0000] {dag.py:3262} INFO - Creating ORM DAG for example_bash_decorator
[2025-02-24T20:00:50.848+0000] {logging_mixin.py:190} INFO - [2025-02-24T20:00:50.848+0000] {dag.py:4180} INFO - Setting next_dagrun for example_bash_decorator to None, run_after=None
[2025-02-24T20:00:50.886+0000] {processor.py:208} INFO - Processing /home/airflow/.local/lib/python3.12/site-packages/airflow/example_dags/example_bash_decorator.py took 0.597 seconds
[2025-02-24T20:01:21.845+0000] {processor.py:186} INFO - Started process (PID=170) to work on /home/airflow/.local/lib/python3.12/site-packages/airflow/example_dags/example_bash_decorator.py
[2025-02-24T20:01:21.846+0000] {processor.py:914} INFO - Processing file /home/airflow/.local/lib/python3.12/site-packages/airflow/example_dags/example_bash_decorator.py for tasks to queue
[2025-02-24T20:01:21.849+0000] {logging_mixin.py:190} INFO - [2025-02-24T20:01:21.849+0000] {dagbag.py:588} INFO - Filling up the DagBag from /home/airflow/.local/lib/python3.12/site-packages/airflow/example_dags/example_bash_decorator.py
[2025-02-24T20:01:21.868+0000] {processor.py:925} INFO - DAG(s) 'example_bash_decorator' retrieved from /home/airflow/.local/lib/python3.12/site-packages/airflow/example_dags/example_bash_decorator.py
[2025-02-24T20:01:21.896+0000] {logging_mixin.py:190} INFO - [2025-02-24T20:01:21.896+0000] {dag.py:3239} INFO - Sync 1 DAGs
[2025-02-24T20:01:21.919+0000] {logging_mixin.py:190} INFO - [2025-02-24T20:01:21.919+0000] {dag.py:4180} INFO - Setting next_dagrun for example_bash_decorator to None, run_after=None
[2025-02-24T20:01:21.954+0000] {processor.py:208} INFO - Processing /home/airflow/.local/lib/python3.12/site-packages/airflow/example_dags/example_bash_decorator.py took 0.114 seconds
[2025-02-24T20:01:52.041+0000] {processor.py:186} INFO - Started process (PID=232) to work on /home/airflow/.local/lib/python3.12/site-packages/airflow/example_dags/example_bash_decorator.py
[2025-02-24T20:01:52.043+0000] {processor.py:914} INFO - Processing file /home/airflow/.local/lib/python3.12/site-packages/airflow/example_dags/example_bash_decorator.py for tasks to queue
[2025-02-24T20:01:52.046+0000] {logging_mixin.py:190} INFO - [2025-02-24T20:01:52.046+0000] {dagbag.py:588} INFO - Filling up the DagBag from /home/airflow/.local/lib/python3.12/site-packages/airflow/example_dags/example_bash_decorator.py
[2025-02-24T20:01:52.063+0000] {processor.py:925} INFO - DAG(s) 'example_bash_decorator' retrieved from /home/airflow/.local/lib/python3.12/site-packages/airflow/example_dags/example_bash_decorator.py
[2025-02-24T20:01:52.089+0000] {logging_mixin.py:190} INFO - [2025-02-24T20:01:52.089+0000] {dag.py:3239} INFO - Sync 1 DAGs
[2025-02-24T20:01:52.107+0000] {logging_mixin.py:190} INFO - [2025-02-24T20:01:52.107+0000] {dag.py:4180} INFO - Setting next_dagrun for example_bash_decorator to None, run_after=None
[2025-02-24T20:01:52.131+0000] {processor.py:208} INFO - Processing /home/airflow/.local/lib/python3.12/site-packages/airflow/example_dags/example_bash_decorator.py took 0.096 seconds
[2025-02-24T20:02:24.263+0000] {processor.py:186} INFO - Started process (PID=295) to work on /home/airflow/.local/lib/python3.12/site-packages/airflow/example_dags/example_bash_decorator.py
[2025-02-24T20:02:24.264+0000] {processor.py:914} INFO - Processing file /home/airflow/.local/lib/python3.12/site-packages/airflow/example_dags/example_bash_decorator.py for tasks to queue
[2025-02-24T20:02:24.270+0000] {logging_mixin.py:190} INFO - [2025-02-24T20:02:24.269+0000] {dagbag.py:588} INFO - Filling up the DagBag from /home/airflow/.local/lib/python3.12/site-packages/airflow/example_dags/example_bash_decorator.py
[2025-02-24T20:02:24.304+0000] {processor.py:925} INFO - DAG(s) 'example_bash_decorator' retrieved from /home/airflow/.local/lib/python3.12/site-packages/airflow/example_dags/example_bash_decorator.py
[2025-02-24T20:02:24.343+0000] {logging_mixin.py:190} INFO - [2025-02-24T20:02:24.343+0000] {dag.py:3239} INFO - Sync 1 DAGs
[2025-02-24T20:02:24.368+0000] {logging_mixin.py:190} INFO - [2025-02-24T20:02:24.367+0000] {dag.py:4180} INFO - Setting next_dagrun for example_bash_decorator to None, run_after=None
[2025-02-24T20:02:24.550+0000] {processor.py:208} INFO - Processing /home/airflow/.local/lib/python3.12/site-packages/airflow/example_dags/example_bash_decorator.py took 0.302 seconds
[2025-02-24T20:02:55.000+0000] {processor.py:186} INFO - Started process (PID=357) to work on /home/airflow/.local/lib/python3.12/site-packages/airflow/example_dags/example_bash_decorator.py
[2025-02-24T20:02:55.001+0000] {processor.py:914} INFO - Processing file /home/airflow/.local/lib/python3.12/site-packages/airflow/example_dags/example_bash_decorator.py for tasks to queue
[2025-02-24T20:02:55.004+0000] {logging_mixin.py:190} INFO - [2025-02-24T20:02:55.004+0000] {dagbag.py:588} INFO - Filling up the DagBag from /home/airflow/.local/lib/python3.12/site-packages/airflow/example_dags/example_bash_decorator.py
[2025-02-24T20:02:55.021+0000] {processor.py:925} INFO - DAG(s) 'example_bash_decorator' retrieved from /home/airflow/.local/lib/python3.12/site-packages/airflow/example_dags/example_bash_decorator.py
[2025-02-24T20:02:55.048+0000] {logging_mixin.py:190} INFO - [2025-02-24T20:02:55.048+0000] {dag.py:3239} INFO - Sync 1 DAGs
[2025-02-24T20:02:55.065+0000] {logging_mixin.py:190} INFO - [2025-02-24T20:02:55.065+0000] {dag.py:4180} INFO - Setting next_dagrun for example_bash_decorator to None, run_after=None
[2025-02-24T20:02:55.086+0000] {processor.py:208} INFO - Processing /home/airflow/.local/lib/python3.12/site-packages/airflow/example_dags/example_bash_decorator.py took 0.092 seconds
[2025-02-24T20:03:25.841+0000] {processor.py:186} INFO - Started process (PID=420) to work on /home/airflow/.local/lib/python3.12/site-packages/airflow/example_dags/example_bash_decorator.py
[2025-02-24T20:03:25.842+0000] {processor.py:914} INFO - Processing file /home/airflow/.local/lib/python3.12/site-packages/airflow/example_dags/example_bash_decorator.py for tasks to queue
[2025-02-24T20:03:25.844+0000] {logging_mixin.py:190} INFO - [2025-02-24T20:03:25.844+0000] {dagbag.py:588} INFO - Filling up the DagBag from /home/airflow/.local/lib/python3.12/site-packages/airflow/example_dags/example_bash_decorator.py
[2025-02-24T20:03:25.859+0000] {processor.py:925} INFO - DAG(s) 'example_bash_decorator' retrieved from /home/airflow/.local/lib/python3.12/site-packages/airflow/example_dags/example_bash_decorator.py
[2025-02-24T20:03:25.886+0000] {logging_mixin.py:190} INFO - [2025-02-24T20:03:25.885+0000] {dag.py:3239} INFO - Sync 1 DAGs
[2025-02-24T20:03:25.902+0000] {logging_mixin.py:190} INFO - [2025-02-24T20:03:25.902+0000] {dag.py:4180} INFO - Setting next_dagrun for example_bash_decorator to None, run_after=None
[2025-02-24T20:03:25.922+0000] {processor.py:208} INFO - Processing /home/airflow/.local/lib/python3.12/site-packages/airflow/example_dags/example_bash_decorator.py took 0.086 seconds
[2025-02-24T20:03:57.365+0000] {processor.py:186} INFO - Started process (PID=484) to work on /home/airflow/.local/lib/python3.12/site-packages/airflow/example_dags/example_bash_decorator.py
[2025-02-24T20:03:57.366+0000] {processor.py:914} INFO - Processing file /home/airflow/.local/lib/python3.12/site-packages/airflow/example_dags/example_bash_decorator.py for tasks to queue
[2025-02-24T20:03:57.368+0000] {logging_mixin.py:190} INFO - [2025-02-24T20:03:57.368+0000] {dagbag.py:588} INFO - Filling up the DagBag from /home/airflow/.local/lib/python3.12/site-packages/airflow/example_dags/example_bash_decorator.py
[2025-02-24T20:03:57.382+0000] {processor.py:925} INFO - DAG(s) 'example_bash_decorator' retrieved from /home/airflow/.local/lib/python3.12/site-packages/airflow/example_dags/example_bash_decorator.py
[2025-02-24T20:03:57.409+0000] {logging_mixin.py:190} INFO - [2025-02-24T20:03:57.409+0000] {dag.py:3239} INFO - Sync 1 DAGs
[2025-02-24T20:03:57.428+0000] {logging_mixin.py:190} INFO - [2025-02-24T20:03:57.427+0000] {dag.py:4180} INFO - Setting next_dagrun for example_bash_decorator to None, run_after=None
[2025-02-24T20:03:57.454+0000] {processor.py:208} INFO - Processing /home/airflow/.local/lib/python3.12/site-packages/airflow/example_dags/example_bash_decorator.py took 0.095 seconds
[2025-02-24T20:04:28.530+0000] {processor.py:186} INFO - Started process (PID=547) to work on /home/airflow/.local/lib/python3.12/site-packages/airflow/example_dags/example_bash_decorator.py
[2025-02-24T20:04:28.531+0000] {processor.py:914} INFO - Processing file /home/airflow/.local/lib/python3.12/site-packages/airflow/example_dags/example_bash_decorator.py for tasks to queue
[2025-02-24T20:04:28.533+0000] {logging_mixin.py:190} INFO - [2025-02-24T20:04:28.533+0000] {dagbag.py:588} INFO - Filling up the DagBag from /home/airflow/.local/lib/python3.12/site-packages/airflow/example_dags/example_bash_decorator.py
[2025-02-24T20:04:28.549+0000] {processor.py:925} INFO - DAG(s) 'example_bash_decorator' retrieved from /home/airflow/.local/lib/python3.12/site-packages/airflow/example_dags/example_bash_decorator.py
[2025-02-24T20:04:28.571+0000] {logging_mixin.py:190} INFO - [2025-02-24T20:04:28.571+0000] {dag.py:3239} INFO - Sync 1 DAGs
[2025-02-24T20:04:28.586+0000] {logging_mixin.py:190} INFO - [2025-02-24T20:04:28.585+0000] {dag.py:4180} INFO - Setting next_dagrun for example_bash_decorator to None, run_after=None
[2025-02-24T20:04:28.607+0000] {processor.py:208} INFO - Processing /home/airflow/.local/lib/python3.12/site-packages/airflow/example_dags/example_bash_decorator.py took 0.083 seconds
[2025-02-24T20:04:59.823+0000] {processor.py:186} INFO - Started process (PID=609) to work on /home/airflow/.local/lib/python3.12/site-packages/airflow/example_dags/example_bash_decorator.py
[2025-02-24T20:04:59.824+0000] {processor.py:914} INFO - Processing file /home/airflow/.local/lib/python3.12/site-packages/airflow/example_dags/example_bash_decorator.py for tasks to queue
[2025-02-24T20:04:59.826+0000] {logging_mixin.py:190} INFO - [2025-02-24T20:04:59.826+0000] {dagbag.py:588} INFO - Filling up the DagBag from /home/airflow/.local/lib/python3.12/site-packages/airflow/example_dags/example_bash_decorator.py
[2025-02-24T20:04:59.841+0000] {processor.py:925} INFO - DAG(s) 'example_bash_decorator' retrieved from /home/airflow/.local/lib/python3.12/site-packages/airflow/example_dags/example_bash_decorator.py
[2025-02-24T20:04:59.865+0000] {logging_mixin.py:190} INFO - [2025-02-24T20:04:59.865+0000] {dag.py:3239} INFO - Sync 1 DAGs
[2025-02-24T20:04:59.879+0000] {logging_mixin.py:190} INFO - [2025-02-24T20:04:59.879+0000] {dag.py:4180} INFO - Setting next_dagrun for example_bash_decorator to None, run_after=None
[2025-02-24T20:04:59.899+0000] {processor.py:208} INFO - Processing /home/airflow/.local/lib/python3.12/site-packages/airflow/example_dags/example_bash_decorator.py took 0.081 seconds
[2025-02-24T20:05:32.262+0000] {processor.py:186} INFO - Started process (PID=672) to work on /home/airflow/.local/lib/python3.12/site-packages/airflow/example_dags/example_bash_decorator.py
[2025-02-24T20:05:32.263+0000] {processor.py:914} INFO - Processing file /home/airflow/.local/lib/python3.12/site-packages/airflow/example_dags/example_bash_decorator.py for tasks to queue
[2025-02-24T20:05:32.267+0000] {logging_mixin.py:190} INFO - [2025-02-24T20:05:32.266+0000] {dagbag.py:588} INFO - Filling up the DagBag from /home/airflow/.local/lib/python3.12/site-packages/airflow/example_dags/example_bash_decorator.py
[2025-02-24T20:05:32.291+0000] {processor.py:925} INFO - DAG(s) 'example_bash_decorator' retrieved from /home/airflow/.local/lib/python3.12/site-packages/airflow/example_dags/example_bash_decorator.py
[2025-02-24T20:05:32.317+0000] {logging_mixin.py:190} INFO - [2025-02-24T20:05:32.317+0000] {dag.py:3239} INFO - Sync 1 DAGs
[2025-02-24T20:05:32.339+0000] {logging_mixin.py:190} INFO - [2025-02-24T20:05:32.339+0000] {dag.py:4180} INFO - Setting next_dagrun for example_bash_decorator to None, run_after=None
[2025-02-24T20:05:32.365+0000] {processor.py:208} INFO - Processing /home/airflow/.local/lib/python3.12/site-packages/airflow/example_dags/example_bash_decorator.py took 0.111 seconds
[2025-02-24T20:06:03.877+0000] {processor.py:186} INFO - Started process (PID=735) to work on /home/airflow/.local/lib/python3.12/site-packages/airflow/example_dags/example_bash_decorator.py
[2025-02-24T20:06:03.878+0000] {processor.py:914} INFO - Processing file /home/airflow/.local/lib/python3.12/site-packages/airflow/example_dags/example_bash_decorator.py for tasks to queue
[2025-02-24T20:06:03.880+0000] {logging_mixin.py:190} INFO - [2025-02-24T20:06:03.880+0000] {dagbag.py:588} INFO - Filling up the DagBag from /home/airflow/.local/lib/python3.12/site-packages/airflow/example_dags/example_bash_decorator.py
[2025-02-24T20:06:03.895+0000] {processor.py:925} INFO - DAG(s) 'example_bash_decorator' retrieved from /home/airflow/.local/lib/python3.12/site-packages/airflow/example_dags/example_bash_decorator.py
[2025-02-24T20:06:03.918+0000] {logging_mixin.py:190} INFO - [2025-02-24T20:06:03.918+0000] {dag.py:3239} INFO - Sync 1 DAGs
[2025-02-24T20:06:03.933+0000] {logging_mixin.py:190} INFO - [2025-02-24T20:06:03.932+0000] {dag.py:4180} INFO - Setting next_dagrun for example_bash_decorator to None, run_after=None
[2025-02-24T20:06:03.977+0000] {processor.py:208} INFO - Processing /home/airflow/.local/lib/python3.12/site-packages/airflow/example_dags/example_bash_decorator.py took 0.105 seconds
[2025-02-24T20:06:35.149+0000] {processor.py:186} INFO - Started process (PID=798) to work on /home/airflow/.local/lib/python3.12/site-packages/airflow/example_dags/example_bash_decorator.py
[2025-02-24T20:06:35.150+0000] {processor.py:914} INFO - Processing file /home/airflow/.local/lib/python3.12/site-packages/airflow/example_dags/example_bash_decorator.py for tasks to queue
[2025-02-24T20:06:35.153+0000] {logging_mixin.py:190} INFO - [2025-02-24T20:06:35.153+0000] {dagbag.py:588} INFO - Filling up the DagBag from /home/airflow/.local/lib/python3.12/site-packages/airflow/example_dags/example_bash_decorator.py
[2025-02-24T20:06:35.173+0000] {processor.py:925} INFO - DAG(s) 'example_bash_decorator' retrieved from /home/airflow/.local/lib/python3.12/site-packages/airflow/example_dags/example_bash_decorator.py
[2025-02-24T20:06:35.198+0000] {logging_mixin.py:190} INFO - [2025-02-24T20:06:35.197+0000] {dag.py:3239} INFO - Sync 1 DAGs
[2025-02-24T20:06:35.212+0000] {logging_mixin.py:190} INFO - [2025-02-24T20:06:35.212+0000] {dag.py:4180} INFO - Setting next_dagrun for example_bash_decorator to None, run_after=None
[2025-02-24T20:06:35.232+0000] {processor.py:208} INFO - Processing /home/airflow/.local/lib/python3.12/site-packages/airflow/example_dags/example_bash_decorator.py took 0.088 seconds
[2025-02-24T20:07:06.456+0000] {processor.py:186} INFO - Started process (PID=862) to work on /home/airflow/.local/lib/python3.12/site-packages/airflow/example_dags/example_bash_decorator.py
[2025-02-24T20:07:06.457+0000] {processor.py:914} INFO - Processing file /home/airflow/.local/lib/python3.12/site-packages/airflow/example_dags/example_bash_decorator.py for tasks to queue
[2025-02-24T20:07:06.460+0000] {logging_mixin.py:190} INFO - [2025-02-24T20:07:06.459+0000] {dagbag.py:588} INFO - Filling up the DagBag from /home/airflow/.local/lib/python3.12/site-packages/airflow/example_dags/example_bash_decorator.py
[2025-02-24T20:07:06.479+0000] {processor.py:925} INFO - DAG(s) 'example_bash_decorator' retrieved from /home/airflow/.local/lib/python3.12/site-packages/airflow/example_dags/example_bash_decorator.py
[2025-02-24T20:07:06.508+0000] {logging_mixin.py:190} INFO - [2025-02-24T20:07:06.508+0000] {dag.py:3239} INFO - Sync 1 DAGs
[2025-02-24T20:07:06.526+0000] {logging_mixin.py:190} INFO - [2025-02-24T20:07:06.525+0000] {dag.py:4180} INFO - Setting next_dagrun for example_bash_decorator to None, run_after=None
[2025-02-24T20:07:06.559+0000] {processor.py:208} INFO - Processing /home/airflow/.local/lib/python3.12/site-packages/airflow/example_dags/example_bash_decorator.py took 0.110 seconds
[2025-02-24T20:07:37.760+0000] {processor.py:186} INFO - Started process (PID=925) to work on /home/airflow/.local/lib/python3.12/site-packages/airflow/example_dags/example_bash_decorator.py
[2025-02-24T20:07:37.761+0000] {processor.py:914} INFO - Processing file /home/airflow/.local/lib/python3.12/site-packages/airflow/example_dags/example_bash_decorator.py for tasks to queue
[2025-02-24T20:07:37.764+0000] {logging_mixin.py:190} INFO - [2025-02-24T20:07:37.763+0000] {dagbag.py:588} INFO - Filling up the DagBag from /home/airflow/.local/lib/python3.12/site-packages/airflow/example_dags/example_bash_decorator.py
[2025-02-24T20:07:37.778+0000] {processor.py:925} INFO - DAG(s) 'example_bash_decorator' retrieved from /home/airflow/.local/lib/python3.12/site-packages/airflow/example_dags/example_bash_decorator.py
[2025-02-24T20:07:37.800+0000] {logging_mixin.py:190} INFO - [2025-02-24T20:07:37.800+0000] {dag.py:3239} INFO - Sync 1 DAGs
[2025-02-24T20:07:37.819+0000] {logging_mixin.py:190} INFO - [2025-02-24T20:07:37.818+0000] {dag.py:4180} INFO - Setting next_dagrun for example_bash_decorator to None, run_after=None
[2025-02-24T20:07:37.848+0000] {processor.py:208} INFO - Processing /home/airflow/.local/lib/python3.12/site-packages/airflow/example_dags/example_bash_decorator.py took 0.093 seconds
[2025-02-24T20:08:08.962+0000] {processor.py:186} INFO - Started process (PID=988) to work on /home/airflow/.local/lib/python3.12/site-packages/airflow/example_dags/example_bash_decorator.py
[2025-02-24T20:08:08.963+0000] {processor.py:914} INFO - Processing file /home/airflow/.local/lib/python3.12/site-packages/airflow/example_dags/example_bash_decorator.py for tasks to queue
[2025-02-24T20:08:08.966+0000] {logging_mixin.py:190} INFO - [2025-02-24T20:08:08.965+0000] {dagbag.py:588} INFO - Filling up the DagBag from /home/airflow/.local/lib/python3.12/site-packages/airflow/example_dags/example_bash_decorator.py
[2025-02-24T20:08:08.980+0000] {processor.py:925} INFO - DAG(s) 'example_bash_decorator' retrieved from /home/airflow/.local/lib/python3.12/site-packages/airflow/example_dags/example_bash_decorator.py
[2025-02-24T20:08:09.005+0000] {logging_mixin.py:190} INFO - [2025-02-24T20:08:09.005+0000] {dag.py:3239} INFO - Sync 1 DAGs
[2025-02-24T20:08:09.021+0000] {logging_mixin.py:190} INFO - [2025-02-24T20:08:09.020+0000] {dag.py:4180} INFO - Setting next_dagrun for example_bash_decorator to None, run_after=None
[2025-02-24T20:08:09.052+0000] {processor.py:208} INFO - Processing /home/airflow/.local/lib/python3.12/site-packages/airflow/example_dags/example_bash_decorator.py took 0.096 seconds
[2025-02-24T20:08:39.908+0000] {processor.py:186} INFO - Started process (PID=1050) to work on /home/airflow/.local/lib/python3.12/site-packages/airflow/example_dags/example_bash_decorator.py
[2025-02-24T20:08:39.909+0000] {processor.py:914} INFO - Processing file /home/airflow/.local/lib/python3.12/site-packages/airflow/example_dags/example_bash_decorator.py for tasks to queue
[2025-02-24T20:08:39.912+0000] {logging_mixin.py:190} INFO - [2025-02-24T20:08:39.911+0000] {dagbag.py:588} INFO - Filling up the DagBag from /home/airflow/.local/lib/python3.12/site-packages/airflow/example_dags/example_bash_decorator.py
[2025-02-24T20:08:39.928+0000] {processor.py:925} INFO - DAG(s) 'example_bash_decorator' retrieved from /home/airflow/.local/lib/python3.12/site-packages/airflow/example_dags/example_bash_decorator.py
[2025-02-24T20:08:39.956+0000] {logging_mixin.py:190} INFO - [2025-02-24T20:08:39.955+0000] {dag.py:3239} INFO - Sync 1 DAGs
[2025-02-24T20:08:39.973+0000] {logging_mixin.py:190} INFO - [2025-02-24T20:08:39.972+0000] {dag.py:4180} INFO - Setting next_dagrun for example_bash_decorator to None, run_after=None
[2025-02-24T20:08:39.996+0000] {processor.py:208} INFO - Processing /home/airflow/.local/lib/python3.12/site-packages/airflow/example_dags/example_bash_decorator.py took 0.094 seconds
[2025-02-24T20:09:11.099+0000] {processor.py:186} INFO - Started process (PID=1114) to work on /home/airflow/.local/lib/python3.12/site-packages/airflow/example_dags/example_bash_decorator.py
[2025-02-24T20:09:11.100+0000] {processor.py:914} INFO - Processing file /home/airflow/.local/lib/python3.12/site-packages/airflow/example_dags/example_bash_decorator.py for tasks to queue
[2025-02-24T20:09:11.103+0000] {logging_mixin.py:190} INFO - [2025-02-24T20:09:11.102+0000] {dagbag.py:588} INFO - Filling up the DagBag from /home/airflow/.local/lib/python3.12/site-packages/airflow/example_dags/example_bash_decorator.py
[2025-02-24T20:09:11.120+0000] {processor.py:925} INFO - DAG(s) 'example_bash_decorator' retrieved from /home/airflow/.local/lib/python3.12/site-packages/airflow/example_dags/example_bash_decorator.py
[2025-02-24T20:09:11.143+0000] {logging_mixin.py:190} INFO - [2025-02-24T20:09:11.143+0000] {dag.py:3239} INFO - Sync 1 DAGs
[2025-02-24T20:09:11.159+0000] {logging_mixin.py:190} INFO - [2025-02-24T20:09:11.158+0000] {dag.py:4180} INFO - Setting next_dagrun for example_bash_decorator to None, run_after=None
[2025-02-24T20:09:11.178+0000] {processor.py:208} INFO - Processing /home/airflow/.local/lib/python3.12/site-packages/airflow/example_dags/example_bash_decorator.py took 0.090 seconds
[2025-02-24T20:09:42.730+0000] {processor.py:186} INFO - Started process (PID=1181) to work on /home/airflow/.local/lib/python3.12/site-packages/airflow/example_dags/example_bash_decorator.py
[2025-02-24T20:09:42.731+0000] {processor.py:914} INFO - Processing file /home/airflow/.local/lib/python3.12/site-packages/airflow/example_dags/example_bash_decorator.py for tasks to queue
[2025-02-24T20:09:42.733+0000] {logging_mixin.py:190} INFO - [2025-02-24T20:09:42.733+0000] {dagbag.py:588} INFO - Filling up the DagBag from /home/airflow/.local/lib/python3.12/site-packages/airflow/example_dags/example_bash_decorator.py
[2025-02-24T20:09:42.750+0000] {processor.py:925} INFO - DAG(s) 'example_bash_decorator' retrieved from /home/airflow/.local/lib/python3.12/site-packages/airflow/example_dags/example_bash_decorator.py
[2025-02-24T20:09:42.776+0000] {logging_mixin.py:190} INFO - [2025-02-24T20:09:42.776+0000] {dag.py:3239} INFO - Sync 1 DAGs
[2025-02-24T20:09:42.792+0000] {logging_mixin.py:190} INFO - [2025-02-24T20:09:42.791+0000] {dag.py:4180} INFO - Setting next_dagrun for example_bash_decorator to None, run_after=None
[2025-02-24T20:09:42.820+0000] {processor.py:208} INFO - Processing /home/airflow/.local/lib/python3.12/site-packages/airflow/example_dags/example_bash_decorator.py took 0.096 seconds
[2025-02-24T20:10:13.898+0000] {processor.py:186} INFO - Started process (PID=1244) to work on /home/airflow/.local/lib/python3.12/site-packages/airflow/example_dags/example_bash_decorator.py
[2025-02-24T20:10:13.899+0000] {processor.py:914} INFO - Processing file /home/airflow/.local/lib/python3.12/site-packages/airflow/example_dags/example_bash_decorator.py for tasks to queue
[2025-02-24T20:10:13.902+0000] {logging_mixin.py:190} INFO - [2025-02-24T20:10:13.901+0000] {dagbag.py:588} INFO - Filling up the DagBag from /home/airflow/.local/lib/python3.12/site-packages/airflow/example_dags/example_bash_decorator.py
[2025-02-24T20:10:13.915+0000] {processor.py:925} INFO - DAG(s) 'example_bash_decorator' retrieved from /home/airflow/.local/lib/python3.12/site-packages/airflow/example_dags/example_bash_decorator.py
[2025-02-24T20:10:13.938+0000] {logging_mixin.py:190} INFO - [2025-02-24T20:10:13.938+0000] {dag.py:3239} INFO - Sync 1 DAGs
[2025-02-24T20:10:13.952+0000] {logging_mixin.py:190} INFO - [2025-02-24T20:10:13.952+0000] {dag.py:4180} INFO - Setting next_dagrun for example_bash_decorator to None, run_after=None
[2025-02-24T20:10:13.982+0000] {processor.py:208} INFO - Processing /home/airflow/.local/lib/python3.12/site-packages/airflow/example_dags/example_bash_decorator.py took 0.089 seconds
[2025-02-24T20:10:45.326+0000] {processor.py:186} INFO - Started process (PID=1306) to work on /home/airflow/.local/lib/python3.12/site-packages/airflow/example_dags/example_bash_decorator.py
[2025-02-24T20:10:45.327+0000] {processor.py:914} INFO - Processing file /home/airflow/.local/lib/python3.12/site-packages/airflow/example_dags/example_bash_decorator.py for tasks to queue
[2025-02-24T20:10:45.330+0000] {logging_mixin.py:190} INFO - [2025-02-24T20:10:45.330+0000] {dagbag.py:588} INFO - Filling up the DagBag from /home/airflow/.local/lib/python3.12/site-packages/airflow/example_dags/example_bash_decorator.py
[2025-02-24T20:10:45.349+0000] {processor.py:925} INFO - DAG(s) 'example_bash_decorator' retrieved from /home/airflow/.local/lib/python3.12/site-packages/airflow/example_dags/example_bash_decorator.py
[2025-02-24T20:10:45.376+0000] {logging_mixin.py:190} INFO - [2025-02-24T20:10:45.376+0000] {dag.py:3239} INFO - Sync 1 DAGs
[2025-02-24T20:10:45.393+0000] {logging_mixin.py:190} INFO - [2025-02-24T20:10:45.393+0000] {dag.py:4180} INFO - Setting next_dagrun for example_bash_decorator to None, run_after=None
[2025-02-24T20:10:45.428+0000] {processor.py:208} INFO - Processing /home/airflow/.local/lib/python3.12/site-packages/airflow/example_dags/example_bash_decorator.py took 0.107 seconds
[2025-02-24T20:11:17.226+0000] {processor.py:186} INFO - Started process (PID=1376) to work on /home/airflow/.local/lib/python3.12/site-packages/airflow/example_dags/example_bash_decorator.py
[2025-02-24T20:11:17.227+0000] {processor.py:914} INFO - Processing file /home/airflow/.local/lib/python3.12/site-packages/airflow/example_dags/example_bash_decorator.py for tasks to queue
[2025-02-24T20:11:17.230+0000] {logging_mixin.py:190} INFO - [2025-02-24T20:11:17.229+0000] {dagbag.py:588} INFO - Filling up the DagBag from /home/airflow/.local/lib/python3.12/site-packages/airflow/example_dags/example_bash_decorator.py
[2025-02-24T20:11:17.244+0000] {processor.py:925} INFO - DAG(s) 'example_bash_decorator' retrieved from /home/airflow/.local/lib/python3.12/site-packages/airflow/example_dags/example_bash_decorator.py
[2025-02-24T20:11:17.270+0000] {logging_mixin.py:190} INFO - [2025-02-24T20:11:17.270+0000] {dag.py:3239} INFO - Sync 1 DAGs
[2025-02-24T20:11:17.286+0000] {logging_mixin.py:190} INFO - [2025-02-24T20:11:17.286+0000] {dag.py:4180} INFO - Setting next_dagrun for example_bash_decorator to None, run_after=None
[2025-02-24T20:11:17.317+0000] {processor.py:208} INFO - Processing /home/airflow/.local/lib/python3.12/site-packages/airflow/example_dags/example_bash_decorator.py took 0.096 seconds
[2025-02-24T20:11:49.841+0000] {processor.py:186} INFO - Started process (PID=1444) to work on /home/airflow/.local/lib/python3.12/site-packages/airflow/example_dags/example_bash_decorator.py
[2025-02-24T20:11:49.842+0000] {processor.py:914} INFO - Processing file /home/airflow/.local/lib/python3.12/site-packages/airflow/example_dags/example_bash_decorator.py for tasks to queue
[2025-02-24T20:11:49.844+0000] {logging_mixin.py:190} INFO - [2025-02-24T20:11:49.844+0000] {dagbag.py:588} INFO - Filling up the DagBag from /home/airflow/.local/lib/python3.12/site-packages/airflow/example_dags/example_bash_decorator.py
[2025-02-24T20:11:49.859+0000] {processor.py:925} INFO - DAG(s) 'example_bash_decorator' retrieved from /home/airflow/.local/lib/python3.12/site-packages/airflow/example_dags/example_bash_decorator.py
[2025-02-24T20:11:49.883+0000] {logging_mixin.py:190} INFO - [2025-02-24T20:11:49.883+0000] {dag.py:3239} INFO - Sync 1 DAGs
[2025-02-24T20:11:49.897+0000] {logging_mixin.py:190} INFO - [2025-02-24T20:11:49.897+0000] {dag.py:4180} INFO - Setting next_dagrun for example_bash_decorator to None, run_after=None
[2025-02-24T20:11:49.916+0000] {processor.py:208} INFO - Processing /home/airflow/.local/lib/python3.12/site-packages/airflow/example_dags/example_bash_decorator.py took 0.081 seconds
[2025-02-24T20:12:20.147+0000] {processor.py:186} INFO - Started process (PID=1507) to work on /home/airflow/.local/lib/python3.12/site-packages/airflow/example_dags/example_bash_decorator.py
[2025-02-24T20:12:20.149+0000] {processor.py:914} INFO - Processing file /home/airflow/.local/lib/python3.12/site-packages/airflow/example_dags/example_bash_decorator.py for tasks to queue
[2025-02-24T20:12:20.151+0000] {logging_mixin.py:190} INFO - [2025-02-24T20:12:20.151+0000] {dagbag.py:588} INFO - Filling up the DagBag from /home/airflow/.local/lib/python3.12/site-packages/airflow/example_dags/example_bash_decorator.py
[2025-02-24T20:12:20.167+0000] {processor.py:925} INFO - DAG(s) 'example_bash_decorator' retrieved from /home/airflow/.local/lib/python3.12/site-packages/airflow/example_dags/example_bash_decorator.py
[2025-02-24T20:12:20.190+0000] {logging_mixin.py:190} INFO - [2025-02-24T20:12:20.190+0000] {dag.py:3239} INFO - Sync 1 DAGs
[2025-02-24T20:12:20.204+0000] {logging_mixin.py:190} INFO - [2025-02-24T20:12:20.204+0000] {dag.py:4180} INFO - Setting next_dagrun for example_bash_decorator to None, run_after=None
[2025-02-24T20:12:20.233+0000] {processor.py:208} INFO - Processing /home/airflow/.local/lib/python3.12/site-packages/airflow/example_dags/example_bash_decorator.py took 0.092 seconds
[2025-02-24T20:12:52.150+0000] {processor.py:186} INFO - Started process (PID=1579) to work on /home/airflow/.local/lib/python3.12/site-packages/airflow/example_dags/example_bash_decorator.py
[2025-02-24T20:12:52.151+0000] {processor.py:914} INFO - Processing file /home/airflow/.local/lib/python3.12/site-packages/airflow/example_dags/example_bash_decorator.py for tasks to queue
[2025-02-24T20:12:52.153+0000] {logging_mixin.py:190} INFO - [2025-02-24T20:12:52.153+0000] {dagbag.py:588} INFO - Filling up the DagBag from /home/airflow/.local/lib/python3.12/site-packages/airflow/example_dags/example_bash_decorator.py
[2025-02-24T20:12:52.167+0000] {processor.py:925} INFO - DAG(s) 'example_bash_decorator' retrieved from /home/airflow/.local/lib/python3.12/site-packages/airflow/example_dags/example_bash_decorator.py
[2025-02-24T20:12:52.191+0000] {logging_mixin.py:190} INFO - [2025-02-24T20:12:52.191+0000] {dag.py:3239} INFO - Sync 1 DAGs
[2025-02-24T20:12:52.205+0000] {logging_mixin.py:190} INFO - [2025-02-24T20:12:52.205+0000] {dag.py:4180} INFO - Setting next_dagrun for example_bash_decorator to None, run_after=None
[2025-02-24T20:12:52.235+0000] {processor.py:208} INFO - Processing /home/airflow/.local/lib/python3.12/site-packages/airflow/example_dags/example_bash_decorator.py took 0.090 seconds
[2025-02-24T20:13:24.714+0000] {processor.py:186} INFO - Started process (PID=1646) to work on /home/airflow/.local/lib/python3.12/site-packages/airflow/example_dags/example_bash_decorator.py
[2025-02-24T20:13:24.715+0000] {processor.py:914} INFO - Processing file /home/airflow/.local/lib/python3.12/site-packages/airflow/example_dags/example_bash_decorator.py for tasks to queue
[2025-02-24T20:13:24.717+0000] {logging_mixin.py:190} INFO - [2025-02-24T20:13:24.717+0000] {dagbag.py:588} INFO - Filling up the DagBag from /home/airflow/.local/lib/python3.12/site-packages/airflow/example_dags/example_bash_decorator.py
[2025-02-24T20:13:24.732+0000] {processor.py:925} INFO - DAG(s) 'example_bash_decorator' retrieved from /home/airflow/.local/lib/python3.12/site-packages/airflow/example_dags/example_bash_decorator.py
[2025-02-24T20:13:24.755+0000] {logging_mixin.py:190} INFO - [2025-02-24T20:13:24.755+0000] {dag.py:3239} INFO - Sync 1 DAGs
[2025-02-24T20:13:24.770+0000] {logging_mixin.py:190} INFO - [2025-02-24T20:13:24.770+0000] {dag.py:4180} INFO - Setting next_dagrun for example_bash_decorator to None, run_after=None
[2025-02-24T20:13:24.799+0000] {processor.py:208} INFO - Processing /home/airflow/.local/lib/python3.12/site-packages/airflow/example_dags/example_bash_decorator.py took 0.090 seconds
[2025-02-24T20:13:56.373+0000] {processor.py:186} INFO - Started process (PID=1709) to work on /home/airflow/.local/lib/python3.12/site-packages/airflow/example_dags/example_bash_decorator.py
[2025-02-24T20:13:56.375+0000] {processor.py:914} INFO - Processing file /home/airflow/.local/lib/python3.12/site-packages/airflow/example_dags/example_bash_decorator.py for tasks to queue
[2025-02-24T20:13:56.377+0000] {logging_mixin.py:190} INFO - [2025-02-24T20:13:56.377+0000] {dagbag.py:588} INFO - Filling up the DagBag from /home/airflow/.local/lib/python3.12/site-packages/airflow/example_dags/example_bash_decorator.py
[2025-02-24T20:13:56.392+0000] {processor.py:925} INFO - DAG(s) 'example_bash_decorator' retrieved from /home/airflow/.local/lib/python3.12/site-packages/airflow/example_dags/example_bash_decorator.py
[2025-02-24T20:13:56.416+0000] {logging_mixin.py:190} INFO - [2025-02-24T20:13:56.415+0000] {dag.py:3239} INFO - Sync 1 DAGs
[2025-02-24T20:13:56.431+0000] {logging_mixin.py:190} INFO - [2025-02-24T20:13:56.431+0000] {dag.py:4180} INFO - Setting next_dagrun for example_bash_decorator to None, run_after=None
[2025-02-24T20:13:56.462+0000] {processor.py:208} INFO - Processing /home/airflow/.local/lib/python3.12/site-packages/airflow/example_dags/example_bash_decorator.py took 0.094 seconds
[2025-02-24T20:14:29.002+0000] {processor.py:186} INFO - Started process (PID=1772) to work on /home/airflow/.local/lib/python3.12/site-packages/airflow/example_dags/example_bash_decorator.py
[2025-02-24T20:14:29.003+0000] {processor.py:914} INFO - Processing file /home/airflow/.local/lib/python3.12/site-packages/airflow/example_dags/example_bash_decorator.py for tasks to queue
[2025-02-24T20:14:29.007+0000] {logging_mixin.py:190} INFO - [2025-02-24T20:14:29.006+0000] {dagbag.py:588} INFO - Filling up the DagBag from /home/airflow/.local/lib/python3.12/site-packages/airflow/example_dags/example_bash_decorator.py
[2025-02-24T20:14:29.030+0000] {processor.py:925} INFO - DAG(s) 'example_bash_decorator' retrieved from /home/airflow/.local/lib/python3.12/site-packages/airflow/example_dags/example_bash_decorator.py
[2025-02-24T20:14:29.060+0000] {logging_mixin.py:190} INFO - [2025-02-24T20:14:29.060+0000] {dag.py:3239} INFO - Sync 1 DAGs
[2025-02-24T20:14:29.083+0000] {logging_mixin.py:190} INFO - [2025-02-24T20:14:29.083+0000] {dag.py:4180} INFO - Setting next_dagrun for example_bash_decorator to None, run_after=None
[2025-02-24T20:14:29.111+0000] {processor.py:208} INFO - Processing /home/airflow/.local/lib/python3.12/site-packages/airflow/example_dags/example_bash_decorator.py took 0.118 seconds
[2025-02-24T20:15:00.989+0000] {processor.py:186} INFO - Started process (PID=1835) to work on /home/airflow/.local/lib/python3.12/site-packages/airflow/example_dags/example_bash_decorator.py
[2025-02-24T20:15:00.990+0000] {processor.py:914} INFO - Processing file /home/airflow/.local/lib/python3.12/site-packages/airflow/example_dags/example_bash_decorator.py for tasks to queue
[2025-02-24T20:15:00.994+0000] {logging_mixin.py:190} INFO - [2025-02-24T20:15:00.994+0000] {dagbag.py:588} INFO - Filling up the DagBag from /home/airflow/.local/lib/python3.12/site-packages/airflow/example_dags/example_bash_decorator.py
[2025-02-24T20:15:01.018+0000] {processor.py:925} INFO - DAG(s) 'example_bash_decorator' retrieved from /home/airflow/.local/lib/python3.12/site-packages/airflow/example_dags/example_bash_decorator.py
[2025-02-24T20:15:01.054+0000] {logging_mixin.py:190} INFO - [2025-02-24T20:15:01.053+0000] {dag.py:3239} INFO - Sync 1 DAGs
[2025-02-24T20:15:01.079+0000] {logging_mixin.py:190} INFO - [2025-02-24T20:15:01.078+0000] {dag.py:4180} INFO - Setting next_dagrun for example_bash_decorator to None, run_after=None
[2025-02-24T20:15:01.120+0000] {processor.py:208} INFO - Processing /home/airflow/.local/lib/python3.12/site-packages/airflow/example_dags/example_bash_decorator.py took 0.140 seconds
[2025-02-24T20:15:32.917+0000] {processor.py:186} INFO - Started process (PID=1897) to work on /home/airflow/.local/lib/python3.12/site-packages/airflow/example_dags/example_bash_decorator.py
[2025-02-24T20:15:32.919+0000] {processor.py:914} INFO - Processing file /home/airflow/.local/lib/python3.12/site-packages/airflow/example_dags/example_bash_decorator.py for tasks to queue
[2025-02-24T20:15:32.923+0000] {logging_mixin.py:190} INFO - [2025-02-24T20:15:32.922+0000] {dagbag.py:588} INFO - Filling up the DagBag from /home/airflow/.local/lib/python3.12/site-packages/airflow/example_dags/example_bash_decorator.py
[2025-02-24T20:15:32.959+0000] {processor.py:925} INFO - DAG(s) 'example_bash_decorator' retrieved from /home/airflow/.local/lib/python3.12/site-packages/airflow/example_dags/example_bash_decorator.py
[2025-02-24T20:15:33.013+0000] {logging_mixin.py:190} INFO - [2025-02-24T20:15:33.012+0000] {dag.py:3239} INFO - Sync 1 DAGs
[2025-02-24T20:15:33.060+0000] {logging_mixin.py:190} INFO - [2025-02-24T20:15:33.060+0000] {dag.py:4180} INFO - Setting next_dagrun for example_bash_decorator to None, run_after=None
[2025-02-24T20:15:33.119+0000] {processor.py:208} INFO - Processing /home/airflow/.local/lib/python3.12/site-packages/airflow/example_dags/example_bash_decorator.py took 0.212 seconds
[2025-02-24T20:16:05.578+0000] {processor.py:186} INFO - Started process (PID=1960) to work on /home/airflow/.local/lib/python3.12/site-packages/airflow/example_dags/example_bash_decorator.py
[2025-02-24T20:16:05.580+0000] {processor.py:914} INFO - Processing file /home/airflow/.local/lib/python3.12/site-packages/airflow/example_dags/example_bash_decorator.py for tasks to queue
[2025-02-24T20:16:05.583+0000] {logging_mixin.py:190} INFO - [2025-02-24T20:16:05.583+0000] {dagbag.py:588} INFO - Filling up the DagBag from /home/airflow/.local/lib/python3.12/site-packages/airflow/example_dags/example_bash_decorator.py
[2025-02-24T20:16:05.606+0000] {processor.py:925} INFO - DAG(s) 'example_bash_decorator' retrieved from /home/airflow/.local/lib/python3.12/site-packages/airflow/example_dags/example_bash_decorator.py
[2025-02-24T20:16:05.637+0000] {logging_mixin.py:190} INFO - [2025-02-24T20:16:05.637+0000] {dag.py:3239} INFO - Sync 1 DAGs
[2025-02-24T20:16:05.661+0000] {logging_mixin.py:190} INFO - [2025-02-24T20:16:05.661+0000] {dag.py:4180} INFO - Setting next_dagrun for example_bash_decorator to None, run_after=None
[2025-02-24T20:16:05.703+0000] {processor.py:208} INFO - Processing /home/airflow/.local/lib/python3.12/site-packages/airflow/example_dags/example_bash_decorator.py took 0.133 seconds
[2025-02-24T20:16:36.910+0000] {processor.py:186} INFO - Started process (PID=2023) to work on /home/airflow/.local/lib/python3.12/site-packages/airflow/example_dags/example_bash_decorator.py
[2025-02-24T20:16:36.912+0000] {processor.py:914} INFO - Processing file /home/airflow/.local/lib/python3.12/site-packages/airflow/example_dags/example_bash_decorator.py for tasks to queue
[2025-02-24T20:16:36.916+0000] {logging_mixin.py:190} INFO - [2025-02-24T20:16:36.915+0000] {dagbag.py:588} INFO - Filling up the DagBag from /home/airflow/.local/lib/python3.12/site-packages/airflow/example_dags/example_bash_decorator.py
[2025-02-24T20:16:36.945+0000] {processor.py:925} INFO - DAG(s) 'example_bash_decorator' retrieved from /home/airflow/.local/lib/python3.12/site-packages/airflow/example_dags/example_bash_decorator.py
[2025-02-24T20:16:36.985+0000] {logging_mixin.py:190} INFO - [2025-02-24T20:16:36.984+0000] {dag.py:3239} INFO - Sync 1 DAGs
[2025-02-24T20:16:37.009+0000] {logging_mixin.py:190} INFO - [2025-02-24T20:16:37.008+0000] {dag.py:4180} INFO - Setting next_dagrun for example_bash_decorator to None, run_after=None
[2025-02-24T20:16:37.040+0000] {processor.py:208} INFO - Processing /home/airflow/.local/lib/python3.12/site-packages/airflow/example_dags/example_bash_decorator.py took 0.141 seconds
[2025-02-24T20:17:08.749+0000] {processor.py:186} INFO - Started process (PID=2086) to work on /home/airflow/.local/lib/python3.12/site-packages/airflow/example_dags/example_bash_decorator.py
[2025-02-24T20:17:08.751+0000] {processor.py:914} INFO - Processing file /home/airflow/.local/lib/python3.12/site-packages/airflow/example_dags/example_bash_decorator.py for tasks to queue
[2025-02-24T20:17:08.755+0000] {logging_mixin.py:190} INFO - [2025-02-24T20:17:08.754+0000] {dagbag.py:588} INFO - Filling up the DagBag from /home/airflow/.local/lib/python3.12/site-packages/airflow/example_dags/example_bash_decorator.py
[2025-02-24T20:17:08.785+0000] {processor.py:925} INFO - DAG(s) 'example_bash_decorator' retrieved from /home/airflow/.local/lib/python3.12/site-packages/airflow/example_dags/example_bash_decorator.py
[2025-02-24T20:17:08.827+0000] {logging_mixin.py:190} INFO - [2025-02-24T20:17:08.827+0000] {dag.py:3239} INFO - Sync 1 DAGs
[2025-02-24T20:17:08.860+0000] {logging_mixin.py:190} INFO - [2025-02-24T20:17:08.859+0000] {dag.py:4180} INFO - Setting next_dagrun for example_bash_decorator to None, run_after=None
[2025-02-24T20:17:08.897+0000] {processor.py:208} INFO - Processing /home/airflow/.local/lib/python3.12/site-packages/airflow/example_dags/example_bash_decorator.py took 0.158 seconds
[2025-02-24T20:17:39.110+0000] {processor.py:186} INFO - Started process (PID=2148) to work on /home/airflow/.local/lib/python3.12/site-packages/airflow/example_dags/example_bash_decorator.py
[2025-02-24T20:17:39.111+0000] {processor.py:914} INFO - Processing file /home/airflow/.local/lib/python3.12/site-packages/airflow/example_dags/example_bash_decorator.py for tasks to queue
[2025-02-24T20:17:39.115+0000] {logging_mixin.py:190} INFO - [2025-02-24T20:17:39.114+0000] {dagbag.py:588} INFO - Filling up the DagBag from /home/airflow/.local/lib/python3.12/site-packages/airflow/example_dags/example_bash_decorator.py
[2025-02-24T20:17:39.138+0000] {processor.py:925} INFO - DAG(s) 'example_bash_decorator' retrieved from /home/airflow/.local/lib/python3.12/site-packages/airflow/example_dags/example_bash_decorator.py
[2025-02-24T20:17:39.170+0000] {logging_mixin.py:190} INFO - [2025-02-24T20:17:39.170+0000] {dag.py:3239} INFO - Sync 1 DAGs
[2025-02-24T20:17:39.196+0000] {logging_mixin.py:190} INFO - [2025-02-24T20:17:39.195+0000] {dag.py:4180} INFO - Setting next_dagrun for example_bash_decorator to None, run_after=None
[2025-02-24T20:17:39.230+0000] {processor.py:208} INFO - Processing /home/airflow/.local/lib/python3.12/site-packages/airflow/example_dags/example_bash_decorator.py took 0.130 seconds
[2025-02-24T20:18:09.449+0000] {processor.py:186} INFO - Started process (PID=2211) to work on /home/airflow/.local/lib/python3.12/site-packages/airflow/example_dags/example_bash_decorator.py
[2025-02-24T20:18:09.450+0000] {processor.py:914} INFO - Processing file /home/airflow/.local/lib/python3.12/site-packages/airflow/example_dags/example_bash_decorator.py for tasks to queue
[2025-02-24T20:18:09.454+0000] {logging_mixin.py:190} INFO - [2025-02-24T20:18:09.453+0000] {dagbag.py:588} INFO - Filling up the DagBag from /home/airflow/.local/lib/python3.12/site-packages/airflow/example_dags/example_bash_decorator.py
[2025-02-24T20:18:09.477+0000] {processor.py:925} INFO - DAG(s) 'example_bash_decorator' retrieved from /home/airflow/.local/lib/python3.12/site-packages/airflow/example_dags/example_bash_decorator.py
[2025-02-24T20:18:09.509+0000] {logging_mixin.py:190} INFO - [2025-02-24T20:18:09.508+0000] {dag.py:3239} INFO - Sync 1 DAGs
[2025-02-24T20:18:09.530+0000] {logging_mixin.py:190} INFO - [2025-02-24T20:18:09.530+0000] {dag.py:4180} INFO - Setting next_dagrun for example_bash_decorator to None, run_after=None
[2025-02-24T20:18:09.561+0000] {processor.py:208} INFO - Processing /home/airflow/.local/lib/python3.12/site-packages/airflow/example_dags/example_bash_decorator.py took 0.122 seconds
[2025-02-24T20:18:39.963+0000] {processor.py:186} INFO - Started process (PID=2274) to work on /home/airflow/.local/lib/python3.12/site-packages/airflow/example_dags/example_bash_decorator.py
[2025-02-24T20:18:39.965+0000] {processor.py:914} INFO - Processing file /home/airflow/.local/lib/python3.12/site-packages/airflow/example_dags/example_bash_decorator.py for tasks to queue
[2025-02-24T20:18:39.969+0000] {logging_mixin.py:190} INFO - [2025-02-24T20:18:39.968+0000] {dagbag.py:588} INFO - Filling up the DagBag from /home/airflow/.local/lib/python3.12/site-packages/airflow/example_dags/example_bash_decorator.py
[2025-02-24T20:18:40.004+0000] {processor.py:925} INFO - DAG(s) 'example_bash_decorator' retrieved from /home/airflow/.local/lib/python3.12/site-packages/airflow/example_dags/example_bash_decorator.py
[2025-02-24T20:18:40.042+0000] {logging_mixin.py:190} INFO - [2025-02-24T20:18:40.041+0000] {dag.py:3239} INFO - Sync 1 DAGs
[2025-02-24T20:18:40.064+0000] {logging_mixin.py:190} INFO - [2025-02-24T20:18:40.064+0000] {dag.py:4180} INFO - Setting next_dagrun for example_bash_decorator to None, run_after=None
[2025-02-24T20:18:40.096+0000] {processor.py:208} INFO - Processing /home/airflow/.local/lib/python3.12/site-packages/airflow/example_dags/example_bash_decorator.py took 0.142 seconds
[2025-02-24T20:19:11.956+0000] {processor.py:186} INFO - Started process (PID=2337) to work on /home/airflow/.local/lib/python3.12/site-packages/airflow/example_dags/example_bash_decorator.py
[2025-02-24T20:19:11.958+0000] {processor.py:914} INFO - Processing file /home/airflow/.local/lib/python3.12/site-packages/airflow/example_dags/example_bash_decorator.py for tasks to queue
[2025-02-24T20:19:11.963+0000] {logging_mixin.py:190} INFO - [2025-02-24T20:19:11.963+0000] {dagbag.py:588} INFO - Filling up the DagBag from /home/airflow/.local/lib/python3.12/site-packages/airflow/example_dags/example_bash_decorator.py
[2025-02-24T20:19:11.995+0000] {processor.py:925} INFO - DAG(s) 'example_bash_decorator' retrieved from /home/airflow/.local/lib/python3.12/site-packages/airflow/example_dags/example_bash_decorator.py
[2025-02-24T20:19:12.033+0000] {logging_mixin.py:190} INFO - [2025-02-24T20:19:12.033+0000] {dag.py:3239} INFO - Sync 1 DAGs
[2025-02-24T20:19:12.066+0000] {logging_mixin.py:190} INFO - [2025-02-24T20:19:12.065+0000] {dag.py:4180} INFO - Setting next_dagrun for example_bash_decorator to None, run_after=None
[2025-02-24T20:19:12.104+0000] {processor.py:208} INFO - Processing /home/airflow/.local/lib/python3.12/site-packages/airflow/example_dags/example_bash_decorator.py took 0.158 seconds
[2025-02-24T21:42:36.930+0000] {processor.py:186} INFO - Started process (PID=260) to work on /home/airflow/.local/lib/python3.12/site-packages/airflow/example_dags/example_bash_decorator.py
[2025-02-24T21:42:36.943+0000] {processor.py:914} INFO - Processing file /home/airflow/.local/lib/python3.12/site-packages/airflow/example_dags/example_bash_decorator.py for tasks to queue
[2025-02-24T21:42:36.964+0000] {logging_mixin.py:190} INFO - [2025-02-24T21:42:36.962+0000] {dagbag.py:588} INFO - Filling up the DagBag from /home/airflow/.local/lib/python3.12/site-packages/airflow/example_dags/example_bash_decorator.py
[2025-02-24T21:42:37.789+0000] {processor.py:925} INFO - DAG(s) 'example_bash_decorator' retrieved from /home/airflow/.local/lib/python3.12/site-packages/airflow/example_dags/example_bash_decorator.py
[2025-02-24T21:42:58.654+0000] {logging_mixin.py:190} INFO - [2025-02-24T21:42:58.653+0000] {override.py:1912} INFO - Created Permission View: can edit on DAG:example_bash_decorator
[2025-02-24T21:42:58.678+0000] {logging_mixin.py:190} INFO - [2025-02-24T21:42:58.677+0000] {override.py:1912} INFO - Created Permission View: can read on DAG:example_bash_decorator
[2025-02-24T21:42:58.687+0000] {logging_mixin.py:190} INFO - [2025-02-24T21:42:58.687+0000] {override.py:1912} INFO - Created Permission View: can delete on DAG:example_bash_decorator
[2025-02-24T21:43:01.664+0000] {logging_mixin.py:190} INFO - [2025-02-24T21:43:01.664+0000] {override.py:1912} INFO - Created Permission View: can delete on DAG Run:example_bash_decorator
[2025-02-24T21:43:01.676+0000] {logging_mixin.py:190} INFO - [2025-02-24T21:43:01.675+0000] {override.py:1912} INFO - Created Permission View: can read on DAG Run:example_bash_decorator
[2025-02-24T21:43:02.325+0000] {logging_mixin.py:190} INFO - [2025-02-24T21:43:02.324+0000] {override.py:1912} INFO - Created Permission View: can create on DAG Run:example_bash_decorator
[2025-02-24T21:43:11.786+0000] {logging_mixin.py:190} INFO - [2025-02-24T21:43:07.961+0000] {override.py:1912} INFO - Created Permission View: menu access on DAG Run:example_bash_decorator
[2025-02-24T21:43:14.153+0000] {logging_mixin.py:190} INFO - [2025-02-24T21:43:14.152+0000] {dag.py:3239} INFO - Sync 1 DAGs
[2025-02-24T21:43:15.605+0000] {logging_mixin.py:190} INFO - [2025-02-24T21:43:15.604+0000] {dag.py:3262} INFO - Creating ORM DAG for example_bash_decorator
[2025-02-24T21:43:23.838+0000] {logging_mixin.py:190} INFO - [2025-02-24T21:43:23.838+0000] {dag.py:4180} INFO - Setting next_dagrun for example_bash_decorator to None, run_after=None
