[2025-02-24T20:00:46.255+0000] {processor.py:186} INFO - Started process (PID=96) to work on /home/airflow/.local/lib/python3.12/site-packages/airflow/example_dags/example_python_decorator.py
[2025-02-24T20:00:46.270+0000] {processor.py:914} INFO - Processing file /home/airflow/.local/lib/python3.12/site-packages/airflow/example_dags/example_python_decorator.py for tasks to queue
[2025-02-24T20:00:46.283+0000] {logging_mixin.py:190} INFO - [2025-02-24T20:00:46.282+0000] {dagbag.py:588} INFO - Filling up the DagBag from /home/airflow/.local/lib/python3.12/site-packages/airflow/example_dags/example_python_decorator.py
[2025-02-24T20:00:46.356+0000] {processor.py:925} INFO - DAG(s) 'example_python_decorator' retrieved from /home/airflow/.local/lib/python3.12/site-packages/airflow/example_dags/example_python_decorator.py
[2025-02-24T20:00:46.639+0000] {logging_mixin.py:190} INFO - [2025-02-24T20:00:46.637+0000] {override.py:1912} INFO - Created Permission View: can edit on DAG:example_python_decorator
[2025-02-24T20:00:46.661+0000] {logging_mixin.py:190} INFO - [2025-02-24T20:00:46.660+0000] {override.py:1912} INFO - Created Permission View: can delete on DAG:example_python_decorator
[2025-02-24T20:00:46.673+0000] {logging_mixin.py:190} INFO - [2025-02-24T20:00:46.673+0000] {override.py:1912} INFO - Created Permission View: can read on DAG:example_python_decorator
[2025-02-24T20:00:46.687+0000] {logging_mixin.py:190} INFO - [2025-02-24T20:00:46.686+0000] {override.py:1912} INFO - Created Permission View: can delete on DAG Run:example_python_decorator
[2025-02-24T20:00:46.700+0000] {logging_mixin.py:190} INFO - [2025-02-24T20:00:46.699+0000] {override.py:1912} INFO - Created Permission View: can create on DAG Run:example_python_decorator
[2025-02-24T20:00:46.713+0000] {logging_mixin.py:190} INFO - [2025-02-24T20:00:46.713+0000] {override.py:1912} INFO - Created Permission View: menu access on DAG Run:example_python_decorator
[2025-02-24T20:00:46.727+0000] {logging_mixin.py:190} INFO - [2025-02-24T20:00:46.727+0000] {override.py:1912} INFO - Created Permission View: can read on DAG Run:example_python_decorator
[2025-02-24T20:00:46.728+0000] {logging_mixin.py:190} INFO - [2025-02-24T20:00:46.728+0000] {dag.py:3239} INFO - Sync 1 DAGs
[2025-02-24T20:00:46.755+0000] {logging_mixin.py:190} INFO - [2025-02-24T20:00:46.755+0000] {dag.py:3262} INFO - Creating ORM DAG for example_python_decorator
[2025-02-24T20:00:46.757+0000] {logging_mixin.py:190} INFO - [2025-02-24T20:00:46.757+0000] {dag.py:4180} INFO - Setting next_dagrun for example_python_decorator to None, run_after=None
[2025-02-24T20:00:46.791+0000] {processor.py:208} INFO - Processing /home/airflow/.local/lib/python3.12/site-packages/airflow/example_dags/example_python_decorator.py took 0.563 seconds
[2025-02-24T20:01:17.681+0000] {processor.py:186} INFO - Started process (PID=159) to work on /home/airflow/.local/lib/python3.12/site-packages/airflow/example_dags/example_python_decorator.py
[2025-02-24T20:01:17.683+0000] {processor.py:914} INFO - Processing file /home/airflow/.local/lib/python3.12/site-packages/airflow/example_dags/example_python_decorator.py for tasks to queue
[2025-02-24T20:01:17.685+0000] {logging_mixin.py:190} INFO - [2025-02-24T20:01:17.684+0000] {dagbag.py:588} INFO - Filling up the DagBag from /home/airflow/.local/lib/python3.12/site-packages/airflow/example_dags/example_python_decorator.py
[2025-02-24T20:01:17.704+0000] {processor.py:925} INFO - DAG(s) 'example_python_decorator' retrieved from /home/airflow/.local/lib/python3.12/site-packages/airflow/example_dags/example_python_decorator.py
[2025-02-24T20:01:17.733+0000] {logging_mixin.py:190} INFO - [2025-02-24T20:01:17.733+0000] {dag.py:3239} INFO - Sync 1 DAGs
[2025-02-24T20:01:17.752+0000] {logging_mixin.py:190} INFO - [2025-02-24T20:01:17.752+0000] {dag.py:4180} INFO - Setting next_dagrun for example_python_decorator to None, run_after=None
[2025-02-24T20:01:17.780+0000] {processor.py:208} INFO - Processing /home/airflow/.local/lib/python3.12/site-packages/airflow/example_dags/example_python_decorator.py took 0.104 seconds
[2025-02-24T20:01:48.096+0000] {processor.py:186} INFO - Started process (PID=221) to work on /home/airflow/.local/lib/python3.12/site-packages/airflow/example_dags/example_python_decorator.py
[2025-02-24T20:01:48.098+0000] {processor.py:914} INFO - Processing file /home/airflow/.local/lib/python3.12/site-packages/airflow/example_dags/example_python_decorator.py for tasks to queue
[2025-02-24T20:01:48.101+0000] {logging_mixin.py:190} INFO - [2025-02-24T20:01:48.101+0000] {dagbag.py:588} INFO - Filling up the DagBag from /home/airflow/.local/lib/python3.12/site-packages/airflow/example_dags/example_python_decorator.py
[2025-02-24T20:01:48.127+0000] {processor.py:925} INFO - DAG(s) 'example_python_decorator' retrieved from /home/airflow/.local/lib/python3.12/site-packages/airflow/example_dags/example_python_decorator.py
[2025-02-24T20:01:48.158+0000] {logging_mixin.py:190} INFO - [2025-02-24T20:01:48.158+0000] {dag.py:3239} INFO - Sync 1 DAGs
[2025-02-24T20:01:48.175+0000] {logging_mixin.py:190} INFO - [2025-02-24T20:01:48.174+0000] {dag.py:4180} INFO - Setting next_dagrun for example_python_decorator to None, run_after=None
[2025-02-24T20:01:48.196+0000] {processor.py:208} INFO - Processing /home/airflow/.local/lib/python3.12/site-packages/airflow/example_dags/example_python_decorator.py took 0.110 seconds
[2025-02-24T20:02:23.244+0000] {processor.py:186} INFO - Started process (PID=290) to work on /home/airflow/.local/lib/python3.12/site-packages/airflow/example_dags/example_python_decorator.py
[2025-02-24T20:02:23.246+0000] {processor.py:914} INFO - Processing file /home/airflow/.local/lib/python3.12/site-packages/airflow/example_dags/example_python_decorator.py for tasks to queue
[2025-02-24T20:02:23.250+0000] {logging_mixin.py:190} INFO - [2025-02-24T20:02:23.249+0000] {dagbag.py:588} INFO - Filling up the DagBag from /home/airflow/.local/lib/python3.12/site-packages/airflow/example_dags/example_python_decorator.py
[2025-02-24T20:02:23.280+0000] {processor.py:925} INFO - DAG(s) 'example_python_decorator' retrieved from /home/airflow/.local/lib/python3.12/site-packages/airflow/example_dags/example_python_decorator.py
[2025-02-24T20:02:23.341+0000] {logging_mixin.py:190} INFO - [2025-02-24T20:02:23.340+0000] {dag.py:3239} INFO - Sync 1 DAGs
[2025-02-24T20:02:23.382+0000] {logging_mixin.py:190} INFO - [2025-02-24T20:02:23.382+0000] {dag.py:4180} INFO - Setting next_dagrun for example_python_decorator to None, run_after=None
[2025-02-24T20:02:23.461+0000] {processor.py:208} INFO - Processing /home/airflow/.local/lib/python3.12/site-packages/airflow/example_dags/example_python_decorator.py took 0.226 seconds
[2025-02-24T20:02:54.576+0000] {processor.py:186} INFO - Started process (PID=353) to work on /home/airflow/.local/lib/python3.12/site-packages/airflow/example_dags/example_python_decorator.py
[2025-02-24T20:02:54.577+0000] {processor.py:914} INFO - Processing file /home/airflow/.local/lib/python3.12/site-packages/airflow/example_dags/example_python_decorator.py for tasks to queue
[2025-02-24T20:02:54.580+0000] {logging_mixin.py:190} INFO - [2025-02-24T20:02:54.580+0000] {dagbag.py:588} INFO - Filling up the DagBag from /home/airflow/.local/lib/python3.12/site-packages/airflow/example_dags/example_python_decorator.py
[2025-02-24T20:02:54.599+0000] {processor.py:925} INFO - DAG(s) 'example_python_decorator' retrieved from /home/airflow/.local/lib/python3.12/site-packages/airflow/example_dags/example_python_decorator.py
[2025-02-24T20:02:54.624+0000] {logging_mixin.py:190} INFO - [2025-02-24T20:02:54.624+0000] {dag.py:3239} INFO - Sync 1 DAGs
[2025-02-24T20:02:54.641+0000] {logging_mixin.py:190} INFO - [2025-02-24T20:02:54.641+0000] {dag.py:4180} INFO - Setting next_dagrun for example_python_decorator to None, run_after=None
[2025-02-24T20:02:54.665+0000] {processor.py:208} INFO - Processing /home/airflow/.local/lib/python3.12/site-packages/airflow/example_dags/example_python_decorator.py took 0.096 seconds
[2025-02-24T20:03:25.554+0000] {processor.py:186} INFO - Started process (PID=416) to work on /home/airflow/.local/lib/python3.12/site-packages/airflow/example_dags/example_python_decorator.py
[2025-02-24T20:03:25.555+0000] {processor.py:914} INFO - Processing file /home/airflow/.local/lib/python3.12/site-packages/airflow/example_dags/example_python_decorator.py for tasks to queue
[2025-02-24T20:03:25.558+0000] {logging_mixin.py:190} INFO - [2025-02-24T20:03:25.557+0000] {dagbag.py:588} INFO - Filling up the DagBag from /home/airflow/.local/lib/python3.12/site-packages/airflow/example_dags/example_python_decorator.py
[2025-02-24T20:03:25.572+0000] {processor.py:925} INFO - DAG(s) 'example_python_decorator' retrieved from /home/airflow/.local/lib/python3.12/site-packages/airflow/example_dags/example_python_decorator.py
[2025-02-24T20:03:25.594+0000] {logging_mixin.py:190} INFO - [2025-02-24T20:03:25.594+0000] {dag.py:3239} INFO - Sync 1 DAGs
[2025-02-24T20:03:25.609+0000] {logging_mixin.py:190} INFO - [2025-02-24T20:03:25.609+0000] {dag.py:4180} INFO - Setting next_dagrun for example_python_decorator to None, run_after=None
[2025-02-24T20:03:25.651+0000] {processor.py:208} INFO - Processing /home/airflow/.local/lib/python3.12/site-packages/airflow/example_dags/example_python_decorator.py took 0.102 seconds
[2025-02-24T20:03:56.994+0000] {processor.py:186} INFO - Started process (PID=479) to work on /home/airflow/.local/lib/python3.12/site-packages/airflow/example_dags/example_python_decorator.py
[2025-02-24T20:03:56.995+0000] {processor.py:914} INFO - Processing file /home/airflow/.local/lib/python3.12/site-packages/airflow/example_dags/example_python_decorator.py for tasks to queue
[2025-02-24T20:03:57.000+0000] {logging_mixin.py:190} INFO - [2025-02-24T20:03:56.999+0000] {dagbag.py:588} INFO - Filling up the DagBag from /home/airflow/.local/lib/python3.12/site-packages/airflow/example_dags/example_python_decorator.py
[2025-02-24T20:03:57.017+0000] {processor.py:925} INFO - DAG(s) 'example_python_decorator' retrieved from /home/airflow/.local/lib/python3.12/site-packages/airflow/example_dags/example_python_decorator.py
[2025-02-24T20:03:57.046+0000] {logging_mixin.py:190} INFO - [2025-02-24T20:03:57.045+0000] {dag.py:3239} INFO - Sync 1 DAGs
[2025-02-24T20:03:57.062+0000] {logging_mixin.py:190} INFO - [2025-02-24T20:03:57.062+0000] {dag.py:4180} INFO - Setting next_dagrun for example_python_decorator to None, run_after=None
[2025-02-24T20:03:57.083+0000] {processor.py:208} INFO - Processing /home/airflow/.local/lib/python3.12/site-packages/airflow/example_dags/example_python_decorator.py took 0.096 seconds
[2025-02-24T20:04:28.202+0000] {processor.py:186} INFO - Started process (PID=542) to work on /home/airflow/.local/lib/python3.12/site-packages/airflow/example_dags/example_python_decorator.py
[2025-02-24T20:04:28.203+0000] {processor.py:914} INFO - Processing file /home/airflow/.local/lib/python3.12/site-packages/airflow/example_dags/example_python_decorator.py for tasks to queue
[2025-02-24T20:04:28.206+0000] {logging_mixin.py:190} INFO - [2025-02-24T20:04:28.206+0000] {dagbag.py:588} INFO - Filling up the DagBag from /home/airflow/.local/lib/python3.12/site-packages/airflow/example_dags/example_python_decorator.py
[2025-02-24T20:04:28.222+0000] {processor.py:925} INFO - DAG(s) 'example_python_decorator' retrieved from /home/airflow/.local/lib/python3.12/site-packages/airflow/example_dags/example_python_decorator.py
[2025-02-24T20:04:28.245+0000] {logging_mixin.py:190} INFO - [2025-02-24T20:04:28.245+0000] {dag.py:3239} INFO - Sync 1 DAGs
[2025-02-24T20:04:28.261+0000] {logging_mixin.py:190} INFO - [2025-02-24T20:04:28.261+0000] {dag.py:4180} INFO - Setting next_dagrun for example_python_decorator to None, run_after=None
[2025-02-24T20:04:28.283+0000] {processor.py:208} INFO - Processing /home/airflow/.local/lib/python3.12/site-packages/airflow/example_dags/example_python_decorator.py took 0.087 seconds
[2025-02-24T20:04:59.575+0000] {processor.py:186} INFO - Started process (PID=605) to work on /home/airflow/.local/lib/python3.12/site-packages/airflow/example_dags/example_python_decorator.py
[2025-02-24T20:04:59.576+0000] {processor.py:914} INFO - Processing file /home/airflow/.local/lib/python3.12/site-packages/airflow/example_dags/example_python_decorator.py for tasks to queue
[2025-02-24T20:04:59.579+0000] {logging_mixin.py:190} INFO - [2025-02-24T20:04:59.578+0000] {dagbag.py:588} INFO - Filling up the DagBag from /home/airflow/.local/lib/python3.12/site-packages/airflow/example_dags/example_python_decorator.py
[2025-02-24T20:04:59.593+0000] {processor.py:925} INFO - DAG(s) 'example_python_decorator' retrieved from /home/airflow/.local/lib/python3.12/site-packages/airflow/example_dags/example_python_decorator.py
[2025-02-24T20:04:59.615+0000] {logging_mixin.py:190} INFO - [2025-02-24T20:04:59.615+0000] {dag.py:3239} INFO - Sync 1 DAGs
[2025-02-24T20:04:59.629+0000] {logging_mixin.py:190} INFO - [2025-02-24T20:04:59.629+0000] {dag.py:4180} INFO - Setting next_dagrun for example_python_decorator to None, run_after=None
[2025-02-24T20:04:59.652+0000] {processor.py:208} INFO - Processing /home/airflow/.local/lib/python3.12/site-packages/airflow/example_dags/example_python_decorator.py took 0.082 seconds
[2025-02-24T20:05:31.961+0000] {processor.py:186} INFO - Started process (PID=668) to work on /home/airflow/.local/lib/python3.12/site-packages/airflow/example_dags/example_python_decorator.py
[2025-02-24T20:05:31.962+0000] {processor.py:914} INFO - Processing file /home/airflow/.local/lib/python3.12/site-packages/airflow/example_dags/example_python_decorator.py for tasks to queue
[2025-02-24T20:05:31.965+0000] {logging_mixin.py:190} INFO - [2025-02-24T20:05:31.965+0000] {dagbag.py:588} INFO - Filling up the DagBag from /home/airflow/.local/lib/python3.12/site-packages/airflow/example_dags/example_python_decorator.py
[2025-02-24T20:05:31.985+0000] {processor.py:925} INFO - DAG(s) 'example_python_decorator' retrieved from /home/airflow/.local/lib/python3.12/site-packages/airflow/example_dags/example_python_decorator.py
[2025-02-24T20:05:32.016+0000] {logging_mixin.py:190} INFO - [2025-02-24T20:05:32.015+0000] {dag.py:3239} INFO - Sync 1 DAGs
[2025-02-24T20:05:32.042+0000] {logging_mixin.py:190} INFO - [2025-02-24T20:05:32.041+0000] {dag.py:4180} INFO - Setting next_dagrun for example_python_decorator to None, run_after=None
[2025-02-24T20:05:32.067+0000] {processor.py:208} INFO - Processing /home/airflow/.local/lib/python3.12/site-packages/airflow/example_dags/example_python_decorator.py took 0.114 seconds
[2025-02-24T20:06:03.628+0000] {processor.py:186} INFO - Started process (PID=731) to work on /home/airflow/.local/lib/python3.12/site-packages/airflow/example_dags/example_python_decorator.py
[2025-02-24T20:06:03.629+0000] {processor.py:914} INFO - Processing file /home/airflow/.local/lib/python3.12/site-packages/airflow/example_dags/example_python_decorator.py for tasks to queue
[2025-02-24T20:06:03.631+0000] {logging_mixin.py:190} INFO - [2025-02-24T20:06:03.631+0000] {dagbag.py:588} INFO - Filling up the DagBag from /home/airflow/.local/lib/python3.12/site-packages/airflow/example_dags/example_python_decorator.py
[2025-02-24T20:06:03.646+0000] {processor.py:925} INFO - DAG(s) 'example_python_decorator' retrieved from /home/airflow/.local/lib/python3.12/site-packages/airflow/example_dags/example_python_decorator.py
[2025-02-24T20:06:03.668+0000] {logging_mixin.py:190} INFO - [2025-02-24T20:06:03.668+0000] {dag.py:3239} INFO - Sync 1 DAGs
[2025-02-24T20:06:03.686+0000] {logging_mixin.py:190} INFO - [2025-02-24T20:06:03.685+0000] {dag.py:4180} INFO - Setting next_dagrun for example_python_decorator to None, run_after=None
[2025-02-24T20:06:03.710+0000] {processor.py:208} INFO - Processing /home/airflow/.local/lib/python3.12/site-packages/airflow/example_dags/example_python_decorator.py took 0.089 seconds
[2025-02-24T20:06:34.896+0000] {processor.py:186} INFO - Started process (PID=794) to work on /home/airflow/.local/lib/python3.12/site-packages/airflow/example_dags/example_python_decorator.py
[2025-02-24T20:06:34.897+0000] {processor.py:914} INFO - Processing file /home/airflow/.local/lib/python3.12/site-packages/airflow/example_dags/example_python_decorator.py for tasks to queue
[2025-02-24T20:06:34.899+0000] {logging_mixin.py:190} INFO - [2025-02-24T20:06:34.899+0000] {dagbag.py:588} INFO - Filling up the DagBag from /home/airflow/.local/lib/python3.12/site-packages/airflow/example_dags/example_python_decorator.py
[2025-02-24T20:06:34.913+0000] {processor.py:925} INFO - DAG(s) 'example_python_decorator' retrieved from /home/airflow/.local/lib/python3.12/site-packages/airflow/example_dags/example_python_decorator.py
[2025-02-24T20:06:34.936+0000] {logging_mixin.py:190} INFO - [2025-02-24T20:06:34.936+0000] {dag.py:3239} INFO - Sync 1 DAGs
[2025-02-24T20:06:34.953+0000] {logging_mixin.py:190} INFO - [2025-02-24T20:06:34.953+0000] {dag.py:4180} INFO - Setting next_dagrun for example_python_decorator to None, run_after=None
[2025-02-24T20:06:34.974+0000] {processor.py:208} INFO - Processing /home/airflow/.local/lib/python3.12/site-packages/airflow/example_dags/example_python_decorator.py took 0.083 seconds
[2025-02-24T20:07:06.051+0000] {processor.py:186} INFO - Started process (PID=857) to work on /home/airflow/.local/lib/python3.12/site-packages/airflow/example_dags/example_python_decorator.py
[2025-02-24T20:07:06.052+0000] {processor.py:914} INFO - Processing file /home/airflow/.local/lib/python3.12/site-packages/airflow/example_dags/example_python_decorator.py for tasks to queue
[2025-02-24T20:07:06.055+0000] {logging_mixin.py:190} INFO - [2025-02-24T20:07:06.054+0000] {dagbag.py:588} INFO - Filling up the DagBag from /home/airflow/.local/lib/python3.12/site-packages/airflow/example_dags/example_python_decorator.py
[2025-02-24T20:07:06.069+0000] {processor.py:925} INFO - DAG(s) 'example_python_decorator' retrieved from /home/airflow/.local/lib/python3.12/site-packages/airflow/example_dags/example_python_decorator.py
[2025-02-24T20:07:06.093+0000] {logging_mixin.py:190} INFO - [2025-02-24T20:07:06.093+0000] {dag.py:3239} INFO - Sync 1 DAGs
[2025-02-24T20:07:06.110+0000] {logging_mixin.py:190} INFO - [2025-02-24T20:07:06.110+0000] {dag.py:4180} INFO - Setting next_dagrun for example_python_decorator to None, run_after=None
[2025-02-24T20:07:06.131+0000] {processor.py:208} INFO - Processing /home/airflow/.local/lib/python3.12/site-packages/airflow/example_dags/example_python_decorator.py took 0.086 seconds
[2025-02-24T20:07:37.375+0000] {processor.py:186} INFO - Started process (PID=920) to work on /home/airflow/.local/lib/python3.12/site-packages/airflow/example_dags/example_python_decorator.py
[2025-02-24T20:07:37.376+0000] {processor.py:914} INFO - Processing file /home/airflow/.local/lib/python3.12/site-packages/airflow/example_dags/example_python_decorator.py for tasks to queue
[2025-02-24T20:07:37.379+0000] {logging_mixin.py:190} INFO - [2025-02-24T20:07:37.378+0000] {dagbag.py:588} INFO - Filling up the DagBag from /home/airflow/.local/lib/python3.12/site-packages/airflow/example_dags/example_python_decorator.py
[2025-02-24T20:07:37.393+0000] {processor.py:925} INFO - DAG(s) 'example_python_decorator' retrieved from /home/airflow/.local/lib/python3.12/site-packages/airflow/example_dags/example_python_decorator.py
[2025-02-24T20:07:37.421+0000] {logging_mixin.py:190} INFO - [2025-02-24T20:07:37.421+0000] {dag.py:3239} INFO - Sync 1 DAGs
[2025-02-24T20:07:37.437+0000] {logging_mixin.py:190} INFO - [2025-02-24T20:07:37.437+0000] {dag.py:4180} INFO - Setting next_dagrun for example_python_decorator to None, run_after=None
[2025-02-24T20:07:37.462+0000] {processor.py:208} INFO - Processing /home/airflow/.local/lib/python3.12/site-packages/airflow/example_dags/example_python_decorator.py took 0.093 seconds
[2025-02-24T20:08:08.701+0000] {processor.py:186} INFO - Started process (PID=983) to work on /home/airflow/.local/lib/python3.12/site-packages/airflow/example_dags/example_python_decorator.py
[2025-02-24T20:08:08.702+0000] {processor.py:914} INFO - Processing file /home/airflow/.local/lib/python3.12/site-packages/airflow/example_dags/example_python_decorator.py for tasks to queue
[2025-02-24T20:08:08.705+0000] {logging_mixin.py:190} INFO - [2025-02-24T20:08:08.704+0000] {dagbag.py:588} INFO - Filling up the DagBag from /home/airflow/.local/lib/python3.12/site-packages/airflow/example_dags/example_python_decorator.py
[2025-02-24T20:08:08.719+0000] {processor.py:925} INFO - DAG(s) 'example_python_decorator' retrieved from /home/airflow/.local/lib/python3.12/site-packages/airflow/example_dags/example_python_decorator.py
[2025-02-24T20:08:08.742+0000] {logging_mixin.py:190} INFO - [2025-02-24T20:08:08.742+0000] {dag.py:3239} INFO - Sync 1 DAGs
[2025-02-24T20:08:08.757+0000] {logging_mixin.py:190} INFO - [2025-02-24T20:08:08.756+0000] {dag.py:4180} INFO - Setting next_dagrun for example_python_decorator to None, run_after=None
[2025-02-24T20:08:08.788+0000] {processor.py:208} INFO - Processing /home/airflow/.local/lib/python3.12/site-packages/airflow/example_dags/example_python_decorator.py took 0.092 seconds
[2025-02-24T20:08:39.632+0000] {processor.py:186} INFO - Started process (PID=1046) to work on /home/airflow/.local/lib/python3.12/site-packages/airflow/example_dags/example_python_decorator.py
[2025-02-24T20:08:39.633+0000] {processor.py:914} INFO - Processing file /home/airflow/.local/lib/python3.12/site-packages/airflow/example_dags/example_python_decorator.py for tasks to queue
[2025-02-24T20:08:39.638+0000] {logging_mixin.py:190} INFO - [2025-02-24T20:08:39.637+0000] {dagbag.py:588} INFO - Filling up the DagBag from /home/airflow/.local/lib/python3.12/site-packages/airflow/example_dags/example_python_decorator.py
[2025-02-24T20:08:39.655+0000] {processor.py:925} INFO - DAG(s) 'example_python_decorator' retrieved from /home/airflow/.local/lib/python3.12/site-packages/airflow/example_dags/example_python_decorator.py
[2025-02-24T20:08:39.679+0000] {logging_mixin.py:190} INFO - [2025-02-24T20:08:39.679+0000] {dag.py:3239} INFO - Sync 1 DAGs
[2025-02-24T20:08:39.697+0000] {logging_mixin.py:190} INFO - [2025-02-24T20:08:39.697+0000] {dag.py:4180} INFO - Setting next_dagrun for example_python_decorator to None, run_after=None
[2025-02-24T20:08:39.717+0000] {processor.py:208} INFO - Processing /home/airflow/.local/lib/python3.12/site-packages/airflow/example_dags/example_python_decorator.py took 0.093 seconds
[2025-02-24T20:09:10.717+0000] {processor.py:186} INFO - Started process (PID=1109) to work on /home/airflow/.local/lib/python3.12/site-packages/airflow/example_dags/example_python_decorator.py
[2025-02-24T20:09:10.718+0000] {processor.py:914} INFO - Processing file /home/airflow/.local/lib/python3.12/site-packages/airflow/example_dags/example_python_decorator.py for tasks to queue
[2025-02-24T20:09:10.721+0000] {logging_mixin.py:190} INFO - [2025-02-24T20:09:10.721+0000] {dagbag.py:588} INFO - Filling up the DagBag from /home/airflow/.local/lib/python3.12/site-packages/airflow/example_dags/example_python_decorator.py
[2025-02-24T20:09:10.736+0000] {processor.py:925} INFO - DAG(s) 'example_python_decorator' retrieved from /home/airflow/.local/lib/python3.12/site-packages/airflow/example_dags/example_python_decorator.py
[2025-02-24T20:09:10.758+0000] {logging_mixin.py:190} INFO - [2025-02-24T20:09:10.758+0000] {dag.py:3239} INFO - Sync 1 DAGs
[2025-02-24T20:09:10.773+0000] {logging_mixin.py:190} INFO - [2025-02-24T20:09:10.773+0000] {dag.py:4180} INFO - Setting next_dagrun for example_python_decorator to None, run_after=None
[2025-02-24T20:09:10.795+0000] {processor.py:208} INFO - Processing /home/airflow/.local/lib/python3.12/site-packages/airflow/example_dags/example_python_decorator.py took 0.083 seconds
[2025-02-24T20:09:42.085+0000] {processor.py:186} INFO - Started process (PID=1173) to work on /home/airflow/.local/lib/python3.12/site-packages/airflow/example_dags/example_python_decorator.py
[2025-02-24T20:09:42.086+0000] {processor.py:914} INFO - Processing file /home/airflow/.local/lib/python3.12/site-packages/airflow/example_dags/example_python_decorator.py for tasks to queue
[2025-02-24T20:09:42.089+0000] {logging_mixin.py:190} INFO - [2025-02-24T20:09:42.089+0000] {dagbag.py:588} INFO - Filling up the DagBag from /home/airflow/.local/lib/python3.12/site-packages/airflow/example_dags/example_python_decorator.py
[2025-02-24T20:09:42.106+0000] {processor.py:925} INFO - DAG(s) 'example_python_decorator' retrieved from /home/airflow/.local/lib/python3.12/site-packages/airflow/example_dags/example_python_decorator.py
[2025-02-24T20:09:42.131+0000] {logging_mixin.py:190} INFO - [2025-02-24T20:09:42.130+0000] {dag.py:3239} INFO - Sync 1 DAGs
[2025-02-24T20:09:42.149+0000] {logging_mixin.py:190} INFO - [2025-02-24T20:09:42.148+0000] {dag.py:4180} INFO - Setting next_dagrun for example_python_decorator to None, run_after=None
[2025-02-24T20:09:42.170+0000] {processor.py:208} INFO - Processing /home/airflow/.local/lib/python3.12/site-packages/airflow/example_dags/example_python_decorator.py took 0.093 seconds
[2025-02-24T20:10:13.294+0000] {processor.py:186} INFO - Started process (PID=1236) to work on /home/airflow/.local/lib/python3.12/site-packages/airflow/example_dags/example_python_decorator.py
[2025-02-24T20:10:13.295+0000] {processor.py:914} INFO - Processing file /home/airflow/.local/lib/python3.12/site-packages/airflow/example_dags/example_python_decorator.py for tasks to queue
[2025-02-24T20:10:13.297+0000] {logging_mixin.py:190} INFO - [2025-02-24T20:10:13.297+0000] {dagbag.py:588} INFO - Filling up the DagBag from /home/airflow/.local/lib/python3.12/site-packages/airflow/example_dags/example_python_decorator.py
[2025-02-24T20:10:13.314+0000] {processor.py:925} INFO - DAG(s) 'example_python_decorator' retrieved from /home/airflow/.local/lib/python3.12/site-packages/airflow/example_dags/example_python_decorator.py
[2025-02-24T20:10:13.339+0000] {logging_mixin.py:190} INFO - [2025-02-24T20:10:13.338+0000] {dag.py:3239} INFO - Sync 1 DAGs
[2025-02-24T20:10:13.355+0000] {logging_mixin.py:190} INFO - [2025-02-24T20:10:13.355+0000] {dag.py:4180} INFO - Setting next_dagrun for example_python_decorator to None, run_after=None
[2025-02-24T20:10:13.376+0000] {processor.py:208} INFO - Processing /home/airflow/.local/lib/python3.12/site-packages/airflow/example_dags/example_python_decorator.py took 0.089 seconds
[2025-02-24T20:10:44.949+0000] {processor.py:186} INFO - Started process (PID=1302) to work on /home/airflow/.local/lib/python3.12/site-packages/airflow/example_dags/example_python_decorator.py
[2025-02-24T20:10:44.950+0000] {processor.py:914} INFO - Processing file /home/airflow/.local/lib/python3.12/site-packages/airflow/example_dags/example_python_decorator.py for tasks to queue
[2025-02-24T20:10:44.953+0000] {logging_mixin.py:190} INFO - [2025-02-24T20:10:44.952+0000] {dagbag.py:588} INFO - Filling up the DagBag from /home/airflow/.local/lib/python3.12/site-packages/airflow/example_dags/example_python_decorator.py
[2025-02-24T20:10:44.968+0000] {processor.py:925} INFO - DAG(s) 'example_python_decorator' retrieved from /home/airflow/.local/lib/python3.12/site-packages/airflow/example_dags/example_python_decorator.py
[2025-02-24T20:10:44.990+0000] {logging_mixin.py:190} INFO - [2025-02-24T20:10:44.990+0000] {dag.py:3239} INFO - Sync 1 DAGs
[2025-02-24T20:10:45.006+0000] {logging_mixin.py:190} INFO - [2025-02-24T20:10:45.006+0000] {dag.py:4180} INFO - Setting next_dagrun for example_python_decorator to None, run_after=None
[2025-02-24T20:10:45.027+0000] {processor.py:208} INFO - Processing /home/airflow/.local/lib/python3.12/site-packages/airflow/example_dags/example_python_decorator.py took 0.085 seconds
[2025-02-24T20:11:16.291+0000] {processor.py:186} INFO - Started process (PID=1365) to work on /home/airflow/.local/lib/python3.12/site-packages/airflow/example_dags/example_python_decorator.py
[2025-02-24T20:11:16.292+0000] {processor.py:914} INFO - Processing file /home/airflow/.local/lib/python3.12/site-packages/airflow/example_dags/example_python_decorator.py for tasks to queue
[2025-02-24T20:11:16.294+0000] {logging_mixin.py:190} INFO - [2025-02-24T20:11:16.294+0000] {dagbag.py:588} INFO - Filling up the DagBag from /home/airflow/.local/lib/python3.12/site-packages/airflow/example_dags/example_python_decorator.py
[2025-02-24T20:11:16.309+0000] {processor.py:925} INFO - DAG(s) 'example_python_decorator' retrieved from /home/airflow/.local/lib/python3.12/site-packages/airflow/example_dags/example_python_decorator.py
[2025-02-24T20:11:16.333+0000] {logging_mixin.py:190} INFO - [2025-02-24T20:11:16.332+0000] {dag.py:3239} INFO - Sync 1 DAGs
[2025-02-24T20:11:16.347+0000] {logging_mixin.py:190} INFO - [2025-02-24T20:11:16.347+0000] {dag.py:4180} INFO - Setting next_dagrun for example_python_decorator to None, run_after=None
[2025-02-24T20:11:16.369+0000] {processor.py:208} INFO - Processing /home/airflow/.local/lib/python3.12/site-packages/airflow/example_dags/example_python_decorator.py took 0.083 seconds
[2025-02-24T20:11:48.080+0000] {processor.py:186} INFO - Started process (PID=1431) to work on /home/airflow/.local/lib/python3.12/site-packages/airflow/example_dags/example_python_decorator.py
[2025-02-24T20:11:48.082+0000] {processor.py:914} INFO - Processing file /home/airflow/.local/lib/python3.12/site-packages/airflow/example_dags/example_python_decorator.py for tasks to queue
[2025-02-24T20:11:48.086+0000] {logging_mixin.py:190} INFO - [2025-02-24T20:11:48.086+0000] {dagbag.py:588} INFO - Filling up the DagBag from /home/airflow/.local/lib/python3.12/site-packages/airflow/example_dags/example_python_decorator.py
[2025-02-24T20:11:48.111+0000] {processor.py:925} INFO - DAG(s) 'example_python_decorator' retrieved from /home/airflow/.local/lib/python3.12/site-packages/airflow/example_dags/example_python_decorator.py
[2025-02-24T20:11:48.148+0000] {logging_mixin.py:190} INFO - [2025-02-24T20:11:48.148+0000] {dag.py:3239} INFO - Sync 1 DAGs
[2025-02-24T20:11:48.168+0000] {logging_mixin.py:190} INFO - [2025-02-24T20:11:48.167+0000] {dag.py:4180} INFO - Setting next_dagrun for example_python_decorator to None, run_after=None
[2025-02-24T20:11:48.190+0000] {processor.py:208} INFO - Processing /home/airflow/.local/lib/python3.12/site-packages/airflow/example_dags/example_python_decorator.py took 0.117 seconds
[2025-02-24T20:12:19.306+0000] {processor.py:186} INFO - Started process (PID=1494) to work on /home/airflow/.local/lib/python3.12/site-packages/airflow/example_dags/example_python_decorator.py
[2025-02-24T20:12:19.307+0000] {processor.py:914} INFO - Processing file /home/airflow/.local/lib/python3.12/site-packages/airflow/example_dags/example_python_decorator.py for tasks to queue
[2025-02-24T20:12:19.310+0000] {logging_mixin.py:190} INFO - [2025-02-24T20:12:19.309+0000] {dagbag.py:588} INFO - Filling up the DagBag from /home/airflow/.local/lib/python3.12/site-packages/airflow/example_dags/example_python_decorator.py
[2025-02-24T20:12:19.325+0000] {processor.py:925} INFO - DAG(s) 'example_python_decorator' retrieved from /home/airflow/.local/lib/python3.12/site-packages/airflow/example_dags/example_python_decorator.py
[2025-02-24T20:12:19.347+0000] {logging_mixin.py:190} INFO - [2025-02-24T20:12:19.347+0000] {dag.py:3239} INFO - Sync 1 DAGs
[2025-02-24T20:12:19.361+0000] {logging_mixin.py:190} INFO - [2025-02-24T20:12:19.361+0000] {dag.py:4180} INFO - Setting next_dagrun for example_python_decorator to None, run_after=None
[2025-02-24T20:12:19.392+0000] {processor.py:208} INFO - Processing /home/airflow/.local/lib/python3.12/site-packages/airflow/example_dags/example_python_decorator.py took 0.092 seconds
[2025-02-24T20:12:51.553+0000] {processor.py:186} INFO - Started process (PID=1564) to work on /home/airflow/.local/lib/python3.12/site-packages/airflow/example_dags/example_python_decorator.py
[2025-02-24T20:12:51.554+0000] {processor.py:914} INFO - Processing file /home/airflow/.local/lib/python3.12/site-packages/airflow/example_dags/example_python_decorator.py for tasks to queue
[2025-02-24T20:12:51.558+0000] {logging_mixin.py:190} INFO - [2025-02-24T20:12:51.558+0000] {dagbag.py:588} INFO - Filling up the DagBag from /home/airflow/.local/lib/python3.12/site-packages/airflow/example_dags/example_python_decorator.py
[2025-02-24T20:12:51.582+0000] {processor.py:925} INFO - DAG(s) 'example_python_decorator' retrieved from /home/airflow/.local/lib/python3.12/site-packages/airflow/example_dags/example_python_decorator.py
[2025-02-24T20:12:51.607+0000] {logging_mixin.py:190} INFO - [2025-02-24T20:12:51.606+0000] {dag.py:3239} INFO - Sync 1 DAGs
[2025-02-24T20:12:51.623+0000] {logging_mixin.py:190} INFO - [2025-02-24T20:12:51.623+0000] {dag.py:4180} INFO - Setting next_dagrun for example_python_decorator to None, run_after=None
[2025-02-24T20:12:51.641+0000] {processor.py:208} INFO - Processing /home/airflow/.local/lib/python3.12/site-packages/airflow/example_dags/example_python_decorator.py took 0.097 seconds
[2025-02-24T20:13:23.842+0000] {processor.py:186} INFO - Started process (PID=1635) to work on /home/airflow/.local/lib/python3.12/site-packages/airflow/example_dags/example_python_decorator.py
[2025-02-24T20:13:23.843+0000] {processor.py:914} INFO - Processing file /home/airflow/.local/lib/python3.12/site-packages/airflow/example_dags/example_python_decorator.py for tasks to queue
[2025-02-24T20:13:23.846+0000] {logging_mixin.py:190} INFO - [2025-02-24T20:13:23.845+0000] {dagbag.py:588} INFO - Filling up the DagBag from /home/airflow/.local/lib/python3.12/site-packages/airflow/example_dags/example_python_decorator.py
[2025-02-24T20:13:23.859+0000] {processor.py:925} INFO - DAG(s) 'example_python_decorator' retrieved from /home/airflow/.local/lib/python3.12/site-packages/airflow/example_dags/example_python_decorator.py
[2025-02-24T20:13:23.881+0000] {logging_mixin.py:190} INFO - [2025-02-24T20:13:23.881+0000] {dag.py:3239} INFO - Sync 1 DAGs
[2025-02-24T20:13:23.896+0000] {logging_mixin.py:190} INFO - [2025-02-24T20:13:23.896+0000] {dag.py:4180} INFO - Setting next_dagrun for example_python_decorator to None, run_after=None
[2025-02-24T20:13:23.926+0000] {processor.py:208} INFO - Processing /home/airflow/.local/lib/python3.12/site-packages/airflow/example_dags/example_python_decorator.py took 0.090 seconds
[2025-02-24T20:13:55.062+0000] {processor.py:186} INFO - Started process (PID=1699) to work on /home/airflow/.local/lib/python3.12/site-packages/airflow/example_dags/example_python_decorator.py
[2025-02-24T20:13:55.063+0000] {processor.py:914} INFO - Processing file /home/airflow/.local/lib/python3.12/site-packages/airflow/example_dags/example_python_decorator.py for tasks to queue
[2025-02-24T20:13:55.066+0000] {logging_mixin.py:190} INFO - [2025-02-24T20:13:55.065+0000] {dagbag.py:588} INFO - Filling up the DagBag from /home/airflow/.local/lib/python3.12/site-packages/airflow/example_dags/example_python_decorator.py
[2025-02-24T20:13:55.080+0000] {processor.py:925} INFO - DAG(s) 'example_python_decorator' retrieved from /home/airflow/.local/lib/python3.12/site-packages/airflow/example_dags/example_python_decorator.py
[2025-02-24T20:13:55.102+0000] {logging_mixin.py:190} INFO - [2025-02-24T20:13:55.102+0000] {dag.py:3239} INFO - Sync 1 DAGs
[2025-02-24T20:13:55.118+0000] {logging_mixin.py:190} INFO - [2025-02-24T20:13:55.117+0000] {dag.py:4180} INFO - Setting next_dagrun for example_python_decorator to None, run_after=None
[2025-02-24T20:13:55.148+0000] {processor.py:208} INFO - Processing /home/airflow/.local/lib/python3.12/site-packages/airflow/example_dags/example_python_decorator.py took 0.091 seconds
[2025-02-24T20:14:27.022+0000] {processor.py:186} INFO - Started process (PID=1762) to work on /home/airflow/.local/lib/python3.12/site-packages/airflow/example_dags/example_python_decorator.py
[2025-02-24T20:14:27.025+0000] {processor.py:914} INFO - Processing file /home/airflow/.local/lib/python3.12/site-packages/airflow/example_dags/example_python_decorator.py for tasks to queue
[2025-02-24T20:14:27.029+0000] {logging_mixin.py:190} INFO - [2025-02-24T20:14:27.028+0000] {dagbag.py:588} INFO - Filling up the DagBag from /home/airflow/.local/lib/python3.12/site-packages/airflow/example_dags/example_python_decorator.py
[2025-02-24T20:14:27.049+0000] {processor.py:925} INFO - DAG(s) 'example_python_decorator' retrieved from /home/airflow/.local/lib/python3.12/site-packages/airflow/example_dags/example_python_decorator.py
[2025-02-24T20:14:27.081+0000] {logging_mixin.py:190} INFO - [2025-02-24T20:14:27.081+0000] {dag.py:3239} INFO - Sync 1 DAGs
[2025-02-24T20:14:27.104+0000] {logging_mixin.py:190} INFO - [2025-02-24T20:14:27.103+0000] {dag.py:4180} INFO - Setting next_dagrun for example_python_decorator to None, run_after=None
[2025-02-24T20:14:27.137+0000] {processor.py:208} INFO - Processing /home/airflow/.local/lib/python3.12/site-packages/airflow/example_dags/example_python_decorator.py took 0.123 seconds
[2025-02-24T20:14:59.341+0000] {processor.py:186} INFO - Started process (PID=1825) to work on /home/airflow/.local/lib/python3.12/site-packages/airflow/example_dags/example_python_decorator.py
[2025-02-24T20:14:59.342+0000] {processor.py:914} INFO - Processing file /home/airflow/.local/lib/python3.12/site-packages/airflow/example_dags/example_python_decorator.py for tasks to queue
[2025-02-24T20:14:59.346+0000] {logging_mixin.py:190} INFO - [2025-02-24T20:14:59.346+0000] {dagbag.py:588} INFO - Filling up the DagBag from /home/airflow/.local/lib/python3.12/site-packages/airflow/example_dags/example_python_decorator.py
[2025-02-24T20:14:59.370+0000] {processor.py:925} INFO - DAG(s) 'example_python_decorator' retrieved from /home/airflow/.local/lib/python3.12/site-packages/airflow/example_dags/example_python_decorator.py
[2025-02-24T20:14:59.409+0000] {logging_mixin.py:190} INFO - [2025-02-24T20:14:59.408+0000] {dag.py:3239} INFO - Sync 1 DAGs
[2025-02-24T20:14:59.437+0000] {logging_mixin.py:190} INFO - [2025-02-24T20:14:59.437+0000] {dag.py:4180} INFO - Setting next_dagrun for example_python_decorator to None, run_after=None
[2025-02-24T20:14:59.483+0000] {processor.py:208} INFO - Processing /home/airflow/.local/lib/python3.12/site-packages/airflow/example_dags/example_python_decorator.py took 0.151 seconds
[2025-02-24T20:15:31.241+0000] {processor.py:186} INFO - Started process (PID=1888) to work on /home/airflow/.local/lib/python3.12/site-packages/airflow/example_dags/example_python_decorator.py
[2025-02-24T20:15:31.244+0000] {processor.py:914} INFO - Processing file /home/airflow/.local/lib/python3.12/site-packages/airflow/example_dags/example_python_decorator.py for tasks to queue
[2025-02-24T20:15:31.251+0000] {logging_mixin.py:190} INFO - [2025-02-24T20:15:31.250+0000] {dagbag.py:588} INFO - Filling up the DagBag from /home/airflow/.local/lib/python3.12/site-packages/airflow/example_dags/example_python_decorator.py
[2025-02-24T20:15:31.290+0000] {processor.py:925} INFO - DAG(s) 'example_python_decorator' retrieved from /home/airflow/.local/lib/python3.12/site-packages/airflow/example_dags/example_python_decorator.py
[2025-02-24T20:15:31.346+0000] {logging_mixin.py:190} INFO - [2025-02-24T20:15:31.345+0000] {dag.py:3239} INFO - Sync 1 DAGs
[2025-02-24T20:15:31.381+0000] {logging_mixin.py:190} INFO - [2025-02-24T20:15:31.380+0000] {dag.py:4180} INFO - Setting next_dagrun for example_python_decorator to None, run_after=None
[2025-02-24T20:15:31.459+0000] {processor.py:208} INFO - Processing /home/airflow/.local/lib/python3.12/site-packages/airflow/example_dags/example_python_decorator.py took 0.232 seconds
[2025-02-24T20:16:04.792+0000] {processor.py:186} INFO - Started process (PID=1956) to work on /home/airflow/.local/lib/python3.12/site-packages/airflow/example_dags/example_python_decorator.py
[2025-02-24T20:16:04.794+0000] {processor.py:914} INFO - Processing file /home/airflow/.local/lib/python3.12/site-packages/airflow/example_dags/example_python_decorator.py for tasks to queue
[2025-02-24T20:16:04.798+0000] {logging_mixin.py:190} INFO - [2025-02-24T20:16:04.797+0000] {dagbag.py:588} INFO - Filling up the DagBag from /home/airflow/.local/lib/python3.12/site-packages/airflow/example_dags/example_python_decorator.py
[2025-02-24T20:16:04.838+0000] {processor.py:925} INFO - DAG(s) 'example_python_decorator' retrieved from /home/airflow/.local/lib/python3.12/site-packages/airflow/example_dags/example_python_decorator.py
[2025-02-24T20:16:04.893+0000] {logging_mixin.py:190} INFO - [2025-02-24T20:16:04.892+0000] {dag.py:3239} INFO - Sync 1 DAGs
[2025-02-24T20:16:04.925+0000] {logging_mixin.py:190} INFO - [2025-02-24T20:16:04.924+0000] {dag.py:4180} INFO - Setting next_dagrun for example_python_decorator to None, run_after=None
[2025-02-24T20:16:04.972+0000] {processor.py:208} INFO - Processing /home/airflow/.local/lib/python3.12/site-packages/airflow/example_dags/example_python_decorator.py took 0.190 seconds
[2025-02-24T20:16:36.468+0000] {processor.py:186} INFO - Started process (PID=2019) to work on /home/airflow/.local/lib/python3.12/site-packages/airflow/example_dags/example_python_decorator.py
[2025-02-24T20:16:36.469+0000] {processor.py:914} INFO - Processing file /home/airflow/.local/lib/python3.12/site-packages/airflow/example_dags/example_python_decorator.py for tasks to queue
[2025-02-24T20:16:36.473+0000] {logging_mixin.py:190} INFO - [2025-02-24T20:16:36.472+0000] {dagbag.py:588} INFO - Filling up the DagBag from /home/airflow/.local/lib/python3.12/site-packages/airflow/example_dags/example_python_decorator.py
[2025-02-24T20:16:36.495+0000] {processor.py:925} INFO - DAG(s) 'example_python_decorator' retrieved from /home/airflow/.local/lib/python3.12/site-packages/airflow/example_dags/example_python_decorator.py
[2025-02-24T20:16:36.528+0000] {logging_mixin.py:190} INFO - [2025-02-24T20:16:36.527+0000] {dag.py:3239} INFO - Sync 1 DAGs
[2025-02-24T20:16:36.552+0000] {logging_mixin.py:190} INFO - [2025-02-24T20:16:36.551+0000] {dag.py:4180} INFO - Setting next_dagrun for example_python_decorator to None, run_after=None
[2025-02-24T20:16:36.586+0000] {processor.py:208} INFO - Processing /home/airflow/.local/lib/python3.12/site-packages/airflow/example_dags/example_python_decorator.py took 0.130 seconds
[2025-02-24T20:17:07.780+0000] {processor.py:186} INFO - Started process (PID=2082) to work on /home/airflow/.local/lib/python3.12/site-packages/airflow/example_dags/example_python_decorator.py
[2025-02-24T20:17:07.782+0000] {processor.py:914} INFO - Processing file /home/airflow/.local/lib/python3.12/site-packages/airflow/example_dags/example_python_decorator.py for tasks to queue
[2025-02-24T20:17:07.786+0000] {logging_mixin.py:190} INFO - [2025-02-24T20:17:07.785+0000] {dagbag.py:588} INFO - Filling up the DagBag from /home/airflow/.local/lib/python3.12/site-packages/airflow/example_dags/example_python_decorator.py
[2025-02-24T20:17:07.814+0000] {processor.py:925} INFO - DAG(s) 'example_python_decorator' retrieved from /home/airflow/.local/lib/python3.12/site-packages/airflow/example_dags/example_python_decorator.py
[2025-02-24T20:17:07.851+0000] {logging_mixin.py:190} INFO - [2025-02-24T20:17:07.851+0000] {dag.py:3239} INFO - Sync 1 DAGs
[2025-02-24T20:17:07.877+0000] {logging_mixin.py:190} INFO - [2025-02-24T20:17:07.877+0000] {dag.py:4180} INFO - Setting next_dagrun for example_python_decorator to None, run_after=None
[2025-02-24T20:17:07.919+0000] {processor.py:208} INFO - Processing /home/airflow/.local/lib/python3.12/site-packages/airflow/example_dags/example_python_decorator.py took 0.150 seconds
[2025-02-24T20:17:38.627+0000] {processor.py:186} INFO - Started process (PID=2144) to work on /home/airflow/.local/lib/python3.12/site-packages/airflow/example_dags/example_python_decorator.py
[2025-02-24T20:17:38.628+0000] {processor.py:914} INFO - Processing file /home/airflow/.local/lib/python3.12/site-packages/airflow/example_dags/example_python_decorator.py for tasks to queue
[2025-02-24T20:17:38.632+0000] {logging_mixin.py:190} INFO - [2025-02-24T20:17:38.631+0000] {dagbag.py:588} INFO - Filling up the DagBag from /home/airflow/.local/lib/python3.12/site-packages/airflow/example_dags/example_python_decorator.py
[2025-02-24T20:17:38.654+0000] {processor.py:925} INFO - DAG(s) 'example_python_decorator' retrieved from /home/airflow/.local/lib/python3.12/site-packages/airflow/example_dags/example_python_decorator.py
[2025-02-24T20:17:38.685+0000] {logging_mixin.py:190} INFO - [2025-02-24T20:17:38.684+0000] {dag.py:3239} INFO - Sync 1 DAGs
[2025-02-24T20:17:38.707+0000] {logging_mixin.py:190} INFO - [2025-02-24T20:17:38.706+0000] {dag.py:4180} INFO - Setting next_dagrun for example_python_decorator to None, run_after=None
[2025-02-24T20:17:38.742+0000] {processor.py:208} INFO - Processing /home/airflow/.local/lib/python3.12/site-packages/airflow/example_dags/example_python_decorator.py took 0.124 seconds
[2025-02-24T20:18:08.966+0000] {processor.py:186} INFO - Started process (PID=2207) to work on /home/airflow/.local/lib/python3.12/site-packages/airflow/example_dags/example_python_decorator.py
[2025-02-24T20:18:08.968+0000] {processor.py:914} INFO - Processing file /home/airflow/.local/lib/python3.12/site-packages/airflow/example_dags/example_python_decorator.py for tasks to queue
[2025-02-24T20:18:08.971+0000] {logging_mixin.py:190} INFO - [2025-02-24T20:18:08.970+0000] {dagbag.py:588} INFO - Filling up the DagBag from /home/airflow/.local/lib/python3.12/site-packages/airflow/example_dags/example_python_decorator.py
[2025-02-24T20:18:08.991+0000] {processor.py:925} INFO - DAG(s) 'example_python_decorator' retrieved from /home/airflow/.local/lib/python3.12/site-packages/airflow/example_dags/example_python_decorator.py
[2025-02-24T20:18:09.021+0000] {logging_mixin.py:190} INFO - [2025-02-24T20:18:09.020+0000] {dag.py:3239} INFO - Sync 1 DAGs
[2025-02-24T20:18:09.042+0000] {logging_mixin.py:190} INFO - [2025-02-24T20:18:09.041+0000] {dag.py:4180} INFO - Setting next_dagrun for example_python_decorator to None, run_after=None
[2025-02-24T20:18:09.072+0000] {processor.py:208} INFO - Processing /home/airflow/.local/lib/python3.12/site-packages/airflow/example_dags/example_python_decorator.py took 0.114 seconds
[2025-02-24T20:18:39.224+0000] {processor.py:186} INFO - Started process (PID=2269) to work on /home/airflow/.local/lib/python3.12/site-packages/airflow/example_dags/example_python_decorator.py
[2025-02-24T20:18:39.225+0000] {processor.py:914} INFO - Processing file /home/airflow/.local/lib/python3.12/site-packages/airflow/example_dags/example_python_decorator.py for tasks to queue
[2025-02-24T20:18:39.229+0000] {logging_mixin.py:190} INFO - [2025-02-24T20:18:39.228+0000] {dagbag.py:588} INFO - Filling up the DagBag from /home/airflow/.local/lib/python3.12/site-packages/airflow/example_dags/example_python_decorator.py
[2025-02-24T20:18:39.255+0000] {processor.py:925} INFO - DAG(s) 'example_python_decorator' retrieved from /home/airflow/.local/lib/python3.12/site-packages/airflow/example_dags/example_python_decorator.py
[2025-02-24T20:18:39.293+0000] {logging_mixin.py:190} INFO - [2025-02-24T20:18:39.293+0000] {dag.py:3239} INFO - Sync 1 DAGs
[2025-02-24T20:18:39.326+0000] {logging_mixin.py:190} INFO - [2025-02-24T20:18:39.326+0000] {dag.py:4180} INFO - Setting next_dagrun for example_python_decorator to None, run_after=None
[2025-02-24T20:18:39.365+0000] {processor.py:208} INFO - Processing /home/airflow/.local/lib/python3.12/site-packages/airflow/example_dags/example_python_decorator.py took 0.151 seconds
[2025-02-24T20:19:10.906+0000] {processor.py:186} INFO - Started process (PID=2333) to work on /home/airflow/.local/lib/python3.12/site-packages/airflow/example_dags/example_python_decorator.py
[2025-02-24T20:19:10.908+0000] {processor.py:914} INFO - Processing file /home/airflow/.local/lib/python3.12/site-packages/airflow/example_dags/example_python_decorator.py for tasks to queue
[2025-02-24T20:19:10.913+0000] {logging_mixin.py:190} INFO - [2025-02-24T20:19:10.912+0000] {dagbag.py:588} INFO - Filling up the DagBag from /home/airflow/.local/lib/python3.12/site-packages/airflow/example_dags/example_python_decorator.py
[2025-02-24T20:19:10.954+0000] {processor.py:925} INFO - DAG(s) 'example_python_decorator' retrieved from /home/airflow/.local/lib/python3.12/site-packages/airflow/example_dags/example_python_decorator.py
[2025-02-24T20:19:11.007+0000] {logging_mixin.py:190} INFO - [2025-02-24T20:19:11.007+0000] {dag.py:3239} INFO - Sync 1 DAGs
[2025-02-24T20:19:11.052+0000] {logging_mixin.py:190} INFO - [2025-02-24T20:19:11.051+0000] {dag.py:4180} INFO - Setting next_dagrun for example_python_decorator to None, run_after=None
[2025-02-24T20:19:11.133+0000] {processor.py:208} INFO - Processing /home/airflow/.local/lib/python3.12/site-packages/airflow/example_dags/example_python_decorator.py took 0.244 seconds
[2025-02-24T21:39:41.109+0000] {processor.py:186} INFO - Started process (PID=232) to work on /home/airflow/.local/lib/python3.12/site-packages/airflow/example_dags/example_python_decorator.py
[2025-02-24T21:39:42.299+0000] {processor.py:914} INFO - Processing file /home/airflow/.local/lib/python3.12/site-packages/airflow/example_dags/example_python_decorator.py for tasks to queue
[2025-02-24T21:39:43.340+0000] {logging_mixin.py:190} INFO - [2025-02-24T21:39:43.125+0000] {dagbag.py:588} INFO - Filling up the DagBag from /home/airflow/.local/lib/python3.12/site-packages/airflow/example_dags/example_python_decorator.py
[2025-02-24T21:39:48.564+0000] {processor.py:925} INFO - DAG(s) 'example_python_decorator' retrieved from /home/airflow/.local/lib/python3.12/site-packages/airflow/example_dags/example_python_decorator.py
