[2025-02-24T20:00:57.796+0000] {processor.py:186} INFO - Started process (PID=122) to work on /home/airflow/.local/lib/python3.12/site-packages/airflow/example_dags/example_sensors.py
[2025-02-24T20:00:57.799+0000] {processor.py:914} INFO - Processing file /home/airflow/.local/lib/python3.12/site-packages/airflow/example_dags/example_sensors.py for tasks to queue
[2025-02-24T20:00:57.815+0000] {logging_mixin.py:190} INFO - [2025-02-24T20:00:57.807+0000] {dagbag.py:588} INFO - Filling up the DagBag from /home/airflow/.local/lib/python3.12/site-packages/airflow/example_dags/example_sensors.py
[2025-02-24T20:00:57.895+0000] {processor.py:925} INFO - DAG(s) 'example_sensors' retrieved from /home/airflow/.local/lib/python3.12/site-packages/airflow/example_dags/example_sensors.py
[2025-02-24T20:00:58.990+0000] {logging_mixin.py:190} INFO - [2025-02-24T20:00:58.987+0000] {override.py:1912} INFO - Created Permission View: can edit on DAG:example_sensors
[2025-02-24T20:00:59.073+0000] {logging_mixin.py:190} INFO - [2025-02-24T20:00:59.072+0000] {override.py:1912} INFO - Created Permission View: can delete on DAG:example_sensors
[2025-02-24T20:00:59.116+0000] {logging_mixin.py:190} INFO - [2025-02-24T20:00:59.114+0000] {override.py:1912} INFO - Created Permission View: can read on DAG:example_sensors
[2025-02-24T20:00:59.168+0000] {logging_mixin.py:190} INFO - [2025-02-24T20:00:59.168+0000] {override.py:1912} INFO - Created Permission View: can delete on DAG Run:example_sensors
[2025-02-24T20:00:59.201+0000] {logging_mixin.py:190} INFO - [2025-02-24T20:00:59.201+0000] {override.py:1912} INFO - Created Permission View: can create on DAG Run:example_sensors
[2025-02-24T20:00:59.236+0000] {logging_mixin.py:190} INFO - [2025-02-24T20:00:59.235+0000] {override.py:1912} INFO - Created Permission View: menu access on DAG Run:example_sensors
[2025-02-24T20:00:59.272+0000] {logging_mixin.py:190} INFO - [2025-02-24T20:00:59.271+0000] {override.py:1912} INFO - Created Permission View: can read on DAG Run:example_sensors
[2025-02-24T20:00:59.283+0000] {logging_mixin.py:190} INFO - [2025-02-24T20:00:59.283+0000] {dag.py:3239} INFO - Sync 1 DAGs
[2025-02-24T20:00:59.392+0000] {logging_mixin.py:190} INFO - [2025-02-24T20:00:59.391+0000] {dag.py:3262} INFO - Creating ORM DAG for example_sensors
[2025-02-24T20:00:59.398+0000] {logging_mixin.py:190} INFO - [2025-02-24T20:00:59.397+0000] {dag.py:4180} INFO - Setting next_dagrun for example_sensors to None, run_after=None
[2025-02-24T20:00:59.510+0000] {processor.py:208} INFO - Processing /home/airflow/.local/lib/python3.12/site-packages/airflow/example_dags/example_sensors.py took 1.740 seconds
[2025-02-24T20:01:30.442+0000] {processor.py:186} INFO - Started process (PID=185) to work on /home/airflow/.local/lib/python3.12/site-packages/airflow/example_dags/example_sensors.py
[2025-02-24T20:01:30.446+0000] {processor.py:914} INFO - Processing file /home/airflow/.local/lib/python3.12/site-packages/airflow/example_dags/example_sensors.py for tasks to queue
[2025-02-24T20:01:30.450+0000] {logging_mixin.py:190} INFO - [2025-02-24T20:01:30.449+0000] {dagbag.py:588} INFO - Filling up the DagBag from /home/airflow/.local/lib/python3.12/site-packages/airflow/example_dags/example_sensors.py
[2025-02-24T20:01:30.476+0000] {processor.py:925} INFO - DAG(s) 'example_sensors' retrieved from /home/airflow/.local/lib/python3.12/site-packages/airflow/example_dags/example_sensors.py
[2025-02-24T20:01:30.568+0000] {logging_mixin.py:190} INFO - [2025-02-24T20:01:30.568+0000] {dag.py:3239} INFO - Sync 1 DAGs
[2025-02-24T20:01:30.614+0000] {logging_mixin.py:190} INFO - [2025-02-24T20:01:30.613+0000] {dag.py:4180} INFO - Setting next_dagrun for example_sensors to None, run_after=None
[2025-02-24T20:01:30.660+0000] {processor.py:208} INFO - Processing /home/airflow/.local/lib/python3.12/site-packages/airflow/example_dags/example_sensors.py took 0.232 seconds
[2025-02-24T20:02:00.830+0000] {processor.py:186} INFO - Started process (PID=247) to work on /home/airflow/.local/lib/python3.12/site-packages/airflow/example_dags/example_sensors.py
[2025-02-24T20:02:00.831+0000] {processor.py:914} INFO - Processing file /home/airflow/.local/lib/python3.12/site-packages/airflow/example_dags/example_sensors.py for tasks to queue
[2025-02-24T20:02:00.833+0000] {logging_mixin.py:190} INFO - [2025-02-24T20:02:00.833+0000] {dagbag.py:588} INFO - Filling up the DagBag from /home/airflow/.local/lib/python3.12/site-packages/airflow/example_dags/example_sensors.py
[2025-02-24T20:02:00.846+0000] {processor.py:925} INFO - DAG(s) 'example_sensors' retrieved from /home/airflow/.local/lib/python3.12/site-packages/airflow/example_dags/example_sensors.py
[2025-02-24T20:02:00.876+0000] {logging_mixin.py:190} INFO - [2025-02-24T20:02:00.876+0000] {dag.py:3239} INFO - Sync 1 DAGs
[2025-02-24T20:02:00.894+0000] {logging_mixin.py:190} INFO - [2025-02-24T20:02:00.894+0000] {dag.py:4180} INFO - Setting next_dagrun for example_sensors to None, run_after=None
[2025-02-24T20:02:00.919+0000] {processor.py:208} INFO - Processing /home/airflow/.local/lib/python3.12/site-packages/airflow/example_dags/example_sensors.py took 0.096 seconds
[2025-02-24T20:02:31.045+0000] {processor.py:186} INFO - Started process (PID=310) to work on /home/airflow/.local/lib/python3.12/site-packages/airflow/example_dags/example_sensors.py
[2025-02-24T20:02:31.047+0000] {processor.py:914} INFO - Processing file /home/airflow/.local/lib/python3.12/site-packages/airflow/example_dags/example_sensors.py for tasks to queue
[2025-02-24T20:02:31.052+0000] {logging_mixin.py:190} INFO - [2025-02-24T20:02:31.052+0000] {dagbag.py:588} INFO - Filling up the DagBag from /home/airflow/.local/lib/python3.12/site-packages/airflow/example_dags/example_sensors.py
[2025-02-24T20:02:31.072+0000] {processor.py:925} INFO - DAG(s) 'example_sensors' retrieved from /home/airflow/.local/lib/python3.12/site-packages/airflow/example_dags/example_sensors.py
[2025-02-24T20:02:31.105+0000] {logging_mixin.py:190} INFO - [2025-02-24T20:02:31.105+0000] {dag.py:3239} INFO - Sync 1 DAGs
[2025-02-24T20:02:31.124+0000] {logging_mixin.py:190} INFO - [2025-02-24T20:02:31.123+0000] {dag.py:4180} INFO - Setting next_dagrun for example_sensors to None, run_after=None
[2025-02-24T20:02:31.145+0000] {processor.py:208} INFO - Processing /home/airflow/.local/lib/python3.12/site-packages/airflow/example_dags/example_sensors.py took 0.109 seconds
[2025-02-24T20:03:01.330+0000] {processor.py:186} INFO - Started process (PID=373) to work on /home/airflow/.local/lib/python3.12/site-packages/airflow/example_dags/example_sensors.py
[2025-02-24T20:03:01.331+0000] {processor.py:914} INFO - Processing file /home/airflow/.local/lib/python3.12/site-packages/airflow/example_dags/example_sensors.py for tasks to queue
[2025-02-24T20:03:01.335+0000] {logging_mixin.py:190} INFO - [2025-02-24T20:03:01.334+0000] {dagbag.py:588} INFO - Filling up the DagBag from /home/airflow/.local/lib/python3.12/site-packages/airflow/example_dags/example_sensors.py
[2025-02-24T20:03:01.362+0000] {processor.py:925} INFO - DAG(s) 'example_sensors' retrieved from /home/airflow/.local/lib/python3.12/site-packages/airflow/example_dags/example_sensors.py
[2025-02-24T20:03:01.437+0000] {logging_mixin.py:190} INFO - [2025-02-24T20:03:01.436+0000] {dag.py:3239} INFO - Sync 1 DAGs
[2025-02-24T20:03:01.463+0000] {logging_mixin.py:190} INFO - [2025-02-24T20:03:01.462+0000] {dag.py:4180} INFO - Setting next_dagrun for example_sensors to None, run_after=None
[2025-02-24T20:03:01.491+0000] {processor.py:208} INFO - Processing /home/airflow/.local/lib/python3.12/site-packages/airflow/example_dags/example_sensors.py took 0.170 seconds
[2025-02-24T20:03:31.845+0000] {processor.py:186} INFO - Started process (PID=436) to work on /home/airflow/.local/lib/python3.12/site-packages/airflow/example_dags/example_sensors.py
[2025-02-24T20:03:31.846+0000] {processor.py:914} INFO - Processing file /home/airflow/.local/lib/python3.12/site-packages/airflow/example_dags/example_sensors.py for tasks to queue
[2025-02-24T20:03:31.848+0000] {logging_mixin.py:190} INFO - [2025-02-24T20:03:31.848+0000] {dagbag.py:588} INFO - Filling up the DagBag from /home/airflow/.local/lib/python3.12/site-packages/airflow/example_dags/example_sensors.py
[2025-02-24T20:03:31.859+0000] {processor.py:925} INFO - DAG(s) 'example_sensors' retrieved from /home/airflow/.local/lib/python3.12/site-packages/airflow/example_dags/example_sensors.py
[2025-02-24T20:03:31.884+0000] {logging_mixin.py:190} INFO - [2025-02-24T20:03:31.884+0000] {dag.py:3239} INFO - Sync 1 DAGs
[2025-02-24T20:03:31.899+0000] {logging_mixin.py:190} INFO - [2025-02-24T20:03:31.899+0000] {dag.py:4180} INFO - Setting next_dagrun for example_sensors to None, run_after=None
[2025-02-24T20:03:31.920+0000] {processor.py:208} INFO - Processing /home/airflow/.local/lib/python3.12/site-packages/airflow/example_dags/example_sensors.py took 0.081 seconds
[2025-02-24T20:04:02.419+0000] {processor.py:186} INFO - Started process (PID=499) to work on /home/airflow/.local/lib/python3.12/site-packages/airflow/example_dags/example_sensors.py
[2025-02-24T20:04:02.420+0000] {processor.py:914} INFO - Processing file /home/airflow/.local/lib/python3.12/site-packages/airflow/example_dags/example_sensors.py for tasks to queue
[2025-02-24T20:04:02.423+0000] {logging_mixin.py:190} INFO - [2025-02-24T20:04:02.423+0000] {dagbag.py:588} INFO - Filling up the DagBag from /home/airflow/.local/lib/python3.12/site-packages/airflow/example_dags/example_sensors.py
[2025-02-24T20:04:02.436+0000] {processor.py:925} INFO - DAG(s) 'example_sensors' retrieved from /home/airflow/.local/lib/python3.12/site-packages/airflow/example_dags/example_sensors.py
[2025-02-24T20:04:02.461+0000] {logging_mixin.py:190} INFO - [2025-02-24T20:04:02.461+0000] {dag.py:3239} INFO - Sync 1 DAGs
[2025-02-24T20:04:02.476+0000] {logging_mixin.py:190} INFO - [2025-02-24T20:04:02.475+0000] {dag.py:4180} INFO - Setting next_dagrun for example_sensors to None, run_after=None
[2025-02-24T20:04:02.504+0000] {processor.py:208} INFO - Processing /home/airflow/.local/lib/python3.12/site-packages/airflow/example_dags/example_sensors.py took 0.091 seconds
[2025-02-24T20:04:32.904+0000] {processor.py:186} INFO - Started process (PID=562) to work on /home/airflow/.local/lib/python3.12/site-packages/airflow/example_dags/example_sensors.py
[2025-02-24T20:04:32.905+0000] {processor.py:914} INFO - Processing file /home/airflow/.local/lib/python3.12/site-packages/airflow/example_dags/example_sensors.py for tasks to queue
[2025-02-24T20:04:32.908+0000] {logging_mixin.py:190} INFO - [2025-02-24T20:04:32.908+0000] {dagbag.py:588} INFO - Filling up the DagBag from /home/airflow/.local/lib/python3.12/site-packages/airflow/example_dags/example_sensors.py
[2025-02-24T20:04:32.919+0000] {processor.py:925} INFO - DAG(s) 'example_sensors' retrieved from /home/airflow/.local/lib/python3.12/site-packages/airflow/example_dags/example_sensors.py
[2025-02-24T20:04:32.944+0000] {logging_mixin.py:190} INFO - [2025-02-24T20:04:32.944+0000] {dag.py:3239} INFO - Sync 1 DAGs
[2025-02-24T20:04:32.959+0000] {logging_mixin.py:190} INFO - [2025-02-24T20:04:32.959+0000] {dag.py:4180} INFO - Setting next_dagrun for example_sensors to None, run_after=None
[2025-02-24T20:04:33.007+0000] {processor.py:208} INFO - Processing /home/airflow/.local/lib/python3.12/site-packages/airflow/example_dags/example_sensors.py took 0.112 seconds
[2025-02-24T20:05:03.279+0000] {processor.py:186} INFO - Started process (PID=625) to work on /home/airflow/.local/lib/python3.12/site-packages/airflow/example_dags/example_sensors.py
[2025-02-24T20:05:03.280+0000] {processor.py:914} INFO - Processing file /home/airflow/.local/lib/python3.12/site-packages/airflow/example_dags/example_sensors.py for tasks to queue
[2025-02-24T20:05:03.284+0000] {logging_mixin.py:190} INFO - [2025-02-24T20:05:03.283+0000] {dagbag.py:588} INFO - Filling up the DagBag from /home/airflow/.local/lib/python3.12/site-packages/airflow/example_dags/example_sensors.py
[2025-02-24T20:05:03.297+0000] {processor.py:925} INFO - DAG(s) 'example_sensors' retrieved from /home/airflow/.local/lib/python3.12/site-packages/airflow/example_dags/example_sensors.py
[2025-02-24T20:05:03.325+0000] {logging_mixin.py:190} INFO - [2025-02-24T20:05:03.325+0000] {dag.py:3239} INFO - Sync 1 DAGs
[2025-02-24T20:05:03.341+0000] {logging_mixin.py:190} INFO - [2025-02-24T20:05:03.341+0000] {dag.py:4180} INFO - Setting next_dagrun for example_sensors to None, run_after=None
[2025-02-24T20:05:03.365+0000] {processor.py:208} INFO - Processing /home/airflow/.local/lib/python3.12/site-packages/airflow/example_dags/example_sensors.py took 0.093 seconds
[2025-02-24T20:05:33.801+0000] {processor.py:186} INFO - Started process (PID=687) to work on /home/airflow/.local/lib/python3.12/site-packages/airflow/example_dags/example_sensors.py
[2025-02-24T20:05:33.802+0000] {processor.py:914} INFO - Processing file /home/airflow/.local/lib/python3.12/site-packages/airflow/example_dags/example_sensors.py for tasks to queue
[2025-02-24T20:05:33.805+0000] {logging_mixin.py:190} INFO - [2025-02-24T20:05:33.804+0000] {dagbag.py:588} INFO - Filling up the DagBag from /home/airflow/.local/lib/python3.12/site-packages/airflow/example_dags/example_sensors.py
[2025-02-24T20:05:33.818+0000] {processor.py:925} INFO - DAG(s) 'example_sensors' retrieved from /home/airflow/.local/lib/python3.12/site-packages/airflow/example_dags/example_sensors.py
[2025-02-24T20:05:33.844+0000] {logging_mixin.py:190} INFO - [2025-02-24T20:05:33.844+0000] {dag.py:3239} INFO - Sync 1 DAGs
[2025-02-24T20:05:33.860+0000] {logging_mixin.py:190} INFO - [2025-02-24T20:05:33.860+0000] {dag.py:4180} INFO - Setting next_dagrun for example_sensors to None, run_after=None
[2025-02-24T20:05:33.883+0000] {processor.py:208} INFO - Processing /home/airflow/.local/lib/python3.12/site-packages/airflow/example_dags/example_sensors.py took 0.090 seconds
[2025-02-24T20:06:05.182+0000] {processor.py:186} INFO - Started process (PID=750) to work on /home/airflow/.local/lib/python3.12/site-packages/airflow/example_dags/example_sensors.py
[2025-02-24T20:06:05.183+0000] {processor.py:914} INFO - Processing file /home/airflow/.local/lib/python3.12/site-packages/airflow/example_dags/example_sensors.py for tasks to queue
[2025-02-24T20:06:05.186+0000] {logging_mixin.py:190} INFO - [2025-02-24T20:06:05.185+0000] {dagbag.py:588} INFO - Filling up the DagBag from /home/airflow/.local/lib/python3.12/site-packages/airflow/example_dags/example_sensors.py
[2025-02-24T20:06:05.197+0000] {processor.py:925} INFO - DAG(s) 'example_sensors' retrieved from /home/airflow/.local/lib/python3.12/site-packages/airflow/example_dags/example_sensors.py
[2025-02-24T20:06:05.226+0000] {logging_mixin.py:190} INFO - [2025-02-24T20:06:05.225+0000] {dag.py:3239} INFO - Sync 1 DAGs
[2025-02-24T20:06:05.244+0000] {logging_mixin.py:190} INFO - [2025-02-24T20:06:05.244+0000] {dag.py:4180} INFO - Setting next_dagrun for example_sensors to None, run_after=None
[2025-02-24T20:06:05.270+0000] {processor.py:208} INFO - Processing /home/airflow/.local/lib/python3.12/site-packages/airflow/example_dags/example_sensors.py took 0.094 seconds
[2025-02-24T20:06:36.477+0000] {processor.py:186} INFO - Started process (PID=813) to work on /home/airflow/.local/lib/python3.12/site-packages/airflow/example_dags/example_sensors.py
[2025-02-24T20:06:36.478+0000] {processor.py:914} INFO - Processing file /home/airflow/.local/lib/python3.12/site-packages/airflow/example_dags/example_sensors.py for tasks to queue
[2025-02-24T20:06:36.481+0000] {logging_mixin.py:190} INFO - [2025-02-24T20:06:36.480+0000] {dagbag.py:588} INFO - Filling up the DagBag from /home/airflow/.local/lib/python3.12/site-packages/airflow/example_dags/example_sensors.py
[2025-02-24T20:06:36.493+0000] {processor.py:925} INFO - DAG(s) 'example_sensors' retrieved from /home/airflow/.local/lib/python3.12/site-packages/airflow/example_dags/example_sensors.py
[2025-02-24T20:06:36.520+0000] {logging_mixin.py:190} INFO - [2025-02-24T20:06:36.519+0000] {dag.py:3239} INFO - Sync 1 DAGs
[2025-02-24T20:06:36.535+0000] {logging_mixin.py:190} INFO - [2025-02-24T20:06:36.535+0000] {dag.py:4180} INFO - Setting next_dagrun for example_sensors to None, run_after=None
[2025-02-24T20:06:36.557+0000] {processor.py:208} INFO - Processing /home/airflow/.local/lib/python3.12/site-packages/airflow/example_dags/example_sensors.py took 0.086 seconds
[2025-02-24T20:07:07.584+0000] {processor.py:186} INFO - Started process (PID=876) to work on /home/airflow/.local/lib/python3.12/site-packages/airflow/example_dags/example_sensors.py
[2025-02-24T20:07:07.585+0000] {processor.py:914} INFO - Processing file /home/airflow/.local/lib/python3.12/site-packages/airflow/example_dags/example_sensors.py for tasks to queue
[2025-02-24T20:07:07.587+0000] {logging_mixin.py:190} INFO - [2025-02-24T20:07:07.587+0000] {dagbag.py:588} INFO - Filling up the DagBag from /home/airflow/.local/lib/python3.12/site-packages/airflow/example_dags/example_sensors.py
[2025-02-24T20:07:07.599+0000] {processor.py:925} INFO - DAG(s) 'example_sensors' retrieved from /home/airflow/.local/lib/python3.12/site-packages/airflow/example_dags/example_sensors.py
[2025-02-24T20:07:07.626+0000] {logging_mixin.py:190} INFO - [2025-02-24T20:07:07.625+0000] {dag.py:3239} INFO - Sync 1 DAGs
[2025-02-24T20:07:07.642+0000] {logging_mixin.py:190} INFO - [2025-02-24T20:07:07.641+0000] {dag.py:4180} INFO - Setting next_dagrun for example_sensors to None, run_after=None
[2025-02-24T20:07:07.662+0000] {processor.py:208} INFO - Processing /home/airflow/.local/lib/python3.12/site-packages/airflow/example_dags/example_sensors.py took 0.084 seconds
[2025-02-24T20:07:39.197+0000] {processor.py:186} INFO - Started process (PID=941) to work on /home/airflow/.local/lib/python3.12/site-packages/airflow/example_dags/example_sensors.py
[2025-02-24T20:07:39.199+0000] {processor.py:914} INFO - Processing file /home/airflow/.local/lib/python3.12/site-packages/airflow/example_dags/example_sensors.py for tasks to queue
[2025-02-24T20:07:39.202+0000] {logging_mixin.py:190} INFO - [2025-02-24T20:07:39.202+0000] {dagbag.py:588} INFO - Filling up the DagBag from /home/airflow/.local/lib/python3.12/site-packages/airflow/example_dags/example_sensors.py
[2025-02-24T20:07:39.220+0000] {processor.py:925} INFO - DAG(s) 'example_sensors' retrieved from /home/airflow/.local/lib/python3.12/site-packages/airflow/example_dags/example_sensors.py
[2025-02-24T20:07:39.248+0000] {logging_mixin.py:190} INFO - [2025-02-24T20:07:39.248+0000] {dag.py:3239} INFO - Sync 1 DAGs
[2025-02-24T20:07:39.263+0000] {logging_mixin.py:190} INFO - [2025-02-24T20:07:39.263+0000] {dag.py:4180} INFO - Setting next_dagrun for example_sensors to None, run_after=None
[2025-02-24T20:07:39.287+0000] {processor.py:208} INFO - Processing /home/airflow/.local/lib/python3.12/site-packages/airflow/example_dags/example_sensors.py took 0.097 seconds
[2025-02-24T20:08:10.459+0000] {processor.py:186} INFO - Started process (PID=1004) to work on /home/airflow/.local/lib/python3.12/site-packages/airflow/example_dags/example_sensors.py
[2025-02-24T20:08:10.460+0000] {processor.py:914} INFO - Processing file /home/airflow/.local/lib/python3.12/site-packages/airflow/example_dags/example_sensors.py for tasks to queue
[2025-02-24T20:08:10.462+0000] {logging_mixin.py:190} INFO - [2025-02-24T20:08:10.462+0000] {dagbag.py:588} INFO - Filling up the DagBag from /home/airflow/.local/lib/python3.12/site-packages/airflow/example_dags/example_sensors.py
[2025-02-24T20:08:10.476+0000] {processor.py:925} INFO - DAG(s) 'example_sensors' retrieved from /home/airflow/.local/lib/python3.12/site-packages/airflow/example_dags/example_sensors.py
[2025-02-24T20:08:10.504+0000] {logging_mixin.py:190} INFO - [2025-02-24T20:08:10.504+0000] {dag.py:3239} INFO - Sync 1 DAGs
[2025-02-24T20:08:10.522+0000] {logging_mixin.py:190} INFO - [2025-02-24T20:08:10.521+0000] {dag.py:4180} INFO - Setting next_dagrun for example_sensors to None, run_after=None
[2025-02-24T20:08:10.539+0000] {processor.py:208} INFO - Processing /home/airflow/.local/lib/python3.12/site-packages/airflow/example_dags/example_sensors.py took 0.089 seconds
[2025-02-24T20:08:42.080+0000] {processor.py:186} INFO - Started process (PID=1073) to work on /home/airflow/.local/lib/python3.12/site-packages/airflow/example_dags/example_sensors.py
[2025-02-24T20:08:42.081+0000] {processor.py:914} INFO - Processing file /home/airflow/.local/lib/python3.12/site-packages/airflow/example_dags/example_sensors.py for tasks to queue
[2025-02-24T20:08:42.083+0000] {logging_mixin.py:190} INFO - [2025-02-24T20:08:42.083+0000] {dagbag.py:588} INFO - Filling up the DagBag from /home/airflow/.local/lib/python3.12/site-packages/airflow/example_dags/example_sensors.py
[2025-02-24T20:08:42.095+0000] {processor.py:925} INFO - DAG(s) 'example_sensors' retrieved from /home/airflow/.local/lib/python3.12/site-packages/airflow/example_dags/example_sensors.py
[2025-02-24T20:08:42.125+0000] {logging_mixin.py:190} INFO - [2025-02-24T20:08:42.124+0000] {dag.py:3239} INFO - Sync 1 DAGs
[2025-02-24T20:08:42.142+0000] {logging_mixin.py:190} INFO - [2025-02-24T20:08:42.142+0000] {dag.py:4180} INFO - Setting next_dagrun for example_sensors to None, run_after=None
[2025-02-24T20:08:42.165+0000] {processor.py:208} INFO - Processing /home/airflow/.local/lib/python3.12/site-packages/airflow/example_dags/example_sensors.py took 0.092 seconds
[2025-02-24T20:09:12.877+0000] {processor.py:186} INFO - Started process (PID=1136) to work on /home/airflow/.local/lib/python3.12/site-packages/airflow/example_dags/example_sensors.py
[2025-02-24T20:09:12.878+0000] {processor.py:914} INFO - Processing file /home/airflow/.local/lib/python3.12/site-packages/airflow/example_dags/example_sensors.py for tasks to queue
[2025-02-24T20:09:12.880+0000] {logging_mixin.py:190} INFO - [2025-02-24T20:09:12.880+0000] {dagbag.py:588} INFO - Filling up the DagBag from /home/airflow/.local/lib/python3.12/site-packages/airflow/example_dags/example_sensors.py
[2025-02-24T20:09:12.892+0000] {processor.py:925} INFO - DAG(s) 'example_sensors' retrieved from /home/airflow/.local/lib/python3.12/site-packages/airflow/example_dags/example_sensors.py
[2025-02-24T20:09:12.919+0000] {logging_mixin.py:190} INFO - [2025-02-24T20:09:12.919+0000] {dag.py:3239} INFO - Sync 1 DAGs
[2025-02-24T20:09:12.936+0000] {logging_mixin.py:190} INFO - [2025-02-24T20:09:12.935+0000] {dag.py:4180} INFO - Setting next_dagrun for example_sensors to None, run_after=None
[2025-02-24T20:09:12.957+0000] {processor.py:208} INFO - Processing /home/airflow/.local/lib/python3.12/site-packages/airflow/example_dags/example_sensors.py took 0.086 seconds
[2025-02-24T20:09:44.370+0000] {processor.py:186} INFO - Started process (PID=1202) to work on /home/airflow/.local/lib/python3.12/site-packages/airflow/example_dags/example_sensors.py
[2025-02-24T20:09:44.372+0000] {processor.py:914} INFO - Processing file /home/airflow/.local/lib/python3.12/site-packages/airflow/example_dags/example_sensors.py for tasks to queue
[2025-02-24T20:09:44.375+0000] {logging_mixin.py:190} INFO - [2025-02-24T20:09:44.374+0000] {dagbag.py:588} INFO - Filling up the DagBag from /home/airflow/.local/lib/python3.12/site-packages/airflow/example_dags/example_sensors.py
[2025-02-24T20:09:44.390+0000] {processor.py:925} INFO - DAG(s) 'example_sensors' retrieved from /home/airflow/.local/lib/python3.12/site-packages/airflow/example_dags/example_sensors.py
[2025-02-24T20:09:44.422+0000] {logging_mixin.py:190} INFO - [2025-02-24T20:09:44.421+0000] {dag.py:3239} INFO - Sync 1 DAGs
[2025-02-24T20:09:44.440+0000] {logging_mixin.py:190} INFO - [2025-02-24T20:09:44.440+0000] {dag.py:4180} INFO - Setting next_dagrun for example_sensors to None, run_after=None
[2025-02-24T20:09:44.462+0000] {processor.py:208} INFO - Processing /home/airflow/.local/lib/python3.12/site-packages/airflow/example_dags/example_sensors.py took 0.099 seconds
[2025-02-24T20:10:15.807+0000] {processor.py:186} INFO - Started process (PID=1265) to work on /home/airflow/.local/lib/python3.12/site-packages/airflow/example_dags/example_sensors.py
[2025-02-24T20:10:15.808+0000] {processor.py:914} INFO - Processing file /home/airflow/.local/lib/python3.12/site-packages/airflow/example_dags/example_sensors.py for tasks to queue
[2025-02-24T20:10:15.811+0000] {logging_mixin.py:190} INFO - [2025-02-24T20:10:15.811+0000] {dagbag.py:588} INFO - Filling up the DagBag from /home/airflow/.local/lib/python3.12/site-packages/airflow/example_dags/example_sensors.py
[2025-02-24T20:10:15.823+0000] {processor.py:925} INFO - DAG(s) 'example_sensors' retrieved from /home/airflow/.local/lib/python3.12/site-packages/airflow/example_dags/example_sensors.py
[2025-02-24T20:10:15.851+0000] {logging_mixin.py:190} INFO - [2025-02-24T20:10:15.851+0000] {dag.py:3239} INFO - Sync 1 DAGs
[2025-02-24T20:10:15.867+0000] {logging_mixin.py:190} INFO - [2025-02-24T20:10:15.867+0000] {dag.py:4180} INFO - Setting next_dagrun for example_sensors to None, run_after=None
[2025-02-24T20:10:15.900+0000] {processor.py:208} INFO - Processing /home/airflow/.local/lib/python3.12/site-packages/airflow/example_dags/example_sensors.py took 0.099 seconds
[2025-02-24T20:10:47.287+0000] {processor.py:186} INFO - Started process (PID=1331) to work on /home/airflow/.local/lib/python3.12/site-packages/airflow/example_dags/example_sensors.py
[2025-02-24T20:10:47.288+0000] {processor.py:914} INFO - Processing file /home/airflow/.local/lib/python3.12/site-packages/airflow/example_dags/example_sensors.py for tasks to queue
[2025-02-24T20:10:47.291+0000] {logging_mixin.py:190} INFO - [2025-02-24T20:10:47.290+0000] {dagbag.py:588} INFO - Filling up the DagBag from /home/airflow/.local/lib/python3.12/site-packages/airflow/example_dags/example_sensors.py
[2025-02-24T20:10:47.303+0000] {processor.py:925} INFO - DAG(s) 'example_sensors' retrieved from /home/airflow/.local/lib/python3.12/site-packages/airflow/example_dags/example_sensors.py
[2025-02-24T20:10:47.334+0000] {logging_mixin.py:190} INFO - [2025-02-24T20:10:47.334+0000] {dag.py:3239} INFO - Sync 1 DAGs
[2025-02-24T20:10:47.350+0000] {logging_mixin.py:190} INFO - [2025-02-24T20:10:47.350+0000] {dag.py:4180} INFO - Setting next_dagrun for example_sensors to None, run_after=None
[2025-02-24T20:10:47.370+0000] {processor.py:208} INFO - Processing /home/airflow/.local/lib/python3.12/site-packages/airflow/example_dags/example_sensors.py took 0.091 seconds
[2025-02-24T20:11:18.790+0000] {processor.py:186} INFO - Started process (PID=1395) to work on /home/airflow/.local/lib/python3.12/site-packages/airflow/example_dags/example_sensors.py
[2025-02-24T20:11:18.791+0000] {processor.py:914} INFO - Processing file /home/airflow/.local/lib/python3.12/site-packages/airflow/example_dags/example_sensors.py for tasks to queue
[2025-02-24T20:11:18.794+0000] {logging_mixin.py:190} INFO - [2025-02-24T20:11:18.793+0000] {dagbag.py:588} INFO - Filling up the DagBag from /home/airflow/.local/lib/python3.12/site-packages/airflow/example_dags/example_sensors.py
[2025-02-24T20:11:18.806+0000] {processor.py:925} INFO - DAG(s) 'example_sensors' retrieved from /home/airflow/.local/lib/python3.12/site-packages/airflow/example_dags/example_sensors.py
[2025-02-24T20:11:18.835+0000] {logging_mixin.py:190} INFO - [2025-02-24T20:11:18.835+0000] {dag.py:3239} INFO - Sync 1 DAGs
[2025-02-24T20:11:18.852+0000] {logging_mixin.py:190} INFO - [2025-02-24T20:11:18.852+0000] {dag.py:4180} INFO - Setting next_dagrun for example_sensors to None, run_after=None
[2025-02-24T20:11:18.887+0000] {processor.py:208} INFO - Processing /home/airflow/.local/lib/python3.12/site-packages/airflow/example_dags/example_sensors.py took 0.104 seconds
[2025-02-24T20:11:51.088+0000] {processor.py:186} INFO - Started process (PID=1461) to work on /home/airflow/.local/lib/python3.12/site-packages/airflow/example_dags/example_sensors.py
[2025-02-24T20:11:51.089+0000] {processor.py:914} INFO - Processing file /home/airflow/.local/lib/python3.12/site-packages/airflow/example_dags/example_sensors.py for tasks to queue
[2025-02-24T20:11:51.092+0000] {logging_mixin.py:190} INFO - [2025-02-24T20:11:51.091+0000] {dagbag.py:588} INFO - Filling up the DagBag from /home/airflow/.local/lib/python3.12/site-packages/airflow/example_dags/example_sensors.py
[2025-02-24T20:11:51.104+0000] {processor.py:925} INFO - DAG(s) 'example_sensors' retrieved from /home/airflow/.local/lib/python3.12/site-packages/airflow/example_dags/example_sensors.py
[2025-02-24T20:11:51.133+0000] {logging_mixin.py:190} INFO - [2025-02-24T20:11:51.133+0000] {dag.py:3239} INFO - Sync 1 DAGs
[2025-02-24T20:11:51.148+0000] {logging_mixin.py:190} INFO - [2025-02-24T20:11:51.148+0000] {dag.py:4180} INFO - Setting next_dagrun for example_sensors to None, run_after=None
[2025-02-24T20:11:51.172+0000] {processor.py:208} INFO - Processing /home/airflow/.local/lib/python3.12/site-packages/airflow/example_dags/example_sensors.py took 0.090 seconds
[2025-02-24T20:12:21.518+0000] {processor.py:186} INFO - Started process (PID=1524) to work on /home/airflow/.local/lib/python3.12/site-packages/airflow/example_dags/example_sensors.py
[2025-02-24T20:12:21.520+0000] {processor.py:914} INFO - Processing file /home/airflow/.local/lib/python3.12/site-packages/airflow/example_dags/example_sensors.py for tasks to queue
[2025-02-24T20:12:21.524+0000] {logging_mixin.py:190} INFO - [2025-02-24T20:12:21.523+0000] {dagbag.py:588} INFO - Filling up the DagBag from /home/airflow/.local/lib/python3.12/site-packages/airflow/example_dags/example_sensors.py
[2025-02-24T20:12:21.540+0000] {processor.py:925} INFO - DAG(s) 'example_sensors' retrieved from /home/airflow/.local/lib/python3.12/site-packages/airflow/example_dags/example_sensors.py
[2025-02-24T20:12:21.568+0000] {logging_mixin.py:190} INFO - [2025-02-24T20:12:21.567+0000] {dag.py:3239} INFO - Sync 1 DAGs
[2025-02-24T20:12:21.584+0000] {logging_mixin.py:190} INFO - [2025-02-24T20:12:21.584+0000] {dag.py:4180} INFO - Setting next_dagrun for example_sensors to None, run_after=None
[2025-02-24T20:12:21.602+0000] {processor.py:208} INFO - Processing /home/airflow/.local/lib/python3.12/site-packages/airflow/example_dags/example_sensors.py took 0.092 seconds
[2025-02-24T20:12:53.207+0000] {processor.py:186} INFO - Started process (PID=1593) to work on /home/airflow/.local/lib/python3.12/site-packages/airflow/example_dags/example_sensors.py
[2025-02-24T20:12:53.209+0000] {processor.py:914} INFO - Processing file /home/airflow/.local/lib/python3.12/site-packages/airflow/example_dags/example_sensors.py for tasks to queue
[2025-02-24T20:12:53.211+0000] {logging_mixin.py:190} INFO - [2025-02-24T20:12:53.211+0000] {dagbag.py:588} INFO - Filling up the DagBag from /home/airflow/.local/lib/python3.12/site-packages/airflow/example_dags/example_sensors.py
[2025-02-24T20:12:53.224+0000] {processor.py:925} INFO - DAG(s) 'example_sensors' retrieved from /home/airflow/.local/lib/python3.12/site-packages/airflow/example_dags/example_sensors.py
[2025-02-24T20:12:53.255+0000] {logging_mixin.py:190} INFO - [2025-02-24T20:12:53.255+0000] {dag.py:3239} INFO - Sync 1 DAGs
[2025-02-24T20:12:53.272+0000] {logging_mixin.py:190} INFO - [2025-02-24T20:12:53.272+0000] {dag.py:4180} INFO - Setting next_dagrun for example_sensors to None, run_after=None
[2025-02-24T20:12:53.295+0000] {processor.py:208} INFO - Processing /home/airflow/.local/lib/python3.12/site-packages/airflow/example_dags/example_sensors.py took 0.093 seconds
[2025-02-24T20:13:25.945+0000] {processor.py:186} INFO - Started process (PID=1660) to work on /home/airflow/.local/lib/python3.12/site-packages/airflow/example_dags/example_sensors.py
[2025-02-24T20:13:25.946+0000] {processor.py:914} INFO - Processing file /home/airflow/.local/lib/python3.12/site-packages/airflow/example_dags/example_sensors.py for tasks to queue
[2025-02-24T20:13:25.948+0000] {logging_mixin.py:190} INFO - [2025-02-24T20:13:25.948+0000] {dagbag.py:588} INFO - Filling up the DagBag from /home/airflow/.local/lib/python3.12/site-packages/airflow/example_dags/example_sensors.py
[2025-02-24T20:13:25.959+0000] {processor.py:925} INFO - DAG(s) 'example_sensors' retrieved from /home/airflow/.local/lib/python3.12/site-packages/airflow/example_dags/example_sensors.py
[2025-02-24T20:13:25.987+0000] {logging_mixin.py:190} INFO - [2025-02-24T20:13:25.987+0000] {dag.py:3239} INFO - Sync 1 DAGs
[2025-02-24T20:13:26.003+0000] {logging_mixin.py:190} INFO - [2025-02-24T20:13:26.002+0000] {dag.py:4180} INFO - Setting next_dagrun for example_sensors to None, run_after=None
[2025-02-24T20:13:26.024+0000] {processor.py:208} INFO - Processing /home/airflow/.local/lib/python3.12/site-packages/airflow/example_dags/example_sensors.py took 0.086 seconds
[2025-02-24T20:13:57.359+0000] {processor.py:186} INFO - Started process (PID=1723) to work on /home/airflow/.local/lib/python3.12/site-packages/airflow/example_dags/example_sensors.py
[2025-02-24T20:13:57.361+0000] {processor.py:914} INFO - Processing file /home/airflow/.local/lib/python3.12/site-packages/airflow/example_dags/example_sensors.py for tasks to queue
[2025-02-24T20:13:57.363+0000] {logging_mixin.py:190} INFO - [2025-02-24T20:13:57.363+0000] {dagbag.py:588} INFO - Filling up the DagBag from /home/airflow/.local/lib/python3.12/site-packages/airflow/example_dags/example_sensors.py
[2025-02-24T20:13:57.375+0000] {processor.py:925} INFO - DAG(s) 'example_sensors' retrieved from /home/airflow/.local/lib/python3.12/site-packages/airflow/example_dags/example_sensors.py
[2025-02-24T20:13:57.404+0000] {logging_mixin.py:190} INFO - [2025-02-24T20:13:57.404+0000] {dag.py:3239} INFO - Sync 1 DAGs
[2025-02-24T20:13:57.421+0000] {logging_mixin.py:190} INFO - [2025-02-24T20:13:57.421+0000] {dag.py:4180} INFO - Setting next_dagrun for example_sensors to None, run_after=None
[2025-02-24T20:13:57.444+0000] {processor.py:208} INFO - Processing /home/airflow/.local/lib/python3.12/site-packages/airflow/example_dags/example_sensors.py took 0.090 seconds
[2025-02-24T20:14:30.583+0000] {processor.py:186} INFO - Started process (PID=1787) to work on /home/airflow/.local/lib/python3.12/site-packages/airflow/example_dags/example_sensors.py
[2025-02-24T20:14:30.584+0000] {processor.py:914} INFO - Processing file /home/airflow/.local/lib/python3.12/site-packages/airflow/example_dags/example_sensors.py for tasks to queue
[2025-02-24T20:14:30.587+0000] {logging_mixin.py:190} INFO - [2025-02-24T20:14:30.587+0000] {dagbag.py:588} INFO - Filling up the DagBag from /home/airflow/.local/lib/python3.12/site-packages/airflow/example_dags/example_sensors.py
[2025-02-24T20:14:30.604+0000] {processor.py:925} INFO - DAG(s) 'example_sensors' retrieved from /home/airflow/.local/lib/python3.12/site-packages/airflow/example_dags/example_sensors.py
[2025-02-24T20:14:30.644+0000] {logging_mixin.py:190} INFO - [2025-02-24T20:14:30.643+0000] {dag.py:3239} INFO - Sync 1 DAGs
[2025-02-24T20:14:30.668+0000] {logging_mixin.py:190} INFO - [2025-02-24T20:14:30.668+0000] {dag.py:4180} INFO - Setting next_dagrun for example_sensors to None, run_after=None
[2025-02-24T20:14:30.699+0000] {processor.py:208} INFO - Processing /home/airflow/.local/lib/python3.12/site-packages/airflow/example_dags/example_sensors.py took 0.124 seconds
[2025-02-24T20:15:03.712+0000] {processor.py:186} INFO - Started process (PID=1850) to work on /home/airflow/.local/lib/python3.12/site-packages/airflow/example_dags/example_sensors.py
[2025-02-24T20:15:03.714+0000] {processor.py:914} INFO - Processing file /home/airflow/.local/lib/python3.12/site-packages/airflow/example_dags/example_sensors.py for tasks to queue
[2025-02-24T20:15:03.718+0000] {logging_mixin.py:190} INFO - [2025-02-24T20:15:03.717+0000] {dagbag.py:588} INFO - Filling up the DagBag from /home/airflow/.local/lib/python3.12/site-packages/airflow/example_dags/example_sensors.py
[2025-02-24T20:15:03.737+0000] {processor.py:925} INFO - DAG(s) 'example_sensors' retrieved from /home/airflow/.local/lib/python3.12/site-packages/airflow/example_dags/example_sensors.py
[2025-02-24T20:15:03.775+0000] {logging_mixin.py:190} INFO - [2025-02-24T20:15:03.775+0000] {dag.py:3239} INFO - Sync 1 DAGs
[2025-02-24T20:15:03.801+0000] {logging_mixin.py:190} INFO - [2025-02-24T20:15:03.801+0000] {dag.py:4180} INFO - Setting next_dagrun for example_sensors to None, run_after=None
[2025-02-24T20:15:03.836+0000] {processor.py:208} INFO - Processing /home/airflow/.local/lib/python3.12/site-packages/airflow/example_dags/example_sensors.py took 0.138 seconds
[2025-02-24T20:15:36.273+0000] {processor.py:186} INFO - Started process (PID=1913) to work on /home/airflow/.local/lib/python3.12/site-packages/airflow/example_dags/example_sensors.py
[2025-02-24T20:15:36.276+0000] {processor.py:914} INFO - Processing file /home/airflow/.local/lib/python3.12/site-packages/airflow/example_dags/example_sensors.py for tasks to queue
[2025-02-24T20:15:36.281+0000] {logging_mixin.py:190} INFO - [2025-02-24T20:15:36.280+0000] {dagbag.py:588} INFO - Filling up the DagBag from /home/airflow/.local/lib/python3.12/site-packages/airflow/example_dags/example_sensors.py
[2025-02-24T20:15:36.309+0000] {processor.py:925} INFO - DAG(s) 'example_sensors' retrieved from /home/airflow/.local/lib/python3.12/site-packages/airflow/example_dags/example_sensors.py
[2025-02-24T20:15:36.373+0000] {logging_mixin.py:190} INFO - [2025-02-24T20:15:36.372+0000] {dag.py:3239} INFO - Sync 1 DAGs
[2025-02-24T20:15:36.412+0000] {logging_mixin.py:190} INFO - [2025-02-24T20:15:36.412+0000] {dag.py:4180} INFO - Setting next_dagrun for example_sensors to None, run_after=None
[2025-02-24T20:15:36.467+0000] {processor.py:208} INFO - Processing /home/airflow/.local/lib/python3.12/site-packages/airflow/example_dags/example_sensors.py took 0.206 seconds
[2025-02-24T20:16:08.647+0000] {processor.py:186} INFO - Started process (PID=1976) to work on /home/airflow/.local/lib/python3.12/site-packages/airflow/example_dags/example_sensors.py
[2025-02-24T20:16:08.648+0000] {processor.py:914} INFO - Processing file /home/airflow/.local/lib/python3.12/site-packages/airflow/example_dags/example_sensors.py for tasks to queue
[2025-02-24T20:16:08.652+0000] {logging_mixin.py:190} INFO - [2025-02-24T20:16:08.651+0000] {dagbag.py:588} INFO - Filling up the DagBag from /home/airflow/.local/lib/python3.12/site-packages/airflow/example_dags/example_sensors.py
[2025-02-24T20:16:08.676+0000] {processor.py:925} INFO - DAG(s) 'example_sensors' retrieved from /home/airflow/.local/lib/python3.12/site-packages/airflow/example_dags/example_sensors.py
[2025-02-24T20:16:08.730+0000] {logging_mixin.py:190} INFO - [2025-02-24T20:16:08.729+0000] {dag.py:3239} INFO - Sync 1 DAGs
[2025-02-24T20:16:08.759+0000] {logging_mixin.py:190} INFO - [2025-02-24T20:16:08.758+0000] {dag.py:4180} INFO - Setting next_dagrun for example_sensors to None, run_after=None
[2025-02-24T20:16:08.835+0000] {processor.py:208} INFO - Processing /home/airflow/.local/lib/python3.12/site-packages/airflow/example_dags/example_sensors.py took 0.198 seconds
[2025-02-24T20:16:39.169+0000] {processor.py:186} INFO - Started process (PID=2038) to work on /home/airflow/.local/lib/python3.12/site-packages/airflow/example_dags/example_sensors.py
[2025-02-24T20:16:39.171+0000] {processor.py:914} INFO - Processing file /home/airflow/.local/lib/python3.12/site-packages/airflow/example_dags/example_sensors.py for tasks to queue
[2025-02-24T20:16:39.177+0000] {logging_mixin.py:190} INFO - [2025-02-24T20:16:39.176+0000] {dagbag.py:588} INFO - Filling up the DagBag from /home/airflow/.local/lib/python3.12/site-packages/airflow/example_dags/example_sensors.py
[2025-02-24T20:16:39.234+0000] {processor.py:925} INFO - DAG(s) 'example_sensors' retrieved from /home/airflow/.local/lib/python3.12/site-packages/airflow/example_dags/example_sensors.py
[2025-02-24T20:16:39.295+0000] {logging_mixin.py:190} INFO - [2025-02-24T20:16:39.294+0000] {dag.py:3239} INFO - Sync 1 DAGs
[2025-02-24T20:16:39.328+0000] {logging_mixin.py:190} INFO - [2025-02-24T20:16:39.327+0000] {dag.py:4180} INFO - Setting next_dagrun for example_sensors to None, run_after=None
[2025-02-24T20:16:39.372+0000] {processor.py:208} INFO - Processing /home/airflow/.local/lib/python3.12/site-packages/airflow/example_dags/example_sensors.py took 0.214 seconds
[2025-02-24T20:17:10.895+0000] {processor.py:186} INFO - Started process (PID=2101) to work on /home/airflow/.local/lib/python3.12/site-packages/airflow/example_dags/example_sensors.py
[2025-02-24T20:17:10.897+0000] {processor.py:914} INFO - Processing file /home/airflow/.local/lib/python3.12/site-packages/airflow/example_dags/example_sensors.py for tasks to queue
[2025-02-24T20:17:10.900+0000] {logging_mixin.py:190} INFO - [2025-02-24T20:17:10.900+0000] {dagbag.py:588} INFO - Filling up the DagBag from /home/airflow/.local/lib/python3.12/site-packages/airflow/example_dags/example_sensors.py
[2025-02-24T20:17:10.917+0000] {processor.py:925} INFO - DAG(s) 'example_sensors' retrieved from /home/airflow/.local/lib/python3.12/site-packages/airflow/example_dags/example_sensors.py
[2025-02-24T20:17:10.953+0000] {logging_mixin.py:190} INFO - [2025-02-24T20:17:10.953+0000] {dag.py:3239} INFO - Sync 1 DAGs
[2025-02-24T20:17:10.975+0000] {logging_mixin.py:190} INFO - [2025-02-24T20:17:10.975+0000] {dag.py:4180} INFO - Setting next_dagrun for example_sensors to None, run_after=None
[2025-02-24T20:17:11.007+0000] {processor.py:208} INFO - Processing /home/airflow/.local/lib/python3.12/site-packages/airflow/example_dags/example_sensors.py took 0.120 seconds
[2025-02-24T20:17:41.861+0000] {processor.py:186} INFO - Started process (PID=2164) to work on /home/airflow/.local/lib/python3.12/site-packages/airflow/example_dags/example_sensors.py
[2025-02-24T20:17:41.864+0000] {processor.py:914} INFO - Processing file /home/airflow/.local/lib/python3.12/site-packages/airflow/example_dags/example_sensors.py for tasks to queue
[2025-02-24T20:17:41.869+0000] {logging_mixin.py:190} INFO - [2025-02-24T20:17:41.868+0000] {dagbag.py:588} INFO - Filling up the DagBag from /home/airflow/.local/lib/python3.12/site-packages/airflow/example_dags/example_sensors.py
[2025-02-24T20:17:41.892+0000] {processor.py:925} INFO - DAG(s) 'example_sensors' retrieved from /home/airflow/.local/lib/python3.12/site-packages/airflow/example_dags/example_sensors.py
[2025-02-24T20:17:41.947+0000] {logging_mixin.py:190} INFO - [2025-02-24T20:17:41.946+0000] {dag.py:3239} INFO - Sync 1 DAGs
[2025-02-24T20:17:41.980+0000] {logging_mixin.py:190} INFO - [2025-02-24T20:17:41.979+0000] {dag.py:4180} INFO - Setting next_dagrun for example_sensors to None, run_after=None
[2025-02-24T20:17:42.039+0000] {processor.py:208} INFO - Processing /home/airflow/.local/lib/python3.12/site-packages/airflow/example_dags/example_sensors.py took 0.187 seconds
[2025-02-24T20:18:13.088+0000] {processor.py:186} INFO - Started process (PID=2227) to work on /home/airflow/.local/lib/python3.12/site-packages/airflow/example_dags/example_sensors.py
[2025-02-24T20:18:13.090+0000] {processor.py:914} INFO - Processing file /home/airflow/.local/lib/python3.12/site-packages/airflow/example_dags/example_sensors.py for tasks to queue
[2025-02-24T20:18:13.095+0000] {logging_mixin.py:190} INFO - [2025-02-24T20:18:13.094+0000] {dagbag.py:588} INFO - Filling up the DagBag from /home/airflow/.local/lib/python3.12/site-packages/airflow/example_dags/example_sensors.py
[2025-02-24T20:18:13.115+0000] {processor.py:925} INFO - DAG(s) 'example_sensors' retrieved from /home/airflow/.local/lib/python3.12/site-packages/airflow/example_dags/example_sensors.py
[2025-02-24T20:18:13.156+0000] {logging_mixin.py:190} INFO - [2025-02-24T20:18:13.155+0000] {dag.py:3239} INFO - Sync 1 DAGs
[2025-02-24T20:18:13.179+0000] {logging_mixin.py:190} INFO - [2025-02-24T20:18:13.179+0000] {dag.py:4180} INFO - Setting next_dagrun for example_sensors to None, run_after=None
[2025-02-24T20:18:13.211+0000] {processor.py:208} INFO - Processing /home/airflow/.local/lib/python3.12/site-packages/airflow/example_dags/example_sensors.py took 0.135 seconds
[2025-02-24T20:18:43.504+0000] {processor.py:186} INFO - Started process (PID=2290) to work on /home/airflow/.local/lib/python3.12/site-packages/airflow/example_dags/example_sensors.py
[2025-02-24T20:18:43.506+0000] {processor.py:914} INFO - Processing file /home/airflow/.local/lib/python3.12/site-packages/airflow/example_dags/example_sensors.py for tasks to queue
[2025-02-24T20:18:43.509+0000] {logging_mixin.py:190} INFO - [2025-02-24T20:18:43.509+0000] {dagbag.py:588} INFO - Filling up the DagBag from /home/airflow/.local/lib/python3.12/site-packages/airflow/example_dags/example_sensors.py
[2025-02-24T20:18:43.526+0000] {processor.py:925} INFO - DAG(s) 'example_sensors' retrieved from /home/airflow/.local/lib/python3.12/site-packages/airflow/example_dags/example_sensors.py
[2025-02-24T20:18:43.565+0000] {logging_mixin.py:190} INFO - [2025-02-24T20:18:43.565+0000] {dag.py:3239} INFO - Sync 1 DAGs
[2025-02-24T20:18:43.587+0000] {logging_mixin.py:190} INFO - [2025-02-24T20:18:43.587+0000] {dag.py:4180} INFO - Setting next_dagrun for example_sensors to None, run_after=None
[2025-02-24T20:18:43.642+0000] {processor.py:208} INFO - Processing /home/airflow/.local/lib/python3.12/site-packages/airflow/example_dags/example_sensors.py took 0.146 seconds
[2025-02-24T20:19:14.237+0000] {processor.py:186} INFO - Started process (PID=2352) to work on /home/airflow/.local/lib/python3.12/site-packages/airflow/example_dags/example_sensors.py
[2025-02-24T20:19:14.239+0000] {processor.py:914} INFO - Processing file /home/airflow/.local/lib/python3.12/site-packages/airflow/example_dags/example_sensors.py for tasks to queue
[2025-02-24T20:19:14.243+0000] {logging_mixin.py:190} INFO - [2025-02-24T20:19:14.243+0000] {dagbag.py:588} INFO - Filling up the DagBag from /home/airflow/.local/lib/python3.12/site-packages/airflow/example_dags/example_sensors.py
[2025-02-24T20:19:14.275+0000] {processor.py:925} INFO - DAG(s) 'example_sensors' retrieved from /home/airflow/.local/lib/python3.12/site-packages/airflow/example_dags/example_sensors.py
[2025-02-24T20:19:14.384+0000] {logging_mixin.py:190} INFO - [2025-02-24T20:19:14.384+0000] {dag.py:3239} INFO - Sync 1 DAGs
[2025-02-24T20:19:14.456+0000] {logging_mixin.py:190} INFO - [2025-02-24T20:19:14.455+0000] {dag.py:4180} INFO - Setting next_dagrun for example_sensors to None, run_after=None
[2025-02-24T20:19:14.494+0000] {processor.py:208} INFO - Processing /home/airflow/.local/lib/python3.12/site-packages/airflow/example_dags/example_sensors.py took 0.269 seconds
[2025-02-24T21:47:34.093+0000] {processor.py:186} INFO - Started process (PID=312) to work on /home/airflow/.local/lib/python3.12/site-packages/airflow/example_dags/example_sensors.py
[2025-02-24T21:47:34.099+0000] {processor.py:914} INFO - Processing file /home/airflow/.local/lib/python3.12/site-packages/airflow/example_dags/example_sensors.py for tasks to queue
[2025-02-24T21:47:34.110+0000] {logging_mixin.py:190} INFO - [2025-02-24T21:47:34.110+0000] {dagbag.py:588} INFO - Filling up the DagBag from /home/airflow/.local/lib/python3.12/site-packages/airflow/example_dags/example_sensors.py
[2025-02-24T21:47:34.186+0000] {processor.py:925} INFO - DAG(s) 'example_sensors' retrieved from /home/airflow/.local/lib/python3.12/site-packages/airflow/example_dags/example_sensors.py
[2025-02-24T21:47:36.248+0000] {logging_mixin.py:190} INFO - [2025-02-24T21:47:36.247+0000] {override.py:1912} INFO - Created Permission View: can edit on DAG:example_sensors
[2025-02-24T21:47:36.280+0000] {logging_mixin.py:190} INFO - [2025-02-24T21:47:36.280+0000] {override.py:1912} INFO - Created Permission View: can read on DAG:example_sensors
[2025-02-24T21:47:36.304+0000] {logging_mixin.py:190} INFO - [2025-02-24T21:47:36.303+0000] {override.py:1912} INFO - Created Permission View: can delete on DAG:example_sensors
[2025-02-24T21:47:36.328+0000] {logging_mixin.py:190} INFO - [2025-02-24T21:47:36.327+0000] {override.py:1912} INFO - Created Permission View: can delete on DAG Run:example_sensors
[2025-02-24T21:47:36.350+0000] {logging_mixin.py:190} INFO - [2025-02-24T21:47:36.350+0000] {override.py:1912} INFO - Created Permission View: can read on DAG Run:example_sensors
[2025-02-24T21:47:36.379+0000] {logging_mixin.py:190} INFO - [2025-02-24T21:47:36.378+0000] {override.py:1912} INFO - Created Permission View: can create on DAG Run:example_sensors
[2025-02-24T21:47:36.399+0000] {logging_mixin.py:190} INFO - [2025-02-24T21:47:36.399+0000] {override.py:1912} INFO - Created Permission View: menu access on DAG Run:example_sensors
[2025-02-24T21:47:36.403+0000] {logging_mixin.py:190} INFO - [2025-02-24T21:47:36.403+0000] {dag.py:3239} INFO - Sync 1 DAGs
[2025-02-24T21:47:36.454+0000] {logging_mixin.py:190} INFO - [2025-02-24T21:47:36.453+0000] {dag.py:3262} INFO - Creating ORM DAG for example_sensors
[2025-02-24T21:47:36.463+0000] {logging_mixin.py:190} INFO - [2025-02-24T21:47:36.463+0000] {dag.py:4180} INFO - Setting next_dagrun for example_sensors to None, run_after=None
[2025-02-24T21:47:36.754+0000] {processor.py:208} INFO - Processing /home/airflow/.local/lib/python3.12/site-packages/airflow/example_dags/example_sensors.py took 3.051 seconds
