[2025-02-24T20:00:38.050+0000] {processor.py:186} INFO - Started process (PID=87) to work on /home/airflow/.local/lib/python3.12/site-packages/airflow/example_dags/example_skip_dag.py
[2025-02-24T20:00:38.052+0000] {processor.py:914} INFO - Processing file /home/airflow/.local/lib/python3.12/site-packages/airflow/example_dags/example_skip_dag.py for tasks to queue
[2025-02-24T20:00:38.060+0000] {logging_mixin.py:190} INFO - [2025-02-24T20:00:38.059+0000] {dagbag.py:588} INFO - Filling up the DagBag from /home/airflow/.local/lib/python3.12/site-packages/airflow/example_dags/example_skip_dag.py
[2025-02-24T20:00:38.083+0000] {processor.py:925} INFO - DAG(s) 'example_skip_dag' retrieved from /home/airflow/.local/lib/python3.12/site-packages/airflow/example_dags/example_skip_dag.py
[2025-02-24T20:00:38.445+0000] {logging_mixin.py:190} INFO - [2025-02-24T20:00:38.444+0000] {override.py:1912} INFO - Created Permission View: can edit on DAG:example_skip_dag
[2025-02-24T20:00:38.465+0000] {logging_mixin.py:190} INFO - [2025-02-24T20:00:38.465+0000] {override.py:1912} INFO - Created Permission View: can delete on DAG:example_skip_dag
[2025-02-24T20:00:38.478+0000] {logging_mixin.py:190} INFO - [2025-02-24T20:00:38.478+0000] {override.py:1912} INFO - Created Permission View: can read on DAG:example_skip_dag
[2025-02-24T20:00:38.493+0000] {logging_mixin.py:190} INFO - [2025-02-24T20:00:38.492+0000] {override.py:1912} INFO - Created Permission View: can delete on DAG Run:example_skip_dag
[2025-02-24T20:00:38.515+0000] {logging_mixin.py:190} INFO - [2025-02-24T20:00:38.515+0000] {override.py:1912} INFO - Created Permission View: can create on DAG Run:example_skip_dag
[2025-02-24T20:00:38.525+0000] {logging_mixin.py:190} INFO - [2025-02-24T20:00:38.525+0000] {override.py:1912} INFO - Created Permission View: menu access on DAG Run:example_skip_dag
[2025-02-24T20:00:38.539+0000] {logging_mixin.py:190} INFO - [2025-02-24T20:00:38.538+0000] {override.py:1912} INFO - Created Permission View: can read on DAG Run:example_skip_dag
[2025-02-24T20:00:38.540+0000] {logging_mixin.py:190} INFO - [2025-02-24T20:00:38.539+0000] {dag.py:3239} INFO - Sync 1 DAGs
[2025-02-24T20:00:38.564+0000] {logging_mixin.py:190} INFO - [2025-02-24T20:00:38.564+0000] {dag.py:3262} INFO - Creating ORM DAG for example_skip_dag
[2025-02-24T20:00:38.595+0000] {logging_mixin.py:190} INFO - [2025-02-24T20:00:38.594+0000] {dag.py:4180} INFO - Setting next_dagrun for example_skip_dag to 2025-02-23 00:00:00+00:00, run_after=2025-02-24 00:00:00+00:00
[2025-02-24T20:00:38.659+0000] {processor.py:208} INFO - Processing /home/airflow/.local/lib/python3.12/site-packages/airflow/example_dags/example_skip_dag.py took 0.618 seconds
[2025-02-24T20:01:09.422+0000] {processor.py:186} INFO - Started process (PID=150) to work on /home/airflow/.local/lib/python3.12/site-packages/airflow/example_dags/example_skip_dag.py
[2025-02-24T20:01:09.424+0000] {processor.py:914} INFO - Processing file /home/airflow/.local/lib/python3.12/site-packages/airflow/example_dags/example_skip_dag.py for tasks to queue
[2025-02-24T20:01:09.428+0000] {logging_mixin.py:190} INFO - [2025-02-24T20:01:09.428+0000] {dagbag.py:588} INFO - Filling up the DagBag from /home/airflow/.local/lib/python3.12/site-packages/airflow/example_dags/example_skip_dag.py
[2025-02-24T20:01:09.441+0000] {processor.py:925} INFO - DAG(s) 'example_skip_dag' retrieved from /home/airflow/.local/lib/python3.12/site-packages/airflow/example_dags/example_skip_dag.py
[2025-02-24T20:01:09.473+0000] {logging_mixin.py:190} INFO - [2025-02-24T20:01:09.473+0000] {dag.py:3239} INFO - Sync 1 DAGs
[2025-02-24T20:01:09.514+0000] {logging_mixin.py:190} INFO - [2025-02-24T20:01:09.513+0000] {dag.py:4180} INFO - Setting next_dagrun for example_skip_dag to 2025-02-23 00:00:00+00:00, run_after=2025-02-24 00:00:00+00:00
[2025-02-24T20:01:09.541+0000] {processor.py:208} INFO - Processing /home/airflow/.local/lib/python3.12/site-packages/airflow/example_dags/example_skip_dag.py took 0.128 seconds
[2025-02-24T20:01:40.458+0000] {processor.py:186} INFO - Started process (PID=213) to work on /home/airflow/.local/lib/python3.12/site-packages/airflow/example_dags/example_skip_dag.py
[2025-02-24T20:01:40.464+0000] {processor.py:914} INFO - Processing file /home/airflow/.local/lib/python3.12/site-packages/airflow/example_dags/example_skip_dag.py for tasks to queue
[2025-02-24T20:01:40.468+0000] {logging_mixin.py:190} INFO - [2025-02-24T20:01:40.468+0000] {dagbag.py:588} INFO - Filling up the DagBag from /home/airflow/.local/lib/python3.12/site-packages/airflow/example_dags/example_skip_dag.py
[2025-02-24T20:01:40.482+0000] {processor.py:925} INFO - DAG(s) 'example_skip_dag' retrieved from /home/airflow/.local/lib/python3.12/site-packages/airflow/example_dags/example_skip_dag.py
[2025-02-24T20:01:40.514+0000] {logging_mixin.py:190} INFO - [2025-02-24T20:01:40.514+0000] {dag.py:3239} INFO - Sync 1 DAGs
[2025-02-24T20:01:40.551+0000] {logging_mixin.py:190} INFO - [2025-02-24T20:01:40.551+0000] {dag.py:4180} INFO - Setting next_dagrun for example_skip_dag to 2025-02-23 00:00:00+00:00, run_after=2025-02-24 00:00:00+00:00
[2025-02-24T20:01:40.596+0000] {processor.py:208} INFO - Processing /home/airflow/.local/lib/python3.12/site-packages/airflow/example_dags/example_skip_dag.py took 0.145 seconds
[2025-02-24T20:02:11.386+0000] {processor.py:186} INFO - Started process (PID=276) to work on /home/airflow/.local/lib/python3.12/site-packages/airflow/example_dags/example_skip_dag.py
[2025-02-24T20:02:11.388+0000] {processor.py:914} INFO - Processing file /home/airflow/.local/lib/python3.12/site-packages/airflow/example_dags/example_skip_dag.py for tasks to queue
[2025-02-24T20:02:11.391+0000] {logging_mixin.py:190} INFO - [2025-02-24T20:02:11.390+0000] {dagbag.py:588} INFO - Filling up the DagBag from /home/airflow/.local/lib/python3.12/site-packages/airflow/example_dags/example_skip_dag.py
[2025-02-24T20:02:11.399+0000] {processor.py:925} INFO - DAG(s) 'example_skip_dag' retrieved from /home/airflow/.local/lib/python3.12/site-packages/airflow/example_dags/example_skip_dag.py
[2025-02-24T20:02:11.422+0000] {logging_mixin.py:190} INFO - [2025-02-24T20:02:11.421+0000] {dag.py:3239} INFO - Sync 1 DAGs
[2025-02-24T20:02:11.448+0000] {logging_mixin.py:190} INFO - [2025-02-24T20:02:11.447+0000] {dag.py:4180} INFO - Setting next_dagrun for example_skip_dag to 2025-02-23 00:00:00+00:00, run_after=2025-02-24 00:00:00+00:00
[2025-02-24T20:02:11.480+0000] {processor.py:208} INFO - Processing /home/airflow/.local/lib/python3.12/site-packages/airflow/example_dags/example_skip_dag.py took 0.099 seconds
[2025-02-24T20:02:42.030+0000] {processor.py:186} INFO - Started process (PID=339) to work on /home/airflow/.local/lib/python3.12/site-packages/airflow/example_dags/example_skip_dag.py
[2025-02-24T20:02:42.032+0000] {processor.py:914} INFO - Processing file /home/airflow/.local/lib/python3.12/site-packages/airflow/example_dags/example_skip_dag.py for tasks to queue
[2025-02-24T20:02:42.035+0000] {logging_mixin.py:190} INFO - [2025-02-24T20:02:42.035+0000] {dagbag.py:588} INFO - Filling up the DagBag from /home/airflow/.local/lib/python3.12/site-packages/airflow/example_dags/example_skip_dag.py
[2025-02-24T20:02:42.049+0000] {processor.py:925} INFO - DAG(s) 'example_skip_dag' retrieved from /home/airflow/.local/lib/python3.12/site-packages/airflow/example_dags/example_skip_dag.py
[2025-02-24T20:02:42.079+0000] {logging_mixin.py:190} INFO - [2025-02-24T20:02:42.078+0000] {dag.py:3239} INFO - Sync 1 DAGs
[2025-02-24T20:02:42.156+0000] {logging_mixin.py:190} INFO - [2025-02-24T20:02:42.156+0000] {dag.py:4180} INFO - Setting next_dagrun for example_skip_dag to 2025-02-23 00:00:00+00:00, run_after=2025-02-24 00:00:00+00:00
[2025-02-24T20:02:42.185+0000] {processor.py:208} INFO - Processing /home/airflow/.local/lib/python3.12/site-packages/airflow/example_dags/example_skip_dag.py took 0.162 seconds
[2025-02-24T20:03:12.272+0000] {processor.py:186} INFO - Started process (PID=402) to work on /home/airflow/.local/lib/python3.12/site-packages/airflow/example_dags/example_skip_dag.py
[2025-02-24T20:03:12.274+0000] {processor.py:914} INFO - Processing file /home/airflow/.local/lib/python3.12/site-packages/airflow/example_dags/example_skip_dag.py for tasks to queue
[2025-02-24T20:03:12.277+0000] {logging_mixin.py:190} INFO - [2025-02-24T20:03:12.277+0000] {dagbag.py:588} INFO - Filling up the DagBag from /home/airflow/.local/lib/python3.12/site-packages/airflow/example_dags/example_skip_dag.py
[2025-02-24T20:03:12.284+0000] {processor.py:925} INFO - DAG(s) 'example_skip_dag' retrieved from /home/airflow/.local/lib/python3.12/site-packages/airflow/example_dags/example_skip_dag.py
[2025-02-24T20:03:12.305+0000] {logging_mixin.py:190} INFO - [2025-02-24T20:03:12.305+0000] {dag.py:3239} INFO - Sync 1 DAGs
[2025-02-24T20:03:12.328+0000] {logging_mixin.py:190} INFO - [2025-02-24T20:03:12.328+0000] {dag.py:4180} INFO - Setting next_dagrun for example_skip_dag to 2025-02-23 00:00:00+00:00, run_after=2025-02-24 00:00:00+00:00
[2025-02-24T20:03:12.349+0000] {processor.py:208} INFO - Processing /home/airflow/.local/lib/python3.12/site-packages/airflow/example_dags/example_skip_dag.py took 0.082 seconds
[2025-02-24T20:03:42.596+0000] {processor.py:186} INFO - Started process (PID=465) to work on /home/airflow/.local/lib/python3.12/site-packages/airflow/example_dags/example_skip_dag.py
[2025-02-24T20:03:42.598+0000] {processor.py:914} INFO - Processing file /home/airflow/.local/lib/python3.12/site-packages/airflow/example_dags/example_skip_dag.py for tasks to queue
[2025-02-24T20:03:42.601+0000] {logging_mixin.py:190} INFO - [2025-02-24T20:03:42.601+0000] {dagbag.py:588} INFO - Filling up the DagBag from /home/airflow/.local/lib/python3.12/site-packages/airflow/example_dags/example_skip_dag.py
[2025-02-24T20:03:42.609+0000] {processor.py:925} INFO - DAG(s) 'example_skip_dag' retrieved from /home/airflow/.local/lib/python3.12/site-packages/airflow/example_dags/example_skip_dag.py
[2025-02-24T20:03:42.631+0000] {logging_mixin.py:190} INFO - [2025-02-24T20:03:42.630+0000] {dag.py:3239} INFO - Sync 1 DAGs
[2025-02-24T20:03:42.655+0000] {logging_mixin.py:190} INFO - [2025-02-24T20:03:42.655+0000] {dag.py:4180} INFO - Setting next_dagrun for example_skip_dag to 2025-02-23 00:00:00+00:00, run_after=2025-02-24 00:00:00+00:00
[2025-02-24T20:03:42.676+0000] {processor.py:208} INFO - Processing /home/airflow/.local/lib/python3.12/site-packages/airflow/example_dags/example_skip_dag.py took 0.086 seconds
[2025-02-24T20:04:12.918+0000] {processor.py:186} INFO - Started process (PID=528) to work on /home/airflow/.local/lib/python3.12/site-packages/airflow/example_dags/example_skip_dag.py
[2025-02-24T20:04:12.919+0000] {processor.py:914} INFO - Processing file /home/airflow/.local/lib/python3.12/site-packages/airflow/example_dags/example_skip_dag.py for tasks to queue
[2025-02-24T20:04:12.922+0000] {logging_mixin.py:190} INFO - [2025-02-24T20:04:12.922+0000] {dagbag.py:588} INFO - Filling up the DagBag from /home/airflow/.local/lib/python3.12/site-packages/airflow/example_dags/example_skip_dag.py
[2025-02-24T20:04:12.930+0000] {processor.py:925} INFO - DAG(s) 'example_skip_dag' retrieved from /home/airflow/.local/lib/python3.12/site-packages/airflow/example_dags/example_skip_dag.py
[2025-02-24T20:04:12.951+0000] {logging_mixin.py:190} INFO - [2025-02-24T20:04:12.951+0000] {dag.py:3239} INFO - Sync 1 DAGs
[2025-02-24T20:04:12.976+0000] {logging_mixin.py:190} INFO - [2025-02-24T20:04:12.975+0000] {dag.py:4180} INFO - Setting next_dagrun for example_skip_dag to 2025-02-23 00:00:00+00:00, run_after=2025-02-24 00:00:00+00:00
[2025-02-24T20:04:12.996+0000] {processor.py:208} INFO - Processing /home/airflow/.local/lib/python3.12/site-packages/airflow/example_dags/example_skip_dag.py took 0.084 seconds
[2025-02-24T20:04:43.511+0000] {processor.py:186} INFO - Started process (PID=590) to work on /home/airflow/.local/lib/python3.12/site-packages/airflow/example_dags/example_skip_dag.py
[2025-02-24T20:04:43.512+0000] {processor.py:914} INFO - Processing file /home/airflow/.local/lib/python3.12/site-packages/airflow/example_dags/example_skip_dag.py for tasks to queue
[2025-02-24T20:04:43.515+0000] {logging_mixin.py:190} INFO - [2025-02-24T20:04:43.515+0000] {dagbag.py:588} INFO - Filling up the DagBag from /home/airflow/.local/lib/python3.12/site-packages/airflow/example_dags/example_skip_dag.py
[2025-02-24T20:04:43.522+0000] {processor.py:925} INFO - DAG(s) 'example_skip_dag' retrieved from /home/airflow/.local/lib/python3.12/site-packages/airflow/example_dags/example_skip_dag.py
[2025-02-24T20:04:43.543+0000] {logging_mixin.py:190} INFO - [2025-02-24T20:04:43.543+0000] {dag.py:3239} INFO - Sync 1 DAGs
[2025-02-24T20:04:43.568+0000] {logging_mixin.py:190} INFO - [2025-02-24T20:04:43.567+0000] {dag.py:4180} INFO - Setting next_dagrun for example_skip_dag to 2025-02-23 00:00:00+00:00, run_after=2025-02-24 00:00:00+00:00
[2025-02-24T20:04:43.589+0000] {processor.py:208} INFO - Processing /home/airflow/.local/lib/python3.12/site-packages/airflow/example_dags/example_skip_dag.py took 0.083 seconds
[2025-02-24T20:05:13.647+0000] {processor.py:186} INFO - Started process (PID=652) to work on /home/airflow/.local/lib/python3.12/site-packages/airflow/example_dags/example_skip_dag.py
[2025-02-24T20:05:13.648+0000] {processor.py:914} INFO - Processing file /home/airflow/.local/lib/python3.12/site-packages/airflow/example_dags/example_skip_dag.py for tasks to queue
[2025-02-24T20:05:13.651+0000] {logging_mixin.py:190} INFO - [2025-02-24T20:05:13.650+0000] {dagbag.py:588} INFO - Filling up the DagBag from /home/airflow/.local/lib/python3.12/site-packages/airflow/example_dags/example_skip_dag.py
[2025-02-24T20:05:13.659+0000] {processor.py:925} INFO - DAG(s) 'example_skip_dag' retrieved from /home/airflow/.local/lib/python3.12/site-packages/airflow/example_dags/example_skip_dag.py
[2025-02-24T20:05:13.680+0000] {logging_mixin.py:190} INFO - [2025-02-24T20:05:13.680+0000] {dag.py:3239} INFO - Sync 1 DAGs
[2025-02-24T20:05:13.706+0000] {logging_mixin.py:190} INFO - [2025-02-24T20:05:13.706+0000] {dag.py:4180} INFO - Setting next_dagrun for example_skip_dag to 2025-02-23 00:00:00+00:00, run_after=2025-02-24 00:00:00+00:00
[2025-02-24T20:05:13.728+0000] {processor.py:208} INFO - Processing /home/airflow/.local/lib/python3.12/site-packages/airflow/example_dags/example_skip_dag.py took 0.086 seconds
[2025-02-24T20:05:44.511+0000] {processor.py:186} INFO - Started process (PID=716) to work on /home/airflow/.local/lib/python3.12/site-packages/airflow/example_dags/example_skip_dag.py
[2025-02-24T20:05:44.512+0000] {processor.py:914} INFO - Processing file /home/airflow/.local/lib/python3.12/site-packages/airflow/example_dags/example_skip_dag.py for tasks to queue
[2025-02-24T20:05:44.515+0000] {logging_mixin.py:190} INFO - [2025-02-24T20:05:44.515+0000] {dagbag.py:588} INFO - Filling up the DagBag from /home/airflow/.local/lib/python3.12/site-packages/airflow/example_dags/example_skip_dag.py
[2025-02-24T20:05:44.523+0000] {processor.py:925} INFO - DAG(s) 'example_skip_dag' retrieved from /home/airflow/.local/lib/python3.12/site-packages/airflow/example_dags/example_skip_dag.py
[2025-02-24T20:05:44.544+0000] {logging_mixin.py:190} INFO - [2025-02-24T20:05:44.543+0000] {dag.py:3239} INFO - Sync 1 DAGs
[2025-02-24T20:05:44.568+0000] {logging_mixin.py:190} INFO - [2025-02-24T20:05:44.568+0000] {dag.py:4180} INFO - Setting next_dagrun for example_skip_dag to 2025-02-23 00:00:00+00:00, run_after=2025-02-24 00:00:00+00:00
[2025-02-24T20:05:44.588+0000] {processor.py:208} INFO - Processing /home/airflow/.local/lib/python3.12/site-packages/airflow/example_dags/example_skip_dag.py took 0.082 seconds
[2025-02-24T20:06:14.688+0000] {processor.py:186} INFO - Started process (PID=778) to work on /home/airflow/.local/lib/python3.12/site-packages/airflow/example_dags/example_skip_dag.py
[2025-02-24T20:06:14.690+0000] {processor.py:914} INFO - Processing file /home/airflow/.local/lib/python3.12/site-packages/airflow/example_dags/example_skip_dag.py for tasks to queue
[2025-02-24T20:06:14.692+0000] {logging_mixin.py:190} INFO - [2025-02-24T20:06:14.692+0000] {dagbag.py:588} INFO - Filling up the DagBag from /home/airflow/.local/lib/python3.12/site-packages/airflow/example_dags/example_skip_dag.py
[2025-02-24T20:06:14.701+0000] {processor.py:925} INFO - DAG(s) 'example_skip_dag' retrieved from /home/airflow/.local/lib/python3.12/site-packages/airflow/example_dags/example_skip_dag.py
[2025-02-24T20:06:14.725+0000] {logging_mixin.py:190} INFO - [2025-02-24T20:06:14.725+0000] {dag.py:3239} INFO - Sync 1 DAGs
[2025-02-24T20:06:14.754+0000] {logging_mixin.py:190} INFO - [2025-02-24T20:06:14.754+0000] {dag.py:4180} INFO - Setting next_dagrun for example_skip_dag to 2025-02-23 00:00:00+00:00, run_after=2025-02-24 00:00:00+00:00
[2025-02-24T20:06:14.799+0000] {processor.py:208} INFO - Processing /home/airflow/.local/lib/python3.12/site-packages/airflow/example_dags/example_skip_dag.py took 0.117 seconds
[2025-02-24T20:06:44.887+0000] {processor.py:186} INFO - Started process (PID=841) to work on /home/airflow/.local/lib/python3.12/site-packages/airflow/example_dags/example_skip_dag.py
[2025-02-24T20:06:44.888+0000] {processor.py:914} INFO - Processing file /home/airflow/.local/lib/python3.12/site-packages/airflow/example_dags/example_skip_dag.py for tasks to queue
[2025-02-24T20:06:44.891+0000] {logging_mixin.py:190} INFO - [2025-02-24T20:06:44.891+0000] {dagbag.py:588} INFO - Filling up the DagBag from /home/airflow/.local/lib/python3.12/site-packages/airflow/example_dags/example_skip_dag.py
[2025-02-24T20:06:44.900+0000] {processor.py:925} INFO - DAG(s) 'example_skip_dag' retrieved from /home/airflow/.local/lib/python3.12/site-packages/airflow/example_dags/example_skip_dag.py
[2025-02-24T20:06:44.923+0000] {logging_mixin.py:190} INFO - [2025-02-24T20:06:44.923+0000] {dag.py:3239} INFO - Sync 1 DAGs
[2025-02-24T20:06:44.949+0000] {logging_mixin.py:190} INFO - [2025-02-24T20:06:44.948+0000] {dag.py:4180} INFO - Setting next_dagrun for example_skip_dag to 2025-02-23 00:00:00+00:00, run_after=2025-02-24 00:00:00+00:00
[2025-02-24T20:06:44.980+0000] {processor.py:208} INFO - Processing /home/airflow/.local/lib/python3.12/site-packages/airflow/example_dags/example_skip_dag.py took 0.098 seconds
[2025-02-24T20:07:15.075+0000] {processor.py:186} INFO - Started process (PID=904) to work on /home/airflow/.local/lib/python3.12/site-packages/airflow/example_dags/example_skip_dag.py
[2025-02-24T20:07:15.076+0000] {processor.py:914} INFO - Processing file /home/airflow/.local/lib/python3.12/site-packages/airflow/example_dags/example_skip_dag.py for tasks to queue
[2025-02-24T20:07:15.079+0000] {logging_mixin.py:190} INFO - [2025-02-24T20:07:15.079+0000] {dagbag.py:588} INFO - Filling up the DagBag from /home/airflow/.local/lib/python3.12/site-packages/airflow/example_dags/example_skip_dag.py
[2025-02-24T20:07:15.091+0000] {processor.py:925} INFO - DAG(s) 'example_skip_dag' retrieved from /home/airflow/.local/lib/python3.12/site-packages/airflow/example_dags/example_skip_dag.py
[2025-02-24T20:07:15.123+0000] {logging_mixin.py:190} INFO - [2025-02-24T20:07:15.123+0000] {dag.py:3239} INFO - Sync 1 DAGs
[2025-02-24T20:07:15.158+0000] {logging_mixin.py:190} INFO - [2025-02-24T20:07:15.158+0000] {dag.py:4180} INFO - Setting next_dagrun for example_skip_dag to 2025-02-23 00:00:00+00:00, run_after=2025-02-24 00:00:00+00:00
[2025-02-24T20:07:15.199+0000] {processor.py:208} INFO - Processing /home/airflow/.local/lib/python3.12/site-packages/airflow/example_dags/example_skip_dag.py took 0.133 seconds
[2025-02-24T20:07:45.259+0000] {processor.py:186} INFO - Started process (PID=966) to work on /home/airflow/.local/lib/python3.12/site-packages/airflow/example_dags/example_skip_dag.py
[2025-02-24T20:07:45.260+0000] {processor.py:914} INFO - Processing file /home/airflow/.local/lib/python3.12/site-packages/airflow/example_dags/example_skip_dag.py for tasks to queue
[2025-02-24T20:07:45.262+0000] {logging_mixin.py:190} INFO - [2025-02-24T20:07:45.262+0000] {dagbag.py:588} INFO - Filling up the DagBag from /home/airflow/.local/lib/python3.12/site-packages/airflow/example_dags/example_skip_dag.py
[2025-02-24T20:07:45.270+0000] {processor.py:925} INFO - DAG(s) 'example_skip_dag' retrieved from /home/airflow/.local/lib/python3.12/site-packages/airflow/example_dags/example_skip_dag.py
[2025-02-24T20:07:45.293+0000] {logging_mixin.py:190} INFO - [2025-02-24T20:07:45.293+0000] {dag.py:3239} INFO - Sync 1 DAGs
[2025-02-24T20:07:45.317+0000] {logging_mixin.py:190} INFO - [2025-02-24T20:07:45.317+0000] {dag.py:4180} INFO - Setting next_dagrun for example_skip_dag to 2025-02-23 00:00:00+00:00, run_after=2025-02-24 00:00:00+00:00
[2025-02-24T20:07:45.349+0000] {processor.py:208} INFO - Processing /home/airflow/.local/lib/python3.12/site-packages/airflow/example_dags/example_skip_dag.py took 0.096 seconds
[2025-02-24T20:08:15.633+0000] {processor.py:186} INFO - Started process (PID=1030) to work on /home/airflow/.local/lib/python3.12/site-packages/airflow/example_dags/example_skip_dag.py
[2025-02-24T20:08:15.634+0000] {processor.py:914} INFO - Processing file /home/airflow/.local/lib/python3.12/site-packages/airflow/example_dags/example_skip_dag.py for tasks to queue
[2025-02-24T20:08:15.637+0000] {logging_mixin.py:190} INFO - [2025-02-24T20:08:15.636+0000] {dagbag.py:588} INFO - Filling up the DagBag from /home/airflow/.local/lib/python3.12/site-packages/airflow/example_dags/example_skip_dag.py
[2025-02-24T20:08:15.645+0000] {processor.py:925} INFO - DAG(s) 'example_skip_dag' retrieved from /home/airflow/.local/lib/python3.12/site-packages/airflow/example_dags/example_skip_dag.py
[2025-02-24T20:08:15.666+0000] {logging_mixin.py:190} INFO - [2025-02-24T20:08:15.666+0000] {dag.py:3239} INFO - Sync 1 DAGs
[2025-02-24T20:08:15.690+0000] {logging_mixin.py:190} INFO - [2025-02-24T20:08:15.690+0000] {dag.py:4180} INFO - Setting next_dagrun for example_skip_dag to 2025-02-23 00:00:00+00:00, run_after=2025-02-24 00:00:00+00:00
[2025-02-24T20:08:15.721+0000] {processor.py:208} INFO - Processing /home/airflow/.local/lib/python3.12/site-packages/airflow/example_dags/example_skip_dag.py took 0.094 seconds
[2025-02-24T20:08:46.417+0000] {processor.py:186} INFO - Started process (PID=1093) to work on /home/airflow/.local/lib/python3.12/site-packages/airflow/example_dags/example_skip_dag.py
[2025-02-24T20:08:46.419+0000] {processor.py:914} INFO - Processing file /home/airflow/.local/lib/python3.12/site-packages/airflow/example_dags/example_skip_dag.py for tasks to queue
[2025-02-24T20:08:46.421+0000] {logging_mixin.py:190} INFO - [2025-02-24T20:08:46.421+0000] {dagbag.py:588} INFO - Filling up the DagBag from /home/airflow/.local/lib/python3.12/site-packages/airflow/example_dags/example_skip_dag.py
[2025-02-24T20:08:46.429+0000] {processor.py:925} INFO - DAG(s) 'example_skip_dag' retrieved from /home/airflow/.local/lib/python3.12/site-packages/airflow/example_dags/example_skip_dag.py
[2025-02-24T20:08:46.455+0000] {logging_mixin.py:190} INFO - [2025-02-24T20:08:46.454+0000] {dag.py:3239} INFO - Sync 1 DAGs
[2025-02-24T20:08:46.482+0000] {logging_mixin.py:190} INFO - [2025-02-24T20:08:46.482+0000] {dag.py:4180} INFO - Setting next_dagrun for example_skip_dag to 2025-02-23 00:00:00+00:00, run_after=2025-02-24 00:00:00+00:00
[2025-02-24T20:08:46.505+0000] {processor.py:208} INFO - Processing /home/airflow/.local/lib/python3.12/site-packages/airflow/example_dags/example_skip_dag.py took 0.095 seconds
[2025-02-24T20:09:16.551+0000] {processor.py:186} INFO - Started process (PID=1156) to work on /home/airflow/.local/lib/python3.12/site-packages/airflow/example_dags/example_skip_dag.py
[2025-02-24T20:09:16.552+0000] {processor.py:914} INFO - Processing file /home/airflow/.local/lib/python3.12/site-packages/airflow/example_dags/example_skip_dag.py for tasks to queue
[2025-02-24T20:09:16.554+0000] {logging_mixin.py:190} INFO - [2025-02-24T20:09:16.554+0000] {dagbag.py:588} INFO - Filling up the DagBag from /home/airflow/.local/lib/python3.12/site-packages/airflow/example_dags/example_skip_dag.py
[2025-02-24T20:09:16.562+0000] {processor.py:925} INFO - DAG(s) 'example_skip_dag' retrieved from /home/airflow/.local/lib/python3.12/site-packages/airflow/example_dags/example_skip_dag.py
[2025-02-24T20:09:16.583+0000] {logging_mixin.py:190} INFO - [2025-02-24T20:09:16.583+0000] {dag.py:3239} INFO - Sync 1 DAGs
[2025-02-24T20:09:16.608+0000] {logging_mixin.py:190} INFO - [2025-02-24T20:09:16.608+0000] {dag.py:4180} INFO - Setting next_dagrun for example_skip_dag to 2025-02-23 00:00:00+00:00, run_after=2025-02-24 00:00:00+00:00
[2025-02-24T20:09:16.639+0000] {processor.py:208} INFO - Processing /home/airflow/.local/lib/python3.12/site-packages/airflow/example_dags/example_skip_dag.py took 0.094 seconds
[2025-02-24T20:09:47.174+0000] {processor.py:186} INFO - Started process (PID=1218) to work on /home/airflow/.local/lib/python3.12/site-packages/airflow/example_dags/example_skip_dag.py
[2025-02-24T20:09:47.176+0000] {processor.py:914} INFO - Processing file /home/airflow/.local/lib/python3.12/site-packages/airflow/example_dags/example_skip_dag.py for tasks to queue
[2025-02-24T20:09:47.179+0000] {logging_mixin.py:190} INFO - [2025-02-24T20:09:47.179+0000] {dagbag.py:588} INFO - Filling up the DagBag from /home/airflow/.local/lib/python3.12/site-packages/airflow/example_dags/example_skip_dag.py
[2025-02-24T20:09:47.188+0000] {processor.py:925} INFO - DAG(s) 'example_skip_dag' retrieved from /home/airflow/.local/lib/python3.12/site-packages/airflow/example_dags/example_skip_dag.py
[2025-02-24T20:09:47.211+0000] {logging_mixin.py:190} INFO - [2025-02-24T20:09:47.210+0000] {dag.py:3239} INFO - Sync 1 DAGs
[2025-02-24T20:09:47.235+0000] {logging_mixin.py:190} INFO - [2025-02-24T20:09:47.235+0000] {dag.py:4180} INFO - Setting next_dagrun for example_skip_dag to 2025-02-23 00:00:00+00:00, run_after=2025-02-24 00:00:00+00:00
[2025-02-24T20:09:47.266+0000] {processor.py:208} INFO - Processing /home/airflow/.local/lib/python3.12/site-packages/airflow/example_dags/example_skip_dag.py took 0.098 seconds
[2025-02-24T20:10:17.812+0000] {processor.py:186} INFO - Started process (PID=1281) to work on /home/airflow/.local/lib/python3.12/site-packages/airflow/example_dags/example_skip_dag.py
[2025-02-24T20:10:17.813+0000] {processor.py:914} INFO - Processing file /home/airflow/.local/lib/python3.12/site-packages/airflow/example_dags/example_skip_dag.py for tasks to queue
[2025-02-24T20:10:17.816+0000] {logging_mixin.py:190} INFO - [2025-02-24T20:10:17.815+0000] {dagbag.py:588} INFO - Filling up the DagBag from /home/airflow/.local/lib/python3.12/site-packages/airflow/example_dags/example_skip_dag.py
[2025-02-24T20:10:17.824+0000] {processor.py:925} INFO - DAG(s) 'example_skip_dag' retrieved from /home/airflow/.local/lib/python3.12/site-packages/airflow/example_dags/example_skip_dag.py
[2025-02-24T20:10:17.845+0000] {logging_mixin.py:190} INFO - [2025-02-24T20:10:17.845+0000] {dag.py:3239} INFO - Sync 1 DAGs
[2025-02-24T20:10:17.870+0000] {logging_mixin.py:190} INFO - [2025-02-24T20:10:17.869+0000] {dag.py:4180} INFO - Setting next_dagrun for example_skip_dag to 2025-02-23 00:00:00+00:00, run_after=2025-02-24 00:00:00+00:00
[2025-02-24T20:10:17.889+0000] {processor.py:208} INFO - Processing /home/airflow/.local/lib/python3.12/site-packages/airflow/example_dags/example_skip_dag.py took 0.083 seconds
[2025-02-24T20:10:48.887+0000] {processor.py:186} INFO - Started process (PID=1344) to work on /home/airflow/.local/lib/python3.12/site-packages/airflow/example_dags/example_skip_dag.py
[2025-02-24T20:10:48.888+0000] {processor.py:914} INFO - Processing file /home/airflow/.local/lib/python3.12/site-packages/airflow/example_dags/example_skip_dag.py for tasks to queue
[2025-02-24T20:10:48.890+0000] {logging_mixin.py:190} INFO - [2025-02-24T20:10:48.890+0000] {dagbag.py:588} INFO - Filling up the DagBag from /home/airflow/.local/lib/python3.12/site-packages/airflow/example_dags/example_skip_dag.py
[2025-02-24T20:10:48.899+0000] {processor.py:925} INFO - DAG(s) 'example_skip_dag' retrieved from /home/airflow/.local/lib/python3.12/site-packages/airflow/example_dags/example_skip_dag.py
[2025-02-24T20:10:48.920+0000] {logging_mixin.py:190} INFO - [2025-02-24T20:10:48.919+0000] {dag.py:3239} INFO - Sync 1 DAGs
[2025-02-24T20:10:48.943+0000] {logging_mixin.py:190} INFO - [2025-02-24T20:10:48.943+0000] {dag.py:4180} INFO - Setting next_dagrun for example_skip_dag to 2025-02-23 00:00:00+00:00, run_after=2025-02-24 00:00:00+00:00
[2025-02-24T20:10:48.981+0000] {processor.py:208} INFO - Processing /home/airflow/.local/lib/python3.12/site-packages/airflow/example_dags/example_skip_dag.py took 0.100 seconds
[2025-02-24T20:11:19.490+0000] {processor.py:186} INFO - Started process (PID=1407) to work on /home/airflow/.local/lib/python3.12/site-packages/airflow/example_dags/example_skip_dag.py
[2025-02-24T20:11:19.491+0000] {processor.py:914} INFO - Processing file /home/airflow/.local/lib/python3.12/site-packages/airflow/example_dags/example_skip_dag.py for tasks to queue
[2025-02-24T20:11:19.494+0000] {logging_mixin.py:190} INFO - [2025-02-24T20:11:19.493+0000] {dagbag.py:588} INFO - Filling up the DagBag from /home/airflow/.local/lib/python3.12/site-packages/airflow/example_dags/example_skip_dag.py
[2025-02-24T20:11:19.501+0000] {processor.py:925} INFO - DAG(s) 'example_skip_dag' retrieved from /home/airflow/.local/lib/python3.12/site-packages/airflow/example_dags/example_skip_dag.py
[2025-02-24T20:11:19.523+0000] {logging_mixin.py:190} INFO - [2025-02-24T20:11:19.523+0000] {dag.py:3239} INFO - Sync 1 DAGs
[2025-02-24T20:11:19.549+0000] {logging_mixin.py:190} INFO - [2025-02-24T20:11:19.549+0000] {dag.py:4180} INFO - Setting next_dagrun for example_skip_dag to 2025-02-23 00:00:00+00:00, run_after=2025-02-24 00:00:00+00:00
[2025-02-24T20:11:19.570+0000] {processor.py:208} INFO - Processing /home/airflow/.local/lib/python3.12/site-packages/airflow/example_dags/example_skip_dag.py took 0.085 seconds
[2025-02-24T20:11:50.598+0000] {processor.py:186} INFO - Started process (PID=1454) to work on /home/airflow/.local/lib/python3.12/site-packages/airflow/example_dags/example_skip_dag.py
[2025-02-24T20:11:50.599+0000] {processor.py:914} INFO - Processing file /home/airflow/.local/lib/python3.12/site-packages/airflow/example_dags/example_skip_dag.py for tasks to queue
[2025-02-24T20:11:50.601+0000] {logging_mixin.py:190} INFO - [2025-02-24T20:11:50.601+0000] {dagbag.py:588} INFO - Filling up the DagBag from /home/airflow/.local/lib/python3.12/site-packages/airflow/example_dags/example_skip_dag.py
[2025-02-24T20:11:50.611+0000] {processor.py:925} INFO - DAG(s) 'example_skip_dag' retrieved from /home/airflow/.local/lib/python3.12/site-packages/airflow/example_dags/example_skip_dag.py
[2025-02-24T20:11:50.635+0000] {logging_mixin.py:190} INFO - [2025-02-24T20:11:50.635+0000] {dag.py:3239} INFO - Sync 1 DAGs
[2025-02-24T20:11:50.662+0000] {logging_mixin.py:190} INFO - [2025-02-24T20:11:50.662+0000] {dag.py:4180} INFO - Setting next_dagrun for example_skip_dag to 2025-02-23 00:00:00+00:00, run_after=2025-02-24 00:00:00+00:00
[2025-02-24T20:11:50.685+0000] {processor.py:208} INFO - Processing /home/airflow/.local/lib/python3.12/site-packages/airflow/example_dags/example_skip_dag.py took 0.095 seconds
[2025-02-24T20:12:21.129+0000] {processor.py:186} INFO - Started process (PID=1517) to work on /home/airflow/.local/lib/python3.12/site-packages/airflow/example_dags/example_skip_dag.py
[2025-02-24T20:12:21.130+0000] {processor.py:914} INFO - Processing file /home/airflow/.local/lib/python3.12/site-packages/airflow/example_dags/example_skip_dag.py for tasks to queue
[2025-02-24T20:12:21.133+0000] {logging_mixin.py:190} INFO - [2025-02-24T20:12:21.132+0000] {dagbag.py:588} INFO - Filling up the DagBag from /home/airflow/.local/lib/python3.12/site-packages/airflow/example_dags/example_skip_dag.py
[2025-02-24T20:12:21.141+0000] {processor.py:925} INFO - DAG(s) 'example_skip_dag' retrieved from /home/airflow/.local/lib/python3.12/site-packages/airflow/example_dags/example_skip_dag.py
[2025-02-24T20:12:21.163+0000] {logging_mixin.py:190} INFO - [2025-02-24T20:12:21.163+0000] {dag.py:3239} INFO - Sync 1 DAGs
[2025-02-24T20:12:21.187+0000] {logging_mixin.py:190} INFO - [2025-02-24T20:12:21.187+0000] {dag.py:4180} INFO - Setting next_dagrun for example_skip_dag to 2025-02-23 00:00:00+00:00, run_after=2025-02-24 00:00:00+00:00
[2025-02-24T20:12:21.206+0000] {processor.py:208} INFO - Processing /home/airflow/.local/lib/python3.12/site-packages/airflow/example_dags/example_skip_dag.py took 0.083 seconds
[2025-02-24T20:12:51.861+0000] {processor.py:186} INFO - Started process (PID=1575) to work on /home/airflow/.local/lib/python3.12/site-packages/airflow/example_dags/example_skip_dag.py
[2025-02-24T20:12:51.862+0000] {processor.py:914} INFO - Processing file /home/airflow/.local/lib/python3.12/site-packages/airflow/example_dags/example_skip_dag.py for tasks to queue
[2025-02-24T20:12:51.865+0000] {logging_mixin.py:190} INFO - [2025-02-24T20:12:51.865+0000] {dagbag.py:588} INFO - Filling up the DagBag from /home/airflow/.local/lib/python3.12/site-packages/airflow/example_dags/example_skip_dag.py
[2025-02-24T20:12:51.873+0000] {processor.py:925} INFO - DAG(s) 'example_skip_dag' retrieved from /home/airflow/.local/lib/python3.12/site-packages/airflow/example_dags/example_skip_dag.py
[2025-02-24T20:12:51.895+0000] {logging_mixin.py:190} INFO - [2025-02-24T20:12:51.895+0000] {dag.py:3239} INFO - Sync 1 DAGs
[2025-02-24T20:12:51.919+0000] {logging_mixin.py:190} INFO - [2025-02-24T20:12:51.919+0000] {dag.py:4180} INFO - Setting next_dagrun for example_skip_dag to 2025-02-23 00:00:00+00:00, run_after=2025-02-24 00:00:00+00:00
[2025-02-24T20:12:51.939+0000] {processor.py:208} INFO - Processing /home/airflow/.local/lib/python3.12/site-packages/airflow/example_dags/example_skip_dag.py took 0.083 seconds
[2025-02-24T20:13:24.089+0000] {processor.py:186} INFO - Started process (PID=1639) to work on /home/airflow/.local/lib/python3.12/site-packages/airflow/example_dags/example_skip_dag.py
[2025-02-24T20:13:24.090+0000] {processor.py:914} INFO - Processing file /home/airflow/.local/lib/python3.12/site-packages/airflow/example_dags/example_skip_dag.py for tasks to queue
[2025-02-24T20:13:24.092+0000] {logging_mixin.py:190} INFO - [2025-02-24T20:13:24.092+0000] {dagbag.py:588} INFO - Filling up the DagBag from /home/airflow/.local/lib/python3.12/site-packages/airflow/example_dags/example_skip_dag.py
[2025-02-24T20:13:24.100+0000] {processor.py:925} INFO - DAG(s) 'example_skip_dag' retrieved from /home/airflow/.local/lib/python3.12/site-packages/airflow/example_dags/example_skip_dag.py
[2025-02-24T20:13:24.123+0000] {logging_mixin.py:190} INFO - [2025-02-24T20:13:24.122+0000] {dag.py:3239} INFO - Sync 1 DAGs
[2025-02-24T20:13:24.146+0000] {logging_mixin.py:190} INFO - [2025-02-24T20:13:24.145+0000] {dag.py:4180} INFO - Setting next_dagrun for example_skip_dag to 2025-02-23 00:00:00+00:00, run_after=2025-02-24 00:00:00+00:00
[2025-02-24T20:13:24.175+0000] {processor.py:208} INFO - Processing /home/airflow/.local/lib/python3.12/site-packages/airflow/example_dags/example_skip_dag.py took 0.092 seconds
[2025-02-24T20:13:54.247+0000] {processor.py:186} INFO - Started process (PID=1695) to work on /home/airflow/.local/lib/python3.12/site-packages/airflow/example_dags/example_skip_dag.py
[2025-02-24T20:13:54.248+0000] {processor.py:914} INFO - Processing file /home/airflow/.local/lib/python3.12/site-packages/airflow/example_dags/example_skip_dag.py for tasks to queue
[2025-02-24T20:13:54.251+0000] {logging_mixin.py:190} INFO - [2025-02-24T20:13:54.251+0000] {dagbag.py:588} INFO - Filling up the DagBag from /home/airflow/.local/lib/python3.12/site-packages/airflow/example_dags/example_skip_dag.py
[2025-02-24T20:13:54.260+0000] {processor.py:925} INFO - DAG(s) 'example_skip_dag' retrieved from /home/airflow/.local/lib/python3.12/site-packages/airflow/example_dags/example_skip_dag.py
[2025-02-24T20:13:54.284+0000] {logging_mixin.py:190} INFO - [2025-02-24T20:13:54.284+0000] {dag.py:3239} INFO - Sync 1 DAGs
[2025-02-24T20:13:54.308+0000] {logging_mixin.py:190} INFO - [2025-02-24T20:13:54.308+0000] {dag.py:4180} INFO - Setting next_dagrun for example_skip_dag to 2025-02-23 00:00:00+00:00, run_after=2025-02-24 00:00:00+00:00
[2025-02-24T20:13:54.327+0000] {processor.py:208} INFO - Processing /home/airflow/.local/lib/python3.12/site-packages/airflow/example_dags/example_skip_dag.py took 0.087 seconds
[2025-02-24T20:14:25.230+0000] {processor.py:186} INFO - Started process (PID=1758) to work on /home/airflow/.local/lib/python3.12/site-packages/airflow/example_dags/example_skip_dag.py
[2025-02-24T20:14:25.232+0000] {processor.py:914} INFO - Processing file /home/airflow/.local/lib/python3.12/site-packages/airflow/example_dags/example_skip_dag.py for tasks to queue
[2025-02-24T20:14:25.237+0000] {logging_mixin.py:190} INFO - [2025-02-24T20:14:25.236+0000] {dagbag.py:588} INFO - Filling up the DagBag from /home/airflow/.local/lib/python3.12/site-packages/airflow/example_dags/example_skip_dag.py
[2025-02-24T20:14:25.251+0000] {processor.py:925} INFO - DAG(s) 'example_skip_dag' retrieved from /home/airflow/.local/lib/python3.12/site-packages/airflow/example_dags/example_skip_dag.py
[2025-02-24T20:14:25.282+0000] {logging_mixin.py:190} INFO - [2025-02-24T20:14:25.282+0000] {dag.py:3239} INFO - Sync 1 DAGs
[2025-02-24T20:14:25.317+0000] {logging_mixin.py:190} INFO - [2025-02-24T20:14:25.316+0000] {dag.py:4180} INFO - Setting next_dagrun for example_skip_dag to 2025-02-23 00:00:00+00:00, run_after=2025-02-24 00:00:00+00:00
[2025-02-24T20:14:25.344+0000] {processor.py:208} INFO - Processing /home/airflow/.local/lib/python3.12/site-packages/airflow/example_dags/example_skip_dag.py took 0.125 seconds
[2025-02-24T20:14:55.473+0000] {processor.py:186} INFO - Started process (PID=1821) to work on /home/airflow/.local/lib/python3.12/site-packages/airflow/example_dags/example_skip_dag.py
[2025-02-24T20:14:55.476+0000] {processor.py:914} INFO - Processing file /home/airflow/.local/lib/python3.12/site-packages/airflow/example_dags/example_skip_dag.py for tasks to queue
[2025-02-24T20:14:55.479+0000] {logging_mixin.py:190} INFO - [2025-02-24T20:14:55.479+0000] {dagbag.py:588} INFO - Filling up the DagBag from /home/airflow/.local/lib/python3.12/site-packages/airflow/example_dags/example_skip_dag.py
[2025-02-24T20:14:55.489+0000] {processor.py:925} INFO - DAG(s) 'example_skip_dag' retrieved from /home/airflow/.local/lib/python3.12/site-packages/airflow/example_dags/example_skip_dag.py
[2025-02-24T20:14:55.514+0000] {logging_mixin.py:190} INFO - [2025-02-24T20:14:55.514+0000] {dag.py:3239} INFO - Sync 1 DAGs
[2025-02-24T20:14:55.541+0000] {logging_mixin.py:190} INFO - [2025-02-24T20:14:55.541+0000] {dag.py:4180} INFO - Setting next_dagrun for example_skip_dag to 2025-02-23 00:00:00+00:00, run_after=2025-02-24 00:00:00+00:00
[2025-02-24T20:14:55.583+0000] {processor.py:208} INFO - Processing /home/airflow/.local/lib/python3.12/site-packages/airflow/example_dags/example_skip_dag.py took 0.116 seconds
[2025-02-24T20:15:25.786+0000] {processor.py:186} INFO - Started process (PID=1884) to work on /home/airflow/.local/lib/python3.12/site-packages/airflow/example_dags/example_skip_dag.py
[2025-02-24T20:15:25.787+0000] {processor.py:914} INFO - Processing file /home/airflow/.local/lib/python3.12/site-packages/airflow/example_dags/example_skip_dag.py for tasks to queue
[2025-02-24T20:15:25.790+0000] {logging_mixin.py:190} INFO - [2025-02-24T20:15:25.789+0000] {dagbag.py:588} INFO - Filling up the DagBag from /home/airflow/.local/lib/python3.12/site-packages/airflow/example_dags/example_skip_dag.py
[2025-02-24T20:15:25.801+0000] {processor.py:925} INFO - DAG(s) 'example_skip_dag' retrieved from /home/airflow/.local/lib/python3.12/site-packages/airflow/example_dags/example_skip_dag.py
[2025-02-24T20:15:25.827+0000] {logging_mixin.py:190} INFO - [2025-02-24T20:15:25.826+0000] {dag.py:3239} INFO - Sync 1 DAGs
[2025-02-24T20:15:25.856+0000] {logging_mixin.py:190} INFO - [2025-02-24T20:15:25.855+0000] {dag.py:4180} INFO - Setting next_dagrun for example_skip_dag to 2025-02-23 00:00:00+00:00, run_after=2025-02-24 00:00:00+00:00
[2025-02-24T20:15:25.920+0000] {processor.py:208} INFO - Processing /home/airflow/.local/lib/python3.12/site-packages/airflow/example_dags/example_skip_dag.py took 0.140 seconds
[2025-02-24T20:15:56.423+0000] {processor.py:186} INFO - Started process (PID=1947) to work on /home/airflow/.local/lib/python3.12/site-packages/airflow/example_dags/example_skip_dag.py
[2025-02-24T20:15:56.426+0000] {processor.py:914} INFO - Processing file /home/airflow/.local/lib/python3.12/site-packages/airflow/example_dags/example_skip_dag.py for tasks to queue
[2025-02-24T20:15:56.434+0000] {logging_mixin.py:190} INFO - [2025-02-24T20:15:56.433+0000] {dagbag.py:588} INFO - Filling up the DagBag from /home/airflow/.local/lib/python3.12/site-packages/airflow/example_dags/example_skip_dag.py
[2025-02-24T20:15:56.463+0000] {processor.py:925} INFO - DAG(s) 'example_skip_dag' retrieved from /home/airflow/.local/lib/python3.12/site-packages/airflow/example_dags/example_skip_dag.py
[2025-02-24T20:15:56.507+0000] {logging_mixin.py:190} INFO - [2025-02-24T20:15:56.506+0000] {dag.py:3239} INFO - Sync 1 DAGs
[2025-02-24T20:15:56.578+0000] {logging_mixin.py:190} INFO - [2025-02-24T20:15:56.578+0000] {dag.py:4180} INFO - Setting next_dagrun for example_skip_dag to 2025-02-23 00:00:00+00:00, run_after=2025-02-24 00:00:00+00:00
[2025-02-24T20:15:56.646+0000] {processor.py:208} INFO - Processing /home/airflow/.local/lib/python3.12/site-packages/airflow/example_dags/example_skip_dag.py took 0.235 seconds
[2025-02-24T20:16:26.703+0000] {processor.py:186} INFO - Started process (PID=2010) to work on /home/airflow/.local/lib/python3.12/site-packages/airflow/example_dags/example_skip_dag.py
[2025-02-24T20:16:26.704+0000] {processor.py:914} INFO - Processing file /home/airflow/.local/lib/python3.12/site-packages/airflow/example_dags/example_skip_dag.py for tasks to queue
[2025-02-24T20:16:26.707+0000] {logging_mixin.py:190} INFO - [2025-02-24T20:16:26.707+0000] {dagbag.py:588} INFO - Filling up the DagBag from /home/airflow/.local/lib/python3.12/site-packages/airflow/example_dags/example_skip_dag.py
[2025-02-24T20:16:26.716+0000] {processor.py:925} INFO - DAG(s) 'example_skip_dag' retrieved from /home/airflow/.local/lib/python3.12/site-packages/airflow/example_dags/example_skip_dag.py
[2025-02-24T20:16:26.741+0000] {logging_mixin.py:190} INFO - [2025-02-24T20:16:26.741+0000] {dag.py:3239} INFO - Sync 1 DAGs
[2025-02-24T20:16:26.771+0000] {logging_mixin.py:190} INFO - [2025-02-24T20:16:26.771+0000] {dag.py:4180} INFO - Setting next_dagrun for example_skip_dag to 2025-02-23 00:00:00+00:00, run_after=2025-02-24 00:00:00+00:00
[2025-02-24T20:16:26.827+0000] {processor.py:208} INFO - Processing /home/airflow/.local/lib/python3.12/site-packages/airflow/example_dags/example_skip_dag.py took 0.130 seconds
[2025-02-24T20:16:56.927+0000] {processor.py:186} INFO - Started process (PID=2073) to work on /home/airflow/.local/lib/python3.12/site-packages/airflow/example_dags/example_skip_dag.py
[2025-02-24T20:16:56.928+0000] {processor.py:914} INFO - Processing file /home/airflow/.local/lib/python3.12/site-packages/airflow/example_dags/example_skip_dag.py for tasks to queue
[2025-02-24T20:16:56.932+0000] {logging_mixin.py:190} INFO - [2025-02-24T20:16:56.931+0000] {dagbag.py:588} INFO - Filling up the DagBag from /home/airflow/.local/lib/python3.12/site-packages/airflow/example_dags/example_skip_dag.py
[2025-02-24T20:16:56.943+0000] {processor.py:925} INFO - DAG(s) 'example_skip_dag' retrieved from /home/airflow/.local/lib/python3.12/site-packages/airflow/example_dags/example_skip_dag.py
[2025-02-24T20:16:56.970+0000] {logging_mixin.py:190} INFO - [2025-02-24T20:16:56.969+0000] {dag.py:3239} INFO - Sync 1 DAGs
[2025-02-24T20:16:57.006+0000] {logging_mixin.py:190} INFO - [2025-02-24T20:16:57.006+0000] {dag.py:4180} INFO - Setting next_dagrun for example_skip_dag to 2025-02-23 00:00:00+00:00, run_after=2025-02-24 00:00:00+00:00
[2025-02-24T20:16:57.062+0000] {processor.py:208} INFO - Processing /home/airflow/.local/lib/python3.12/site-packages/airflow/example_dags/example_skip_dag.py took 0.143 seconds
[2025-02-24T20:17:27.395+0000] {processor.py:186} INFO - Started process (PID=2136) to work on /home/airflow/.local/lib/python3.12/site-packages/airflow/example_dags/example_skip_dag.py
[2025-02-24T20:17:27.396+0000] {processor.py:914} INFO - Processing file /home/airflow/.local/lib/python3.12/site-packages/airflow/example_dags/example_skip_dag.py for tasks to queue
[2025-02-24T20:17:27.399+0000] {logging_mixin.py:190} INFO - [2025-02-24T20:17:27.398+0000] {dagbag.py:588} INFO - Filling up the DagBag from /home/airflow/.local/lib/python3.12/site-packages/airflow/example_dags/example_skip_dag.py
[2025-02-24T20:17:27.408+0000] {processor.py:925} INFO - DAG(s) 'example_skip_dag' retrieved from /home/airflow/.local/lib/python3.12/site-packages/airflow/example_dags/example_skip_dag.py
[2025-02-24T20:17:27.431+0000] {logging_mixin.py:190} INFO - [2025-02-24T20:17:27.431+0000] {dag.py:3239} INFO - Sync 1 DAGs
[2025-02-24T20:17:27.459+0000] {logging_mixin.py:190} INFO - [2025-02-24T20:17:27.459+0000] {dag.py:4180} INFO - Setting next_dagrun for example_skip_dag to 2025-02-23 00:00:00+00:00, run_after=2025-02-24 00:00:00+00:00
[2025-02-24T20:17:27.508+0000] {processor.py:208} INFO - Processing /home/airflow/.local/lib/python3.12/site-packages/airflow/example_dags/example_skip_dag.py took 0.121 seconds
[2025-02-24T20:17:57.732+0000] {processor.py:186} INFO - Started process (PID=2199) to work on /home/airflow/.local/lib/python3.12/site-packages/airflow/example_dags/example_skip_dag.py
[2025-02-24T20:17:57.733+0000] {processor.py:914} INFO - Processing file /home/airflow/.local/lib/python3.12/site-packages/airflow/example_dags/example_skip_dag.py for tasks to queue
[2025-02-24T20:17:57.736+0000] {logging_mixin.py:190} INFO - [2025-02-24T20:17:57.736+0000] {dagbag.py:588} INFO - Filling up the DagBag from /home/airflow/.local/lib/python3.12/site-packages/airflow/example_dags/example_skip_dag.py
[2025-02-24T20:17:57.747+0000] {processor.py:925} INFO - DAG(s) 'example_skip_dag' retrieved from /home/airflow/.local/lib/python3.12/site-packages/airflow/example_dags/example_skip_dag.py
[2025-02-24T20:17:57.774+0000] {logging_mixin.py:190} INFO - [2025-02-24T20:17:57.774+0000] {dag.py:3239} INFO - Sync 1 DAGs
[2025-02-24T20:17:57.807+0000] {logging_mixin.py:190} INFO - [2025-02-24T20:17:57.807+0000] {dag.py:4180} INFO - Setting next_dagrun for example_skip_dag to 2025-02-23 00:00:00+00:00, run_after=2025-02-24 00:00:00+00:00
[2025-02-24T20:17:57.852+0000] {processor.py:208} INFO - Processing /home/airflow/.local/lib/python3.12/site-packages/airflow/example_dags/example_skip_dag.py took 0.128 seconds
[2025-02-24T20:18:28.351+0000] {processor.py:186} INFO - Started process (PID=2262) to work on /home/airflow/.local/lib/python3.12/site-packages/airflow/example_dags/example_skip_dag.py
[2025-02-24T20:18:28.353+0000] {processor.py:914} INFO - Processing file /home/airflow/.local/lib/python3.12/site-packages/airflow/example_dags/example_skip_dag.py for tasks to queue
[2025-02-24T20:18:28.358+0000] {logging_mixin.py:190} INFO - [2025-02-24T20:18:28.357+0000] {dagbag.py:588} INFO - Filling up the DagBag from /home/airflow/.local/lib/python3.12/site-packages/airflow/example_dags/example_skip_dag.py
[2025-02-24T20:18:28.373+0000] {processor.py:925} INFO - DAG(s) 'example_skip_dag' retrieved from /home/airflow/.local/lib/python3.12/site-packages/airflow/example_dags/example_skip_dag.py
[2025-02-24T20:18:28.409+0000] {logging_mixin.py:190} INFO - [2025-02-24T20:18:28.408+0000] {dag.py:3239} INFO - Sync 1 DAGs
[2025-02-24T20:18:28.451+0000] {logging_mixin.py:190} INFO - [2025-02-24T20:18:28.451+0000] {dag.py:4180} INFO - Setting next_dagrun for example_skip_dag to 2025-02-23 00:00:00+00:00, run_after=2025-02-24 00:00:00+00:00
[2025-02-24T20:18:28.490+0000] {processor.py:208} INFO - Processing /home/airflow/.local/lib/python3.12/site-packages/airflow/example_dags/example_skip_dag.py took 0.153 seconds
[2025-02-24T20:18:59.577+0000] {processor.py:186} INFO - Started process (PID=2325) to work on /home/airflow/.local/lib/python3.12/site-packages/airflow/example_dags/example_skip_dag.py
[2025-02-24T20:18:59.579+0000] {processor.py:914} INFO - Processing file /home/airflow/.local/lib/python3.12/site-packages/airflow/example_dags/example_skip_dag.py for tasks to queue
[2025-02-24T20:18:59.584+0000] {logging_mixin.py:190} INFO - [2025-02-24T20:18:59.583+0000] {dagbag.py:588} INFO - Filling up the DagBag from /home/airflow/.local/lib/python3.12/site-packages/airflow/example_dags/example_skip_dag.py
[2025-02-24T20:18:59.605+0000] {processor.py:925} INFO - DAG(s) 'example_skip_dag' retrieved from /home/airflow/.local/lib/python3.12/site-packages/airflow/example_dags/example_skip_dag.py
[2025-02-24T20:18:59.643+0000] {logging_mixin.py:190} INFO - [2025-02-24T20:18:59.642+0000] {dag.py:3239} INFO - Sync 1 DAGs
[2025-02-24T20:18:59.682+0000] {logging_mixin.py:190} INFO - [2025-02-24T20:18:59.682+0000] {dag.py:4180} INFO - Setting next_dagrun for example_skip_dag to 2025-02-23 00:00:00+00:00, run_after=2025-02-24 00:00:00+00:00
[2025-02-24T20:18:59.714+0000] {processor.py:208} INFO - Processing /home/airflow/.local/lib/python3.12/site-packages/airflow/example_dags/example_skip_dag.py took 0.153 seconds
[2025-02-24T20:19:30.312+0000] {processor.py:186} INFO - Started process (PID=2388) to work on /home/airflow/.local/lib/python3.12/site-packages/airflow/example_dags/example_skip_dag.py
[2025-02-24T20:19:30.314+0000] {processor.py:914} INFO - Processing file /home/airflow/.local/lib/python3.12/site-packages/airflow/example_dags/example_skip_dag.py for tasks to queue
[2025-02-24T20:19:30.318+0000] {logging_mixin.py:190} INFO - [2025-02-24T20:19:30.318+0000] {dagbag.py:588} INFO - Filling up the DagBag from /home/airflow/.local/lib/python3.12/site-packages/airflow/example_dags/example_skip_dag.py
[2025-02-24T20:19:30.330+0000] {processor.py:925} INFO - DAG(s) 'example_skip_dag' retrieved from /home/airflow/.local/lib/python3.12/site-packages/airflow/example_dags/example_skip_dag.py
[2025-02-24T20:19:30.368+0000] {logging_mixin.py:190} INFO - [2025-02-24T20:19:30.367+0000] {dag.py:3239} INFO - Sync 1 DAGs
[2025-02-24T20:19:30.417+0000] {logging_mixin.py:190} INFO - [2025-02-24T20:19:30.417+0000] {dag.py:4180} INFO - Setting next_dagrun for example_skip_dag to 2025-02-23 00:00:00+00:00, run_after=2025-02-24 00:00:00+00:00
[2025-02-24T20:19:30.447+0000] {processor.py:208} INFO - Processing /home/airflow/.local/lib/python3.12/site-packages/airflow/example_dags/example_skip_dag.py took 0.145 seconds
[2025-02-24T21:36:38.810+0000] {processor.py:186} INFO - Started process (PID=207) to work on /home/airflow/.local/lib/python3.12/site-packages/airflow/example_dags/example_skip_dag.py
[2025-02-24T21:36:38.849+0000] {processor.py:914} INFO - Processing file /home/airflow/.local/lib/python3.12/site-packages/airflow/example_dags/example_skip_dag.py for tasks to queue
[2025-02-24T21:36:38.854+0000] {logging_mixin.py:190} INFO - [2025-02-24T21:36:38.853+0000] {dagbag.py:588} INFO - Filling up the DagBag from /home/airflow/.local/lib/python3.12/site-packages/airflow/example_dags/example_skip_dag.py
[2025-02-24T21:36:38.922+0000] {processor.py:925} INFO - DAG(s) 'example_skip_dag' retrieved from /home/airflow/.local/lib/python3.12/site-packages/airflow/example_dags/example_skip_dag.py
[2025-02-24T21:36:39.883+0000] {logging_mixin.py:190} INFO - [2025-02-24T21:36:39.882+0000] {override.py:1912} INFO - Created Permission View: can edit on DAG:example_skip_dag
[2025-02-24T21:36:39.928+0000] {logging_mixin.py:190} INFO - [2025-02-24T21:36:39.928+0000] {override.py:1912} INFO - Created Permission View: can read on DAG:example_skip_dag
[2025-02-24T21:36:39.951+0000] {logging_mixin.py:190} INFO - [2025-02-24T21:36:39.951+0000] {override.py:1912} INFO - Created Permission View: can delete on DAG:example_skip_dag
[2025-02-24T21:36:39.972+0000] {logging_mixin.py:190} INFO - [2025-02-24T21:36:39.971+0000] {override.py:1912} INFO - Created Permission View: can delete on DAG Run:example_skip_dag
[2025-02-24T21:36:39.995+0000] {logging_mixin.py:190} INFO - [2025-02-24T21:36:39.995+0000] {override.py:1912} INFO - Created Permission View: can read on DAG Run:example_skip_dag
[2025-02-24T21:36:40.665+0000] {logging_mixin.py:190} INFO - [2025-02-24T21:36:40.664+0000] {override.py:1912} INFO - Created Permission View: can create on DAG Run:example_skip_dag
[2025-02-24T21:36:40.676+0000] {logging_mixin.py:190} INFO - [2025-02-24T21:36:40.675+0000] {override.py:1912} INFO - Created Permission View: menu access on DAG Run:example_skip_dag
[2025-02-24T21:36:40.677+0000] {logging_mixin.py:190} INFO - [2025-02-24T21:36:40.677+0000] {dag.py:3239} INFO - Sync 1 DAGs
[2025-02-24T21:36:40.714+0000] {logging_mixin.py:190} INFO - [2025-02-24T21:36:40.713+0000] {dag.py:3262} INFO - Creating ORM DAG for example_skip_dag
[2025-02-24T21:36:40.741+0000] {logging_mixin.py:190} INFO - [2025-02-24T21:36:40.741+0000] {dag.py:4180} INFO - Setting next_dagrun for example_skip_dag to 2025-02-23 00:00:00+00:00, run_after=2025-02-24 00:00:00+00:00
[2025-02-24T21:36:40.791+0000] {processor.py:208} INFO - Processing /home/airflow/.local/lib/python3.12/site-packages/airflow/example_dags/example_skip_dag.py took 2.009 seconds
