[2025-02-24T20:00:55.335+0000] {processor.py:186} INFO - Started process (PID=120) to work on /home/airflow/.local/lib/python3.12/site-packages/airflow/example_dags/example_task_group_decorator.py
[2025-02-24T20:00:55.339+0000] {processor.py:914} INFO - Processing file /home/airflow/.local/lib/python3.12/site-packages/airflow/example_dags/example_task_group_decorator.py for tasks to queue
[2025-02-24T20:00:55.348+0000] {logging_mixin.py:190} INFO - [2025-02-24T20:00:55.347+0000] {dagbag.py:588} INFO - Filling up the DagBag from /home/airflow/.local/lib/python3.12/site-packages/airflow/example_dags/example_task_group_decorator.py
[2025-02-24T20:00:55.396+0000] {processor.py:925} INFO - DAG(s) 'example_task_group_decorator' retrieved from /home/airflow/.local/lib/python3.12/site-packages/airflow/example_dags/example_task_group_decorator.py
[2025-02-24T20:00:55.927+0000] {logging_mixin.py:190} INFO - [2025-02-24T20:00:55.925+0000] {override.py:1912} INFO - Created Permission View: can edit on DAG:example_task_group_decorator
[2025-02-24T20:00:55.971+0000] {logging_mixin.py:190} INFO - [2025-02-24T20:00:55.969+0000] {override.py:1912} INFO - Created Permission View: can delete on DAG:example_task_group_decorator
[2025-02-24T20:00:56.036+0000] {logging_mixin.py:190} INFO - [2025-02-24T20:00:56.030+0000] {override.py:1912} INFO - Created Permission View: can read on DAG:example_task_group_decorator
[2025-02-24T20:00:56.130+0000] {logging_mixin.py:190} INFO - [2025-02-24T20:00:56.129+0000] {override.py:1912} INFO - Created Permission View: can delete on DAG Run:example_task_group_decorator
[2025-02-24T20:00:56.183+0000] {logging_mixin.py:190} INFO - [2025-02-24T20:00:56.182+0000] {override.py:1912} INFO - Created Permission View: can create on DAG Run:example_task_group_decorator
[2025-02-24T20:00:56.233+0000] {logging_mixin.py:190} INFO - [2025-02-24T20:00:56.229+0000] {override.py:1912} INFO - Created Permission View: menu access on DAG Run:example_task_group_decorator
[2025-02-24T20:00:56.260+0000] {logging_mixin.py:190} INFO - [2025-02-24T20:00:56.260+0000] {override.py:1912} INFO - Created Permission View: can read on DAG Run:example_task_group_decorator
[2025-02-24T20:00:56.264+0000] {logging_mixin.py:190} INFO - [2025-02-24T20:00:56.262+0000] {dag.py:3239} INFO - Sync 1 DAGs
[2025-02-24T20:00:56.322+0000] {logging_mixin.py:190} INFO - [2025-02-24T20:00:56.321+0000] {dag.py:3262} INFO - Creating ORM DAG for example_task_group_decorator
[2025-02-24T20:00:56.325+0000] {logging_mixin.py:190} INFO - [2025-02-24T20:00:56.324+0000] {dag.py:4180} INFO - Setting next_dagrun for example_task_group_decorator to None, run_after=None
[2025-02-24T20:00:56.385+0000] {processor.py:208} INFO - Processing /home/airflow/.local/lib/python3.12/site-packages/airflow/example_dags/example_task_group_decorator.py took 1.068 seconds
[2025-02-24T20:01:27.264+0000] {processor.py:186} INFO - Started process (PID=182) to work on /home/airflow/.local/lib/python3.12/site-packages/airflow/example_dags/example_task_group_decorator.py
[2025-02-24T20:01:27.265+0000] {processor.py:914} INFO - Processing file /home/airflow/.local/lib/python3.12/site-packages/airflow/example_dags/example_task_group_decorator.py for tasks to queue
[2025-02-24T20:01:27.268+0000] {logging_mixin.py:190} INFO - [2025-02-24T20:01:27.268+0000] {dagbag.py:588} INFO - Filling up the DagBag from /home/airflow/.local/lib/python3.12/site-packages/airflow/example_dags/example_task_group_decorator.py
[2025-02-24T20:01:27.287+0000] {processor.py:925} INFO - DAG(s) 'example_task_group_decorator' retrieved from /home/airflow/.local/lib/python3.12/site-packages/airflow/example_dags/example_task_group_decorator.py
[2025-02-24T20:01:27.316+0000] {logging_mixin.py:190} INFO - [2025-02-24T20:01:27.316+0000] {dag.py:3239} INFO - Sync 1 DAGs
[2025-02-24T20:01:27.335+0000] {logging_mixin.py:190} INFO - [2025-02-24T20:01:27.334+0000] {dag.py:4180} INFO - Setting next_dagrun for example_task_group_decorator to None, run_after=None
[2025-02-24T20:01:27.357+0000] {processor.py:208} INFO - Processing /home/airflow/.local/lib/python3.12/site-packages/airflow/example_dags/example_task_group_decorator.py took 0.100 seconds
[2025-02-24T20:01:57.768+0000] {processor.py:186} INFO - Started process (PID=245) to work on /home/airflow/.local/lib/python3.12/site-packages/airflow/example_dags/example_task_group_decorator.py
[2025-02-24T20:01:57.769+0000] {processor.py:914} INFO - Processing file /home/airflow/.local/lib/python3.12/site-packages/airflow/example_dags/example_task_group_decorator.py for tasks to queue
[2025-02-24T20:01:57.772+0000] {logging_mixin.py:190} INFO - [2025-02-24T20:01:57.771+0000] {dagbag.py:588} INFO - Filling up the DagBag from /home/airflow/.local/lib/python3.12/site-packages/airflow/example_dags/example_task_group_decorator.py
[2025-02-24T20:01:57.791+0000] {processor.py:925} INFO - DAG(s) 'example_task_group_decorator' retrieved from /home/airflow/.local/lib/python3.12/site-packages/airflow/example_dags/example_task_group_decorator.py
[2025-02-24T20:01:57.818+0000] {logging_mixin.py:190} INFO - [2025-02-24T20:01:57.818+0000] {dag.py:3239} INFO - Sync 1 DAGs
[2025-02-24T20:01:57.836+0000] {logging_mixin.py:190} INFO - [2025-02-24T20:01:57.836+0000] {dag.py:4180} INFO - Setting next_dagrun for example_task_group_decorator to None, run_after=None
[2025-02-24T20:01:57.885+0000] {processor.py:208} INFO - Processing /home/airflow/.local/lib/python3.12/site-packages/airflow/example_dags/example_task_group_decorator.py took 0.123 seconds
[2025-02-24T20:02:28.014+0000] {processor.py:186} INFO - Started process (PID=308) to work on /home/airflow/.local/lib/python3.12/site-packages/airflow/example_dags/example_task_group_decorator.py
[2025-02-24T20:02:28.016+0000] {processor.py:914} INFO - Processing file /home/airflow/.local/lib/python3.12/site-packages/airflow/example_dags/example_task_group_decorator.py for tasks to queue
[2025-02-24T20:02:28.021+0000] {logging_mixin.py:190} INFO - [2025-02-24T20:02:28.020+0000] {dagbag.py:588} INFO - Filling up the DagBag from /home/airflow/.local/lib/python3.12/site-packages/airflow/example_dags/example_task_group_decorator.py
[2025-02-24T20:02:28.081+0000] {processor.py:925} INFO - DAG(s) 'example_task_group_decorator' retrieved from /home/airflow/.local/lib/python3.12/site-packages/airflow/example_dags/example_task_group_decorator.py
[2025-02-24T20:02:28.183+0000] {logging_mixin.py:190} INFO - [2025-02-24T20:02:28.183+0000] {dag.py:3239} INFO - Sync 1 DAGs
[2025-02-24T20:02:28.241+0000] {logging_mixin.py:190} INFO - [2025-02-24T20:02:28.241+0000] {dag.py:4180} INFO - Setting next_dagrun for example_task_group_decorator to None, run_after=None
[2025-02-24T20:02:28.298+0000] {processor.py:208} INFO - Processing /home/airflow/.local/lib/python3.12/site-packages/airflow/example_dags/example_task_group_decorator.py took 0.301 seconds
[2025-02-24T20:02:59.146+0000] {processor.py:186} INFO - Started process (PID=371) to work on /home/airflow/.local/lib/python3.12/site-packages/airflow/example_dags/example_task_group_decorator.py
[2025-02-24T20:02:59.154+0000] {processor.py:914} INFO - Processing file /home/airflow/.local/lib/python3.12/site-packages/airflow/example_dags/example_task_group_decorator.py for tasks to queue
[2025-02-24T20:02:59.157+0000] {logging_mixin.py:190} INFO - [2025-02-24T20:02:59.157+0000] {dagbag.py:588} INFO - Filling up the DagBag from /home/airflow/.local/lib/python3.12/site-packages/airflow/example_dags/example_task_group_decorator.py
[2025-02-24T20:02:59.175+0000] {processor.py:925} INFO - DAG(s) 'example_task_group_decorator' retrieved from /home/airflow/.local/lib/python3.12/site-packages/airflow/example_dags/example_task_group_decorator.py
[2025-02-24T20:02:59.204+0000] {logging_mixin.py:190} INFO - [2025-02-24T20:02:59.204+0000] {dag.py:3239} INFO - Sync 1 DAGs
[2025-02-24T20:02:59.221+0000] {logging_mixin.py:190} INFO - [2025-02-24T20:02:59.221+0000] {dag.py:4180} INFO - Setting next_dagrun for example_task_group_decorator to None, run_after=None
[2025-02-24T20:02:59.241+0000] {processor.py:208} INFO - Processing /home/airflow/.local/lib/python3.12/site-packages/airflow/example_dags/example_task_group_decorator.py took 0.102 seconds
[2025-02-24T20:03:29.670+0000] {processor.py:186} INFO - Started process (PID=434) to work on /home/airflow/.local/lib/python3.12/site-packages/airflow/example_dags/example_task_group_decorator.py
[2025-02-24T20:03:29.671+0000] {processor.py:914} INFO - Processing file /home/airflow/.local/lib/python3.12/site-packages/airflow/example_dags/example_task_group_decorator.py for tasks to queue
[2025-02-24T20:03:29.674+0000] {logging_mixin.py:190} INFO - [2025-02-24T20:03:29.673+0000] {dagbag.py:588} INFO - Filling up the DagBag from /home/airflow/.local/lib/python3.12/site-packages/airflow/example_dags/example_task_group_decorator.py
[2025-02-24T20:03:29.688+0000] {processor.py:925} INFO - DAG(s) 'example_task_group_decorator' retrieved from /home/airflow/.local/lib/python3.12/site-packages/airflow/example_dags/example_task_group_decorator.py
[2025-02-24T20:03:29.715+0000] {logging_mixin.py:190} INFO - [2025-02-24T20:03:29.714+0000] {dag.py:3239} INFO - Sync 1 DAGs
[2025-02-24T20:03:29.731+0000] {logging_mixin.py:190} INFO - [2025-02-24T20:03:29.731+0000] {dag.py:4180} INFO - Setting next_dagrun for example_task_group_decorator to None, run_after=None
[2025-02-24T20:03:29.752+0000] {processor.py:208} INFO - Processing /home/airflow/.local/lib/python3.12/site-packages/airflow/example_dags/example_task_group_decorator.py took 0.087 seconds
[2025-02-24T20:04:00.603+0000] {processor.py:186} INFO - Started process (PID=497) to work on /home/airflow/.local/lib/python3.12/site-packages/airflow/example_dags/example_task_group_decorator.py
[2025-02-24T20:04:00.604+0000] {processor.py:914} INFO - Processing file /home/airflow/.local/lib/python3.12/site-packages/airflow/example_dags/example_task_group_decorator.py for tasks to queue
[2025-02-24T20:04:00.607+0000] {logging_mixin.py:190} INFO - [2025-02-24T20:04:00.606+0000] {dagbag.py:588} INFO - Filling up the DagBag from /home/airflow/.local/lib/python3.12/site-packages/airflow/example_dags/example_task_group_decorator.py
[2025-02-24T20:04:00.623+0000] {processor.py:925} INFO - DAG(s) 'example_task_group_decorator' retrieved from /home/airflow/.local/lib/python3.12/site-packages/airflow/example_dags/example_task_group_decorator.py
[2025-02-24T20:04:00.649+0000] {logging_mixin.py:190} INFO - [2025-02-24T20:04:00.648+0000] {dag.py:3239} INFO - Sync 1 DAGs
[2025-02-24T20:04:00.665+0000] {logging_mixin.py:190} INFO - [2025-02-24T20:04:00.664+0000] {dag.py:4180} INFO - Setting next_dagrun for example_task_group_decorator to None, run_after=None
[2025-02-24T20:04:00.687+0000] {processor.py:208} INFO - Processing /home/airflow/.local/lib/python3.12/site-packages/airflow/example_dags/example_task_group_decorator.py took 0.090 seconds
[2025-02-24T20:04:31.650+0000] {processor.py:186} INFO - Started process (PID=560) to work on /home/airflow/.local/lib/python3.12/site-packages/airflow/example_dags/example_task_group_decorator.py
[2025-02-24T20:04:31.651+0000] {processor.py:914} INFO - Processing file /home/airflow/.local/lib/python3.12/site-packages/airflow/example_dags/example_task_group_decorator.py for tasks to queue
[2025-02-24T20:04:31.654+0000] {logging_mixin.py:190} INFO - [2025-02-24T20:04:31.653+0000] {dagbag.py:588} INFO - Filling up the DagBag from /home/airflow/.local/lib/python3.12/site-packages/airflow/example_dags/example_task_group_decorator.py
[2025-02-24T20:04:31.669+0000] {processor.py:925} INFO - DAG(s) 'example_task_group_decorator' retrieved from /home/airflow/.local/lib/python3.12/site-packages/airflow/example_dags/example_task_group_decorator.py
[2025-02-24T20:04:31.694+0000] {logging_mixin.py:190} INFO - [2025-02-24T20:04:31.693+0000] {dag.py:3239} INFO - Sync 1 DAGs
[2025-02-24T20:04:31.708+0000] {logging_mixin.py:190} INFO - [2025-02-24T20:04:31.708+0000] {dag.py:4180} INFO - Setting next_dagrun for example_task_group_decorator to None, run_after=None
[2025-02-24T20:04:31.741+0000] {processor.py:208} INFO - Processing /home/airflow/.local/lib/python3.12/site-packages/airflow/example_dags/example_task_group_decorator.py took 0.096 seconds
[2025-02-24T20:05:02.145+0000] {processor.py:186} INFO - Started process (PID=622) to work on /home/airflow/.local/lib/python3.12/site-packages/airflow/example_dags/example_task_group_decorator.py
[2025-02-24T20:05:02.146+0000] {processor.py:914} INFO - Processing file /home/airflow/.local/lib/python3.12/site-packages/airflow/example_dags/example_task_group_decorator.py for tasks to queue
[2025-02-24T20:05:02.148+0000] {logging_mixin.py:190} INFO - [2025-02-24T20:05:02.148+0000] {dagbag.py:588} INFO - Filling up the DagBag from /home/airflow/.local/lib/python3.12/site-packages/airflow/example_dags/example_task_group_decorator.py
[2025-02-24T20:05:02.164+0000] {processor.py:925} INFO - DAG(s) 'example_task_group_decorator' retrieved from /home/airflow/.local/lib/python3.12/site-packages/airflow/example_dags/example_task_group_decorator.py
[2025-02-24T20:05:02.189+0000] {logging_mixin.py:190} INFO - [2025-02-24T20:05:02.189+0000] {dag.py:3239} INFO - Sync 1 DAGs
[2025-02-24T20:05:02.205+0000] {logging_mixin.py:190} INFO - [2025-02-24T20:05:02.204+0000] {dag.py:4180} INFO - Setting next_dagrun for example_task_group_decorator to None, run_after=None
[2025-02-24T20:05:02.230+0000] {processor.py:208} INFO - Processing /home/airflow/.local/lib/python3.12/site-packages/airflow/example_dags/example_task_group_decorator.py took 0.091 seconds
[2025-02-24T20:05:33.658+0000] {processor.py:186} INFO - Started process (PID=685) to work on /home/airflow/.local/lib/python3.12/site-packages/airflow/example_dags/example_task_group_decorator.py
[2025-02-24T20:05:33.660+0000] {processor.py:914} INFO - Processing file /home/airflow/.local/lib/python3.12/site-packages/airflow/example_dags/example_task_group_decorator.py for tasks to queue
[2025-02-24T20:05:33.663+0000] {logging_mixin.py:190} INFO - [2025-02-24T20:05:33.662+0000] {dagbag.py:588} INFO - Filling up the DagBag from /home/airflow/.local/lib/python3.12/site-packages/airflow/example_dags/example_task_group_decorator.py
[2025-02-24T20:05:33.682+0000] {processor.py:925} INFO - DAG(s) 'example_task_group_decorator' retrieved from /home/airflow/.local/lib/python3.12/site-packages/airflow/example_dags/example_task_group_decorator.py
[2025-02-24T20:05:33.714+0000] {logging_mixin.py:190} INFO - [2025-02-24T20:05:33.714+0000] {dag.py:3239} INFO - Sync 1 DAGs
[2025-02-24T20:05:33.731+0000] {logging_mixin.py:190} INFO - [2025-02-24T20:05:33.731+0000] {dag.py:4180} INFO - Setting next_dagrun for example_task_group_decorator to None, run_after=None
[2025-02-24T20:05:33.763+0000] {processor.py:208} INFO - Processing /home/airflow/.local/lib/python3.12/site-packages/airflow/example_dags/example_task_group_decorator.py took 0.113 seconds
[2025-02-24T20:06:05.061+0000] {processor.py:186} INFO - Started process (PID=748) to work on /home/airflow/.local/lib/python3.12/site-packages/airflow/example_dags/example_task_group_decorator.py
[2025-02-24T20:06:05.062+0000] {processor.py:914} INFO - Processing file /home/airflow/.local/lib/python3.12/site-packages/airflow/example_dags/example_task_group_decorator.py for tasks to queue
[2025-02-24T20:06:05.065+0000] {logging_mixin.py:190} INFO - [2025-02-24T20:06:05.065+0000] {dagbag.py:588} INFO - Filling up the DagBag from /home/airflow/.local/lib/python3.12/site-packages/airflow/example_dags/example_task_group_decorator.py
[2025-02-24T20:06:05.083+0000] {processor.py:925} INFO - DAG(s) 'example_task_group_decorator' retrieved from /home/airflow/.local/lib/python3.12/site-packages/airflow/example_dags/example_task_group_decorator.py
[2025-02-24T20:06:05.112+0000] {logging_mixin.py:190} INFO - [2025-02-24T20:06:05.112+0000] {dag.py:3239} INFO - Sync 1 DAGs
[2025-02-24T20:06:05.129+0000] {logging_mixin.py:190} INFO - [2025-02-24T20:06:05.129+0000] {dag.py:4180} INFO - Setting next_dagrun for example_task_group_decorator to None, run_after=None
[2025-02-24T20:06:05.150+0000] {processor.py:208} INFO - Processing /home/airflow/.local/lib/python3.12/site-packages/airflow/example_dags/example_task_group_decorator.py took 0.094 seconds
[2025-02-24T20:06:36.357+0000] {processor.py:186} INFO - Started process (PID=811) to work on /home/airflow/.local/lib/python3.12/site-packages/airflow/example_dags/example_task_group_decorator.py
[2025-02-24T20:06:36.358+0000] {processor.py:914} INFO - Processing file /home/airflow/.local/lib/python3.12/site-packages/airflow/example_dags/example_task_group_decorator.py for tasks to queue
[2025-02-24T20:06:36.361+0000] {logging_mixin.py:190} INFO - [2025-02-24T20:06:36.361+0000] {dagbag.py:588} INFO - Filling up the DagBag from /home/airflow/.local/lib/python3.12/site-packages/airflow/example_dags/example_task_group_decorator.py
[2025-02-24T20:06:36.379+0000] {processor.py:925} INFO - DAG(s) 'example_task_group_decorator' retrieved from /home/airflow/.local/lib/python3.12/site-packages/airflow/example_dags/example_task_group_decorator.py
[2025-02-24T20:06:36.406+0000] {logging_mixin.py:190} INFO - [2025-02-24T20:06:36.406+0000] {dag.py:3239} INFO - Sync 1 DAGs
[2025-02-24T20:06:36.423+0000] {logging_mixin.py:190} INFO - [2025-02-24T20:06:36.423+0000] {dag.py:4180} INFO - Setting next_dagrun for example_task_group_decorator to None, run_after=None
[2025-02-24T20:06:36.446+0000] {processor.py:208} INFO - Processing /home/airflow/.local/lib/python3.12/site-packages/airflow/example_dags/example_task_group_decorator.py took 0.094 seconds
[2025-02-24T20:07:07.468+0000] {processor.py:186} INFO - Started process (PID=874) to work on /home/airflow/.local/lib/python3.12/site-packages/airflow/example_dags/example_task_group_decorator.py
[2025-02-24T20:07:07.469+0000] {processor.py:914} INFO - Processing file /home/airflow/.local/lib/python3.12/site-packages/airflow/example_dags/example_task_group_decorator.py for tasks to queue
[2025-02-24T20:07:07.472+0000] {logging_mixin.py:190} INFO - [2025-02-24T20:07:07.471+0000] {dagbag.py:588} INFO - Filling up the DagBag from /home/airflow/.local/lib/python3.12/site-packages/airflow/example_dags/example_task_group_decorator.py
[2025-02-24T20:07:07.487+0000] {processor.py:925} INFO - DAG(s) 'example_task_group_decorator' retrieved from /home/airflow/.local/lib/python3.12/site-packages/airflow/example_dags/example_task_group_decorator.py
[2025-02-24T20:07:07.514+0000] {logging_mixin.py:190} INFO - [2025-02-24T20:07:07.514+0000] {dag.py:3239} INFO - Sync 1 DAGs
[2025-02-24T20:07:07.531+0000] {logging_mixin.py:190} INFO - [2025-02-24T20:07:07.530+0000] {dag.py:4180} INFO - Setting next_dagrun for example_task_group_decorator to None, run_after=None
[2025-02-24T20:07:07.551+0000] {processor.py:208} INFO - Processing /home/airflow/.local/lib/python3.12/site-packages/airflow/example_dags/example_task_group_decorator.py took 0.089 seconds
[2025-02-24T20:07:38.961+0000] {processor.py:186} INFO - Started process (PID=937) to work on /home/airflow/.local/lib/python3.12/site-packages/airflow/example_dags/example_task_group_decorator.py
[2025-02-24T20:07:38.962+0000] {processor.py:914} INFO - Processing file /home/airflow/.local/lib/python3.12/site-packages/airflow/example_dags/example_task_group_decorator.py for tasks to queue
[2025-02-24T20:07:38.965+0000] {logging_mixin.py:190} INFO - [2025-02-24T20:07:38.965+0000] {dagbag.py:588} INFO - Filling up the DagBag from /home/airflow/.local/lib/python3.12/site-packages/airflow/example_dags/example_task_group_decorator.py
[2025-02-24T20:07:38.982+0000] {processor.py:925} INFO - DAG(s) 'example_task_group_decorator' retrieved from /home/airflow/.local/lib/python3.12/site-packages/airflow/example_dags/example_task_group_decorator.py
[2025-02-24T20:07:39.008+0000] {logging_mixin.py:190} INFO - [2025-02-24T20:07:39.008+0000] {dag.py:3239} INFO - Sync 1 DAGs
[2025-02-24T20:07:39.025+0000] {logging_mixin.py:190} INFO - [2025-02-24T20:07:39.024+0000] {dag.py:4180} INFO - Setting next_dagrun for example_task_group_decorator to None, run_after=None
[2025-02-24T20:07:39.046+0000] {processor.py:208} INFO - Processing /home/airflow/.local/lib/python3.12/site-packages/airflow/example_dags/example_task_group_decorator.py took 0.092 seconds
[2025-02-24T20:08:10.290+0000] {processor.py:186} INFO - Started process (PID=1002) to work on /home/airflow/.local/lib/python3.12/site-packages/airflow/example_dags/example_task_group_decorator.py
[2025-02-24T20:08:10.292+0000] {processor.py:914} INFO - Processing file /home/airflow/.local/lib/python3.12/site-packages/airflow/example_dags/example_task_group_decorator.py for tasks to queue
[2025-02-24T20:08:10.295+0000] {logging_mixin.py:190} INFO - [2025-02-24T20:08:10.294+0000] {dagbag.py:588} INFO - Filling up the DagBag from /home/airflow/.local/lib/python3.12/site-packages/airflow/example_dags/example_task_group_decorator.py
[2025-02-24T20:08:10.323+0000] {processor.py:925} INFO - DAG(s) 'example_task_group_decorator' retrieved from /home/airflow/.local/lib/python3.12/site-packages/airflow/example_dags/example_task_group_decorator.py
[2025-02-24T20:08:10.358+0000] {logging_mixin.py:190} INFO - [2025-02-24T20:08:10.358+0000] {dag.py:3239} INFO - Sync 1 DAGs
[2025-02-24T20:08:10.382+0000] {logging_mixin.py:190} INFO - [2025-02-24T20:08:10.381+0000] {dag.py:4180} INFO - Setting next_dagrun for example_task_group_decorator to None, run_after=None
[2025-02-24T20:08:10.411+0000] {processor.py:208} INFO - Processing /home/airflow/.local/lib/python3.12/site-packages/airflow/example_dags/example_task_group_decorator.py took 0.129 seconds
[2025-02-24T20:08:41.946+0000] {processor.py:186} INFO - Started process (PID=1071) to work on /home/airflow/.local/lib/python3.12/site-packages/airflow/example_dags/example_task_group_decorator.py
[2025-02-24T20:08:41.947+0000] {processor.py:914} INFO - Processing file /home/airflow/.local/lib/python3.12/site-packages/airflow/example_dags/example_task_group_decorator.py for tasks to queue
[2025-02-24T20:08:41.950+0000] {logging_mixin.py:190} INFO - [2025-02-24T20:08:41.950+0000] {dagbag.py:588} INFO - Filling up the DagBag from /home/airflow/.local/lib/python3.12/site-packages/airflow/example_dags/example_task_group_decorator.py
[2025-02-24T20:08:41.975+0000] {processor.py:925} INFO - DAG(s) 'example_task_group_decorator' retrieved from /home/airflow/.local/lib/python3.12/site-packages/airflow/example_dags/example_task_group_decorator.py
[2025-02-24T20:08:42.001+0000] {logging_mixin.py:190} INFO - [2025-02-24T20:08:42.001+0000] {dag.py:3239} INFO - Sync 1 DAGs
[2025-02-24T20:08:42.018+0000] {logging_mixin.py:190} INFO - [2025-02-24T20:08:42.017+0000] {dag.py:4180} INFO - Setting next_dagrun for example_task_group_decorator to None, run_after=None
[2025-02-24T20:08:42.042+0000] {processor.py:208} INFO - Processing /home/airflow/.local/lib/python3.12/site-packages/airflow/example_dags/example_task_group_decorator.py took 0.103 seconds
[2025-02-24T20:09:12.756+0000] {processor.py:186} INFO - Started process (PID=1134) to work on /home/airflow/.local/lib/python3.12/site-packages/airflow/example_dags/example_task_group_decorator.py
[2025-02-24T20:09:12.757+0000] {processor.py:914} INFO - Processing file /home/airflow/.local/lib/python3.12/site-packages/airflow/example_dags/example_task_group_decorator.py for tasks to queue
[2025-02-24T20:09:12.761+0000] {logging_mixin.py:190} INFO - [2025-02-24T20:09:12.760+0000] {dagbag.py:588} INFO - Filling up the DagBag from /home/airflow/.local/lib/python3.12/site-packages/airflow/example_dags/example_task_group_decorator.py
[2025-02-24T20:09:12.778+0000] {processor.py:925} INFO - DAG(s) 'example_task_group_decorator' retrieved from /home/airflow/.local/lib/python3.12/site-packages/airflow/example_dags/example_task_group_decorator.py
[2025-02-24T20:09:12.805+0000] {logging_mixin.py:190} INFO - [2025-02-24T20:09:12.805+0000] {dag.py:3239} INFO - Sync 1 DAGs
[2025-02-24T20:09:12.822+0000] {logging_mixin.py:190} INFO - [2025-02-24T20:09:12.822+0000] {dag.py:4180} INFO - Setting next_dagrun for example_task_group_decorator to None, run_after=None
[2025-02-24T20:09:12.844+0000] {processor.py:208} INFO - Processing /home/airflow/.local/lib/python3.12/site-packages/airflow/example_dags/example_task_group_decorator.py took 0.095 seconds
[2025-02-24T20:09:44.242+0000] {processor.py:186} INFO - Started process (PID=1200) to work on /home/airflow/.local/lib/python3.12/site-packages/airflow/example_dags/example_task_group_decorator.py
[2025-02-24T20:09:44.243+0000] {processor.py:914} INFO - Processing file /home/airflow/.local/lib/python3.12/site-packages/airflow/example_dags/example_task_group_decorator.py for tasks to queue
[2025-02-24T20:09:44.245+0000] {logging_mixin.py:190} INFO - [2025-02-24T20:09:44.245+0000] {dagbag.py:588} INFO - Filling up the DagBag from /home/airflow/.local/lib/python3.12/site-packages/airflow/example_dags/example_task_group_decorator.py
[2025-02-24T20:09:44.265+0000] {processor.py:925} INFO - DAG(s) 'example_task_group_decorator' retrieved from /home/airflow/.local/lib/python3.12/site-packages/airflow/example_dags/example_task_group_decorator.py
[2025-02-24T20:09:44.291+0000] {logging_mixin.py:190} INFO - [2025-02-24T20:09:44.291+0000] {dag.py:3239} INFO - Sync 1 DAGs
[2025-02-24T20:09:44.308+0000] {logging_mixin.py:190} INFO - [2025-02-24T20:09:44.307+0000] {dag.py:4180} INFO - Setting next_dagrun for example_task_group_decorator to None, run_after=None
[2025-02-24T20:09:44.328+0000] {processor.py:208} INFO - Processing /home/airflow/.local/lib/python3.12/site-packages/airflow/example_dags/example_task_group_decorator.py took 0.092 seconds
[2025-02-24T20:10:15.694+0000] {processor.py:186} INFO - Started process (PID=1263) to work on /home/airflow/.local/lib/python3.12/site-packages/airflow/example_dags/example_task_group_decorator.py
[2025-02-24T20:10:15.695+0000] {processor.py:914} INFO - Processing file /home/airflow/.local/lib/python3.12/site-packages/airflow/example_dags/example_task_group_decorator.py for tasks to queue
[2025-02-24T20:10:15.698+0000] {logging_mixin.py:190} INFO - [2025-02-24T20:10:15.698+0000] {dagbag.py:588} INFO - Filling up the DagBag from /home/airflow/.local/lib/python3.12/site-packages/airflow/example_dags/example_task_group_decorator.py
[2025-02-24T20:10:15.713+0000] {processor.py:925} INFO - DAG(s) 'example_task_group_decorator' retrieved from /home/airflow/.local/lib/python3.12/site-packages/airflow/example_dags/example_task_group_decorator.py
[2025-02-24T20:10:15.739+0000] {logging_mixin.py:190} INFO - [2025-02-24T20:10:15.739+0000] {dag.py:3239} INFO - Sync 1 DAGs
[2025-02-24T20:10:15.754+0000] {logging_mixin.py:190} INFO - [2025-02-24T20:10:15.753+0000] {dag.py:4180} INFO - Setting next_dagrun for example_task_group_decorator to None, run_after=None
[2025-02-24T20:10:15.775+0000] {processor.py:208} INFO - Processing /home/airflow/.local/lib/python3.12/site-packages/airflow/example_dags/example_task_group_decorator.py took 0.086 seconds
[2025-02-24T20:10:47.149+0000] {processor.py:186} INFO - Started process (PID=1329) to work on /home/airflow/.local/lib/python3.12/site-packages/airflow/example_dags/example_task_group_decorator.py
[2025-02-24T20:10:47.150+0000] {processor.py:914} INFO - Processing file /home/airflow/.local/lib/python3.12/site-packages/airflow/example_dags/example_task_group_decorator.py for tasks to queue
[2025-02-24T20:10:47.153+0000] {logging_mixin.py:190} INFO - [2025-02-24T20:10:47.153+0000] {dagbag.py:588} INFO - Filling up the DagBag from /home/airflow/.local/lib/python3.12/site-packages/airflow/example_dags/example_task_group_decorator.py
[2025-02-24T20:10:47.177+0000] {processor.py:925} INFO - DAG(s) 'example_task_group_decorator' retrieved from /home/airflow/.local/lib/python3.12/site-packages/airflow/example_dags/example_task_group_decorator.py
[2025-02-24T20:10:47.209+0000] {logging_mixin.py:190} INFO - [2025-02-24T20:10:47.208+0000] {dag.py:3239} INFO - Sync 1 DAGs
[2025-02-24T20:10:47.227+0000] {logging_mixin.py:190} INFO - [2025-02-24T20:10:47.227+0000] {dag.py:4180} INFO - Setting next_dagrun for example_task_group_decorator to None, run_after=None
[2025-02-24T20:10:47.250+0000] {processor.py:208} INFO - Processing /home/airflow/.local/lib/python3.12/site-packages/airflow/example_dags/example_task_group_decorator.py took 0.107 seconds
[2025-02-24T20:11:18.657+0000] {processor.py:186} INFO - Started process (PID=1393) to work on /home/airflow/.local/lib/python3.12/site-packages/airflow/example_dags/example_task_group_decorator.py
[2025-02-24T20:11:18.658+0000] {processor.py:914} INFO - Processing file /home/airflow/.local/lib/python3.12/site-packages/airflow/example_dags/example_task_group_decorator.py for tasks to queue
[2025-02-24T20:11:18.661+0000] {logging_mixin.py:190} INFO - [2025-02-24T20:11:18.660+0000] {dagbag.py:588} INFO - Filling up the DagBag from /home/airflow/.local/lib/python3.12/site-packages/airflow/example_dags/example_task_group_decorator.py
[2025-02-24T20:11:18.676+0000] {processor.py:925} INFO - DAG(s) 'example_task_group_decorator' retrieved from /home/airflow/.local/lib/python3.12/site-packages/airflow/example_dags/example_task_group_decorator.py
[2025-02-24T20:11:18.704+0000] {logging_mixin.py:190} INFO - [2025-02-24T20:11:18.703+0000] {dag.py:3239} INFO - Sync 1 DAGs
[2025-02-24T20:11:18.719+0000] {logging_mixin.py:190} INFO - [2025-02-24T20:11:18.718+0000] {dag.py:4180} INFO - Setting next_dagrun for example_task_group_decorator to None, run_after=None
[2025-02-24T20:11:18.752+0000] {processor.py:208} INFO - Processing /home/airflow/.local/lib/python3.12/site-packages/airflow/example_dags/example_task_group_decorator.py took 0.101 seconds
[2025-02-24T20:11:50.970+0000] {processor.py:186} INFO - Started process (PID=1459) to work on /home/airflow/.local/lib/python3.12/site-packages/airflow/example_dags/example_task_group_decorator.py
[2025-02-24T20:11:50.972+0000] {processor.py:914} INFO - Processing file /home/airflow/.local/lib/python3.12/site-packages/airflow/example_dags/example_task_group_decorator.py for tasks to queue
[2025-02-24T20:11:50.975+0000] {logging_mixin.py:190} INFO - [2025-02-24T20:11:50.974+0000] {dagbag.py:588} INFO - Filling up the DagBag from /home/airflow/.local/lib/python3.12/site-packages/airflow/example_dags/example_task_group_decorator.py
[2025-02-24T20:11:50.993+0000] {processor.py:925} INFO - DAG(s) 'example_task_group_decorator' retrieved from /home/airflow/.local/lib/python3.12/site-packages/airflow/example_dags/example_task_group_decorator.py
[2025-02-24T20:11:51.021+0000] {logging_mixin.py:190} INFO - [2025-02-24T20:11:51.021+0000] {dag.py:3239} INFO - Sync 1 DAGs
[2025-02-24T20:11:51.037+0000] {logging_mixin.py:190} INFO - [2025-02-24T20:11:51.036+0000] {dag.py:4180} INFO - Setting next_dagrun for example_task_group_decorator to None, run_after=None
[2025-02-24T20:11:51.057+0000] {processor.py:208} INFO - Processing /home/airflow/.local/lib/python3.12/site-packages/airflow/example_dags/example_task_group_decorator.py took 0.094 seconds
[2025-02-24T20:12:21.387+0000] {processor.py:186} INFO - Started process (PID=1522) to work on /home/airflow/.local/lib/python3.12/site-packages/airflow/example_dags/example_task_group_decorator.py
[2025-02-24T20:12:21.388+0000] {processor.py:914} INFO - Processing file /home/airflow/.local/lib/python3.12/site-packages/airflow/example_dags/example_task_group_decorator.py for tasks to queue
[2025-02-24T20:12:21.391+0000] {logging_mixin.py:190} INFO - [2025-02-24T20:12:21.390+0000] {dagbag.py:588} INFO - Filling up the DagBag from /home/airflow/.local/lib/python3.12/site-packages/airflow/example_dags/example_task_group_decorator.py
[2025-02-24T20:12:21.407+0000] {processor.py:925} INFO - DAG(s) 'example_task_group_decorator' retrieved from /home/airflow/.local/lib/python3.12/site-packages/airflow/example_dags/example_task_group_decorator.py
[2025-02-24T20:12:21.434+0000] {logging_mixin.py:190} INFO - [2025-02-24T20:12:21.433+0000] {dag.py:3239} INFO - Sync 1 DAGs
[2025-02-24T20:12:21.449+0000] {logging_mixin.py:190} INFO - [2025-02-24T20:12:21.449+0000] {dag.py:4180} INFO - Setting next_dagrun for example_task_group_decorator to None, run_after=None
[2025-02-24T20:12:21.469+0000] {processor.py:208} INFO - Processing /home/airflow/.local/lib/python3.12/site-packages/airflow/example_dags/example_task_group_decorator.py took 0.089 seconds
[2025-02-24T20:12:53.091+0000] {processor.py:186} INFO - Started process (PID=1591) to work on /home/airflow/.local/lib/python3.12/site-packages/airflow/example_dags/example_task_group_decorator.py
[2025-02-24T20:12:53.092+0000] {processor.py:914} INFO - Processing file /home/airflow/.local/lib/python3.12/site-packages/airflow/example_dags/example_task_group_decorator.py for tasks to queue
[2025-02-24T20:12:53.095+0000] {logging_mixin.py:190} INFO - [2025-02-24T20:12:53.094+0000] {dagbag.py:588} INFO - Filling up the DagBag from /home/airflow/.local/lib/python3.12/site-packages/airflow/example_dags/example_task_group_decorator.py
[2025-02-24T20:12:53.111+0000] {processor.py:925} INFO - DAG(s) 'example_task_group_decorator' retrieved from /home/airflow/.local/lib/python3.12/site-packages/airflow/example_dags/example_task_group_decorator.py
[2025-02-24T20:12:53.136+0000] {logging_mixin.py:190} INFO - [2025-02-24T20:12:53.135+0000] {dag.py:3239} INFO - Sync 1 DAGs
[2025-02-24T20:12:53.151+0000] {logging_mixin.py:190} INFO - [2025-02-24T20:12:53.151+0000] {dag.py:4180} INFO - Setting next_dagrun for example_task_group_decorator to None, run_after=None
[2025-02-24T20:12:53.173+0000] {processor.py:208} INFO - Processing /home/airflow/.local/lib/python3.12/site-packages/airflow/example_dags/example_task_group_decorator.py took 0.088 seconds
[2025-02-24T20:13:25.832+0000] {processor.py:186} INFO - Started process (PID=1658) to work on /home/airflow/.local/lib/python3.12/site-packages/airflow/example_dags/example_task_group_decorator.py
[2025-02-24T20:13:25.833+0000] {processor.py:914} INFO - Processing file /home/airflow/.local/lib/python3.12/site-packages/airflow/example_dags/example_task_group_decorator.py for tasks to queue
[2025-02-24T20:13:25.835+0000] {logging_mixin.py:190} INFO - [2025-02-24T20:13:25.835+0000] {dagbag.py:588} INFO - Filling up the DagBag from /home/airflow/.local/lib/python3.12/site-packages/airflow/example_dags/example_task_group_decorator.py
[2025-02-24T20:13:25.850+0000] {processor.py:925} INFO - DAG(s) 'example_task_group_decorator' retrieved from /home/airflow/.local/lib/python3.12/site-packages/airflow/example_dags/example_task_group_decorator.py
[2025-02-24T20:13:25.876+0000] {logging_mixin.py:190} INFO - [2025-02-24T20:13:25.876+0000] {dag.py:3239} INFO - Sync 1 DAGs
[2025-02-24T20:13:25.891+0000] {logging_mixin.py:190} INFO - [2025-02-24T20:13:25.891+0000] {dag.py:4180} INFO - Setting next_dagrun for example_task_group_decorator to None, run_after=None
[2025-02-24T20:13:25.911+0000] {processor.py:208} INFO - Processing /home/airflow/.local/lib/python3.12/site-packages/airflow/example_dags/example_task_group_decorator.py took 0.084 seconds
[2025-02-24T20:13:57.242+0000] {processor.py:186} INFO - Started process (PID=1721) to work on /home/airflow/.local/lib/python3.12/site-packages/airflow/example_dags/example_task_group_decorator.py
[2025-02-24T20:13:57.244+0000] {processor.py:914} INFO - Processing file /home/airflow/.local/lib/python3.12/site-packages/airflow/example_dags/example_task_group_decorator.py for tasks to queue
[2025-02-24T20:13:57.246+0000] {logging_mixin.py:190} INFO - [2025-02-24T20:13:57.246+0000] {dagbag.py:588} INFO - Filling up the DagBag from /home/airflow/.local/lib/python3.12/site-packages/airflow/example_dags/example_task_group_decorator.py
[2025-02-24T20:13:57.261+0000] {processor.py:925} INFO - DAG(s) 'example_task_group_decorator' retrieved from /home/airflow/.local/lib/python3.12/site-packages/airflow/example_dags/example_task_group_decorator.py
[2025-02-24T20:13:57.287+0000] {logging_mixin.py:190} INFO - [2025-02-24T20:13:57.287+0000] {dag.py:3239} INFO - Sync 1 DAGs
[2025-02-24T20:13:57.303+0000] {logging_mixin.py:190} INFO - [2025-02-24T20:13:57.302+0000] {dag.py:4180} INFO - Setting next_dagrun for example_task_group_decorator to None, run_after=None
[2025-02-24T20:13:57.325+0000] {processor.py:208} INFO - Processing /home/airflow/.local/lib/python3.12/site-packages/airflow/example_dags/example_task_group_decorator.py took 0.088 seconds
[2025-02-24T20:14:30.282+0000] {processor.py:186} INFO - Started process (PID=1785) to work on /home/airflow/.local/lib/python3.12/site-packages/airflow/example_dags/example_task_group_decorator.py
[2025-02-24T20:14:30.284+0000] {processor.py:914} INFO - Processing file /home/airflow/.local/lib/python3.12/site-packages/airflow/example_dags/example_task_group_decorator.py for tasks to queue
[2025-02-24T20:14:30.289+0000] {logging_mixin.py:190} INFO - [2025-02-24T20:14:30.288+0000] {dagbag.py:588} INFO - Filling up the DagBag from /home/airflow/.local/lib/python3.12/site-packages/airflow/example_dags/example_task_group_decorator.py
[2025-02-24T20:14:30.318+0000] {processor.py:925} INFO - DAG(s) 'example_task_group_decorator' retrieved from /home/airflow/.local/lib/python3.12/site-packages/airflow/example_dags/example_task_group_decorator.py
[2025-02-24T20:14:30.356+0000] {logging_mixin.py:190} INFO - [2025-02-24T20:14:30.356+0000] {dag.py:3239} INFO - Sync 1 DAGs
[2025-02-24T20:14:30.376+0000] {logging_mixin.py:190} INFO - [2025-02-24T20:14:30.375+0000] {dag.py:4180} INFO - Setting next_dagrun for example_task_group_decorator to None, run_after=None
[2025-02-24T20:14:30.401+0000] {processor.py:208} INFO - Processing /home/airflow/.local/lib/python3.12/site-packages/airflow/example_dags/example_task_group_decorator.py took 0.126 seconds
[2025-02-24T20:15:03.538+0000] {processor.py:186} INFO - Started process (PID=1848) to work on /home/airflow/.local/lib/python3.12/site-packages/airflow/example_dags/example_task_group_decorator.py
[2025-02-24T20:15:03.539+0000] {processor.py:914} INFO - Processing file /home/airflow/.local/lib/python3.12/site-packages/airflow/example_dags/example_task_group_decorator.py for tasks to queue
[2025-02-24T20:15:03.542+0000] {logging_mixin.py:190} INFO - [2025-02-24T20:15:03.542+0000] {dagbag.py:588} INFO - Filling up the DagBag from /home/airflow/.local/lib/python3.12/site-packages/airflow/example_dags/example_task_group_decorator.py
[2025-02-24T20:15:03.566+0000] {processor.py:925} INFO - DAG(s) 'example_task_group_decorator' retrieved from /home/airflow/.local/lib/python3.12/site-packages/airflow/example_dags/example_task_group_decorator.py
[2025-02-24T20:15:03.602+0000] {logging_mixin.py:190} INFO - [2025-02-24T20:15:03.601+0000] {dag.py:3239} INFO - Sync 1 DAGs
[2025-02-24T20:15:03.626+0000] {logging_mixin.py:190} INFO - [2025-02-24T20:15:03.625+0000] {dag.py:4180} INFO - Setting next_dagrun for example_task_group_decorator to None, run_after=None
[2025-02-24T20:15:03.663+0000] {processor.py:208} INFO - Processing /home/airflow/.local/lib/python3.12/site-packages/airflow/example_dags/example_task_group_decorator.py took 0.133 seconds
[2025-02-24T20:15:35.891+0000] {processor.py:186} INFO - Started process (PID=1911) to work on /home/airflow/.local/lib/python3.12/site-packages/airflow/example_dags/example_task_group_decorator.py
[2025-02-24T20:15:35.894+0000] {processor.py:914} INFO - Processing file /home/airflow/.local/lib/python3.12/site-packages/airflow/example_dags/example_task_group_decorator.py for tasks to queue
[2025-02-24T20:15:35.899+0000] {logging_mixin.py:190} INFO - [2025-02-24T20:15:35.898+0000] {dagbag.py:588} INFO - Filling up the DagBag from /home/airflow/.local/lib/python3.12/site-packages/airflow/example_dags/example_task_group_decorator.py
[2025-02-24T20:15:35.949+0000] {processor.py:925} INFO - DAG(s) 'example_task_group_decorator' retrieved from /home/airflow/.local/lib/python3.12/site-packages/airflow/example_dags/example_task_group_decorator.py
[2025-02-24T20:15:36.007+0000] {logging_mixin.py:190} INFO - [2025-02-24T20:15:36.007+0000] {dag.py:3239} INFO - Sync 1 DAGs
[2025-02-24T20:15:36.040+0000] {logging_mixin.py:190} INFO - [2025-02-24T20:15:36.039+0000] {dag.py:4180} INFO - Setting next_dagrun for example_task_group_decorator to None, run_after=None
[2025-02-24T20:15:36.076+0000] {processor.py:208} INFO - Processing /home/airflow/.local/lib/python3.12/site-packages/airflow/example_dags/example_task_group_decorator.py took 0.200 seconds
[2025-02-24T20:16:08.189+0000] {processor.py:186} INFO - Started process (PID=1974) to work on /home/airflow/.local/lib/python3.12/site-packages/airflow/example_dags/example_task_group_decorator.py
[2025-02-24T20:16:08.191+0000] {processor.py:914} INFO - Processing file /home/airflow/.local/lib/python3.12/site-packages/airflow/example_dags/example_task_group_decorator.py for tasks to queue
[2025-02-24T20:16:08.196+0000] {logging_mixin.py:190} INFO - [2025-02-24T20:16:08.196+0000] {dagbag.py:588} INFO - Filling up the DagBag from /home/airflow/.local/lib/python3.12/site-packages/airflow/example_dags/example_task_group_decorator.py
[2025-02-24T20:16:08.232+0000] {processor.py:925} INFO - DAG(s) 'example_task_group_decorator' retrieved from /home/airflow/.local/lib/python3.12/site-packages/airflow/example_dags/example_task_group_decorator.py
[2025-02-24T20:16:08.282+0000] {logging_mixin.py:190} INFO - [2025-02-24T20:16:08.281+0000] {dag.py:3239} INFO - Sync 1 DAGs
[2025-02-24T20:16:08.309+0000] {logging_mixin.py:190} INFO - [2025-02-24T20:16:08.309+0000] {dag.py:4180} INFO - Setting next_dagrun for example_task_group_decorator to None, run_after=None
[2025-02-24T20:16:08.371+0000] {processor.py:208} INFO - Processing /home/airflow/.local/lib/python3.12/site-packages/airflow/example_dags/example_task_group_decorator.py took 0.193 seconds
[2025-02-24T20:16:38.991+0000] {processor.py:186} INFO - Started process (PID=2036) to work on /home/airflow/.local/lib/python3.12/site-packages/airflow/example_dags/example_task_group_decorator.py
[2025-02-24T20:16:38.993+0000] {processor.py:914} INFO - Processing file /home/airflow/.local/lib/python3.12/site-packages/airflow/example_dags/example_task_group_decorator.py for tasks to queue
[2025-02-24T20:16:38.997+0000] {logging_mixin.py:190} INFO - [2025-02-24T20:16:38.997+0000] {dagbag.py:588} INFO - Filling up the DagBag from /home/airflow/.local/lib/python3.12/site-packages/airflow/example_dags/example_task_group_decorator.py
[2025-02-24T20:16:39.021+0000] {processor.py:925} INFO - DAG(s) 'example_task_group_decorator' retrieved from /home/airflow/.local/lib/python3.12/site-packages/airflow/example_dags/example_task_group_decorator.py
[2025-02-24T20:16:39.058+0000] {logging_mixin.py:190} INFO - [2025-02-24T20:16:39.058+0000] {dag.py:3239} INFO - Sync 1 DAGs
[2025-02-24T20:16:39.085+0000] {logging_mixin.py:190} INFO - [2025-02-24T20:16:39.085+0000] {dag.py:4180} INFO - Setting next_dagrun for example_task_group_decorator to None, run_after=None
[2025-02-24T20:16:39.119+0000] {processor.py:208} INFO - Processing /home/airflow/.local/lib/python3.12/site-packages/airflow/example_dags/example_task_group_decorator.py took 0.139 seconds
[2025-02-24T20:17:10.710+0000] {processor.py:186} INFO - Started process (PID=2099) to work on /home/airflow/.local/lib/python3.12/site-packages/airflow/example_dags/example_task_group_decorator.py
[2025-02-24T20:17:10.711+0000] {processor.py:914} INFO - Processing file /home/airflow/.local/lib/python3.12/site-packages/airflow/example_dags/example_task_group_decorator.py for tasks to queue
[2025-02-24T20:17:10.715+0000] {logging_mixin.py:190} INFO - [2025-02-24T20:17:10.714+0000] {dagbag.py:588} INFO - Filling up the DagBag from /home/airflow/.local/lib/python3.12/site-packages/airflow/example_dags/example_task_group_decorator.py
[2025-02-24T20:17:10.739+0000] {processor.py:925} INFO - DAG(s) 'example_task_group_decorator' retrieved from /home/airflow/.local/lib/python3.12/site-packages/airflow/example_dags/example_task_group_decorator.py
[2025-02-24T20:17:10.779+0000] {logging_mixin.py:190} INFO - [2025-02-24T20:17:10.778+0000] {dag.py:3239} INFO - Sync 1 DAGs
[2025-02-24T20:17:10.808+0000] {logging_mixin.py:190} INFO - [2025-02-24T20:17:10.808+0000] {dag.py:4180} INFO - Setting next_dagrun for example_task_group_decorator to None, run_after=None
[2025-02-24T20:17:10.840+0000] {processor.py:208} INFO - Processing /home/airflow/.local/lib/python3.12/site-packages/airflow/example_dags/example_task_group_decorator.py took 0.139 seconds
[2025-02-24T20:17:41.591+0000] {processor.py:186} INFO - Started process (PID=2162) to work on /home/airflow/.local/lib/python3.12/site-packages/airflow/example_dags/example_task_group_decorator.py
[2025-02-24T20:17:41.594+0000] {processor.py:914} INFO - Processing file /home/airflow/.local/lib/python3.12/site-packages/airflow/example_dags/example_task_group_decorator.py for tasks to queue
[2025-02-24T20:17:41.601+0000] {logging_mixin.py:190} INFO - [2025-02-24T20:17:41.600+0000] {dagbag.py:588} INFO - Filling up the DagBag from /home/airflow/.local/lib/python3.12/site-packages/airflow/example_dags/example_task_group_decorator.py
[2025-02-24T20:17:41.666+0000] {processor.py:925} INFO - DAG(s) 'example_task_group_decorator' retrieved from /home/airflow/.local/lib/python3.12/site-packages/airflow/example_dags/example_task_group_decorator.py
[2025-02-24T20:17:41.738+0000] {logging_mixin.py:190} INFO - [2025-02-24T20:17:41.738+0000] {dag.py:3239} INFO - Sync 1 DAGs
[2025-02-24T20:17:41.770+0000] {logging_mixin.py:190} INFO - [2025-02-24T20:17:41.769+0000] {dag.py:4180} INFO - Setting next_dagrun for example_task_group_decorator to None, run_after=None
[2025-02-24T20:17:41.809+0000] {processor.py:208} INFO - Processing /home/airflow/.local/lib/python3.12/site-packages/airflow/example_dags/example_task_group_decorator.py took 0.234 seconds
[2025-02-24T20:18:12.743+0000] {processor.py:186} INFO - Started process (PID=2225) to work on /home/airflow/.local/lib/python3.12/site-packages/airflow/example_dags/example_task_group_decorator.py
[2025-02-24T20:18:12.745+0000] {processor.py:914} INFO - Processing file /home/airflow/.local/lib/python3.12/site-packages/airflow/example_dags/example_task_group_decorator.py for tasks to queue
[2025-02-24T20:18:12.748+0000] {logging_mixin.py:190} INFO - [2025-02-24T20:18:12.747+0000] {dagbag.py:588} INFO - Filling up the DagBag from /home/airflow/.local/lib/python3.12/site-packages/airflow/example_dags/example_task_group_decorator.py
[2025-02-24T20:18:12.773+0000] {processor.py:925} INFO - DAG(s) 'example_task_group_decorator' retrieved from /home/airflow/.local/lib/python3.12/site-packages/airflow/example_dags/example_task_group_decorator.py
[2025-02-24T20:18:12.820+0000] {logging_mixin.py:190} INFO - [2025-02-24T20:18:12.819+0000] {dag.py:3239} INFO - Sync 1 DAGs
[2025-02-24T20:18:12.856+0000] {logging_mixin.py:190} INFO - [2025-02-24T20:18:12.856+0000] {dag.py:4180} INFO - Setting next_dagrun for example_task_group_decorator to None, run_after=None
[2025-02-24T20:18:12.906+0000] {processor.py:208} INFO - Processing /home/airflow/.local/lib/python3.12/site-packages/airflow/example_dags/example_task_group_decorator.py took 0.174 seconds
[2025-02-24T20:18:43.142+0000] {processor.py:186} INFO - Started process (PID=2287) to work on /home/airflow/.local/lib/python3.12/site-packages/airflow/example_dags/example_task_group_decorator.py
[2025-02-24T20:18:43.144+0000] {processor.py:914} INFO - Processing file /home/airflow/.local/lib/python3.12/site-packages/airflow/example_dags/example_task_group_decorator.py for tasks to queue
[2025-02-24T20:18:43.147+0000] {logging_mixin.py:190} INFO - [2025-02-24T20:18:43.146+0000] {dagbag.py:588} INFO - Filling up the DagBag from /home/airflow/.local/lib/python3.12/site-packages/airflow/example_dags/example_task_group_decorator.py
[2025-02-24T20:18:43.172+0000] {processor.py:925} INFO - DAG(s) 'example_task_group_decorator' retrieved from /home/airflow/.local/lib/python3.12/site-packages/airflow/example_dags/example_task_group_decorator.py
[2025-02-24T20:18:43.209+0000] {logging_mixin.py:190} INFO - [2025-02-24T20:18:43.209+0000] {dag.py:3239} INFO - Sync 1 DAGs
[2025-02-24T20:18:43.236+0000] {logging_mixin.py:190} INFO - [2025-02-24T20:18:43.236+0000] {dag.py:4180} INFO - Setting next_dagrun for example_task_group_decorator to None, run_after=None
[2025-02-24T20:18:43.277+0000] {processor.py:208} INFO - Processing /home/airflow/.local/lib/python3.12/site-packages/airflow/example_dags/example_task_group_decorator.py took 0.144 seconds
[2025-02-24T20:19:13.827+0000] {processor.py:186} INFO - Started process (PID=2350) to work on /home/airflow/.local/lib/python3.12/site-packages/airflow/example_dags/example_task_group_decorator.py
[2025-02-24T20:19:13.829+0000] {processor.py:914} INFO - Processing file /home/airflow/.local/lib/python3.12/site-packages/airflow/example_dags/example_task_group_decorator.py for tasks to queue
[2025-02-24T20:19:13.833+0000] {logging_mixin.py:190} INFO - [2025-02-24T20:19:13.833+0000] {dagbag.py:588} INFO - Filling up the DagBag from /home/airflow/.local/lib/python3.12/site-packages/airflow/example_dags/example_task_group_decorator.py
[2025-02-24T20:19:13.862+0000] {processor.py:925} INFO - DAG(s) 'example_task_group_decorator' retrieved from /home/airflow/.local/lib/python3.12/site-packages/airflow/example_dags/example_task_group_decorator.py
[2025-02-24T20:19:13.901+0000] {logging_mixin.py:190} INFO - [2025-02-24T20:19:13.900+0000] {dag.py:3239} INFO - Sync 1 DAGs
[2025-02-24T20:19:13.925+0000] {logging_mixin.py:190} INFO - [2025-02-24T20:19:13.925+0000] {dag.py:4180} INFO - Setting next_dagrun for example_task_group_decorator to None, run_after=None
[2025-02-24T20:19:13.955+0000] {processor.py:208} INFO - Processing /home/airflow/.local/lib/python3.12/site-packages/airflow/example_dags/example_task_group_decorator.py took 0.138 seconds
[2025-02-24T21:46:33.278+0000] {processor.py:186} INFO - Started process (PID=295) to work on /home/airflow/.local/lib/python3.12/site-packages/airflow/example_dags/example_task_group_decorator.py
[2025-02-24T21:46:33.281+0000] {processor.py:914} INFO - Processing file /home/airflow/.local/lib/python3.12/site-packages/airflow/example_dags/example_task_group_decorator.py for tasks to queue
[2025-02-24T21:46:33.286+0000] {logging_mixin.py:190} INFO - [2025-02-24T21:46:33.285+0000] {dagbag.py:588} INFO - Filling up the DagBag from /home/airflow/.local/lib/python3.12/site-packages/airflow/example_dags/example_task_group_decorator.py
[2025-02-24T21:46:33.381+0000] {processor.py:925} INFO - DAG(s) 'example_task_group_decorator' retrieved from /home/airflow/.local/lib/python3.12/site-packages/airflow/example_dags/example_task_group_decorator.py
[2025-02-24T21:46:36.984+0000] {logging_mixin.py:190} INFO - [2025-02-24T21:46:36.982+0000] {override.py:1912} INFO - Created Permission View: can edit on DAG:example_task_group_decorator
[2025-02-24T21:46:37.033+0000] {logging_mixin.py:190} INFO - [2025-02-24T21:46:37.033+0000] {override.py:1912} INFO - Created Permission View: can read on DAG:example_task_group_decorator
[2025-02-24T21:46:37.068+0000] {logging_mixin.py:190} INFO - [2025-02-24T21:46:37.067+0000] {override.py:1912} INFO - Created Permission View: can delete on DAG:example_task_group_decorator
[2025-02-24T21:46:37.081+0000] {logging_mixin.py:190} INFO - [2025-02-24T21:46:37.081+0000] {override.py:1912} INFO - Created Permission View: can delete on DAG Run:example_task_group_decorator
[2025-02-24T21:46:37.109+0000] {logging_mixin.py:190} INFO - [2025-02-24T21:46:37.109+0000] {override.py:1912} INFO - Created Permission View: can read on DAG Run:example_task_group_decorator
[2025-02-24T21:46:37.125+0000] {logging_mixin.py:190} INFO - [2025-02-24T21:46:37.124+0000] {override.py:1912} INFO - Created Permission View: can create on DAG Run:example_task_group_decorator
[2025-02-24T21:46:37.148+0000] {logging_mixin.py:190} INFO - [2025-02-24T21:46:37.147+0000] {override.py:1912} INFO - Created Permission View: menu access on DAG Run:example_task_group_decorator
[2025-02-24T21:46:37.154+0000] {logging_mixin.py:190} INFO - [2025-02-24T21:46:37.154+0000] {dag.py:3239} INFO - Sync 1 DAGs
[2025-02-24T21:46:37.190+0000] {logging_mixin.py:190} INFO - [2025-02-24T21:46:37.190+0000] {dag.py:3262} INFO - Creating ORM DAG for example_task_group_decorator
[2025-02-24T21:46:37.202+0000] {logging_mixin.py:190} INFO - [2025-02-24T21:46:37.201+0000] {dag.py:4180} INFO - Setting next_dagrun for example_task_group_decorator to None, run_after=None
[2025-02-24T21:46:37.268+0000] {processor.py:208} INFO - Processing /home/airflow/.local/lib/python3.12/site-packages/airflow/example_dags/example_task_group_decorator.py took 3.595 seconds
