[2025-02-24T20:00:34.049+0000] {processor.py:186} INFO - Started process (PID=80) to work on /home/airflow/.local/lib/python3.12/site-packages/airflow/example_dags/example_nested_branch_dag.py
[2025-02-24T20:00:34.051+0000] {processor.py:914} INFO - Processing file /home/airflow/.local/lib/python3.12/site-packages/airflow/example_dags/example_nested_branch_dag.py for tasks to queue
[2025-02-24T20:00:34.055+0000] {logging_mixin.py:190} INFO - [2025-02-24T20:00:34.054+0000] {dagbag.py:588} INFO - Filling up the DagBag from /home/airflow/.local/lib/python3.12/site-packages/airflow/example_dags/example_nested_branch_dag.py
[2025-02-24T20:00:34.080+0000] {processor.py:925} INFO - DAG(s) 'example_nested_branch_dag' retrieved from /home/airflow/.local/lib/python3.12/site-packages/airflow/example_dags/example_nested_branch_dag.py
[2025-02-24T20:00:34.426+0000] {logging_mixin.py:190} INFO - [2025-02-24T20:00:34.425+0000] {override.py:1912} INFO - Created Permission View: can edit on DAG:example_nested_branch_dag
[2025-02-24T20:00:34.443+0000] {logging_mixin.py:190} INFO - [2025-02-24T20:00:34.442+0000] {override.py:1912} INFO - Created Permission View: can delete on DAG:example_nested_branch_dag
[2025-02-24T20:00:34.453+0000] {logging_mixin.py:190} INFO - [2025-02-24T20:00:34.452+0000] {override.py:1912} INFO - Created Permission View: can read on DAG:example_nested_branch_dag
[2025-02-24T20:00:34.463+0000] {logging_mixin.py:190} INFO - [2025-02-24T20:00:34.463+0000] {override.py:1912} INFO - Created Permission View: can delete on DAG Run:example_nested_branch_dag
[2025-02-24T20:00:34.475+0000] {logging_mixin.py:190} INFO - [2025-02-24T20:00:34.474+0000] {override.py:1912} INFO - Created Permission View: can create on DAG Run:example_nested_branch_dag
[2025-02-24T20:00:34.486+0000] {logging_mixin.py:190} INFO - [2025-02-24T20:00:34.485+0000] {override.py:1912} INFO - Created Permission View: menu access on DAG Run:example_nested_branch_dag
[2025-02-24T20:00:34.495+0000] {logging_mixin.py:190} INFO - [2025-02-24T20:00:34.495+0000] {override.py:1912} INFO - Created Permission View: can read on DAG Run:example_nested_branch_dag
[2025-02-24T20:00:34.496+0000] {logging_mixin.py:190} INFO - [2025-02-24T20:00:34.496+0000] {dag.py:3239} INFO - Sync 1 DAGs
[2025-02-24T20:00:34.703+0000] {logging_mixin.py:190} INFO - [2025-02-24T20:00:34.702+0000] {dag.py:3262} INFO - Creating ORM DAG for example_nested_branch_dag
[2025-02-24T20:00:35.025+0000] {logging_mixin.py:190} INFO - [2025-02-24T20:00:35.023+0000] {dag.py:4180} INFO - Setting next_dagrun for example_nested_branch_dag to 2025-02-23 00:00:00+00:00, run_after=2025-02-24 00:00:00+00:00
[2025-02-24T20:00:35.146+0000] {processor.py:208} INFO - Processing /home/airflow/.local/lib/python3.12/site-packages/airflow/example_dags/example_nested_branch_dag.py took 1.106 seconds
[2025-02-24T20:01:05.487+0000] {processor.py:186} INFO - Started process (PID=143) to work on /home/airflow/.local/lib/python3.12/site-packages/airflow/example_dags/example_nested_branch_dag.py
[2025-02-24T20:01:05.488+0000] {processor.py:914} INFO - Processing file /home/airflow/.local/lib/python3.12/site-packages/airflow/example_dags/example_nested_branch_dag.py for tasks to queue
[2025-02-24T20:01:05.493+0000] {logging_mixin.py:190} INFO - [2025-02-24T20:01:05.491+0000] {dagbag.py:588} INFO - Filling up the DagBag from /home/airflow/.local/lib/python3.12/site-packages/airflow/example_dags/example_nested_branch_dag.py
[2025-02-24T20:01:05.528+0000] {processor.py:925} INFO - DAG(s) 'example_nested_branch_dag' retrieved from /home/airflow/.local/lib/python3.12/site-packages/airflow/example_dags/example_nested_branch_dag.py
[2025-02-24T20:01:05.581+0000] {logging_mixin.py:190} INFO - [2025-02-24T20:01:05.581+0000] {dag.py:3239} INFO - Sync 1 DAGs
[2025-02-24T20:01:05.648+0000] {logging_mixin.py:190} INFO - [2025-02-24T20:01:05.648+0000] {dag.py:4180} INFO - Setting next_dagrun for example_nested_branch_dag to 2025-02-23 00:00:00+00:00, run_after=2025-02-24 00:00:00+00:00
[2025-02-24T20:01:05.677+0000] {processor.py:208} INFO - Processing /home/airflow/.local/lib/python3.12/site-packages/airflow/example_dags/example_nested_branch_dag.py took 0.199 seconds
[2025-02-24T20:01:35.777+0000] {processor.py:186} INFO - Started process (PID=206) to work on /home/airflow/.local/lib/python3.12/site-packages/airflow/example_dags/example_nested_branch_dag.py
[2025-02-24T20:01:35.779+0000] {processor.py:914} INFO - Processing file /home/airflow/.local/lib/python3.12/site-packages/airflow/example_dags/example_nested_branch_dag.py for tasks to queue
[2025-02-24T20:01:35.782+0000] {logging_mixin.py:190} INFO - [2025-02-24T20:01:35.781+0000] {dagbag.py:588} INFO - Filling up the DagBag from /home/airflow/.local/lib/python3.12/site-packages/airflow/example_dags/example_nested_branch_dag.py
[2025-02-24T20:01:35.794+0000] {processor.py:925} INFO - DAG(s) 'example_nested_branch_dag' retrieved from /home/airflow/.local/lib/python3.12/site-packages/airflow/example_dags/example_nested_branch_dag.py
[2025-02-24T20:01:35.816+0000] {logging_mixin.py:190} INFO - [2025-02-24T20:01:35.816+0000] {dag.py:3239} INFO - Sync 1 DAGs
[2025-02-24T20:01:35.843+0000] {logging_mixin.py:190} INFO - [2025-02-24T20:01:35.843+0000] {dag.py:4180} INFO - Setting next_dagrun for example_nested_branch_dag to 2025-02-23 00:00:00+00:00, run_after=2025-02-24 00:00:00+00:00
[2025-02-24T20:01:35.867+0000] {processor.py:208} INFO - Processing /home/airflow/.local/lib/python3.12/site-packages/airflow/example_dags/example_nested_branch_dag.py took 0.096 seconds
[2025-02-24T20:02:06.824+0000] {processor.py:186} INFO - Started process (PID=269) to work on /home/airflow/.local/lib/python3.12/site-packages/airflow/example_dags/example_nested_branch_dag.py
[2025-02-24T20:02:06.825+0000] {processor.py:914} INFO - Processing file /home/airflow/.local/lib/python3.12/site-packages/airflow/example_dags/example_nested_branch_dag.py for tasks to queue
[2025-02-24T20:02:06.827+0000] {logging_mixin.py:190} INFO - [2025-02-24T20:02:06.827+0000] {dagbag.py:588} INFO - Filling up the DagBag from /home/airflow/.local/lib/python3.12/site-packages/airflow/example_dags/example_nested_branch_dag.py
[2025-02-24T20:02:06.842+0000] {processor.py:925} INFO - DAG(s) 'example_nested_branch_dag' retrieved from /home/airflow/.local/lib/python3.12/site-packages/airflow/example_dags/example_nested_branch_dag.py
[2025-02-24T20:02:06.864+0000] {logging_mixin.py:190} INFO - [2025-02-24T20:02:06.863+0000] {dag.py:3239} INFO - Sync 1 DAGs
[2025-02-24T20:02:06.890+0000] {logging_mixin.py:190} INFO - [2025-02-24T20:02:06.890+0000] {dag.py:4180} INFO - Setting next_dagrun for example_nested_branch_dag to 2025-02-23 00:00:00+00:00, run_after=2025-02-24 00:00:00+00:00
[2025-02-24T20:02:06.911+0000] {processor.py:208} INFO - Processing /home/airflow/.local/lib/python3.12/site-packages/airflow/example_dags/example_nested_branch_dag.py took 0.093 seconds
[2025-02-24T20:02:37.328+0000] {processor.py:186} INFO - Started process (PID=325) to work on /home/airflow/.local/lib/python3.12/site-packages/airflow/example_dags/example_nested_branch_dag.py
[2025-02-24T20:02:37.330+0000] {processor.py:914} INFO - Processing file /home/airflow/.local/lib/python3.12/site-packages/airflow/example_dags/example_nested_branch_dag.py for tasks to queue
[2025-02-24T20:02:37.332+0000] {logging_mixin.py:190} INFO - [2025-02-24T20:02:37.332+0000] {dagbag.py:588} INFO - Filling up the DagBag from /home/airflow/.local/lib/python3.12/site-packages/airflow/example_dags/example_nested_branch_dag.py
[2025-02-24T20:02:37.345+0000] {processor.py:925} INFO - DAG(s) 'example_nested_branch_dag' retrieved from /home/airflow/.local/lib/python3.12/site-packages/airflow/example_dags/example_nested_branch_dag.py
[2025-02-24T20:02:37.370+0000] {logging_mixin.py:190} INFO - [2025-02-24T20:02:37.370+0000] {dag.py:3239} INFO - Sync 1 DAGs
[2025-02-24T20:02:37.398+0000] {logging_mixin.py:190} INFO - [2025-02-24T20:02:37.398+0000] {dag.py:4180} INFO - Setting next_dagrun for example_nested_branch_dag to 2025-02-23 00:00:00+00:00, run_after=2025-02-24 00:00:00+00:00
[2025-02-24T20:02:37.421+0000] {processor.py:208} INFO - Processing /home/airflow/.local/lib/python3.12/site-packages/airflow/example_dags/example_nested_branch_dag.py took 0.099 seconds
[2025-02-24T20:03:07.685+0000] {processor.py:186} INFO - Started process (PID=388) to work on /home/airflow/.local/lib/python3.12/site-packages/airflow/example_dags/example_nested_branch_dag.py
[2025-02-24T20:03:07.686+0000] {processor.py:914} INFO - Processing file /home/airflow/.local/lib/python3.12/site-packages/airflow/example_dags/example_nested_branch_dag.py for tasks to queue
[2025-02-24T20:03:07.688+0000] {logging_mixin.py:190} INFO - [2025-02-24T20:03:07.688+0000] {dagbag.py:588} INFO - Filling up the DagBag from /home/airflow/.local/lib/python3.12/site-packages/airflow/example_dags/example_nested_branch_dag.py
[2025-02-24T20:03:07.700+0000] {processor.py:925} INFO - DAG(s) 'example_nested_branch_dag' retrieved from /home/airflow/.local/lib/python3.12/site-packages/airflow/example_dags/example_nested_branch_dag.py
[2025-02-24T20:03:07.724+0000] {logging_mixin.py:190} INFO - [2025-02-24T20:03:07.724+0000] {dag.py:3239} INFO - Sync 1 DAGs
[2025-02-24T20:03:07.752+0000] {logging_mixin.py:190} INFO - [2025-02-24T20:03:07.752+0000] {dag.py:4180} INFO - Setting next_dagrun for example_nested_branch_dag to 2025-02-23 00:00:00+00:00, run_after=2025-02-24 00:00:00+00:00
[2025-02-24T20:03:07.773+0000] {processor.py:208} INFO - Processing /home/airflow/.local/lib/python3.12/site-packages/airflow/example_dags/example_nested_branch_dag.py took 0.093 seconds
[2025-02-24T20:03:37.883+0000] {processor.py:186} INFO - Started process (PID=451) to work on /home/airflow/.local/lib/python3.12/site-packages/airflow/example_dags/example_nested_branch_dag.py
[2025-02-24T20:03:37.884+0000] {processor.py:914} INFO - Processing file /home/airflow/.local/lib/python3.12/site-packages/airflow/example_dags/example_nested_branch_dag.py for tasks to queue
[2025-02-24T20:03:37.887+0000] {logging_mixin.py:190} INFO - [2025-02-24T20:03:37.887+0000] {dagbag.py:588} INFO - Filling up the DagBag from /home/airflow/.local/lib/python3.12/site-packages/airflow/example_dags/example_nested_branch_dag.py
[2025-02-24T20:03:37.900+0000] {processor.py:925} INFO - DAG(s) 'example_nested_branch_dag' retrieved from /home/airflow/.local/lib/python3.12/site-packages/airflow/example_dags/example_nested_branch_dag.py
[2025-02-24T20:03:37.923+0000] {logging_mixin.py:190} INFO - [2025-02-24T20:03:37.923+0000] {dag.py:3239} INFO - Sync 1 DAGs
[2025-02-24T20:03:37.954+0000] {logging_mixin.py:190} INFO - [2025-02-24T20:03:37.954+0000] {dag.py:4180} INFO - Setting next_dagrun for example_nested_branch_dag to 2025-02-23 00:00:00+00:00, run_after=2025-02-24 00:00:00+00:00
[2025-02-24T20:03:37.977+0000] {processor.py:208} INFO - Processing /home/airflow/.local/lib/python3.12/site-packages/airflow/example_dags/example_nested_branch_dag.py took 0.100 seconds
[2025-02-24T20:04:08.436+0000] {processor.py:186} INFO - Started process (PID=514) to work on /home/airflow/.local/lib/python3.12/site-packages/airflow/example_dags/example_nested_branch_dag.py
[2025-02-24T20:04:08.437+0000] {processor.py:914} INFO - Processing file /home/airflow/.local/lib/python3.12/site-packages/airflow/example_dags/example_nested_branch_dag.py for tasks to queue
[2025-02-24T20:04:08.439+0000] {logging_mixin.py:190} INFO - [2025-02-24T20:04:08.438+0000] {dagbag.py:588} INFO - Filling up the DagBag from /home/airflow/.local/lib/python3.12/site-packages/airflow/example_dags/example_nested_branch_dag.py
[2025-02-24T20:04:08.451+0000] {processor.py:925} INFO - DAG(s) 'example_nested_branch_dag' retrieved from /home/airflow/.local/lib/python3.12/site-packages/airflow/example_dags/example_nested_branch_dag.py
[2025-02-24T20:04:08.474+0000] {logging_mixin.py:190} INFO - [2025-02-24T20:04:08.473+0000] {dag.py:3239} INFO - Sync 1 DAGs
[2025-02-24T20:04:08.508+0000] {logging_mixin.py:190} INFO - [2025-02-24T20:04:08.507+0000] {dag.py:4180} INFO - Setting next_dagrun for example_nested_branch_dag to 2025-02-23 00:00:00+00:00, run_after=2025-02-24 00:00:00+00:00
[2025-02-24T20:04:08.537+0000] {processor.py:208} INFO - Processing /home/airflow/.local/lib/python3.12/site-packages/airflow/example_dags/example_nested_branch_dag.py took 0.108 seconds
[2025-02-24T20:04:38.837+0000] {processor.py:186} INFO - Started process (PID=577) to work on /home/airflow/.local/lib/python3.12/site-packages/airflow/example_dags/example_nested_branch_dag.py
[2025-02-24T20:04:38.838+0000] {processor.py:914} INFO - Processing file /home/airflow/.local/lib/python3.12/site-packages/airflow/example_dags/example_nested_branch_dag.py for tasks to queue
[2025-02-24T20:04:38.840+0000] {logging_mixin.py:190} INFO - [2025-02-24T20:04:38.840+0000] {dagbag.py:588} INFO - Filling up the DagBag from /home/airflow/.local/lib/python3.12/site-packages/airflow/example_dags/example_nested_branch_dag.py
[2025-02-24T20:04:38.854+0000] {processor.py:925} INFO - DAG(s) 'example_nested_branch_dag' retrieved from /home/airflow/.local/lib/python3.12/site-packages/airflow/example_dags/example_nested_branch_dag.py
[2025-02-24T20:04:38.877+0000] {logging_mixin.py:190} INFO - [2025-02-24T20:04:38.877+0000] {dag.py:3239} INFO - Sync 1 DAGs
[2025-02-24T20:04:38.906+0000] {logging_mixin.py:190} INFO - [2025-02-24T20:04:38.906+0000] {dag.py:4180} INFO - Setting next_dagrun for example_nested_branch_dag to 2025-02-23 00:00:00+00:00, run_after=2025-02-24 00:00:00+00:00
[2025-02-24T20:04:38.927+0000] {processor.py:208} INFO - Processing /home/airflow/.local/lib/python3.12/site-packages/airflow/example_dags/example_nested_branch_dag.py took 0.097 seconds
[2025-02-24T20:05:09.895+0000] {processor.py:186} INFO - Started process (PID=640) to work on /home/airflow/.local/lib/python3.12/site-packages/airflow/example_dags/example_nested_branch_dag.py
[2025-02-24T20:05:09.897+0000] {processor.py:914} INFO - Processing file /home/airflow/.local/lib/python3.12/site-packages/airflow/example_dags/example_nested_branch_dag.py for tasks to queue
[2025-02-24T20:05:09.899+0000] {logging_mixin.py:190} INFO - [2025-02-24T20:05:09.899+0000] {dagbag.py:588} INFO - Filling up the DagBag from /home/airflow/.local/lib/python3.12/site-packages/airflow/example_dags/example_nested_branch_dag.py
[2025-02-24T20:05:09.911+0000] {processor.py:925} INFO - DAG(s) 'example_nested_branch_dag' retrieved from /home/airflow/.local/lib/python3.12/site-packages/airflow/example_dags/example_nested_branch_dag.py
[2025-02-24T20:05:09.936+0000] {logging_mixin.py:190} INFO - [2025-02-24T20:05:09.935+0000] {dag.py:3239} INFO - Sync 1 DAGs
[2025-02-24T20:05:09.965+0000] {logging_mixin.py:190} INFO - [2025-02-24T20:05:09.965+0000] {dag.py:4180} INFO - Setting next_dagrun for example_nested_branch_dag to 2025-02-23 00:00:00+00:00, run_after=2025-02-24 00:00:00+00:00
[2025-02-24T20:05:09.990+0000] {processor.py:208} INFO - Processing /home/airflow/.local/lib/python3.12/site-packages/airflow/example_dags/example_nested_branch_dag.py took 0.101 seconds
[2025-02-24T20:05:40.711+0000] {processor.py:186} INFO - Started process (PID=703) to work on /home/airflow/.local/lib/python3.12/site-packages/airflow/example_dags/example_nested_branch_dag.py
[2025-02-24T20:05:40.712+0000] {processor.py:914} INFO - Processing file /home/airflow/.local/lib/python3.12/site-packages/airflow/example_dags/example_nested_branch_dag.py for tasks to queue
[2025-02-24T20:05:40.714+0000] {logging_mixin.py:190} INFO - [2025-02-24T20:05:40.714+0000] {dagbag.py:588} INFO - Filling up the DagBag from /home/airflow/.local/lib/python3.12/site-packages/airflow/example_dags/example_nested_branch_dag.py
[2025-02-24T20:05:40.731+0000] {processor.py:925} INFO - DAG(s) 'example_nested_branch_dag' retrieved from /home/airflow/.local/lib/python3.12/site-packages/airflow/example_dags/example_nested_branch_dag.py
[2025-02-24T20:05:40.761+0000] {logging_mixin.py:190} INFO - [2025-02-24T20:05:40.760+0000] {dag.py:3239} INFO - Sync 1 DAGs
[2025-02-24T20:05:40.792+0000] {logging_mixin.py:190} INFO - [2025-02-24T20:05:40.792+0000] {dag.py:4180} INFO - Setting next_dagrun for example_nested_branch_dag to 2025-02-23 00:00:00+00:00, run_after=2025-02-24 00:00:00+00:00
[2025-02-24T20:05:40.815+0000] {processor.py:208} INFO - Processing /home/airflow/.local/lib/python3.12/site-packages/airflow/example_dags/example_nested_branch_dag.py took 0.110 seconds
[2025-02-24T20:06:10.920+0000] {processor.py:186} INFO - Started process (PID=766) to work on /home/airflow/.local/lib/python3.12/site-packages/airflow/example_dags/example_nested_branch_dag.py
[2025-02-24T20:06:10.921+0000] {processor.py:914} INFO - Processing file /home/airflow/.local/lib/python3.12/site-packages/airflow/example_dags/example_nested_branch_dag.py for tasks to queue
[2025-02-24T20:06:10.923+0000] {logging_mixin.py:190} INFO - [2025-02-24T20:06:10.923+0000] {dagbag.py:588} INFO - Filling up the DagBag from /home/airflow/.local/lib/python3.12/site-packages/airflow/example_dags/example_nested_branch_dag.py
[2025-02-24T20:06:10.936+0000] {processor.py:925} INFO - DAG(s) 'example_nested_branch_dag' retrieved from /home/airflow/.local/lib/python3.12/site-packages/airflow/example_dags/example_nested_branch_dag.py
[2025-02-24T20:06:10.958+0000] {logging_mixin.py:190} INFO - [2025-02-24T20:06:10.957+0000] {dag.py:3239} INFO - Sync 1 DAGs
[2025-02-24T20:06:10.983+0000] {logging_mixin.py:190} INFO - [2025-02-24T20:06:10.983+0000] {dag.py:4180} INFO - Setting next_dagrun for example_nested_branch_dag to 2025-02-23 00:00:00+00:00, run_after=2025-02-24 00:00:00+00:00
[2025-02-24T20:06:11.005+0000] {processor.py:208} INFO - Processing /home/airflow/.local/lib/python3.12/site-packages/airflow/example_dags/example_nested_branch_dag.py took 0.093 seconds
[2025-02-24T20:06:41.141+0000] {processor.py:186} INFO - Started process (PID=829) to work on /home/airflow/.local/lib/python3.12/site-packages/airflow/example_dags/example_nested_branch_dag.py
[2025-02-24T20:06:41.142+0000] {processor.py:914} INFO - Processing file /home/airflow/.local/lib/python3.12/site-packages/airflow/example_dags/example_nested_branch_dag.py for tasks to queue
[2025-02-24T20:06:41.145+0000] {logging_mixin.py:190} INFO - [2025-02-24T20:06:41.145+0000] {dagbag.py:588} INFO - Filling up the DagBag from /home/airflow/.local/lib/python3.12/site-packages/airflow/example_dags/example_nested_branch_dag.py
[2025-02-24T20:06:41.158+0000] {processor.py:925} INFO - DAG(s) 'example_nested_branch_dag' retrieved from /home/airflow/.local/lib/python3.12/site-packages/airflow/example_dags/example_nested_branch_dag.py
[2025-02-24T20:06:41.181+0000] {logging_mixin.py:190} INFO - [2025-02-24T20:06:41.181+0000] {dag.py:3239} INFO - Sync 1 DAGs
[2025-02-24T20:06:41.209+0000] {logging_mixin.py:190} INFO - [2025-02-24T20:06:41.209+0000] {dag.py:4180} INFO - Setting next_dagrun for example_nested_branch_dag to 2025-02-23 00:00:00+00:00, run_after=2025-02-24 00:00:00+00:00
[2025-02-24T20:06:41.240+0000] {processor.py:208} INFO - Processing /home/airflow/.local/lib/python3.12/site-packages/airflow/example_dags/example_nested_branch_dag.py took 0.106 seconds
[2025-02-24T20:07:11.536+0000] {processor.py:186} INFO - Started process (PID=892) to work on /home/airflow/.local/lib/python3.12/site-packages/airflow/example_dags/example_nested_branch_dag.py
[2025-02-24T20:07:11.537+0000] {processor.py:914} INFO - Processing file /home/airflow/.local/lib/python3.12/site-packages/airflow/example_dags/example_nested_branch_dag.py for tasks to queue
[2025-02-24T20:07:11.540+0000] {logging_mixin.py:190} INFO - [2025-02-24T20:07:11.539+0000] {dagbag.py:588} INFO - Filling up the DagBag from /home/airflow/.local/lib/python3.12/site-packages/airflow/example_dags/example_nested_branch_dag.py
[2025-02-24T20:07:11.552+0000] {processor.py:925} INFO - DAG(s) 'example_nested_branch_dag' retrieved from /home/airflow/.local/lib/python3.12/site-packages/airflow/example_dags/example_nested_branch_dag.py
[2025-02-24T20:07:11.579+0000] {logging_mixin.py:190} INFO - [2025-02-24T20:07:11.578+0000] {dag.py:3239} INFO - Sync 1 DAGs
[2025-02-24T20:07:11.607+0000] {logging_mixin.py:190} INFO - [2025-02-24T20:07:11.607+0000] {dag.py:4180} INFO - Setting next_dagrun for example_nested_branch_dag to 2025-02-23 00:00:00+00:00, run_after=2025-02-24 00:00:00+00:00
[2025-02-24T20:07:11.639+0000] {processor.py:208} INFO - Processing /home/airflow/.local/lib/python3.12/site-packages/airflow/example_dags/example_nested_branch_dag.py took 0.109 seconds
[2025-02-24T20:07:41.793+0000] {processor.py:186} INFO - Started process (PID=957) to work on /home/airflow/.local/lib/python3.12/site-packages/airflow/example_dags/example_nested_branch_dag.py
[2025-02-24T20:07:41.795+0000] {processor.py:914} INFO - Processing file /home/airflow/.local/lib/python3.12/site-packages/airflow/example_dags/example_nested_branch_dag.py for tasks to queue
[2025-02-24T20:07:41.797+0000] {logging_mixin.py:190} INFO - [2025-02-24T20:07:41.796+0000] {dagbag.py:588} INFO - Filling up the DagBag from /home/airflow/.local/lib/python3.12/site-packages/airflow/example_dags/example_nested_branch_dag.py
[2025-02-24T20:07:41.808+0000] {processor.py:925} INFO - DAG(s) 'example_nested_branch_dag' retrieved from /home/airflow/.local/lib/python3.12/site-packages/airflow/example_dags/example_nested_branch_dag.py
[2025-02-24T20:07:41.830+0000] {logging_mixin.py:190} INFO - [2025-02-24T20:07:41.830+0000] {dag.py:3239} INFO - Sync 1 DAGs
[2025-02-24T20:07:41.857+0000] {logging_mixin.py:190} INFO - [2025-02-24T20:07:41.856+0000] {dag.py:4180} INFO - Setting next_dagrun for example_nested_branch_dag to 2025-02-23 00:00:00+00:00, run_after=2025-02-24 00:00:00+00:00
[2025-02-24T20:07:41.879+0000] {processor.py:208} INFO - Processing /home/airflow/.local/lib/python3.12/site-packages/airflow/example_dags/example_nested_branch_dag.py took 0.091 seconds
[2025-02-24T20:08:12.340+0000] {processor.py:186} INFO - Started process (PID=1017) to work on /home/airflow/.local/lib/python3.12/site-packages/airflow/example_dags/example_nested_branch_dag.py
[2025-02-24T20:08:12.341+0000] {processor.py:914} INFO - Processing file /home/airflow/.local/lib/python3.12/site-packages/airflow/example_dags/example_nested_branch_dag.py for tasks to queue
[2025-02-24T20:08:12.344+0000] {logging_mixin.py:190} INFO - [2025-02-24T20:08:12.343+0000] {dagbag.py:588} INFO - Filling up the DagBag from /home/airflow/.local/lib/python3.12/site-packages/airflow/example_dags/example_nested_branch_dag.py
[2025-02-24T20:08:12.357+0000] {processor.py:925} INFO - DAG(s) 'example_nested_branch_dag' retrieved from /home/airflow/.local/lib/python3.12/site-packages/airflow/example_dags/example_nested_branch_dag.py
[2025-02-24T20:08:12.379+0000] {logging_mixin.py:190} INFO - [2025-02-24T20:08:12.379+0000] {dag.py:3239} INFO - Sync 1 DAGs
[2025-02-24T20:08:12.407+0000] {logging_mixin.py:190} INFO - [2025-02-24T20:08:12.406+0000] {dag.py:4180} INFO - Setting next_dagrun for example_nested_branch_dag to 2025-02-23 00:00:00+00:00, run_after=2025-02-24 00:00:00+00:00
[2025-02-24T20:08:12.427+0000] {processor.py:208} INFO - Processing /home/airflow/.local/lib/python3.12/site-packages/airflow/example_dags/example_nested_branch_dag.py took 0.093 seconds
[2025-02-24T20:08:42.687+0000] {processor.py:186} INFO - Started process (PID=1080) to work on /home/airflow/.local/lib/python3.12/site-packages/airflow/example_dags/example_nested_branch_dag.py
[2025-02-24T20:08:42.688+0000] {processor.py:914} INFO - Processing file /home/airflow/.local/lib/python3.12/site-packages/airflow/example_dags/example_nested_branch_dag.py for tasks to queue
[2025-02-24T20:08:42.690+0000] {logging_mixin.py:190} INFO - [2025-02-24T20:08:42.690+0000] {dagbag.py:588} INFO - Filling up the DagBag from /home/airflow/.local/lib/python3.12/site-packages/airflow/example_dags/example_nested_branch_dag.py
[2025-02-24T20:08:42.704+0000] {processor.py:925} INFO - DAG(s) 'example_nested_branch_dag' retrieved from /home/airflow/.local/lib/python3.12/site-packages/airflow/example_dags/example_nested_branch_dag.py
[2025-02-24T20:08:42.733+0000] {logging_mixin.py:190} INFO - [2025-02-24T20:08:42.733+0000] {dag.py:3239} INFO - Sync 1 DAGs
[2025-02-24T20:08:42.761+0000] {logging_mixin.py:190} INFO - [2025-02-24T20:08:42.761+0000] {dag.py:4180} INFO - Setting next_dagrun for example_nested_branch_dag to 2025-02-23 00:00:00+00:00, run_after=2025-02-24 00:00:00+00:00
[2025-02-24T20:08:42.783+0000] {processor.py:208} INFO - Processing /home/airflow/.local/lib/python3.12/site-packages/airflow/example_dags/example_nested_branch_dag.py took 0.103 seconds
[2025-02-24T20:09:13.048+0000] {processor.py:186} INFO - Started process (PID=1139) to work on /home/airflow/.local/lib/python3.12/site-packages/airflow/example_dags/example_nested_branch_dag.py
[2025-02-24T20:09:13.049+0000] {processor.py:914} INFO - Processing file /home/airflow/.local/lib/python3.12/site-packages/airflow/example_dags/example_nested_branch_dag.py for tasks to queue
[2025-02-24T20:09:13.052+0000] {logging_mixin.py:190} INFO - [2025-02-24T20:09:13.051+0000] {dagbag.py:588} INFO - Filling up the DagBag from /home/airflow/.local/lib/python3.12/site-packages/airflow/example_dags/example_nested_branch_dag.py
[2025-02-24T20:09:13.065+0000] {processor.py:925} INFO - DAG(s) 'example_nested_branch_dag' retrieved from /home/airflow/.local/lib/python3.12/site-packages/airflow/example_dags/example_nested_branch_dag.py
[2025-02-24T20:09:13.091+0000] {logging_mixin.py:190} INFO - [2025-02-24T20:09:13.091+0000] {dag.py:3239} INFO - Sync 1 DAGs
[2025-02-24T20:09:13.118+0000] {logging_mixin.py:190} INFO - [2025-02-24T20:09:13.117+0000] {dag.py:4180} INFO - Setting next_dagrun for example_nested_branch_dag to 2025-02-23 00:00:00+00:00, run_after=2025-02-24 00:00:00+00:00
[2025-02-24T20:09:13.141+0000] {processor.py:208} INFO - Processing /home/airflow/.local/lib/python3.12/site-packages/airflow/example_dags/example_nested_branch_dag.py took 0.099 seconds
[2025-02-24T20:09:44.069+0000] {processor.py:186} INFO - Started process (PID=1197) to work on /home/airflow/.local/lib/python3.12/site-packages/airflow/example_dags/example_nested_branch_dag.py
[2025-02-24T20:09:44.070+0000] {processor.py:914} INFO - Processing file /home/airflow/.local/lib/python3.12/site-packages/airflow/example_dags/example_nested_branch_dag.py for tasks to queue
[2025-02-24T20:09:44.073+0000] {logging_mixin.py:190} INFO - [2025-02-24T20:09:44.073+0000] {dagbag.py:588} INFO - Filling up the DagBag from /home/airflow/.local/lib/python3.12/site-packages/airflow/example_dags/example_nested_branch_dag.py
[2025-02-24T20:09:44.088+0000] {processor.py:925} INFO - DAG(s) 'example_nested_branch_dag' retrieved from /home/airflow/.local/lib/python3.12/site-packages/airflow/example_dags/example_nested_branch_dag.py
[2025-02-24T20:09:44.123+0000] {logging_mixin.py:190} INFO - [2025-02-24T20:09:44.123+0000] {dag.py:3239} INFO - Sync 1 DAGs
[2025-02-24T20:09:44.161+0000] {logging_mixin.py:190} INFO - [2025-02-24T20:09:44.160+0000] {dag.py:4180} INFO - Setting next_dagrun for example_nested_branch_dag to 2025-02-23 00:00:00+00:00, run_after=2025-02-24 00:00:00+00:00
[2025-02-24T20:09:44.182+0000] {processor.py:208} INFO - Processing /home/airflow/.local/lib/python3.12/site-packages/airflow/example_dags/example_nested_branch_dag.py took 0.120 seconds
[2025-02-24T20:10:15.327+0000] {processor.py:186} INFO - Started process (PID=1258) to work on /home/airflow/.local/lib/python3.12/site-packages/airflow/example_dags/example_nested_branch_dag.py
[2025-02-24T20:10:15.328+0000] {processor.py:914} INFO - Processing file /home/airflow/.local/lib/python3.12/site-packages/airflow/example_dags/example_nested_branch_dag.py for tasks to queue
[2025-02-24T20:10:15.330+0000] {logging_mixin.py:190} INFO - [2025-02-24T20:10:15.330+0000] {dagbag.py:588} INFO - Filling up the DagBag from /home/airflow/.local/lib/python3.12/site-packages/airflow/example_dags/example_nested_branch_dag.py
[2025-02-24T20:10:15.341+0000] {processor.py:925} INFO - DAG(s) 'example_nested_branch_dag' retrieved from /home/airflow/.local/lib/python3.12/site-packages/airflow/example_dags/example_nested_branch_dag.py
[2025-02-24T20:10:15.364+0000] {logging_mixin.py:190} INFO - [2025-02-24T20:10:15.364+0000] {dag.py:3239} INFO - Sync 1 DAGs
[2025-02-24T20:10:15.389+0000] {logging_mixin.py:190} INFO - [2025-02-24T20:10:15.389+0000] {dag.py:4180} INFO - Setting next_dagrun for example_nested_branch_dag to 2025-02-23 00:00:00+00:00, run_after=2025-02-24 00:00:00+00:00
[2025-02-24T20:10:15.411+0000] {processor.py:208} INFO - Processing /home/airflow/.local/lib/python3.12/site-packages/airflow/example_dags/example_nested_branch_dag.py took 0.089 seconds
[2025-02-24T20:10:46.706+0000] {processor.py:186} INFO - Started process (PID=1321) to work on /home/airflow/.local/lib/python3.12/site-packages/airflow/example_dags/example_nested_branch_dag.py
[2025-02-24T20:10:46.708+0000] {processor.py:914} INFO - Processing file /home/airflow/.local/lib/python3.12/site-packages/airflow/example_dags/example_nested_branch_dag.py for tasks to queue
[2025-02-24T20:10:46.711+0000] {logging_mixin.py:190} INFO - [2025-02-24T20:10:46.711+0000] {dagbag.py:588} INFO - Filling up the DagBag from /home/airflow/.local/lib/python3.12/site-packages/airflow/example_dags/example_nested_branch_dag.py
[2025-02-24T20:10:46.727+0000] {processor.py:925} INFO - DAG(s) 'example_nested_branch_dag' retrieved from /home/airflow/.local/lib/python3.12/site-packages/airflow/example_dags/example_nested_branch_dag.py
[2025-02-24T20:10:46.753+0000] {logging_mixin.py:190} INFO - [2025-02-24T20:10:46.753+0000] {dag.py:3239} INFO - Sync 1 DAGs
[2025-02-24T20:10:46.786+0000] {logging_mixin.py:190} INFO - [2025-02-24T20:10:46.786+0000] {dag.py:4180} INFO - Setting next_dagrun for example_nested_branch_dag to 2025-02-23 00:00:00+00:00, run_after=2025-02-24 00:00:00+00:00
[2025-02-24T20:10:46.810+0000] {processor.py:208} INFO - Processing /home/airflow/.local/lib/python3.12/site-packages/airflow/example_dags/example_nested_branch_dag.py took 0.112 seconds
[2025-02-24T20:11:17.944+0000] {processor.py:186} INFO - Started process (PID=1382) to work on /home/airflow/.local/lib/python3.12/site-packages/airflow/example_dags/example_nested_branch_dag.py
[2025-02-24T20:11:17.945+0000] {processor.py:914} INFO - Processing file /home/airflow/.local/lib/python3.12/site-packages/airflow/example_dags/example_nested_branch_dag.py for tasks to queue
[2025-02-24T20:11:17.948+0000] {logging_mixin.py:190} INFO - [2025-02-24T20:11:17.947+0000] {dagbag.py:588} INFO - Filling up the DagBag from /home/airflow/.local/lib/python3.12/site-packages/airflow/example_dags/example_nested_branch_dag.py
[2025-02-24T20:11:17.960+0000] {processor.py:925} INFO - DAG(s) 'example_nested_branch_dag' retrieved from /home/airflow/.local/lib/python3.12/site-packages/airflow/example_dags/example_nested_branch_dag.py
[2025-02-24T20:11:17.983+0000] {logging_mixin.py:190} INFO - [2025-02-24T20:11:17.983+0000] {dag.py:3239} INFO - Sync 1 DAGs
[2025-02-24T20:11:18.008+0000] {logging_mixin.py:190} INFO - [2025-02-24T20:11:18.008+0000] {dag.py:4180} INFO - Setting next_dagrun for example_nested_branch_dag to 2025-02-23 00:00:00+00:00, run_after=2025-02-24 00:00:00+00:00
[2025-02-24T20:11:18.031+0000] {processor.py:208} INFO - Processing /home/airflow/.local/lib/python3.12/site-packages/airflow/example_dags/example_nested_branch_dag.py took 0.093 seconds
[2025-02-24T20:11:48.751+0000] {processor.py:186} INFO - Started process (PID=1438) to work on /home/airflow/.local/lib/python3.12/site-packages/airflow/example_dags/example_nested_branch_dag.py
[2025-02-24T20:11:48.752+0000] {processor.py:914} INFO - Processing file /home/airflow/.local/lib/python3.12/site-packages/airflow/example_dags/example_nested_branch_dag.py for tasks to queue
[2025-02-24T20:11:48.755+0000] {logging_mixin.py:190} INFO - [2025-02-24T20:11:48.754+0000] {dagbag.py:588} INFO - Filling up the DagBag from /home/airflow/.local/lib/python3.12/site-packages/airflow/example_dags/example_nested_branch_dag.py
[2025-02-24T20:11:48.766+0000] {processor.py:925} INFO - DAG(s) 'example_nested_branch_dag' retrieved from /home/airflow/.local/lib/python3.12/site-packages/airflow/example_dags/example_nested_branch_dag.py
[2025-02-24T20:11:48.788+0000] {logging_mixin.py:190} INFO - [2025-02-24T20:11:48.788+0000] {dag.py:3239} INFO - Sync 1 DAGs
[2025-02-24T20:11:48.813+0000] {logging_mixin.py:190} INFO - [2025-02-24T20:11:48.813+0000] {dag.py:4180} INFO - Setting next_dagrun for example_nested_branch_dag to 2025-02-23 00:00:00+00:00, run_after=2025-02-24 00:00:00+00:00
[2025-02-24T20:11:48.834+0000] {processor.py:208} INFO - Processing /home/airflow/.local/lib/python3.12/site-packages/airflow/example_dags/example_nested_branch_dag.py took 0.089 seconds
[2025-02-24T20:12:19.670+0000] {processor.py:186} INFO - Started process (PID=1500) to work on /home/airflow/.local/lib/python3.12/site-packages/airflow/example_dags/example_nested_branch_dag.py
[2025-02-24T20:12:19.671+0000] {processor.py:914} INFO - Processing file /home/airflow/.local/lib/python3.12/site-packages/airflow/example_dags/example_nested_branch_dag.py for tasks to queue
[2025-02-24T20:12:19.673+0000] {logging_mixin.py:190} INFO - [2025-02-24T20:12:19.673+0000] {dagbag.py:588} INFO - Filling up the DagBag from /home/airflow/.local/lib/python3.12/site-packages/airflow/example_dags/example_nested_branch_dag.py
[2025-02-24T20:12:19.685+0000] {processor.py:925} INFO - DAG(s) 'example_nested_branch_dag' retrieved from /home/airflow/.local/lib/python3.12/site-packages/airflow/example_dags/example_nested_branch_dag.py
[2025-02-24T20:12:19.705+0000] {logging_mixin.py:190} INFO - [2025-02-24T20:12:19.705+0000] {dag.py:3239} INFO - Sync 1 DAGs
[2025-02-24T20:12:19.729+0000] {logging_mixin.py:190} INFO - [2025-02-24T20:12:19.729+0000] {dag.py:4180} INFO - Setting next_dagrun for example_nested_branch_dag to 2025-02-23 00:00:00+00:00, run_after=2025-02-24 00:00:00+00:00
[2025-02-24T20:12:19.750+0000] {processor.py:208} INFO - Processing /home/airflow/.local/lib/python3.12/site-packages/airflow/example_dags/example_nested_branch_dag.py took 0.086 seconds
[2025-02-24T20:12:50.319+0000] {processor.py:186} INFO - Started process (PID=1557) to work on /home/airflow/.local/lib/python3.12/site-packages/airflow/example_dags/example_nested_branch_dag.py
[2025-02-24T20:12:50.320+0000] {processor.py:914} INFO - Processing file /home/airflow/.local/lib/python3.12/site-packages/airflow/example_dags/example_nested_branch_dag.py for tasks to queue
[2025-02-24T20:12:50.323+0000] {logging_mixin.py:190} INFO - [2025-02-24T20:12:50.322+0000] {dagbag.py:588} INFO - Filling up the DagBag from /home/airflow/.local/lib/python3.12/site-packages/airflow/example_dags/example_nested_branch_dag.py
[2025-02-24T20:12:50.335+0000] {processor.py:925} INFO - DAG(s) 'example_nested_branch_dag' retrieved from /home/airflow/.local/lib/python3.12/site-packages/airflow/example_dags/example_nested_branch_dag.py
[2025-02-24T20:12:50.357+0000] {logging_mixin.py:190} INFO - [2025-02-24T20:12:50.357+0000] {dag.py:3239} INFO - Sync 1 DAGs
[2025-02-24T20:12:50.383+0000] {logging_mixin.py:190} INFO - [2025-02-24T20:12:50.383+0000] {dag.py:4180} INFO - Setting next_dagrun for example_nested_branch_dag to 2025-02-23 00:00:00+00:00, run_after=2025-02-24 00:00:00+00:00
[2025-02-24T20:12:50.403+0000] {processor.py:208} INFO - Processing /home/airflow/.local/lib/python3.12/site-packages/airflow/example_dags/example_nested_branch_dag.py took 0.090 seconds
[2025-02-24T20:13:20.667+0000] {processor.py:186} INFO - Started process (PID=1620) to work on /home/airflow/.local/lib/python3.12/site-packages/airflow/example_dags/example_nested_branch_dag.py
[2025-02-24T20:13:20.669+0000] {processor.py:914} INFO - Processing file /home/airflow/.local/lib/python3.12/site-packages/airflow/example_dags/example_nested_branch_dag.py for tasks to queue
[2025-02-24T20:13:20.672+0000] {logging_mixin.py:190} INFO - [2025-02-24T20:13:20.672+0000] {dagbag.py:588} INFO - Filling up the DagBag from /home/airflow/.local/lib/python3.12/site-packages/airflow/example_dags/example_nested_branch_dag.py
[2025-02-24T20:13:20.691+0000] {processor.py:925} INFO - DAG(s) 'example_nested_branch_dag' retrieved from /home/airflow/.local/lib/python3.12/site-packages/airflow/example_dags/example_nested_branch_dag.py
[2025-02-24T20:13:20.713+0000] {logging_mixin.py:190} INFO - [2025-02-24T20:13:20.712+0000] {dag.py:3239} INFO - Sync 1 DAGs
[2025-02-24T20:13:20.742+0000] {logging_mixin.py:190} INFO - [2025-02-24T20:13:20.742+0000] {dag.py:4180} INFO - Setting next_dagrun for example_nested_branch_dag to 2025-02-23 00:00:00+00:00, run_after=2025-02-24 00:00:00+00:00
[2025-02-24T20:13:20.763+0000] {processor.py:208} INFO - Processing /home/airflow/.local/lib/python3.12/site-packages/airflow/example_dags/example_nested_branch_dag.py took 0.103 seconds
[2025-02-24T20:13:50.875+0000] {processor.py:186} INFO - Started process (PID=1683) to work on /home/airflow/.local/lib/python3.12/site-packages/airflow/example_dags/example_nested_branch_dag.py
[2025-02-24T20:13:50.876+0000] {processor.py:914} INFO - Processing file /home/airflow/.local/lib/python3.12/site-packages/airflow/example_dags/example_nested_branch_dag.py for tasks to queue
[2025-02-24T20:13:50.878+0000] {logging_mixin.py:190} INFO - [2025-02-24T20:13:50.878+0000] {dagbag.py:588} INFO - Filling up the DagBag from /home/airflow/.local/lib/python3.12/site-packages/airflow/example_dags/example_nested_branch_dag.py
[2025-02-24T20:13:50.890+0000] {processor.py:925} INFO - DAG(s) 'example_nested_branch_dag' retrieved from /home/airflow/.local/lib/python3.12/site-packages/airflow/example_dags/example_nested_branch_dag.py
[2025-02-24T20:13:50.912+0000] {logging_mixin.py:190} INFO - [2025-02-24T20:13:50.911+0000] {dag.py:3239} INFO - Sync 1 DAGs
[2025-02-24T20:13:50.936+0000] {logging_mixin.py:190} INFO - [2025-02-24T20:13:50.936+0000] {dag.py:4180} INFO - Setting next_dagrun for example_nested_branch_dag to 2025-02-23 00:00:00+00:00, run_after=2025-02-24 00:00:00+00:00
[2025-02-24T20:13:50.956+0000] {processor.py:208} INFO - Processing /home/airflow/.local/lib/python3.12/site-packages/airflow/example_dags/example_nested_branch_dag.py took 0.087 seconds
[2025-02-24T20:14:21.503+0000] {processor.py:186} INFO - Started process (PID=1746) to work on /home/airflow/.local/lib/python3.12/site-packages/airflow/example_dags/example_nested_branch_dag.py
[2025-02-24T20:14:21.505+0000] {processor.py:914} INFO - Processing file /home/airflow/.local/lib/python3.12/site-packages/airflow/example_dags/example_nested_branch_dag.py for tasks to queue
[2025-02-24T20:14:21.508+0000] {logging_mixin.py:190} INFO - [2025-02-24T20:14:21.507+0000] {dagbag.py:588} INFO - Filling up the DagBag from /home/airflow/.local/lib/python3.12/site-packages/airflow/example_dags/example_nested_branch_dag.py
[2025-02-24T20:14:21.525+0000] {processor.py:925} INFO - DAG(s) 'example_nested_branch_dag' retrieved from /home/airflow/.local/lib/python3.12/site-packages/airflow/example_dags/example_nested_branch_dag.py
[2025-02-24T20:14:21.552+0000] {logging_mixin.py:190} INFO - [2025-02-24T20:14:21.551+0000] {dag.py:3239} INFO - Sync 1 DAGs
[2025-02-24T20:14:21.583+0000] {logging_mixin.py:190} INFO - [2025-02-24T20:14:21.583+0000] {dag.py:4180} INFO - Setting next_dagrun for example_nested_branch_dag to 2025-02-23 00:00:00+00:00, run_after=2025-02-24 00:00:00+00:00
[2025-02-24T20:14:21.609+0000] {processor.py:208} INFO - Processing /home/airflow/.local/lib/python3.12/site-packages/airflow/example_dags/example_nested_branch_dag.py took 0.111 seconds
[2025-02-24T20:14:51.943+0000] {processor.py:186} INFO - Started process (PID=1815) to work on /home/airflow/.local/lib/python3.12/site-packages/airflow/example_dags/example_nested_branch_dag.py
[2025-02-24T20:14:51.950+0000] {processor.py:914} INFO - Processing file /home/airflow/.local/lib/python3.12/site-packages/airflow/example_dags/example_nested_branch_dag.py for tasks to queue
[2025-02-24T20:14:51.953+0000] {logging_mixin.py:190} INFO - [2025-02-24T20:14:51.952+0000] {dagbag.py:588} INFO - Filling up the DagBag from /home/airflow/.local/lib/python3.12/site-packages/airflow/example_dags/example_nested_branch_dag.py
[2025-02-24T20:14:51.967+0000] {processor.py:925} INFO - DAG(s) 'example_nested_branch_dag' retrieved from /home/airflow/.local/lib/python3.12/site-packages/airflow/example_dags/example_nested_branch_dag.py
[2025-02-24T20:14:51.998+0000] {logging_mixin.py:190} INFO - [2025-02-24T20:14:51.997+0000] {dag.py:3239} INFO - Sync 1 DAGs
[2025-02-24T20:14:52.032+0000] {logging_mixin.py:190} INFO - [2025-02-24T20:14:52.032+0000] {dag.py:4180} INFO - Setting next_dagrun for example_nested_branch_dag to 2025-02-23 00:00:00+00:00, run_after=2025-02-24 00:00:00+00:00
[2025-02-24T20:14:52.091+0000] {processor.py:208} INFO - Processing /home/airflow/.local/lib/python3.12/site-packages/airflow/example_dags/example_nested_branch_dag.py took 0.155 seconds
[2025-02-24T20:15:22.397+0000] {processor.py:186} INFO - Started process (PID=1878) to work on /home/airflow/.local/lib/python3.12/site-packages/airflow/example_dags/example_nested_branch_dag.py
[2025-02-24T20:15:22.398+0000] {processor.py:914} INFO - Processing file /home/airflow/.local/lib/python3.12/site-packages/airflow/example_dags/example_nested_branch_dag.py for tasks to queue
[2025-02-24T20:15:22.402+0000] {logging_mixin.py:190} INFO - [2025-02-24T20:15:22.401+0000] {dagbag.py:588} INFO - Filling up the DagBag from /home/airflow/.local/lib/python3.12/site-packages/airflow/example_dags/example_nested_branch_dag.py
[2025-02-24T20:15:22.418+0000] {processor.py:925} INFO - DAG(s) 'example_nested_branch_dag' retrieved from /home/airflow/.local/lib/python3.12/site-packages/airflow/example_dags/example_nested_branch_dag.py
[2025-02-24T20:15:22.479+0000] {logging_mixin.py:190} INFO - [2025-02-24T20:15:22.478+0000] {dag.py:3239} INFO - Sync 1 DAGs
[2025-02-24T20:15:22.528+0000] {logging_mixin.py:190} INFO - [2025-02-24T20:15:22.528+0000] {dag.py:4180} INFO - Setting next_dagrun for example_nested_branch_dag to 2025-02-23 00:00:00+00:00, run_after=2025-02-24 00:00:00+00:00
[2025-02-24T20:15:22.571+0000] {processor.py:208} INFO - Processing /home/airflow/.local/lib/python3.12/site-packages/airflow/example_dags/example_nested_branch_dag.py took 0.185 seconds
[2025-02-24T20:15:52.740+0000] {processor.py:186} INFO - Started process (PID=1941) to work on /home/airflow/.local/lib/python3.12/site-packages/airflow/example_dags/example_nested_branch_dag.py
[2025-02-24T20:15:52.742+0000] {processor.py:914} INFO - Processing file /home/airflow/.local/lib/python3.12/site-packages/airflow/example_dags/example_nested_branch_dag.py for tasks to queue
[2025-02-24T20:15:52.750+0000] {logging_mixin.py:190} INFO - [2025-02-24T20:15:52.749+0000] {dagbag.py:588} INFO - Filling up the DagBag from /home/airflow/.local/lib/python3.12/site-packages/airflow/example_dags/example_nested_branch_dag.py
[2025-02-24T20:15:52.791+0000] {processor.py:925} INFO - DAG(s) 'example_nested_branch_dag' retrieved from /home/airflow/.local/lib/python3.12/site-packages/airflow/example_dags/example_nested_branch_dag.py
[2025-02-24T20:15:52.841+0000] {logging_mixin.py:190} INFO - [2025-02-24T20:15:52.839+0000] {dag.py:3239} INFO - Sync 1 DAGs
[2025-02-24T20:15:52.893+0000] {logging_mixin.py:190} INFO - [2025-02-24T20:15:52.893+0000] {dag.py:4180} INFO - Setting next_dagrun for example_nested_branch_dag to 2025-02-23 00:00:00+00:00, run_after=2025-02-24 00:00:00+00:00
[2025-02-24T20:15:52.960+0000] {processor.py:208} INFO - Processing /home/airflow/.local/lib/python3.12/site-packages/airflow/example_dags/example_nested_branch_dag.py took 0.229 seconds
[2025-02-24T20:16:23.055+0000] {processor.py:186} INFO - Started process (PID=2004) to work on /home/airflow/.local/lib/python3.12/site-packages/airflow/example_dags/example_nested_branch_dag.py
[2025-02-24T20:16:23.057+0000] {processor.py:914} INFO - Processing file /home/airflow/.local/lib/python3.12/site-packages/airflow/example_dags/example_nested_branch_dag.py for tasks to queue
[2025-02-24T20:16:23.060+0000] {logging_mixin.py:190} INFO - [2025-02-24T20:16:23.059+0000] {dagbag.py:588} INFO - Filling up the DagBag from /home/airflow/.local/lib/python3.12/site-packages/airflow/example_dags/example_nested_branch_dag.py
[2025-02-24T20:16:23.077+0000] {processor.py:925} INFO - DAG(s) 'example_nested_branch_dag' retrieved from /home/airflow/.local/lib/python3.12/site-packages/airflow/example_dags/example_nested_branch_dag.py
[2025-02-24T20:16:23.109+0000] {logging_mixin.py:190} INFO - [2025-02-24T20:16:23.108+0000] {dag.py:3239} INFO - Sync 1 DAGs
[2025-02-24T20:16:23.149+0000] {logging_mixin.py:190} INFO - [2025-02-24T20:16:23.149+0000] {dag.py:4180} INFO - Setting next_dagrun for example_nested_branch_dag to 2025-02-23 00:00:00+00:00, run_after=2025-02-24 00:00:00+00:00
[2025-02-24T20:16:23.186+0000] {processor.py:208} INFO - Processing /home/airflow/.local/lib/python3.12/site-packages/airflow/example_dags/example_nested_branch_dag.py took 0.139 seconds
[2025-02-24T20:16:53.329+0000] {processor.py:186} INFO - Started process (PID=2067) to work on /home/airflow/.local/lib/python3.12/site-packages/airflow/example_dags/example_nested_branch_dag.py
[2025-02-24T20:16:53.331+0000] {processor.py:914} INFO - Processing file /home/airflow/.local/lib/python3.12/site-packages/airflow/example_dags/example_nested_branch_dag.py for tasks to queue
[2025-02-24T20:16:53.335+0000] {logging_mixin.py:190} INFO - [2025-02-24T20:16:53.334+0000] {dagbag.py:588} INFO - Filling up the DagBag from /home/airflow/.local/lib/python3.12/site-packages/airflow/example_dags/example_nested_branch_dag.py
[2025-02-24T20:16:53.352+0000] {processor.py:925} INFO - DAG(s) 'example_nested_branch_dag' retrieved from /home/airflow/.local/lib/python3.12/site-packages/airflow/example_dags/example_nested_branch_dag.py
[2025-02-24T20:16:53.386+0000] {logging_mixin.py:190} INFO - [2025-02-24T20:16:53.386+0000] {dag.py:3239} INFO - Sync 1 DAGs
[2025-02-24T20:16:53.425+0000] {logging_mixin.py:190} INFO - [2025-02-24T20:16:53.425+0000] {dag.py:4180} INFO - Setting next_dagrun for example_nested_branch_dag to 2025-02-23 00:00:00+00:00, run_after=2025-02-24 00:00:00+00:00
[2025-02-24T20:16:53.467+0000] {processor.py:208} INFO - Processing /home/airflow/.local/lib/python3.12/site-packages/airflow/example_dags/example_nested_branch_dag.py took 0.146 seconds
[2025-02-24T20:17:23.609+0000] {processor.py:186} INFO - Started process (PID=2130) to work on /home/airflow/.local/lib/python3.12/site-packages/airflow/example_dags/example_nested_branch_dag.py
[2025-02-24T20:17:23.610+0000] {processor.py:914} INFO - Processing file /home/airflow/.local/lib/python3.12/site-packages/airflow/example_dags/example_nested_branch_dag.py for tasks to queue
[2025-02-24T20:17:23.615+0000] {logging_mixin.py:190} INFO - [2025-02-24T20:17:23.614+0000] {dagbag.py:588} INFO - Filling up the DagBag from /home/airflow/.local/lib/python3.12/site-packages/airflow/example_dags/example_nested_branch_dag.py
[2025-02-24T20:17:23.637+0000] {processor.py:925} INFO - DAG(s) 'example_nested_branch_dag' retrieved from /home/airflow/.local/lib/python3.12/site-packages/airflow/example_dags/example_nested_branch_dag.py
[2025-02-24T20:17:23.674+0000] {logging_mixin.py:190} INFO - [2025-02-24T20:17:23.674+0000] {dag.py:3239} INFO - Sync 1 DAGs
[2025-02-24T20:17:23.726+0000] {logging_mixin.py:190} INFO - [2025-02-24T20:17:23.726+0000] {dag.py:4180} INFO - Setting next_dagrun for example_nested_branch_dag to 2025-02-23 00:00:00+00:00, run_after=2025-02-24 00:00:00+00:00
[2025-02-24T20:17:23.765+0000] {processor.py:208} INFO - Processing /home/airflow/.local/lib/python3.12/site-packages/airflow/example_dags/example_nested_branch_dag.py took 0.167 seconds
[2025-02-24T20:17:54.214+0000] {processor.py:186} INFO - Started process (PID=2193) to work on /home/airflow/.local/lib/python3.12/site-packages/airflow/example_dags/example_nested_branch_dag.py
[2025-02-24T20:17:54.216+0000] {processor.py:914} INFO - Processing file /home/airflow/.local/lib/python3.12/site-packages/airflow/example_dags/example_nested_branch_dag.py for tasks to queue
[2025-02-24T20:17:54.219+0000] {logging_mixin.py:190} INFO - [2025-02-24T20:17:54.219+0000] {dagbag.py:588} INFO - Filling up the DagBag from /home/airflow/.local/lib/python3.12/site-packages/airflow/example_dags/example_nested_branch_dag.py
[2025-02-24T20:17:54.240+0000] {processor.py:925} INFO - DAG(s) 'example_nested_branch_dag' retrieved from /home/airflow/.local/lib/python3.12/site-packages/airflow/example_dags/example_nested_branch_dag.py
[2025-02-24T20:17:54.268+0000] {logging_mixin.py:190} INFO - [2025-02-24T20:17:54.267+0000] {dag.py:3239} INFO - Sync 1 DAGs
[2025-02-24T20:17:54.306+0000] {logging_mixin.py:190} INFO - [2025-02-24T20:17:54.306+0000] {dag.py:4180} INFO - Setting next_dagrun for example_nested_branch_dag to 2025-02-23 00:00:00+00:00, run_after=2025-02-24 00:00:00+00:00
[2025-02-24T20:17:54.335+0000] {processor.py:208} INFO - Processing /home/airflow/.local/lib/python3.12/site-packages/airflow/example_dags/example_nested_branch_dag.py took 0.133 seconds
[2025-02-24T20:18:24.898+0000] {processor.py:186} INFO - Started process (PID=2256) to work on /home/airflow/.local/lib/python3.12/site-packages/airflow/example_dags/example_nested_branch_dag.py
[2025-02-24T20:18:24.902+0000] {processor.py:914} INFO - Processing file /home/airflow/.local/lib/python3.12/site-packages/airflow/example_dags/example_nested_branch_dag.py for tasks to queue
[2025-02-24T20:18:24.909+0000] {logging_mixin.py:190} INFO - [2025-02-24T20:18:24.908+0000] {dagbag.py:588} INFO - Filling up the DagBag from /home/airflow/.local/lib/python3.12/site-packages/airflow/example_dags/example_nested_branch_dag.py
[2025-02-24T20:18:24.956+0000] {processor.py:925} INFO - DAG(s) 'example_nested_branch_dag' retrieved from /home/airflow/.local/lib/python3.12/site-packages/airflow/example_dags/example_nested_branch_dag.py
[2025-02-24T20:18:25.070+0000] {logging_mixin.py:190} INFO - [2025-02-24T20:18:25.070+0000] {dag.py:3239} INFO - Sync 1 DAGs
[2025-02-24T20:18:25.165+0000] {logging_mixin.py:190} INFO - [2025-02-24T20:18:25.164+0000] {dag.py:4180} INFO - Setting next_dagrun for example_nested_branch_dag to 2025-02-23 00:00:00+00:00, run_after=2025-02-24 00:00:00+00:00
[2025-02-24T20:18:25.222+0000] {processor.py:208} INFO - Processing /home/airflow/.local/lib/python3.12/site-packages/airflow/example_dags/example_nested_branch_dag.py took 0.335 seconds
[2025-02-24T20:18:55.937+0000] {processor.py:186} INFO - Started process (PID=2319) to work on /home/airflow/.local/lib/python3.12/site-packages/airflow/example_dags/example_nested_branch_dag.py
[2025-02-24T20:18:55.939+0000] {processor.py:914} INFO - Processing file /home/airflow/.local/lib/python3.12/site-packages/airflow/example_dags/example_nested_branch_dag.py for tasks to queue
[2025-02-24T20:18:55.942+0000] {logging_mixin.py:190} INFO - [2025-02-24T20:18:55.942+0000] {dagbag.py:588} INFO - Filling up the DagBag from /home/airflow/.local/lib/python3.12/site-packages/airflow/example_dags/example_nested_branch_dag.py
[2025-02-24T20:18:55.960+0000] {processor.py:925} INFO - DAG(s) 'example_nested_branch_dag' retrieved from /home/airflow/.local/lib/python3.12/site-packages/airflow/example_dags/example_nested_branch_dag.py
[2025-02-24T20:18:55.992+0000] {logging_mixin.py:190} INFO - [2025-02-24T20:18:55.991+0000] {dag.py:3239} INFO - Sync 1 DAGs
[2025-02-24T20:18:56.031+0000] {logging_mixin.py:190} INFO - [2025-02-24T20:18:56.031+0000] {dag.py:4180} INFO - Setting next_dagrun for example_nested_branch_dag to 2025-02-23 00:00:00+00:00, run_after=2025-02-24 00:00:00+00:00
[2025-02-24T20:18:56.106+0000] {processor.py:208} INFO - Processing /home/airflow/.local/lib/python3.12/site-packages/airflow/example_dags/example_nested_branch_dag.py took 0.179 seconds
[2025-02-24T20:19:26.341+0000] {processor.py:186} INFO - Started process (PID=2382) to work on /home/airflow/.local/lib/python3.12/site-packages/airflow/example_dags/example_nested_branch_dag.py
[2025-02-24T20:19:26.343+0000] {processor.py:914} INFO - Processing file /home/airflow/.local/lib/python3.12/site-packages/airflow/example_dags/example_nested_branch_dag.py for tasks to queue
[2025-02-24T20:19:26.359+0000] {logging_mixin.py:190} INFO - [2025-02-24T20:19:26.358+0000] {dagbag.py:588} INFO - Filling up the DagBag from /home/airflow/.local/lib/python3.12/site-packages/airflow/example_dags/example_nested_branch_dag.py
[2025-02-24T20:19:26.427+0000] {processor.py:925} INFO - DAG(s) 'example_nested_branch_dag' retrieved from /home/airflow/.local/lib/python3.12/site-packages/airflow/example_dags/example_nested_branch_dag.py
[2025-02-24T20:19:26.542+0000] {logging_mixin.py:190} INFO - [2025-02-24T20:19:26.542+0000] {dag.py:3239} INFO - Sync 1 DAGs
[2025-02-24T20:19:26.678+0000] {logging_mixin.py:190} INFO - [2025-02-24T20:19:26.677+0000] {dag.py:4180} INFO - Setting next_dagrun for example_nested_branch_dag to 2025-02-23 00:00:00+00:00, run_after=2025-02-24 00:00:00+00:00
[2025-02-24T20:19:26.783+0000] {processor.py:208} INFO - Processing /home/airflow/.local/lib/python3.12/site-packages/airflow/example_dags/example_nested_branch_dag.py took 0.464 seconds
[2025-02-24T21:33:58.754+0000] {processor.py:186} INFO - Started process (PID=183) to work on /home/airflow/.local/lib/python3.12/site-packages/airflow/example_dags/example_nested_branch_dag.py
[2025-02-24T21:33:58.776+0000] {processor.py:914} INFO - Processing file /home/airflow/.local/lib/python3.12/site-packages/airflow/example_dags/example_nested_branch_dag.py for tasks to queue
[2025-02-24T21:33:58.780+0000] {logging_mixin.py:190} INFO - [2025-02-24T21:33:58.779+0000] {dagbag.py:588} INFO - Filling up the DagBag from /home/airflow/.local/lib/python3.12/site-packages/airflow/example_dags/example_nested_branch_dag.py
[2025-02-24T21:33:58.820+0000] {processor.py:925} INFO - DAG(s) 'example_nested_branch_dag' retrieved from /home/airflow/.local/lib/python3.12/site-packages/airflow/example_dags/example_nested_branch_dag.py
[2025-02-24T21:51:59.164+0000] {processor.py:186} INFO - Started process (PID=360) to work on /home/airflow/.local/lib/python3.12/site-packages/airflow/example_dags/example_nested_branch_dag.py
[2025-02-24T21:51:59.364+0000] {processor.py:914} INFO - Processing file /home/airflow/.local/lib/python3.12/site-packages/airflow/example_dags/example_nested_branch_dag.py for tasks to queue
[2025-02-24T21:52:07.066+0000] {logging_mixin.py:190} INFO - [2025-02-24T21:52:07.051+0000] {dagbag.py:588} INFO - Filling up the DagBag from /home/airflow/.local/lib/python3.12/site-packages/airflow/example_dags/example_nested_branch_dag.py
[2025-02-24T21:52:22.585+0000] {processor.py:925} INFO - DAG(s) 'example_nested_branch_dag' retrieved from /home/airflow/.local/lib/python3.12/site-packages/airflow/example_dags/example_nested_branch_dag.py
