[2025-02-24T20:00:48.187+0000] {processor.py:186} INFO - Started process (PID=99) to work on /home/airflow/.local/lib/python3.12/site-packages/airflow/example_dags/example_branch_python_dop_operator_3.py
[2025-02-24T20:00:48.204+0000] {processor.py:914} INFO - Processing file /home/airflow/.local/lib/python3.12/site-packages/airflow/example_dags/example_branch_python_dop_operator_3.py for tasks to queue
[2025-02-24T20:00:48.214+0000] {logging_mixin.py:190} INFO - [2025-02-24T20:00:48.212+0000] {dagbag.py:588} INFO - Filling up the DagBag from /home/airflow/.local/lib/python3.12/site-packages/airflow/example_dags/example_branch_python_dop_operator_3.py
[2025-02-24T20:00:48.304+0000] {processor.py:925} INFO - DAG(s) 'example_branch_dop_operator_v3' retrieved from /home/airflow/.local/lib/python3.12/site-packages/airflow/example_dags/example_branch_python_dop_operator_3.py
[2025-02-24T20:00:48.982+0000] {logging_mixin.py:190} INFO - [2025-02-24T20:00:48.980+0000] {override.py:1912} INFO - Created Permission View: can edit on DAG:example_branch_dop_operator_v3
[2025-02-24T20:00:49.068+0000] {logging_mixin.py:190} INFO - [2025-02-24T20:00:49.068+0000] {override.py:1912} INFO - Created Permission View: can delete on DAG:example_branch_dop_operator_v3
[2025-02-24T20:00:49.091+0000] {logging_mixin.py:190} INFO - [2025-02-24T20:00:49.090+0000] {override.py:1912} INFO - Created Permission View: can read on DAG:example_branch_dop_operator_v3
[2025-02-24T20:00:49.108+0000] {logging_mixin.py:190} INFO - [2025-02-24T20:00:49.107+0000] {override.py:1912} INFO - Created Permission View: can delete on DAG Run:example_branch_dop_operator_v3
[2025-02-24T20:00:49.138+0000] {logging_mixin.py:190} INFO - [2025-02-24T20:00:49.137+0000] {override.py:1912} INFO - Created Permission View: can create on DAG Run:example_branch_dop_operator_v3
[2025-02-24T20:00:49.167+0000] {logging_mixin.py:190} INFO - [2025-02-24T20:00:49.167+0000] {override.py:1912} INFO - Created Permission View: menu access on DAG Run:example_branch_dop_operator_v3
[2025-02-24T20:00:49.195+0000] {logging_mixin.py:190} INFO - [2025-02-24T20:00:49.194+0000] {override.py:1912} INFO - Created Permission View: can read on DAG Run:example_branch_dop_operator_v3
[2025-02-24T20:00:49.198+0000] {logging_mixin.py:190} INFO - [2025-02-24T20:00:49.196+0000] {dag.py:3239} INFO - Sync 1 DAGs
[2025-02-24T20:00:49.295+0000] {logging_mixin.py:190} INFO - [2025-02-24T20:00:49.295+0000] {dag.py:3262} INFO - Creating ORM DAG for example_branch_dop_operator_v3
[2025-02-24T20:00:49.375+0000] {logging_mixin.py:190} INFO - [2025-02-24T20:00:49.375+0000] {dag.py:4180} INFO - Setting next_dagrun for example_branch_dop_operator_v3 to 2025-02-24 19:59:00+00:00, run_after=2025-02-24 20:00:00+00:00
[2025-02-24T20:00:49.562+0000] {processor.py:208} INFO - Processing /home/airflow/.local/lib/python3.12/site-packages/airflow/example_dags/example_branch_python_dop_operator_3.py took 1.396 seconds
[2025-02-24T20:01:19.652+0000] {processor.py:186} INFO - Started process (PID=161) to work on /home/airflow/.local/lib/python3.12/site-packages/airflow/example_dags/example_branch_python_dop_operator_3.py
[2025-02-24T20:01:19.653+0000] {processor.py:914} INFO - Processing file /home/airflow/.local/lib/python3.12/site-packages/airflow/example_dags/example_branch_python_dop_operator_3.py for tasks to queue
[2025-02-24T20:01:19.656+0000] {logging_mixin.py:190} INFO - [2025-02-24T20:01:19.656+0000] {dagbag.py:588} INFO - Filling up the DagBag from /home/airflow/.local/lib/python3.12/site-packages/airflow/example_dags/example_branch_python_dop_operator_3.py
[2025-02-24T20:01:19.672+0000] {processor.py:925} INFO - DAG(s) 'example_branch_dop_operator_v3' retrieved from /home/airflow/.local/lib/python3.12/site-packages/airflow/example_dags/example_branch_python_dop_operator_3.py
[2025-02-24T20:01:19.705+0000] {logging_mixin.py:190} INFO - [2025-02-24T20:01:19.705+0000] {dag.py:3239} INFO - Sync 1 DAGs
[2025-02-24T20:01:19.734+0000] {logging_mixin.py:190} INFO - [2025-02-24T20:01:19.733+0000] {dag.py:4180} INFO - Setting next_dagrun for example_branch_dop_operator_v3 to 2025-02-24 20:00:00+00:00, run_after=2025-02-24 20:01:00+00:00
[2025-02-24T20:01:19.767+0000] {processor.py:208} INFO - Processing /home/airflow/.local/lib/python3.12/site-packages/airflow/example_dags/example_branch_python_dop_operator_3.py took 0.122 seconds
[2025-02-24T20:01:49.895+0000] {processor.py:186} INFO - Started process (PID=224) to work on /home/airflow/.local/lib/python3.12/site-packages/airflow/example_dags/example_branch_python_dop_operator_3.py
[2025-02-24T20:01:49.896+0000] {processor.py:914} INFO - Processing file /home/airflow/.local/lib/python3.12/site-packages/airflow/example_dags/example_branch_python_dop_operator_3.py for tasks to queue
[2025-02-24T20:01:49.899+0000] {logging_mixin.py:190} INFO - [2025-02-24T20:01:49.898+0000] {dagbag.py:588} INFO - Filling up the DagBag from /home/airflow/.local/lib/python3.12/site-packages/airflow/example_dags/example_branch_python_dop_operator_3.py
[2025-02-24T20:01:49.912+0000] {processor.py:925} INFO - DAG(s) 'example_branch_dop_operator_v3' retrieved from /home/airflow/.local/lib/python3.12/site-packages/airflow/example_dags/example_branch_python_dop_operator_3.py
[2025-02-24T20:01:49.934+0000] {logging_mixin.py:190} INFO - [2025-02-24T20:01:49.933+0000] {dag.py:3239} INFO - Sync 1 DAGs
[2025-02-24T20:01:49.964+0000] {logging_mixin.py:190} INFO - [2025-02-24T20:01:49.964+0000] {dag.py:4180} INFO - Setting next_dagrun for example_branch_dop_operator_v3 to 2025-02-24 20:00:00+00:00, run_after=2025-02-24 20:01:00+00:00
[2025-02-24T20:01:49.987+0000] {processor.py:208} INFO - Processing /home/airflow/.local/lib/python3.12/site-packages/airflow/example_dags/example_branch_python_dop_operator_3.py took 0.100 seconds
[2025-02-24T20:02:23.763+0000] {processor.py:186} INFO - Started process (PID=293) to work on /home/airflow/.local/lib/python3.12/site-packages/airflow/example_dags/example_branch_python_dop_operator_3.py
[2025-02-24T20:02:23.765+0000] {processor.py:914} INFO - Processing file /home/airflow/.local/lib/python3.12/site-packages/airflow/example_dags/example_branch_python_dop_operator_3.py for tasks to queue
[2025-02-24T20:02:23.768+0000] {logging_mixin.py:190} INFO - [2025-02-24T20:02:23.767+0000] {dagbag.py:588} INFO - Filling up the DagBag from /home/airflow/.local/lib/python3.12/site-packages/airflow/example_dags/example_branch_python_dop_operator_3.py
[2025-02-24T20:02:23.782+0000] {processor.py:925} INFO - DAG(s) 'example_branch_dop_operator_v3' retrieved from /home/airflow/.local/lib/python3.12/site-packages/airflow/example_dags/example_branch_python_dop_operator_3.py
[2025-02-24T20:02:23.803+0000] {logging_mixin.py:190} INFO - [2025-02-24T20:02:23.803+0000] {dag.py:3239} INFO - Sync 1 DAGs
[2025-02-24T20:02:23.833+0000] {logging_mixin.py:190} INFO - [2025-02-24T20:02:23.833+0000] {dag.py:4180} INFO - Setting next_dagrun for example_branch_dop_operator_v3 to 2025-02-24 20:01:00+00:00, run_after=2025-02-24 20:02:00+00:00
[2025-02-24T20:02:23.859+0000] {processor.py:208} INFO - Processing /home/airflow/.local/lib/python3.12/site-packages/airflow/example_dags/example_branch_python_dop_operator_3.py took 0.105 seconds
[2025-02-24T20:02:54.709+0000] {processor.py:186} INFO - Started process (PID=355) to work on /home/airflow/.local/lib/python3.12/site-packages/airflow/example_dags/example_branch_python_dop_operator_3.py
[2025-02-24T20:02:54.710+0000] {processor.py:914} INFO - Processing file /home/airflow/.local/lib/python3.12/site-packages/airflow/example_dags/example_branch_python_dop_operator_3.py for tasks to queue
[2025-02-24T20:02:54.712+0000] {logging_mixin.py:190} INFO - [2025-02-24T20:02:54.712+0000] {dagbag.py:588} INFO - Filling up the DagBag from /home/airflow/.local/lib/python3.12/site-packages/airflow/example_dags/example_branch_python_dop_operator_3.py
[2025-02-24T20:02:54.722+0000] {processor.py:925} INFO - DAG(s) 'example_branch_dop_operator_v3' retrieved from /home/airflow/.local/lib/python3.12/site-packages/airflow/example_dags/example_branch_python_dop_operator_3.py
[2025-02-24T20:02:54.742+0000] {logging_mixin.py:190} INFO - [2025-02-24T20:02:54.742+0000] {dag.py:3239} INFO - Sync 1 DAGs
[2025-02-24T20:02:54.769+0000] {logging_mixin.py:190} INFO - [2025-02-24T20:02:54.769+0000] {dag.py:4180} INFO - Setting next_dagrun for example_branch_dop_operator_v3 to 2025-02-24 20:01:00+00:00, run_after=2025-02-24 20:02:00+00:00
[2025-02-24T20:02:54.793+0000] {processor.py:208} INFO - Processing /home/airflow/.local/lib/python3.12/site-packages/airflow/example_dags/example_branch_python_dop_operator_3.py took 0.090 seconds
[2025-02-24T20:03:25.692+0000] {processor.py:186} INFO - Started process (PID=418) to work on /home/airflow/.local/lib/python3.12/site-packages/airflow/example_dags/example_branch_python_dop_operator_3.py
[2025-02-24T20:03:25.693+0000] {processor.py:914} INFO - Processing file /home/airflow/.local/lib/python3.12/site-packages/airflow/example_dags/example_branch_python_dop_operator_3.py for tasks to queue
[2025-02-24T20:03:25.696+0000] {logging_mixin.py:190} INFO - [2025-02-24T20:03:25.696+0000] {dagbag.py:588} INFO - Filling up the DagBag from /home/airflow/.local/lib/python3.12/site-packages/airflow/example_dags/example_branch_python_dop_operator_3.py
[2025-02-24T20:03:25.709+0000] {processor.py:925} INFO - DAG(s) 'example_branch_dop_operator_v3' retrieved from /home/airflow/.local/lib/python3.12/site-packages/airflow/example_dags/example_branch_python_dop_operator_3.py
[2025-02-24T20:03:25.730+0000] {logging_mixin.py:190} INFO - [2025-02-24T20:03:25.730+0000] {dag.py:3239} INFO - Sync 1 DAGs
[2025-02-24T20:03:25.760+0000] {logging_mixin.py:190} INFO - [2025-02-24T20:03:25.760+0000] {dag.py:4180} INFO - Setting next_dagrun for example_branch_dop_operator_v3 to 2025-02-24 20:02:00+00:00, run_after=2025-02-24 20:03:00+00:00
[2025-02-24T20:03:25.801+0000] {processor.py:208} INFO - Processing /home/airflow/.local/lib/python3.12/site-packages/airflow/example_dags/example_branch_python_dop_operator_3.py took 0.116 seconds
[2025-02-24T20:03:57.114+0000] {processor.py:186} INFO - Started process (PID=481) to work on /home/airflow/.local/lib/python3.12/site-packages/airflow/example_dags/example_branch_python_dop_operator_3.py
[2025-02-24T20:03:57.115+0000] {processor.py:914} INFO - Processing file /home/airflow/.local/lib/python3.12/site-packages/airflow/example_dags/example_branch_python_dop_operator_3.py for tasks to queue
[2025-02-24T20:03:57.118+0000] {logging_mixin.py:190} INFO - [2025-02-24T20:03:57.117+0000] {dagbag.py:588} INFO - Filling up the DagBag from /home/airflow/.local/lib/python3.12/site-packages/airflow/example_dags/example_branch_python_dop_operator_3.py
[2025-02-24T20:03:57.128+0000] {processor.py:925} INFO - DAG(s) 'example_branch_dop_operator_v3' retrieved from /home/airflow/.local/lib/python3.12/site-packages/airflow/example_dags/example_branch_python_dop_operator_3.py
[2025-02-24T20:03:57.148+0000] {logging_mixin.py:190} INFO - [2025-02-24T20:03:57.148+0000] {dag.py:3239} INFO - Sync 1 DAGs
[2025-02-24T20:03:57.179+0000] {logging_mixin.py:190} INFO - [2025-02-24T20:03:57.179+0000] {dag.py:4180} INFO - Setting next_dagrun for example_branch_dop_operator_v3 to 2025-02-24 20:02:00+00:00, run_after=2025-02-24 20:03:00+00:00
[2025-02-24T20:03:57.199+0000] {processor.py:208} INFO - Processing /home/airflow/.local/lib/python3.12/site-packages/airflow/example_dags/example_branch_python_dop_operator_3.py took 0.091 seconds
[2025-02-24T20:04:28.316+0000] {processor.py:186} INFO - Started process (PID=544) to work on /home/airflow/.local/lib/python3.12/site-packages/airflow/example_dags/example_branch_python_dop_operator_3.py
[2025-02-24T20:04:28.317+0000] {processor.py:914} INFO - Processing file /home/airflow/.local/lib/python3.12/site-packages/airflow/example_dags/example_branch_python_dop_operator_3.py for tasks to queue
[2025-02-24T20:04:28.320+0000] {logging_mixin.py:190} INFO - [2025-02-24T20:04:28.319+0000] {dagbag.py:588} INFO - Filling up the DagBag from /home/airflow/.local/lib/python3.12/site-packages/airflow/example_dags/example_branch_python_dop_operator_3.py
[2025-02-24T20:04:28.331+0000] {processor.py:925} INFO - DAG(s) 'example_branch_dop_operator_v3' retrieved from /home/airflow/.local/lib/python3.12/site-packages/airflow/example_dags/example_branch_python_dop_operator_3.py
[2025-02-24T20:04:28.351+0000] {logging_mixin.py:190} INFO - [2025-02-24T20:04:28.350+0000] {dag.py:3239} INFO - Sync 1 DAGs
[2025-02-24T20:04:28.378+0000] {logging_mixin.py:190} INFO - [2025-02-24T20:04:28.378+0000] {dag.py:4180} INFO - Setting next_dagrun for example_branch_dop_operator_v3 to 2025-02-24 20:03:00+00:00, run_after=2025-02-24 20:04:00+00:00
[2025-02-24T20:04:28.399+0000] {processor.py:208} INFO - Processing /home/airflow/.local/lib/python3.12/site-packages/airflow/example_dags/example_branch_python_dop_operator_3.py took 0.089 seconds
[2025-02-24T20:04:59.689+0000] {processor.py:186} INFO - Started process (PID=607) to work on /home/airflow/.local/lib/python3.12/site-packages/airflow/example_dags/example_branch_python_dop_operator_3.py
[2025-02-24T20:04:59.691+0000] {processor.py:914} INFO - Processing file /home/airflow/.local/lib/python3.12/site-packages/airflow/example_dags/example_branch_python_dop_operator_3.py for tasks to queue
[2025-02-24T20:04:59.693+0000] {logging_mixin.py:190} INFO - [2025-02-24T20:04:59.693+0000] {dagbag.py:588} INFO - Filling up the DagBag from /home/airflow/.local/lib/python3.12/site-packages/airflow/example_dags/example_branch_python_dop_operator_3.py
[2025-02-24T20:04:59.704+0000] {processor.py:925} INFO - DAG(s) 'example_branch_dop_operator_v3' retrieved from /home/airflow/.local/lib/python3.12/site-packages/airflow/example_dags/example_branch_python_dop_operator_3.py
[2025-02-24T20:04:59.726+0000] {logging_mixin.py:190} INFO - [2025-02-24T20:04:59.726+0000] {dag.py:3239} INFO - Sync 1 DAGs
[2025-02-24T20:04:59.757+0000] {logging_mixin.py:190} INFO - [2025-02-24T20:04:59.757+0000] {dag.py:4180} INFO - Setting next_dagrun for example_branch_dop_operator_v3 to 2025-02-24 20:03:00+00:00, run_after=2025-02-24 20:04:00+00:00
[2025-02-24T20:04:59.783+0000] {processor.py:208} INFO - Processing /home/airflow/.local/lib/python3.12/site-packages/airflow/example_dags/example_branch_python_dop_operator_3.py took 0.100 seconds
[2025-02-24T20:05:32.115+0000] {processor.py:186} INFO - Started process (PID=670) to work on /home/airflow/.local/lib/python3.12/site-packages/airflow/example_dags/example_branch_python_dop_operator_3.py
[2025-02-24T20:05:32.117+0000] {processor.py:914} INFO - Processing file /home/airflow/.local/lib/python3.12/site-packages/airflow/example_dags/example_branch_python_dop_operator_3.py for tasks to queue
[2025-02-24T20:05:32.120+0000] {logging_mixin.py:190} INFO - [2025-02-24T20:05:32.120+0000] {dagbag.py:588} INFO - Filling up the DagBag from /home/airflow/.local/lib/python3.12/site-packages/airflow/example_dags/example_branch_python_dop_operator_3.py
[2025-02-24T20:05:32.138+0000] {processor.py:925} INFO - DAG(s) 'example_branch_dop_operator_v3' retrieved from /home/airflow/.local/lib/python3.12/site-packages/airflow/example_dags/example_branch_python_dop_operator_3.py
[2025-02-24T20:05:32.160+0000] {logging_mixin.py:190} INFO - [2025-02-24T20:05:32.160+0000] {dag.py:3239} INFO - Sync 1 DAGs
[2025-02-24T20:05:32.195+0000] {logging_mixin.py:190} INFO - [2025-02-24T20:05:32.195+0000] {dag.py:4180} INFO - Setting next_dagrun for example_branch_dop_operator_v3 to 2025-02-24 20:04:00+00:00, run_after=2025-02-24 20:05:00+00:00
[2025-02-24T20:05:32.218+0000] {processor.py:208} INFO - Processing /home/airflow/.local/lib/python3.12/site-packages/airflow/example_dags/example_branch_python_dop_operator_3.py took 0.111 seconds
[2025-02-24T20:06:03.742+0000] {processor.py:186} INFO - Started process (PID=733) to work on /home/airflow/.local/lib/python3.12/site-packages/airflow/example_dags/example_branch_python_dop_operator_3.py
[2025-02-24T20:06:03.743+0000] {processor.py:914} INFO - Processing file /home/airflow/.local/lib/python3.12/site-packages/airflow/example_dags/example_branch_python_dop_operator_3.py for tasks to queue
[2025-02-24T20:06:03.747+0000] {logging_mixin.py:190} INFO - [2025-02-24T20:06:03.746+0000] {dagbag.py:588} INFO - Filling up the DagBag from /home/airflow/.local/lib/python3.12/site-packages/airflow/example_dags/example_branch_python_dop_operator_3.py
[2025-02-24T20:06:03.760+0000] {processor.py:925} INFO - DAG(s) 'example_branch_dop_operator_v3' retrieved from /home/airflow/.local/lib/python3.12/site-packages/airflow/example_dags/example_branch_python_dop_operator_3.py
[2025-02-24T20:06:03.782+0000] {logging_mixin.py:190} INFO - [2025-02-24T20:06:03.781+0000] {dag.py:3239} INFO - Sync 1 DAGs
[2025-02-24T20:06:03.819+0000] {logging_mixin.py:190} INFO - [2025-02-24T20:06:03.819+0000] {dag.py:4180} INFO - Setting next_dagrun for example_branch_dop_operator_v3 to 2025-02-24 20:05:00+00:00, run_after=2025-02-24 20:06:00+00:00
[2025-02-24T20:06:03.846+0000] {processor.py:208} INFO - Processing /home/airflow/.local/lib/python3.12/site-packages/airflow/example_dags/example_branch_python_dop_operator_3.py took 0.110 seconds
[2025-02-24T20:06:35.007+0000] {processor.py:186} INFO - Started process (PID=796) to work on /home/airflow/.local/lib/python3.12/site-packages/airflow/example_dags/example_branch_python_dop_operator_3.py
[2025-02-24T20:06:35.008+0000] {processor.py:914} INFO - Processing file /home/airflow/.local/lib/python3.12/site-packages/airflow/example_dags/example_branch_python_dop_operator_3.py for tasks to queue
[2025-02-24T20:06:35.011+0000] {logging_mixin.py:190} INFO - [2025-02-24T20:06:35.011+0000] {dagbag.py:588} INFO - Filling up the DagBag from /home/airflow/.local/lib/python3.12/site-packages/airflow/example_dags/example_branch_python_dop_operator_3.py
[2025-02-24T20:06:35.023+0000] {processor.py:925} INFO - DAG(s) 'example_branch_dop_operator_v3' retrieved from /home/airflow/.local/lib/python3.12/site-packages/airflow/example_dags/example_branch_python_dop_operator_3.py
[2025-02-24T20:06:35.043+0000] {logging_mixin.py:190} INFO - [2025-02-24T20:06:35.043+0000] {dag.py:3239} INFO - Sync 1 DAGs
[2025-02-24T20:06:35.072+0000] {logging_mixin.py:190} INFO - [2025-02-24T20:06:35.072+0000] {dag.py:4180} INFO - Setting next_dagrun for example_branch_dop_operator_v3 to 2025-02-24 20:05:00+00:00, run_after=2025-02-24 20:06:00+00:00
[2025-02-24T20:06:35.093+0000] {processor.py:208} INFO - Processing /home/airflow/.local/lib/python3.12/site-packages/airflow/example_dags/example_branch_python_dop_operator_3.py took 0.092 seconds
[2025-02-24T20:07:06.162+0000] {processor.py:186} INFO - Started process (PID=859) to work on /home/airflow/.local/lib/python3.12/site-packages/airflow/example_dags/example_branch_python_dop_operator_3.py
[2025-02-24T20:07:06.163+0000] {processor.py:914} INFO - Processing file /home/airflow/.local/lib/python3.12/site-packages/airflow/example_dags/example_branch_python_dop_operator_3.py for tasks to queue
[2025-02-24T20:07:06.165+0000] {logging_mixin.py:190} INFO - [2025-02-24T20:07:06.165+0000] {dagbag.py:588} INFO - Filling up the DagBag from /home/airflow/.local/lib/python3.12/site-packages/airflow/example_dags/example_branch_python_dop_operator_3.py
[2025-02-24T20:07:06.175+0000] {processor.py:925} INFO - DAG(s) 'example_branch_dop_operator_v3' retrieved from /home/airflow/.local/lib/python3.12/site-packages/airflow/example_dags/example_branch_python_dop_operator_3.py
[2025-02-24T20:07:06.194+0000] {logging_mixin.py:190} INFO - [2025-02-24T20:07:06.194+0000] {dag.py:3239} INFO - Sync 1 DAGs
[2025-02-24T20:07:06.223+0000] {logging_mixin.py:190} INFO - [2025-02-24T20:07:06.223+0000] {dag.py:4180} INFO - Setting next_dagrun for example_branch_dop_operator_v3 to 2025-02-24 20:06:00+00:00, run_after=2025-02-24 20:07:00+00:00
[2025-02-24T20:07:06.252+0000] {processor.py:208} INFO - Processing /home/airflow/.local/lib/python3.12/site-packages/airflow/example_dags/example_branch_python_dop_operator_3.py took 0.097 seconds
[2025-02-24T20:07:37.495+0000] {processor.py:186} INFO - Started process (PID=922) to work on /home/airflow/.local/lib/python3.12/site-packages/airflow/example_dags/example_branch_python_dop_operator_3.py
[2025-02-24T20:07:37.496+0000] {processor.py:914} INFO - Processing file /home/airflow/.local/lib/python3.12/site-packages/airflow/example_dags/example_branch_python_dop_operator_3.py for tasks to queue
[2025-02-24T20:07:37.499+0000] {logging_mixin.py:190} INFO - [2025-02-24T20:07:37.498+0000] {dagbag.py:588} INFO - Filling up the DagBag from /home/airflow/.local/lib/python3.12/site-packages/airflow/example_dags/example_branch_python_dop_operator_3.py
[2025-02-24T20:07:37.511+0000] {processor.py:925} INFO - DAG(s) 'example_branch_dop_operator_v3' retrieved from /home/airflow/.local/lib/python3.12/site-packages/airflow/example_dags/example_branch_python_dop_operator_3.py
[2025-02-24T20:07:37.532+0000] {logging_mixin.py:190} INFO - [2025-02-24T20:07:37.532+0000] {dag.py:3239} INFO - Sync 1 DAGs
[2025-02-24T20:07:37.562+0000] {logging_mixin.py:190} INFO - [2025-02-24T20:07:37.561+0000] {dag.py:4180} INFO - Setting next_dagrun for example_branch_dop_operator_v3 to 2025-02-24 20:06:00+00:00, run_after=2025-02-24 20:07:00+00:00
[2025-02-24T20:07:37.589+0000] {processor.py:208} INFO - Processing /home/airflow/.local/lib/python3.12/site-packages/airflow/example_dags/example_branch_python_dop_operator_3.py took 0.100 seconds
[2025-02-24T20:08:08.824+0000] {processor.py:186} INFO - Started process (PID=985) to work on /home/airflow/.local/lib/python3.12/site-packages/airflow/example_dags/example_branch_python_dop_operator_3.py
[2025-02-24T20:08:08.826+0000] {processor.py:914} INFO - Processing file /home/airflow/.local/lib/python3.12/site-packages/airflow/example_dags/example_branch_python_dop_operator_3.py for tasks to queue
[2025-02-24T20:08:08.828+0000] {logging_mixin.py:190} INFO - [2025-02-24T20:08:08.828+0000] {dagbag.py:588} INFO - Filling up the DagBag from /home/airflow/.local/lib/python3.12/site-packages/airflow/example_dags/example_branch_python_dop_operator_3.py
[2025-02-24T20:08:08.838+0000] {processor.py:925} INFO - DAG(s) 'example_branch_dop_operator_v3' retrieved from /home/airflow/.local/lib/python3.12/site-packages/airflow/example_dags/example_branch_python_dop_operator_3.py
[2025-02-24T20:08:08.859+0000] {logging_mixin.py:190} INFO - [2025-02-24T20:08:08.858+0000] {dag.py:3239} INFO - Sync 1 DAGs
[2025-02-24T20:08:08.887+0000] {logging_mixin.py:190} INFO - [2025-02-24T20:08:08.887+0000] {dag.py:4180} INFO - Setting next_dagrun for example_branch_dop_operator_v3 to 2025-02-24 20:07:00+00:00, run_after=2025-02-24 20:08:00+00:00
[2025-02-24T20:08:08.913+0000] {processor.py:208} INFO - Processing /home/airflow/.local/lib/python3.12/site-packages/airflow/example_dags/example_branch_python_dop_operator_3.py took 0.094 seconds
[2025-02-24T20:08:39.774+0000] {processor.py:186} INFO - Started process (PID=1048) to work on /home/airflow/.local/lib/python3.12/site-packages/airflow/example_dags/example_branch_python_dop_operator_3.py
[2025-02-24T20:08:39.775+0000] {processor.py:914} INFO - Processing file /home/airflow/.local/lib/python3.12/site-packages/airflow/example_dags/example_branch_python_dop_operator_3.py for tasks to queue
[2025-02-24T20:08:39.778+0000] {logging_mixin.py:190} INFO - [2025-02-24T20:08:39.777+0000] {dagbag.py:588} INFO - Filling up the DagBag from /home/airflow/.local/lib/python3.12/site-packages/airflow/example_dags/example_branch_python_dop_operator_3.py
[2025-02-24T20:08:39.791+0000] {processor.py:925} INFO - DAG(s) 'example_branch_dop_operator_v3' retrieved from /home/airflow/.local/lib/python3.12/site-packages/airflow/example_dags/example_branch_python_dop_operator_3.py
[2025-02-24T20:08:39.812+0000] {logging_mixin.py:190} INFO - [2025-02-24T20:08:39.812+0000] {dag.py:3239} INFO - Sync 1 DAGs
[2025-02-24T20:08:39.845+0000] {logging_mixin.py:190} INFO - [2025-02-24T20:08:39.845+0000] {dag.py:4180} INFO - Setting next_dagrun for example_branch_dop_operator_v3 to 2025-02-24 20:07:00+00:00, run_after=2025-02-24 20:08:00+00:00
[2025-02-24T20:08:39.870+0000] {processor.py:208} INFO - Processing /home/airflow/.local/lib/python3.12/site-packages/airflow/example_dags/example_branch_python_dop_operator_3.py took 0.104 seconds
[2025-02-24T20:09:10.977+0000] {processor.py:186} INFO - Started process (PID=1112) to work on /home/airflow/.local/lib/python3.12/site-packages/airflow/example_dags/example_branch_python_dop_operator_3.py
[2025-02-24T20:09:10.978+0000] {processor.py:914} INFO - Processing file /home/airflow/.local/lib/python3.12/site-packages/airflow/example_dags/example_branch_python_dop_operator_3.py for tasks to queue
[2025-02-24T20:09:10.981+0000] {logging_mixin.py:190} INFO - [2025-02-24T20:09:10.980+0000] {dagbag.py:588} INFO - Filling up the DagBag from /home/airflow/.local/lib/python3.12/site-packages/airflow/example_dags/example_branch_python_dop_operator_3.py
[2025-02-24T20:09:10.990+0000] {processor.py:925} INFO - DAG(s) 'example_branch_dop_operator_v3' retrieved from /home/airflow/.local/lib/python3.12/site-packages/airflow/example_dags/example_branch_python_dop_operator_3.py
[2025-02-24T20:09:11.012+0000] {logging_mixin.py:190} INFO - [2025-02-24T20:09:11.012+0000] {dag.py:3239} INFO - Sync 1 DAGs
[2025-02-24T20:09:11.041+0000] {logging_mixin.py:190} INFO - [2025-02-24T20:09:11.041+0000] {dag.py:4180} INFO - Setting next_dagrun for example_branch_dop_operator_v3 to 2025-02-24 20:08:00+00:00, run_after=2025-02-24 20:09:00+00:00
[2025-02-24T20:09:11.061+0000] {processor.py:208} INFO - Processing /home/airflow/.local/lib/python3.12/site-packages/airflow/example_dags/example_branch_python_dop_operator_3.py took 0.089 seconds
[2025-02-24T20:09:42.210+0000] {processor.py:186} INFO - Started process (PID=1175) to work on /home/airflow/.local/lib/python3.12/site-packages/airflow/example_dags/example_branch_python_dop_operator_3.py
[2025-02-24T20:09:42.211+0000] {processor.py:914} INFO - Processing file /home/airflow/.local/lib/python3.12/site-packages/airflow/example_dags/example_branch_python_dop_operator_3.py for tasks to queue
[2025-02-24T20:09:42.214+0000] {logging_mixin.py:190} INFO - [2025-02-24T20:09:42.214+0000] {dagbag.py:588} INFO - Filling up the DagBag from /home/airflow/.local/lib/python3.12/site-packages/airflow/example_dags/example_branch_python_dop_operator_3.py
[2025-02-24T20:09:42.224+0000] {processor.py:925} INFO - DAG(s) 'example_branch_dop_operator_v3' retrieved from /home/airflow/.local/lib/python3.12/site-packages/airflow/example_dags/example_branch_python_dop_operator_3.py
[2025-02-24T20:09:42.245+0000] {logging_mixin.py:190} INFO - [2025-02-24T20:09:42.244+0000] {dag.py:3239} INFO - Sync 1 DAGs
[2025-02-24T20:09:42.273+0000] {logging_mixin.py:190} INFO - [2025-02-24T20:09:42.273+0000] {dag.py:4180} INFO - Setting next_dagrun for example_branch_dop_operator_v3 to 2025-02-24 20:08:00+00:00, run_after=2025-02-24 20:09:00+00:00
[2025-02-24T20:09:42.310+0000] {processor.py:208} INFO - Processing /home/airflow/.local/lib/python3.12/site-packages/airflow/example_dags/example_branch_python_dop_operator_3.py took 0.106 seconds
[2025-02-24T20:10:13.406+0000] {processor.py:186} INFO - Started process (PID=1238) to work on /home/airflow/.local/lib/python3.12/site-packages/airflow/example_dags/example_branch_python_dop_operator_3.py
[2025-02-24T20:10:13.407+0000] {processor.py:914} INFO - Processing file /home/airflow/.local/lib/python3.12/site-packages/airflow/example_dags/example_branch_python_dop_operator_3.py for tasks to queue
[2025-02-24T20:10:13.409+0000] {logging_mixin.py:190} INFO - [2025-02-24T20:10:13.409+0000] {dagbag.py:588} INFO - Filling up the DagBag from /home/airflow/.local/lib/python3.12/site-packages/airflow/example_dags/example_branch_python_dop_operator_3.py
[2025-02-24T20:10:13.419+0000] {processor.py:925} INFO - DAG(s) 'example_branch_dop_operator_v3' retrieved from /home/airflow/.local/lib/python3.12/site-packages/airflow/example_dags/example_branch_python_dop_operator_3.py
[2025-02-24T20:10:13.439+0000] {logging_mixin.py:190} INFO - [2025-02-24T20:10:13.439+0000] {dag.py:3239} INFO - Sync 1 DAGs
[2025-02-24T20:10:13.469+0000] {logging_mixin.py:190} INFO - [2025-02-24T20:10:13.469+0000] {dag.py:4180} INFO - Setting next_dagrun for example_branch_dop_operator_v3 to 2025-02-24 20:09:00+00:00, run_after=2025-02-24 20:10:00+00:00
[2025-02-24T20:10:13.491+0000] {processor.py:208} INFO - Processing /home/airflow/.local/lib/python3.12/site-packages/airflow/example_dags/example_branch_python_dop_operator_3.py took 0.091 seconds
[2025-02-24T20:10:45.193+0000] {processor.py:186} INFO - Started process (PID=1304) to work on /home/airflow/.local/lib/python3.12/site-packages/airflow/example_dags/example_branch_python_dop_operator_3.py
[2025-02-24T20:10:45.194+0000] {processor.py:914} INFO - Processing file /home/airflow/.local/lib/python3.12/site-packages/airflow/example_dags/example_branch_python_dop_operator_3.py for tasks to queue
[2025-02-24T20:10:45.197+0000] {logging_mixin.py:190} INFO - [2025-02-24T20:10:45.197+0000] {dagbag.py:588} INFO - Filling up the DagBag from /home/airflow/.local/lib/python3.12/site-packages/airflow/example_dags/example_branch_python_dop_operator_3.py
[2025-02-24T20:10:45.209+0000] {processor.py:925} INFO - DAG(s) 'example_branch_dop_operator_v3' retrieved from /home/airflow/.local/lib/python3.12/site-packages/airflow/example_dags/example_branch_python_dop_operator_3.py
[2025-02-24T20:10:45.232+0000] {logging_mixin.py:190} INFO - [2025-02-24T20:10:45.232+0000] {dag.py:3239} INFO - Sync 1 DAGs
[2025-02-24T20:10:45.261+0000] {logging_mixin.py:190} INFO - [2025-02-24T20:10:45.260+0000] {dag.py:4180} INFO - Setting next_dagrun for example_branch_dop_operator_v3 to 2025-02-24 20:09:00+00:00, run_after=2025-02-24 20:10:00+00:00
[2025-02-24T20:10:45.291+0000] {processor.py:208} INFO - Processing /home/airflow/.local/lib/python3.12/site-packages/airflow/example_dags/example_branch_python_dop_operator_3.py took 0.105 seconds
[2025-02-24T20:11:16.408+0000] {processor.py:186} INFO - Started process (PID=1367) to work on /home/airflow/.local/lib/python3.12/site-packages/airflow/example_dags/example_branch_python_dop_operator_3.py
[2025-02-24T20:11:16.409+0000] {processor.py:914} INFO - Processing file /home/airflow/.local/lib/python3.12/site-packages/airflow/example_dags/example_branch_python_dop_operator_3.py for tasks to queue
[2025-02-24T20:11:16.411+0000] {logging_mixin.py:190} INFO - [2025-02-24T20:11:16.411+0000] {dagbag.py:588} INFO - Filling up the DagBag from /home/airflow/.local/lib/python3.12/site-packages/airflow/example_dags/example_branch_python_dop_operator_3.py
[2025-02-24T20:11:16.422+0000] {processor.py:925} INFO - DAG(s) 'example_branch_dop_operator_v3' retrieved from /home/airflow/.local/lib/python3.12/site-packages/airflow/example_dags/example_branch_python_dop_operator_3.py
[2025-02-24T20:11:16.445+0000] {logging_mixin.py:190} INFO - [2025-02-24T20:11:16.444+0000] {dag.py:3239} INFO - Sync 1 DAGs
[2025-02-24T20:11:16.475+0000] {logging_mixin.py:190} INFO - [2025-02-24T20:11:16.475+0000] {dag.py:4180} INFO - Setting next_dagrun for example_branch_dop_operator_v3 to 2025-02-24 20:10:00+00:00, run_after=2025-02-24 20:11:00+00:00
[2025-02-24T20:11:16.507+0000] {processor.py:208} INFO - Processing /home/airflow/.local/lib/python3.12/site-packages/airflow/example_dags/example_branch_python_dop_operator_3.py took 0.106 seconds
[2025-02-24T20:11:48.221+0000] {processor.py:186} INFO - Started process (PID=1433) to work on /home/airflow/.local/lib/python3.12/site-packages/airflow/example_dags/example_branch_python_dop_operator_3.py
[2025-02-24T20:11:48.222+0000] {processor.py:914} INFO - Processing file /home/airflow/.local/lib/python3.12/site-packages/airflow/example_dags/example_branch_python_dop_operator_3.py for tasks to queue
[2025-02-24T20:11:48.224+0000] {logging_mixin.py:190} INFO - [2025-02-24T20:11:48.224+0000] {dagbag.py:588} INFO - Filling up the DagBag from /home/airflow/.local/lib/python3.12/site-packages/airflow/example_dags/example_branch_python_dop_operator_3.py
[2025-02-24T20:11:48.234+0000] {processor.py:925} INFO - DAG(s) 'example_branch_dop_operator_v3' retrieved from /home/airflow/.local/lib/python3.12/site-packages/airflow/example_dags/example_branch_python_dop_operator_3.py
[2025-02-24T20:11:48.252+0000] {logging_mixin.py:190} INFO - [2025-02-24T20:11:48.252+0000] {dag.py:3239} INFO - Sync 1 DAGs
[2025-02-24T20:11:48.281+0000] {logging_mixin.py:190} INFO - [2025-02-24T20:11:48.281+0000] {dag.py:4180} INFO - Setting next_dagrun for example_branch_dop_operator_v3 to 2025-02-24 20:10:00+00:00, run_after=2025-02-24 20:11:00+00:00
[2025-02-24T20:11:48.306+0000] {processor.py:208} INFO - Processing /home/airflow/.local/lib/python3.12/site-packages/airflow/example_dags/example_branch_python_dop_operator_3.py took 0.091 seconds
[2025-02-24T20:12:19.431+0000] {processor.py:186} INFO - Started process (PID=1496) to work on /home/airflow/.local/lib/python3.12/site-packages/airflow/example_dags/example_branch_python_dop_operator_3.py
[2025-02-24T20:12:19.432+0000] {processor.py:914} INFO - Processing file /home/airflow/.local/lib/python3.12/site-packages/airflow/example_dags/example_branch_python_dop_operator_3.py for tasks to queue
[2025-02-24T20:12:19.434+0000] {logging_mixin.py:190} INFO - [2025-02-24T20:12:19.434+0000] {dagbag.py:588} INFO - Filling up the DagBag from /home/airflow/.local/lib/python3.12/site-packages/airflow/example_dags/example_branch_python_dop_operator_3.py
[2025-02-24T20:12:19.447+0000] {processor.py:925} INFO - DAG(s) 'example_branch_dop_operator_v3' retrieved from /home/airflow/.local/lib/python3.12/site-packages/airflow/example_dags/example_branch_python_dop_operator_3.py
[2025-02-24T20:12:19.466+0000] {logging_mixin.py:190} INFO - [2025-02-24T20:12:19.466+0000] {dag.py:3239} INFO - Sync 1 DAGs
[2025-02-24T20:12:19.496+0000] {logging_mixin.py:190} INFO - [2025-02-24T20:12:19.496+0000] {dag.py:4180} INFO - Setting next_dagrun for example_branch_dop_operator_v3 to 2025-02-24 20:11:00+00:00, run_after=2025-02-24 20:12:00+00:00
[2025-02-24T20:12:19.517+0000] {processor.py:208} INFO - Processing /home/airflow/.local/lib/python3.12/site-packages/airflow/example_dags/example_branch_python_dop_operator_3.py took 0.093 seconds
[2025-02-24T20:12:51.669+0000] {processor.py:186} INFO - Started process (PID=1572) to work on /home/airflow/.local/lib/python3.12/site-packages/airflow/example_dags/example_branch_python_dop_operator_3.py
[2025-02-24T20:12:51.670+0000] {processor.py:914} INFO - Processing file /home/airflow/.local/lib/python3.12/site-packages/airflow/example_dags/example_branch_python_dop_operator_3.py for tasks to queue
[2025-02-24T20:12:51.672+0000] {logging_mixin.py:190} INFO - [2025-02-24T20:12:51.672+0000] {dagbag.py:588} INFO - Filling up the DagBag from /home/airflow/.local/lib/python3.12/site-packages/airflow/example_dags/example_branch_python_dop_operator_3.py
[2025-02-24T20:12:51.684+0000] {processor.py:925} INFO - DAG(s) 'example_branch_dop_operator_v3' retrieved from /home/airflow/.local/lib/python3.12/site-packages/airflow/example_dags/example_branch_python_dop_operator_3.py
[2025-02-24T20:12:51.708+0000] {logging_mixin.py:190} INFO - [2025-02-24T20:12:51.708+0000] {dag.py:3239} INFO - Sync 1 DAGs
[2025-02-24T20:12:51.737+0000] {logging_mixin.py:190} INFO - [2025-02-24T20:12:51.737+0000] {dag.py:4180} INFO - Setting next_dagrun for example_branch_dop_operator_v3 to 2025-02-24 20:11:00+00:00, run_after=2025-02-24 20:12:00+00:00
[2025-02-24T20:12:51.756+0000] {processor.py:208} INFO - Processing /home/airflow/.local/lib/python3.12/site-packages/airflow/example_dags/example_branch_python_dop_operator_3.py took 0.093 seconds
[2025-02-24T20:13:23.963+0000] {processor.py:186} INFO - Started process (PID=1637) to work on /home/airflow/.local/lib/python3.12/site-packages/airflow/example_dags/example_branch_python_dop_operator_3.py
[2025-02-24T20:13:23.964+0000] {processor.py:914} INFO - Processing file /home/airflow/.local/lib/python3.12/site-packages/airflow/example_dags/example_branch_python_dop_operator_3.py for tasks to queue
[2025-02-24T20:13:23.966+0000] {logging_mixin.py:190} INFO - [2025-02-24T20:13:23.966+0000] {dagbag.py:588} INFO - Filling up the DagBag from /home/airflow/.local/lib/python3.12/site-packages/airflow/example_dags/example_branch_python_dop_operator_3.py
[2025-02-24T20:13:23.978+0000] {processor.py:925} INFO - DAG(s) 'example_branch_dop_operator_v3' retrieved from /home/airflow/.local/lib/python3.12/site-packages/airflow/example_dags/example_branch_python_dop_operator_3.py
[2025-02-24T20:13:24.000+0000] {logging_mixin.py:190} INFO - [2025-02-24T20:13:23.999+0000] {dag.py:3239} INFO - Sync 1 DAGs
[2025-02-24T20:13:24.030+0000] {logging_mixin.py:190} INFO - [2025-02-24T20:13:24.029+0000] {dag.py:4180} INFO - Setting next_dagrun for example_branch_dop_operator_v3 to 2025-02-24 20:12:00+00:00, run_after=2025-02-24 20:13:00+00:00
[2025-02-24T20:13:24.052+0000] {processor.py:208} INFO - Processing /home/airflow/.local/lib/python3.12/site-packages/airflow/example_dags/example_branch_python_dop_operator_3.py took 0.095 seconds
[2025-02-24T20:13:55.186+0000] {processor.py:186} INFO - Started process (PID=1701) to work on /home/airflow/.local/lib/python3.12/site-packages/airflow/example_dags/example_branch_python_dop_operator_3.py
[2025-02-24T20:13:55.188+0000] {processor.py:914} INFO - Processing file /home/airflow/.local/lib/python3.12/site-packages/airflow/example_dags/example_branch_python_dop_operator_3.py for tasks to queue
[2025-02-24T20:13:55.191+0000] {logging_mixin.py:190} INFO - [2025-02-24T20:13:55.190+0000] {dagbag.py:588} INFO - Filling up the DagBag from /home/airflow/.local/lib/python3.12/site-packages/airflow/example_dags/example_branch_python_dop_operator_3.py
[2025-02-24T20:13:55.202+0000] {processor.py:925} INFO - DAG(s) 'example_branch_dop_operator_v3' retrieved from /home/airflow/.local/lib/python3.12/site-packages/airflow/example_dags/example_branch_python_dop_operator_3.py
[2025-02-24T20:13:55.224+0000] {logging_mixin.py:190} INFO - [2025-02-24T20:13:55.224+0000] {dag.py:3239} INFO - Sync 1 DAGs
[2025-02-24T20:13:55.254+0000] {logging_mixin.py:190} INFO - [2025-02-24T20:13:55.254+0000] {dag.py:4180} INFO - Setting next_dagrun for example_branch_dop_operator_v3 to 2025-02-24 20:12:00+00:00, run_after=2025-02-24 20:13:00+00:00
[2025-02-24T20:13:55.289+0000] {processor.py:208} INFO - Processing /home/airflow/.local/lib/python3.12/site-packages/airflow/example_dags/example_branch_python_dop_operator_3.py took 0.109 seconds
[2025-02-24T20:14:28.836+0000] {processor.py:186} INFO - Started process (PID=1770) to work on /home/airflow/.local/lib/python3.12/site-packages/airflow/example_dags/example_branch_python_dop_operator_3.py
[2025-02-24T20:14:28.839+0000] {processor.py:914} INFO - Processing file /home/airflow/.local/lib/python3.12/site-packages/airflow/example_dags/example_branch_python_dop_operator_3.py for tasks to queue
[2025-02-24T20:14:28.843+0000] {logging_mixin.py:190} INFO - [2025-02-24T20:14:28.842+0000] {dagbag.py:588} INFO - Filling up the DagBag from /home/airflow/.local/lib/python3.12/site-packages/airflow/example_dags/example_branch_python_dop_operator_3.py
[2025-02-24T20:14:28.859+0000] {processor.py:925} INFO - DAG(s) 'example_branch_dop_operator_v3' retrieved from /home/airflow/.local/lib/python3.12/site-packages/airflow/example_dags/example_branch_python_dop_operator_3.py
[2025-02-24T20:14:28.881+0000] {logging_mixin.py:190} INFO - [2025-02-24T20:14:28.881+0000] {dag.py:3239} INFO - Sync 1 DAGs
[2025-02-24T20:14:28.917+0000] {logging_mixin.py:190} INFO - [2025-02-24T20:14:28.917+0000] {dag.py:4180} INFO - Setting next_dagrun for example_branch_dop_operator_v3 to 2025-02-24 20:13:00+00:00, run_after=2025-02-24 20:14:00+00:00
[2025-02-24T20:14:28.955+0000] {processor.py:208} INFO - Processing /home/airflow/.local/lib/python3.12/site-packages/airflow/example_dags/example_branch_python_dop_operator_3.py took 0.127 seconds
[2025-02-24T20:15:00.459+0000] {processor.py:186} INFO - Started process (PID=1833) to work on /home/airflow/.local/lib/python3.12/site-packages/airflow/example_dags/example_branch_python_dop_operator_3.py
[2025-02-24T20:15:00.460+0000] {processor.py:914} INFO - Processing file /home/airflow/.local/lib/python3.12/site-packages/airflow/example_dags/example_branch_python_dop_operator_3.py for tasks to queue
[2025-02-24T20:15:00.464+0000] {logging_mixin.py:190} INFO - [2025-02-24T20:15:00.463+0000] {dagbag.py:588} INFO - Filling up the DagBag from /home/airflow/.local/lib/python3.12/site-packages/airflow/example_dags/example_branch_python_dop_operator_3.py
[2025-02-24T20:15:00.483+0000] {processor.py:925} INFO - DAG(s) 'example_branch_dop_operator_v3' retrieved from /home/airflow/.local/lib/python3.12/site-packages/airflow/example_dags/example_branch_python_dop_operator_3.py
[2025-02-24T20:15:00.511+0000] {logging_mixin.py:190} INFO - [2025-02-24T20:15:00.511+0000] {dag.py:3239} INFO - Sync 1 DAGs
[2025-02-24T20:15:00.556+0000] {logging_mixin.py:190} INFO - [2025-02-24T20:15:00.556+0000] {dag.py:4180} INFO - Setting next_dagrun for example_branch_dop_operator_v3 to 2025-02-24 20:14:00+00:00, run_after=2025-02-24 20:15:00+00:00
[2025-02-24T20:15:00.612+0000] {processor.py:208} INFO - Processing /home/airflow/.local/lib/python3.12/site-packages/airflow/example_dags/example_branch_python_dop_operator_3.py took 0.161 seconds
[2025-02-24T20:15:32.699+0000] {processor.py:186} INFO - Started process (PID=1895) to work on /home/airflow/.local/lib/python3.12/site-packages/airflow/example_dags/example_branch_python_dop_operator_3.py
[2025-02-24T20:15:32.702+0000] {processor.py:914} INFO - Processing file /home/airflow/.local/lib/python3.12/site-packages/airflow/example_dags/example_branch_python_dop_operator_3.py for tasks to queue
[2025-02-24T20:15:32.707+0000] {logging_mixin.py:190} INFO - [2025-02-24T20:15:32.707+0000] {dagbag.py:588} INFO - Filling up the DagBag from /home/airflow/.local/lib/python3.12/site-packages/airflow/example_dags/example_branch_python_dop_operator_3.py
[2025-02-24T20:15:32.727+0000] {processor.py:925} INFO - DAG(s) 'example_branch_dop_operator_v3' retrieved from /home/airflow/.local/lib/python3.12/site-packages/airflow/example_dags/example_branch_python_dop_operator_3.py
[2025-02-24T20:15:32.759+0000] {logging_mixin.py:190} INFO - [2025-02-24T20:15:32.759+0000] {dag.py:3239} INFO - Sync 1 DAGs
[2025-02-24T20:15:32.817+0000] {logging_mixin.py:190} INFO - [2025-02-24T20:15:32.816+0000] {dag.py:4180} INFO - Setting next_dagrun for example_branch_dop_operator_v3 to 2025-02-24 20:14:00+00:00, run_after=2025-02-24 20:15:00+00:00
[2025-02-24T20:15:32.854+0000] {processor.py:208} INFO - Processing /home/airflow/.local/lib/python3.12/site-packages/airflow/example_dags/example_branch_python_dop_operator_3.py took 0.172 seconds
[2025-02-24T20:16:05.036+0000] {processor.py:186} INFO - Started process (PID=1958) to work on /home/airflow/.local/lib/python3.12/site-packages/airflow/example_dags/example_branch_python_dop_operator_3.py
[2025-02-24T20:16:05.052+0000] {processor.py:914} INFO - Processing file /home/airflow/.local/lib/python3.12/site-packages/airflow/example_dags/example_branch_python_dop_operator_3.py for tasks to queue
[2025-02-24T20:16:05.056+0000] {logging_mixin.py:190} INFO - [2025-02-24T20:16:05.056+0000] {dagbag.py:588} INFO - Filling up the DagBag from /home/airflow/.local/lib/python3.12/site-packages/airflow/example_dags/example_branch_python_dop_operator_3.py
[2025-02-24T20:16:05.076+0000] {processor.py:925} INFO - DAG(s) 'example_branch_dop_operator_v3' retrieved from /home/airflow/.local/lib/python3.12/site-packages/airflow/example_dags/example_branch_python_dop_operator_3.py
[2025-02-24T20:16:05.110+0000] {logging_mixin.py:190} INFO - [2025-02-24T20:16:05.109+0000] {dag.py:3239} INFO - Sync 1 DAGs
[2025-02-24T20:16:05.172+0000] {logging_mixin.py:190} INFO - [2025-02-24T20:16:05.171+0000] {dag.py:4180} INFO - Setting next_dagrun for example_branch_dop_operator_v3 to 2025-02-24 20:15:00+00:00, run_after=2025-02-24 20:16:00+00:00
[2025-02-24T20:16:05.238+0000] {processor.py:208} INFO - Processing /home/airflow/.local/lib/python3.12/site-packages/airflow/example_dags/example_branch_python_dop_operator_3.py took 0.212 seconds
[2025-02-24T20:16:36.725+0000] {processor.py:186} INFO - Started process (PID=2021) to work on /home/airflow/.local/lib/python3.12/site-packages/airflow/example_dags/example_branch_python_dop_operator_3.py
[2025-02-24T20:16:36.727+0000] {processor.py:914} INFO - Processing file /home/airflow/.local/lib/python3.12/site-packages/airflow/example_dags/example_branch_python_dop_operator_3.py for tasks to queue
[2025-02-24T20:16:36.731+0000] {logging_mixin.py:190} INFO - [2025-02-24T20:16:36.730+0000] {dagbag.py:588} INFO - Filling up the DagBag from /home/airflow/.local/lib/python3.12/site-packages/airflow/example_dags/example_branch_python_dop_operator_3.py
[2025-02-24T20:16:36.748+0000] {processor.py:925} INFO - DAG(s) 'example_branch_dop_operator_v3' retrieved from /home/airflow/.local/lib/python3.12/site-packages/airflow/example_dags/example_branch_python_dop_operator_3.py
[2025-02-24T20:16:36.779+0000] {logging_mixin.py:190} INFO - [2025-02-24T20:16:36.778+0000] {dag.py:3239} INFO - Sync 1 DAGs
[2025-02-24T20:16:36.827+0000] {logging_mixin.py:190} INFO - [2025-02-24T20:16:36.827+0000] {dag.py:4180} INFO - Setting next_dagrun for example_branch_dop_operator_v3 to 2025-02-24 20:15:00+00:00, run_after=2025-02-24 20:16:00+00:00
[2025-02-24T20:16:36.862+0000] {processor.py:208} INFO - Processing /home/airflow/.local/lib/python3.12/site-packages/airflow/example_dags/example_branch_python_dop_operator_3.py took 0.146 seconds
[2025-02-24T20:17:08.220+0000] {processor.py:186} INFO - Started process (PID=2084) to work on /home/airflow/.local/lib/python3.12/site-packages/airflow/example_dags/example_branch_python_dop_operator_3.py
[2025-02-24T20:17:08.222+0000] {processor.py:914} INFO - Processing file /home/airflow/.local/lib/python3.12/site-packages/airflow/example_dags/example_branch_python_dop_operator_3.py for tasks to queue
[2025-02-24T20:17:08.227+0000] {logging_mixin.py:190} INFO - [2025-02-24T20:17:08.227+0000] {dagbag.py:588} INFO - Filling up the DagBag from /home/airflow/.local/lib/python3.12/site-packages/airflow/example_dags/example_branch_python_dop_operator_3.py
[2025-02-24T20:17:08.249+0000] {processor.py:925} INFO - DAG(s) 'example_branch_dop_operator_v3' retrieved from /home/airflow/.local/lib/python3.12/site-packages/airflow/example_dags/example_branch_python_dop_operator_3.py
[2025-02-24T20:17:08.290+0000] {logging_mixin.py:190} INFO - [2025-02-24T20:17:08.290+0000] {dag.py:3239} INFO - Sync 1 DAGs
[2025-02-24T20:17:08.348+0000] {logging_mixin.py:190} INFO - [2025-02-24T20:17:08.348+0000] {dag.py:4180} INFO - Setting next_dagrun for example_branch_dop_operator_v3 to 2025-02-24 20:16:00+00:00, run_after=2025-02-24 20:17:00+00:00
[2025-02-24T20:17:08.395+0000] {processor.py:208} INFO - Processing /home/airflow/.local/lib/python3.12/site-packages/airflow/example_dags/example_branch_python_dop_operator_3.py took 0.188 seconds
[2025-02-24T20:17:38.958+0000] {processor.py:186} INFO - Started process (PID=2146) to work on /home/airflow/.local/lib/python3.12/site-packages/airflow/example_dags/example_branch_python_dop_operator_3.py
[2025-02-24T20:17:38.959+0000] {processor.py:914} INFO - Processing file /home/airflow/.local/lib/python3.12/site-packages/airflow/example_dags/example_branch_python_dop_operator_3.py for tasks to queue
[2025-02-24T20:17:38.963+0000] {logging_mixin.py:190} INFO - [2025-02-24T20:17:38.962+0000] {dagbag.py:588} INFO - Filling up the DagBag from /home/airflow/.local/lib/python3.12/site-packages/airflow/example_dags/example_branch_python_dop_operator_3.py
[2025-02-24T20:17:38.978+0000] {processor.py:925} INFO - DAG(s) 'example_branch_dop_operator_v3' retrieved from /home/airflow/.local/lib/python3.12/site-packages/airflow/example_dags/example_branch_python_dop_operator_3.py
[2025-02-24T20:17:39.004+0000] {logging_mixin.py:190} INFO - [2025-02-24T20:17:39.004+0000] {dag.py:3239} INFO - Sync 1 DAGs
[2025-02-24T20:17:39.042+0000] {logging_mixin.py:190} INFO - [2025-02-24T20:17:39.041+0000] {dag.py:4180} INFO - Setting next_dagrun for example_branch_dop_operator_v3 to 2025-02-24 20:16:00+00:00, run_after=2025-02-24 20:17:00+00:00
[2025-02-24T20:17:39.067+0000] {processor.py:208} INFO - Processing /home/airflow/.local/lib/python3.12/site-packages/airflow/example_dags/example_branch_python_dop_operator_3.py took 0.117 seconds
[2025-02-24T20:18:09.271+0000] {processor.py:186} INFO - Started process (PID=2209) to work on /home/airflow/.local/lib/python3.12/site-packages/airflow/example_dags/example_branch_python_dop_operator_3.py
[2025-02-24T20:18:09.272+0000] {processor.py:914} INFO - Processing file /home/airflow/.local/lib/python3.12/site-packages/airflow/example_dags/example_branch_python_dop_operator_3.py for tasks to queue
[2025-02-24T20:18:09.275+0000] {logging_mixin.py:190} INFO - [2025-02-24T20:18:09.275+0000] {dagbag.py:588} INFO - Filling up the DagBag from /home/airflow/.local/lib/python3.12/site-packages/airflow/example_dags/example_branch_python_dop_operator_3.py
[2025-02-24T20:18:09.292+0000] {processor.py:925} INFO - DAG(s) 'example_branch_dop_operator_v3' retrieved from /home/airflow/.local/lib/python3.12/site-packages/airflow/example_dags/example_branch_python_dop_operator_3.py
[2025-02-24T20:18:09.320+0000] {logging_mixin.py:190} INFO - [2025-02-24T20:18:09.320+0000] {dag.py:3239} INFO - Sync 1 DAGs
[2025-02-24T20:18:09.362+0000] {logging_mixin.py:190} INFO - [2025-02-24T20:18:09.362+0000] {dag.py:4180} INFO - Setting next_dagrun for example_branch_dop_operator_v3 to 2025-02-24 20:17:00+00:00, run_after=2025-02-24 20:18:00+00:00
[2025-02-24T20:18:09.397+0000] {processor.py:208} INFO - Processing /home/airflow/.local/lib/python3.12/site-packages/airflow/example_dags/example_branch_python_dop_operator_3.py took 0.136 seconds
[2025-02-24T20:18:39.503+0000] {processor.py:186} INFO - Started process (PID=2272) to work on /home/airflow/.local/lib/python3.12/site-packages/airflow/example_dags/example_branch_python_dop_operator_3.py
[2025-02-24T20:18:39.505+0000] {processor.py:914} INFO - Processing file /home/airflow/.local/lib/python3.12/site-packages/airflow/example_dags/example_branch_python_dop_operator_3.py for tasks to queue
[2025-02-24T20:18:39.509+0000] {logging_mixin.py:190} INFO - [2025-02-24T20:18:39.509+0000] {dagbag.py:588} INFO - Filling up the DagBag from /home/airflow/.local/lib/python3.12/site-packages/airflow/example_dags/example_branch_python_dop_operator_3.py
[2025-02-24T20:18:39.528+0000] {processor.py:925} INFO - DAG(s) 'example_branch_dop_operator_v3' retrieved from /home/airflow/.local/lib/python3.12/site-packages/airflow/example_dags/example_branch_python_dop_operator_3.py
[2025-02-24T20:18:39.562+0000] {logging_mixin.py:190} INFO - [2025-02-24T20:18:39.561+0000] {dag.py:3239} INFO - Sync 1 DAGs
[2025-02-24T20:18:39.612+0000] {logging_mixin.py:190} INFO - [2025-02-24T20:18:39.612+0000] {dag.py:4180} INFO - Setting next_dagrun for example_branch_dop_operator_v3 to 2025-02-24 20:17:00+00:00, run_after=2025-02-24 20:18:00+00:00
[2025-02-24T20:18:39.652+0000] {processor.py:208} INFO - Processing /home/airflow/.local/lib/python3.12/site-packages/airflow/example_dags/example_branch_python_dop_operator_3.py took 0.159 seconds
[2025-02-24T20:19:11.465+0000] {processor.py:186} INFO - Started process (PID=2335) to work on /home/airflow/.local/lib/python3.12/site-packages/airflow/example_dags/example_branch_python_dop_operator_3.py
[2025-02-24T20:19:11.468+0000] {processor.py:914} INFO - Processing file /home/airflow/.local/lib/python3.12/site-packages/airflow/example_dags/example_branch_python_dop_operator_3.py for tasks to queue
[2025-02-24T20:19:11.474+0000] {logging_mixin.py:190} INFO - [2025-02-24T20:19:11.473+0000] {dagbag.py:588} INFO - Filling up the DagBag from /home/airflow/.local/lib/python3.12/site-packages/airflow/example_dags/example_branch_python_dop_operator_3.py
[2025-02-24T20:19:11.497+0000] {processor.py:925} INFO - DAG(s) 'example_branch_dop_operator_v3' retrieved from /home/airflow/.local/lib/python3.12/site-packages/airflow/example_dags/example_branch_python_dop_operator_3.py
[2025-02-24T20:19:11.531+0000] {logging_mixin.py:190} INFO - [2025-02-24T20:19:11.530+0000] {dag.py:3239} INFO - Sync 1 DAGs
[2025-02-24T20:19:11.585+0000] {logging_mixin.py:190} INFO - [2025-02-24T20:19:11.585+0000] {dag.py:4180} INFO - Setting next_dagrun for example_branch_dop_operator_v3 to 2025-02-24 20:18:00+00:00, run_after=2025-02-24 20:19:00+00:00
[2025-02-24T20:19:11.622+0000] {processor.py:208} INFO - Processing /home/airflow/.local/lib/python3.12/site-packages/airflow/example_dags/example_branch_python_dop_operator_3.py took 0.170 seconds
[2025-02-24T21:40:44.615+0000] {processor.py:186} INFO - Started process (PID=241) to work on /home/airflow/.local/lib/python3.12/site-packages/airflow/example_dags/example_branch_python_dop_operator_3.py
[2025-02-24T21:40:45.166+0000] {processor.py:914} INFO - Processing file /home/airflow/.local/lib/python3.12/site-packages/airflow/example_dags/example_branch_python_dop_operator_3.py for tasks to queue
[2025-02-24T21:40:45.171+0000] {logging_mixin.py:190} INFO - [2025-02-24T21:40:45.171+0000] {dagbag.py:588} INFO - Filling up the DagBag from /home/airflow/.local/lib/python3.12/site-packages/airflow/example_dags/example_branch_python_dop_operator_3.py
[2025-02-24T21:40:45.216+0000] {processor.py:925} INFO - DAG(s) 'example_branch_dop_operator_v3' retrieved from /home/airflow/.local/lib/python3.12/site-packages/airflow/example_dags/example_branch_python_dop_operator_3.py
[2025-02-24T21:40:54.362+0000] {logging_mixin.py:190} INFO - [2025-02-24T21:40:54.361+0000] {override.py:1912} INFO - Created Permission View: can edit on DAG:example_branch_dop_operator_v3
[2025-02-24T21:41:02.233+0000] {logging_mixin.py:190} INFO - [2025-02-24T21:41:02.232+0000] {override.py:1912} INFO - Created Permission View: can read on DAG:example_branch_dop_operator_v3
[2025-02-24T21:41:02.308+0000] {logging_mixin.py:190} INFO - [2025-02-24T21:41:02.307+0000] {override.py:1912} INFO - Created Permission View: can delete on DAG:example_branch_dop_operator_v3
[2025-02-24T21:41:02.561+0000] {logging_mixin.py:190} INFO - [2025-02-24T21:41:02.560+0000] {override.py:1912} INFO - Created Permission View: can delete on DAG Run:example_branch_dop_operator_v3
[2025-02-24T21:41:35.560+0000] {logging_mixin.py:190} INFO - [2025-02-24T21:41:14.126+0000] {override.py:1912} INFO - Created Permission View: can read on DAG Run:example_branch_dop_operator_v3
[2025-02-24T21:42:29.562+0000] {logging_mixin.py:190} INFO - [2025-02-24T21:42:29.560+0000] {override.py:1912} INFO - Created Permission View: can create on DAG Run:example_branch_dop_operator_v3
[2025-02-24T21:42:29.674+0000] {logging_mixin.py:190} INFO - [2025-02-24T21:42:29.673+0000] {override.py:1912} INFO - Created Permission View: menu access on DAG Run:example_branch_dop_operator_v3
