[2025-02-24T20:00:54.020+0000] {processor.py:186} INFO - Started process (PID=116) to work on /home/airflow/.local/lib/python3.12/site-packages/airflow/example_dags/example_latest_only.py
[2025-02-24T20:00:54.022+0000] {processor.py:914} INFO - Processing file /home/airflow/.local/lib/python3.12/site-packages/airflow/example_dags/example_latest_only.py for tasks to queue
[2025-02-24T20:00:54.045+0000] {logging_mixin.py:190} INFO - [2025-02-24T20:00:54.042+0000] {dagbag.py:588} INFO - Filling up the DagBag from /home/airflow/.local/lib/python3.12/site-packages/airflow/example_dags/example_latest_only.py
[2025-02-24T20:00:54.076+0000] {processor.py:925} INFO - DAG(s) 'latest_only' retrieved from /home/airflow/.local/lib/python3.12/site-packages/airflow/example_dags/example_latest_only.py
[2025-02-24T20:00:54.436+0000] {logging_mixin.py:190} INFO - [2025-02-24T20:00:54.434+0000] {override.py:1912} INFO - Created Permission View: can edit on DAG:latest_only
[2025-02-24T20:00:54.461+0000] {logging_mixin.py:190} INFO - [2025-02-24T20:00:54.460+0000] {override.py:1912} INFO - Created Permission View: can delete on DAG:latest_only
[2025-02-24T20:00:54.477+0000] {logging_mixin.py:190} INFO - [2025-02-24T20:00:54.477+0000] {override.py:1912} INFO - Created Permission View: can read on DAG:latest_only
[2025-02-24T20:00:54.492+0000] {logging_mixin.py:190} INFO - [2025-02-24T20:00:54.491+0000] {override.py:1912} INFO - Created Permission View: can delete on DAG Run:latest_only
[2025-02-24T20:00:54.511+0000] {logging_mixin.py:190} INFO - [2025-02-24T20:00:54.510+0000] {override.py:1912} INFO - Created Permission View: can create on DAG Run:latest_only
[2025-02-24T20:00:54.537+0000] {logging_mixin.py:190} INFO - [2025-02-24T20:00:54.537+0000] {override.py:1912} INFO - Created Permission View: menu access on DAG Run:latest_only
[2025-02-24T20:00:54.559+0000] {logging_mixin.py:190} INFO - [2025-02-24T20:00:54.557+0000] {override.py:1912} INFO - Created Permission View: can read on DAG Run:latest_only
[2025-02-24T20:00:54.563+0000] {logging_mixin.py:190} INFO - [2025-02-24T20:00:54.563+0000] {dag.py:3239} INFO - Sync 1 DAGs
[2025-02-24T20:00:54.610+0000] {logging_mixin.py:190} INFO - [2025-02-24T20:00:54.609+0000] {dag.py:3262} INFO - Creating ORM DAG for latest_only
[2025-02-24T20:00:54.655+0000] {logging_mixin.py:190} INFO - [2025-02-24T20:00:54.654+0000] {dag.py:4180} INFO - Setting next_dagrun for latest_only to 2025-02-24 16:00:00+00:00, run_after=2025-02-24 20:00:00+00:00
[2025-02-24T20:00:54.702+0000] {processor.py:208} INFO - Processing /home/airflow/.local/lib/python3.12/site-packages/airflow/example_dags/example_latest_only.py took 0.705 seconds
[2025-02-24T20:01:25.055+0000] {processor.py:186} INFO - Started process (PID=179) to work on /home/airflow/.local/lib/python3.12/site-packages/airflow/example_dags/example_latest_only.py
[2025-02-24T20:01:25.057+0000] {processor.py:914} INFO - Processing file /home/airflow/.local/lib/python3.12/site-packages/airflow/example_dags/example_latest_only.py for tasks to queue
[2025-02-24T20:01:25.061+0000] {logging_mixin.py:190} INFO - [2025-02-24T20:01:25.060+0000] {dagbag.py:588} INFO - Filling up the DagBag from /home/airflow/.local/lib/python3.12/site-packages/airflow/example_dags/example_latest_only.py
[2025-02-24T20:01:25.070+0000] {processor.py:925} INFO - DAG(s) 'latest_only' retrieved from /home/airflow/.local/lib/python3.12/site-packages/airflow/example_dags/example_latest_only.py
[2025-02-24T20:01:25.095+0000] {logging_mixin.py:190} INFO - [2025-02-24T20:01:25.095+0000] {dag.py:3239} INFO - Sync 1 DAGs
[2025-02-24T20:01:25.125+0000] {logging_mixin.py:190} INFO - [2025-02-24T20:01:25.125+0000] {dag.py:4180} INFO - Setting next_dagrun for latest_only to 2025-02-24 16:00:00+00:00, run_after=2025-02-24 20:00:00+00:00
[2025-02-24T20:01:25.165+0000] {processor.py:208} INFO - Processing /home/airflow/.local/lib/python3.12/site-packages/airflow/example_dags/example_latest_only.py took 0.117 seconds
[2025-02-24T20:01:55.631+0000] {processor.py:186} INFO - Started process (PID=242) to work on /home/airflow/.local/lib/python3.12/site-packages/airflow/example_dags/example_latest_only.py
[2025-02-24T20:01:55.632+0000] {processor.py:914} INFO - Processing file /home/airflow/.local/lib/python3.12/site-packages/airflow/example_dags/example_latest_only.py for tasks to queue
[2025-02-24T20:01:55.634+0000] {logging_mixin.py:190} INFO - [2025-02-24T20:01:55.634+0000] {dagbag.py:588} INFO - Filling up the DagBag from /home/airflow/.local/lib/python3.12/site-packages/airflow/example_dags/example_latest_only.py
[2025-02-24T20:01:55.641+0000] {processor.py:925} INFO - DAG(s) 'latest_only' retrieved from /home/airflow/.local/lib/python3.12/site-packages/airflow/example_dags/example_latest_only.py
[2025-02-24T20:01:55.661+0000] {logging_mixin.py:190} INFO - [2025-02-24T20:01:55.661+0000] {dag.py:3239} INFO - Sync 1 DAGs
[2025-02-24T20:01:55.686+0000] {logging_mixin.py:190} INFO - [2025-02-24T20:01:55.686+0000] {dag.py:4180} INFO - Setting next_dagrun for latest_only to 2025-02-24 16:00:00+00:00, run_after=2025-02-24 20:00:00+00:00
[2025-02-24T20:01:55.707+0000] {processor.py:208} INFO - Processing /home/airflow/.local/lib/python3.12/site-packages/airflow/example_dags/example_latest_only.py took 0.081 seconds
[2025-02-24T20:02:26.297+0000] {processor.py:186} INFO - Started process (PID=305) to work on /home/airflow/.local/lib/python3.12/site-packages/airflow/example_dags/example_latest_only.py
[2025-02-24T20:02:26.299+0000] {processor.py:914} INFO - Processing file /home/airflow/.local/lib/python3.12/site-packages/airflow/example_dags/example_latest_only.py for tasks to queue
[2025-02-24T20:02:26.302+0000] {logging_mixin.py:190} INFO - [2025-02-24T20:02:26.301+0000] {dagbag.py:588} INFO - Filling up the DagBag from /home/airflow/.local/lib/python3.12/site-packages/airflow/example_dags/example_latest_only.py
[2025-02-24T20:02:26.316+0000] {processor.py:925} INFO - DAG(s) 'latest_only' retrieved from /home/airflow/.local/lib/python3.12/site-packages/airflow/example_dags/example_latest_only.py
[2025-02-24T20:02:26.367+0000] {logging_mixin.py:190} INFO - [2025-02-24T20:02:26.366+0000] {dag.py:3239} INFO - Sync 1 DAGs
[2025-02-24T20:02:26.442+0000] {logging_mixin.py:190} INFO - [2025-02-24T20:02:26.439+0000] {dag.py:4180} INFO - Setting next_dagrun for latest_only to 2025-02-24 16:00:00+00:00, run_after=2025-02-24 20:00:00+00:00
[2025-02-24T20:02:26.502+0000] {processor.py:208} INFO - Processing /home/airflow/.local/lib/python3.12/site-packages/airflow/example_dags/example_latest_only.py took 0.213 seconds
[2025-02-24T20:02:57.365+0000] {processor.py:186} INFO - Started process (PID=368) to work on /home/airflow/.local/lib/python3.12/site-packages/airflow/example_dags/example_latest_only.py
[2025-02-24T20:02:57.366+0000] {processor.py:914} INFO - Processing file /home/airflow/.local/lib/python3.12/site-packages/airflow/example_dags/example_latest_only.py for tasks to queue
[2025-02-24T20:02:57.368+0000] {logging_mixin.py:190} INFO - [2025-02-24T20:02:57.368+0000] {dagbag.py:588} INFO - Filling up the DagBag from /home/airflow/.local/lib/python3.12/site-packages/airflow/example_dags/example_latest_only.py
[2025-02-24T20:02:57.377+0000] {processor.py:925} INFO - DAG(s) 'latest_only' retrieved from /home/airflow/.local/lib/python3.12/site-packages/airflow/example_dags/example_latest_only.py
[2025-02-24T20:02:57.404+0000] {logging_mixin.py:190} INFO - [2025-02-24T20:02:57.403+0000] {dag.py:3239} INFO - Sync 1 DAGs
[2025-02-24T20:02:57.440+0000] {logging_mixin.py:190} INFO - [2025-02-24T20:02:57.440+0000] {dag.py:4180} INFO - Setting next_dagrun for latest_only to 2025-02-24 16:00:00+00:00, run_after=2025-02-24 20:00:00+00:00
[2025-02-24T20:02:57.462+0000] {processor.py:208} INFO - Processing /home/airflow/.local/lib/python3.12/site-packages/airflow/example_dags/example_latest_only.py took 0.105 seconds
[2025-02-24T20:03:27.702+0000] {processor.py:186} INFO - Started process (PID=430) to work on /home/airflow/.local/lib/python3.12/site-packages/airflow/example_dags/example_latest_only.py
[2025-02-24T20:03:27.703+0000] {processor.py:914} INFO - Processing file /home/airflow/.local/lib/python3.12/site-packages/airflow/example_dags/example_latest_only.py for tasks to queue
[2025-02-24T20:03:27.705+0000] {logging_mixin.py:190} INFO - [2025-02-24T20:03:27.705+0000] {dagbag.py:588} INFO - Filling up the DagBag from /home/airflow/.local/lib/python3.12/site-packages/airflow/example_dags/example_latest_only.py
[2025-02-24T20:03:27.712+0000] {processor.py:925} INFO - DAG(s) 'latest_only' retrieved from /home/airflow/.local/lib/python3.12/site-packages/airflow/example_dags/example_latest_only.py
[2025-02-24T20:03:27.731+0000] {logging_mixin.py:190} INFO - [2025-02-24T20:03:27.731+0000] {dag.py:3239} INFO - Sync 1 DAGs
[2025-02-24T20:03:27.757+0000] {logging_mixin.py:190} INFO - [2025-02-24T20:03:27.756+0000] {dag.py:4180} INFO - Setting next_dagrun for latest_only to 2025-02-24 16:00:00+00:00, run_after=2025-02-24 20:00:00+00:00
[2025-02-24T20:03:27.780+0000] {processor.py:208} INFO - Processing /home/airflow/.local/lib/python3.12/site-packages/airflow/example_dags/example_latest_only.py took 0.086 seconds
[2025-02-24T20:03:58.355+0000] {processor.py:186} INFO - Started process (PID=493) to work on /home/airflow/.local/lib/python3.12/site-packages/airflow/example_dags/example_latest_only.py
[2025-02-24T20:03:58.356+0000] {processor.py:914} INFO - Processing file /home/airflow/.local/lib/python3.12/site-packages/airflow/example_dags/example_latest_only.py for tasks to queue
[2025-02-24T20:03:58.358+0000] {logging_mixin.py:190} INFO - [2025-02-24T20:03:58.358+0000] {dagbag.py:588} INFO - Filling up the DagBag from /home/airflow/.local/lib/python3.12/site-packages/airflow/example_dags/example_latest_only.py
[2025-02-24T20:03:58.366+0000] {processor.py:925} INFO - DAG(s) 'latest_only' retrieved from /home/airflow/.local/lib/python3.12/site-packages/airflow/example_dags/example_latest_only.py
[2025-02-24T20:03:58.384+0000] {logging_mixin.py:190} INFO - [2025-02-24T20:03:58.384+0000] {dag.py:3239} INFO - Sync 1 DAGs
[2025-02-24T20:03:58.410+0000] {logging_mixin.py:190} INFO - [2025-02-24T20:03:58.410+0000] {dag.py:4180} INFO - Setting next_dagrun for latest_only to 2025-02-24 16:00:00+00:00, run_after=2025-02-24 20:00:00+00:00
[2025-02-24T20:03:58.432+0000] {processor.py:208} INFO - Processing /home/airflow/.local/lib/python3.12/site-packages/airflow/example_dags/example_latest_only.py took 0.083 seconds
[2025-02-24T20:04:29.402+0000] {processor.py:186} INFO - Started process (PID=556) to work on /home/airflow/.local/lib/python3.12/site-packages/airflow/example_dags/example_latest_only.py
[2025-02-24T20:04:29.403+0000] {processor.py:914} INFO - Processing file /home/airflow/.local/lib/python3.12/site-packages/airflow/example_dags/example_latest_only.py for tasks to queue
[2025-02-24T20:04:29.406+0000] {logging_mixin.py:190} INFO - [2025-02-24T20:04:29.405+0000] {dagbag.py:588} INFO - Filling up the DagBag from /home/airflow/.local/lib/python3.12/site-packages/airflow/example_dags/example_latest_only.py
[2025-02-24T20:04:29.413+0000] {processor.py:925} INFO - DAG(s) 'latest_only' retrieved from /home/airflow/.local/lib/python3.12/site-packages/airflow/example_dags/example_latest_only.py
[2025-02-24T20:04:29.432+0000] {logging_mixin.py:190} INFO - [2025-02-24T20:04:29.432+0000] {dag.py:3239} INFO - Sync 1 DAGs
[2025-02-24T20:04:29.456+0000] {logging_mixin.py:190} INFO - [2025-02-24T20:04:29.456+0000] {dag.py:4180} INFO - Setting next_dagrun for latest_only to 2025-02-24 16:00:00+00:00, run_after=2025-02-24 20:00:00+00:00
[2025-02-24T20:04:29.477+0000] {processor.py:208} INFO - Processing /home/airflow/.local/lib/python3.12/site-packages/airflow/example_dags/example_latest_only.py took 0.081 seconds
[2025-02-24T20:05:00.887+0000] {processor.py:186} INFO - Started process (PID=619) to work on /home/airflow/.local/lib/python3.12/site-packages/airflow/example_dags/example_latest_only.py
[2025-02-24T20:05:00.888+0000] {processor.py:914} INFO - Processing file /home/airflow/.local/lib/python3.12/site-packages/airflow/example_dags/example_latest_only.py for tasks to queue
[2025-02-24T20:05:00.891+0000] {logging_mixin.py:190} INFO - [2025-02-24T20:05:00.891+0000] {dagbag.py:588} INFO - Filling up the DagBag from /home/airflow/.local/lib/python3.12/site-packages/airflow/example_dags/example_latest_only.py
[2025-02-24T20:05:00.899+0000] {processor.py:925} INFO - DAG(s) 'latest_only' retrieved from /home/airflow/.local/lib/python3.12/site-packages/airflow/example_dags/example_latest_only.py
[2025-02-24T20:05:00.920+0000] {logging_mixin.py:190} INFO - [2025-02-24T20:05:00.920+0000] {dag.py:3239} INFO - Sync 1 DAGs
[2025-02-24T20:05:00.948+0000] {logging_mixin.py:190} INFO - [2025-02-24T20:05:00.948+0000] {dag.py:4180} INFO - Setting next_dagrun for latest_only to 2025-02-24 16:00:00+00:00, run_after=2025-02-24 20:00:00+00:00
[2025-02-24T20:05:00.973+0000] {processor.py:208} INFO - Processing /home/airflow/.local/lib/python3.12/site-packages/airflow/example_dags/example_latest_only.py took 0.093 seconds
[2025-02-24T20:05:33.435+0000] {processor.py:186} INFO - Started process (PID=682) to work on /home/airflow/.local/lib/python3.12/site-packages/airflow/example_dags/example_latest_only.py
[2025-02-24T20:05:33.436+0000] {processor.py:914} INFO - Processing file /home/airflow/.local/lib/python3.12/site-packages/airflow/example_dags/example_latest_only.py for tasks to queue
[2025-02-24T20:05:33.439+0000] {logging_mixin.py:190} INFO - [2025-02-24T20:05:33.439+0000] {dagbag.py:588} INFO - Filling up the DagBag from /home/airflow/.local/lib/python3.12/site-packages/airflow/example_dags/example_latest_only.py
[2025-02-24T20:05:33.446+0000] {processor.py:925} INFO - DAG(s) 'latest_only' retrieved from /home/airflow/.local/lib/python3.12/site-packages/airflow/example_dags/example_latest_only.py
[2025-02-24T20:05:33.467+0000] {logging_mixin.py:190} INFO - [2025-02-24T20:05:33.467+0000] {dag.py:3239} INFO - Sync 1 DAGs
[2025-02-24T20:05:33.495+0000] {logging_mixin.py:190} INFO - [2025-02-24T20:05:33.495+0000] {dag.py:4180} INFO - Setting next_dagrun for latest_only to 2025-02-24 16:00:00+00:00, run_after=2025-02-24 20:00:00+00:00
[2025-02-24T20:05:33.517+0000] {processor.py:208} INFO - Processing /home/airflow/.local/lib/python3.12/site-packages/airflow/example_dags/example_latest_only.py took 0.088 seconds
[2025-02-24T20:06:04.870+0000] {processor.py:186} INFO - Started process (PID=745) to work on /home/airflow/.local/lib/python3.12/site-packages/airflow/example_dags/example_latest_only.py
[2025-02-24T20:06:04.871+0000] {processor.py:914} INFO - Processing file /home/airflow/.local/lib/python3.12/site-packages/airflow/example_dags/example_latest_only.py for tasks to queue
[2025-02-24T20:06:04.874+0000] {logging_mixin.py:190} INFO - [2025-02-24T20:06:04.873+0000] {dagbag.py:588} INFO - Filling up the DagBag from /home/airflow/.local/lib/python3.12/site-packages/airflow/example_dags/example_latest_only.py
[2025-02-24T20:06:04.883+0000] {processor.py:925} INFO - DAG(s) 'latest_only' retrieved from /home/airflow/.local/lib/python3.12/site-packages/airflow/example_dags/example_latest_only.py
[2025-02-24T20:06:04.904+0000] {logging_mixin.py:190} INFO - [2025-02-24T20:06:04.903+0000] {dag.py:3239} INFO - Sync 1 DAGs
[2025-02-24T20:06:04.932+0000] {logging_mixin.py:190} INFO - [2025-02-24T20:06:04.932+0000] {dag.py:4180} INFO - Setting next_dagrun for latest_only to 2025-02-24 16:00:00+00:00, run_after=2025-02-24 20:00:00+00:00
[2025-02-24T20:06:04.956+0000] {processor.py:208} INFO - Processing /home/airflow/.local/lib/python3.12/site-packages/airflow/example_dags/example_latest_only.py took 0.092 seconds
[2025-02-24T20:06:36.178+0000] {processor.py:186} INFO - Started process (PID=808) to work on /home/airflow/.local/lib/python3.12/site-packages/airflow/example_dags/example_latest_only.py
[2025-02-24T20:06:36.179+0000] {processor.py:914} INFO - Processing file /home/airflow/.local/lib/python3.12/site-packages/airflow/example_dags/example_latest_only.py for tasks to queue
[2025-02-24T20:06:36.181+0000] {logging_mixin.py:190} INFO - [2025-02-24T20:06:36.181+0000] {dagbag.py:588} INFO - Filling up the DagBag from /home/airflow/.local/lib/python3.12/site-packages/airflow/example_dags/example_latest_only.py
[2025-02-24T20:06:36.189+0000] {processor.py:925} INFO - DAG(s) 'latest_only' retrieved from /home/airflow/.local/lib/python3.12/site-packages/airflow/example_dags/example_latest_only.py
[2025-02-24T20:06:36.212+0000] {logging_mixin.py:190} INFO - [2025-02-24T20:06:36.212+0000] {dag.py:3239} INFO - Sync 1 DAGs
[2025-02-24T20:06:36.243+0000] {logging_mixin.py:190} INFO - [2025-02-24T20:06:36.242+0000] {dag.py:4180} INFO - Setting next_dagrun for latest_only to 2025-02-24 16:00:00+00:00, run_after=2025-02-24 20:00:00+00:00
[2025-02-24T20:06:36.266+0000] {processor.py:208} INFO - Processing /home/airflow/.local/lib/python3.12/site-packages/airflow/example_dags/example_latest_only.py took 0.094 seconds
[2025-02-24T20:07:07.328+0000] {processor.py:186} INFO - Started process (PID=871) to work on /home/airflow/.local/lib/python3.12/site-packages/airflow/example_dags/example_latest_only.py
[2025-02-24T20:07:07.330+0000] {processor.py:914} INFO - Processing file /home/airflow/.local/lib/python3.12/site-packages/airflow/example_dags/example_latest_only.py for tasks to queue
[2025-02-24T20:07:07.332+0000] {logging_mixin.py:190} INFO - [2025-02-24T20:07:07.332+0000] {dagbag.py:588} INFO - Filling up the DagBag from /home/airflow/.local/lib/python3.12/site-packages/airflow/example_dags/example_latest_only.py
[2025-02-24T20:07:07.341+0000] {processor.py:925} INFO - DAG(s) 'latest_only' retrieved from /home/airflow/.local/lib/python3.12/site-packages/airflow/example_dags/example_latest_only.py
[2025-02-24T20:07:07.360+0000] {logging_mixin.py:190} INFO - [2025-02-24T20:07:07.360+0000] {dag.py:3239} INFO - Sync 1 DAGs
[2025-02-24T20:07:07.386+0000] {logging_mixin.py:190} INFO - [2025-02-24T20:07:07.386+0000] {dag.py:4180} INFO - Setting next_dagrun for latest_only to 2025-02-24 16:00:00+00:00, run_after=2025-02-24 20:00:00+00:00
[2025-02-24T20:07:07.407+0000] {processor.py:208} INFO - Processing /home/airflow/.local/lib/python3.12/site-packages/airflow/example_dags/example_latest_only.py took 0.084 seconds
[2025-02-24T20:07:38.763+0000] {processor.py:186} INFO - Started process (PID=934) to work on /home/airflow/.local/lib/python3.12/site-packages/airflow/example_dags/example_latest_only.py
[2025-02-24T20:07:38.764+0000] {processor.py:914} INFO - Processing file /home/airflow/.local/lib/python3.12/site-packages/airflow/example_dags/example_latest_only.py for tasks to queue
[2025-02-24T20:07:38.767+0000] {logging_mixin.py:190} INFO - [2025-02-24T20:07:38.766+0000] {dagbag.py:588} INFO - Filling up the DagBag from /home/airflow/.local/lib/python3.12/site-packages/airflow/example_dags/example_latest_only.py
[2025-02-24T20:07:38.775+0000] {processor.py:925} INFO - DAG(s) 'latest_only' retrieved from /home/airflow/.local/lib/python3.12/site-packages/airflow/example_dags/example_latest_only.py
[2025-02-24T20:07:38.796+0000] {logging_mixin.py:190} INFO - [2025-02-24T20:07:38.795+0000] {dag.py:3239} INFO - Sync 1 DAGs
[2025-02-24T20:07:38.824+0000] {logging_mixin.py:190} INFO - [2025-02-24T20:07:38.824+0000] {dag.py:4180} INFO - Setting next_dagrun for latest_only to 2025-02-24 16:00:00+00:00, run_after=2025-02-24 20:00:00+00:00
[2025-02-24T20:07:38.849+0000] {processor.py:208} INFO - Processing /home/airflow/.local/lib/python3.12/site-packages/airflow/example_dags/example_latest_only.py took 0.093 seconds
[2025-02-24T20:08:09.904+0000] {processor.py:186} INFO - Started process (PID=997) to work on /home/airflow/.local/lib/python3.12/site-packages/airflow/example_dags/example_latest_only.py
[2025-02-24T20:08:09.905+0000] {processor.py:914} INFO - Processing file /home/airflow/.local/lib/python3.12/site-packages/airflow/example_dags/example_latest_only.py for tasks to queue
[2025-02-24T20:08:09.908+0000] {logging_mixin.py:190} INFO - [2025-02-24T20:08:09.908+0000] {dagbag.py:588} INFO - Filling up the DagBag from /home/airflow/.local/lib/python3.12/site-packages/airflow/example_dags/example_latest_only.py
[2025-02-24T20:08:09.915+0000] {processor.py:925} INFO - DAG(s) 'latest_only' retrieved from /home/airflow/.local/lib/python3.12/site-packages/airflow/example_dags/example_latest_only.py
[2025-02-24T20:08:09.934+0000] {logging_mixin.py:190} INFO - [2025-02-24T20:08:09.933+0000] {dag.py:3239} INFO - Sync 1 DAGs
[2025-02-24T20:08:09.959+0000] {logging_mixin.py:190} INFO - [2025-02-24T20:08:09.959+0000] {dag.py:4180} INFO - Setting next_dagrun for latest_only to 2025-02-24 16:00:00+00:00, run_after=2025-02-24 20:00:00+00:00
[2025-02-24T20:08:09.990+0000] {processor.py:208} INFO - Processing /home/airflow/.local/lib/python3.12/site-packages/airflow/example_dags/example_latest_only.py took 0.091 seconds
[2025-02-24T20:08:41.277+0000] {processor.py:186} INFO - Started process (PID=1061) to work on /home/airflow/.local/lib/python3.12/site-packages/airflow/example_dags/example_latest_only.py
[2025-02-24T20:08:41.279+0000] {processor.py:914} INFO - Processing file /home/airflow/.local/lib/python3.12/site-packages/airflow/example_dags/example_latest_only.py for tasks to queue
[2025-02-24T20:08:41.281+0000] {logging_mixin.py:190} INFO - [2025-02-24T20:08:41.281+0000] {dagbag.py:588} INFO - Filling up the DagBag from /home/airflow/.local/lib/python3.12/site-packages/airflow/example_dags/example_latest_only.py
[2025-02-24T20:08:41.290+0000] {processor.py:925} INFO - DAG(s) 'latest_only' retrieved from /home/airflow/.local/lib/python3.12/site-packages/airflow/example_dags/example_latest_only.py
[2025-02-24T20:08:41.312+0000] {logging_mixin.py:190} INFO - [2025-02-24T20:08:41.312+0000] {dag.py:3239} INFO - Sync 1 DAGs
[2025-02-24T20:08:41.342+0000] {logging_mixin.py:190} INFO - [2025-02-24T20:08:41.342+0000] {dag.py:4180} INFO - Setting next_dagrun for latest_only to 2025-02-24 16:00:00+00:00, run_after=2025-02-24 20:00:00+00:00
[2025-02-24T20:08:41.364+0000] {processor.py:208} INFO - Processing /home/airflow/.local/lib/python3.12/site-packages/airflow/example_dags/example_latest_only.py took 0.094 seconds
[2025-02-24T20:09:12.110+0000] {processor.py:186} INFO - Started process (PID=1125) to work on /home/airflow/.local/lib/python3.12/site-packages/airflow/example_dags/example_latest_only.py
[2025-02-24T20:09:12.111+0000] {processor.py:914} INFO - Processing file /home/airflow/.local/lib/python3.12/site-packages/airflow/example_dags/example_latest_only.py for tasks to queue
[2025-02-24T20:09:12.114+0000] {logging_mixin.py:190} INFO - [2025-02-24T20:09:12.114+0000] {dagbag.py:588} INFO - Filling up the DagBag from /home/airflow/.local/lib/python3.12/site-packages/airflow/example_dags/example_latest_only.py
[2025-02-24T20:09:12.121+0000] {processor.py:925} INFO - DAG(s) 'latest_only' retrieved from /home/airflow/.local/lib/python3.12/site-packages/airflow/example_dags/example_latest_only.py
[2025-02-24T20:09:12.140+0000] {logging_mixin.py:190} INFO - [2025-02-24T20:09:12.140+0000] {dag.py:3239} INFO - Sync 1 DAGs
[2025-02-24T20:09:12.166+0000] {logging_mixin.py:190} INFO - [2025-02-24T20:09:12.166+0000] {dag.py:4180} INFO - Setting next_dagrun for latest_only to 2025-02-24 16:00:00+00:00, run_after=2025-02-24 20:00:00+00:00
[2025-02-24T20:09:12.200+0000] {processor.py:208} INFO - Processing /home/airflow/.local/lib/python3.12/site-packages/airflow/example_dags/example_latest_only.py took 0.095 seconds
[2025-02-24T20:09:43.651+0000] {processor.py:186} INFO - Started process (PID=1190) to work on /home/airflow/.local/lib/python3.12/site-packages/airflow/example_dags/example_latest_only.py
[2025-02-24T20:09:43.652+0000] {processor.py:914} INFO - Processing file /home/airflow/.local/lib/python3.12/site-packages/airflow/example_dags/example_latest_only.py for tasks to queue
[2025-02-24T20:09:43.655+0000] {logging_mixin.py:190} INFO - [2025-02-24T20:09:43.654+0000] {dagbag.py:588} INFO - Filling up the DagBag from /home/airflow/.local/lib/python3.12/site-packages/airflow/example_dags/example_latest_only.py
[2025-02-24T20:09:43.662+0000] {processor.py:925} INFO - DAG(s) 'latest_only' retrieved from /home/airflow/.local/lib/python3.12/site-packages/airflow/example_dags/example_latest_only.py
[2025-02-24T20:09:43.681+0000] {logging_mixin.py:190} INFO - [2025-02-24T20:09:43.681+0000] {dag.py:3239} INFO - Sync 1 DAGs
[2025-02-24T20:09:43.715+0000] {logging_mixin.py:190} INFO - [2025-02-24T20:09:43.715+0000] {dag.py:4180} INFO - Setting next_dagrun for latest_only to 2025-02-24 16:00:00+00:00, run_after=2025-02-24 20:00:00+00:00
[2025-02-24T20:09:43.749+0000] {processor.py:208} INFO - Processing /home/airflow/.local/lib/python3.12/site-packages/airflow/example_dags/example_latest_only.py took 0.105 seconds
[2025-02-24T20:10:15.444+0000] {processor.py:186} INFO - Started process (PID=1260) to work on /home/airflow/.local/lib/python3.12/site-packages/airflow/example_dags/example_latest_only.py
[2025-02-24T20:10:15.447+0000] {processor.py:914} INFO - Processing file /home/airflow/.local/lib/python3.12/site-packages/airflow/example_dags/example_latest_only.py for tasks to queue
[2025-02-24T20:10:15.450+0000] {logging_mixin.py:190} INFO - [2025-02-24T20:10:15.450+0000] {dagbag.py:588} INFO - Filling up the DagBag from /home/airflow/.local/lib/python3.12/site-packages/airflow/example_dags/example_latest_only.py
[2025-02-24T20:10:15.458+0000] {processor.py:925} INFO - DAG(s) 'latest_only' retrieved from /home/airflow/.local/lib/python3.12/site-packages/airflow/example_dags/example_latest_only.py
[2025-02-24T20:10:15.479+0000] {logging_mixin.py:190} INFO - [2025-02-24T20:10:15.478+0000] {dag.py:3239} INFO - Sync 1 DAGs
[2025-02-24T20:10:15.505+0000] {logging_mixin.py:190} INFO - [2025-02-24T20:10:15.505+0000] {dag.py:4180} INFO - Setting next_dagrun for latest_only to 2025-02-24 16:00:00+00:00, run_after=2025-02-24 20:00:00+00:00
[2025-02-24T20:10:15.538+0000] {processor.py:208} INFO - Processing /home/airflow/.local/lib/python3.12/site-packages/airflow/example_dags/example_latest_only.py took 0.100 seconds
[2025-02-24T20:10:47.005+0000] {processor.py:186} INFO - Started process (PID=1326) to work on /home/airflow/.local/lib/python3.12/site-packages/airflow/example_dags/example_latest_only.py
[2025-02-24T20:10:47.006+0000] {processor.py:914} INFO - Processing file /home/airflow/.local/lib/python3.12/site-packages/airflow/example_dags/example_latest_only.py for tasks to queue
[2025-02-24T20:10:47.008+0000] {logging_mixin.py:190} INFO - [2025-02-24T20:10:47.008+0000] {dagbag.py:588} INFO - Filling up the DagBag from /home/airflow/.local/lib/python3.12/site-packages/airflow/example_dags/example_latest_only.py
[2025-02-24T20:10:47.016+0000] {processor.py:925} INFO - DAG(s) 'latest_only' retrieved from /home/airflow/.local/lib/python3.12/site-packages/airflow/example_dags/example_latest_only.py
[2025-02-24T20:10:47.035+0000] {logging_mixin.py:190} INFO - [2025-02-24T20:10:47.035+0000] {dag.py:3239} INFO - Sync 1 DAGs
[2025-02-24T20:10:47.062+0000] {logging_mixin.py:190} INFO - [2025-02-24T20:10:47.062+0000] {dag.py:4180} INFO - Setting next_dagrun for latest_only to 2025-02-24 16:00:00+00:00, run_after=2025-02-24 20:00:00+00:00
[2025-02-24T20:10:47.082+0000] {processor.py:208} INFO - Processing /home/airflow/.local/lib/python3.12/site-packages/airflow/example_dags/example_latest_only.py took 0.083 seconds
[2025-02-24T20:11:18.419+0000] {processor.py:186} INFO - Started process (PID=1390) to work on /home/airflow/.local/lib/python3.12/site-packages/airflow/example_dags/example_latest_only.py
[2025-02-24T20:11:18.420+0000] {processor.py:914} INFO - Processing file /home/airflow/.local/lib/python3.12/site-packages/airflow/example_dags/example_latest_only.py for tasks to queue
[2025-02-24T20:11:18.423+0000] {logging_mixin.py:190} INFO - [2025-02-24T20:11:18.423+0000] {dagbag.py:588} INFO - Filling up the DagBag from /home/airflow/.local/lib/python3.12/site-packages/airflow/example_dags/example_latest_only.py
[2025-02-24T20:11:18.430+0000] {processor.py:925} INFO - DAG(s) 'latest_only' retrieved from /home/airflow/.local/lib/python3.12/site-packages/airflow/example_dags/example_latest_only.py
[2025-02-24T20:11:18.447+0000] {logging_mixin.py:190} INFO - [2025-02-24T20:11:18.447+0000] {dag.py:3239} INFO - Sync 1 DAGs
[2025-02-24T20:11:18.472+0000] {logging_mixin.py:190} INFO - [2025-02-24T20:11:18.472+0000] {dag.py:4180} INFO - Setting next_dagrun for latest_only to 2025-02-24 16:00:00+00:00, run_after=2025-02-24 20:00:00+00:00
[2025-02-24T20:11:18.504+0000] {processor.py:208} INFO - Processing /home/airflow/.local/lib/python3.12/site-packages/airflow/example_dags/example_latest_only.py took 0.091 seconds
[2025-02-24T20:11:50.718+0000] {processor.py:186} INFO - Started process (PID=1456) to work on /home/airflow/.local/lib/python3.12/site-packages/airflow/example_dags/example_latest_only.py
[2025-02-24T20:11:50.719+0000] {processor.py:914} INFO - Processing file /home/airflow/.local/lib/python3.12/site-packages/airflow/example_dags/example_latest_only.py for tasks to queue
[2025-02-24T20:11:50.721+0000] {logging_mixin.py:190} INFO - [2025-02-24T20:11:50.721+0000] {dagbag.py:588} INFO - Filling up the DagBag from /home/airflow/.local/lib/python3.12/site-packages/airflow/example_dags/example_latest_only.py
[2025-02-24T20:11:50.729+0000] {processor.py:925} INFO - DAG(s) 'latest_only' retrieved from /home/airflow/.local/lib/python3.12/site-packages/airflow/example_dags/example_latest_only.py
[2025-02-24T20:11:50.751+0000] {logging_mixin.py:190} INFO - [2025-02-24T20:11:50.751+0000] {dag.py:3239} INFO - Sync 1 DAGs
[2025-02-24T20:11:50.788+0000] {logging_mixin.py:190} INFO - [2025-02-24T20:11:50.788+0000] {dag.py:4180} INFO - Setting next_dagrun for latest_only to 2025-02-24 16:00:00+00:00, run_after=2025-02-24 20:00:00+00:00
[2025-02-24T20:11:50.822+0000] {processor.py:208} INFO - Processing /home/airflow/.local/lib/python3.12/site-packages/airflow/example_dags/example_latest_only.py took 0.110 seconds
[2025-02-24T20:12:21.235+0000] {processor.py:186} INFO - Started process (PID=1519) to work on /home/airflow/.local/lib/python3.12/site-packages/airflow/example_dags/example_latest_only.py
[2025-02-24T20:12:21.237+0000] {processor.py:914} INFO - Processing file /home/airflow/.local/lib/python3.12/site-packages/airflow/example_dags/example_latest_only.py for tasks to queue
[2025-02-24T20:12:21.239+0000] {logging_mixin.py:190} INFO - [2025-02-24T20:12:21.239+0000] {dagbag.py:588} INFO - Filling up the DagBag from /home/airflow/.local/lib/python3.12/site-packages/airflow/example_dags/example_latest_only.py
[2025-02-24T20:12:21.247+0000] {processor.py:925} INFO - DAG(s) 'latest_only' retrieved from /home/airflow/.local/lib/python3.12/site-packages/airflow/example_dags/example_latest_only.py
[2025-02-24T20:12:21.267+0000] {logging_mixin.py:190} INFO - [2025-02-24T20:12:21.267+0000] {dag.py:3239} INFO - Sync 1 DAGs
[2025-02-24T20:12:21.293+0000] {logging_mixin.py:190} INFO - [2025-02-24T20:12:21.293+0000] {dag.py:4180} INFO - Setting next_dagrun for latest_only to 2025-02-24 16:00:00+00:00, run_after=2025-02-24 20:00:00+00:00
[2025-02-24T20:12:21.312+0000] {processor.py:208} INFO - Processing /home/airflow/.local/lib/python3.12/site-packages/airflow/example_dags/example_latest_only.py took 0.083 seconds
[2025-02-24T20:12:52.950+0000] {processor.py:186} INFO - Started process (PID=1588) to work on /home/airflow/.local/lib/python3.12/site-packages/airflow/example_dags/example_latest_only.py
[2025-02-24T20:12:52.952+0000] {processor.py:914} INFO - Processing file /home/airflow/.local/lib/python3.12/site-packages/airflow/example_dags/example_latest_only.py for tasks to queue
[2025-02-24T20:12:52.955+0000] {logging_mixin.py:190} INFO - [2025-02-24T20:12:52.955+0000] {dagbag.py:588} INFO - Filling up the DagBag from /home/airflow/.local/lib/python3.12/site-packages/airflow/example_dags/example_latest_only.py
[2025-02-24T20:12:52.964+0000] {processor.py:925} INFO - DAG(s) 'latest_only' retrieved from /home/airflow/.local/lib/python3.12/site-packages/airflow/example_dags/example_latest_only.py
[2025-02-24T20:12:52.984+0000] {logging_mixin.py:190} INFO - [2025-02-24T20:12:52.984+0000] {dag.py:3239} INFO - Sync 1 DAGs
[2025-02-24T20:12:53.009+0000] {logging_mixin.py:190} INFO - [2025-02-24T20:12:53.009+0000] {dag.py:4180} INFO - Setting next_dagrun for latest_only to 2025-02-24 16:00:00+00:00, run_after=2025-02-24 20:00:00+00:00
[2025-02-24T20:12:53.040+0000] {processor.py:208} INFO - Processing /home/airflow/.local/lib/python3.12/site-packages/airflow/example_dags/example_latest_only.py took 0.096 seconds
[2025-02-24T20:13:25.604+0000] {processor.py:186} INFO - Started process (PID=1655) to work on /home/airflow/.local/lib/python3.12/site-packages/airflow/example_dags/example_latest_only.py
[2025-02-24T20:13:25.605+0000] {processor.py:914} INFO - Processing file /home/airflow/.local/lib/python3.12/site-packages/airflow/example_dags/example_latest_only.py for tasks to queue
[2025-02-24T20:13:25.607+0000] {logging_mixin.py:190} INFO - [2025-02-24T20:13:25.607+0000] {dagbag.py:588} INFO - Filling up the DagBag from /home/airflow/.local/lib/python3.12/site-packages/airflow/example_dags/example_latest_only.py
[2025-02-24T20:13:25.615+0000] {processor.py:925} INFO - DAG(s) 'latest_only' retrieved from /home/airflow/.local/lib/python3.12/site-packages/airflow/example_dags/example_latest_only.py
[2025-02-24T20:13:25.636+0000] {logging_mixin.py:190} INFO - [2025-02-24T20:13:25.636+0000] {dag.py:3239} INFO - Sync 1 DAGs
[2025-02-24T20:13:25.662+0000] {logging_mixin.py:190} INFO - [2025-02-24T20:13:25.662+0000] {dag.py:4180} INFO - Setting next_dagrun for latest_only to 2025-02-24 16:00:00+00:00, run_after=2025-02-24 20:00:00+00:00
[2025-02-24T20:13:25.682+0000] {processor.py:208} INFO - Processing /home/airflow/.local/lib/python3.12/site-packages/airflow/example_dags/example_latest_only.py took 0.084 seconds
[2025-02-24T20:13:57.000+0000] {processor.py:186} INFO - Started process (PID=1718) to work on /home/airflow/.local/lib/python3.12/site-packages/airflow/example_dags/example_latest_only.py
[2025-02-24T20:13:57.001+0000] {processor.py:914} INFO - Processing file /home/airflow/.local/lib/python3.12/site-packages/airflow/example_dags/example_latest_only.py for tasks to queue
[2025-02-24T20:13:57.003+0000] {logging_mixin.py:190} INFO - [2025-02-24T20:13:57.003+0000] {dagbag.py:588} INFO - Filling up the DagBag from /home/airflow/.local/lib/python3.12/site-packages/airflow/example_dags/example_latest_only.py
[2025-02-24T20:13:57.011+0000] {processor.py:925} INFO - DAG(s) 'latest_only' retrieved from /home/airflow/.local/lib/python3.12/site-packages/airflow/example_dags/example_latest_only.py
[2025-02-24T20:13:57.032+0000] {logging_mixin.py:190} INFO - [2025-02-24T20:13:57.032+0000] {dag.py:3239} INFO - Sync 1 DAGs
[2025-02-24T20:13:57.057+0000] {logging_mixin.py:190} INFO - [2025-02-24T20:13:57.057+0000] {dag.py:4180} INFO - Setting next_dagrun for latest_only to 2025-02-24 16:00:00+00:00, run_after=2025-02-24 20:00:00+00:00
[2025-02-24T20:13:57.077+0000] {processor.py:208} INFO - Processing /home/airflow/.local/lib/python3.12/site-packages/airflow/example_dags/example_latest_only.py took 0.083 seconds
[2025-02-24T20:14:29.853+0000] {processor.py:186} INFO - Started process (PID=1781) to work on /home/airflow/.local/lib/python3.12/site-packages/airflow/example_dags/example_latest_only.py
[2025-02-24T20:14:29.855+0000] {processor.py:914} INFO - Processing file /home/airflow/.local/lib/python3.12/site-packages/airflow/example_dags/example_latest_only.py for tasks to queue
[2025-02-24T20:14:29.858+0000] {logging_mixin.py:190} INFO - [2025-02-24T20:14:29.858+0000] {dagbag.py:588} INFO - Filling up the DagBag from /home/airflow/.local/lib/python3.12/site-packages/airflow/example_dags/example_latest_only.py
[2025-02-24T20:14:29.869+0000] {processor.py:925} INFO - DAG(s) 'latest_only' retrieved from /home/airflow/.local/lib/python3.12/site-packages/airflow/example_dags/example_latest_only.py
[2025-02-24T20:14:29.894+0000] {logging_mixin.py:190} INFO - [2025-02-24T20:14:29.894+0000] {dag.py:3239} INFO - Sync 1 DAGs
[2025-02-24T20:14:29.930+0000] {logging_mixin.py:190} INFO - [2025-02-24T20:14:29.930+0000] {dag.py:4180} INFO - Setting next_dagrun for latest_only to 2025-02-24 16:00:00+00:00, run_after=2025-02-24 20:00:00+00:00
[2025-02-24T20:14:29.953+0000] {processor.py:208} INFO - Processing /home/airflow/.local/lib/python3.12/site-packages/airflow/example_dags/example_latest_only.py took 0.108 seconds
[2025-02-24T20:15:03.239+0000] {processor.py:186} INFO - Started process (PID=1845) to work on /home/airflow/.local/lib/python3.12/site-packages/airflow/example_dags/example_latest_only.py
[2025-02-24T20:15:03.241+0000] {processor.py:914} INFO - Processing file /home/airflow/.local/lib/python3.12/site-packages/airflow/example_dags/example_latest_only.py for tasks to queue
[2025-02-24T20:15:03.245+0000] {logging_mixin.py:190} INFO - [2025-02-24T20:15:03.244+0000] {dagbag.py:588} INFO - Filling up the DagBag from /home/airflow/.local/lib/python3.12/site-packages/airflow/example_dags/example_latest_only.py
[2025-02-24T20:15:03.257+0000] {processor.py:925} INFO - DAG(s) 'latest_only' retrieved from /home/airflow/.local/lib/python3.12/site-packages/airflow/example_dags/example_latest_only.py
[2025-02-24T20:15:03.283+0000] {logging_mixin.py:190} INFO - [2025-02-24T20:15:03.282+0000] {dag.py:3239} INFO - Sync 1 DAGs
[2025-02-24T20:15:03.336+0000] {logging_mixin.py:190} INFO - [2025-02-24T20:15:03.335+0000] {dag.py:4180} INFO - Setting next_dagrun for latest_only to 2025-02-24 16:00:00+00:00, run_after=2025-02-24 20:00:00+00:00
[2025-02-24T20:15:03.372+0000] {processor.py:208} INFO - Processing /home/airflow/.local/lib/python3.12/site-packages/airflow/example_dags/example_latest_only.py took 0.141 seconds
[2025-02-24T20:15:35.231+0000] {processor.py:186} INFO - Started process (PID=1908) to work on /home/airflow/.local/lib/python3.12/site-packages/airflow/example_dags/example_latest_only.py
[2025-02-24T20:15:35.232+0000] {processor.py:914} INFO - Processing file /home/airflow/.local/lib/python3.12/site-packages/airflow/example_dags/example_latest_only.py for tasks to queue
[2025-02-24T20:15:35.237+0000] {logging_mixin.py:190} INFO - [2025-02-24T20:15:35.236+0000] {dagbag.py:588} INFO - Filling up the DagBag from /home/airflow/.local/lib/python3.12/site-packages/airflow/example_dags/example_latest_only.py
[2025-02-24T20:15:35.254+0000] {processor.py:925} INFO - DAG(s) 'latest_only' retrieved from /home/airflow/.local/lib/python3.12/site-packages/airflow/example_dags/example_latest_only.py
[2025-02-24T20:15:35.296+0000] {logging_mixin.py:190} INFO - [2025-02-24T20:15:35.295+0000] {dag.py:3239} INFO - Sync 1 DAGs
[2025-02-24T20:15:35.366+0000] {logging_mixin.py:190} INFO - [2025-02-24T20:15:35.366+0000] {dag.py:4180} INFO - Setting next_dagrun for latest_only to 2025-02-24 16:00:00+00:00, run_after=2025-02-24 20:00:00+00:00
[2025-02-24T20:15:35.431+0000] {processor.py:208} INFO - Processing /home/airflow/.local/lib/python3.12/site-packages/airflow/example_dags/example_latest_only.py took 0.213 seconds
[2025-02-24T20:16:07.502+0000] {processor.py:186} INFO - Started process (PID=1970) to work on /home/airflow/.local/lib/python3.12/site-packages/airflow/example_dags/example_latest_only.py
[2025-02-24T20:16:07.504+0000] {processor.py:914} INFO - Processing file /home/airflow/.local/lib/python3.12/site-packages/airflow/example_dags/example_latest_only.py for tasks to queue
[2025-02-24T20:16:07.510+0000] {logging_mixin.py:190} INFO - [2025-02-24T20:16:07.508+0000] {dagbag.py:588} INFO - Filling up the DagBag from /home/airflow/.local/lib/python3.12/site-packages/airflow/example_dags/example_latest_only.py
[2025-02-24T20:16:07.534+0000] {processor.py:925} INFO - DAG(s) 'latest_only' retrieved from /home/airflow/.local/lib/python3.12/site-packages/airflow/example_dags/example_latest_only.py
[2025-02-24T20:16:07.573+0000] {logging_mixin.py:190} INFO - [2025-02-24T20:16:07.573+0000] {dag.py:3239} INFO - Sync 1 DAGs
[2025-02-24T20:16:07.630+0000] {logging_mixin.py:190} INFO - [2025-02-24T20:16:07.629+0000] {dag.py:4180} INFO - Setting next_dagrun for latest_only to 2025-02-24 16:00:00+00:00, run_after=2025-02-24 20:00:00+00:00
[2025-02-24T20:16:07.677+0000] {processor.py:208} INFO - Processing /home/airflow/.local/lib/python3.12/site-packages/airflow/example_dags/example_latest_only.py took 0.187 seconds
[2025-02-24T20:16:38.608+0000] {processor.py:186} INFO - Started process (PID=2033) to work on /home/airflow/.local/lib/python3.12/site-packages/airflow/example_dags/example_latest_only.py
[2025-02-24T20:16:38.609+0000] {processor.py:914} INFO - Processing file /home/airflow/.local/lib/python3.12/site-packages/airflow/example_dags/example_latest_only.py for tasks to queue
[2025-02-24T20:16:38.614+0000] {logging_mixin.py:190} INFO - [2025-02-24T20:16:38.613+0000] {dagbag.py:588} INFO - Filling up the DagBag from /home/airflow/.local/lib/python3.12/site-packages/airflow/example_dags/example_latest_only.py
[2025-02-24T20:16:38.628+0000] {processor.py:925} INFO - DAG(s) 'latest_only' retrieved from /home/airflow/.local/lib/python3.12/site-packages/airflow/example_dags/example_latest_only.py
[2025-02-24T20:16:38.662+0000] {logging_mixin.py:190} INFO - [2025-02-24T20:16:38.661+0000] {dag.py:3239} INFO - Sync 1 DAGs
[2025-02-24T20:16:38.707+0000] {logging_mixin.py:190} INFO - [2025-02-24T20:16:38.707+0000] {dag.py:4180} INFO - Setting next_dagrun for latest_only to 2025-02-24 16:00:00+00:00, run_after=2025-02-24 20:00:00+00:00
[2025-02-24T20:16:38.755+0000] {processor.py:208} INFO - Processing /home/airflow/.local/lib/python3.12/site-packages/airflow/example_dags/example_latest_only.py took 0.162 seconds
[2025-02-24T20:17:10.381+0000] {processor.py:186} INFO - Started process (PID=2096) to work on /home/airflow/.local/lib/python3.12/site-packages/airflow/example_dags/example_latest_only.py
[2025-02-24T20:17:10.382+0000] {processor.py:914} INFO - Processing file /home/airflow/.local/lib/python3.12/site-packages/airflow/example_dags/example_latest_only.py for tasks to queue
[2025-02-24T20:17:10.386+0000] {logging_mixin.py:190} INFO - [2025-02-24T20:17:10.385+0000] {dagbag.py:588} INFO - Filling up the DagBag from /home/airflow/.local/lib/python3.12/site-packages/airflow/example_dags/example_latest_only.py
[2025-02-24T20:17:10.396+0000] {processor.py:925} INFO - DAG(s) 'latest_only' retrieved from /home/airflow/.local/lib/python3.12/site-packages/airflow/example_dags/example_latest_only.py
[2025-02-24T20:17:10.423+0000] {logging_mixin.py:190} INFO - [2025-02-24T20:17:10.423+0000] {dag.py:3239} INFO - Sync 1 DAGs
[2025-02-24T20:17:10.459+0000] {logging_mixin.py:190} INFO - [2025-02-24T20:17:10.459+0000] {dag.py:4180} INFO - Setting next_dagrun for latest_only to 2025-02-24 16:00:00+00:00, run_after=2025-02-24 20:00:00+00:00
[2025-02-24T20:17:10.493+0000] {processor.py:208} INFO - Processing /home/airflow/.local/lib/python3.12/site-packages/airflow/example_dags/example_latest_only.py took 0.122 seconds
[2025-02-24T20:17:40.896+0000] {processor.py:186} INFO - Started process (PID=2159) to work on /home/airflow/.local/lib/python3.12/site-packages/airflow/example_dags/example_latest_only.py
[2025-02-24T20:17:40.897+0000] {processor.py:914} INFO - Processing file /home/airflow/.local/lib/python3.12/site-packages/airflow/example_dags/example_latest_only.py for tasks to queue
[2025-02-24T20:17:40.901+0000] {logging_mixin.py:190} INFO - [2025-02-24T20:17:40.901+0000] {dagbag.py:588} INFO - Filling up the DagBag from /home/airflow/.local/lib/python3.12/site-packages/airflow/example_dags/example_latest_only.py
[2025-02-24T20:17:40.916+0000] {processor.py:925} INFO - DAG(s) 'latest_only' retrieved from /home/airflow/.local/lib/python3.12/site-packages/airflow/example_dags/example_latest_only.py
[2025-02-24T20:17:40.944+0000] {logging_mixin.py:190} INFO - [2025-02-24T20:17:40.944+0000] {dag.py:3239} INFO - Sync 1 DAGs
[2025-02-24T20:17:40.980+0000] {logging_mixin.py:190} INFO - [2025-02-24T20:17:40.980+0000] {dag.py:4180} INFO - Setting next_dagrun for latest_only to 2025-02-24 16:00:00+00:00, run_after=2025-02-24 20:00:00+00:00
[2025-02-24T20:17:41.014+0000] {processor.py:208} INFO - Processing /home/airflow/.local/lib/python3.12/site-packages/airflow/example_dags/example_latest_only.py took 0.130 seconds
[2025-02-24T20:18:12.220+0000] {processor.py:186} INFO - Started process (PID=2222) to work on /home/airflow/.local/lib/python3.12/site-packages/airflow/example_dags/example_latest_only.py
[2025-02-24T20:18:12.222+0000] {processor.py:914} INFO - Processing file /home/airflow/.local/lib/python3.12/site-packages/airflow/example_dags/example_latest_only.py for tasks to queue
[2025-02-24T20:18:12.225+0000] {logging_mixin.py:190} INFO - [2025-02-24T20:18:12.225+0000] {dagbag.py:588} INFO - Filling up the DagBag from /home/airflow/.local/lib/python3.12/site-packages/airflow/example_dags/example_latest_only.py
[2025-02-24T20:18:12.236+0000] {processor.py:925} INFO - DAG(s) 'latest_only' retrieved from /home/airflow/.local/lib/python3.12/site-packages/airflow/example_dags/example_latest_only.py
[2025-02-24T20:18:12.266+0000] {logging_mixin.py:190} INFO - [2025-02-24T20:18:12.265+0000] {dag.py:3239} INFO - Sync 1 DAGs
[2025-02-24T20:18:12.309+0000] {logging_mixin.py:190} INFO - [2025-02-24T20:18:12.308+0000] {dag.py:4180} INFO - Setting next_dagrun for latest_only to 2025-02-24 16:00:00+00:00, run_after=2025-02-24 20:00:00+00:00
[2025-02-24T20:18:12.350+0000] {processor.py:208} INFO - Processing /home/airflow/.local/lib/python3.12/site-packages/airflow/example_dags/example_latest_only.py took 0.139 seconds
[2025-02-24T20:18:42.685+0000] {processor.py:186} INFO - Started process (PID=2284) to work on /home/airflow/.local/lib/python3.12/site-packages/airflow/example_dags/example_latest_only.py
[2025-02-24T20:18:42.687+0000] {processor.py:914} INFO - Processing file /home/airflow/.local/lib/python3.12/site-packages/airflow/example_dags/example_latest_only.py for tasks to queue
[2025-02-24T20:18:42.691+0000] {logging_mixin.py:190} INFO - [2025-02-24T20:18:42.690+0000] {dagbag.py:588} INFO - Filling up the DagBag from /home/airflow/.local/lib/python3.12/site-packages/airflow/example_dags/example_latest_only.py
[2025-02-24T20:18:42.703+0000] {processor.py:925} INFO - DAG(s) 'latest_only' retrieved from /home/airflow/.local/lib/python3.12/site-packages/airflow/example_dags/example_latest_only.py
[2025-02-24T20:18:42.728+0000] {logging_mixin.py:190} INFO - [2025-02-24T20:18:42.728+0000] {dag.py:3239} INFO - Sync 1 DAGs
[2025-02-24T20:18:42.766+0000] {logging_mixin.py:190} INFO - [2025-02-24T20:18:42.766+0000] {dag.py:4180} INFO - Setting next_dagrun for latest_only to 2025-02-24 16:00:00+00:00, run_after=2025-02-24 20:00:00+00:00
[2025-02-24T20:18:42.801+0000] {processor.py:208} INFO - Processing /home/airflow/.local/lib/python3.12/site-packages/airflow/example_dags/example_latest_only.py took 0.124 seconds
[2025-02-24T20:19:13.256+0000] {processor.py:186} INFO - Started process (PID=2346) to work on /home/airflow/.local/lib/python3.12/site-packages/airflow/example_dags/example_latest_only.py
[2025-02-24T20:19:13.258+0000] {processor.py:914} INFO - Processing file /home/airflow/.local/lib/python3.12/site-packages/airflow/example_dags/example_latest_only.py for tasks to queue
[2025-02-24T20:19:13.261+0000] {logging_mixin.py:190} INFO - [2025-02-24T20:19:13.261+0000] {dagbag.py:588} INFO - Filling up the DagBag from /home/airflow/.local/lib/python3.12/site-packages/airflow/example_dags/example_latest_only.py
[2025-02-24T20:19:13.273+0000] {processor.py:925} INFO - DAG(s) 'latest_only' retrieved from /home/airflow/.local/lib/python3.12/site-packages/airflow/example_dags/example_latest_only.py
[2025-02-24T20:19:13.307+0000] {logging_mixin.py:190} INFO - [2025-02-24T20:19:13.307+0000] {dag.py:3239} INFO - Sync 1 DAGs
[2025-02-24T20:19:13.362+0000] {logging_mixin.py:190} INFO - [2025-02-24T20:19:13.361+0000] {dag.py:4180} INFO - Setting next_dagrun for latest_only to 2025-02-24 16:00:00+00:00, run_after=2025-02-24 20:00:00+00:00
[2025-02-24T20:19:13.397+0000] {processor.py:208} INFO - Processing /home/airflow/.local/lib/python3.12/site-packages/airflow/example_dags/example_latest_only.py took 0.155 seconds
[2025-02-24T21:44:44.112+0000] {processor.py:186} INFO - Started process (PID=280) to work on /home/airflow/.local/lib/python3.12/site-packages/airflow/example_dags/example_latest_only.py
[2025-02-24T21:44:46.580+0000] {processor.py:914} INFO - Processing file /home/airflow/.local/lib/python3.12/site-packages/airflow/example_dags/example_latest_only.py for tasks to queue
[2025-02-24T21:44:48.975+0000] {logging_mixin.py:190} INFO - [2025-02-24T21:44:47.139+0000] {dagbag.py:588} INFO - Filling up the DagBag from /home/airflow/.local/lib/python3.12/site-packages/airflow/example_dags/example_latest_only.py
[2025-02-24T21:44:54.725+0000] {processor.py:925} INFO - DAG(s) 'latest_only' retrieved from /home/airflow/.local/lib/python3.12/site-packages/airflow/example_dags/example_latest_only.py
