[2025-02-24T20:00:32.268+0000] {processor.py:186} INFO - Started process (PID=75) to work on /home/airflow/.local/lib/python3.12/site-packages/airflow/example_dags/example_local_kubernetes_executor.py
[2025-02-24T20:00:32.269+0000] {processor.py:914} INFO - Processing file /home/airflow/.local/lib/python3.12/site-packages/airflow/example_dags/example_local_kubernetes_executor.py for tasks to queue
[2025-02-24T20:00:32.274+0000] {logging_mixin.py:190} INFO - [2025-02-24T20:00:32.273+0000] {dagbag.py:588} INFO - Filling up the DagBag from /home/airflow/.local/lib/python3.12/site-packages/airflow/example_dags/example_local_kubernetes_executor.py
[2025-02-24T20:00:32.325+0000] {processor.py:925} INFO - DAG(s) 'example_local_kubernetes_executor' retrieved from /home/airflow/.local/lib/python3.12/site-packages/airflow/example_dags/example_local_kubernetes_executor.py
[2025-02-24T20:00:32.710+0000] {logging_mixin.py:190} INFO - [2025-02-24T20:00:32.703+0000] {override.py:1912} INFO - Created Permission View: can edit on DAG:example_local_kubernetes_executor
[2025-02-24T20:00:32.748+0000] {logging_mixin.py:190} INFO - [2025-02-24T20:00:32.748+0000] {override.py:1912} INFO - Created Permission View: can delete on DAG:example_local_kubernetes_executor
[2025-02-24T20:00:32.768+0000] {logging_mixin.py:190} INFO - [2025-02-24T20:00:32.767+0000] {override.py:1912} INFO - Created Permission View: can read on DAG:example_local_kubernetes_executor
[2025-02-24T20:00:32.809+0000] {logging_mixin.py:190} INFO - [2025-02-24T20:00:32.801+0000] {override.py:1912} INFO - Created Permission View: can delete on DAG Run:example_local_kubernetes_executor
[2025-02-24T20:00:32.843+0000] {logging_mixin.py:190} INFO - [2025-02-24T20:00:32.842+0000] {override.py:1912} INFO - Created Permission View: can create on DAG Run:example_local_kubernetes_executor
[2025-02-24T20:00:32.857+0000] {logging_mixin.py:190} INFO - [2025-02-24T20:00:32.856+0000] {override.py:1912} INFO - Created Permission View: menu access on DAG Run:example_local_kubernetes_executor
[2025-02-24T20:00:32.876+0000] {logging_mixin.py:190} INFO - [2025-02-24T20:00:32.876+0000] {override.py:1912} INFO - Created Permission View: can read on DAG Run:example_local_kubernetes_executor
[2025-02-24T20:00:32.878+0000] {logging_mixin.py:190} INFO - [2025-02-24T20:00:32.877+0000] {dag.py:3239} INFO - Sync 1 DAGs
[2025-02-24T20:00:32.907+0000] {logging_mixin.py:190} INFO - [2025-02-24T20:00:32.906+0000] {dag.py:3262} INFO - Creating ORM DAG for example_local_kubernetes_executor
[2025-02-24T20:00:32.913+0000] {logging_mixin.py:190} INFO - [2025-02-24T20:00:32.912+0000] {dag.py:4180} INFO - Setting next_dagrun for example_local_kubernetes_executor to None, run_after=None
[2025-02-24T20:00:32.956+0000] {processor.py:208} INFO - Processing /home/airflow/.local/lib/python3.12/site-packages/airflow/example_dags/example_local_kubernetes_executor.py took 0.696 seconds
[2025-02-24T20:01:03.927+0000] {processor.py:186} INFO - Started process (PID=138) to work on /home/airflow/.local/lib/python3.12/site-packages/airflow/example_dags/example_local_kubernetes_executor.py
[2025-02-24T20:01:03.929+0000] {processor.py:914} INFO - Processing file /home/airflow/.local/lib/python3.12/site-packages/airflow/example_dags/example_local_kubernetes_executor.py for tasks to queue
[2025-02-24T20:01:03.933+0000] {logging_mixin.py:190} INFO - [2025-02-24T20:01:03.933+0000] {dagbag.py:588} INFO - Filling up the DagBag from /home/airflow/.local/lib/python3.12/site-packages/airflow/example_dags/example_local_kubernetes_executor.py
[2025-02-24T20:01:03.956+0000] {processor.py:925} INFO - DAG(s) 'example_local_kubernetes_executor' retrieved from /home/airflow/.local/lib/python3.12/site-packages/airflow/example_dags/example_local_kubernetes_executor.py
[2025-02-24T20:01:03.995+0000] {logging_mixin.py:190} INFO - [2025-02-24T20:01:03.995+0000] {dag.py:3239} INFO - Sync 1 DAGs
[2025-02-24T20:01:04.031+0000] {logging_mixin.py:190} INFO - [2025-02-24T20:01:04.031+0000] {dag.py:4180} INFO - Setting next_dagrun for example_local_kubernetes_executor to None, run_after=None
[2025-02-24T20:01:04.077+0000] {processor.py:208} INFO - Processing /home/airflow/.local/lib/python3.12/site-packages/airflow/example_dags/example_local_kubernetes_executor.py took 0.159 seconds
[2025-02-24T20:01:34.887+0000] {processor.py:186} INFO - Started process (PID=195) to work on /home/airflow/.local/lib/python3.12/site-packages/airflow/example_dags/example_local_kubernetes_executor.py
[2025-02-24T20:01:34.888+0000] {processor.py:914} INFO - Processing file /home/airflow/.local/lib/python3.12/site-packages/airflow/example_dags/example_local_kubernetes_executor.py for tasks to queue
[2025-02-24T20:01:34.892+0000] {logging_mixin.py:190} INFO - [2025-02-24T20:01:34.892+0000] {dagbag.py:588} INFO - Filling up the DagBag from /home/airflow/.local/lib/python3.12/site-packages/airflow/example_dags/example_local_kubernetes_executor.py
[2025-02-24T20:01:34.914+0000] {processor.py:925} INFO - DAG(s) 'example_local_kubernetes_executor' retrieved from /home/airflow/.local/lib/python3.12/site-packages/airflow/example_dags/example_local_kubernetes_executor.py
[2025-02-24T20:01:34.955+0000] {logging_mixin.py:190} INFO - [2025-02-24T20:01:34.954+0000] {dag.py:3239} INFO - Sync 1 DAGs
[2025-02-24T20:01:34.996+0000] {logging_mixin.py:190} INFO - [2025-02-24T20:01:34.995+0000] {dag.py:4180} INFO - Setting next_dagrun for example_local_kubernetes_executor to None, run_after=None
[2025-02-24T20:01:35.053+0000] {processor.py:208} INFO - Processing /home/airflow/.local/lib/python3.12/site-packages/airflow/example_dags/example_local_kubernetes_executor.py took 0.174 seconds
[2025-02-24T20:02:05.590+0000] {processor.py:186} INFO - Started process (PID=256) to work on /home/airflow/.local/lib/python3.12/site-packages/airflow/example_dags/example_local_kubernetes_executor.py
[2025-02-24T20:02:05.592+0000] {processor.py:914} INFO - Processing file /home/airflow/.local/lib/python3.12/site-packages/airflow/example_dags/example_local_kubernetes_executor.py for tasks to queue
[2025-02-24T20:02:05.595+0000] {logging_mixin.py:190} INFO - [2025-02-24T20:02:05.595+0000] {dagbag.py:588} INFO - Filling up the DagBag from /home/airflow/.local/lib/python3.12/site-packages/airflow/example_dags/example_local_kubernetes_executor.py
[2025-02-24T20:02:05.609+0000] {processor.py:925} INFO - DAG(s) 'example_local_kubernetes_executor' retrieved from /home/airflow/.local/lib/python3.12/site-packages/airflow/example_dags/example_local_kubernetes_executor.py
[2025-02-24T20:02:05.630+0000] {logging_mixin.py:190} INFO - [2025-02-24T20:02:05.629+0000] {dag.py:3239} INFO - Sync 1 DAGs
[2025-02-24T20:02:05.648+0000] {logging_mixin.py:190} INFO - [2025-02-24T20:02:05.648+0000] {dag.py:4180} INFO - Setting next_dagrun for example_local_kubernetes_executor to None, run_after=None
[2025-02-24T20:02:05.670+0000] {processor.py:208} INFO - Processing /home/airflow/.local/lib/python3.12/site-packages/airflow/example_dags/example_local_kubernetes_executor.py took 0.087 seconds
[2025-02-24T20:02:35.812+0000] {processor.py:186} INFO - Started process (PID=319) to work on /home/airflow/.local/lib/python3.12/site-packages/airflow/example_dags/example_local_kubernetes_executor.py
[2025-02-24T20:02:35.814+0000] {processor.py:914} INFO - Processing file /home/airflow/.local/lib/python3.12/site-packages/airflow/example_dags/example_local_kubernetes_executor.py for tasks to queue
[2025-02-24T20:02:35.817+0000] {logging_mixin.py:190} INFO - [2025-02-24T20:02:35.816+0000] {dagbag.py:588} INFO - Filling up the DagBag from /home/airflow/.local/lib/python3.12/site-packages/airflow/example_dags/example_local_kubernetes_executor.py
[2025-02-24T20:02:35.828+0000] {processor.py:925} INFO - DAG(s) 'example_local_kubernetes_executor' retrieved from /home/airflow/.local/lib/python3.12/site-packages/airflow/example_dags/example_local_kubernetes_executor.py
[2025-02-24T20:02:35.849+0000] {logging_mixin.py:190} INFO - [2025-02-24T20:02:35.849+0000] {dag.py:3239} INFO - Sync 1 DAGs
[2025-02-24T20:02:35.867+0000] {logging_mixin.py:190} INFO - [2025-02-24T20:02:35.866+0000] {dag.py:4180} INFO - Setting next_dagrun for example_local_kubernetes_executor to None, run_after=None
[2025-02-24T20:02:35.889+0000] {processor.py:208} INFO - Processing /home/airflow/.local/lib/python3.12/site-packages/airflow/example_dags/example_local_kubernetes_executor.py took 0.083 seconds
[2025-02-24T20:03:06.284+0000] {processor.py:186} INFO - Started process (PID=382) to work on /home/airflow/.local/lib/python3.12/site-packages/airflow/example_dags/example_local_kubernetes_executor.py
[2025-02-24T20:03:06.285+0000] {processor.py:914} INFO - Processing file /home/airflow/.local/lib/python3.12/site-packages/airflow/example_dags/example_local_kubernetes_executor.py for tasks to queue
[2025-02-24T20:03:06.287+0000] {logging_mixin.py:190} INFO - [2025-02-24T20:03:06.287+0000] {dagbag.py:588} INFO - Filling up the DagBag from /home/airflow/.local/lib/python3.12/site-packages/airflow/example_dags/example_local_kubernetes_executor.py
[2025-02-24T20:03:06.297+0000] {processor.py:925} INFO - DAG(s) 'example_local_kubernetes_executor' retrieved from /home/airflow/.local/lib/python3.12/site-packages/airflow/example_dags/example_local_kubernetes_executor.py
[2025-02-24T20:03:06.317+0000] {logging_mixin.py:190} INFO - [2025-02-24T20:03:06.317+0000] {dag.py:3239} INFO - Sync 1 DAGs
[2025-02-24T20:03:06.333+0000] {logging_mixin.py:190} INFO - [2025-02-24T20:03:06.332+0000] {dag.py:4180} INFO - Setting next_dagrun for example_local_kubernetes_executor to None, run_after=None
[2025-02-24T20:03:06.357+0000] {processor.py:208} INFO - Processing /home/airflow/.local/lib/python3.12/site-packages/airflow/example_dags/example_local_kubernetes_executor.py took 0.079 seconds
[2025-02-24T20:03:36.521+0000] {processor.py:186} INFO - Started process (PID=445) to work on /home/airflow/.local/lib/python3.12/site-packages/airflow/example_dags/example_local_kubernetes_executor.py
[2025-02-24T20:03:36.521+0000] {processor.py:914} INFO - Processing file /home/airflow/.local/lib/python3.12/site-packages/airflow/example_dags/example_local_kubernetes_executor.py for tasks to queue
[2025-02-24T20:03:36.524+0000] {logging_mixin.py:190} INFO - [2025-02-24T20:03:36.523+0000] {dagbag.py:588} INFO - Filling up the DagBag from /home/airflow/.local/lib/python3.12/site-packages/airflow/example_dags/example_local_kubernetes_executor.py
[2025-02-24T20:03:36.533+0000] {processor.py:925} INFO - DAG(s) 'example_local_kubernetes_executor' retrieved from /home/airflow/.local/lib/python3.12/site-packages/airflow/example_dags/example_local_kubernetes_executor.py
[2025-02-24T20:03:36.553+0000] {logging_mixin.py:190} INFO - [2025-02-24T20:03:36.552+0000] {dag.py:3239} INFO - Sync 1 DAGs
[2025-02-24T20:03:36.568+0000] {logging_mixin.py:190} INFO - [2025-02-24T20:03:36.568+0000] {dag.py:4180} INFO - Setting next_dagrun for example_local_kubernetes_executor to None, run_after=None
[2025-02-24T20:03:36.589+0000] {processor.py:208} INFO - Processing /home/airflow/.local/lib/python3.12/site-packages/airflow/example_dags/example_local_kubernetes_executor.py took 0.074 seconds
[2025-02-24T20:04:07.052+0000] {processor.py:186} INFO - Started process (PID=508) to work on /home/airflow/.local/lib/python3.12/site-packages/airflow/example_dags/example_local_kubernetes_executor.py
[2025-02-24T20:04:07.053+0000] {processor.py:914} INFO - Processing file /home/airflow/.local/lib/python3.12/site-packages/airflow/example_dags/example_local_kubernetes_executor.py for tasks to queue
[2025-02-24T20:04:07.055+0000] {logging_mixin.py:190} INFO - [2025-02-24T20:04:07.055+0000] {dagbag.py:588} INFO - Filling up the DagBag from /home/airflow/.local/lib/python3.12/site-packages/airflow/example_dags/example_local_kubernetes_executor.py
[2025-02-24T20:04:07.066+0000] {processor.py:925} INFO - DAG(s) 'example_local_kubernetes_executor' retrieved from /home/airflow/.local/lib/python3.12/site-packages/airflow/example_dags/example_local_kubernetes_executor.py
[2025-02-24T20:04:07.084+0000] {logging_mixin.py:190} INFO - [2025-02-24T20:04:07.083+0000] {dag.py:3239} INFO - Sync 1 DAGs
[2025-02-24T20:04:07.100+0000] {logging_mixin.py:190} INFO - [2025-02-24T20:04:07.099+0000] {dag.py:4180} INFO - Setting next_dagrun for example_local_kubernetes_executor to None, run_after=None
[2025-02-24T20:04:07.122+0000] {processor.py:208} INFO - Processing /home/airflow/.local/lib/python3.12/site-packages/airflow/example_dags/example_local_kubernetes_executor.py took 0.076 seconds
[2025-02-24T20:04:37.460+0000] {processor.py:186} INFO - Started process (PID=571) to work on /home/airflow/.local/lib/python3.12/site-packages/airflow/example_dags/example_local_kubernetes_executor.py
[2025-02-24T20:04:37.461+0000] {processor.py:914} INFO - Processing file /home/airflow/.local/lib/python3.12/site-packages/airflow/example_dags/example_local_kubernetes_executor.py for tasks to queue
[2025-02-24T20:04:37.464+0000] {logging_mixin.py:190} INFO - [2025-02-24T20:04:37.463+0000] {dagbag.py:588} INFO - Filling up the DagBag from /home/airflow/.local/lib/python3.12/site-packages/airflow/example_dags/example_local_kubernetes_executor.py
[2025-02-24T20:04:37.474+0000] {processor.py:925} INFO - DAG(s) 'example_local_kubernetes_executor' retrieved from /home/airflow/.local/lib/python3.12/site-packages/airflow/example_dags/example_local_kubernetes_executor.py
[2025-02-24T20:04:37.493+0000] {logging_mixin.py:190} INFO - [2025-02-24T20:04:37.493+0000] {dag.py:3239} INFO - Sync 1 DAGs
[2025-02-24T20:04:37.508+0000] {logging_mixin.py:190} INFO - [2025-02-24T20:04:37.508+0000] {dag.py:4180} INFO - Setting next_dagrun for example_local_kubernetes_executor to None, run_after=None
[2025-02-24T20:04:37.529+0000] {processor.py:208} INFO - Processing /home/airflow/.local/lib/python3.12/site-packages/airflow/example_dags/example_local_kubernetes_executor.py took 0.074 seconds
[2025-02-24T20:05:08.521+0000] {processor.py:186} INFO - Started process (PID=634) to work on /home/airflow/.local/lib/python3.12/site-packages/airflow/example_dags/example_local_kubernetes_executor.py
[2025-02-24T20:05:08.522+0000] {processor.py:914} INFO - Processing file /home/airflow/.local/lib/python3.12/site-packages/airflow/example_dags/example_local_kubernetes_executor.py for tasks to queue
[2025-02-24T20:05:08.524+0000] {logging_mixin.py:190} INFO - [2025-02-24T20:05:08.524+0000] {dagbag.py:588} INFO - Filling up the DagBag from /home/airflow/.local/lib/python3.12/site-packages/airflow/example_dags/example_local_kubernetes_executor.py
[2025-02-24T20:05:08.533+0000] {processor.py:925} INFO - DAG(s) 'example_local_kubernetes_executor' retrieved from /home/airflow/.local/lib/python3.12/site-packages/airflow/example_dags/example_local_kubernetes_executor.py
[2025-02-24T20:05:08.555+0000] {logging_mixin.py:190} INFO - [2025-02-24T20:05:08.554+0000] {dag.py:3239} INFO - Sync 1 DAGs
[2025-02-24T20:05:08.570+0000] {logging_mixin.py:190} INFO - [2025-02-24T20:05:08.570+0000] {dag.py:4180} INFO - Setting next_dagrun for example_local_kubernetes_executor to None, run_after=None
[2025-02-24T20:05:08.588+0000] {processor.py:208} INFO - Processing /home/airflow/.local/lib/python3.12/site-packages/airflow/example_dags/example_local_kubernetes_executor.py took 0.073 seconds
[2025-02-24T20:05:39.260+0000] {processor.py:186} INFO - Started process (PID=697) to work on /home/airflow/.local/lib/python3.12/site-packages/airflow/example_dags/example_local_kubernetes_executor.py
[2025-02-24T20:05:39.261+0000] {processor.py:914} INFO - Processing file /home/airflow/.local/lib/python3.12/site-packages/airflow/example_dags/example_local_kubernetes_executor.py for tasks to queue
[2025-02-24T20:05:39.264+0000] {logging_mixin.py:190} INFO - [2025-02-24T20:05:39.264+0000] {dagbag.py:588} INFO - Filling up the DagBag from /home/airflow/.local/lib/python3.12/site-packages/airflow/example_dags/example_local_kubernetes_executor.py
[2025-02-24T20:05:39.279+0000] {processor.py:925} INFO - DAG(s) 'example_local_kubernetes_executor' retrieved from /home/airflow/.local/lib/python3.12/site-packages/airflow/example_dags/example_local_kubernetes_executor.py
[2025-02-24T20:05:39.310+0000] {logging_mixin.py:190} INFO - [2025-02-24T20:05:39.309+0000] {dag.py:3239} INFO - Sync 1 DAGs
[2025-02-24T20:05:39.329+0000] {logging_mixin.py:190} INFO - [2025-02-24T20:05:39.328+0000] {dag.py:4180} INFO - Setting next_dagrun for example_local_kubernetes_executor to None, run_after=None
[2025-02-24T20:05:39.362+0000] {processor.py:208} INFO - Processing /home/airflow/.local/lib/python3.12/site-packages/airflow/example_dags/example_local_kubernetes_executor.py took 0.111 seconds
[2025-02-24T20:06:09.498+0000] {processor.py:186} INFO - Started process (PID=760) to work on /home/airflow/.local/lib/python3.12/site-packages/airflow/example_dags/example_local_kubernetes_executor.py
[2025-02-24T20:06:09.499+0000] {processor.py:914} INFO - Processing file /home/airflow/.local/lib/python3.12/site-packages/airflow/example_dags/example_local_kubernetes_executor.py for tasks to queue
[2025-02-24T20:06:09.501+0000] {logging_mixin.py:190} INFO - [2025-02-24T20:06:09.501+0000] {dagbag.py:588} INFO - Filling up the DagBag from /home/airflow/.local/lib/python3.12/site-packages/airflow/example_dags/example_local_kubernetes_executor.py
[2025-02-24T20:06:09.511+0000] {processor.py:925} INFO - DAG(s) 'example_local_kubernetes_executor' retrieved from /home/airflow/.local/lib/python3.12/site-packages/airflow/example_dags/example_local_kubernetes_executor.py
[2025-02-24T20:06:09.534+0000] {logging_mixin.py:190} INFO - [2025-02-24T20:06:09.534+0000] {dag.py:3239} INFO - Sync 1 DAGs
[2025-02-24T20:06:09.552+0000] {logging_mixin.py:190} INFO - [2025-02-24T20:06:09.552+0000] {dag.py:4180} INFO - Setting next_dagrun for example_local_kubernetes_executor to None, run_after=None
[2025-02-24T20:06:09.577+0000] {processor.py:208} INFO - Processing /home/airflow/.local/lib/python3.12/site-packages/airflow/example_dags/example_local_kubernetes_executor.py took 0.085 seconds
[2025-02-24T20:06:39.743+0000] {processor.py:186} INFO - Started process (PID=823) to work on /home/airflow/.local/lib/python3.12/site-packages/airflow/example_dags/example_local_kubernetes_executor.py
[2025-02-24T20:06:39.744+0000] {processor.py:914} INFO - Processing file /home/airflow/.local/lib/python3.12/site-packages/airflow/example_dags/example_local_kubernetes_executor.py for tasks to queue
[2025-02-24T20:06:39.746+0000] {logging_mixin.py:190} INFO - [2025-02-24T20:06:39.746+0000] {dagbag.py:588} INFO - Filling up the DagBag from /home/airflow/.local/lib/python3.12/site-packages/airflow/example_dags/example_local_kubernetes_executor.py
[2025-02-24T20:06:39.756+0000] {processor.py:925} INFO - DAG(s) 'example_local_kubernetes_executor' retrieved from /home/airflow/.local/lib/python3.12/site-packages/airflow/example_dags/example_local_kubernetes_executor.py
[2025-02-24T20:06:39.777+0000] {logging_mixin.py:190} INFO - [2025-02-24T20:06:39.777+0000] {dag.py:3239} INFO - Sync 1 DAGs
[2025-02-24T20:06:39.794+0000] {logging_mixin.py:190} INFO - [2025-02-24T20:06:39.794+0000] {dag.py:4180} INFO - Setting next_dagrun for example_local_kubernetes_executor to None, run_after=None
[2025-02-24T20:06:39.817+0000] {processor.py:208} INFO - Processing /home/airflow/.local/lib/python3.12/site-packages/airflow/example_dags/example_local_kubernetes_executor.py took 0.080 seconds
[2025-02-24T20:07:10.124+0000] {processor.py:186} INFO - Started process (PID=886) to work on /home/airflow/.local/lib/python3.12/site-packages/airflow/example_dags/example_local_kubernetes_executor.py
[2025-02-24T20:07:10.125+0000] {processor.py:914} INFO - Processing file /home/airflow/.local/lib/python3.12/site-packages/airflow/example_dags/example_local_kubernetes_executor.py for tasks to queue
[2025-02-24T20:07:10.128+0000] {logging_mixin.py:190} INFO - [2025-02-24T20:07:10.127+0000] {dagbag.py:588} INFO - Filling up the DagBag from /home/airflow/.local/lib/python3.12/site-packages/airflow/example_dags/example_local_kubernetes_executor.py
[2025-02-24T20:07:10.137+0000] {processor.py:925} INFO - DAG(s) 'example_local_kubernetes_executor' retrieved from /home/airflow/.local/lib/python3.12/site-packages/airflow/example_dags/example_local_kubernetes_executor.py
[2025-02-24T20:07:10.161+0000] {logging_mixin.py:190} INFO - [2025-02-24T20:07:10.160+0000] {dag.py:3239} INFO - Sync 1 DAGs
[2025-02-24T20:07:10.178+0000] {logging_mixin.py:190} INFO - [2025-02-24T20:07:10.178+0000] {dag.py:4180} INFO - Setting next_dagrun for example_local_kubernetes_executor to None, run_after=None
[2025-02-24T20:07:10.206+0000] {processor.py:208} INFO - Processing /home/airflow/.local/lib/python3.12/site-packages/airflow/example_dags/example_local_kubernetes_executor.py took 0.088 seconds
[2025-02-24T20:07:40.597+0000] {processor.py:186} INFO - Started process (PID=948) to work on /home/airflow/.local/lib/python3.12/site-packages/airflow/example_dags/example_local_kubernetes_executor.py
[2025-02-24T20:07:40.598+0000] {processor.py:914} INFO - Processing file /home/airflow/.local/lib/python3.12/site-packages/airflow/example_dags/example_local_kubernetes_executor.py for tasks to queue
[2025-02-24T20:07:40.601+0000] {logging_mixin.py:190} INFO - [2025-02-24T20:07:40.601+0000] {dagbag.py:588} INFO - Filling up the DagBag from /home/airflow/.local/lib/python3.12/site-packages/airflow/example_dags/example_local_kubernetes_executor.py
[2025-02-24T20:07:40.611+0000] {processor.py:925} INFO - DAG(s) 'example_local_kubernetes_executor' retrieved from /home/airflow/.local/lib/python3.12/site-packages/airflow/example_dags/example_local_kubernetes_executor.py
[2025-02-24T20:07:40.634+0000] {logging_mixin.py:190} INFO - [2025-02-24T20:07:40.633+0000] {dag.py:3239} INFO - Sync 1 DAGs
[2025-02-24T20:07:40.649+0000] {logging_mixin.py:190} INFO - [2025-02-24T20:07:40.649+0000] {dag.py:4180} INFO - Setting next_dagrun for example_local_kubernetes_executor to None, run_after=None
[2025-02-24T20:07:40.669+0000] {processor.py:208} INFO - Processing /home/airflow/.local/lib/python3.12/site-packages/airflow/example_dags/example_local_kubernetes_executor.py took 0.078 seconds
[2025-02-24T20:08:10.978+0000] {processor.py:186} INFO - Started process (PID=1011) to work on /home/airflow/.local/lib/python3.12/site-packages/airflow/example_dags/example_local_kubernetes_executor.py
[2025-02-24T20:08:10.980+0000] {processor.py:914} INFO - Processing file /home/airflow/.local/lib/python3.12/site-packages/airflow/example_dags/example_local_kubernetes_executor.py for tasks to queue
[2025-02-24T20:08:10.983+0000] {logging_mixin.py:190} INFO - [2025-02-24T20:08:10.982+0000] {dagbag.py:588} INFO - Filling up the DagBag from /home/airflow/.local/lib/python3.12/site-packages/airflow/example_dags/example_local_kubernetes_executor.py
[2025-02-24T20:08:10.993+0000] {processor.py:925} INFO - DAG(s) 'example_local_kubernetes_executor' retrieved from /home/airflow/.local/lib/python3.12/site-packages/airflow/example_dags/example_local_kubernetes_executor.py
[2025-02-24T20:08:11.014+0000] {logging_mixin.py:190} INFO - [2025-02-24T20:08:11.013+0000] {dag.py:3239} INFO - Sync 1 DAGs
[2025-02-24T20:08:11.029+0000] {logging_mixin.py:190} INFO - [2025-02-24T20:08:11.029+0000] {dag.py:4180} INFO - Setting next_dagrun for example_local_kubernetes_executor to None, run_after=None
[2025-02-24T20:08:11.051+0000] {processor.py:208} INFO - Processing /home/airflow/.local/lib/python3.12/site-packages/airflow/example_dags/example_local_kubernetes_executor.py took 0.078 seconds
[2025-02-24T20:08:41.684+0000] {processor.py:186} INFO - Started process (PID=1066) to work on /home/airflow/.local/lib/python3.12/site-packages/airflow/example_dags/example_local_kubernetes_executor.py
[2025-02-24T20:08:41.686+0000] {processor.py:914} INFO - Processing file /home/airflow/.local/lib/python3.12/site-packages/airflow/example_dags/example_local_kubernetes_executor.py for tasks to queue
[2025-02-24T20:08:41.690+0000] {logging_mixin.py:190} INFO - [2025-02-24T20:08:41.689+0000] {dagbag.py:588} INFO - Filling up the DagBag from /home/airflow/.local/lib/python3.12/site-packages/airflow/example_dags/example_local_kubernetes_executor.py
[2025-02-24T20:08:41.701+0000] {processor.py:925} INFO - DAG(s) 'example_local_kubernetes_executor' retrieved from /home/airflow/.local/lib/python3.12/site-packages/airflow/example_dags/example_local_kubernetes_executor.py
[2025-02-24T20:08:41.726+0000] {logging_mixin.py:190} INFO - [2025-02-24T20:08:41.726+0000] {dag.py:3239} INFO - Sync 1 DAGs
[2025-02-24T20:08:41.745+0000] {logging_mixin.py:190} INFO - [2025-02-24T20:08:41.744+0000] {dag.py:4180} INFO - Setting next_dagrun for example_local_kubernetes_executor to None, run_after=None
[2025-02-24T20:08:41.773+0000] {processor.py:208} INFO - Processing /home/airflow/.local/lib/python3.12/site-packages/airflow/example_dags/example_local_kubernetes_executor.py took 0.097 seconds
[2025-02-24T20:09:12.492+0000] {processor.py:186} INFO - Started process (PID=1129) to work on /home/airflow/.local/lib/python3.12/site-packages/airflow/example_dags/example_local_kubernetes_executor.py
[2025-02-24T20:09:12.493+0000] {processor.py:914} INFO - Processing file /home/airflow/.local/lib/python3.12/site-packages/airflow/example_dags/example_local_kubernetes_executor.py for tasks to queue
[2025-02-24T20:09:12.495+0000] {logging_mixin.py:190} INFO - [2025-02-24T20:09:12.495+0000] {dagbag.py:588} INFO - Filling up the DagBag from /home/airflow/.local/lib/python3.12/site-packages/airflow/example_dags/example_local_kubernetes_executor.py
[2025-02-24T20:09:12.504+0000] {processor.py:925} INFO - DAG(s) 'example_local_kubernetes_executor' retrieved from /home/airflow/.local/lib/python3.12/site-packages/airflow/example_dags/example_local_kubernetes_executor.py
[2025-02-24T20:09:12.532+0000] {logging_mixin.py:190} INFO - [2025-02-24T20:09:12.532+0000] {dag.py:3239} INFO - Sync 1 DAGs
[2025-02-24T20:09:12.548+0000] {logging_mixin.py:190} INFO - [2025-02-24T20:09:12.548+0000] {dag.py:4180} INFO - Setting next_dagrun for example_local_kubernetes_executor to None, run_after=None
[2025-02-24T20:09:12.579+0000] {processor.py:208} INFO - Processing /home/airflow/.local/lib/python3.12/site-packages/airflow/example_dags/example_local_kubernetes_executor.py took 0.093 seconds
[2025-02-24T20:09:43.782+0000] {processor.py:186} INFO - Started process (PID=1192) to work on /home/airflow/.local/lib/python3.12/site-packages/airflow/example_dags/example_local_kubernetes_executor.py
[2025-02-24T20:09:43.784+0000] {processor.py:914} INFO - Processing file /home/airflow/.local/lib/python3.12/site-packages/airflow/example_dags/example_local_kubernetes_executor.py for tasks to queue
[2025-02-24T20:09:43.787+0000] {logging_mixin.py:190} INFO - [2025-02-24T20:09:43.787+0000] {dagbag.py:588} INFO - Filling up the DagBag from /home/airflow/.local/lib/python3.12/site-packages/airflow/example_dags/example_local_kubernetes_executor.py
[2025-02-24T20:09:43.800+0000] {processor.py:925} INFO - DAG(s) 'example_local_kubernetes_executor' retrieved from /home/airflow/.local/lib/python3.12/site-packages/airflow/example_dags/example_local_kubernetes_executor.py
[2025-02-24T20:09:43.822+0000] {logging_mixin.py:190} INFO - [2025-02-24T20:09:43.822+0000] {dag.py:3239} INFO - Sync 1 DAGs
[2025-02-24T20:09:43.840+0000] {logging_mixin.py:190} INFO - [2025-02-24T20:09:43.840+0000] {dag.py:4180} INFO - Setting next_dagrun for example_local_kubernetes_executor to None, run_after=None
[2025-02-24T20:09:43.862+0000] {processor.py:208} INFO - Processing /home/airflow/.local/lib/python3.12/site-packages/airflow/example_dags/example_local_kubernetes_executor.py took 0.087 seconds
[2025-02-24T20:10:14.827+0000] {processor.py:186} INFO - Started process (PID=1253) to work on /home/airflow/.local/lib/python3.12/site-packages/airflow/example_dags/example_local_kubernetes_executor.py
[2025-02-24T20:10:14.828+0000] {processor.py:914} INFO - Processing file /home/airflow/.local/lib/python3.12/site-packages/airflow/example_dags/example_local_kubernetes_executor.py for tasks to queue
[2025-02-24T20:10:14.831+0000] {logging_mixin.py:190} INFO - [2025-02-24T20:10:14.830+0000] {dagbag.py:588} INFO - Filling up the DagBag from /home/airflow/.local/lib/python3.12/site-packages/airflow/example_dags/example_local_kubernetes_executor.py
[2025-02-24T20:10:14.842+0000] {processor.py:925} INFO - DAG(s) 'example_local_kubernetes_executor' retrieved from /home/airflow/.local/lib/python3.12/site-packages/airflow/example_dags/example_local_kubernetes_executor.py
[2025-02-24T20:10:14.862+0000] {logging_mixin.py:190} INFO - [2025-02-24T20:10:14.862+0000] {dag.py:3239} INFO - Sync 1 DAGs
[2025-02-24T20:10:14.877+0000] {logging_mixin.py:190} INFO - [2025-02-24T20:10:14.877+0000] {dag.py:4180} INFO - Setting next_dagrun for example_local_kubernetes_executor to None, run_after=None
[2025-02-24T20:10:14.899+0000] {processor.py:208} INFO - Processing /home/airflow/.local/lib/python3.12/site-packages/airflow/example_dags/example_local_kubernetes_executor.py took 0.077 seconds
[2025-02-24T20:10:45.469+0000] {processor.py:186} INFO - Started process (PID=1308) to work on /home/airflow/.local/lib/python3.12/site-packages/airflow/example_dags/example_local_kubernetes_executor.py
[2025-02-24T20:10:45.470+0000] {processor.py:914} INFO - Processing file /home/airflow/.local/lib/python3.12/site-packages/airflow/example_dags/example_local_kubernetes_executor.py for tasks to queue
[2025-02-24T20:10:45.473+0000] {logging_mixin.py:190} INFO - [2025-02-24T20:10:45.472+0000] {dagbag.py:588} INFO - Filling up the DagBag from /home/airflow/.local/lib/python3.12/site-packages/airflow/example_dags/example_local_kubernetes_executor.py
[2025-02-24T20:10:45.484+0000] {processor.py:925} INFO - DAG(s) 'example_local_kubernetes_executor' retrieved from /home/airflow/.local/lib/python3.12/site-packages/airflow/example_dags/example_local_kubernetes_executor.py
[2025-02-24T20:10:45.506+0000] {logging_mixin.py:190} INFO - [2025-02-24T20:10:45.506+0000] {dag.py:3239} INFO - Sync 1 DAGs
[2025-02-24T20:10:45.523+0000] {logging_mixin.py:190} INFO - [2025-02-24T20:10:45.522+0000] {dag.py:4180} INFO - Setting next_dagrun for example_local_kubernetes_executor to None, run_after=None
[2025-02-24T20:10:45.555+0000] {processor.py:208} INFO - Processing /home/airflow/.local/lib/python3.12/site-packages/airflow/example_dags/example_local_kubernetes_executor.py took 0.093 seconds
[2025-02-24T20:11:16.698+0000] {processor.py:186} INFO - Started process (PID=1370) to work on /home/airflow/.local/lib/python3.12/site-packages/airflow/example_dags/example_local_kubernetes_executor.py
[2025-02-24T20:11:16.700+0000] {processor.py:914} INFO - Processing file /home/airflow/.local/lib/python3.12/site-packages/airflow/example_dags/example_local_kubernetes_executor.py for tasks to queue
[2025-02-24T20:11:16.702+0000] {logging_mixin.py:190} INFO - [2025-02-24T20:11:16.702+0000] {dagbag.py:588} INFO - Filling up the DagBag from /home/airflow/.local/lib/python3.12/site-packages/airflow/example_dags/example_local_kubernetes_executor.py
[2025-02-24T20:11:16.711+0000] {processor.py:925} INFO - DAG(s) 'example_local_kubernetes_executor' retrieved from /home/airflow/.local/lib/python3.12/site-packages/airflow/example_dags/example_local_kubernetes_executor.py
[2025-02-24T20:11:16.732+0000] {logging_mixin.py:190} INFO - [2025-02-24T20:11:16.732+0000] {dag.py:3239} INFO - Sync 1 DAGs
[2025-02-24T20:11:16.747+0000] {logging_mixin.py:190} INFO - [2025-02-24T20:11:16.747+0000] {dag.py:4180} INFO - Setting next_dagrun for example_local_kubernetes_executor to None, run_after=None
[2025-02-24T20:11:16.779+0000] {processor.py:208} INFO - Processing /home/airflow/.local/lib/python3.12/site-packages/airflow/example_dags/example_local_kubernetes_executor.py took 0.086 seconds
[2025-02-24T20:11:47.099+0000] {processor.py:186} INFO - Started process (PID=1426) to work on /home/airflow/.local/lib/python3.12/site-packages/airflow/example_dags/example_local_kubernetes_executor.py
[2025-02-24T20:11:47.101+0000] {processor.py:914} INFO - Processing file /home/airflow/.local/lib/python3.12/site-packages/airflow/example_dags/example_local_kubernetes_executor.py for tasks to queue
[2025-02-24T20:11:47.104+0000] {logging_mixin.py:190} INFO - [2025-02-24T20:11:47.103+0000] {dagbag.py:588} INFO - Filling up the DagBag from /home/airflow/.local/lib/python3.12/site-packages/airflow/example_dags/example_local_kubernetes_executor.py
[2025-02-24T20:11:47.113+0000] {processor.py:925} INFO - DAG(s) 'example_local_kubernetes_executor' retrieved from /home/airflow/.local/lib/python3.12/site-packages/airflow/example_dags/example_local_kubernetes_executor.py
[2025-02-24T20:11:47.134+0000] {logging_mixin.py:190} INFO - [2025-02-24T20:11:47.134+0000] {dag.py:3239} INFO - Sync 1 DAGs
[2025-02-24T20:11:47.149+0000] {logging_mixin.py:190} INFO - [2025-02-24T20:11:47.149+0000] {dag.py:4180} INFO - Setting next_dagrun for example_local_kubernetes_executor to None, run_after=None
[2025-02-24T20:11:47.178+0000] {processor.py:208} INFO - Processing /home/airflow/.local/lib/python3.12/site-packages/airflow/example_dags/example_local_kubernetes_executor.py took 0.085 seconds
[2025-02-24T20:12:17.276+0000] {processor.py:186} INFO - Started process (PID=1489) to work on /home/airflow/.local/lib/python3.12/site-packages/airflow/example_dags/example_local_kubernetes_executor.py
[2025-02-24T20:12:17.278+0000] {processor.py:914} INFO - Processing file /home/airflow/.local/lib/python3.12/site-packages/airflow/example_dags/example_local_kubernetes_executor.py for tasks to queue
[2025-02-24T20:12:17.280+0000] {logging_mixin.py:190} INFO - [2025-02-24T20:12:17.280+0000] {dagbag.py:588} INFO - Filling up the DagBag from /home/airflow/.local/lib/python3.12/site-packages/airflow/example_dags/example_local_kubernetes_executor.py
[2025-02-24T20:12:17.290+0000] {processor.py:925} INFO - DAG(s) 'example_local_kubernetes_executor' retrieved from /home/airflow/.local/lib/python3.12/site-packages/airflow/example_dags/example_local_kubernetes_executor.py
[2025-02-24T20:12:17.310+0000] {logging_mixin.py:190} INFO - [2025-02-24T20:12:17.310+0000] {dag.py:3239} INFO - Sync 1 DAGs
[2025-02-24T20:12:17.326+0000] {logging_mixin.py:190} INFO - [2025-02-24T20:12:17.326+0000] {dag.py:4180} INFO - Setting next_dagrun for example_local_kubernetes_executor to None, run_after=None
[2025-02-24T20:12:17.356+0000] {processor.py:208} INFO - Processing /home/airflow/.local/lib/python3.12/site-packages/airflow/example_dags/example_local_kubernetes_executor.py took 0.087 seconds
[2025-02-24T20:12:47.903+0000] {processor.py:186} INFO - Started process (PID=1552) to work on /home/airflow/.local/lib/python3.12/site-packages/airflow/example_dags/example_local_kubernetes_executor.py
[2025-02-24T20:12:47.905+0000] {processor.py:914} INFO - Processing file /home/airflow/.local/lib/python3.12/site-packages/airflow/example_dags/example_local_kubernetes_executor.py for tasks to queue
[2025-02-24T20:12:47.907+0000] {logging_mixin.py:190} INFO - [2025-02-24T20:12:47.907+0000] {dagbag.py:588} INFO - Filling up the DagBag from /home/airflow/.local/lib/python3.12/site-packages/airflow/example_dags/example_local_kubernetes_executor.py
[2025-02-24T20:12:47.916+0000] {processor.py:925} INFO - DAG(s) 'example_local_kubernetes_executor' retrieved from /home/airflow/.local/lib/python3.12/site-packages/airflow/example_dags/example_local_kubernetes_executor.py
[2025-02-24T20:12:47.939+0000] {logging_mixin.py:190} INFO - [2025-02-24T20:12:47.939+0000] {dag.py:3239} INFO - Sync 1 DAGs
[2025-02-24T20:12:47.954+0000] {logging_mixin.py:190} INFO - [2025-02-24T20:12:47.953+0000] {dag.py:4180} INFO - Setting next_dagrun for example_local_kubernetes_executor to None, run_after=None
[2025-02-24T20:12:47.973+0000] {processor.py:208} INFO - Processing /home/airflow/.local/lib/python3.12/site-packages/airflow/example_dags/example_local_kubernetes_executor.py took 0.076 seconds
[2025-02-24T20:13:18.224+0000] {processor.py:186} INFO - Started process (PID=1615) to work on /home/airflow/.local/lib/python3.12/site-packages/airflow/example_dags/example_local_kubernetes_executor.py
[2025-02-24T20:13:18.226+0000] {processor.py:914} INFO - Processing file /home/airflow/.local/lib/python3.12/site-packages/airflow/example_dags/example_local_kubernetes_executor.py for tasks to queue
[2025-02-24T20:13:18.230+0000] {logging_mixin.py:190} INFO - [2025-02-24T20:13:18.230+0000] {dagbag.py:588} INFO - Filling up the DagBag from /home/airflow/.local/lib/python3.12/site-packages/airflow/example_dags/example_local_kubernetes_executor.py
[2025-02-24T20:13:18.246+0000] {processor.py:925} INFO - DAG(s) 'example_local_kubernetes_executor' retrieved from /home/airflow/.local/lib/python3.12/site-packages/airflow/example_dags/example_local_kubernetes_executor.py
[2025-02-24T20:13:18.269+0000] {logging_mixin.py:190} INFO - [2025-02-24T20:13:18.269+0000] {dag.py:3239} INFO - Sync 1 DAGs
[2025-02-24T20:13:18.289+0000] {logging_mixin.py:190} INFO - [2025-02-24T20:13:18.288+0000] {dag.py:4180} INFO - Setting next_dagrun for example_local_kubernetes_executor to None, run_after=None
[2025-02-24T20:13:18.312+0000] {processor.py:208} INFO - Processing /home/airflow/.local/lib/python3.12/site-packages/airflow/example_dags/example_local_kubernetes_executor.py took 0.094 seconds
[2025-02-24T20:13:48.432+0000] {processor.py:186} INFO - Started process (PID=1678) to work on /home/airflow/.local/lib/python3.12/site-packages/airflow/example_dags/example_local_kubernetes_executor.py
[2025-02-24T20:13:48.433+0000] {processor.py:914} INFO - Processing file /home/airflow/.local/lib/python3.12/site-packages/airflow/example_dags/example_local_kubernetes_executor.py for tasks to queue
[2025-02-24T20:13:48.435+0000] {logging_mixin.py:190} INFO - [2025-02-24T20:13:48.435+0000] {dagbag.py:588} INFO - Filling up the DagBag from /home/airflow/.local/lib/python3.12/site-packages/airflow/example_dags/example_local_kubernetes_executor.py
[2025-02-24T20:13:48.444+0000] {processor.py:925} INFO - DAG(s) 'example_local_kubernetes_executor' retrieved from /home/airflow/.local/lib/python3.12/site-packages/airflow/example_dags/example_local_kubernetes_executor.py
[2025-02-24T20:13:48.468+0000] {logging_mixin.py:190} INFO - [2025-02-24T20:13:48.468+0000] {dag.py:3239} INFO - Sync 1 DAGs
[2025-02-24T20:13:48.485+0000] {logging_mixin.py:190} INFO - [2025-02-24T20:13:48.484+0000] {dag.py:4180} INFO - Setting next_dagrun for example_local_kubernetes_executor to None, run_after=None
[2025-02-24T20:13:48.519+0000] {processor.py:208} INFO - Processing /home/airflow/.local/lib/python3.12/site-packages/airflow/example_dags/example_local_kubernetes_executor.py took 0.093 seconds
[2025-02-24T20:14:19.209+0000] {processor.py:186} INFO - Started process (PID=1741) to work on /home/airflow/.local/lib/python3.12/site-packages/airflow/example_dags/example_local_kubernetes_executor.py
[2025-02-24T20:14:19.210+0000] {processor.py:914} INFO - Processing file /home/airflow/.local/lib/python3.12/site-packages/airflow/example_dags/example_local_kubernetes_executor.py for tasks to queue
[2025-02-24T20:14:19.214+0000] {logging_mixin.py:190} INFO - [2025-02-24T20:14:19.213+0000] {dagbag.py:588} INFO - Filling up the DagBag from /home/airflow/.local/lib/python3.12/site-packages/airflow/example_dags/example_local_kubernetes_executor.py
[2025-02-24T20:14:19.224+0000] {processor.py:925} INFO - DAG(s) 'example_local_kubernetes_executor' retrieved from /home/airflow/.local/lib/python3.12/site-packages/airflow/example_dags/example_local_kubernetes_executor.py
[2025-02-24T20:14:19.251+0000] {logging_mixin.py:190} INFO - [2025-02-24T20:14:19.251+0000] {dag.py:3239} INFO - Sync 1 DAGs
[2025-02-24T20:14:19.271+0000] {logging_mixin.py:190} INFO - [2025-02-24T20:14:19.271+0000] {dag.py:4180} INFO - Setting next_dagrun for example_local_kubernetes_executor to None, run_after=None
[2025-02-24T20:14:19.293+0000] {processor.py:208} INFO - Processing /home/airflow/.local/lib/python3.12/site-packages/airflow/example_dags/example_local_kubernetes_executor.py took 0.092 seconds
[2025-02-24T20:14:49.547+0000] {processor.py:186} INFO - Started process (PID=1804) to work on /home/airflow/.local/lib/python3.12/site-packages/airflow/example_dags/example_local_kubernetes_executor.py
[2025-02-24T20:14:49.549+0000] {processor.py:914} INFO - Processing file /home/airflow/.local/lib/python3.12/site-packages/airflow/example_dags/example_local_kubernetes_executor.py for tasks to queue
[2025-02-24T20:14:49.552+0000] {logging_mixin.py:190} INFO - [2025-02-24T20:14:49.552+0000] {dagbag.py:588} INFO - Filling up the DagBag from /home/airflow/.local/lib/python3.12/site-packages/airflow/example_dags/example_local_kubernetes_executor.py
[2025-02-24T20:14:49.567+0000] {processor.py:925} INFO - DAG(s) 'example_local_kubernetes_executor' retrieved from /home/airflow/.local/lib/python3.12/site-packages/airflow/example_dags/example_local_kubernetes_executor.py
[2025-02-24T20:14:49.599+0000] {logging_mixin.py:190} INFO - [2025-02-24T20:14:49.599+0000] {dag.py:3239} INFO - Sync 1 DAGs
[2025-02-24T20:14:49.620+0000] {logging_mixin.py:190} INFO - [2025-02-24T20:14:49.620+0000] {dag.py:4180} INFO - Setting next_dagrun for example_local_kubernetes_executor to None, run_after=None
[2025-02-24T20:14:49.649+0000] {processor.py:208} INFO - Processing /home/airflow/.local/lib/python3.12/site-packages/airflow/example_dags/example_local_kubernetes_executor.py took 0.112 seconds
[2025-02-24T20:15:19.822+0000] {processor.py:186} INFO - Started process (PID=1867) to work on /home/airflow/.local/lib/python3.12/site-packages/airflow/example_dags/example_local_kubernetes_executor.py
[2025-02-24T20:15:19.823+0000] {processor.py:914} INFO - Processing file /home/airflow/.local/lib/python3.12/site-packages/airflow/example_dags/example_local_kubernetes_executor.py for tasks to queue
[2025-02-24T20:15:19.826+0000] {logging_mixin.py:190} INFO - [2025-02-24T20:15:19.826+0000] {dagbag.py:588} INFO - Filling up the DagBag from /home/airflow/.local/lib/python3.12/site-packages/airflow/example_dags/example_local_kubernetes_executor.py
[2025-02-24T20:15:19.837+0000] {processor.py:925} INFO - DAG(s) 'example_local_kubernetes_executor' retrieved from /home/airflow/.local/lib/python3.12/site-packages/airflow/example_dags/example_local_kubernetes_executor.py
[2025-02-24T20:15:19.864+0000] {logging_mixin.py:190} INFO - [2025-02-24T20:15:19.863+0000] {dag.py:3239} INFO - Sync 1 DAGs
[2025-02-24T20:15:19.884+0000] {logging_mixin.py:190} INFO - [2025-02-24T20:15:19.884+0000] {dag.py:4180} INFO - Setting next_dagrun for example_local_kubernetes_executor to None, run_after=None
[2025-02-24T20:15:19.920+0000] {processor.py:208} INFO - Processing /home/airflow/.local/lib/python3.12/site-packages/airflow/example_dags/example_local_kubernetes_executor.py took 0.104 seconds
[2025-02-24T20:15:50.075+0000] {processor.py:186} INFO - Started process (PID=1930) to work on /home/airflow/.local/lib/python3.12/site-packages/airflow/example_dags/example_local_kubernetes_executor.py
[2025-02-24T20:15:50.076+0000] {processor.py:914} INFO - Processing file /home/airflow/.local/lib/python3.12/site-packages/airflow/example_dags/example_local_kubernetes_executor.py for tasks to queue
[2025-02-24T20:15:50.080+0000] {logging_mixin.py:190} INFO - [2025-02-24T20:15:50.079+0000] {dagbag.py:588} INFO - Filling up the DagBag from /home/airflow/.local/lib/python3.12/site-packages/airflow/example_dags/example_local_kubernetes_executor.py
[2025-02-24T20:15:50.092+0000] {processor.py:925} INFO - DAG(s) 'example_local_kubernetes_executor' retrieved from /home/airflow/.local/lib/python3.12/site-packages/airflow/example_dags/example_local_kubernetes_executor.py
[2025-02-24T20:15:50.121+0000] {logging_mixin.py:190} INFO - [2025-02-24T20:15:50.121+0000] {dag.py:3239} INFO - Sync 1 DAGs
[2025-02-24T20:15:50.144+0000] {logging_mixin.py:190} INFO - [2025-02-24T20:15:50.143+0000] {dag.py:4180} INFO - Setting next_dagrun for example_local_kubernetes_executor to None, run_after=None
[2025-02-24T20:15:50.171+0000] {processor.py:208} INFO - Processing /home/airflow/.local/lib/python3.12/site-packages/airflow/example_dags/example_local_kubernetes_executor.py took 0.103 seconds
[2025-02-24T20:16:20.538+0000] {processor.py:186} INFO - Started process (PID=1993) to work on /home/airflow/.local/lib/python3.12/site-packages/airflow/example_dags/example_local_kubernetes_executor.py
[2025-02-24T20:16:20.540+0000] {processor.py:914} INFO - Processing file /home/airflow/.local/lib/python3.12/site-packages/airflow/example_dags/example_local_kubernetes_executor.py for tasks to queue
[2025-02-24T20:16:20.542+0000] {logging_mixin.py:190} INFO - [2025-02-24T20:16:20.542+0000] {dagbag.py:588} INFO - Filling up the DagBag from /home/airflow/.local/lib/python3.12/site-packages/airflow/example_dags/example_local_kubernetes_executor.py
[2025-02-24T20:16:20.554+0000] {processor.py:925} INFO - DAG(s) 'example_local_kubernetes_executor' retrieved from /home/airflow/.local/lib/python3.12/site-packages/airflow/example_dags/example_local_kubernetes_executor.py
[2025-02-24T20:16:20.579+0000] {logging_mixin.py:190} INFO - [2025-02-24T20:16:20.578+0000] {dag.py:3239} INFO - Sync 1 DAGs
[2025-02-24T20:16:20.598+0000] {logging_mixin.py:190} INFO - [2025-02-24T20:16:20.598+0000] {dag.py:4180} INFO - Setting next_dagrun for example_local_kubernetes_executor to None, run_after=None
[2025-02-24T20:16:20.625+0000] {processor.py:208} INFO - Processing /home/airflow/.local/lib/python3.12/site-packages/airflow/example_dags/example_local_kubernetes_executor.py took 0.094 seconds
[2025-02-24T20:16:51.578+0000] {processor.py:186} INFO - Started process (PID=2056) to work on /home/airflow/.local/lib/python3.12/site-packages/airflow/example_dags/example_local_kubernetes_executor.py
[2025-02-24T20:16:51.579+0000] {processor.py:914} INFO - Processing file /home/airflow/.local/lib/python3.12/site-packages/airflow/example_dags/example_local_kubernetes_executor.py for tasks to queue
[2025-02-24T20:16:51.582+0000] {logging_mixin.py:190} INFO - [2025-02-24T20:16:51.582+0000] {dagbag.py:588} INFO - Filling up the DagBag from /home/airflow/.local/lib/python3.12/site-packages/airflow/example_dags/example_local_kubernetes_executor.py
[2025-02-24T20:16:51.595+0000] {processor.py:925} INFO - DAG(s) 'example_local_kubernetes_executor' retrieved from /home/airflow/.local/lib/python3.12/site-packages/airflow/example_dags/example_local_kubernetes_executor.py
[2025-02-24T20:16:51.625+0000] {logging_mixin.py:190} INFO - [2025-02-24T20:16:51.625+0000] {dag.py:3239} INFO - Sync 1 DAGs
[2025-02-24T20:16:51.646+0000] {logging_mixin.py:190} INFO - [2025-02-24T20:16:51.646+0000] {dag.py:4180} INFO - Setting next_dagrun for example_local_kubernetes_executor to None, run_after=None
[2025-02-24T20:16:51.675+0000] {processor.py:208} INFO - Processing /home/airflow/.local/lib/python3.12/site-packages/airflow/example_dags/example_local_kubernetes_executor.py took 0.104 seconds
[2025-02-24T20:17:21.873+0000] {processor.py:186} INFO - Started process (PID=2119) to work on /home/airflow/.local/lib/python3.12/site-packages/airflow/example_dags/example_local_kubernetes_executor.py
[2025-02-24T20:17:21.875+0000] {processor.py:914} INFO - Processing file /home/airflow/.local/lib/python3.12/site-packages/airflow/example_dags/example_local_kubernetes_executor.py for tasks to queue
[2025-02-24T20:17:21.882+0000] {logging_mixin.py:190} INFO - [2025-02-24T20:17:21.881+0000] {dagbag.py:588} INFO - Filling up the DagBag from /home/airflow/.local/lib/python3.12/site-packages/airflow/example_dags/example_local_kubernetes_executor.py
[2025-02-24T20:17:21.905+0000] {processor.py:925} INFO - DAG(s) 'example_local_kubernetes_executor' retrieved from /home/airflow/.local/lib/python3.12/site-packages/airflow/example_dags/example_local_kubernetes_executor.py
[2025-02-24T20:17:21.950+0000] {logging_mixin.py:190} INFO - [2025-02-24T20:17:21.950+0000] {dag.py:3239} INFO - Sync 1 DAGs
[2025-02-24T20:17:21.981+0000] {logging_mixin.py:190} INFO - [2025-02-24T20:17:21.980+0000] {dag.py:4180} INFO - Setting next_dagrun for example_local_kubernetes_executor to None, run_after=None
[2025-02-24T20:17:22.046+0000] {processor.py:208} INFO - Processing /home/airflow/.local/lib/python3.12/site-packages/airflow/example_dags/example_local_kubernetes_executor.py took 0.188 seconds
[2025-02-24T20:17:52.381+0000] {processor.py:186} INFO - Started process (PID=2188) to work on /home/airflow/.local/lib/python3.12/site-packages/airflow/example_dags/example_local_kubernetes_executor.py
[2025-02-24T20:17:52.382+0000] {processor.py:914} INFO - Processing file /home/airflow/.local/lib/python3.12/site-packages/airflow/example_dags/example_local_kubernetes_executor.py for tasks to queue
[2025-02-24T20:17:52.386+0000] {logging_mixin.py:190} INFO - [2025-02-24T20:17:52.385+0000] {dagbag.py:588} INFO - Filling up the DagBag from /home/airflow/.local/lib/python3.12/site-packages/airflow/example_dags/example_local_kubernetes_executor.py
[2025-02-24T20:17:52.396+0000] {processor.py:925} INFO - DAG(s) 'example_local_kubernetes_executor' retrieved from /home/airflow/.local/lib/python3.12/site-packages/airflow/example_dags/example_local_kubernetes_executor.py
[2025-02-24T20:17:52.422+0000] {logging_mixin.py:190} INFO - [2025-02-24T20:17:52.421+0000] {dag.py:3239} INFO - Sync 1 DAGs
[2025-02-24T20:17:52.443+0000] {logging_mixin.py:190} INFO - [2025-02-24T20:17:52.443+0000] {dag.py:4180} INFO - Setting next_dagrun for example_local_kubernetes_executor to None, run_after=None
[2025-02-24T20:17:52.620+0000] {processor.py:208} INFO - Processing /home/airflow/.local/lib/python3.12/site-packages/airflow/example_dags/example_local_kubernetes_executor.py took 0.247 seconds
[2025-02-24T20:18:22.949+0000] {processor.py:186} INFO - Started process (PID=2251) to work on /home/airflow/.local/lib/python3.12/site-packages/airflow/example_dags/example_local_kubernetes_executor.py
[2025-02-24T20:18:22.950+0000] {processor.py:914} INFO - Processing file /home/airflow/.local/lib/python3.12/site-packages/airflow/example_dags/example_local_kubernetes_executor.py for tasks to queue
[2025-02-24T20:18:22.955+0000] {logging_mixin.py:190} INFO - [2025-02-24T20:18:22.954+0000] {dagbag.py:588} INFO - Filling up the DagBag from /home/airflow/.local/lib/python3.12/site-packages/airflow/example_dags/example_local_kubernetes_executor.py
[2025-02-24T20:18:22.970+0000] {processor.py:925} INFO - DAG(s) 'example_local_kubernetes_executor' retrieved from /home/airflow/.local/lib/python3.12/site-packages/airflow/example_dags/example_local_kubernetes_executor.py
[2025-02-24T20:18:23.010+0000] {logging_mixin.py:190} INFO - [2025-02-24T20:18:23.009+0000] {dag.py:3239} INFO - Sync 1 DAGs
[2025-02-24T20:18:23.045+0000] {logging_mixin.py:190} INFO - [2025-02-24T20:18:23.045+0000] {dag.py:4180} INFO - Setting next_dagrun for example_local_kubernetes_executor to None, run_after=None
[2025-02-24T20:18:23.086+0000] {processor.py:208} INFO - Processing /home/airflow/.local/lib/python3.12/site-packages/airflow/example_dags/example_local_kubernetes_executor.py took 0.147 seconds
[2025-02-24T20:18:53.249+0000] {processor.py:186} INFO - Started process (PID=2314) to work on /home/airflow/.local/lib/python3.12/site-packages/airflow/example_dags/example_local_kubernetes_executor.py
[2025-02-24T20:18:53.252+0000] {processor.py:914} INFO - Processing file /home/airflow/.local/lib/python3.12/site-packages/airflow/example_dags/example_local_kubernetes_executor.py for tasks to queue
[2025-02-24T20:18:53.256+0000] {logging_mixin.py:190} INFO - [2025-02-24T20:18:53.255+0000] {dagbag.py:588} INFO - Filling up the DagBag from /home/airflow/.local/lib/python3.12/site-packages/airflow/example_dags/example_local_kubernetes_executor.py
[2025-02-24T20:18:53.274+0000] {processor.py:925} INFO - DAG(s) 'example_local_kubernetes_executor' retrieved from /home/airflow/.local/lib/python3.12/site-packages/airflow/example_dags/example_local_kubernetes_executor.py
[2025-02-24T20:18:53.303+0000] {logging_mixin.py:190} INFO - [2025-02-24T20:18:53.302+0000] {dag.py:3239} INFO - Sync 1 DAGs
[2025-02-24T20:18:53.341+0000] {logging_mixin.py:190} INFO - [2025-02-24T20:18:53.341+0000] {dag.py:4180} INFO - Setting next_dagrun for example_local_kubernetes_executor to None, run_after=None
[2025-02-24T20:18:53.385+0000] {processor.py:208} INFO - Processing /home/airflow/.local/lib/python3.12/site-packages/airflow/example_dags/example_local_kubernetes_executor.py took 0.146 seconds
[2025-02-24T20:19:23.602+0000] {processor.py:186} INFO - Started process (PID=2377) to work on /home/airflow/.local/lib/python3.12/site-packages/airflow/example_dags/example_local_kubernetes_executor.py
[2025-02-24T20:19:23.605+0000] {processor.py:914} INFO - Processing file /home/airflow/.local/lib/python3.12/site-packages/airflow/example_dags/example_local_kubernetes_executor.py for tasks to queue
[2025-02-24T20:19:23.608+0000] {logging_mixin.py:190} INFO - [2025-02-24T20:19:23.608+0000] {dagbag.py:588} INFO - Filling up the DagBag from /home/airflow/.local/lib/python3.12/site-packages/airflow/example_dags/example_local_kubernetes_executor.py
[2025-02-24T20:19:23.620+0000] {processor.py:925} INFO - DAG(s) 'example_local_kubernetes_executor' retrieved from /home/airflow/.local/lib/python3.12/site-packages/airflow/example_dags/example_local_kubernetes_executor.py
[2025-02-24T20:19:23.643+0000] {logging_mixin.py:190} INFO - [2025-02-24T20:19:23.643+0000] {dag.py:3239} INFO - Sync 1 DAGs
[2025-02-24T20:19:23.661+0000] {logging_mixin.py:190} INFO - [2025-02-24T20:19:23.660+0000] {dag.py:4180} INFO - Setting next_dagrun for example_local_kubernetes_executor to None, run_after=None
[2025-02-24T20:19:23.700+0000] {processor.py:208} INFO - Processing /home/airflow/.local/lib/python3.12/site-packages/airflow/example_dags/example_local_kubernetes_executor.py took 0.107 seconds
[2025-02-24T21:33:43.434+0000] {processor.py:186} INFO - Started process (PID=173) to work on /home/airflow/.local/lib/python3.12/site-packages/airflow/example_dags/example_local_kubernetes_executor.py
[2025-02-24T21:33:43.438+0000] {processor.py:914} INFO - Processing file /home/airflow/.local/lib/python3.12/site-packages/airflow/example_dags/example_local_kubernetes_executor.py for tasks to queue
[2025-02-24T21:33:43.449+0000] {logging_mixin.py:190} INFO - [2025-02-24T21:33:43.448+0000] {dagbag.py:588} INFO - Filling up the DagBag from /home/airflow/.local/lib/python3.12/site-packages/airflow/example_dags/example_local_kubernetes_executor.py
[2025-02-24T21:33:43.567+0000] {processor.py:925} INFO - DAG(s) 'example_local_kubernetes_executor' retrieved from /home/airflow/.local/lib/python3.12/site-packages/airflow/example_dags/example_local_kubernetes_executor.py
[2025-02-24T21:33:46.555+0000] {logging_mixin.py:190} INFO - [2025-02-24T21:33:46.553+0000] {override.py:1912} INFO - Created Permission View: can edit on DAG:example_local_kubernetes_executor
[2025-02-24T21:33:46.721+0000] {logging_mixin.py:190} INFO - [2025-02-24T21:33:46.721+0000] {override.py:1912} INFO - Created Permission View: can read on DAG:example_local_kubernetes_executor
[2025-02-24T21:33:46.751+0000] {logging_mixin.py:190} INFO - [2025-02-24T21:33:46.751+0000] {override.py:1912} INFO - Created Permission View: can delete on DAG:example_local_kubernetes_executor
[2025-02-24T21:33:46.837+0000] {logging_mixin.py:190} INFO - [2025-02-24T21:33:46.837+0000] {override.py:1912} INFO - Created Permission View: can delete on DAG Run:example_local_kubernetes_executor
[2025-02-24T21:33:47.894+0000] {logging_mixin.py:190} INFO - [2025-02-24T21:33:47.894+0000] {override.py:1912} INFO - Created Permission View: can read on DAG Run:example_local_kubernetes_executor
[2025-02-24T21:33:47.909+0000] {logging_mixin.py:190} INFO - [2025-02-24T21:33:47.908+0000] {override.py:1912} INFO - Created Permission View: can create on DAG Run:example_local_kubernetes_executor
[2025-02-24T21:33:47.918+0000] {logging_mixin.py:190} INFO - [2025-02-24T21:33:47.917+0000] {override.py:1912} INFO - Created Permission View: menu access on DAG Run:example_local_kubernetes_executor
[2025-02-24T21:33:47.919+0000] {logging_mixin.py:190} INFO - [2025-02-24T21:33:47.919+0000] {dag.py:3239} INFO - Sync 1 DAGs
[2025-02-24T21:33:48.016+0000] {logging_mixin.py:190} INFO - [2025-02-24T21:33:48.015+0000] {dag.py:3262} INFO - Creating ORM DAG for example_local_kubernetes_executor
[2025-02-24T21:33:48.019+0000] {logging_mixin.py:190} INFO - [2025-02-24T21:33:48.019+0000] {dag.py:4180} INFO - Setting next_dagrun for example_local_kubernetes_executor to None, run_after=None
[2025-02-24T21:33:48.097+0000] {processor.py:208} INFO - Processing /home/airflow/.local/lib/python3.12/site-packages/airflow/example_dags/example_local_kubernetes_executor.py took 5.453 seconds
[2025-02-24T21:49:52.138+0000] {processor.py:186} INFO - Started process (PID=341) to work on /home/airflow/.local/lib/python3.12/site-packages/airflow/example_dags/example_local_kubernetes_executor.py
[2025-02-24T21:49:52.147+0000] {processor.py:914} INFO - Processing file /home/airflow/.local/lib/python3.12/site-packages/airflow/example_dags/example_local_kubernetes_executor.py for tasks to queue
[2025-02-24T21:49:52.172+0000] {logging_mixin.py:190} INFO - [2025-02-24T21:49:52.171+0000] {dagbag.py:588} INFO - Filling up the DagBag from /home/airflow/.local/lib/python3.12/site-packages/airflow/example_dags/example_local_kubernetes_executor.py
[2025-02-24T21:49:52.347+0000] {processor.py:925} INFO - DAG(s) 'example_local_kubernetes_executor' retrieved from /home/airflow/.local/lib/python3.12/site-packages/airflow/example_dags/example_local_kubernetes_executor.py
[2025-02-24T21:49:58.147+0000] {logging_mixin.py:190} INFO - [2025-02-24T21:49:58.147+0000] {dag.py:3239} INFO - Sync 1 DAGs
[2025-02-24T21:50:00.658+0000] {logging_mixin.py:190} INFO - [2025-02-24T21:50:00.658+0000] {dag.py:4180} INFO - Setting next_dagrun for example_local_kubernetes_executor to None, run_after=None
[2025-02-24T21:50:12.757+0000] {processor.py:208} INFO - Processing /home/airflow/.local/lib/python3.12/site-packages/airflow/example_dags/example_local_kubernetes_executor.py took 21.249 seconds
