[2025-02-24T20:00:33.792+0000] {processor.py:186} INFO - Started process (PID=79) to work on /home/airflow/.local/lib/python3.12/site-packages/airflow/example_dags/example_complex.py
[2025-02-24T20:00:33.794+0000] {processor.py:914} INFO - Processing file /home/airflow/.local/lib/python3.12/site-packages/airflow/example_dags/example_complex.py for tasks to queue
[2025-02-24T20:00:33.813+0000] {logging_mixin.py:190} INFO - [2025-02-24T20:00:33.812+0000] {dagbag.py:588} INFO - Filling up the DagBag from /home/airflow/.local/lib/python3.12/site-packages/airflow/example_dags/example_complex.py
[2025-02-24T20:00:33.875+0000] {processor.py:925} INFO - DAG(s) 'example_complex' retrieved from /home/airflow/.local/lib/python3.12/site-packages/airflow/example_dags/example_complex.py
[2025-02-24T20:00:34.213+0000] {logging_mixin.py:190} INFO - [2025-02-24T20:00:34.212+0000] {override.py:1912} INFO - Created Permission View: can edit on DAG:example_complex
[2025-02-24T20:00:34.235+0000] {logging_mixin.py:190} INFO - [2025-02-24T20:00:34.234+0000] {override.py:1912} INFO - Created Permission View: can delete on DAG:example_complex
[2025-02-24T20:00:34.247+0000] {logging_mixin.py:190} INFO - [2025-02-24T20:00:34.246+0000] {override.py:1912} INFO - Created Permission View: can read on DAG:example_complex
[2025-02-24T20:00:34.258+0000] {logging_mixin.py:190} INFO - [2025-02-24T20:00:34.258+0000] {override.py:1912} INFO - Created Permission View: can delete on DAG Run:example_complex
[2025-02-24T20:00:34.270+0000] {logging_mixin.py:190} INFO - [2025-02-24T20:00:34.270+0000] {override.py:1912} INFO - Created Permission View: can create on DAG Run:example_complex
[2025-02-24T20:00:34.281+0000] {logging_mixin.py:190} INFO - [2025-02-24T20:00:34.281+0000] {override.py:1912} INFO - Created Permission View: menu access on DAG Run:example_complex
[2025-02-24T20:00:34.294+0000] {logging_mixin.py:190} INFO - [2025-02-24T20:00:34.293+0000] {override.py:1912} INFO - Created Permission View: can read on DAG Run:example_complex
[2025-02-24T20:00:34.295+0000] {logging_mixin.py:190} INFO - [2025-02-24T20:00:34.295+0000] {dag.py:3239} INFO - Sync 1 DAGs
[2025-02-24T20:00:34.345+0000] {logging_mixin.py:190} INFO - [2025-02-24T20:00:34.345+0000] {dag.py:3262} INFO - Creating ORM DAG for example_complex
[2025-02-24T20:00:34.348+0000] {logging_mixin.py:190} INFO - [2025-02-24T20:00:34.347+0000] {dag.py:4180} INFO - Setting next_dagrun for example_complex to None, run_after=None
[2025-02-24T20:00:34.397+0000] {processor.py:208} INFO - Processing /home/airflow/.local/lib/python3.12/site-packages/airflow/example_dags/example_complex.py took 0.614 seconds
[2025-02-24T20:01:04.457+0000] {processor.py:186} INFO - Started process (PID=142) to work on /home/airflow/.local/lib/python3.12/site-packages/airflow/example_dags/example_complex.py
[2025-02-24T20:01:04.459+0000] {processor.py:914} INFO - Processing file /home/airflow/.local/lib/python3.12/site-packages/airflow/example_dags/example_complex.py for tasks to queue
[2025-02-24T20:01:04.463+0000] {logging_mixin.py:190} INFO - [2025-02-24T20:01:04.462+0000] {dagbag.py:588} INFO - Filling up the DagBag from /home/airflow/.local/lib/python3.12/site-packages/airflow/example_dags/example_complex.py
[2025-02-24T20:01:04.485+0000] {processor.py:925} INFO - DAG(s) 'example_complex' retrieved from /home/airflow/.local/lib/python3.12/site-packages/airflow/example_dags/example_complex.py
[2025-02-24T20:01:04.541+0000] {logging_mixin.py:190} INFO - [2025-02-24T20:01:04.541+0000] {dag.py:3239} INFO - Sync 1 DAGs
[2025-02-24T20:01:04.571+0000] {logging_mixin.py:190} INFO - [2025-02-24T20:01:04.571+0000] {dag.py:4180} INFO - Setting next_dagrun for example_complex to None, run_after=None
[2025-02-24T20:01:04.634+0000] {processor.py:208} INFO - Processing /home/airflow/.local/lib/python3.12/site-packages/airflow/example_dags/example_complex.py took 0.187 seconds
[2025-02-24T20:01:35.643+0000] {processor.py:186} INFO - Started process (PID=205) to work on /home/airflow/.local/lib/python3.12/site-packages/airflow/example_dags/example_complex.py
[2025-02-24T20:01:35.645+0000] {processor.py:914} INFO - Processing file /home/airflow/.local/lib/python3.12/site-packages/airflow/example_dags/example_complex.py for tasks to queue
[2025-02-24T20:01:35.647+0000] {logging_mixin.py:190} INFO - [2025-02-24T20:01:35.647+0000] {dagbag.py:588} INFO - Filling up the DagBag from /home/airflow/.local/lib/python3.12/site-packages/airflow/example_dags/example_complex.py
[2025-02-24T20:01:35.662+0000] {processor.py:925} INFO - DAG(s) 'example_complex' retrieved from /home/airflow/.local/lib/python3.12/site-packages/airflow/example_dags/example_complex.py
[2025-02-24T20:01:35.707+0000] {logging_mixin.py:190} INFO - [2025-02-24T20:01:35.706+0000] {dag.py:3239} INFO - Sync 1 DAGs
[2025-02-24T20:01:35.725+0000] {logging_mixin.py:190} INFO - [2025-02-24T20:01:35.725+0000] {dag.py:4180} INFO - Setting next_dagrun for example_complex to None, run_after=None
[2025-02-24T20:01:35.749+0000] {processor.py:208} INFO - Processing /home/airflow/.local/lib/python3.12/site-packages/airflow/example_dags/example_complex.py took 0.113 seconds
[2025-02-24T20:02:06.349+0000] {processor.py:186} INFO - Started process (PID=262) to work on /home/airflow/.local/lib/python3.12/site-packages/airflow/example_dags/example_complex.py
[2025-02-24T20:02:06.350+0000] {processor.py:914} INFO - Processing file /home/airflow/.local/lib/python3.12/site-packages/airflow/example_dags/example_complex.py for tasks to queue
[2025-02-24T20:02:06.353+0000] {logging_mixin.py:190} INFO - [2025-02-24T20:02:06.353+0000] {dagbag.py:588} INFO - Filling up the DagBag from /home/airflow/.local/lib/python3.12/site-packages/airflow/example_dags/example_complex.py
[2025-02-24T20:02:06.373+0000] {processor.py:925} INFO - DAG(s) 'example_complex' retrieved from /home/airflow/.local/lib/python3.12/site-packages/airflow/example_dags/example_complex.py
[2025-02-24T20:02:06.438+0000] {logging_mixin.py:190} INFO - [2025-02-24T20:02:06.437+0000] {dag.py:3239} INFO - Sync 1 DAGs
[2025-02-24T20:02:06.466+0000] {logging_mixin.py:190} INFO - [2025-02-24T20:02:06.466+0000] {dag.py:4180} INFO - Setting next_dagrun for example_complex to None, run_after=None
[2025-02-24T20:02:06.506+0000] {processor.py:208} INFO - Processing /home/airflow/.local/lib/python3.12/site-packages/airflow/example_dags/example_complex.py took 0.164 seconds
[2025-02-24T20:02:37.205+0000] {processor.py:186} INFO - Started process (PID=324) to work on /home/airflow/.local/lib/python3.12/site-packages/airflow/example_dags/example_complex.py
[2025-02-24T20:02:37.206+0000] {processor.py:914} INFO - Processing file /home/airflow/.local/lib/python3.12/site-packages/airflow/example_dags/example_complex.py for tasks to queue
[2025-02-24T20:02:37.208+0000] {logging_mixin.py:190} INFO - [2025-02-24T20:02:37.208+0000] {dagbag.py:588} INFO - Filling up the DagBag from /home/airflow/.local/lib/python3.12/site-packages/airflow/example_dags/example_complex.py
[2025-02-24T20:02:37.221+0000] {processor.py:925} INFO - DAG(s) 'example_complex' retrieved from /home/airflow/.local/lib/python3.12/site-packages/airflow/example_dags/example_complex.py
[2025-02-24T20:02:37.255+0000] {logging_mixin.py:190} INFO - [2025-02-24T20:02:37.255+0000] {dag.py:3239} INFO - Sync 1 DAGs
[2025-02-24T20:02:37.271+0000] {logging_mixin.py:190} INFO - [2025-02-24T20:02:37.271+0000] {dag.py:4180} INFO - Setting next_dagrun for example_complex to None, run_after=None
[2025-02-24T20:02:37.292+0000] {processor.py:208} INFO - Processing /home/airflow/.local/lib/python3.12/site-packages/airflow/example_dags/example_complex.py took 0.093 seconds
[2025-02-24T20:03:07.552+0000] {processor.py:186} INFO - Started process (PID=387) to work on /home/airflow/.local/lib/python3.12/site-packages/airflow/example_dags/example_complex.py
[2025-02-24T20:03:07.552+0000] {processor.py:914} INFO - Processing file /home/airflow/.local/lib/python3.12/site-packages/airflow/example_dags/example_complex.py for tasks to queue
[2025-02-24T20:03:07.554+0000] {logging_mixin.py:190} INFO - [2025-02-24T20:03:07.554+0000] {dagbag.py:588} INFO - Filling up the DagBag from /home/airflow/.local/lib/python3.12/site-packages/airflow/example_dags/example_complex.py
[2025-02-24T20:03:07.568+0000] {processor.py:925} INFO - DAG(s) 'example_complex' retrieved from /home/airflow/.local/lib/python3.12/site-packages/airflow/example_dags/example_complex.py
[2025-02-24T20:03:07.598+0000] {logging_mixin.py:190} INFO - [2025-02-24T20:03:07.598+0000] {dag.py:3239} INFO - Sync 1 DAGs
[2025-02-24T20:03:07.616+0000] {logging_mixin.py:190} INFO - [2025-02-24T20:03:07.616+0000] {dag.py:4180} INFO - Setting next_dagrun for example_complex to None, run_after=None
[2025-02-24T20:03:07.650+0000] {processor.py:208} INFO - Processing /home/airflow/.local/lib/python3.12/site-packages/airflow/example_dags/example_complex.py took 0.104 seconds
[2025-02-24T20:03:37.768+0000] {processor.py:186} INFO - Started process (PID=450) to work on /home/airflow/.local/lib/python3.12/site-packages/airflow/example_dags/example_complex.py
[2025-02-24T20:03:37.769+0000] {processor.py:914} INFO - Processing file /home/airflow/.local/lib/python3.12/site-packages/airflow/example_dags/example_complex.py for tasks to queue
[2025-02-24T20:03:37.771+0000] {logging_mixin.py:190} INFO - [2025-02-24T20:03:37.771+0000] {dagbag.py:588} INFO - Filling up the DagBag from /home/airflow/.local/lib/python3.12/site-packages/airflow/example_dags/example_complex.py
[2025-02-24T20:03:37.784+0000] {processor.py:925} INFO - DAG(s) 'example_complex' retrieved from /home/airflow/.local/lib/python3.12/site-packages/airflow/example_dags/example_complex.py
[2025-02-24T20:03:37.818+0000] {logging_mixin.py:190} INFO - [2025-02-24T20:03:37.818+0000] {dag.py:3239} INFO - Sync 1 DAGs
[2025-02-24T20:03:37.834+0000] {logging_mixin.py:190} INFO - [2025-02-24T20:03:37.833+0000] {dag.py:4180} INFO - Setting next_dagrun for example_complex to None, run_after=None
[2025-02-24T20:03:37.854+0000] {processor.py:208} INFO - Processing /home/airflow/.local/lib/python3.12/site-packages/airflow/example_dags/example_complex.py took 0.092 seconds
[2025-02-24T20:04:08.298+0000] {processor.py:186} INFO - Started process (PID=513) to work on /home/airflow/.local/lib/python3.12/site-packages/airflow/example_dags/example_complex.py
[2025-02-24T20:04:08.300+0000] {processor.py:914} INFO - Processing file /home/airflow/.local/lib/python3.12/site-packages/airflow/example_dags/example_complex.py for tasks to queue
[2025-02-24T20:04:08.305+0000] {logging_mixin.py:190} INFO - [2025-02-24T20:04:08.304+0000] {dagbag.py:588} INFO - Filling up the DagBag from /home/airflow/.local/lib/python3.12/site-packages/airflow/example_dags/example_complex.py
[2025-02-24T20:04:08.321+0000] {processor.py:925} INFO - DAG(s) 'example_complex' retrieved from /home/airflow/.local/lib/python3.12/site-packages/airflow/example_dags/example_complex.py
[2025-02-24T20:04:08.359+0000] {logging_mixin.py:190} INFO - [2025-02-24T20:04:08.358+0000] {dag.py:3239} INFO - Sync 1 DAGs
[2025-02-24T20:04:08.380+0000] {logging_mixin.py:190} INFO - [2025-02-24T20:04:08.379+0000] {dag.py:4180} INFO - Setting next_dagrun for example_complex to None, run_after=None
[2025-02-24T20:04:08.403+0000] {processor.py:208} INFO - Processing /home/airflow/.local/lib/python3.12/site-packages/airflow/example_dags/example_complex.py took 0.112 seconds
[2025-02-24T20:04:38.701+0000] {processor.py:186} INFO - Started process (PID=576) to work on /home/airflow/.local/lib/python3.12/site-packages/airflow/example_dags/example_complex.py
[2025-02-24T20:04:38.702+0000] {processor.py:914} INFO - Processing file /home/airflow/.local/lib/python3.12/site-packages/airflow/example_dags/example_complex.py for tasks to queue
[2025-02-24T20:04:38.705+0000] {logging_mixin.py:190} INFO - [2025-02-24T20:04:38.705+0000] {dagbag.py:588} INFO - Filling up the DagBag from /home/airflow/.local/lib/python3.12/site-packages/airflow/example_dags/example_complex.py
[2025-02-24T20:04:38.720+0000] {processor.py:925} INFO - DAG(s) 'example_complex' retrieved from /home/airflow/.local/lib/python3.12/site-packages/airflow/example_dags/example_complex.py
[2025-02-24T20:04:38.750+0000] {logging_mixin.py:190} INFO - [2025-02-24T20:04:38.749+0000] {dag.py:3239} INFO - Sync 1 DAGs
[2025-02-24T20:04:38.765+0000] {logging_mixin.py:190} INFO - [2025-02-24T20:04:38.764+0000] {dag.py:4180} INFO - Setting next_dagrun for example_complex to None, run_after=None
[2025-02-24T20:04:38.802+0000] {processor.py:208} INFO - Processing /home/airflow/.local/lib/python3.12/site-packages/airflow/example_dags/example_complex.py took 0.107 seconds
[2025-02-24T20:05:09.777+0000] {processor.py:186} INFO - Started process (PID=639) to work on /home/airflow/.local/lib/python3.12/site-packages/airflow/example_dags/example_complex.py
[2025-02-24T20:05:09.778+0000] {processor.py:914} INFO - Processing file /home/airflow/.local/lib/python3.12/site-packages/airflow/example_dags/example_complex.py for tasks to queue
[2025-02-24T20:05:09.781+0000] {logging_mixin.py:190} INFO - [2025-02-24T20:05:09.781+0000] {dagbag.py:588} INFO - Filling up the DagBag from /home/airflow/.local/lib/python3.12/site-packages/airflow/example_dags/example_complex.py
[2025-02-24T20:05:09.794+0000] {processor.py:925} INFO - DAG(s) 'example_complex' retrieved from /home/airflow/.local/lib/python3.12/site-packages/airflow/example_dags/example_complex.py
[2025-02-24T20:05:09.825+0000] {logging_mixin.py:190} INFO - [2025-02-24T20:05:09.824+0000] {dag.py:3239} INFO - Sync 1 DAGs
[2025-02-24T20:05:09.840+0000] {logging_mixin.py:190} INFO - [2025-02-24T20:05:09.839+0000] {dag.py:4180} INFO - Setting next_dagrun for example_complex to None, run_after=None
[2025-02-24T20:05:09.861+0000] {processor.py:208} INFO - Processing /home/airflow/.local/lib/python3.12/site-packages/airflow/example_dags/example_complex.py took 0.090 seconds
[2025-02-24T20:05:40.557+0000] {processor.py:186} INFO - Started process (PID=702) to work on /home/airflow/.local/lib/python3.12/site-packages/airflow/example_dags/example_complex.py
[2025-02-24T20:05:40.559+0000] {processor.py:914} INFO - Processing file /home/airflow/.local/lib/python3.12/site-packages/airflow/example_dags/example_complex.py for tasks to queue
[2025-02-24T20:05:40.561+0000] {logging_mixin.py:190} INFO - [2025-02-24T20:05:40.561+0000] {dagbag.py:588} INFO - Filling up the DagBag from /home/airflow/.local/lib/python3.12/site-packages/airflow/example_dags/example_complex.py
[2025-02-24T20:05:40.576+0000] {processor.py:925} INFO - DAG(s) 'example_complex' retrieved from /home/airflow/.local/lib/python3.12/site-packages/airflow/example_dags/example_complex.py
[2025-02-24T20:05:40.613+0000] {logging_mixin.py:190} INFO - [2025-02-24T20:05:40.613+0000] {dag.py:3239} INFO - Sync 1 DAGs
[2025-02-24T20:05:40.640+0000] {logging_mixin.py:190} INFO - [2025-02-24T20:05:40.640+0000] {dag.py:4180} INFO - Setting next_dagrun for example_complex to None, run_after=None
[2025-02-24T20:05:40.670+0000] {processor.py:208} INFO - Processing /home/airflow/.local/lib/python3.12/site-packages/airflow/example_dags/example_complex.py took 0.119 seconds
[2025-02-24T20:06:10.787+0000] {processor.py:186} INFO - Started process (PID=765) to work on /home/airflow/.local/lib/python3.12/site-packages/airflow/example_dags/example_complex.py
[2025-02-24T20:06:10.788+0000] {processor.py:914} INFO - Processing file /home/airflow/.local/lib/python3.12/site-packages/airflow/example_dags/example_complex.py for tasks to queue
[2025-02-24T20:06:10.791+0000] {logging_mixin.py:190} INFO - [2025-02-24T20:06:10.791+0000] {dagbag.py:588} INFO - Filling up the DagBag from /home/airflow/.local/lib/python3.12/site-packages/airflow/example_dags/example_complex.py
[2025-02-24T20:06:10.806+0000] {processor.py:925} INFO - DAG(s) 'example_complex' retrieved from /home/airflow/.local/lib/python3.12/site-packages/airflow/example_dags/example_complex.py
[2025-02-24T20:06:10.843+0000] {logging_mixin.py:190} INFO - [2025-02-24T20:06:10.843+0000] {dag.py:3239} INFO - Sync 1 DAGs
[2025-02-24T20:06:10.861+0000] {logging_mixin.py:190} INFO - [2025-02-24T20:06:10.861+0000] {dag.py:4180} INFO - Setting next_dagrun for example_complex to None, run_after=None
[2025-02-24T20:06:10.884+0000] {processor.py:208} INFO - Processing /home/airflow/.local/lib/python3.12/site-packages/airflow/example_dags/example_complex.py took 0.105 seconds
[2025-02-24T20:06:41.007+0000] {processor.py:186} INFO - Started process (PID=828) to work on /home/airflow/.local/lib/python3.12/site-packages/airflow/example_dags/example_complex.py
[2025-02-24T20:06:41.008+0000] {processor.py:914} INFO - Processing file /home/airflow/.local/lib/python3.12/site-packages/airflow/example_dags/example_complex.py for tasks to queue
[2025-02-24T20:06:41.011+0000] {logging_mixin.py:190} INFO - [2025-02-24T20:06:41.010+0000] {dagbag.py:588} INFO - Filling up the DagBag from /home/airflow/.local/lib/python3.12/site-packages/airflow/example_dags/example_complex.py
[2025-02-24T20:06:41.024+0000] {processor.py:925} INFO - DAG(s) 'example_complex' retrieved from /home/airflow/.local/lib/python3.12/site-packages/airflow/example_dags/example_complex.py
[2025-02-24T20:06:41.056+0000] {logging_mixin.py:190} INFO - [2025-02-24T20:06:41.056+0000] {dag.py:3239} INFO - Sync 1 DAGs
[2025-02-24T20:06:41.071+0000] {logging_mixin.py:190} INFO - [2025-02-24T20:06:41.071+0000] {dag.py:4180} INFO - Setting next_dagrun for example_complex to None, run_after=None
[2025-02-24T20:06:41.098+0000] {processor.py:208} INFO - Processing /home/airflow/.local/lib/python3.12/site-packages/airflow/example_dags/example_complex.py took 0.098 seconds
[2025-02-24T20:07:11.398+0000] {processor.py:186} INFO - Started process (PID=891) to work on /home/airflow/.local/lib/python3.12/site-packages/airflow/example_dags/example_complex.py
[2025-02-24T20:07:11.399+0000] {processor.py:914} INFO - Processing file /home/airflow/.local/lib/python3.12/site-packages/airflow/example_dags/example_complex.py for tasks to queue
[2025-02-24T20:07:11.402+0000] {logging_mixin.py:190} INFO - [2025-02-24T20:07:11.401+0000] {dagbag.py:588} INFO - Filling up the DagBag from /home/airflow/.local/lib/python3.12/site-packages/airflow/example_dags/example_complex.py
[2025-02-24T20:07:11.419+0000] {processor.py:925} INFO - DAG(s) 'example_complex' retrieved from /home/airflow/.local/lib/python3.12/site-packages/airflow/example_dags/example_complex.py
[2025-02-24T20:07:11.453+0000] {logging_mixin.py:190} INFO - [2025-02-24T20:07:11.453+0000] {dag.py:3239} INFO - Sync 1 DAGs
[2025-02-24T20:07:11.473+0000] {logging_mixin.py:190} INFO - [2025-02-24T20:07:11.473+0000] {dag.py:4180} INFO - Setting next_dagrun for example_complex to None, run_after=None
[2025-02-24T20:07:11.497+0000] {processor.py:208} INFO - Processing /home/airflow/.local/lib/python3.12/site-packages/airflow/example_dags/example_complex.py took 0.105 seconds
[2025-02-24T20:07:41.549+0000] {processor.py:186} INFO - Started process (PID=954) to work on /home/airflow/.local/lib/python3.12/site-packages/airflow/example_dags/example_complex.py
[2025-02-24T20:07:41.550+0000] {processor.py:914} INFO - Processing file /home/airflow/.local/lib/python3.12/site-packages/airflow/example_dags/example_complex.py for tasks to queue
[2025-02-24T20:07:41.554+0000] {logging_mixin.py:190} INFO - [2025-02-24T20:07:41.553+0000] {dagbag.py:588} INFO - Filling up the DagBag from /home/airflow/.local/lib/python3.12/site-packages/airflow/example_dags/example_complex.py
[2025-02-24T20:07:41.566+0000] {processor.py:925} INFO - DAG(s) 'example_complex' retrieved from /home/airflow/.local/lib/python3.12/site-packages/airflow/example_dags/example_complex.py
[2025-02-24T20:07:41.601+0000] {logging_mixin.py:190} INFO - [2025-02-24T20:07:41.600+0000] {dag.py:3239} INFO - Sync 1 DAGs
[2025-02-24T20:07:41.616+0000] {logging_mixin.py:190} INFO - [2025-02-24T20:07:41.616+0000] {dag.py:4180} INFO - Setting next_dagrun for example_complex to None, run_after=None
[2025-02-24T20:07:41.638+0000] {processor.py:208} INFO - Processing /home/airflow/.local/lib/python3.12/site-packages/airflow/example_dags/example_complex.py took 0.095 seconds
[2025-02-24T20:08:12.216+0000] {processor.py:186} INFO - Started process (PID=1016) to work on /home/airflow/.local/lib/python3.12/site-packages/airflow/example_dags/example_complex.py
[2025-02-24T20:08:12.217+0000] {processor.py:914} INFO - Processing file /home/airflow/.local/lib/python3.12/site-packages/airflow/example_dags/example_complex.py for tasks to queue
[2025-02-24T20:08:12.219+0000] {logging_mixin.py:190} INFO - [2025-02-24T20:08:12.219+0000] {dagbag.py:588} INFO - Filling up the DagBag from /home/airflow/.local/lib/python3.12/site-packages/airflow/example_dags/example_complex.py
[2025-02-24T20:08:12.232+0000] {processor.py:925} INFO - DAG(s) 'example_complex' retrieved from /home/airflow/.local/lib/python3.12/site-packages/airflow/example_dags/example_complex.py
[2025-02-24T20:08:12.269+0000] {logging_mixin.py:190} INFO - [2025-02-24T20:08:12.269+0000] {dag.py:3239} INFO - Sync 1 DAGs
[2025-02-24T20:08:12.285+0000] {logging_mixin.py:190} INFO - [2025-02-24T20:08:12.284+0000] {dag.py:4180} INFO - Setting next_dagrun for example_complex to None, run_after=None
[2025-02-24T20:08:12.307+0000] {processor.py:208} INFO - Processing /home/airflow/.local/lib/python3.12/site-packages/airflow/example_dags/example_complex.py took 0.097 seconds
[2025-02-24T20:08:42.436+0000] {processor.py:186} INFO - Started process (PID=1078) to work on /home/airflow/.local/lib/python3.12/site-packages/airflow/example_dags/example_complex.py
[2025-02-24T20:08:42.437+0000] {processor.py:914} INFO - Processing file /home/airflow/.local/lib/python3.12/site-packages/airflow/example_dags/example_complex.py for tasks to queue
[2025-02-24T20:08:42.439+0000] {logging_mixin.py:190} INFO - [2025-02-24T20:08:42.439+0000] {dagbag.py:588} INFO - Filling up the DagBag from /home/airflow/.local/lib/python3.12/site-packages/airflow/example_dags/example_complex.py
[2025-02-24T20:08:42.451+0000] {processor.py:925} INFO - DAG(s) 'example_complex' retrieved from /home/airflow/.local/lib/python3.12/site-packages/airflow/example_dags/example_complex.py
[2025-02-24T20:08:42.485+0000] {logging_mixin.py:190} INFO - [2025-02-24T20:08:42.485+0000] {dag.py:3239} INFO - Sync 1 DAGs
[2025-02-24T20:08:42.501+0000] {logging_mixin.py:190} INFO - [2025-02-24T20:08:42.501+0000] {dag.py:4180} INFO - Setting next_dagrun for example_complex to None, run_after=None
[2025-02-24T20:08:42.529+0000] {processor.py:208} INFO - Processing /home/airflow/.local/lib/python3.12/site-packages/airflow/example_dags/example_complex.py took 0.099 seconds
[2025-02-24T20:09:12.990+0000] {processor.py:186} INFO - Started process (PID=1138) to work on /home/airflow/.local/lib/python3.12/site-packages/airflow/example_dags/example_complex.py
[2025-02-24T20:09:12.991+0000] {processor.py:914} INFO - Processing file /home/airflow/.local/lib/python3.12/site-packages/airflow/example_dags/example_complex.py for tasks to queue
[2025-02-24T20:09:12.994+0000] {logging_mixin.py:190} INFO - [2025-02-24T20:09:12.994+0000] {dagbag.py:588} INFO - Filling up the DagBag from /home/airflow/.local/lib/python3.12/site-packages/airflow/example_dags/example_complex.py
[2025-02-24T20:09:13.007+0000] {processor.py:925} INFO - DAG(s) 'example_complex' retrieved from /home/airflow/.local/lib/python3.12/site-packages/airflow/example_dags/example_complex.py
[2025-02-24T20:09:13.041+0000] {logging_mixin.py:190} INFO - [2025-02-24T20:09:13.041+0000] {dag.py:3239} INFO - Sync 1 DAGs
[2025-02-24T20:09:13.065+0000] {logging_mixin.py:190} INFO - [2025-02-24T20:09:13.064+0000] {dag.py:4180} INFO - Setting next_dagrun for example_complex to None, run_after=None
[2025-02-24T20:09:13.089+0000] {processor.py:208} INFO - Processing /home/airflow/.local/lib/python3.12/site-packages/airflow/example_dags/example_complex.py took 0.105 seconds
[2025-02-24T20:09:43.995+0000] {processor.py:186} INFO - Started process (PID=1196) to work on /home/airflow/.local/lib/python3.12/site-packages/airflow/example_dags/example_complex.py
[2025-02-24T20:09:43.997+0000] {processor.py:914} INFO - Processing file /home/airflow/.local/lib/python3.12/site-packages/airflow/example_dags/example_complex.py for tasks to queue
[2025-02-24T20:09:44.000+0000] {logging_mixin.py:190} INFO - [2025-02-24T20:09:43.999+0000] {dagbag.py:588} INFO - Filling up the DagBag from /home/airflow/.local/lib/python3.12/site-packages/airflow/example_dags/example_complex.py
[2025-02-24T20:09:44.012+0000] {processor.py:925} INFO - DAG(s) 'example_complex' retrieved from /home/airflow/.local/lib/python3.12/site-packages/airflow/example_dags/example_complex.py
[2025-02-24T20:09:44.048+0000] {logging_mixin.py:190} INFO - [2025-02-24T20:09:44.048+0000] {dag.py:3239} INFO - Sync 1 DAGs
[2025-02-24T20:09:44.068+0000] {logging_mixin.py:190} INFO - [2025-02-24T20:09:44.068+0000] {dag.py:4180} INFO - Setting next_dagrun for example_complex to None, run_after=None
[2025-02-24T20:09:44.092+0000] {processor.py:208} INFO - Processing /home/airflow/.local/lib/python3.12/site-packages/airflow/example_dags/example_complex.py took 0.102 seconds
[2025-02-24T20:10:15.203+0000] {processor.py:186} INFO - Started process (PID=1257) to work on /home/airflow/.local/lib/python3.12/site-packages/airflow/example_dags/example_complex.py
[2025-02-24T20:10:15.204+0000] {processor.py:914} INFO - Processing file /home/airflow/.local/lib/python3.12/site-packages/airflow/example_dags/example_complex.py for tasks to queue
[2025-02-24T20:10:15.206+0000] {logging_mixin.py:190} INFO - [2025-02-24T20:10:15.206+0000] {dagbag.py:588} INFO - Filling up the DagBag from /home/airflow/.local/lib/python3.12/site-packages/airflow/example_dags/example_complex.py
[2025-02-24T20:10:15.219+0000] {processor.py:925} INFO - DAG(s) 'example_complex' retrieved from /home/airflow/.local/lib/python3.12/site-packages/airflow/example_dags/example_complex.py
[2025-02-24T20:10:15.253+0000] {logging_mixin.py:190} INFO - [2025-02-24T20:10:15.252+0000] {dag.py:3239} INFO - Sync 1 DAGs
[2025-02-24T20:10:15.268+0000] {logging_mixin.py:190} INFO - [2025-02-24T20:10:15.268+0000] {dag.py:4180} INFO - Setting next_dagrun for example_complex to None, run_after=None
[2025-02-24T20:10:15.290+0000] {processor.py:208} INFO - Processing /home/airflow/.local/lib/python3.12/site-packages/airflow/example_dags/example_complex.py took 0.093 seconds
[2025-02-24T20:10:45.737+0000] {processor.py:186} INFO - Started process (PID=1312) to work on /home/airflow/.local/lib/python3.12/site-packages/airflow/example_dags/example_complex.py
[2025-02-24T20:10:45.739+0000] {processor.py:914} INFO - Processing file /home/airflow/.local/lib/python3.12/site-packages/airflow/example_dags/example_complex.py for tasks to queue
[2025-02-24T20:10:45.742+0000] {logging_mixin.py:190} INFO - [2025-02-24T20:10:45.741+0000] {dagbag.py:588} INFO - Filling up the DagBag from /home/airflow/.local/lib/python3.12/site-packages/airflow/example_dags/example_complex.py
[2025-02-24T20:10:45.757+0000] {processor.py:925} INFO - DAG(s) 'example_complex' retrieved from /home/airflow/.local/lib/python3.12/site-packages/airflow/example_dags/example_complex.py
[2025-02-24T20:10:45.793+0000] {logging_mixin.py:190} INFO - [2025-02-24T20:10:45.793+0000] {dag.py:3239} INFO - Sync 1 DAGs
[2025-02-24T20:10:45.815+0000] {logging_mixin.py:190} INFO - [2025-02-24T20:10:45.815+0000] {dag.py:4180} INFO - Setting next_dagrun for example_complex to None, run_after=None
[2025-02-24T20:10:45.840+0000] {processor.py:208} INFO - Processing /home/airflow/.local/lib/python3.12/site-packages/airflow/example_dags/example_complex.py took 0.109 seconds
[2025-02-24T20:11:17.092+0000] {processor.py:186} INFO - Started process (PID=1374) to work on /home/airflow/.local/lib/python3.12/site-packages/airflow/example_dags/example_complex.py
[2025-02-24T20:11:17.093+0000] {processor.py:914} INFO - Processing file /home/airflow/.local/lib/python3.12/site-packages/airflow/example_dags/example_complex.py for tasks to queue
[2025-02-24T20:11:17.096+0000] {logging_mixin.py:190} INFO - [2025-02-24T20:11:17.096+0000] {dagbag.py:588} INFO - Filling up the DagBag from /home/airflow/.local/lib/python3.12/site-packages/airflow/example_dags/example_complex.py
[2025-02-24T20:11:17.110+0000] {processor.py:925} INFO - DAG(s) 'example_complex' retrieved from /home/airflow/.local/lib/python3.12/site-packages/airflow/example_dags/example_complex.py
[2025-02-24T20:11:17.145+0000] {logging_mixin.py:190} INFO - [2025-02-24T20:11:17.144+0000] {dag.py:3239} INFO - Sync 1 DAGs
[2025-02-24T20:11:17.160+0000] {logging_mixin.py:190} INFO - [2025-02-24T20:11:17.160+0000] {dag.py:4180} INFO - Setting next_dagrun for example_complex to None, run_after=None
[2025-02-24T20:11:17.190+0000] {processor.py:208} INFO - Processing /home/airflow/.local/lib/python3.12/site-packages/airflow/example_dags/example_complex.py took 0.105 seconds
[2025-02-24T20:11:48.620+0000] {processor.py:186} INFO - Started process (PID=1437) to work on /home/airflow/.local/lib/python3.12/site-packages/airflow/example_dags/example_complex.py
[2025-02-24T20:11:48.621+0000] {processor.py:914} INFO - Processing file /home/airflow/.local/lib/python3.12/site-packages/airflow/example_dags/example_complex.py for tasks to queue
[2025-02-24T20:11:48.624+0000] {logging_mixin.py:190} INFO - [2025-02-24T20:11:48.624+0000] {dagbag.py:588} INFO - Filling up the DagBag from /home/airflow/.local/lib/python3.12/site-packages/airflow/example_dags/example_complex.py
[2025-02-24T20:11:48.637+0000] {processor.py:925} INFO - DAG(s) 'example_complex' retrieved from /home/airflow/.local/lib/python3.12/site-packages/airflow/example_dags/example_complex.py
[2025-02-24T20:11:48.674+0000] {logging_mixin.py:190} INFO - [2025-02-24T20:11:48.674+0000] {dag.py:3239} INFO - Sync 1 DAGs
[2025-02-24T20:11:48.692+0000] {logging_mixin.py:190} INFO - [2025-02-24T20:11:48.691+0000] {dag.py:4180} INFO - Setting next_dagrun for example_complex to None, run_after=None
[2025-02-24T20:11:48.714+0000] {processor.py:208} INFO - Processing /home/airflow/.local/lib/python3.12/site-packages/airflow/example_dags/example_complex.py took 0.101 seconds
[2025-02-24T20:12:19.659+0000] {processor.py:186} INFO - Started process (PID=1499) to work on /home/airflow/.local/lib/python3.12/site-packages/airflow/example_dags/example_complex.py
[2025-02-24T20:12:19.660+0000] {processor.py:914} INFO - Processing file /home/airflow/.local/lib/python3.12/site-packages/airflow/example_dags/example_complex.py for tasks to queue
[2025-02-24T20:12:19.662+0000] {logging_mixin.py:190} INFO - [2025-02-24T20:12:19.662+0000] {dagbag.py:588} INFO - Filling up the DagBag from /home/airflow/.local/lib/python3.12/site-packages/airflow/example_dags/example_complex.py
[2025-02-24T20:12:19.675+0000] {processor.py:925} INFO - DAG(s) 'example_complex' retrieved from /home/airflow/.local/lib/python3.12/site-packages/airflow/example_dags/example_complex.py
[2025-02-24T20:12:19.704+0000] {logging_mixin.py:190} INFO - [2025-02-24T20:12:19.704+0000] {dag.py:3239} INFO - Sync 1 DAGs
[2025-02-24T20:12:19.719+0000] {logging_mixin.py:190} INFO - [2025-02-24T20:12:19.718+0000] {dag.py:4180} INFO - Setting next_dagrun for example_complex to None, run_after=None
[2025-02-24T20:12:19.737+0000] {processor.py:208} INFO - Processing /home/airflow/.local/lib/python3.12/site-packages/airflow/example_dags/example_complex.py took 0.084 seconds
[2025-02-24T20:12:50.188+0000] {processor.py:186} INFO - Started process (PID=1556) to work on /home/airflow/.local/lib/python3.12/site-packages/airflow/example_dags/example_complex.py
[2025-02-24T20:12:50.189+0000] {processor.py:914} INFO - Processing file /home/airflow/.local/lib/python3.12/site-packages/airflow/example_dags/example_complex.py for tasks to queue
[2025-02-24T20:12:50.191+0000] {logging_mixin.py:190} INFO - [2025-02-24T20:12:50.191+0000] {dagbag.py:588} INFO - Filling up the DagBag from /home/airflow/.local/lib/python3.12/site-packages/airflow/example_dags/example_complex.py
[2025-02-24T20:12:50.205+0000] {processor.py:925} INFO - DAG(s) 'example_complex' retrieved from /home/airflow/.local/lib/python3.12/site-packages/airflow/example_dags/example_complex.py
[2025-02-24T20:12:50.238+0000] {logging_mixin.py:190} INFO - [2025-02-24T20:12:50.238+0000] {dag.py:3239} INFO - Sync 1 DAGs
[2025-02-24T20:12:50.255+0000] {logging_mixin.py:190} INFO - [2025-02-24T20:12:50.255+0000] {dag.py:4180} INFO - Setting next_dagrun for example_complex to None, run_after=None
[2025-02-24T20:12:50.277+0000] {processor.py:208} INFO - Processing /home/airflow/.local/lib/python3.12/site-packages/airflow/example_dags/example_complex.py took 0.096 seconds
[2025-02-24T20:13:20.516+0000] {processor.py:186} INFO - Started process (PID=1619) to work on /home/airflow/.local/lib/python3.12/site-packages/airflow/example_dags/example_complex.py
[2025-02-24T20:13:20.518+0000] {processor.py:914} INFO - Processing file /home/airflow/.local/lib/python3.12/site-packages/airflow/example_dags/example_complex.py for tasks to queue
[2025-02-24T20:13:20.520+0000] {logging_mixin.py:190} INFO - [2025-02-24T20:13:20.520+0000] {dagbag.py:588} INFO - Filling up the DagBag from /home/airflow/.local/lib/python3.12/site-packages/airflow/example_dags/example_complex.py
[2025-02-24T20:13:20.533+0000] {processor.py:925} INFO - DAG(s) 'example_complex' retrieved from /home/airflow/.local/lib/python3.12/site-packages/airflow/example_dags/example_complex.py
[2025-02-24T20:13:20.569+0000] {logging_mixin.py:190} INFO - [2025-02-24T20:13:20.569+0000] {dag.py:3239} INFO - Sync 1 DAGs
[2025-02-24T20:13:20.593+0000] {logging_mixin.py:190} INFO - [2025-02-24T20:13:20.593+0000] {dag.py:4180} INFO - Setting next_dagrun for example_complex to None, run_after=None
[2025-02-24T20:13:20.626+0000] {processor.py:208} INFO - Processing /home/airflow/.local/lib/python3.12/site-packages/airflow/example_dags/example_complex.py took 0.117 seconds
[2025-02-24T20:13:50.743+0000] {processor.py:186} INFO - Started process (PID=1682) to work on /home/airflow/.local/lib/python3.12/site-packages/airflow/example_dags/example_complex.py
[2025-02-24T20:13:50.744+0000] {processor.py:914} INFO - Processing file /home/airflow/.local/lib/python3.12/site-packages/airflow/example_dags/example_complex.py for tasks to queue
[2025-02-24T20:13:50.747+0000] {logging_mixin.py:190} INFO - [2025-02-24T20:13:50.746+0000] {dagbag.py:588} INFO - Filling up the DagBag from /home/airflow/.local/lib/python3.12/site-packages/airflow/example_dags/example_complex.py
[2025-02-24T20:13:50.763+0000] {processor.py:925} INFO - DAG(s) 'example_complex' retrieved from /home/airflow/.local/lib/python3.12/site-packages/airflow/example_dags/example_complex.py
[2025-02-24T20:13:50.797+0000] {logging_mixin.py:190} INFO - [2025-02-24T20:13:50.796+0000] {dag.py:3239} INFO - Sync 1 DAGs
[2025-02-24T20:13:50.814+0000] {logging_mixin.py:190} INFO - [2025-02-24T20:13:50.814+0000] {dag.py:4180} INFO - Setting next_dagrun for example_complex to None, run_after=None
[2025-02-24T20:13:50.843+0000] {processor.py:208} INFO - Processing /home/airflow/.local/lib/python3.12/site-packages/airflow/example_dags/example_complex.py took 0.107 seconds
[2025-02-24T20:14:21.502+0000] {processor.py:186} INFO - Started process (PID=1745) to work on /home/airflow/.local/lib/python3.12/site-packages/airflow/example_dags/example_complex.py
[2025-02-24T20:14:21.503+0000] {processor.py:914} INFO - Processing file /home/airflow/.local/lib/python3.12/site-packages/airflow/example_dags/example_complex.py for tasks to queue
[2025-02-24T20:14:21.506+0000] {logging_mixin.py:190} INFO - [2025-02-24T20:14:21.505+0000] {dagbag.py:588} INFO - Filling up the DagBag from /home/airflow/.local/lib/python3.12/site-packages/airflow/example_dags/example_complex.py
[2025-02-24T20:14:21.525+0000] {processor.py:925} INFO - DAG(s) 'example_complex' retrieved from /home/airflow/.local/lib/python3.12/site-packages/airflow/example_dags/example_complex.py
[2025-02-24T20:14:21.564+0000] {logging_mixin.py:190} INFO - [2025-02-24T20:14:21.563+0000] {dag.py:3239} INFO - Sync 1 DAGs
[2025-02-24T20:14:21.584+0000] {logging_mixin.py:190} INFO - [2025-02-24T20:14:21.583+0000] {dag.py:4180} INFO - Setting next_dagrun for example_complex to None, run_after=None
[2025-02-24T20:14:21.611+0000] {processor.py:208} INFO - Processing /home/airflow/.local/lib/python3.12/site-packages/airflow/example_dags/example_complex.py took 0.115 seconds
[2025-02-24T20:14:51.912+0000] {processor.py:186} INFO - Started process (PID=1814) to work on /home/airflow/.local/lib/python3.12/site-packages/airflow/example_dags/example_complex.py
[2025-02-24T20:14:51.914+0000] {processor.py:914} INFO - Processing file /home/airflow/.local/lib/python3.12/site-packages/airflow/example_dags/example_complex.py for tasks to queue
[2025-02-24T20:14:51.918+0000] {logging_mixin.py:190} INFO - [2025-02-24T20:14:51.917+0000] {dagbag.py:588} INFO - Filling up the DagBag from /home/airflow/.local/lib/python3.12/site-packages/airflow/example_dags/example_complex.py
[2025-02-24T20:14:51.935+0000] {processor.py:925} INFO - DAG(s) 'example_complex' retrieved from /home/airflow/.local/lib/python3.12/site-packages/airflow/example_dags/example_complex.py
[2025-02-24T20:14:51.969+0000] {logging_mixin.py:190} INFO - [2025-02-24T20:14:51.969+0000] {dag.py:3239} INFO - Sync 1 DAGs
[2025-02-24T20:14:51.991+0000] {logging_mixin.py:190} INFO - [2025-02-24T20:14:51.991+0000] {dag.py:4180} INFO - Setting next_dagrun for example_complex to None, run_after=None
[2025-02-24T20:14:52.048+0000] {processor.py:208} INFO - Processing /home/airflow/.local/lib/python3.12/site-packages/airflow/example_dags/example_complex.py took 0.144 seconds
[2025-02-24T20:15:22.172+0000] {processor.py:186} INFO - Started process (PID=1877) to work on /home/airflow/.local/lib/python3.12/site-packages/airflow/example_dags/example_complex.py
[2025-02-24T20:15:22.173+0000] {processor.py:914} INFO - Processing file /home/airflow/.local/lib/python3.12/site-packages/airflow/example_dags/example_complex.py for tasks to queue
[2025-02-24T20:15:22.177+0000] {logging_mixin.py:190} INFO - [2025-02-24T20:15:22.176+0000] {dagbag.py:588} INFO - Filling up the DagBag from /home/airflow/.local/lib/python3.12/site-packages/airflow/example_dags/example_complex.py
[2025-02-24T20:15:22.195+0000] {processor.py:925} INFO - DAG(s) 'example_complex' retrieved from /home/airflow/.local/lib/python3.12/site-packages/airflow/example_dags/example_complex.py
[2025-02-24T20:15:22.289+0000] {logging_mixin.py:190} INFO - [2025-02-24T20:15:22.288+0000] {dag.py:3239} INFO - Sync 1 DAGs
[2025-02-24T20:15:22.317+0000] {logging_mixin.py:190} INFO - [2025-02-24T20:15:22.316+0000] {dag.py:4180} INFO - Setting next_dagrun for example_complex to None, run_after=None
[2025-02-24T20:15:22.347+0000] {processor.py:208} INFO - Processing /home/airflow/.local/lib/python3.12/site-packages/airflow/example_dags/example_complex.py took 0.183 seconds
[2025-02-24T20:15:52.509+0000] {processor.py:186} INFO - Started process (PID=1940) to work on /home/airflow/.local/lib/python3.12/site-packages/airflow/example_dags/example_complex.py
[2025-02-24T20:15:52.511+0000] {processor.py:914} INFO - Processing file /home/airflow/.local/lib/python3.12/site-packages/airflow/example_dags/example_complex.py for tasks to queue
[2025-02-24T20:15:52.514+0000] {logging_mixin.py:190} INFO - [2025-02-24T20:15:52.514+0000] {dagbag.py:588} INFO - Filling up the DagBag from /home/airflow/.local/lib/python3.12/site-packages/airflow/example_dags/example_complex.py
[2025-02-24T20:15:52.536+0000] {processor.py:925} INFO - DAG(s) 'example_complex' retrieved from /home/airflow/.local/lib/python3.12/site-packages/airflow/example_dags/example_complex.py
[2025-02-24T20:15:52.587+0000] {logging_mixin.py:190} INFO - [2025-02-24T20:15:52.587+0000] {dag.py:3239} INFO - Sync 1 DAGs
[2025-02-24T20:15:52.611+0000] {logging_mixin.py:190} INFO - [2025-02-24T20:15:52.610+0000] {dag.py:4180} INFO - Setting next_dagrun for example_complex to None, run_after=None
[2025-02-24T20:15:52.669+0000] {processor.py:208} INFO - Processing /home/airflow/.local/lib/python3.12/site-packages/airflow/example_dags/example_complex.py took 0.168 seconds
[2025-02-24T20:16:22.880+0000] {processor.py:186} INFO - Started process (PID=2003) to work on /home/airflow/.local/lib/python3.12/site-packages/airflow/example_dags/example_complex.py
[2025-02-24T20:16:22.881+0000] {processor.py:914} INFO - Processing file /home/airflow/.local/lib/python3.12/site-packages/airflow/example_dags/example_complex.py for tasks to queue
[2025-02-24T20:16:22.884+0000] {logging_mixin.py:190} INFO - [2025-02-24T20:16:22.883+0000] {dagbag.py:588} INFO - Filling up the DagBag from /home/airflow/.local/lib/python3.12/site-packages/airflow/example_dags/example_complex.py
[2025-02-24T20:16:22.901+0000] {processor.py:925} INFO - DAG(s) 'example_complex' retrieved from /home/airflow/.local/lib/python3.12/site-packages/airflow/example_dags/example_complex.py
[2025-02-24T20:16:22.947+0000] {logging_mixin.py:190} INFO - [2025-02-24T20:16:22.947+0000] {dag.py:3239} INFO - Sync 1 DAGs
[2025-02-24T20:16:22.968+0000] {logging_mixin.py:190} INFO - [2025-02-24T20:16:22.967+0000] {dag.py:4180} INFO - Setting next_dagrun for example_complex to None, run_after=None
[2025-02-24T20:16:23.009+0000] {processor.py:208} INFO - Processing /home/airflow/.local/lib/python3.12/site-packages/airflow/example_dags/example_complex.py took 0.137 seconds
[2025-02-24T20:16:53.149+0000] {processor.py:186} INFO - Started process (PID=2066) to work on /home/airflow/.local/lib/python3.12/site-packages/airflow/example_dags/example_complex.py
[2025-02-24T20:16:53.150+0000] {processor.py:914} INFO - Processing file /home/airflow/.local/lib/python3.12/site-packages/airflow/example_dags/example_complex.py for tasks to queue
[2025-02-24T20:16:53.154+0000] {logging_mixin.py:190} INFO - [2025-02-24T20:16:53.153+0000] {dagbag.py:588} INFO - Filling up the DagBag from /home/airflow/.local/lib/python3.12/site-packages/airflow/example_dags/example_complex.py
[2025-02-24T20:16:53.173+0000] {processor.py:925} INFO - DAG(s) 'example_complex' retrieved from /home/airflow/.local/lib/python3.12/site-packages/airflow/example_dags/example_complex.py
[2025-02-24T20:16:53.221+0000] {logging_mixin.py:190} INFO - [2025-02-24T20:16:53.220+0000] {dag.py:3239} INFO - Sync 1 DAGs
[2025-02-24T20:16:53.244+0000] {logging_mixin.py:190} INFO - [2025-02-24T20:16:53.243+0000] {dag.py:4180} INFO - Setting next_dagrun for example_complex to None, run_after=None
[2025-02-24T20:16:53.278+0000] {processor.py:208} INFO - Processing /home/airflow/.local/lib/python3.12/site-packages/airflow/example_dags/example_complex.py took 0.138 seconds
[2025-02-24T20:17:23.375+0000] {processor.py:186} INFO - Started process (PID=2129) to work on /home/airflow/.local/lib/python3.12/site-packages/airflow/example_dags/example_complex.py
[2025-02-24T20:17:23.377+0000] {processor.py:914} INFO - Processing file /home/airflow/.local/lib/python3.12/site-packages/airflow/example_dags/example_complex.py for tasks to queue
[2025-02-24T20:17:23.385+0000] {logging_mixin.py:190} INFO - [2025-02-24T20:17:23.384+0000] {dagbag.py:588} INFO - Filling up the DagBag from /home/airflow/.local/lib/python3.12/site-packages/airflow/example_dags/example_complex.py
[2025-02-24T20:17:23.407+0000] {processor.py:925} INFO - DAG(s) 'example_complex' retrieved from /home/airflow/.local/lib/python3.12/site-packages/airflow/example_dags/example_complex.py
[2025-02-24T20:17:23.493+0000] {logging_mixin.py:190} INFO - [2025-02-24T20:17:23.492+0000] {dag.py:3239} INFO - Sync 1 DAGs
[2025-02-24T20:17:23.519+0000] {logging_mixin.py:190} INFO - [2025-02-24T20:17:23.519+0000] {dag.py:4180} INFO - Setting next_dagrun for example_complex to None, run_after=None
[2025-02-24T20:17:23.554+0000] {processor.py:208} INFO - Processing /home/airflow/.local/lib/python3.12/site-packages/airflow/example_dags/example_complex.py took 0.191 seconds
[2025-02-24T20:17:53.961+0000] {processor.py:186} INFO - Started process (PID=2192) to work on /home/airflow/.local/lib/python3.12/site-packages/airflow/example_dags/example_complex.py
[2025-02-24T20:17:53.963+0000] {processor.py:914} INFO - Processing file /home/airflow/.local/lib/python3.12/site-packages/airflow/example_dags/example_complex.py for tasks to queue
[2025-02-24T20:17:53.967+0000] {logging_mixin.py:190} INFO - [2025-02-24T20:17:53.966+0000] {dagbag.py:588} INFO - Filling up the DagBag from /home/airflow/.local/lib/python3.12/site-packages/airflow/example_dags/example_complex.py
[2025-02-24T20:17:53.984+0000] {processor.py:925} INFO - DAG(s) 'example_complex' retrieved from /home/airflow/.local/lib/python3.12/site-packages/airflow/example_dags/example_complex.py
[2025-02-24T20:17:54.074+0000] {logging_mixin.py:190} INFO - [2025-02-24T20:17:54.074+0000] {dag.py:3239} INFO - Sync 1 DAGs
[2025-02-24T20:17:54.103+0000] {logging_mixin.py:190} INFO - [2025-02-24T20:17:54.103+0000] {dag.py:4180} INFO - Setting next_dagrun for example_complex to None, run_after=None
[2025-02-24T20:17:54.153+0000] {processor.py:208} INFO - Processing /home/airflow/.local/lib/python3.12/site-packages/airflow/example_dags/example_complex.py took 0.198 seconds
[2025-02-24T20:18:24.672+0000] {processor.py:186} INFO - Started process (PID=2255) to work on /home/airflow/.local/lib/python3.12/site-packages/airflow/example_dags/example_complex.py
[2025-02-24T20:18:24.673+0000] {processor.py:914} INFO - Processing file /home/airflow/.local/lib/python3.12/site-packages/airflow/example_dags/example_complex.py for tasks to queue
[2025-02-24T20:18:24.678+0000] {logging_mixin.py:190} INFO - [2025-02-24T20:18:24.677+0000] {dagbag.py:588} INFO - Filling up the DagBag from /home/airflow/.local/lib/python3.12/site-packages/airflow/example_dags/example_complex.py
[2025-02-24T20:18:24.705+0000] {processor.py:925} INFO - DAG(s) 'example_complex' retrieved from /home/airflow/.local/lib/python3.12/site-packages/airflow/example_dags/example_complex.py
[2025-02-24T20:18:24.761+0000] {logging_mixin.py:190} INFO - [2025-02-24T20:18:24.761+0000] {dag.py:3239} INFO - Sync 1 DAGs
[2025-02-24T20:18:24.788+0000] {logging_mixin.py:190} INFO - [2025-02-24T20:18:24.788+0000] {dag.py:4180} INFO - Setting next_dagrun for example_complex to None, run_after=None
[2025-02-24T20:18:24.825+0000] {processor.py:208} INFO - Processing /home/airflow/.local/lib/python3.12/site-packages/airflow/example_dags/example_complex.py took 0.163 seconds
[2025-02-24T20:18:54.927+0000] {processor.py:186} INFO - Started process (PID=2318) to work on /home/airflow/.local/lib/python3.12/site-packages/airflow/example_dags/example_complex.py
[2025-02-24T20:18:54.929+0000] {processor.py:914} INFO - Processing file /home/airflow/.local/lib/python3.12/site-packages/airflow/example_dags/example_complex.py for tasks to queue
[2025-02-24T20:18:54.933+0000] {logging_mixin.py:190} INFO - [2025-02-24T20:18:54.932+0000] {dagbag.py:588} INFO - Filling up the DagBag from /home/airflow/.local/lib/python3.12/site-packages/airflow/example_dags/example_complex.py
[2025-02-24T20:18:54.953+0000] {processor.py:925} INFO - DAG(s) 'example_complex' retrieved from /home/airflow/.local/lib/python3.12/site-packages/airflow/example_dags/example_complex.py
[2025-02-24T20:18:55.023+0000] {logging_mixin.py:190} INFO - [2025-02-24T20:18:55.023+0000] {dag.py:3239} INFO - Sync 1 DAGs
[2025-02-24T20:18:55.047+0000] {logging_mixin.py:190} INFO - [2025-02-24T20:18:55.047+0000] {dag.py:4180} INFO - Setting next_dagrun for example_complex to None, run_after=None
[2025-02-24T20:18:55.079+0000] {processor.py:208} INFO - Processing /home/airflow/.local/lib/python3.12/site-packages/airflow/example_dags/example_complex.py took 0.163 seconds
[2025-02-24T20:19:25.392+0000] {processor.py:186} INFO - Started process (PID=2381) to work on /home/airflow/.local/lib/python3.12/site-packages/airflow/example_dags/example_complex.py
[2025-02-24T20:19:25.396+0000] {processor.py:914} INFO - Processing file /home/airflow/.local/lib/python3.12/site-packages/airflow/example_dags/example_complex.py for tasks to queue
[2025-02-24T20:19:25.406+0000] {logging_mixin.py:190} INFO - [2025-02-24T20:19:25.405+0000] {dagbag.py:588} INFO - Filling up the DagBag from /home/airflow/.local/lib/python3.12/site-packages/airflow/example_dags/example_complex.py
[2025-02-24T20:19:25.490+0000] {processor.py:925} INFO - DAG(s) 'example_complex' retrieved from /home/airflow/.local/lib/python3.12/site-packages/airflow/example_dags/example_complex.py
[2025-02-24T20:19:25.572+0000] {logging_mixin.py:190} INFO - [2025-02-24T20:19:25.572+0000] {dag.py:3239} INFO - Sync 1 DAGs
[2025-02-24T20:19:25.666+0000] {logging_mixin.py:190} INFO - [2025-02-24T20:19:25.665+0000] {dag.py:4180} INFO - Setting next_dagrun for example_complex to None, run_after=None
[2025-02-24T20:19:25.765+0000] {processor.py:208} INFO - Processing /home/airflow/.local/lib/python3.12/site-packages/airflow/example_dags/example_complex.py took 0.400 seconds
[2025-02-24T21:33:57.946+0000] {processor.py:186} INFO - Started process (PID=182) to work on /home/airflow/.local/lib/python3.12/site-packages/airflow/example_dags/example_complex.py
[2025-02-24T21:33:57.956+0000] {processor.py:914} INFO - Processing file /home/airflow/.local/lib/python3.12/site-packages/airflow/example_dags/example_complex.py for tasks to queue
[2025-02-24T21:33:57.967+0000] {logging_mixin.py:190} INFO - [2025-02-24T21:33:57.966+0000] {dagbag.py:588} INFO - Filling up the DagBag from /home/airflow/.local/lib/python3.12/site-packages/airflow/example_dags/example_complex.py
[2025-02-24T21:33:58.031+0000] {processor.py:925} INFO - DAG(s) 'example_complex' retrieved from /home/airflow/.local/lib/python3.12/site-packages/airflow/example_dags/example_complex.py
[2025-02-24T21:33:58.355+0000] {logging_mixin.py:190} INFO - [2025-02-24T21:33:58.354+0000] {override.py:1912} INFO - Created Permission View: can edit on DAG:example_complex
[2025-02-24T21:33:58.384+0000] {logging_mixin.py:190} INFO - [2025-02-24T21:33:58.383+0000] {override.py:1912} INFO - Created Permission View: can read on DAG:example_complex
[2025-02-24T21:33:58.418+0000] {logging_mixin.py:190} INFO - [2025-02-24T21:33:58.417+0000] {override.py:1912} INFO - Created Permission View: can delete on DAG:example_complex
[2025-02-24T21:33:58.435+0000] {logging_mixin.py:190} INFO - [2025-02-24T21:33:58.434+0000] {override.py:1912} INFO - Created Permission View: can delete on DAG Run:example_complex
[2025-02-24T21:33:58.473+0000] {logging_mixin.py:190} INFO - [2025-02-24T21:33:58.473+0000] {override.py:1912} INFO - Created Permission View: can read on DAG Run:example_complex
[2025-02-24T21:33:58.489+0000] {logging_mixin.py:190} INFO - [2025-02-24T21:33:58.488+0000] {override.py:1912} INFO - Created Permission View: can create on DAG Run:example_complex
[2025-02-24T21:33:58.507+0000] {logging_mixin.py:190} INFO - [2025-02-24T21:33:58.507+0000] {override.py:1912} INFO - Created Permission View: menu access on DAG Run:example_complex
[2025-02-24T21:33:58.509+0000] {logging_mixin.py:190} INFO - [2025-02-24T21:33:58.509+0000] {dag.py:3239} INFO - Sync 1 DAGs
[2025-02-24T21:33:58.558+0000] {logging_mixin.py:190} INFO - [2025-02-24T21:33:58.557+0000] {dag.py:3262} INFO - Creating ORM DAG for example_complex
[2025-02-24T21:33:58.560+0000] {logging_mixin.py:190} INFO - [2025-02-24T21:33:58.559+0000] {dag.py:4180} INFO - Setting next_dagrun for example_complex to None, run_after=None
[2025-02-24T21:33:58.611+0000] {processor.py:208} INFO - Processing /home/airflow/.local/lib/python3.12/site-packages/airflow/example_dags/example_complex.py took 0.695 seconds
[2025-02-24T21:50:41.963+0000] {processor.py:186} INFO - Started process (PID=352) to work on /home/airflow/.local/lib/python3.12/site-packages/airflow/example_dags/example_complex.py
[2025-02-24T21:50:42.359+0000] {processor.py:914} INFO - Processing file /home/airflow/.local/lib/python3.12/site-packages/airflow/example_dags/example_complex.py for tasks to queue
[2025-02-24T21:50:46.702+0000] {logging_mixin.py:190} INFO - [2025-02-24T21:50:46.702+0000] {dagbag.py:588} INFO - Filling up the DagBag from /home/airflow/.local/lib/python3.12/site-packages/airflow/example_dags/example_complex.py
[2025-02-24T21:50:52.073+0000] {processor.py:925} INFO - DAG(s) 'example_complex' retrieved from /home/airflow/.local/lib/python3.12/site-packages/airflow/example_dags/example_complex.py
