[2025-02-24T20:00:54.843+0000] {processor.py:186} INFO - Started process (PID=119) to work on /home/airflow/.local/lib/python3.12/site-packages/airflow/example_dags/example_inlet_event_extra.py
[2025-02-24T20:00:54.845+0000] {processor.py:914} INFO - Processing file /home/airflow/.local/lib/python3.12/site-packages/airflow/example_dags/example_inlet_event_extra.py for tasks to queue
[2025-02-24T20:00:54.850+0000] {logging_mixin.py:190} INFO - [2025-02-24T20:00:54.849+0000] {dagbag.py:588} INFO - Filling up the DagBag from /home/airflow/.local/lib/python3.12/site-packages/airflow/example_dags/example_inlet_event_extra.py
[2025-02-24T20:00:56.544+0000] {processor.py:925} INFO - DAG(s) 'read_dataset_event', 'read_dataset_event_from_classic' retrieved from /home/airflow/.local/lib/python3.12/site-packages/airflow/example_dags/example_inlet_event_extra.py
[2025-02-24T20:00:58.751+0000] {logging_mixin.py:190} INFO - [2025-02-24T20:00:58.747+0000] {override.py:1912} INFO - Created Permission View: can edit on DAG:read_dataset_event
[2025-02-24T20:00:58.836+0000] {logging_mixin.py:190} INFO - [2025-02-24T20:00:58.835+0000] {override.py:1912} INFO - Created Permission View: can delete on DAG:read_dataset_event
[2025-02-24T20:00:58.912+0000] {logging_mixin.py:190} INFO - [2025-02-24T20:00:58.888+0000] {override.py:1912} INFO - Created Permission View: can read on DAG:read_dataset_event
[2025-02-24T20:00:58.944+0000] {logging_mixin.py:190} INFO - [2025-02-24T20:00:58.941+0000] {override.py:1912} INFO - Created Permission View: can delete on DAG Run:read_dataset_event
[2025-02-24T20:00:58.979+0000] {logging_mixin.py:190} INFO - [2025-02-24T20:00:58.978+0000] {override.py:1912} INFO - Created Permission View: can create on DAG Run:read_dataset_event
[2025-02-24T20:00:59.015+0000] {logging_mixin.py:190} INFO - [2025-02-24T20:00:59.013+0000] {override.py:1912} INFO - Created Permission View: menu access on DAG Run:read_dataset_event
[2025-02-24T20:00:59.066+0000] {logging_mixin.py:190} INFO - [2025-02-24T20:00:59.065+0000] {override.py:1912} INFO - Created Permission View: can read on DAG Run:read_dataset_event
[2025-02-24T20:00:59.155+0000] {logging_mixin.py:190} INFO - [2025-02-24T20:00:59.154+0000] {override.py:1912} INFO - Created Permission View: can edit on DAG:read_dataset_event_from_classic
[2025-02-24T20:00:59.211+0000] {logging_mixin.py:190} INFO - [2025-02-24T20:00:59.204+0000] {override.py:1912} INFO - Created Permission View: can delete on DAG:read_dataset_event_from_classic
[2025-02-24T20:00:59.251+0000] {logging_mixin.py:190} INFO - [2025-02-24T20:00:59.251+0000] {override.py:1912} INFO - Created Permission View: can read on DAG:read_dataset_event_from_classic
[2025-02-24T20:00:59.432+0000] {logging_mixin.py:190} INFO - [2025-02-24T20:00:59.418+0000] {override.py:1912} INFO - Created Permission View: can delete on DAG Run:read_dataset_event_from_classic
[2025-02-24T20:00:59.467+0000] {logging_mixin.py:190} INFO - [2025-02-24T20:00:59.466+0000] {override.py:1912} INFO - Created Permission View: can create on DAG Run:read_dataset_event_from_classic
[2025-02-24T20:00:59.504+0000] {logging_mixin.py:190} INFO - [2025-02-24T20:00:59.503+0000] {override.py:1912} INFO - Created Permission View: menu access on DAG Run:read_dataset_event_from_classic
[2025-02-24T20:00:59.550+0000] {logging_mixin.py:190} INFO - [2025-02-24T20:00:59.548+0000] {override.py:1912} INFO - Created Permission View: can read on DAG Run:read_dataset_event_from_classic
[2025-02-24T20:00:59.552+0000] {logging_mixin.py:190} INFO - [2025-02-24T20:00:59.551+0000] {dag.py:3239} INFO - Sync 2 DAGs
[2025-02-24T20:00:59.635+0000] {logging_mixin.py:190} INFO - [2025-02-24T20:00:59.623+0000] {dag.py:3262} INFO - Creating ORM DAG for read_dataset_event_from_classic
[2025-02-24T20:00:59.638+0000] {logging_mixin.py:190} INFO - [2025-02-24T20:00:59.638+0000] {dag.py:3262} INFO - Creating ORM DAG for read_dataset_event
[2025-02-24T20:00:59.686+0000] {logging_mixin.py:190} INFO - [2025-02-24T20:00:59.685+0000] {dag.py:4180} INFO - Setting next_dagrun for read_dataset_event to 2025-02-23 00:00:00+00:00, run_after=2025-02-24 00:00:00+00:00
[2025-02-24T20:00:59.698+0000] {logging_mixin.py:190} INFO - [2025-02-24T20:00:59.698+0000] {dag.py:4180} INFO - Setting next_dagrun for read_dataset_event_from_classic to 2025-02-23 00:00:00+00:00, run_after=2025-02-24 00:00:00+00:00
[2025-02-24T20:00:59.767+0000] {processor.py:208} INFO - Processing /home/airflow/.local/lib/python3.12/site-packages/airflow/example_dags/example_inlet_event_extra.py took 4.938 seconds
[2025-02-24T20:01:30.431+0000] {processor.py:186} INFO - Started process (PID=184) to work on /home/airflow/.local/lib/python3.12/site-packages/airflow/example_dags/example_inlet_event_extra.py
[2025-02-24T20:01:30.433+0000] {processor.py:914} INFO - Processing file /home/airflow/.local/lib/python3.12/site-packages/airflow/example_dags/example_inlet_event_extra.py for tasks to queue
[2025-02-24T20:01:30.438+0000] {logging_mixin.py:190} INFO - [2025-02-24T20:01:30.437+0000] {dagbag.py:588} INFO - Filling up the DagBag from /home/airflow/.local/lib/python3.12/site-packages/airflow/example_dags/example_inlet_event_extra.py
[2025-02-24T20:01:34.576+0000] {processor.py:925} INFO - DAG(s) 'read_dataset_event_from_classic', 'read_dataset_event' retrieved from /home/airflow/.local/lib/python3.12/site-packages/airflow/example_dags/example_inlet_event_extra.py
[2025-02-24T20:01:34.606+0000] {logging_mixin.py:190} INFO - [2025-02-24T20:01:34.606+0000] {dag.py:3239} INFO - Sync 2 DAGs
[2025-02-24T20:01:34.637+0000] {logging_mixin.py:190} INFO - [2025-02-24T20:01:34.637+0000] {dag.py:4180} INFO - Setting next_dagrun for read_dataset_event to 2025-02-23 00:00:00+00:00, run_after=2025-02-24 00:00:00+00:00
[2025-02-24T20:01:34.643+0000] {logging_mixin.py:190} INFO - [2025-02-24T20:01:34.643+0000] {dag.py:4180} INFO - Setting next_dagrun for read_dataset_event_from_classic to 2025-02-23 00:00:00+00:00, run_after=2025-02-24 00:00:00+00:00
[2025-02-24T20:01:34.682+0000] {processor.py:208} INFO - Processing /home/airflow/.local/lib/python3.12/site-packages/airflow/example_dags/example_inlet_event_extra.py took 4.260 seconds
[2025-02-24T20:02:05.616+0000] {processor.py:186} INFO - Started process (PID=257) to work on /home/airflow/.local/lib/python3.12/site-packages/airflow/example_dags/example_inlet_event_extra.py
[2025-02-24T20:02:05.617+0000] {processor.py:914} INFO - Processing file /home/airflow/.local/lib/python3.12/site-packages/airflow/example_dags/example_inlet_event_extra.py for tasks to queue
[2025-02-24T20:02:05.620+0000] {logging_mixin.py:190} INFO - [2025-02-24T20:02:05.620+0000] {dagbag.py:588} INFO - Filling up the DagBag from /home/airflow/.local/lib/python3.12/site-packages/airflow/example_dags/example_inlet_event_extra.py
[2025-02-24T20:02:06.413+0000] {processor.py:925} INFO - DAG(s) 'read_dataset_event_from_classic', 'read_dataset_event' retrieved from /home/airflow/.local/lib/python3.12/site-packages/airflow/example_dags/example_inlet_event_extra.py
[2025-02-24T20:02:06.443+0000] {logging_mixin.py:190} INFO - [2025-02-24T20:02:06.443+0000] {dag.py:3239} INFO - Sync 2 DAGs
[2025-02-24T20:02:06.481+0000] {logging_mixin.py:190} INFO - [2025-02-24T20:02:06.480+0000] {dag.py:4180} INFO - Setting next_dagrun for read_dataset_event to 2025-02-23 00:00:00+00:00, run_after=2025-02-24 00:00:00+00:00
[2025-02-24T20:02:06.487+0000] {logging_mixin.py:190} INFO - [2025-02-24T20:02:06.487+0000] {dag.py:4180} INFO - Setting next_dagrun for read_dataset_event_from_classic to 2025-02-23 00:00:00+00:00, run_after=2025-02-24 00:00:00+00:00
[2025-02-24T20:02:06.513+0000] {processor.py:208} INFO - Processing /home/airflow/.local/lib/python3.12/site-packages/airflow/example_dags/example_inlet_event_extra.py took 0.904 seconds
[2025-02-24T20:02:37.480+0000] {processor.py:186} INFO - Started process (PID=326) to work on /home/airflow/.local/lib/python3.12/site-packages/airflow/example_dags/example_inlet_event_extra.py
[2025-02-24T20:02:37.482+0000] {processor.py:914} INFO - Processing file /home/airflow/.local/lib/python3.12/site-packages/airflow/example_dags/example_inlet_event_extra.py for tasks to queue
[2025-02-24T20:02:37.485+0000] {logging_mixin.py:190} INFO - [2025-02-24T20:02:37.485+0000] {dagbag.py:588} INFO - Filling up the DagBag from /home/airflow/.local/lib/python3.12/site-packages/airflow/example_dags/example_inlet_event_extra.py
[2025-02-24T20:02:38.286+0000] {processor.py:925} INFO - DAG(s) 'read_dataset_event', 'read_dataset_event_from_classic' retrieved from /home/airflow/.local/lib/python3.12/site-packages/airflow/example_dags/example_inlet_event_extra.py
[2025-02-24T20:02:38.306+0000] {logging_mixin.py:190} INFO - [2025-02-24T20:02:38.306+0000] {dag.py:3239} INFO - Sync 2 DAGs
[2025-02-24T20:02:38.329+0000] {logging_mixin.py:190} INFO - [2025-02-24T20:02:38.329+0000] {dag.py:4180} INFO - Setting next_dagrun for read_dataset_event to 2025-02-23 00:00:00+00:00, run_after=2025-02-24 00:00:00+00:00
[2025-02-24T20:02:38.335+0000] {logging_mixin.py:190} INFO - [2025-02-24T20:02:38.335+0000] {dag.py:4180} INFO - Setting next_dagrun for read_dataset_event_from_classic to 2025-02-23 00:00:00+00:00, run_after=2025-02-24 00:00:00+00:00
[2025-02-24T20:02:38.351+0000] {processor.py:208} INFO - Processing /home/airflow/.local/lib/python3.12/site-packages/airflow/example_dags/example_inlet_event_extra.py took 0.877 seconds
[2025-02-24T20:03:09.005+0000] {processor.py:186} INFO - Started process (PID=396) to work on /home/airflow/.local/lib/python3.12/site-packages/airflow/example_dags/example_inlet_event_extra.py
[2025-02-24T20:03:09.006+0000] {processor.py:914} INFO - Processing file /home/airflow/.local/lib/python3.12/site-packages/airflow/example_dags/example_inlet_event_extra.py for tasks to queue
[2025-02-24T20:03:09.009+0000] {logging_mixin.py:190} INFO - [2025-02-24T20:03:09.008+0000] {dagbag.py:588} INFO - Filling up the DagBag from /home/airflow/.local/lib/python3.12/site-packages/airflow/example_dags/example_inlet_event_extra.py
[2025-02-24T20:03:09.649+0000] {processor.py:925} INFO - DAG(s) 'read_dataset_event', 'read_dataset_event_from_classic' retrieved from /home/airflow/.local/lib/python3.12/site-packages/airflow/example_dags/example_inlet_event_extra.py
[2025-02-24T20:03:09.673+0000] {logging_mixin.py:190} INFO - [2025-02-24T20:03:09.673+0000] {dag.py:3239} INFO - Sync 2 DAGs
[2025-02-24T20:03:09.701+0000] {logging_mixin.py:190} INFO - [2025-02-24T20:03:09.701+0000] {dag.py:4180} INFO - Setting next_dagrun for read_dataset_event to 2025-02-23 00:00:00+00:00, run_after=2025-02-24 00:00:00+00:00
[2025-02-24T20:03:09.707+0000] {logging_mixin.py:190} INFO - [2025-02-24T20:03:09.707+0000] {dag.py:4180} INFO - Setting next_dagrun for read_dataset_event_from_classic to 2025-02-23 00:00:00+00:00, run_after=2025-02-24 00:00:00+00:00
[2025-02-24T20:03:09.746+0000] {processor.py:208} INFO - Processing /home/airflow/.local/lib/python3.12/site-packages/airflow/example_dags/example_inlet_event_extra.py took 0.747 seconds
[2025-02-24T20:03:40.364+0000] {processor.py:186} INFO - Started process (PID=461) to work on /home/airflow/.local/lib/python3.12/site-packages/airflow/example_dags/example_inlet_event_extra.py
[2025-02-24T20:03:40.365+0000] {processor.py:914} INFO - Processing file /home/airflow/.local/lib/python3.12/site-packages/airflow/example_dags/example_inlet_event_extra.py for tasks to queue
[2025-02-24T20:03:40.367+0000] {logging_mixin.py:190} INFO - [2025-02-24T20:03:40.367+0000] {dagbag.py:588} INFO - Filling up the DagBag from /home/airflow/.local/lib/python3.12/site-packages/airflow/example_dags/example_inlet_event_extra.py
[2025-02-24T20:03:40.960+0000] {processor.py:925} INFO - DAG(s) 'read_dataset_event_from_classic', 'read_dataset_event' retrieved from /home/airflow/.local/lib/python3.12/site-packages/airflow/example_dags/example_inlet_event_extra.py
[2025-02-24T20:03:40.984+0000] {logging_mixin.py:190} INFO - [2025-02-24T20:03:40.983+0000] {dag.py:3239} INFO - Sync 2 DAGs
[2025-02-24T20:03:41.012+0000] {logging_mixin.py:190} INFO - [2025-02-24T20:03:41.011+0000] {dag.py:4180} INFO - Setting next_dagrun for read_dataset_event to 2025-02-23 00:00:00+00:00, run_after=2025-02-24 00:00:00+00:00
[2025-02-24T20:03:41.018+0000] {logging_mixin.py:190} INFO - [2025-02-24T20:03:41.018+0000] {dag.py:4180} INFO - Setting next_dagrun for read_dataset_event_from_classic to 2025-02-23 00:00:00+00:00, run_after=2025-02-24 00:00:00+00:00
[2025-02-24T20:03:41.055+0000] {processor.py:208} INFO - Processing /home/airflow/.local/lib/python3.12/site-packages/airflow/example_dags/example_inlet_event_extra.py took 0.697 seconds
[2025-02-24T20:04:11.978+0000] {processor.py:186} INFO - Started process (PID=525) to work on /home/airflow/.local/lib/python3.12/site-packages/airflow/example_dags/example_inlet_event_extra.py
[2025-02-24T20:04:11.979+0000] {processor.py:914} INFO - Processing file /home/airflow/.local/lib/python3.12/site-packages/airflow/example_dags/example_inlet_event_extra.py for tasks to queue
[2025-02-24T20:04:11.982+0000] {logging_mixin.py:190} INFO - [2025-02-24T20:04:11.981+0000] {dagbag.py:588} INFO - Filling up the DagBag from /home/airflow/.local/lib/python3.12/site-packages/airflow/example_dags/example_inlet_event_extra.py
[2025-02-24T20:04:12.620+0000] {processor.py:925} INFO - DAG(s) 'read_dataset_event', 'read_dataset_event_from_classic' retrieved from /home/airflow/.local/lib/python3.12/site-packages/airflow/example_dags/example_inlet_event_extra.py
[2025-02-24T20:04:12.644+0000] {logging_mixin.py:190} INFO - [2025-02-24T20:04:12.643+0000] {dag.py:3239} INFO - Sync 2 DAGs
[2025-02-24T20:04:12.678+0000] {logging_mixin.py:190} INFO - [2025-02-24T20:04:12.678+0000] {dag.py:4180} INFO - Setting next_dagrun for read_dataset_event to 2025-02-23 00:00:00+00:00, run_after=2025-02-24 00:00:00+00:00
[2025-02-24T20:04:12.688+0000] {logging_mixin.py:190} INFO - [2025-02-24T20:04:12.687+0000] {dag.py:4180} INFO - Setting next_dagrun for read_dataset_event_from_classic to 2025-02-23 00:00:00+00:00, run_after=2025-02-24 00:00:00+00:00
[2025-02-24T20:04:12.711+0000] {processor.py:208} INFO - Processing /home/airflow/.local/lib/python3.12/site-packages/airflow/example_dags/example_inlet_event_extra.py took 0.739 seconds
[2025-02-24T20:04:43.679+0000] {processor.py:186} INFO - Started process (PID=592) to work on /home/airflow/.local/lib/python3.12/site-packages/airflow/example_dags/example_inlet_event_extra.py
[2025-02-24T20:04:43.680+0000] {processor.py:914} INFO - Processing file /home/airflow/.local/lib/python3.12/site-packages/airflow/example_dags/example_inlet_event_extra.py for tasks to queue
[2025-02-24T20:04:43.683+0000] {logging_mixin.py:190} INFO - [2025-02-24T20:04:43.682+0000] {dagbag.py:588} INFO - Filling up the DagBag from /home/airflow/.local/lib/python3.12/site-packages/airflow/example_dags/example_inlet_event_extra.py
[2025-02-24T20:04:44.274+0000] {processor.py:925} INFO - DAG(s) 'read_dataset_event_from_classic', 'read_dataset_event' retrieved from /home/airflow/.local/lib/python3.12/site-packages/airflow/example_dags/example_inlet_event_extra.py
[2025-02-24T20:04:44.294+0000] {logging_mixin.py:190} INFO - [2025-02-24T20:04:44.294+0000] {dag.py:3239} INFO - Sync 2 DAGs
[2025-02-24T20:04:44.320+0000] {logging_mixin.py:190} INFO - [2025-02-24T20:04:44.320+0000] {dag.py:4180} INFO - Setting next_dagrun for read_dataset_event to 2025-02-23 00:00:00+00:00, run_after=2025-02-24 00:00:00+00:00
[2025-02-24T20:04:44.328+0000] {logging_mixin.py:190} INFO - [2025-02-24T20:04:44.327+0000] {dag.py:4180} INFO - Setting next_dagrun for read_dataset_event_from_classic to 2025-02-23 00:00:00+00:00, run_after=2025-02-24 00:00:00+00:00
[2025-02-24T20:04:44.352+0000] {processor.py:208} INFO - Processing /home/airflow/.local/lib/python3.12/site-packages/airflow/example_dags/example_inlet_event_extra.py took 0.678 seconds
[2025-02-24T20:05:15.110+0000] {processor.py:186} INFO - Started process (PID=655) to work on /home/airflow/.local/lib/python3.12/site-packages/airflow/example_dags/example_inlet_event_extra.py
[2025-02-24T20:05:15.113+0000] {processor.py:914} INFO - Processing file /home/airflow/.local/lib/python3.12/site-packages/airflow/example_dags/example_inlet_event_extra.py for tasks to queue
[2025-02-24T20:05:15.117+0000] {logging_mixin.py:190} INFO - [2025-02-24T20:05:15.116+0000] {dagbag.py:588} INFO - Filling up the DagBag from /home/airflow/.local/lib/python3.12/site-packages/airflow/example_dags/example_inlet_event_extra.py
[2025-02-24T20:05:15.695+0000] {processor.py:925} INFO - DAG(s) 'read_dataset_event_from_classic', 'read_dataset_event' retrieved from /home/airflow/.local/lib/python3.12/site-packages/airflow/example_dags/example_inlet_event_extra.py
[2025-02-24T20:05:15.716+0000] {logging_mixin.py:190} INFO - [2025-02-24T20:05:15.715+0000] {dag.py:3239} INFO - Sync 2 DAGs
[2025-02-24T20:05:15.742+0000] {logging_mixin.py:190} INFO - [2025-02-24T20:05:15.742+0000] {dag.py:4180} INFO - Setting next_dagrun for read_dataset_event to 2025-02-23 00:00:00+00:00, run_after=2025-02-24 00:00:00+00:00
[2025-02-24T20:05:15.748+0000] {logging_mixin.py:190} INFO - [2025-02-24T20:05:15.748+0000] {dag.py:4180} INFO - Setting next_dagrun for read_dataset_event_from_classic to 2025-02-23 00:00:00+00:00, run_after=2025-02-24 00:00:00+00:00
[2025-02-24T20:05:15.768+0000] {processor.py:208} INFO - Processing /home/airflow/.local/lib/python3.12/site-packages/airflow/example_dags/example_inlet_event_extra.py took 0.664 seconds
[2025-02-24T20:05:46.845+0000] {processor.py:186} INFO - Started process (PID=720) to work on /home/airflow/.local/lib/python3.12/site-packages/airflow/example_dags/example_inlet_event_extra.py
[2025-02-24T20:05:46.846+0000] {processor.py:914} INFO - Processing file /home/airflow/.local/lib/python3.12/site-packages/airflow/example_dags/example_inlet_event_extra.py for tasks to queue
[2025-02-24T20:05:46.849+0000] {logging_mixin.py:190} INFO - [2025-02-24T20:05:46.849+0000] {dagbag.py:588} INFO - Filling up the DagBag from /home/airflow/.local/lib/python3.12/site-packages/airflow/example_dags/example_inlet_event_extra.py
[2025-02-24T20:05:47.430+0000] {processor.py:925} INFO - DAG(s) 'read_dataset_event_from_classic', 'read_dataset_event' retrieved from /home/airflow/.local/lib/python3.12/site-packages/airflow/example_dags/example_inlet_event_extra.py
[2025-02-24T20:05:47.454+0000] {logging_mixin.py:190} INFO - [2025-02-24T20:05:47.454+0000] {dag.py:3239} INFO - Sync 2 DAGs
[2025-02-24T20:05:47.477+0000] {logging_mixin.py:190} INFO - [2025-02-24T20:05:47.477+0000] {dag.py:4180} INFO - Setting next_dagrun for read_dataset_event to 2025-02-23 00:00:00+00:00, run_after=2025-02-24 00:00:00+00:00
[2025-02-24T20:05:47.483+0000] {logging_mixin.py:190} INFO - [2025-02-24T20:05:47.483+0000] {dag.py:4180} INFO - Setting next_dagrun for read_dataset_event_from_classic to 2025-02-23 00:00:00+00:00, run_after=2025-02-24 00:00:00+00:00
[2025-02-24T20:05:47.499+0000] {processor.py:208} INFO - Processing /home/airflow/.local/lib/python3.12/site-packages/airflow/example_dags/example_inlet_event_extra.py took 0.659 seconds
[2025-02-24T20:06:18.150+0000] {processor.py:186} INFO - Started process (PID=784) to work on /home/airflow/.local/lib/python3.12/site-packages/airflow/example_dags/example_inlet_event_extra.py
[2025-02-24T20:06:18.150+0000] {processor.py:914} INFO - Processing file /home/airflow/.local/lib/python3.12/site-packages/airflow/example_dags/example_inlet_event_extra.py for tasks to queue
[2025-02-24T20:06:18.153+0000] {logging_mixin.py:190} INFO - [2025-02-24T20:06:18.153+0000] {dagbag.py:588} INFO - Filling up the DagBag from /home/airflow/.local/lib/python3.12/site-packages/airflow/example_dags/example_inlet_event_extra.py
[2025-02-24T20:06:18.845+0000] {processor.py:925} INFO - DAG(s) 'read_dataset_event', 'read_dataset_event_from_classic' retrieved from /home/airflow/.local/lib/python3.12/site-packages/airflow/example_dags/example_inlet_event_extra.py
[2025-02-24T20:06:18.866+0000] {logging_mixin.py:190} INFO - [2025-02-24T20:06:18.866+0000] {dag.py:3239} INFO - Sync 2 DAGs
[2025-02-24T20:06:18.893+0000] {logging_mixin.py:190} INFO - [2025-02-24T20:06:18.893+0000] {dag.py:4180} INFO - Setting next_dagrun for read_dataset_event to 2025-02-23 00:00:00+00:00, run_after=2025-02-24 00:00:00+00:00
[2025-02-24T20:06:18.899+0000] {logging_mixin.py:190} INFO - [2025-02-24T20:06:18.899+0000] {dag.py:4180} INFO - Setting next_dagrun for read_dataset_event_from_classic to 2025-02-23 00:00:00+00:00, run_after=2025-02-24 00:00:00+00:00
[2025-02-24T20:06:18.939+0000] {processor.py:208} INFO - Processing /home/airflow/.local/lib/python3.12/site-packages/airflow/example_dags/example_inlet_event_extra.py took 0.795 seconds
[2025-02-24T20:06:49.353+0000] {processor.py:186} INFO - Started process (PID=847) to work on /home/airflow/.local/lib/python3.12/site-packages/airflow/example_dags/example_inlet_event_extra.py
[2025-02-24T20:06:49.354+0000] {processor.py:914} INFO - Processing file /home/airflow/.local/lib/python3.12/site-packages/airflow/example_dags/example_inlet_event_extra.py for tasks to queue
[2025-02-24T20:06:49.357+0000] {logging_mixin.py:190} INFO - [2025-02-24T20:06:49.356+0000] {dagbag.py:588} INFO - Filling up the DagBag from /home/airflow/.local/lib/python3.12/site-packages/airflow/example_dags/example_inlet_event_extra.py
[2025-02-24T20:06:49.948+0000] {processor.py:925} INFO - DAG(s) 'read_dataset_event', 'read_dataset_event_from_classic' retrieved from /home/airflow/.local/lib/python3.12/site-packages/airflow/example_dags/example_inlet_event_extra.py
[2025-02-24T20:06:49.970+0000] {logging_mixin.py:190} INFO - [2025-02-24T20:06:49.970+0000] {dag.py:3239} INFO - Sync 2 DAGs
[2025-02-24T20:06:49.997+0000] {logging_mixin.py:190} INFO - [2025-02-24T20:06:49.996+0000] {dag.py:4180} INFO - Setting next_dagrun for read_dataset_event to 2025-02-23 00:00:00+00:00, run_after=2025-02-24 00:00:00+00:00
[2025-02-24T20:06:50.002+0000] {logging_mixin.py:190} INFO - [2025-02-24T20:06:50.002+0000] {dag.py:4180} INFO - Setting next_dagrun for read_dataset_event_from_classic to 2025-02-23 00:00:00+00:00, run_after=2025-02-24 00:00:00+00:00
[2025-02-24T20:06:50.030+0000] {processor.py:208} INFO - Processing /home/airflow/.local/lib/python3.12/site-packages/airflow/example_dags/example_inlet_event_extra.py took 0.685 seconds
[2025-02-24T20:07:20.660+0000] {processor.py:186} INFO - Started process (PID=910) to work on /home/airflow/.local/lib/python3.12/site-packages/airflow/example_dags/example_inlet_event_extra.py
[2025-02-24T20:07:20.661+0000] {processor.py:914} INFO - Processing file /home/airflow/.local/lib/python3.12/site-packages/airflow/example_dags/example_inlet_event_extra.py for tasks to queue
[2025-02-24T20:07:20.664+0000] {logging_mixin.py:190} INFO - [2025-02-24T20:07:20.663+0000] {dagbag.py:588} INFO - Filling up the DagBag from /home/airflow/.local/lib/python3.12/site-packages/airflow/example_dags/example_inlet_event_extra.py
[2025-02-24T20:07:21.280+0000] {processor.py:925} INFO - DAG(s) 'read_dataset_event', 'read_dataset_event_from_classic' retrieved from /home/airflow/.local/lib/python3.12/site-packages/airflow/example_dags/example_inlet_event_extra.py
[2025-02-24T20:07:21.300+0000] {logging_mixin.py:190} INFO - [2025-02-24T20:07:21.300+0000] {dag.py:3239} INFO - Sync 2 DAGs
[2025-02-24T20:07:21.324+0000] {logging_mixin.py:190} INFO - [2025-02-24T20:07:21.324+0000] {dag.py:4180} INFO - Setting next_dagrun for read_dataset_event to 2025-02-23 00:00:00+00:00, run_after=2025-02-24 00:00:00+00:00
[2025-02-24T20:07:21.330+0000] {logging_mixin.py:190} INFO - [2025-02-24T20:07:21.330+0000] {dag.py:4180} INFO - Setting next_dagrun for read_dataset_event_from_classic to 2025-02-23 00:00:00+00:00, run_after=2025-02-24 00:00:00+00:00
[2025-02-24T20:07:21.357+0000] {processor.py:208} INFO - Processing /home/airflow/.local/lib/python3.12/site-packages/airflow/example_dags/example_inlet_event_extra.py took 0.703 seconds
[2025-02-24T20:07:51.984+0000] {processor.py:186} INFO - Started process (PID=979) to work on /home/airflow/.local/lib/python3.12/site-packages/airflow/example_dags/example_inlet_event_extra.py
[2025-02-24T20:07:51.985+0000] {processor.py:914} INFO - Processing file /home/airflow/.local/lib/python3.12/site-packages/airflow/example_dags/example_inlet_event_extra.py for tasks to queue
[2025-02-24T20:07:51.988+0000] {logging_mixin.py:190} INFO - [2025-02-24T20:07:51.988+0000] {dagbag.py:588} INFO - Filling up the DagBag from /home/airflow/.local/lib/python3.12/site-packages/airflow/example_dags/example_inlet_event_extra.py
[2025-02-24T20:07:52.570+0000] {processor.py:925} INFO - DAG(s) 'read_dataset_event', 'read_dataset_event_from_classic' retrieved from /home/airflow/.local/lib/python3.12/site-packages/airflow/example_dags/example_inlet_event_extra.py
[2025-02-24T20:07:52.593+0000] {logging_mixin.py:190} INFO - [2025-02-24T20:07:52.593+0000] {dag.py:3239} INFO - Sync 2 DAGs
[2025-02-24T20:07:52.617+0000] {logging_mixin.py:190} INFO - [2025-02-24T20:07:52.617+0000] {dag.py:4180} INFO - Setting next_dagrun for read_dataset_event to 2025-02-23 00:00:00+00:00, run_after=2025-02-24 00:00:00+00:00
[2025-02-24T20:07:52.623+0000] {logging_mixin.py:190} INFO - [2025-02-24T20:07:52.623+0000] {dag.py:4180} INFO - Setting next_dagrun for read_dataset_event_from_classic to 2025-02-23 00:00:00+00:00, run_after=2025-02-24 00:00:00+00:00
[2025-02-24T20:07:52.647+0000] {processor.py:208} INFO - Processing /home/airflow/.local/lib/python3.12/site-packages/airflow/example_dags/example_inlet_event_extra.py took 0.669 seconds
[2025-02-24T20:08:23.438+0000] {processor.py:186} INFO - Started process (PID=1042) to work on /home/airflow/.local/lib/python3.12/site-packages/airflow/example_dags/example_inlet_event_extra.py
[2025-02-24T20:08:23.439+0000] {processor.py:914} INFO - Processing file /home/airflow/.local/lib/python3.12/site-packages/airflow/example_dags/example_inlet_event_extra.py for tasks to queue
[2025-02-24T20:08:23.442+0000] {logging_mixin.py:190} INFO - [2025-02-24T20:08:23.441+0000] {dagbag.py:588} INFO - Filling up the DagBag from /home/airflow/.local/lib/python3.12/site-packages/airflow/example_dags/example_inlet_event_extra.py
[2025-02-24T20:08:24.018+0000] {processor.py:925} INFO - DAG(s) 'read_dataset_event', 'read_dataset_event_from_classic' retrieved from /home/airflow/.local/lib/python3.12/site-packages/airflow/example_dags/example_inlet_event_extra.py
[2025-02-24T20:08:24.041+0000] {logging_mixin.py:190} INFO - [2025-02-24T20:08:24.041+0000] {dag.py:3239} INFO - Sync 2 DAGs
[2025-02-24T20:08:24.067+0000] {logging_mixin.py:190} INFO - [2025-02-24T20:08:24.067+0000] {dag.py:4180} INFO - Setting next_dagrun for read_dataset_event to 2025-02-23 00:00:00+00:00, run_after=2025-02-24 00:00:00+00:00
[2025-02-24T20:08:24.073+0000] {logging_mixin.py:190} INFO - [2025-02-24T20:08:24.073+0000] {dag.py:4180} INFO - Setting next_dagrun for read_dataset_event_from_classic to 2025-02-23 00:00:00+00:00, run_after=2025-02-24 00:00:00+00:00
[2025-02-24T20:08:24.103+0000] {processor.py:208} INFO - Processing /home/airflow/.local/lib/python3.12/site-packages/airflow/example_dags/example_inlet_event_extra.py took 0.671 seconds
[2025-02-24T20:08:54.983+0000] {processor.py:186} INFO - Started process (PID=1105) to work on /home/airflow/.local/lib/python3.12/site-packages/airflow/example_dags/example_inlet_event_extra.py
[2025-02-24T20:08:54.985+0000] {processor.py:914} INFO - Processing file /home/airflow/.local/lib/python3.12/site-packages/airflow/example_dags/example_inlet_event_extra.py for tasks to queue
[2025-02-24T20:08:54.987+0000] {logging_mixin.py:190} INFO - [2025-02-24T20:08:54.987+0000] {dagbag.py:588} INFO - Filling up the DagBag from /home/airflow/.local/lib/python3.12/site-packages/airflow/example_dags/example_inlet_event_extra.py
[2025-02-24T20:08:55.575+0000] {processor.py:925} INFO - DAG(s) 'read_dataset_event_from_classic', 'read_dataset_event' retrieved from /home/airflow/.local/lib/python3.12/site-packages/airflow/example_dags/example_inlet_event_extra.py
[2025-02-24T20:08:55.598+0000] {logging_mixin.py:190} INFO - [2025-02-24T20:08:55.598+0000] {dag.py:3239} INFO - Sync 2 DAGs
[2025-02-24T20:08:55.647+0000] {logging_mixin.py:190} INFO - [2025-02-24T20:08:55.647+0000] {dag.py:4180} INFO - Setting next_dagrun for read_dataset_event to 2025-02-23 00:00:00+00:00, run_after=2025-02-24 00:00:00+00:00
[2025-02-24T20:08:55.653+0000] {logging_mixin.py:190} INFO - [2025-02-24T20:08:55.653+0000] {dag.py:4180} INFO - Setting next_dagrun for read_dataset_event_from_classic to 2025-02-23 00:00:00+00:00, run_after=2025-02-24 00:00:00+00:00
[2025-02-24T20:08:55.670+0000] {processor.py:208} INFO - Processing /home/airflow/.local/lib/python3.12/site-packages/airflow/example_dags/example_inlet_event_extra.py took 0.693 seconds
[2025-02-24T20:09:26.297+0000] {processor.py:186} INFO - Started process (PID=1168) to work on /home/airflow/.local/lib/python3.12/site-packages/airflow/example_dags/example_inlet_event_extra.py
[2025-02-24T20:09:26.298+0000] {processor.py:914} INFO - Processing file /home/airflow/.local/lib/python3.12/site-packages/airflow/example_dags/example_inlet_event_extra.py for tasks to queue
[2025-02-24T20:09:26.301+0000] {logging_mixin.py:190} INFO - [2025-02-24T20:09:26.300+0000] {dagbag.py:588} INFO - Filling up the DagBag from /home/airflow/.local/lib/python3.12/site-packages/airflow/example_dags/example_inlet_event_extra.py
[2025-02-24T20:09:26.890+0000] {processor.py:925} INFO - DAG(s) 'read_dataset_event', 'read_dataset_event_from_classic' retrieved from /home/airflow/.local/lib/python3.12/site-packages/airflow/example_dags/example_inlet_event_extra.py
[2025-02-24T20:09:26.911+0000] {logging_mixin.py:190} INFO - [2025-02-24T20:09:26.911+0000] {dag.py:3239} INFO - Sync 2 DAGs
[2025-02-24T20:09:26.939+0000] {logging_mixin.py:190} INFO - [2025-02-24T20:09:26.939+0000] {dag.py:4180} INFO - Setting next_dagrun for read_dataset_event to 2025-02-23 00:00:00+00:00, run_after=2025-02-24 00:00:00+00:00
[2025-02-24T20:09:26.945+0000] {logging_mixin.py:190} INFO - [2025-02-24T20:09:26.944+0000] {dag.py:4180} INFO - Setting next_dagrun for read_dataset_event_from_classic to 2025-02-23 00:00:00+00:00, run_after=2025-02-24 00:00:00+00:00
[2025-02-24T20:09:26.975+0000] {processor.py:208} INFO - Processing /home/airflow/.local/lib/python3.12/site-packages/airflow/example_dags/example_inlet_event_extra.py took 0.685 seconds
[2025-02-24T20:09:57.628+0000] {processor.py:186} INFO - Started process (PID=1231) to work on /home/airflow/.local/lib/python3.12/site-packages/airflow/example_dags/example_inlet_event_extra.py
[2025-02-24T20:09:57.630+0000] {processor.py:914} INFO - Processing file /home/airflow/.local/lib/python3.12/site-packages/airflow/example_dags/example_inlet_event_extra.py for tasks to queue
[2025-02-24T20:09:57.632+0000] {logging_mixin.py:190} INFO - [2025-02-24T20:09:57.632+0000] {dagbag.py:588} INFO - Filling up the DagBag from /home/airflow/.local/lib/python3.12/site-packages/airflow/example_dags/example_inlet_event_extra.py
[2025-02-24T20:09:58.204+0000] {processor.py:925} INFO - DAG(s) 'read_dataset_event', 'read_dataset_event_from_classic' retrieved from /home/airflow/.local/lib/python3.12/site-packages/airflow/example_dags/example_inlet_event_extra.py
[2025-02-24T20:09:58.225+0000] {logging_mixin.py:190} INFO - [2025-02-24T20:09:58.224+0000] {dag.py:3239} INFO - Sync 2 DAGs
[2025-02-24T20:09:58.250+0000] {logging_mixin.py:190} INFO - [2025-02-24T20:09:58.250+0000] {dag.py:4180} INFO - Setting next_dagrun for read_dataset_event to 2025-02-23 00:00:00+00:00, run_after=2025-02-24 00:00:00+00:00
[2025-02-24T20:09:58.257+0000] {logging_mixin.py:190} INFO - [2025-02-24T20:09:58.257+0000] {dag.py:4180} INFO - Setting next_dagrun for read_dataset_event_from_classic to 2025-02-23 00:00:00+00:00, run_after=2025-02-24 00:00:00+00:00
[2025-02-24T20:09:58.284+0000] {processor.py:208} INFO - Processing /home/airflow/.local/lib/python3.12/site-packages/airflow/example_dags/example_inlet_event_extra.py took 0.662 seconds
[2025-02-24T20:10:29.129+0000] {processor.py:186} INFO - Started process (PID=1294) to work on /home/airflow/.local/lib/python3.12/site-packages/airflow/example_dags/example_inlet_event_extra.py
[2025-02-24T20:10:29.130+0000] {processor.py:914} INFO - Processing file /home/airflow/.local/lib/python3.12/site-packages/airflow/example_dags/example_inlet_event_extra.py for tasks to queue
[2025-02-24T20:10:29.133+0000] {logging_mixin.py:190} INFO - [2025-02-24T20:10:29.132+0000] {dagbag.py:588} INFO - Filling up the DagBag from /home/airflow/.local/lib/python3.12/site-packages/airflow/example_dags/example_inlet_event_extra.py
[2025-02-24T20:10:29.687+0000] {processor.py:925} INFO - DAG(s) 'read_dataset_event_from_classic', 'read_dataset_event' retrieved from /home/airflow/.local/lib/python3.12/site-packages/airflow/example_dags/example_inlet_event_extra.py
[2025-02-24T20:10:29.707+0000] {logging_mixin.py:190} INFO - [2025-02-24T20:10:29.706+0000] {dag.py:3239} INFO - Sync 2 DAGs
[2025-02-24T20:10:29.735+0000] {logging_mixin.py:190} INFO - [2025-02-24T20:10:29.735+0000] {dag.py:4180} INFO - Setting next_dagrun for read_dataset_event to 2025-02-23 00:00:00+00:00, run_after=2025-02-24 00:00:00+00:00
[2025-02-24T20:10:29.741+0000] {logging_mixin.py:190} INFO - [2025-02-24T20:10:29.741+0000] {dag.py:4180} INFO - Setting next_dagrun for read_dataset_event_from_classic to 2025-02-23 00:00:00+00:00, run_after=2025-02-24 00:00:00+00:00
[2025-02-24T20:10:29.760+0000] {processor.py:208} INFO - Processing /home/airflow/.local/lib/python3.12/site-packages/airflow/example_dags/example_inlet_event_extra.py took 0.637 seconds
[2025-02-24T20:11:00.277+0000] {processor.py:186} INFO - Started process (PID=1357) to work on /home/airflow/.local/lib/python3.12/site-packages/airflow/example_dags/example_inlet_event_extra.py
[2025-02-24T20:11:00.278+0000] {processor.py:914} INFO - Processing file /home/airflow/.local/lib/python3.12/site-packages/airflow/example_dags/example_inlet_event_extra.py for tasks to queue
[2025-02-24T20:11:00.281+0000] {logging_mixin.py:190} INFO - [2025-02-24T20:11:00.280+0000] {dagbag.py:588} INFO - Filling up the DagBag from /home/airflow/.local/lib/python3.12/site-packages/airflow/example_dags/example_inlet_event_extra.py
[2025-02-24T20:11:00.979+0000] {processor.py:925} INFO - DAG(s) 'read_dataset_event', 'read_dataset_event_from_classic' retrieved from /home/airflow/.local/lib/python3.12/site-packages/airflow/example_dags/example_inlet_event_extra.py
[2025-02-24T20:11:01.002+0000] {logging_mixin.py:190} INFO - [2025-02-24T20:11:01.002+0000] {dag.py:3239} INFO - Sync 2 DAGs
[2025-02-24T20:11:01.030+0000] {logging_mixin.py:190} INFO - [2025-02-24T20:11:01.029+0000] {dag.py:4180} INFO - Setting next_dagrun for read_dataset_event to 2025-02-23 00:00:00+00:00, run_after=2025-02-24 00:00:00+00:00
[2025-02-24T20:11:01.036+0000] {logging_mixin.py:190} INFO - [2025-02-24T20:11:01.036+0000] {dag.py:4180} INFO - Setting next_dagrun for read_dataset_event_from_classic to 2025-02-23 00:00:00+00:00, run_after=2025-02-24 00:00:00+00:00
[2025-02-24T20:11:01.054+0000] {processor.py:208} INFO - Processing /home/airflow/.local/lib/python3.12/site-packages/airflow/example_dags/example_inlet_event_extra.py took 0.784 seconds
[2025-02-24T20:11:31.140+0000] {processor.py:186} INFO - Started process (PID=1420) to work on /home/airflow/.local/lib/python3.12/site-packages/airflow/example_dags/example_inlet_event_extra.py
[2025-02-24T20:11:31.142+0000] {processor.py:914} INFO - Processing file /home/airflow/.local/lib/python3.12/site-packages/airflow/example_dags/example_inlet_event_extra.py for tasks to queue
[2025-02-24T20:11:31.145+0000] {logging_mixin.py:190} INFO - [2025-02-24T20:11:31.145+0000] {dagbag.py:588} INFO - Filling up the DagBag from /home/airflow/.local/lib/python3.12/site-packages/airflow/example_dags/example_inlet_event_extra.py
[2025-02-24T20:11:31.783+0000] {processor.py:925} INFO - DAG(s) 'read_dataset_event', 'read_dataset_event_from_classic' retrieved from /home/airflow/.local/lib/python3.12/site-packages/airflow/example_dags/example_inlet_event_extra.py
[2025-02-24T20:11:31.803+0000] {logging_mixin.py:190} INFO - [2025-02-24T20:11:31.803+0000] {dag.py:3239} INFO - Sync 2 DAGs
[2025-02-24T20:11:31.832+0000] {logging_mixin.py:190} INFO - [2025-02-24T20:11:31.831+0000] {dag.py:4180} INFO - Setting next_dagrun for read_dataset_event to 2025-02-23 00:00:00+00:00, run_after=2025-02-24 00:00:00+00:00
[2025-02-24T20:11:31.837+0000] {logging_mixin.py:190} INFO - [2025-02-24T20:11:31.837+0000] {dag.py:4180} INFO - Setting next_dagrun for read_dataset_event_from_classic to 2025-02-23 00:00:00+00:00, run_after=2025-02-24 00:00:00+00:00
[2025-02-24T20:11:31.854+0000] {processor.py:208} INFO - Processing /home/airflow/.local/lib/python3.12/site-packages/airflow/example_dags/example_inlet_event_extra.py took 0.719 seconds
[2025-02-24T20:12:02.082+0000] {processor.py:186} INFO - Started process (PID=1483) to work on /home/airflow/.local/lib/python3.12/site-packages/airflow/example_dags/example_inlet_event_extra.py
[2025-02-24T20:12:02.087+0000] {processor.py:914} INFO - Processing file /home/airflow/.local/lib/python3.12/site-packages/airflow/example_dags/example_inlet_event_extra.py for tasks to queue
[2025-02-24T20:12:02.094+0000] {logging_mixin.py:190} INFO - [2025-02-24T20:12:02.094+0000] {dagbag.py:588} INFO - Filling up the DagBag from /home/airflow/.local/lib/python3.12/site-packages/airflow/example_dags/example_inlet_event_extra.py
[2025-02-24T20:12:02.846+0000] {processor.py:925} INFO - DAG(s) 'read_dataset_event', 'read_dataset_event_from_classic' retrieved from /home/airflow/.local/lib/python3.12/site-packages/airflow/example_dags/example_inlet_event_extra.py
[2025-02-24T20:12:02.865+0000] {logging_mixin.py:190} INFO - [2025-02-24T20:12:02.865+0000] {dag.py:3239} INFO - Sync 2 DAGs
[2025-02-24T20:12:02.888+0000] {logging_mixin.py:190} INFO - [2025-02-24T20:12:02.888+0000] {dag.py:4180} INFO - Setting next_dagrun for read_dataset_event to 2025-02-23 00:00:00+00:00, run_after=2025-02-24 00:00:00+00:00
[2025-02-24T20:12:02.896+0000] {logging_mixin.py:190} INFO - [2025-02-24T20:12:02.896+0000] {dag.py:4180} INFO - Setting next_dagrun for read_dataset_event_from_classic to 2025-02-23 00:00:00+00:00, run_after=2025-02-24 00:00:00+00:00
[2025-02-24T20:12:02.914+0000] {processor.py:208} INFO - Processing /home/airflow/.local/lib/python3.12/site-packages/airflow/example_dags/example_inlet_event_extra.py took 0.842 seconds
[2025-02-24T20:12:33.366+0000] {processor.py:186} INFO - Started process (PID=1546) to work on /home/airflow/.local/lib/python3.12/site-packages/airflow/example_dags/example_inlet_event_extra.py
[2025-02-24T20:12:33.368+0000] {processor.py:914} INFO - Processing file /home/airflow/.local/lib/python3.12/site-packages/airflow/example_dags/example_inlet_event_extra.py for tasks to queue
[2025-02-24T20:12:33.372+0000] {logging_mixin.py:190} INFO - [2025-02-24T20:12:33.371+0000] {dagbag.py:588} INFO - Filling up the DagBag from /home/airflow/.local/lib/python3.12/site-packages/airflow/example_dags/example_inlet_event_extra.py
[2025-02-24T20:12:33.934+0000] {processor.py:925} INFO - DAG(s) 'read_dataset_event_from_classic', 'read_dataset_event' retrieved from /home/airflow/.local/lib/python3.12/site-packages/airflow/example_dags/example_inlet_event_extra.py
[2025-02-24T20:12:33.955+0000] {logging_mixin.py:190} INFO - [2025-02-24T20:12:33.954+0000] {dag.py:3239} INFO - Sync 2 DAGs
[2025-02-24T20:12:33.980+0000] {logging_mixin.py:190} INFO - [2025-02-24T20:12:33.980+0000] {dag.py:4180} INFO - Setting next_dagrun for read_dataset_event to 2025-02-23 00:00:00+00:00, run_after=2025-02-24 00:00:00+00:00
[2025-02-24T20:12:33.986+0000] {logging_mixin.py:190} INFO - [2025-02-24T20:12:33.986+0000] {dag.py:4180} INFO - Setting next_dagrun for read_dataset_event_from_classic to 2025-02-23 00:00:00+00:00, run_after=2025-02-24 00:00:00+00:00
[2025-02-24T20:12:34.003+0000] {processor.py:208} INFO - Processing /home/airflow/.local/lib/python3.12/site-packages/airflow/example_dags/example_inlet_event_extra.py took 0.643 seconds
[2025-02-24T20:13:04.174+0000] {processor.py:186} INFO - Started process (PID=1609) to work on /home/airflow/.local/lib/python3.12/site-packages/airflow/example_dags/example_inlet_event_extra.py
[2025-02-24T20:13:04.175+0000] {processor.py:914} INFO - Processing file /home/airflow/.local/lib/python3.12/site-packages/airflow/example_dags/example_inlet_event_extra.py for tasks to queue
[2025-02-24T20:13:04.179+0000] {logging_mixin.py:190} INFO - [2025-02-24T20:13:04.178+0000] {dagbag.py:588} INFO - Filling up the DagBag from /home/airflow/.local/lib/python3.12/site-packages/airflow/example_dags/example_inlet_event_extra.py
[2025-02-24T20:13:04.794+0000] {processor.py:925} INFO - DAG(s) 'read_dataset_event', 'read_dataset_event_from_classic' retrieved from /home/airflow/.local/lib/python3.12/site-packages/airflow/example_dags/example_inlet_event_extra.py
[2025-02-24T20:13:04.814+0000] {logging_mixin.py:190} INFO - [2025-02-24T20:13:04.814+0000] {dag.py:3239} INFO - Sync 2 DAGs
[2025-02-24T20:13:04.840+0000] {logging_mixin.py:190} INFO - [2025-02-24T20:13:04.840+0000] {dag.py:4180} INFO - Setting next_dagrun for read_dataset_event to 2025-02-23 00:00:00+00:00, run_after=2025-02-24 00:00:00+00:00
[2025-02-24T20:13:04.846+0000] {logging_mixin.py:190} INFO - [2025-02-24T20:13:04.846+0000] {dag.py:4180} INFO - Setting next_dagrun for read_dataset_event_from_classic to 2025-02-23 00:00:00+00:00, run_after=2025-02-24 00:00:00+00:00
[2025-02-24T20:13:04.872+0000] {processor.py:208} INFO - Processing /home/airflow/.local/lib/python3.12/site-packages/airflow/example_dags/example_inlet_event_extra.py took 0.706 seconds
[2025-02-24T20:13:35.448+0000] {processor.py:186} INFO - Started process (PID=1672) to work on /home/airflow/.local/lib/python3.12/site-packages/airflow/example_dags/example_inlet_event_extra.py
[2025-02-24T20:13:35.449+0000] {processor.py:914} INFO - Processing file /home/airflow/.local/lib/python3.12/site-packages/airflow/example_dags/example_inlet_event_extra.py for tasks to queue
[2025-02-24T20:13:35.452+0000] {logging_mixin.py:190} INFO - [2025-02-24T20:13:35.452+0000] {dagbag.py:588} INFO - Filling up the DagBag from /home/airflow/.local/lib/python3.12/site-packages/airflow/example_dags/example_inlet_event_extra.py
[2025-02-24T20:13:36.019+0000] {processor.py:925} INFO - DAG(s) 'read_dataset_event', 'read_dataset_event_from_classic' retrieved from /home/airflow/.local/lib/python3.12/site-packages/airflow/example_dags/example_inlet_event_extra.py
[2025-02-24T20:13:36.040+0000] {logging_mixin.py:190} INFO - [2025-02-24T20:13:36.039+0000] {dag.py:3239} INFO - Sync 2 DAGs
[2025-02-24T20:13:36.066+0000] {logging_mixin.py:190} INFO - [2025-02-24T20:13:36.066+0000] {dag.py:4180} INFO - Setting next_dagrun for read_dataset_event to 2025-02-23 00:00:00+00:00, run_after=2025-02-24 00:00:00+00:00
[2025-02-24T20:13:36.072+0000] {logging_mixin.py:190} INFO - [2025-02-24T20:13:36.072+0000] {dag.py:4180} INFO - Setting next_dagrun for read_dataset_event_from_classic to 2025-02-23 00:00:00+00:00, run_after=2025-02-24 00:00:00+00:00
[2025-02-24T20:13:36.091+0000] {processor.py:208} INFO - Processing /home/airflow/.local/lib/python3.12/site-packages/airflow/example_dags/example_inlet_event_extra.py took 0.650 seconds
[2025-02-24T20:14:06.822+0000] {processor.py:186} INFO - Started process (PID=1735) to work on /home/airflow/.local/lib/python3.12/site-packages/airflow/example_dags/example_inlet_event_extra.py
[2025-02-24T20:14:06.824+0000] {processor.py:914} INFO - Processing file /home/airflow/.local/lib/python3.12/site-packages/airflow/example_dags/example_inlet_event_extra.py for tasks to queue
[2025-02-24T20:14:06.829+0000] {logging_mixin.py:190} INFO - [2025-02-24T20:14:06.828+0000] {dagbag.py:588} INFO - Filling up the DagBag from /home/airflow/.local/lib/python3.12/site-packages/airflow/example_dags/example_inlet_event_extra.py
[2025-02-24T20:14:07.683+0000] {processor.py:925} INFO - DAG(s) 'read_dataset_event_from_classic', 'read_dataset_event' retrieved from /home/airflow/.local/lib/python3.12/site-packages/airflow/example_dags/example_inlet_event_extra.py
[2025-02-24T20:14:07.724+0000] {logging_mixin.py:190} INFO - [2025-02-24T20:14:07.723+0000] {dag.py:3239} INFO - Sync 2 DAGs
[2025-02-24T20:14:07.791+0000] {logging_mixin.py:190} INFO - [2025-02-24T20:14:07.790+0000] {dag.py:4180} INFO - Setting next_dagrun for read_dataset_event to 2025-02-23 00:00:00+00:00, run_after=2025-02-24 00:00:00+00:00
[2025-02-24T20:14:07.806+0000] {logging_mixin.py:190} INFO - [2025-02-24T20:14:07.806+0000] {dag.py:4180} INFO - Setting next_dagrun for read_dataset_event_from_classic to 2025-02-23 00:00:00+00:00, run_after=2025-02-24 00:00:00+00:00
[2025-02-24T20:14:07.840+0000] {processor.py:208} INFO - Processing /home/airflow/.local/lib/python3.12/site-packages/airflow/example_dags/example_inlet_event_extra.py took 1.035 seconds
[2025-02-24T20:14:38.510+0000] {processor.py:186} INFO - Started process (PID=1798) to work on /home/airflow/.local/lib/python3.12/site-packages/airflow/example_dags/example_inlet_event_extra.py
[2025-02-24T20:14:38.511+0000] {processor.py:914} INFO - Processing file /home/airflow/.local/lib/python3.12/site-packages/airflow/example_dags/example_inlet_event_extra.py for tasks to queue
[2025-02-24T20:14:38.515+0000] {logging_mixin.py:190} INFO - [2025-02-24T20:14:38.514+0000] {dagbag.py:588} INFO - Filling up the DagBag from /home/airflow/.local/lib/python3.12/site-packages/airflow/example_dags/example_inlet_event_extra.py
[2025-02-24T20:14:39.102+0000] {processor.py:925} INFO - DAG(s) 'read_dataset_event', 'read_dataset_event_from_classic' retrieved from /home/airflow/.local/lib/python3.12/site-packages/airflow/example_dags/example_inlet_event_extra.py
[2025-02-24T20:14:39.123+0000] {logging_mixin.py:190} INFO - [2025-02-24T20:14:39.122+0000] {dag.py:3239} INFO - Sync 2 DAGs
[2025-02-24T20:14:39.152+0000] {logging_mixin.py:190} INFO - [2025-02-24T20:14:39.152+0000] {dag.py:4180} INFO - Setting next_dagrun for read_dataset_event to 2025-02-23 00:00:00+00:00, run_after=2025-02-24 00:00:00+00:00
[2025-02-24T20:14:39.159+0000] {logging_mixin.py:190} INFO - [2025-02-24T20:14:39.159+0000] {dag.py:4180} INFO - Setting next_dagrun for read_dataset_event_from_classic to 2025-02-23 00:00:00+00:00, run_after=2025-02-24 00:00:00+00:00
[2025-02-24T20:14:39.186+0000] {processor.py:208} INFO - Processing /home/airflow/.local/lib/python3.12/site-packages/airflow/example_dags/example_inlet_event_extra.py took 0.682 seconds
[2025-02-24T20:15:09.369+0000] {processor.py:186} INFO - Started process (PID=1861) to work on /home/airflow/.local/lib/python3.12/site-packages/airflow/example_dags/example_inlet_event_extra.py
[2025-02-24T20:15:09.370+0000] {processor.py:914} INFO - Processing file /home/airflow/.local/lib/python3.12/site-packages/airflow/example_dags/example_inlet_event_extra.py for tasks to queue
[2025-02-24T20:15:09.373+0000] {logging_mixin.py:190} INFO - [2025-02-24T20:15:09.372+0000] {dagbag.py:588} INFO - Filling up the DagBag from /home/airflow/.local/lib/python3.12/site-packages/airflow/example_dags/example_inlet_event_extra.py
[2025-02-24T20:15:10.025+0000] {processor.py:925} INFO - DAG(s) 'read_dataset_event', 'read_dataset_event_from_classic' retrieved from /home/airflow/.local/lib/python3.12/site-packages/airflow/example_dags/example_inlet_event_extra.py
[2025-02-24T20:15:10.053+0000] {logging_mixin.py:190} INFO - [2025-02-24T20:15:10.052+0000] {dag.py:3239} INFO - Sync 2 DAGs
[2025-02-24T20:15:10.082+0000] {logging_mixin.py:190} INFO - [2025-02-24T20:15:10.082+0000] {dag.py:4180} INFO - Setting next_dagrun for read_dataset_event to 2025-02-23 00:00:00+00:00, run_after=2025-02-24 00:00:00+00:00
[2025-02-24T20:15:10.088+0000] {logging_mixin.py:190} INFO - [2025-02-24T20:15:10.088+0000] {dag.py:4180} INFO - Setting next_dagrun for read_dataset_event_from_classic to 2025-02-23 00:00:00+00:00, run_after=2025-02-24 00:00:00+00:00
[2025-02-24T20:15:10.126+0000] {processor.py:208} INFO - Processing /home/airflow/.local/lib/python3.12/site-packages/airflow/example_dags/example_inlet_event_extra.py took 0.763 seconds
[2025-02-24T20:15:40.707+0000] {processor.py:186} INFO - Started process (PID=1924) to work on /home/airflow/.local/lib/python3.12/site-packages/airflow/example_dags/example_inlet_event_extra.py
[2025-02-24T20:15:40.710+0000] {processor.py:914} INFO - Processing file /home/airflow/.local/lib/python3.12/site-packages/airflow/example_dags/example_inlet_event_extra.py for tasks to queue
[2025-02-24T20:15:40.714+0000] {logging_mixin.py:190} INFO - [2025-02-24T20:15:40.714+0000] {dagbag.py:588} INFO - Filling up the DagBag from /home/airflow/.local/lib/python3.12/site-packages/airflow/example_dags/example_inlet_event_extra.py
[2025-02-24T20:15:41.626+0000] {processor.py:925} INFO - DAG(s) 'read_dataset_event', 'read_dataset_event_from_classic' retrieved from /home/airflow/.local/lib/python3.12/site-packages/airflow/example_dags/example_inlet_event_extra.py
[2025-02-24T20:15:41.654+0000] {logging_mixin.py:190} INFO - [2025-02-24T20:15:41.654+0000] {dag.py:3239} INFO - Sync 2 DAGs
[2025-02-24T20:15:41.689+0000] {logging_mixin.py:190} INFO - [2025-02-24T20:15:41.689+0000] {dag.py:4180} INFO - Setting next_dagrun for read_dataset_event to 2025-02-23 00:00:00+00:00, run_after=2025-02-24 00:00:00+00:00
[2025-02-24T20:15:41.697+0000] {logging_mixin.py:190} INFO - [2025-02-24T20:15:41.697+0000] {dag.py:4180} INFO - Setting next_dagrun for read_dataset_event_from_classic to 2025-02-23 00:00:00+00:00, run_after=2025-02-24 00:00:00+00:00
[2025-02-24T20:15:41.729+0000] {processor.py:208} INFO - Processing /home/airflow/.local/lib/python3.12/site-packages/airflow/example_dags/example_inlet_event_extra.py took 1.032 seconds
[2025-02-24T20:16:12.177+0000] {processor.py:186} INFO - Started process (PID=1987) to work on /home/airflow/.local/lib/python3.12/site-packages/airflow/example_dags/example_inlet_event_extra.py
[2025-02-24T20:16:12.179+0000] {processor.py:914} INFO - Processing file /home/airflow/.local/lib/python3.12/site-packages/airflow/example_dags/example_inlet_event_extra.py for tasks to queue
[2025-02-24T20:16:12.182+0000] {logging_mixin.py:190} INFO - [2025-02-24T20:16:12.182+0000] {dagbag.py:588} INFO - Filling up the DagBag from /home/airflow/.local/lib/python3.12/site-packages/airflow/example_dags/example_inlet_event_extra.py
[2025-02-24T20:16:13.224+0000] {processor.py:925} INFO - DAG(s) 'read_dataset_event', 'read_dataset_event_from_classic' retrieved from /home/airflow/.local/lib/python3.12/site-packages/airflow/example_dags/example_inlet_event_extra.py
[2025-02-24T20:16:13.263+0000] {logging_mixin.py:190} INFO - [2025-02-24T20:16:13.262+0000] {dag.py:3239} INFO - Sync 2 DAGs
[2025-02-24T20:16:13.346+0000] {logging_mixin.py:190} INFO - [2025-02-24T20:16:13.346+0000] {dag.py:4180} INFO - Setting next_dagrun for read_dataset_event to 2025-02-23 00:00:00+00:00, run_after=2025-02-24 00:00:00+00:00
[2025-02-24T20:16:13.376+0000] {logging_mixin.py:190} INFO - [2025-02-24T20:16:13.375+0000] {dag.py:4180} INFO - Setting next_dagrun for read_dataset_event_from_classic to 2025-02-23 00:00:00+00:00, run_after=2025-02-24 00:00:00+00:00
[2025-02-24T20:16:13.418+0000] {processor.py:208} INFO - Processing /home/airflow/.local/lib/python3.12/site-packages/airflow/example_dags/example_inlet_event_extra.py took 1.250 seconds
[2025-02-24T20:16:43.913+0000] {processor.py:186} INFO - Started process (PID=2050) to work on /home/airflow/.local/lib/python3.12/site-packages/airflow/example_dags/example_inlet_event_extra.py
[2025-02-24T20:16:43.914+0000] {processor.py:914} INFO - Processing file /home/airflow/.local/lib/python3.12/site-packages/airflow/example_dags/example_inlet_event_extra.py for tasks to queue
[2025-02-24T20:16:43.918+0000] {logging_mixin.py:190} INFO - [2025-02-24T20:16:43.917+0000] {dagbag.py:588} INFO - Filling up the DagBag from /home/airflow/.local/lib/python3.12/site-packages/airflow/example_dags/example_inlet_event_extra.py
[2025-02-24T20:16:45.070+0000] {processor.py:925} INFO - DAG(s) 'read_dataset_event_from_classic', 'read_dataset_event' retrieved from /home/airflow/.local/lib/python3.12/site-packages/airflow/example_dags/example_inlet_event_extra.py
[2025-02-24T20:16:45.104+0000] {logging_mixin.py:190} INFO - [2025-02-24T20:16:45.104+0000] {dag.py:3239} INFO - Sync 2 DAGs
[2025-02-24T20:16:45.150+0000] {logging_mixin.py:190} INFO - [2025-02-24T20:16:45.150+0000] {dag.py:4180} INFO - Setting next_dagrun for read_dataset_event to 2025-02-23 00:00:00+00:00, run_after=2025-02-24 00:00:00+00:00
[2025-02-24T20:16:45.160+0000] {logging_mixin.py:190} INFO - [2025-02-24T20:16:45.159+0000] {dag.py:4180} INFO - Setting next_dagrun for read_dataset_event_from_classic to 2025-02-23 00:00:00+00:00, run_after=2025-02-24 00:00:00+00:00
[2025-02-24T20:16:45.207+0000] {processor.py:208} INFO - Processing /home/airflow/.local/lib/python3.12/site-packages/airflow/example_dags/example_inlet_event_extra.py took 1.304 seconds
[2025-02-24T20:17:15.424+0000] {processor.py:186} INFO - Started process (PID=2113) to work on /home/airflow/.local/lib/python3.12/site-packages/airflow/example_dags/example_inlet_event_extra.py
[2025-02-24T20:17:15.429+0000] {processor.py:914} INFO - Processing file /home/airflow/.local/lib/python3.12/site-packages/airflow/example_dags/example_inlet_event_extra.py for tasks to queue
[2025-02-24T20:17:15.434+0000] {logging_mixin.py:190} INFO - [2025-02-24T20:17:15.434+0000] {dagbag.py:588} INFO - Filling up the DagBag from /home/airflow/.local/lib/python3.12/site-packages/airflow/example_dags/example_inlet_event_extra.py
[2025-02-24T20:17:16.460+0000] {processor.py:925} INFO - DAG(s) 'read_dataset_event', 'read_dataset_event_from_classic' retrieved from /home/airflow/.local/lib/python3.12/site-packages/airflow/example_dags/example_inlet_event_extra.py
[2025-02-24T20:17:16.497+0000] {logging_mixin.py:190} INFO - [2025-02-24T20:17:16.496+0000] {dag.py:3239} INFO - Sync 2 DAGs
[2025-02-24T20:17:16.544+0000] {logging_mixin.py:190} INFO - [2025-02-24T20:17:16.544+0000] {dag.py:4180} INFO - Setting next_dagrun for read_dataset_event to 2025-02-23 00:00:00+00:00, run_after=2025-02-24 00:00:00+00:00
[2025-02-24T20:17:16.554+0000] {logging_mixin.py:190} INFO - [2025-02-24T20:17:16.553+0000] {dag.py:4180} INFO - Setting next_dagrun for read_dataset_event_from_classic to 2025-02-23 00:00:00+00:00, run_after=2025-02-24 00:00:00+00:00
[2025-02-24T20:17:16.580+0000] {processor.py:208} INFO - Processing /home/airflow/.local/lib/python3.12/site-packages/airflow/example_dags/example_inlet_event_extra.py took 1.169 seconds
[2025-02-24T20:17:46.659+0000] {processor.py:186} INFO - Started process (PID=2176) to work on /home/airflow/.local/lib/python3.12/site-packages/airflow/example_dags/example_inlet_event_extra.py
[2025-02-24T20:17:46.661+0000] {processor.py:914} INFO - Processing file /home/airflow/.local/lib/python3.12/site-packages/airflow/example_dags/example_inlet_event_extra.py for tasks to queue
[2025-02-24T20:17:46.666+0000] {logging_mixin.py:190} INFO - [2025-02-24T20:17:46.665+0000] {dagbag.py:588} INFO - Filling up the DagBag from /home/airflow/.local/lib/python3.12/site-packages/airflow/example_dags/example_inlet_event_extra.py
[2025-02-24T20:17:47.597+0000] {processor.py:925} INFO - DAG(s) 'read_dataset_event', 'read_dataset_event_from_classic' retrieved from /home/airflow/.local/lib/python3.12/site-packages/airflow/example_dags/example_inlet_event_extra.py
[2025-02-24T20:17:47.637+0000] {logging_mixin.py:190} INFO - [2025-02-24T20:17:47.636+0000] {dag.py:3239} INFO - Sync 2 DAGs
[2025-02-24T20:17:47.695+0000] {logging_mixin.py:190} INFO - [2025-02-24T20:17:47.694+0000] {dag.py:4180} INFO - Setting next_dagrun for read_dataset_event to 2025-02-23 00:00:00+00:00, run_after=2025-02-24 00:00:00+00:00
[2025-02-24T20:17:47.718+0000] {logging_mixin.py:190} INFO - [2025-02-24T20:17:47.717+0000] {dag.py:4180} INFO - Setting next_dagrun for read_dataset_event_from_classic to 2025-02-23 00:00:00+00:00, run_after=2025-02-24 00:00:00+00:00
[2025-02-24T20:17:47.777+0000] {processor.py:208} INFO - Processing /home/airflow/.local/lib/python3.12/site-packages/airflow/example_dags/example_inlet_event_extra.py took 1.132 seconds
[2025-02-24T20:18:17.909+0000] {processor.py:186} INFO - Started process (PID=2239) to work on /home/airflow/.local/lib/python3.12/site-packages/airflow/example_dags/example_inlet_event_extra.py
[2025-02-24T20:18:17.910+0000] {processor.py:914} INFO - Processing file /home/airflow/.local/lib/python3.12/site-packages/airflow/example_dags/example_inlet_event_extra.py for tasks to queue
[2025-02-24T20:18:17.913+0000] {logging_mixin.py:190} INFO - [2025-02-24T20:18:17.912+0000] {dagbag.py:588} INFO - Filling up the DagBag from /home/airflow/.local/lib/python3.12/site-packages/airflow/example_dags/example_inlet_event_extra.py
[2025-02-24T20:18:18.826+0000] {processor.py:925} INFO - DAG(s) 'read_dataset_event_from_classic', 'read_dataset_event' retrieved from /home/airflow/.local/lib/python3.12/site-packages/airflow/example_dags/example_inlet_event_extra.py
[2025-02-24T20:18:18.863+0000] {logging_mixin.py:190} INFO - [2025-02-24T20:18:18.863+0000] {dag.py:3239} INFO - Sync 2 DAGs
[2025-02-24T20:18:18.902+0000] {logging_mixin.py:190} INFO - [2025-02-24T20:18:18.902+0000] {dag.py:4180} INFO - Setting next_dagrun for read_dataset_event to 2025-02-23 00:00:00+00:00, run_after=2025-02-24 00:00:00+00:00
[2025-02-24T20:18:18.910+0000] {logging_mixin.py:190} INFO - [2025-02-24T20:18:18.910+0000] {dag.py:4180} INFO - Setting next_dagrun for read_dataset_event_from_classic to 2025-02-23 00:00:00+00:00, run_after=2025-02-24 00:00:00+00:00
[2025-02-24T20:18:18.942+0000] {processor.py:208} INFO - Processing /home/airflow/.local/lib/python3.12/site-packages/airflow/example_dags/example_inlet_event_extra.py took 1.040 seconds
[2025-02-24T20:18:49.897+0000] {processor.py:186} INFO - Started process (PID=2303) to work on /home/airflow/.local/lib/python3.12/site-packages/airflow/example_dags/example_inlet_event_extra.py
[2025-02-24T20:18:49.898+0000] {processor.py:914} INFO - Processing file /home/airflow/.local/lib/python3.12/site-packages/airflow/example_dags/example_inlet_event_extra.py for tasks to queue
[2025-02-24T20:18:49.901+0000] {logging_mixin.py:190} INFO - [2025-02-24T20:18:49.901+0000] {dagbag.py:588} INFO - Filling up the DagBag from /home/airflow/.local/lib/python3.12/site-packages/airflow/example_dags/example_inlet_event_extra.py
[2025-02-24T20:18:50.645+0000] {processor.py:925} INFO - DAG(s) 'read_dataset_event_from_classic', 'read_dataset_event' retrieved from /home/airflow/.local/lib/python3.12/site-packages/airflow/example_dags/example_inlet_event_extra.py
[2025-02-24T20:18:50.676+0000] {logging_mixin.py:190} INFO - [2025-02-24T20:18:50.676+0000] {dag.py:3239} INFO - Sync 2 DAGs
[2025-02-24T20:18:50.717+0000] {logging_mixin.py:190} INFO - [2025-02-24T20:18:50.717+0000] {dag.py:4180} INFO - Setting next_dagrun for read_dataset_event to 2025-02-23 00:00:00+00:00, run_after=2025-02-24 00:00:00+00:00
[2025-02-24T20:18:50.725+0000] {logging_mixin.py:190} INFO - [2025-02-24T20:18:50.724+0000] {dag.py:4180} INFO - Setting next_dagrun for read_dataset_event_from_classic to 2025-02-23 00:00:00+00:00, run_after=2025-02-24 00:00:00+00:00
[2025-02-24T20:18:50.772+0000] {processor.py:208} INFO - Processing /home/airflow/.local/lib/python3.12/site-packages/airflow/example_dags/example_inlet_event_extra.py took 0.881 seconds
[2025-02-24T20:19:20.927+0000] {processor.py:186} INFO - Started process (PID=2366) to work on /home/airflow/.local/lib/python3.12/site-packages/airflow/example_dags/example_inlet_event_extra.py
[2025-02-24T20:19:20.928+0000] {processor.py:914} INFO - Processing file /home/airflow/.local/lib/python3.12/site-packages/airflow/example_dags/example_inlet_event_extra.py for tasks to queue
[2025-02-24T20:19:20.930+0000] {logging_mixin.py:190} INFO - [2025-02-24T20:19:20.930+0000] {dagbag.py:588} INFO - Filling up the DagBag from /home/airflow/.local/lib/python3.12/site-packages/airflow/example_dags/example_inlet_event_extra.py
[2025-02-24T20:19:21.511+0000] {processor.py:925} INFO - DAG(s) 'read_dataset_event_from_classic', 'read_dataset_event' retrieved from /home/airflow/.local/lib/python3.12/site-packages/airflow/example_dags/example_inlet_event_extra.py
[2025-02-24T20:19:21.536+0000] {logging_mixin.py:190} INFO - [2025-02-24T20:19:21.535+0000] {dag.py:3239} INFO - Sync 2 DAGs
[2025-02-24T20:19:21.568+0000] {logging_mixin.py:190} INFO - [2025-02-24T20:19:21.568+0000] {dag.py:4180} INFO - Setting next_dagrun for read_dataset_event to 2025-02-23 00:00:00+00:00, run_after=2025-02-24 00:00:00+00:00
[2025-02-24T20:19:21.575+0000] {logging_mixin.py:190} INFO - [2025-02-24T20:19:21.575+0000] {dag.py:4180} INFO - Setting next_dagrun for read_dataset_event_from_classic to 2025-02-23 00:00:00+00:00, run_after=2025-02-24 00:00:00+00:00
[2025-02-24T20:19:21.594+0000] {processor.py:208} INFO - Processing /home/airflow/.local/lib/python3.12/site-packages/airflow/example_dags/example_inlet_event_extra.py took 0.673 seconds
[2025-02-24T21:46:31.142+0000] {processor.py:186} INFO - Started process (PID=294) to work on /home/airflow/.local/lib/python3.12/site-packages/airflow/example_dags/example_inlet_event_extra.py
[2025-02-24T21:46:31.149+0000] {processor.py:914} INFO - Processing file /home/airflow/.local/lib/python3.12/site-packages/airflow/example_dags/example_inlet_event_extra.py for tasks to queue
[2025-02-24T21:46:31.158+0000] {logging_mixin.py:190} INFO - [2025-02-24T21:46:31.157+0000] {dagbag.py:588} INFO - Filling up the DagBag from /home/airflow/.local/lib/python3.12/site-packages/airflow/example_dags/example_inlet_event_extra.py
