[2025-02-24T20:00:50.960+0000] {processor.py:186} INFO - Started process (PID=108) to work on /home/airflow/.local/lib/python3.12/site-packages/airflow/example_dags/example_setup_teardown.py
[2025-02-24T20:00:50.962+0000] {processor.py:914} INFO - Processing file /home/airflow/.local/lib/python3.12/site-packages/airflow/example_dags/example_setup_teardown.py for tasks to queue
[2025-02-24T20:00:50.966+0000] {logging_mixin.py:190} INFO - [2025-02-24T20:00:50.966+0000] {dagbag.py:588} INFO - Filling up the DagBag from /home/airflow/.local/lib/python3.12/site-packages/airflow/example_dags/example_setup_teardown.py
[2025-02-24T20:00:50.986+0000] {processor.py:925} INFO - DAG(s) 'example_setup_teardown' retrieved from /home/airflow/.local/lib/python3.12/site-packages/airflow/example_dags/example_setup_teardown.py
[2025-02-24T20:00:51.376+0000] {logging_mixin.py:190} INFO - [2025-02-24T20:00:51.375+0000] {override.py:1912} INFO - Created Permission View: can edit on DAG:example_setup_teardown
[2025-02-24T20:00:51.396+0000] {logging_mixin.py:190} INFO - [2025-02-24T20:00:51.395+0000] {override.py:1912} INFO - Created Permission View: can delete on DAG:example_setup_teardown
[2025-02-24T20:00:51.412+0000] {logging_mixin.py:190} INFO - [2025-02-24T20:00:51.411+0000] {override.py:1912} INFO - Created Permission View: can read on DAG:example_setup_teardown
[2025-02-24T20:00:51.427+0000] {logging_mixin.py:190} INFO - [2025-02-24T20:00:51.427+0000] {override.py:1912} INFO - Created Permission View: can delete on DAG Run:example_setup_teardown
[2025-02-24T20:00:51.443+0000] {logging_mixin.py:190} INFO - [2025-02-24T20:00:51.443+0000] {override.py:1912} INFO - Created Permission View: can create on DAG Run:example_setup_teardown
[2025-02-24T20:00:51.458+0000] {logging_mixin.py:190} INFO - [2025-02-24T20:00:51.457+0000] {override.py:1912} INFO - Created Permission View: menu access on DAG Run:example_setup_teardown
[2025-02-24T20:00:51.473+0000] {logging_mixin.py:190} INFO - [2025-02-24T20:00:51.472+0000] {override.py:1912} INFO - Created Permission View: can read on DAG Run:example_setup_teardown
[2025-02-24T20:00:51.475+0000] {logging_mixin.py:190} INFO - [2025-02-24T20:00:51.474+0000] {dag.py:3239} INFO - Sync 1 DAGs
[2025-02-24T20:00:51.521+0000] {logging_mixin.py:190} INFO - [2025-02-24T20:00:51.520+0000] {dag.py:3262} INFO - Creating ORM DAG for example_setup_teardown
[2025-02-24T20:00:51.526+0000] {logging_mixin.py:190} INFO - [2025-02-24T20:00:51.525+0000] {dag.py:4180} INFO - Setting next_dagrun for example_setup_teardown to None, run_after=None
[2025-02-24T20:00:51.582+0000] {processor.py:208} INFO - Processing /home/airflow/.local/lib/python3.12/site-packages/airflow/example_dags/example_setup_teardown.py took 0.636 seconds
[2025-02-24T20:01:22.002+0000] {processor.py:186} INFO - Started process (PID=171) to work on /home/airflow/.local/lib/python3.12/site-packages/airflow/example_dags/example_setup_teardown.py
[2025-02-24T20:01:22.004+0000] {processor.py:914} INFO - Processing file /home/airflow/.local/lib/python3.12/site-packages/airflow/example_dags/example_setup_teardown.py for tasks to queue
[2025-02-24T20:01:22.008+0000] {logging_mixin.py:190} INFO - [2025-02-24T20:01:22.007+0000] {dagbag.py:588} INFO - Filling up the DagBag from /home/airflow/.local/lib/python3.12/site-packages/airflow/example_dags/example_setup_teardown.py
[2025-02-24T20:01:22.023+0000] {processor.py:925} INFO - DAG(s) 'example_setup_teardown' retrieved from /home/airflow/.local/lib/python3.12/site-packages/airflow/example_dags/example_setup_teardown.py
[2025-02-24T20:01:22.054+0000] {logging_mixin.py:190} INFO - [2025-02-24T20:01:22.054+0000] {dag.py:3239} INFO - Sync 1 DAGs
[2025-02-24T20:01:22.074+0000] {logging_mixin.py:190} INFO - [2025-02-24T20:01:22.074+0000] {dag.py:4180} INFO - Setting next_dagrun for example_setup_teardown to None, run_after=None
[2025-02-24T20:01:22.096+0000] {processor.py:208} INFO - Processing /home/airflow/.local/lib/python3.12/site-packages/airflow/example_dags/example_setup_teardown.py took 0.104 seconds
[2025-02-24T20:01:52.170+0000] {processor.py:186} INFO - Started process (PID=233) to work on /home/airflow/.local/lib/python3.12/site-packages/airflow/example_dags/example_setup_teardown.py
[2025-02-24T20:01:52.172+0000] {processor.py:914} INFO - Processing file /home/airflow/.local/lib/python3.12/site-packages/airflow/example_dags/example_setup_teardown.py for tasks to queue
[2025-02-24T20:01:52.175+0000] {logging_mixin.py:190} INFO - [2025-02-24T20:01:52.174+0000] {dagbag.py:588} INFO - Filling up the DagBag from /home/airflow/.local/lib/python3.12/site-packages/airflow/example_dags/example_setup_teardown.py
[2025-02-24T20:01:52.184+0000] {processor.py:925} INFO - DAG(s) 'example_setup_teardown' retrieved from /home/airflow/.local/lib/python3.12/site-packages/airflow/example_dags/example_setup_teardown.py
[2025-02-24T20:01:52.208+0000] {logging_mixin.py:190} INFO - [2025-02-24T20:01:52.208+0000] {dag.py:3239} INFO - Sync 1 DAGs
[2025-02-24T20:01:52.227+0000] {logging_mixin.py:190} INFO - [2025-02-24T20:01:52.227+0000] {dag.py:4180} INFO - Setting next_dagrun for example_setup_teardown to None, run_after=None
[2025-02-24T20:01:52.249+0000] {processor.py:208} INFO - Processing /home/airflow/.local/lib/python3.12/site-packages/airflow/example_dags/example_setup_teardown.py took 0.085 seconds
[2025-02-24T20:02:24.597+0000] {processor.py:186} INFO - Started process (PID=296) to work on /home/airflow/.local/lib/python3.12/site-packages/airflow/example_dags/example_setup_teardown.py
[2025-02-24T20:02:24.599+0000] {processor.py:914} INFO - Processing file /home/airflow/.local/lib/python3.12/site-packages/airflow/example_dags/example_setup_teardown.py for tasks to queue
[2025-02-24T20:02:24.603+0000] {logging_mixin.py:190} INFO - [2025-02-24T20:02:24.602+0000] {dagbag.py:588} INFO - Filling up the DagBag from /home/airflow/.local/lib/python3.12/site-packages/airflow/example_dags/example_setup_teardown.py
[2025-02-24T20:02:24.621+0000] {processor.py:925} INFO - DAG(s) 'example_setup_teardown' retrieved from /home/airflow/.local/lib/python3.12/site-packages/airflow/example_dags/example_setup_teardown.py
[2025-02-24T20:02:24.667+0000] {logging_mixin.py:190} INFO - [2025-02-24T20:02:24.666+0000] {dag.py:3239} INFO - Sync 1 DAGs
[2025-02-24T20:02:24.695+0000] {logging_mixin.py:190} INFO - [2025-02-24T20:02:24.694+0000] {dag.py:4180} INFO - Setting next_dagrun for example_setup_teardown to None, run_after=None
[2025-02-24T20:02:24.729+0000] {processor.py:208} INFO - Processing /home/airflow/.local/lib/python3.12/site-packages/airflow/example_dags/example_setup_teardown.py took 0.140 seconds
[2025-02-24T20:02:55.133+0000] {processor.py:186} INFO - Started process (PID=359) to work on /home/airflow/.local/lib/python3.12/site-packages/airflow/example_dags/example_setup_teardown.py
[2025-02-24T20:02:55.134+0000] {processor.py:914} INFO - Processing file /home/airflow/.local/lib/python3.12/site-packages/airflow/example_dags/example_setup_teardown.py for tasks to queue
[2025-02-24T20:02:55.138+0000] {logging_mixin.py:190} INFO - [2025-02-24T20:02:55.138+0000] {dagbag.py:588} INFO - Filling up the DagBag from /home/airflow/.local/lib/python3.12/site-packages/airflow/example_dags/example_setup_teardown.py
[2025-02-24T20:02:55.155+0000] {processor.py:925} INFO - DAG(s) 'example_setup_teardown' retrieved from /home/airflow/.local/lib/python3.12/site-packages/airflow/example_dags/example_setup_teardown.py
[2025-02-24T20:02:55.179+0000] {logging_mixin.py:190} INFO - [2025-02-24T20:02:55.179+0000] {dag.py:3239} INFO - Sync 1 DAGs
[2025-02-24T20:02:55.195+0000] {logging_mixin.py:190} INFO - [2025-02-24T20:02:55.195+0000] {dag.py:4180} INFO - Setting next_dagrun for example_setup_teardown to None, run_after=None
[2025-02-24T20:02:55.214+0000] {processor.py:208} INFO - Processing /home/airflow/.local/lib/python3.12/site-packages/airflow/example_dags/example_setup_teardown.py took 0.090 seconds
[2025-02-24T20:03:25.954+0000] {processor.py:186} INFO - Started process (PID=421) to work on /home/airflow/.local/lib/python3.12/site-packages/airflow/example_dags/example_setup_teardown.py
[2025-02-24T20:03:25.955+0000] {processor.py:914} INFO - Processing file /home/airflow/.local/lib/python3.12/site-packages/airflow/example_dags/example_setup_teardown.py for tasks to queue
[2025-02-24T20:03:25.957+0000] {logging_mixin.py:190} INFO - [2025-02-24T20:03:25.957+0000] {dagbag.py:588} INFO - Filling up the DagBag from /home/airflow/.local/lib/python3.12/site-packages/airflow/example_dags/example_setup_teardown.py
[2025-02-24T20:03:25.967+0000] {processor.py:925} INFO - DAG(s) 'example_setup_teardown' retrieved from /home/airflow/.local/lib/python3.12/site-packages/airflow/example_dags/example_setup_teardown.py
[2025-02-24T20:03:25.987+0000] {logging_mixin.py:190} INFO - [2025-02-24T20:03:25.987+0000] {dag.py:3239} INFO - Sync 1 DAGs
[2025-02-24T20:03:26.003+0000] {logging_mixin.py:190} INFO - [2025-02-24T20:03:26.003+0000] {dag.py:4180} INFO - Setting next_dagrun for example_setup_teardown to None, run_after=None
[2025-02-24T20:03:26.027+0000] {processor.py:208} INFO - Processing /home/airflow/.local/lib/python3.12/site-packages/airflow/example_dags/example_setup_teardown.py took 0.079 seconds
[2025-02-24T20:03:57.489+0000] {processor.py:186} INFO - Started process (PID=485) to work on /home/airflow/.local/lib/python3.12/site-packages/airflow/example_dags/example_setup_teardown.py
[2025-02-24T20:03:57.490+0000] {processor.py:914} INFO - Processing file /home/airflow/.local/lib/python3.12/site-packages/airflow/example_dags/example_setup_teardown.py for tasks to queue
[2025-02-24T20:03:57.493+0000] {logging_mixin.py:190} INFO - [2025-02-24T20:03:57.492+0000] {dagbag.py:588} INFO - Filling up the DagBag from /home/airflow/.local/lib/python3.12/site-packages/airflow/example_dags/example_setup_teardown.py
[2025-02-24T20:03:57.504+0000] {processor.py:925} INFO - DAG(s) 'example_setup_teardown' retrieved from /home/airflow/.local/lib/python3.12/site-packages/airflow/example_dags/example_setup_teardown.py
[2025-02-24T20:03:57.526+0000] {logging_mixin.py:190} INFO - [2025-02-24T20:03:57.526+0000] {dag.py:3239} INFO - Sync 1 DAGs
[2025-02-24T20:03:57.548+0000] {logging_mixin.py:190} INFO - [2025-02-24T20:03:57.548+0000] {dag.py:4180} INFO - Setting next_dagrun for example_setup_teardown to None, run_after=None
[2025-02-24T20:03:57.572+0000] {processor.py:208} INFO - Processing /home/airflow/.local/lib/python3.12/site-packages/airflow/example_dags/example_setup_teardown.py took 0.089 seconds
[2025-02-24T20:04:28.639+0000] {processor.py:186} INFO - Started process (PID=548) to work on /home/airflow/.local/lib/python3.12/site-packages/airflow/example_dags/example_setup_teardown.py
[2025-02-24T20:04:28.640+0000] {processor.py:914} INFO - Processing file /home/airflow/.local/lib/python3.12/site-packages/airflow/example_dags/example_setup_teardown.py for tasks to queue
[2025-02-24T20:04:28.642+0000] {logging_mixin.py:190} INFO - [2025-02-24T20:04:28.641+0000] {dagbag.py:588} INFO - Filling up the DagBag from /home/airflow/.local/lib/python3.12/site-packages/airflow/example_dags/example_setup_teardown.py
[2025-02-24T20:04:28.649+0000] {processor.py:925} INFO - DAG(s) 'example_setup_teardown' retrieved from /home/airflow/.local/lib/python3.12/site-packages/airflow/example_dags/example_setup_teardown.py
[2025-02-24T20:04:28.669+0000] {logging_mixin.py:190} INFO - [2025-02-24T20:04:28.668+0000] {dag.py:3239} INFO - Sync 1 DAGs
[2025-02-24T20:04:28.682+0000] {logging_mixin.py:190} INFO - [2025-02-24T20:04:28.682+0000] {dag.py:4180} INFO - Setting next_dagrun for example_setup_teardown to None, run_after=None
[2025-02-24T20:04:28.717+0000] {processor.py:208} INFO - Processing /home/airflow/.local/lib/python3.12/site-packages/airflow/example_dags/example_setup_teardown.py took 0.083 seconds
[2025-02-24T20:04:59.954+0000] {processor.py:186} INFO - Started process (PID=611) to work on /home/airflow/.local/lib/python3.12/site-packages/airflow/example_dags/example_setup_teardown.py
[2025-02-24T20:04:59.955+0000] {processor.py:914} INFO - Processing file /home/airflow/.local/lib/python3.12/site-packages/airflow/example_dags/example_setup_teardown.py for tasks to queue
[2025-02-24T20:04:59.958+0000] {logging_mixin.py:190} INFO - [2025-02-24T20:04:59.957+0000] {dagbag.py:588} INFO - Filling up the DagBag from /home/airflow/.local/lib/python3.12/site-packages/airflow/example_dags/example_setup_teardown.py
[2025-02-24T20:04:59.966+0000] {processor.py:925} INFO - DAG(s) 'example_setup_teardown' retrieved from /home/airflow/.local/lib/python3.12/site-packages/airflow/example_dags/example_setup_teardown.py
[2025-02-24T20:04:59.986+0000] {logging_mixin.py:190} INFO - [2025-02-24T20:04:59.986+0000] {dag.py:3239} INFO - Sync 1 DAGs
[2025-02-24T20:05:00.000+0000] {logging_mixin.py:190} INFO - [2025-02-24T20:05:00.000+0000] {dag.py:4180} INFO - Setting next_dagrun for example_setup_teardown to None, run_after=None
[2025-02-24T20:05:00.027+0000] {processor.py:208} INFO - Processing /home/airflow/.local/lib/python3.12/site-packages/airflow/example_dags/example_setup_teardown.py took 0.079 seconds
[2025-02-24T20:05:32.402+0000] {processor.py:186} INFO - Started process (PID=673) to work on /home/airflow/.local/lib/python3.12/site-packages/airflow/example_dags/example_setup_teardown.py
[2025-02-24T20:05:32.403+0000] {processor.py:914} INFO - Processing file /home/airflow/.local/lib/python3.12/site-packages/airflow/example_dags/example_setup_teardown.py for tasks to queue
[2025-02-24T20:05:32.405+0000] {logging_mixin.py:190} INFO - [2025-02-24T20:05:32.405+0000] {dagbag.py:588} INFO - Filling up the DagBag from /home/airflow/.local/lib/python3.12/site-packages/airflow/example_dags/example_setup_teardown.py
[2025-02-24T20:05:32.413+0000] {processor.py:925} INFO - DAG(s) 'example_setup_teardown' retrieved from /home/airflow/.local/lib/python3.12/site-packages/airflow/example_dags/example_setup_teardown.py
[2025-02-24T20:05:32.432+0000] {logging_mixin.py:190} INFO - [2025-02-24T20:05:32.432+0000] {dag.py:3239} INFO - Sync 1 DAGs
[2025-02-24T20:05:32.446+0000] {logging_mixin.py:190} INFO - [2025-02-24T20:05:32.446+0000] {dag.py:4180} INFO - Setting next_dagrun for example_setup_teardown to None, run_after=None
[2025-02-24T20:05:32.465+0000] {processor.py:208} INFO - Processing /home/airflow/.local/lib/python3.12/site-packages/airflow/example_dags/example_setup_teardown.py took 0.069 seconds
[2025-02-24T20:06:03.993+0000] {processor.py:186} INFO - Started process (PID=736) to work on /home/airflow/.local/lib/python3.12/site-packages/airflow/example_dags/example_setup_teardown.py
[2025-02-24T20:06:03.994+0000] {processor.py:914} INFO - Processing file /home/airflow/.local/lib/python3.12/site-packages/airflow/example_dags/example_setup_teardown.py for tasks to queue
[2025-02-24T20:06:03.997+0000] {logging_mixin.py:190} INFO - [2025-02-24T20:06:03.997+0000] {dagbag.py:588} INFO - Filling up the DagBag from /home/airflow/.local/lib/python3.12/site-packages/airflow/example_dags/example_setup_teardown.py
[2025-02-24T20:06:04.007+0000] {processor.py:925} INFO - DAG(s) 'example_setup_teardown' retrieved from /home/airflow/.local/lib/python3.12/site-packages/airflow/example_dags/example_setup_teardown.py
[2025-02-24T20:06:04.027+0000] {logging_mixin.py:190} INFO - [2025-02-24T20:06:04.027+0000] {dag.py:3239} INFO - Sync 1 DAGs
[2025-02-24T20:06:04.042+0000] {logging_mixin.py:190} INFO - [2025-02-24T20:06:04.042+0000] {dag.py:4180} INFO - Setting next_dagrun for example_setup_teardown to None, run_after=None
[2025-02-24T20:06:04.063+0000] {processor.py:208} INFO - Processing /home/airflow/.local/lib/python3.12/site-packages/airflow/example_dags/example_setup_teardown.py took 0.076 seconds
[2025-02-24T20:06:35.271+0000] {processor.py:186} INFO - Started process (PID=799) to work on /home/airflow/.local/lib/python3.12/site-packages/airflow/example_dags/example_setup_teardown.py
[2025-02-24T20:06:35.272+0000] {processor.py:914} INFO - Processing file /home/airflow/.local/lib/python3.12/site-packages/airflow/example_dags/example_setup_teardown.py for tasks to queue
[2025-02-24T20:06:35.275+0000] {logging_mixin.py:190} INFO - [2025-02-24T20:06:35.275+0000] {dagbag.py:588} INFO - Filling up the DagBag from /home/airflow/.local/lib/python3.12/site-packages/airflow/example_dags/example_setup_teardown.py
[2025-02-24T20:06:35.285+0000] {processor.py:925} INFO - DAG(s) 'example_setup_teardown' retrieved from /home/airflow/.local/lib/python3.12/site-packages/airflow/example_dags/example_setup_teardown.py
[2025-02-24T20:06:35.308+0000] {logging_mixin.py:190} INFO - [2025-02-24T20:06:35.308+0000] {dag.py:3239} INFO - Sync 1 DAGs
[2025-02-24T20:06:35.328+0000] {logging_mixin.py:190} INFO - [2025-02-24T20:06:35.327+0000] {dag.py:4180} INFO - Setting next_dagrun for example_setup_teardown to None, run_after=None
[2025-02-24T20:06:35.349+0000] {processor.py:208} INFO - Processing /home/airflow/.local/lib/python3.12/site-packages/airflow/example_dags/example_setup_teardown.py took 0.085 seconds
[2025-02-24T20:07:06.594+0000] {processor.py:186} INFO - Started process (PID=863) to work on /home/airflow/.local/lib/python3.12/site-packages/airflow/example_dags/example_setup_teardown.py
[2025-02-24T20:07:06.595+0000] {processor.py:914} INFO - Processing file /home/airflow/.local/lib/python3.12/site-packages/airflow/example_dags/example_setup_teardown.py for tasks to queue
[2025-02-24T20:07:06.598+0000] {logging_mixin.py:190} INFO - [2025-02-24T20:07:06.597+0000] {dagbag.py:588} INFO - Filling up the DagBag from /home/airflow/.local/lib/python3.12/site-packages/airflow/example_dags/example_setup_teardown.py
[2025-02-24T20:07:06.610+0000] {processor.py:925} INFO - DAG(s) 'example_setup_teardown' retrieved from /home/airflow/.local/lib/python3.12/site-packages/airflow/example_dags/example_setup_teardown.py
[2025-02-24T20:07:06.644+0000] {logging_mixin.py:190} INFO - [2025-02-24T20:07:06.643+0000] {dag.py:3239} INFO - Sync 1 DAGs
[2025-02-24T20:07:06.674+0000] {logging_mixin.py:190} INFO - [2025-02-24T20:07:06.674+0000] {dag.py:4180} INFO - Setting next_dagrun for example_setup_teardown to None, run_after=None
[2025-02-24T20:07:06.710+0000] {processor.py:208} INFO - Processing /home/airflow/.local/lib/python3.12/site-packages/airflow/example_dags/example_setup_teardown.py took 0.123 seconds
[2025-02-24T20:07:37.879+0000] {processor.py:186} INFO - Started process (PID=926) to work on /home/airflow/.local/lib/python3.12/site-packages/airflow/example_dags/example_setup_teardown.py
[2025-02-24T20:07:37.880+0000] {processor.py:914} INFO - Processing file /home/airflow/.local/lib/python3.12/site-packages/airflow/example_dags/example_setup_teardown.py for tasks to queue
[2025-02-24T20:07:37.882+0000] {logging_mixin.py:190} INFO - [2025-02-24T20:07:37.882+0000] {dagbag.py:588} INFO - Filling up the DagBag from /home/airflow/.local/lib/python3.12/site-packages/airflow/example_dags/example_setup_teardown.py
[2025-02-24T20:07:37.891+0000] {processor.py:925} INFO - DAG(s) 'example_setup_teardown' retrieved from /home/airflow/.local/lib/python3.12/site-packages/airflow/example_dags/example_setup_teardown.py
[2025-02-24T20:07:37.910+0000] {logging_mixin.py:190} INFO - [2025-02-24T20:07:37.910+0000] {dag.py:3239} INFO - Sync 1 DAGs
[2025-02-24T20:07:37.926+0000] {logging_mixin.py:190} INFO - [2025-02-24T20:07:37.926+0000] {dag.py:4180} INFO - Setting next_dagrun for example_setup_teardown to None, run_after=None
[2025-02-24T20:07:37.959+0000] {processor.py:208} INFO - Processing /home/airflow/.local/lib/python3.12/site-packages/airflow/example_dags/example_setup_teardown.py took 0.086 seconds
[2025-02-24T20:08:09.083+0000] {processor.py:186} INFO - Started process (PID=989) to work on /home/airflow/.local/lib/python3.12/site-packages/airflow/example_dags/example_setup_teardown.py
[2025-02-24T20:08:09.084+0000] {processor.py:914} INFO - Processing file /home/airflow/.local/lib/python3.12/site-packages/airflow/example_dags/example_setup_teardown.py for tasks to queue
[2025-02-24T20:08:09.088+0000] {logging_mixin.py:190} INFO - [2025-02-24T20:08:09.087+0000] {dagbag.py:588} INFO - Filling up the DagBag from /home/airflow/.local/lib/python3.12/site-packages/airflow/example_dags/example_setup_teardown.py
[2025-02-24T20:08:09.095+0000] {processor.py:925} INFO - DAG(s) 'example_setup_teardown' retrieved from /home/airflow/.local/lib/python3.12/site-packages/airflow/example_dags/example_setup_teardown.py
[2025-02-24T20:08:09.115+0000] {logging_mixin.py:190} INFO - [2025-02-24T20:08:09.115+0000] {dag.py:3239} INFO - Sync 1 DAGs
[2025-02-24T20:08:09.132+0000] {logging_mixin.py:190} INFO - [2025-02-24T20:08:09.132+0000] {dag.py:4180} INFO - Setting next_dagrun for example_setup_teardown to None, run_after=None
[2025-02-24T20:08:09.162+0000] {processor.py:208} INFO - Processing /home/airflow/.local/lib/python3.12/site-packages/airflow/example_dags/example_setup_teardown.py took 0.085 seconds
[2025-02-24T20:08:40.039+0000] {processor.py:186} INFO - Started process (PID=1051) to work on /home/airflow/.local/lib/python3.12/site-packages/airflow/example_dags/example_setup_teardown.py
[2025-02-24T20:08:40.041+0000] {processor.py:914} INFO - Processing file /home/airflow/.local/lib/python3.12/site-packages/airflow/example_dags/example_setup_teardown.py for tasks to queue
[2025-02-24T20:08:40.043+0000] {logging_mixin.py:190} INFO - [2025-02-24T20:08:40.043+0000] {dagbag.py:588} INFO - Filling up the DagBag from /home/airflow/.local/lib/python3.12/site-packages/airflow/example_dags/example_setup_teardown.py
[2025-02-24T20:08:40.054+0000] {processor.py:925} INFO - DAG(s) 'example_setup_teardown' retrieved from /home/airflow/.local/lib/python3.12/site-packages/airflow/example_dags/example_setup_teardown.py
[2025-02-24T20:08:40.099+0000] {logging_mixin.py:190} INFO - [2025-02-24T20:08:40.098+0000] {dag.py:3239} INFO - Sync 1 DAGs
[2025-02-24T20:08:40.131+0000] {logging_mixin.py:190} INFO - [2025-02-24T20:08:40.131+0000] {dag.py:4180} INFO - Setting next_dagrun for example_setup_teardown to None, run_after=None
[2025-02-24T20:08:40.168+0000] {processor.py:208} INFO - Processing /home/airflow/.local/lib/python3.12/site-packages/airflow/example_dags/example_setup_teardown.py took 0.136 seconds
[2025-02-24T20:09:11.122+0000] {processor.py:186} INFO - Started process (PID=1115) to work on /home/airflow/.local/lib/python3.12/site-packages/airflow/example_dags/example_setup_teardown.py
[2025-02-24T20:09:11.123+0000] {processor.py:914} INFO - Processing file /home/airflow/.local/lib/python3.12/site-packages/airflow/example_dags/example_setup_teardown.py for tasks to queue
[2025-02-24T20:09:11.126+0000] {logging_mixin.py:190} INFO - [2025-02-24T20:09:11.126+0000] {dagbag.py:588} INFO - Filling up the DagBag from /home/airflow/.local/lib/python3.12/site-packages/airflow/example_dags/example_setup_teardown.py
[2025-02-24T20:09:11.135+0000] {processor.py:925} INFO - DAG(s) 'example_setup_teardown' retrieved from /home/airflow/.local/lib/python3.12/site-packages/airflow/example_dags/example_setup_teardown.py
[2025-02-24T20:09:11.157+0000] {logging_mixin.py:190} INFO - [2025-02-24T20:09:11.157+0000] {dag.py:3239} INFO - Sync 1 DAGs
[2025-02-24T20:09:11.173+0000] {logging_mixin.py:190} INFO - [2025-02-24T20:09:11.172+0000] {dag.py:4180} INFO - Setting next_dagrun for example_setup_teardown to None, run_after=None
[2025-02-24T20:09:11.193+0000] {processor.py:208} INFO - Processing /home/airflow/.local/lib/python3.12/site-packages/airflow/example_dags/example_setup_teardown.py took 0.077 seconds
[2025-02-24T20:09:42.850+0000] {processor.py:186} INFO - Started process (PID=1182) to work on /home/airflow/.local/lib/python3.12/site-packages/airflow/example_dags/example_setup_teardown.py
[2025-02-24T20:09:42.851+0000] {processor.py:914} INFO - Processing file /home/airflow/.local/lib/python3.12/site-packages/airflow/example_dags/example_setup_teardown.py for tasks to queue
[2025-02-24T20:09:42.854+0000] {logging_mixin.py:190} INFO - [2025-02-24T20:09:42.853+0000] {dagbag.py:588} INFO - Filling up the DagBag from /home/airflow/.local/lib/python3.12/site-packages/airflow/example_dags/example_setup_teardown.py
[2025-02-24T20:09:42.865+0000] {processor.py:925} INFO - DAG(s) 'example_setup_teardown' retrieved from /home/airflow/.local/lib/python3.12/site-packages/airflow/example_dags/example_setup_teardown.py
[2025-02-24T20:09:42.903+0000] {logging_mixin.py:190} INFO - [2025-02-24T20:09:42.903+0000] {dag.py:3239} INFO - Sync 1 DAGs
[2025-02-24T20:09:42.923+0000] {logging_mixin.py:190} INFO - [2025-02-24T20:09:42.922+0000] {dag.py:4180} INFO - Setting next_dagrun for example_setup_teardown to None, run_after=None
[2025-02-24T20:09:42.942+0000] {processor.py:208} INFO - Processing /home/airflow/.local/lib/python3.12/site-packages/airflow/example_dags/example_setup_teardown.py took 0.097 seconds
[2025-02-24T20:10:14.012+0000] {processor.py:186} INFO - Started process (PID=1245) to work on /home/airflow/.local/lib/python3.12/site-packages/airflow/example_dags/example_setup_teardown.py
[2025-02-24T20:10:14.013+0000] {processor.py:914} INFO - Processing file /home/airflow/.local/lib/python3.12/site-packages/airflow/example_dags/example_setup_teardown.py for tasks to queue
[2025-02-24T20:10:14.016+0000] {logging_mixin.py:190} INFO - [2025-02-24T20:10:14.016+0000] {dagbag.py:588} INFO - Filling up the DagBag from /home/airflow/.local/lib/python3.12/site-packages/airflow/example_dags/example_setup_teardown.py
[2025-02-24T20:10:14.026+0000] {processor.py:925} INFO - DAG(s) 'example_setup_teardown' retrieved from /home/airflow/.local/lib/python3.12/site-packages/airflow/example_dags/example_setup_teardown.py
[2025-02-24T20:10:14.048+0000] {logging_mixin.py:190} INFO - [2025-02-24T20:10:14.048+0000] {dag.py:3239} INFO - Sync 1 DAGs
[2025-02-24T20:10:14.062+0000] {logging_mixin.py:190} INFO - [2025-02-24T20:10:14.062+0000] {dag.py:4180} INFO - Setting next_dagrun for example_setup_teardown to None, run_after=None
[2025-02-24T20:10:14.087+0000] {processor.py:208} INFO - Processing /home/airflow/.local/lib/python3.12/site-packages/airflow/example_dags/example_setup_teardown.py took 0.080 seconds
[2025-02-24T20:10:45.870+0000] {processor.py:186} INFO - Started process (PID=1314) to work on /home/airflow/.local/lib/python3.12/site-packages/airflow/example_dags/example_setup_teardown.py
[2025-02-24T20:10:45.871+0000] {processor.py:914} INFO - Processing file /home/airflow/.local/lib/python3.12/site-packages/airflow/example_dags/example_setup_teardown.py for tasks to queue
[2025-02-24T20:10:45.874+0000] {logging_mixin.py:190} INFO - [2025-02-24T20:10:45.874+0000] {dagbag.py:588} INFO - Filling up the DagBag from /home/airflow/.local/lib/python3.12/site-packages/airflow/example_dags/example_setup_teardown.py
[2025-02-24T20:10:45.882+0000] {processor.py:925} INFO - DAG(s) 'example_setup_teardown' retrieved from /home/airflow/.local/lib/python3.12/site-packages/airflow/example_dags/example_setup_teardown.py
[2025-02-24T20:10:45.901+0000] {logging_mixin.py:190} INFO - [2025-02-24T20:10:45.901+0000] {dag.py:3239} INFO - Sync 1 DAGs
[2025-02-24T20:10:45.922+0000] {logging_mixin.py:190} INFO - [2025-02-24T20:10:45.921+0000] {dag.py:4180} INFO - Setting next_dagrun for example_setup_teardown to None, run_after=None
[2025-02-24T20:10:45.955+0000] {processor.py:208} INFO - Processing /home/airflow/.local/lib/python3.12/site-packages/airflow/example_dags/example_setup_teardown.py took 0.090 seconds
[2025-02-24T20:11:17.350+0000] {processor.py:186} INFO - Started process (PID=1377) to work on /home/airflow/.local/lib/python3.12/site-packages/airflow/example_dags/example_setup_teardown.py
[2025-02-24T20:11:17.351+0000] {processor.py:914} INFO - Processing file /home/airflow/.local/lib/python3.12/site-packages/airflow/example_dags/example_setup_teardown.py for tasks to queue
[2025-02-24T20:11:17.354+0000] {logging_mixin.py:190} INFO - [2025-02-24T20:11:17.354+0000] {dagbag.py:588} INFO - Filling up the DagBag from /home/airflow/.local/lib/python3.12/site-packages/airflow/example_dags/example_setup_teardown.py
[2025-02-24T20:11:17.363+0000] {processor.py:925} INFO - DAG(s) 'example_setup_teardown' retrieved from /home/airflow/.local/lib/python3.12/site-packages/airflow/example_dags/example_setup_teardown.py
[2025-02-24T20:11:17.382+0000] {logging_mixin.py:190} INFO - [2025-02-24T20:11:17.382+0000] {dag.py:3239} INFO - Sync 1 DAGs
[2025-02-24T20:11:17.396+0000] {logging_mixin.py:190} INFO - [2025-02-24T20:11:17.396+0000] {dag.py:4180} INFO - Setting next_dagrun for example_setup_teardown to None, run_after=None
[2025-02-24T20:11:17.432+0000] {processor.py:208} INFO - Processing /home/airflow/.local/lib/python3.12/site-packages/airflow/example_dags/example_setup_teardown.py took 0.088 seconds
[2025-02-24T20:11:49.842+0000] {processor.py:186} INFO - Started process (PID=1445) to work on /home/airflow/.local/lib/python3.12/site-packages/airflow/example_dags/example_setup_teardown.py
[2025-02-24T20:11:49.843+0000] {processor.py:914} INFO - Processing file /home/airflow/.local/lib/python3.12/site-packages/airflow/example_dags/example_setup_teardown.py for tasks to queue
[2025-02-24T20:11:49.845+0000] {logging_mixin.py:190} INFO - [2025-02-24T20:11:49.845+0000] {dagbag.py:588} INFO - Filling up the DagBag from /home/airflow/.local/lib/python3.12/site-packages/airflow/example_dags/example_setup_teardown.py
[2025-02-24T20:11:49.853+0000] {processor.py:925} INFO - DAG(s) 'example_setup_teardown' retrieved from /home/airflow/.local/lib/python3.12/site-packages/airflow/example_dags/example_setup_teardown.py
[2025-02-24T20:11:49.874+0000] {logging_mixin.py:190} INFO - [2025-02-24T20:11:49.874+0000] {dag.py:3239} INFO - Sync 1 DAGs
[2025-02-24T20:11:49.890+0000] {logging_mixin.py:190} INFO - [2025-02-24T20:11:49.889+0000] {dag.py:4180} INFO - Setting next_dagrun for example_setup_teardown to None, run_after=None
[2025-02-24T20:11:49.914+0000] {processor.py:208} INFO - Processing /home/airflow/.local/lib/python3.12/site-packages/airflow/example_dags/example_setup_teardown.py took 0.077 seconds
[2025-02-24T20:12:20.264+0000] {processor.py:186} INFO - Started process (PID=1508) to work on /home/airflow/.local/lib/python3.12/site-packages/airflow/example_dags/example_setup_teardown.py
[2025-02-24T20:12:20.265+0000] {processor.py:914} INFO - Processing file /home/airflow/.local/lib/python3.12/site-packages/airflow/example_dags/example_setup_teardown.py for tasks to queue
[2025-02-24T20:12:20.268+0000] {logging_mixin.py:190} INFO - [2025-02-24T20:12:20.267+0000] {dagbag.py:588} INFO - Filling up the DagBag from /home/airflow/.local/lib/python3.12/site-packages/airflow/example_dags/example_setup_teardown.py
[2025-02-24T20:12:20.280+0000] {processor.py:925} INFO - DAG(s) 'example_setup_teardown' retrieved from /home/airflow/.local/lib/python3.12/site-packages/airflow/example_dags/example_setup_teardown.py
[2025-02-24T20:12:20.303+0000] {logging_mixin.py:190} INFO - [2025-02-24T20:12:20.302+0000] {dag.py:3239} INFO - Sync 1 DAGs
[2025-02-24T20:12:20.317+0000] {logging_mixin.py:190} INFO - [2025-02-24T20:12:20.317+0000] {dag.py:4180} INFO - Setting next_dagrun for example_setup_teardown to None, run_after=None
[2025-02-24T20:12:20.336+0000] {processor.py:208} INFO - Processing /home/airflow/.local/lib/python3.12/site-packages/airflow/example_dags/example_setup_teardown.py took 0.078 seconds
[2025-02-24T20:12:52.265+0000] {processor.py:186} INFO - Started process (PID=1580) to work on /home/airflow/.local/lib/python3.12/site-packages/airflow/example_dags/example_setup_teardown.py
[2025-02-24T20:12:52.266+0000] {processor.py:914} INFO - Processing file /home/airflow/.local/lib/python3.12/site-packages/airflow/example_dags/example_setup_teardown.py for tasks to queue
[2025-02-24T20:12:52.270+0000] {logging_mixin.py:190} INFO - [2025-02-24T20:12:52.270+0000] {dagbag.py:588} INFO - Filling up the DagBag from /home/airflow/.local/lib/python3.12/site-packages/airflow/example_dags/example_setup_teardown.py
[2025-02-24T20:12:52.278+0000] {processor.py:925} INFO - DAG(s) 'example_setup_teardown' retrieved from /home/airflow/.local/lib/python3.12/site-packages/airflow/example_dags/example_setup_teardown.py
[2025-02-24T20:12:52.299+0000] {logging_mixin.py:190} INFO - [2025-02-24T20:12:52.299+0000] {dag.py:3239} INFO - Sync 1 DAGs
[2025-02-24T20:12:52.317+0000] {logging_mixin.py:190} INFO - [2025-02-24T20:12:52.317+0000] {dag.py:4180} INFO - Setting next_dagrun for example_setup_teardown to None, run_after=None
[2025-02-24T20:12:52.348+0000] {processor.py:208} INFO - Processing /home/airflow/.local/lib/python3.12/site-packages/airflow/example_dags/example_setup_teardown.py took 0.088 seconds
[2025-02-24T20:13:24.834+0000] {processor.py:186} INFO - Started process (PID=1647) to work on /home/airflow/.local/lib/python3.12/site-packages/airflow/example_dags/example_setup_teardown.py
[2025-02-24T20:13:24.836+0000] {processor.py:914} INFO - Processing file /home/airflow/.local/lib/python3.12/site-packages/airflow/example_dags/example_setup_teardown.py for tasks to queue
[2025-02-24T20:13:24.840+0000] {logging_mixin.py:190} INFO - [2025-02-24T20:13:24.839+0000] {dagbag.py:588} INFO - Filling up the DagBag from /home/airflow/.local/lib/python3.12/site-packages/airflow/example_dags/example_setup_teardown.py
[2025-02-24T20:13:24.850+0000] {processor.py:925} INFO - DAG(s) 'example_setup_teardown' retrieved from /home/airflow/.local/lib/python3.12/site-packages/airflow/example_dags/example_setup_teardown.py
[2025-02-24T20:13:24.873+0000] {logging_mixin.py:190} INFO - [2025-02-24T20:13:24.873+0000] {dag.py:3239} INFO - Sync 1 DAGs
[2025-02-24T20:13:24.891+0000] {logging_mixin.py:190} INFO - [2025-02-24T20:13:24.890+0000] {dag.py:4180} INFO - Setting next_dagrun for example_setup_teardown to None, run_after=None
[2025-02-24T20:13:24.924+0000] {processor.py:208} INFO - Processing /home/airflow/.local/lib/python3.12/site-packages/airflow/example_dags/example_setup_teardown.py took 0.096 seconds
[2025-02-24T20:13:56.492+0000] {processor.py:186} INFO - Started process (PID=1710) to work on /home/airflow/.local/lib/python3.12/site-packages/airflow/example_dags/example_setup_teardown.py
[2025-02-24T20:13:56.493+0000] {processor.py:914} INFO - Processing file /home/airflow/.local/lib/python3.12/site-packages/airflow/example_dags/example_setup_teardown.py for tasks to queue
[2025-02-24T20:13:56.495+0000] {logging_mixin.py:190} INFO - [2025-02-24T20:13:56.495+0000] {dagbag.py:588} INFO - Filling up the DagBag from /home/airflow/.local/lib/python3.12/site-packages/airflow/example_dags/example_setup_teardown.py
[2025-02-24T20:13:56.503+0000] {processor.py:925} INFO - DAG(s) 'example_setup_teardown' retrieved from /home/airflow/.local/lib/python3.12/site-packages/airflow/example_dags/example_setup_teardown.py
[2025-02-24T20:13:56.523+0000] {logging_mixin.py:190} INFO - [2025-02-24T20:13:56.522+0000] {dag.py:3239} INFO - Sync 1 DAGs
[2025-02-24T20:13:56.538+0000] {logging_mixin.py:190} INFO - [2025-02-24T20:13:56.537+0000] {dag.py:4180} INFO - Setting next_dagrun for example_setup_teardown to None, run_after=None
[2025-02-24T20:13:56.557+0000] {processor.py:208} INFO - Processing /home/airflow/.local/lib/python3.12/site-packages/airflow/example_dags/example_setup_teardown.py took 0.071 seconds
[2025-02-24T20:14:29.153+0000] {processor.py:186} INFO - Started process (PID=1773) to work on /home/airflow/.local/lib/python3.12/site-packages/airflow/example_dags/example_setup_teardown.py
[2025-02-24T20:14:29.155+0000] {processor.py:914} INFO - Processing file /home/airflow/.local/lib/python3.12/site-packages/airflow/example_dags/example_setup_teardown.py for tasks to queue
[2025-02-24T20:14:29.159+0000] {logging_mixin.py:190} INFO - [2025-02-24T20:14:29.158+0000] {dagbag.py:588} INFO - Filling up the DagBag from /home/airflow/.local/lib/python3.12/site-packages/airflow/example_dags/example_setup_teardown.py
[2025-02-24T20:14:29.173+0000] {processor.py:925} INFO - DAG(s) 'example_setup_teardown' retrieved from /home/airflow/.local/lib/python3.12/site-packages/airflow/example_dags/example_setup_teardown.py
[2025-02-24T20:14:29.203+0000] {logging_mixin.py:190} INFO - [2025-02-24T20:14:29.202+0000] {dag.py:3239} INFO - Sync 1 DAGs
[2025-02-24T20:14:29.231+0000] {logging_mixin.py:190} INFO - [2025-02-24T20:14:29.230+0000] {dag.py:4180} INFO - Setting next_dagrun for example_setup_teardown to None, run_after=None
[2025-02-24T20:14:29.266+0000] {processor.py:208} INFO - Processing /home/airflow/.local/lib/python3.12/site-packages/airflow/example_dags/example_setup_teardown.py took 0.121 seconds
[2025-02-24T20:15:01.181+0000] {processor.py:186} INFO - Started process (PID=1836) to work on /home/airflow/.local/lib/python3.12/site-packages/airflow/example_dags/example_setup_teardown.py
[2025-02-24T20:15:01.187+0000] {processor.py:914} INFO - Processing file /home/airflow/.local/lib/python3.12/site-packages/airflow/example_dags/example_setup_teardown.py for tasks to queue
[2025-02-24T20:15:01.192+0000] {logging_mixin.py:190} INFO - [2025-02-24T20:15:01.191+0000] {dagbag.py:588} INFO - Filling up the DagBag from /home/airflow/.local/lib/python3.12/site-packages/airflow/example_dags/example_setup_teardown.py
[2025-02-24T20:15:01.233+0000] {processor.py:925} INFO - DAG(s) 'example_setup_teardown' retrieved from /home/airflow/.local/lib/python3.12/site-packages/airflow/example_dags/example_setup_teardown.py
[2025-02-24T20:15:01.325+0000] {logging_mixin.py:190} INFO - [2025-02-24T20:15:01.325+0000] {dag.py:3239} INFO - Sync 1 DAGs
[2025-02-24T20:15:01.378+0000] {logging_mixin.py:190} INFO - [2025-02-24T20:15:01.378+0000] {dag.py:4180} INFO - Setting next_dagrun for example_setup_teardown to None, run_after=None
[2025-02-24T20:15:01.444+0000] {processor.py:208} INFO - Processing /home/airflow/.local/lib/python3.12/site-packages/airflow/example_dags/example_setup_teardown.py took 0.280 seconds
[2025-02-24T20:15:33.172+0000] {processor.py:186} INFO - Started process (PID=1898) to work on /home/airflow/.local/lib/python3.12/site-packages/airflow/example_dags/example_setup_teardown.py
[2025-02-24T20:15:33.174+0000] {processor.py:914} INFO - Processing file /home/airflow/.local/lib/python3.12/site-packages/airflow/example_dags/example_setup_teardown.py for tasks to queue
[2025-02-24T20:15:33.178+0000] {logging_mixin.py:190} INFO - [2025-02-24T20:15:33.177+0000] {dagbag.py:588} INFO - Filling up the DagBag from /home/airflow/.local/lib/python3.12/site-packages/airflow/example_dags/example_setup_teardown.py
[2025-02-24T20:15:33.198+0000] {processor.py:925} INFO - DAG(s) 'example_setup_teardown' retrieved from /home/airflow/.local/lib/python3.12/site-packages/airflow/example_dags/example_setup_teardown.py
[2025-02-24T20:15:33.232+0000] {logging_mixin.py:190} INFO - [2025-02-24T20:15:33.231+0000] {dag.py:3239} INFO - Sync 1 DAGs
[2025-02-24T20:15:33.260+0000] {logging_mixin.py:190} INFO - [2025-02-24T20:15:33.259+0000] {dag.py:4180} INFO - Setting next_dagrun for example_setup_teardown to None, run_after=None
[2025-02-24T20:15:33.840+0000] {processor.py:208} INFO - Processing /home/airflow/.local/lib/python3.12/site-packages/airflow/example_dags/example_setup_teardown.py took 0.680 seconds
[2025-02-24T20:16:05.578+0000] {processor.py:186} INFO - Started process (PID=1961) to work on /home/airflow/.local/lib/python3.12/site-packages/airflow/example_dags/example_setup_teardown.py
[2025-02-24T20:16:05.580+0000] {processor.py:914} INFO - Processing file /home/airflow/.local/lib/python3.12/site-packages/airflow/example_dags/example_setup_teardown.py for tasks to queue
[2025-02-24T20:16:05.583+0000] {logging_mixin.py:190} INFO - [2025-02-24T20:16:05.583+0000] {dagbag.py:588} INFO - Filling up the DagBag from /home/airflow/.local/lib/python3.12/site-packages/airflow/example_dags/example_setup_teardown.py
[2025-02-24T20:16:05.595+0000] {processor.py:925} INFO - DAG(s) 'example_setup_teardown' retrieved from /home/airflow/.local/lib/python3.12/site-packages/airflow/example_dags/example_setup_teardown.py
[2025-02-24T20:16:05.625+0000] {logging_mixin.py:190} INFO - [2025-02-24T20:16:05.625+0000] {dag.py:3239} INFO - Sync 1 DAGs
[2025-02-24T20:16:05.646+0000] {logging_mixin.py:190} INFO - [2025-02-24T20:16:05.646+0000] {dag.py:4180} INFO - Setting next_dagrun for example_setup_teardown to None, run_after=None
[2025-02-24T20:16:05.703+0000] {processor.py:208} INFO - Processing /home/airflow/.local/lib/python3.12/site-packages/airflow/example_dags/example_setup_teardown.py took 0.133 seconds
[2025-02-24T20:16:37.032+0000] {processor.py:186} INFO - Started process (PID=2024) to work on /home/airflow/.local/lib/python3.12/site-packages/airflow/example_dags/example_setup_teardown.py
[2025-02-24T20:16:37.034+0000] {processor.py:914} INFO - Processing file /home/airflow/.local/lib/python3.12/site-packages/airflow/example_dags/example_setup_teardown.py for tasks to queue
[2025-02-24T20:16:37.037+0000] {logging_mixin.py:190} INFO - [2025-02-24T20:16:37.037+0000] {dagbag.py:588} INFO - Filling up the DagBag from /home/airflow/.local/lib/python3.12/site-packages/airflow/example_dags/example_setup_teardown.py
[2025-02-24T20:16:37.051+0000] {processor.py:925} INFO - DAG(s) 'example_setup_teardown' retrieved from /home/airflow/.local/lib/python3.12/site-packages/airflow/example_dags/example_setup_teardown.py
[2025-02-24T20:16:37.084+0000] {logging_mixin.py:190} INFO - [2025-02-24T20:16:37.084+0000] {dag.py:3239} INFO - Sync 1 DAGs
[2025-02-24T20:16:37.112+0000] {logging_mixin.py:190} INFO - [2025-02-24T20:16:37.111+0000] {dag.py:4180} INFO - Setting next_dagrun for example_setup_teardown to None, run_after=None
[2025-02-24T20:16:37.160+0000] {processor.py:208} INFO - Processing /home/airflow/.local/lib/python3.12/site-packages/airflow/example_dags/example_setup_teardown.py took 0.138 seconds
[2025-02-24T20:17:08.941+0000] {processor.py:186} INFO - Started process (PID=2087) to work on /home/airflow/.local/lib/python3.12/site-packages/airflow/example_dags/example_setup_teardown.py
[2025-02-24T20:17:08.942+0000] {processor.py:914} INFO - Processing file /home/airflow/.local/lib/python3.12/site-packages/airflow/example_dags/example_setup_teardown.py for tasks to queue
[2025-02-24T20:17:08.946+0000] {logging_mixin.py:190} INFO - [2025-02-24T20:17:08.945+0000] {dagbag.py:588} INFO - Filling up the DagBag from /home/airflow/.local/lib/python3.12/site-packages/airflow/example_dags/example_setup_teardown.py
[2025-02-24T20:17:08.959+0000] {processor.py:925} INFO - DAG(s) 'example_setup_teardown' retrieved from /home/airflow/.local/lib/python3.12/site-packages/airflow/example_dags/example_setup_teardown.py
[2025-02-24T20:17:08.991+0000] {logging_mixin.py:190} INFO - [2025-02-24T20:17:08.990+0000] {dag.py:3239} INFO - Sync 1 DAGs
[2025-02-24T20:17:09.019+0000] {logging_mixin.py:190} INFO - [2025-02-24T20:17:09.018+0000] {dag.py:4180} INFO - Setting next_dagrun for example_setup_teardown to None, run_after=None
[2025-02-24T20:17:09.061+0000] {processor.py:208} INFO - Processing /home/airflow/.local/lib/python3.12/site-packages/airflow/example_dags/example_setup_teardown.py took 0.130 seconds
[2025-02-24T20:17:39.280+0000] {processor.py:186} INFO - Started process (PID=2150) to work on /home/airflow/.local/lib/python3.12/site-packages/airflow/example_dags/example_setup_teardown.py
[2025-02-24T20:17:39.282+0000] {processor.py:914} INFO - Processing file /home/airflow/.local/lib/python3.12/site-packages/airflow/example_dags/example_setup_teardown.py for tasks to queue
[2025-02-24T20:17:39.286+0000] {logging_mixin.py:190} INFO - [2025-02-24T20:17:39.286+0000] {dagbag.py:588} INFO - Filling up the DagBag from /home/airflow/.local/lib/python3.12/site-packages/airflow/example_dags/example_setup_teardown.py
[2025-02-24T20:17:39.306+0000] {processor.py:925} INFO - DAG(s) 'example_setup_teardown' retrieved from /home/airflow/.local/lib/python3.12/site-packages/airflow/example_dags/example_setup_teardown.py
[2025-02-24T20:17:39.338+0000] {logging_mixin.py:190} INFO - [2025-02-24T20:17:39.338+0000] {dag.py:3239} INFO - Sync 1 DAGs
[2025-02-24T20:17:39.362+0000] {logging_mixin.py:190} INFO - [2025-02-24T20:17:39.362+0000] {dag.py:4180} INFO - Setting next_dagrun for example_setup_teardown to None, run_after=None
[2025-02-24T20:17:39.401+0000] {processor.py:208} INFO - Processing /home/airflow/.local/lib/python3.12/site-packages/airflow/example_dags/example_setup_teardown.py took 0.134 seconds
[2025-02-24T20:18:09.609+0000] {processor.py:186} INFO - Started process (PID=2212) to work on /home/airflow/.local/lib/python3.12/site-packages/airflow/example_dags/example_setup_teardown.py
[2025-02-24T20:18:09.610+0000] {processor.py:914} INFO - Processing file /home/airflow/.local/lib/python3.12/site-packages/airflow/example_dags/example_setup_teardown.py for tasks to queue
[2025-02-24T20:18:09.614+0000] {logging_mixin.py:190} INFO - [2025-02-24T20:18:09.613+0000] {dagbag.py:588} INFO - Filling up the DagBag from /home/airflow/.local/lib/python3.12/site-packages/airflow/example_dags/example_setup_teardown.py
[2025-02-24T20:18:09.627+0000] {processor.py:925} INFO - DAG(s) 'example_setup_teardown' retrieved from /home/airflow/.local/lib/python3.12/site-packages/airflow/example_dags/example_setup_teardown.py
[2025-02-24T20:18:09.654+0000] {logging_mixin.py:190} INFO - [2025-02-24T20:18:09.654+0000] {dag.py:3239} INFO - Sync 1 DAGs
[2025-02-24T20:18:09.675+0000] {logging_mixin.py:190} INFO - [2025-02-24T20:18:09.675+0000] {dag.py:4180} INFO - Setting next_dagrun for example_setup_teardown to None, run_after=None
[2025-02-24T20:18:09.704+0000] {processor.py:208} INFO - Processing /home/airflow/.local/lib/python3.12/site-packages/airflow/example_dags/example_setup_teardown.py took 0.104 seconds
[2025-02-24T20:18:40.143+0000] {processor.py:186} INFO - Started process (PID=2275) to work on /home/airflow/.local/lib/python3.12/site-packages/airflow/example_dags/example_setup_teardown.py
[2025-02-24T20:18:40.145+0000] {processor.py:914} INFO - Processing file /home/airflow/.local/lib/python3.12/site-packages/airflow/example_dags/example_setup_teardown.py for tasks to queue
[2025-02-24T20:18:40.148+0000] {logging_mixin.py:190} INFO - [2025-02-24T20:18:40.148+0000] {dagbag.py:588} INFO - Filling up the DagBag from /home/airflow/.local/lib/python3.12/site-packages/airflow/example_dags/example_setup_teardown.py
[2025-02-24T20:18:40.162+0000] {processor.py:925} INFO - DAG(s) 'example_setup_teardown' retrieved from /home/airflow/.local/lib/python3.12/site-packages/airflow/example_dags/example_setup_teardown.py
[2025-02-24T20:18:40.191+0000] {logging_mixin.py:190} INFO - [2025-02-24T20:18:40.191+0000] {dag.py:3239} INFO - Sync 1 DAGs
[2025-02-24T20:18:40.213+0000] {logging_mixin.py:190} INFO - [2025-02-24T20:18:40.213+0000] {dag.py:4180} INFO - Setting next_dagrun for example_setup_teardown to None, run_after=None
[2025-02-24T20:18:40.440+0000] {processor.py:208} INFO - Processing /home/airflow/.local/lib/python3.12/site-packages/airflow/example_dags/example_setup_teardown.py took 0.307 seconds
[2025-02-24T20:19:12.161+0000] {processor.py:186} INFO - Started process (PID=2338) to work on /home/airflow/.local/lib/python3.12/site-packages/airflow/example_dags/example_setup_teardown.py
[2025-02-24T20:19:12.163+0000] {processor.py:914} INFO - Processing file /home/airflow/.local/lib/python3.12/site-packages/airflow/example_dags/example_setup_teardown.py for tasks to queue
[2025-02-24T20:19:12.169+0000] {logging_mixin.py:190} INFO - [2025-02-24T20:19:12.168+0000] {dagbag.py:588} INFO - Filling up the DagBag from /home/airflow/.local/lib/python3.12/site-packages/airflow/example_dags/example_setup_teardown.py
[2025-02-24T20:19:12.189+0000] {processor.py:925} INFO - DAG(s) 'example_setup_teardown' retrieved from /home/airflow/.local/lib/python3.12/site-packages/airflow/example_dags/example_setup_teardown.py
[2025-02-24T20:19:12.228+0000] {logging_mixin.py:190} INFO - [2025-02-24T20:19:12.228+0000] {dag.py:3239} INFO - Sync 1 DAGs
[2025-02-24T20:19:12.264+0000] {logging_mixin.py:190} INFO - [2025-02-24T20:19:12.263+0000] {dag.py:4180} INFO - Setting next_dagrun for example_setup_teardown to None, run_after=None
[2025-02-24T20:19:12.305+0000] {processor.py:208} INFO - Processing /home/airflow/.local/lib/python3.12/site-packages/airflow/example_dags/example_setup_teardown.py took 0.157 seconds
[2025-02-24T21:44:00.274+0000] {processor.py:186} INFO - Started process (PID=266) to work on /home/airflow/.local/lib/python3.12/site-packages/airflow/example_dags/example_setup_teardown.py
[2025-02-24T21:44:00.311+0000] {processor.py:914} INFO - Processing file /home/airflow/.local/lib/python3.12/site-packages/airflow/example_dags/example_setup_teardown.py for tasks to queue
[2025-02-24T21:44:00.470+0000] {logging_mixin.py:190} INFO - [2025-02-24T21:44:00.463+0000] {dagbag.py:588} INFO - Filling up the DagBag from /home/airflow/.local/lib/python3.12/site-packages/airflow/example_dags/example_setup_teardown.py
[2025-02-24T21:44:25.062+0000] {processor.py:925} INFO - DAG(s) 'example_setup_teardown' retrieved from /home/airflow/.local/lib/python3.12/site-packages/airflow/example_dags/example_setup_teardown.py
[2025-02-24T21:44:29.938+0000] {logging_mixin.py:190} INFO - [2025-02-24T21:44:29.930+0000] {override.py:1912} INFO - Created Permission View: can edit on DAG:example_setup_teardown
[2025-02-24T21:44:29.987+0000] {logging_mixin.py:190} INFO - [2025-02-24T21:44:29.987+0000] {override.py:1912} INFO - Created Permission View: can read on DAG:example_setup_teardown
[2025-02-24T21:44:30.012+0000] {logging_mixin.py:190} INFO - [2025-02-24T21:44:30.012+0000] {override.py:1912} INFO - Created Permission View: can delete on DAG:example_setup_teardown
[2025-02-24T21:44:30.037+0000] {logging_mixin.py:190} INFO - [2025-02-24T21:44:30.037+0000] {override.py:1912} INFO - Created Permission View: can delete on DAG Run:example_setup_teardown
[2025-02-24T21:44:30.056+0000] {logging_mixin.py:190} INFO - [2025-02-24T21:44:30.056+0000] {override.py:1912} INFO - Created Permission View: can read on DAG Run:example_setup_teardown
[2025-02-24T21:44:30.078+0000] {logging_mixin.py:190} INFO - [2025-02-24T21:44:30.078+0000] {override.py:1912} INFO - Created Permission View: can create on DAG Run:example_setup_teardown
[2025-02-24T21:44:30.091+0000] {logging_mixin.py:190} INFO - [2025-02-24T21:44:30.090+0000] {override.py:1912} INFO - Created Permission View: menu access on DAG Run:example_setup_teardown
[2025-02-24T21:44:30.092+0000] {logging_mixin.py:190} INFO - [2025-02-24T21:44:30.092+0000] {dag.py:3239} INFO - Sync 1 DAGs
[2025-02-24T21:44:30.142+0000] {logging_mixin.py:190} INFO - [2025-02-24T21:44:30.141+0000] {dag.py:3262} INFO - Creating ORM DAG for example_setup_teardown
[2025-02-24T21:44:30.149+0000] {logging_mixin.py:190} INFO - [2025-02-24T21:44:30.148+0000] {dag.py:4180} INFO - Setting next_dagrun for example_setup_teardown to None, run_after=None
[2025-02-24T21:44:30.808+0000] {processor.py:208} INFO - Processing /home/airflow/.local/lib/python3.12/site-packages/airflow/example_dags/example_setup_teardown.py took 30.790 seconds
