[2025-02-24T20:00:31.344+0000] {processor.py:186} INFO - Started process (PID=73) to work on /home/airflow/.local/lib/python3.12/site-packages/airflow/example_dags/example_branch_labels.py
[2025-02-24T20:00:31.351+0000] {processor.py:914} INFO - Processing file /home/airflow/.local/lib/python3.12/site-packages/airflow/example_dags/example_branch_labels.py for tasks to queue
[2025-02-24T20:00:31.371+0000] {logging_mixin.py:190} INFO - [2025-02-24T20:00:31.370+0000] {dagbag.py:588} INFO - Filling up the DagBag from /home/airflow/.local/lib/python3.12/site-packages/airflow/example_dags/example_branch_labels.py
[2025-02-24T20:00:31.473+0000] {processor.py:925} INFO - DAG(s) 'example_branch_labels' retrieved from /home/airflow/.local/lib/python3.12/site-packages/airflow/example_dags/example_branch_labels.py
[2025-02-24T20:00:31.919+0000] {logging_mixin.py:190} INFO - [2025-02-24T20:00:31.918+0000] {override.py:1912} INFO - Created Permission View: can edit on DAG:example_branch_labels
[2025-02-24T20:00:31.936+0000] {logging_mixin.py:190} INFO - [2025-02-24T20:00:31.935+0000] {override.py:1912} INFO - Created Permission View: can delete on DAG:example_branch_labels
[2025-02-24T20:00:31.946+0000] {logging_mixin.py:190} INFO - [2025-02-24T20:00:31.945+0000] {override.py:1912} INFO - Created Permission View: can read on DAG:example_branch_labels
[2025-02-24T20:00:31.957+0000] {logging_mixin.py:190} INFO - [2025-02-24T20:00:31.956+0000] {override.py:1912} INFO - Created Permission View: can delete on DAG Run:example_branch_labels
[2025-02-24T20:00:31.970+0000] {logging_mixin.py:190} INFO - [2025-02-24T20:00:31.969+0000] {override.py:1912} INFO - Created Permission View: can create on DAG Run:example_branch_labels
[2025-02-24T20:00:31.983+0000] {logging_mixin.py:190} INFO - [2025-02-24T20:00:31.982+0000] {override.py:1912} INFO - Created Permission View: menu access on DAG Run:example_branch_labels
[2025-02-24T20:00:31.996+0000] {logging_mixin.py:190} INFO - [2025-02-24T20:00:31.995+0000] {override.py:1912} INFO - Created Permission View: can read on DAG Run:example_branch_labels
[2025-02-24T20:00:31.997+0000] {logging_mixin.py:190} INFO - [2025-02-24T20:00:31.997+0000] {dag.py:3239} INFO - Sync 1 DAGs
[2025-02-24T20:00:32.041+0000] {logging_mixin.py:190} INFO - [2025-02-24T20:00:32.040+0000] {dag.py:3262} INFO - Creating ORM DAG for example_branch_labels
[2025-02-24T20:00:32.073+0000] {logging_mixin.py:190} INFO - [2025-02-24T20:00:32.072+0000] {dag.py:4180} INFO - Setting next_dagrun for example_branch_labels to 2025-02-23 00:00:00+00:00, run_after=2025-02-24 00:00:00+00:00
[2025-02-24T20:00:32.119+0000] {processor.py:208} INFO - Processing /home/airflow/.local/lib/python3.12/site-packages/airflow/example_dags/example_branch_labels.py took 0.885 seconds
[2025-02-24T20:01:03.782+0000] {processor.py:186} INFO - Started process (PID=136) to work on /home/airflow/.local/lib/python3.12/site-packages/airflow/example_dags/example_branch_labels.py
[2025-02-24T20:01:03.784+0000] {processor.py:914} INFO - Processing file /home/airflow/.local/lib/python3.12/site-packages/airflow/example_dags/example_branch_labels.py for tasks to queue
[2025-02-24T20:01:03.789+0000] {logging_mixin.py:190} INFO - [2025-02-24T20:01:03.788+0000] {dagbag.py:588} INFO - Filling up the DagBag from /home/airflow/.local/lib/python3.12/site-packages/airflow/example_dags/example_branch_labels.py
[2025-02-24T20:01:03.804+0000] {processor.py:925} INFO - DAG(s) 'example_branch_labels' retrieved from /home/airflow/.local/lib/python3.12/site-packages/airflow/example_dags/example_branch_labels.py
[2025-02-24T20:01:03.834+0000] {logging_mixin.py:190} INFO - [2025-02-24T20:01:03.834+0000] {dag.py:3239} INFO - Sync 1 DAGs
[2025-02-24T20:01:03.878+0000] {logging_mixin.py:190} INFO - [2025-02-24T20:01:03.878+0000] {dag.py:4180} INFO - Setting next_dagrun for example_branch_labels to 2025-02-23 00:00:00+00:00, run_after=2025-02-24 00:00:00+00:00
[2025-02-24T20:01:03.908+0000] {processor.py:208} INFO - Processing /home/airflow/.local/lib/python3.12/site-packages/airflow/example_dags/example_branch_labels.py took 0.136 seconds
[2025-02-24T20:01:34.726+0000] {processor.py:186} INFO - Started process (PID=193) to work on /home/airflow/.local/lib/python3.12/site-packages/airflow/example_dags/example_branch_labels.py
[2025-02-24T20:01:34.728+0000] {processor.py:914} INFO - Processing file /home/airflow/.local/lib/python3.12/site-packages/airflow/example_dags/example_branch_labels.py for tasks to queue
[2025-02-24T20:01:34.731+0000] {logging_mixin.py:190} INFO - [2025-02-24T20:01:34.730+0000] {dagbag.py:588} INFO - Filling up the DagBag from /home/airflow/.local/lib/python3.12/site-packages/airflow/example_dags/example_branch_labels.py
[2025-02-24T20:01:34.746+0000] {processor.py:925} INFO - DAG(s) 'example_branch_labels' retrieved from /home/airflow/.local/lib/python3.12/site-packages/airflow/example_dags/example_branch_labels.py
[2025-02-24T20:01:34.779+0000] {logging_mixin.py:190} INFO - [2025-02-24T20:01:34.779+0000] {dag.py:3239} INFO - Sync 1 DAGs
[2025-02-24T20:01:34.815+0000] {logging_mixin.py:190} INFO - [2025-02-24T20:01:34.815+0000] {dag.py:4180} INFO - Setting next_dagrun for example_branch_labels to 2025-02-23 00:00:00+00:00, run_after=2025-02-24 00:00:00+00:00
[2025-02-24T20:01:34.844+0000] {processor.py:208} INFO - Processing /home/airflow/.local/lib/python3.12/site-packages/airflow/example_dags/example_branch_labels.py took 0.124 seconds
[2025-02-24T20:02:05.484+0000] {processor.py:186} INFO - Started process (PID=254) to work on /home/airflow/.local/lib/python3.12/site-packages/airflow/example_dags/example_branch_labels.py
[2025-02-24T20:02:05.485+0000] {processor.py:914} INFO - Processing file /home/airflow/.local/lib/python3.12/site-packages/airflow/example_dags/example_branch_labels.py for tasks to queue
[2025-02-24T20:02:05.488+0000] {logging_mixin.py:190} INFO - [2025-02-24T20:02:05.487+0000] {dagbag.py:588} INFO - Filling up the DagBag from /home/airflow/.local/lib/python3.12/site-packages/airflow/example_dags/example_branch_labels.py
[2025-02-24T20:02:05.498+0000] {processor.py:925} INFO - DAG(s) 'example_branch_labels' retrieved from /home/airflow/.local/lib/python3.12/site-packages/airflow/example_dags/example_branch_labels.py
[2025-02-24T20:02:05.526+0000] {logging_mixin.py:190} INFO - [2025-02-24T20:02:05.526+0000] {dag.py:3239} INFO - Sync 1 DAGs
[2025-02-24T20:02:05.557+0000] {logging_mixin.py:190} INFO - [2025-02-24T20:02:05.557+0000] {dag.py:4180} INFO - Setting next_dagrun for example_branch_labels to 2025-02-23 00:00:00+00:00, run_after=2025-02-24 00:00:00+00:00
[2025-02-24T20:02:05.580+0000] {processor.py:208} INFO - Processing /home/airflow/.local/lib/python3.12/site-packages/airflow/example_dags/example_branch_labels.py took 0.102 seconds
[2025-02-24T20:02:35.664+0000] {processor.py:186} INFO - Started process (PID=317) to work on /home/airflow/.local/lib/python3.12/site-packages/airflow/example_dags/example_branch_labels.py
[2025-02-24T20:02:35.666+0000] {processor.py:914} INFO - Processing file /home/airflow/.local/lib/python3.12/site-packages/airflow/example_dags/example_branch_labels.py for tasks to queue
[2025-02-24T20:02:35.668+0000] {logging_mixin.py:190} INFO - [2025-02-24T20:02:35.668+0000] {dagbag.py:588} INFO - Filling up the DagBag from /home/airflow/.local/lib/python3.12/site-packages/airflow/example_dags/example_branch_labels.py
[2025-02-24T20:02:35.679+0000] {processor.py:925} INFO - DAG(s) 'example_branch_labels' retrieved from /home/airflow/.local/lib/python3.12/site-packages/airflow/example_dags/example_branch_labels.py
[2025-02-24T20:02:35.701+0000] {logging_mixin.py:190} INFO - [2025-02-24T20:02:35.701+0000] {dag.py:3239} INFO - Sync 1 DAGs
[2025-02-24T20:02:35.764+0000] {logging_mixin.py:190} INFO - [2025-02-24T20:02:35.764+0000] {dag.py:4180} INFO - Setting next_dagrun for example_branch_labels to 2025-02-23 00:00:00+00:00, run_after=2025-02-24 00:00:00+00:00
[2025-02-24T20:02:35.790+0000] {processor.py:208} INFO - Processing /home/airflow/.local/lib/python3.12/site-packages/airflow/example_dags/example_branch_labels.py took 0.131 seconds
[2025-02-24T20:03:06.179+0000] {processor.py:186} INFO - Started process (PID=380) to work on /home/airflow/.local/lib/python3.12/site-packages/airflow/example_dags/example_branch_labels.py
[2025-02-24T20:03:06.180+0000] {processor.py:914} INFO - Processing file /home/airflow/.local/lib/python3.12/site-packages/airflow/example_dags/example_branch_labels.py for tasks to queue
[2025-02-24T20:03:06.182+0000] {logging_mixin.py:190} INFO - [2025-02-24T20:03:06.182+0000] {dagbag.py:588} INFO - Filling up the DagBag from /home/airflow/.local/lib/python3.12/site-packages/airflow/example_dags/example_branch_labels.py
[2025-02-24T20:03:06.192+0000] {processor.py:925} INFO - DAG(s) 'example_branch_labels' retrieved from /home/airflow/.local/lib/python3.12/site-packages/airflow/example_dags/example_branch_labels.py
[2025-02-24T20:03:06.214+0000] {logging_mixin.py:190} INFO - [2025-02-24T20:03:06.213+0000] {dag.py:3239} INFO - Sync 1 DAGs
[2025-02-24T20:03:06.242+0000] {logging_mixin.py:190} INFO - [2025-02-24T20:03:06.242+0000] {dag.py:4180} INFO - Setting next_dagrun for example_branch_labels to 2025-02-23 00:00:00+00:00, run_after=2025-02-24 00:00:00+00:00
[2025-02-24T20:03:06.263+0000] {processor.py:208} INFO - Processing /home/airflow/.local/lib/python3.12/site-packages/airflow/example_dags/example_branch_labels.py took 0.091 seconds
[2025-02-24T20:03:36.407+0000] {processor.py:186} INFO - Started process (PID=443) to work on /home/airflow/.local/lib/python3.12/site-packages/airflow/example_dags/example_branch_labels.py
[2025-02-24T20:03:36.408+0000] {processor.py:914} INFO - Processing file /home/airflow/.local/lib/python3.12/site-packages/airflow/example_dags/example_branch_labels.py for tasks to queue
[2025-02-24T20:03:36.411+0000] {logging_mixin.py:190} INFO - [2025-02-24T20:03:36.411+0000] {dagbag.py:588} INFO - Filling up the DagBag from /home/airflow/.local/lib/python3.12/site-packages/airflow/example_dags/example_branch_labels.py
[2025-02-24T20:03:36.425+0000] {processor.py:925} INFO - DAG(s) 'example_branch_labels' retrieved from /home/airflow/.local/lib/python3.12/site-packages/airflow/example_dags/example_branch_labels.py
[2025-02-24T20:03:36.448+0000] {logging_mixin.py:190} INFO - [2025-02-24T20:03:36.448+0000] {dag.py:3239} INFO - Sync 1 DAGs
[2025-02-24T20:03:36.476+0000] {logging_mixin.py:190} INFO - [2025-02-24T20:03:36.475+0000] {dag.py:4180} INFO - Setting next_dagrun for example_branch_labels to 2025-02-23 00:00:00+00:00, run_after=2025-02-24 00:00:00+00:00
[2025-02-24T20:03:36.496+0000] {processor.py:208} INFO - Processing /home/airflow/.local/lib/python3.12/site-packages/airflow/example_dags/example_branch_labels.py took 0.097 seconds
[2025-02-24T20:04:06.949+0000] {processor.py:186} INFO - Started process (PID=506) to work on /home/airflow/.local/lib/python3.12/site-packages/airflow/example_dags/example_branch_labels.py
[2025-02-24T20:04:06.951+0000] {processor.py:914} INFO - Processing file /home/airflow/.local/lib/python3.12/site-packages/airflow/example_dags/example_branch_labels.py for tasks to queue
[2025-02-24T20:04:06.953+0000] {logging_mixin.py:190} INFO - [2025-02-24T20:04:06.953+0000] {dagbag.py:588} INFO - Filling up the DagBag from /home/airflow/.local/lib/python3.12/site-packages/airflow/example_dags/example_branch_labels.py
[2025-02-24T20:04:06.964+0000] {processor.py:925} INFO - DAG(s) 'example_branch_labels' retrieved from /home/airflow/.local/lib/python3.12/site-packages/airflow/example_dags/example_branch_labels.py
[2025-02-24T20:04:06.988+0000] {logging_mixin.py:190} INFO - [2025-02-24T20:04:06.988+0000] {dag.py:3239} INFO - Sync 1 DAGs
[2025-02-24T20:04:07.017+0000] {logging_mixin.py:190} INFO - [2025-02-24T20:04:07.016+0000] {dag.py:4180} INFO - Setting next_dagrun for example_branch_labels to 2025-02-23 00:00:00+00:00, run_after=2025-02-24 00:00:00+00:00
[2025-02-24T20:04:07.042+0000] {processor.py:208} INFO - Processing /home/airflow/.local/lib/python3.12/site-packages/airflow/example_dags/example_branch_labels.py took 0.098 seconds
[2025-02-24T20:04:37.363+0000] {processor.py:186} INFO - Started process (PID=569) to work on /home/airflow/.local/lib/python3.12/site-packages/airflow/example_dags/example_branch_labels.py
[2025-02-24T20:04:37.364+0000] {processor.py:914} INFO - Processing file /home/airflow/.local/lib/python3.12/site-packages/airflow/example_dags/example_branch_labels.py for tasks to queue
[2025-02-24T20:04:37.366+0000] {logging_mixin.py:190} INFO - [2025-02-24T20:04:37.366+0000] {dagbag.py:588} INFO - Filling up the DagBag from /home/airflow/.local/lib/python3.12/site-packages/airflow/example_dags/example_branch_labels.py
[2025-02-24T20:04:37.376+0000] {processor.py:925} INFO - DAG(s) 'example_branch_labels' retrieved from /home/airflow/.local/lib/python3.12/site-packages/airflow/example_dags/example_branch_labels.py
[2025-02-24T20:04:37.397+0000] {logging_mixin.py:190} INFO - [2025-02-24T20:04:37.397+0000] {dag.py:3239} INFO - Sync 1 DAGs
[2025-02-24T20:04:37.422+0000] {logging_mixin.py:190} INFO - [2025-02-24T20:04:37.421+0000] {dag.py:4180} INFO - Setting next_dagrun for example_branch_labels to 2025-02-23 00:00:00+00:00, run_after=2025-02-24 00:00:00+00:00
[2025-02-24T20:04:37.442+0000] {processor.py:208} INFO - Processing /home/airflow/.local/lib/python3.12/site-packages/airflow/example_dags/example_branch_labels.py took 0.085 seconds
[2025-02-24T20:05:08.371+0000] {processor.py:186} INFO - Started process (PID=632) to work on /home/airflow/.local/lib/python3.12/site-packages/airflow/example_dags/example_branch_labels.py
[2025-02-24T20:05:08.372+0000] {processor.py:914} INFO - Processing file /home/airflow/.local/lib/python3.12/site-packages/airflow/example_dags/example_branch_labels.py for tasks to queue
[2025-02-24T20:05:08.375+0000] {logging_mixin.py:190} INFO - [2025-02-24T20:05:08.374+0000] {dagbag.py:588} INFO - Filling up the DagBag from /home/airflow/.local/lib/python3.12/site-packages/airflow/example_dags/example_branch_labels.py
[2025-02-24T20:05:08.384+0000] {processor.py:925} INFO - DAG(s) 'example_branch_labels' retrieved from /home/airflow/.local/lib/python3.12/site-packages/airflow/example_dags/example_branch_labels.py
[2025-02-24T20:05:08.407+0000] {logging_mixin.py:190} INFO - [2025-02-24T20:05:08.407+0000] {dag.py:3239} INFO - Sync 1 DAGs
[2025-02-24T20:05:08.433+0000] {logging_mixin.py:190} INFO - [2025-02-24T20:05:08.433+0000] {dag.py:4180} INFO - Setting next_dagrun for example_branch_labels to 2025-02-23 00:00:00+00:00, run_after=2025-02-24 00:00:00+00:00
[2025-02-24T20:05:08.453+0000] {processor.py:208} INFO - Processing /home/airflow/.local/lib/python3.12/site-packages/airflow/example_dags/example_branch_labels.py took 0.087 seconds
[2025-02-24T20:05:38.933+0000] {processor.py:186} INFO - Started process (PID=695) to work on /home/airflow/.local/lib/python3.12/site-packages/airflow/example_dags/example_branch_labels.py
[2025-02-24T20:05:38.938+0000] {processor.py:914} INFO - Processing file /home/airflow/.local/lib/python3.12/site-packages/airflow/example_dags/example_branch_labels.py for tasks to queue
[2025-02-24T20:05:38.942+0000] {logging_mixin.py:190} INFO - [2025-02-24T20:05:38.941+0000] {dagbag.py:588} INFO - Filling up the DagBag from /home/airflow/.local/lib/python3.12/site-packages/airflow/example_dags/example_branch_labels.py
[2025-02-24T20:05:38.965+0000] {processor.py:925} INFO - DAG(s) 'example_branch_labels' retrieved from /home/airflow/.local/lib/python3.12/site-packages/airflow/example_dags/example_branch_labels.py
[2025-02-24T20:05:39.009+0000] {logging_mixin.py:190} INFO - [2025-02-24T20:05:39.008+0000] {dag.py:3239} INFO - Sync 1 DAGs
[2025-02-24T20:05:39.076+0000] {logging_mixin.py:190} INFO - [2025-02-24T20:05:39.075+0000] {dag.py:4180} INFO - Setting next_dagrun for example_branch_labels to 2025-02-23 00:00:00+00:00, run_after=2025-02-24 00:00:00+00:00
[2025-02-24T20:05:39.123+0000] {processor.py:208} INFO - Processing /home/airflow/.local/lib/python3.12/site-packages/airflow/example_dags/example_branch_labels.py took 0.197 seconds
[2025-02-24T20:06:09.344+0000] {processor.py:186} INFO - Started process (PID=758) to work on /home/airflow/.local/lib/python3.12/site-packages/airflow/example_dags/example_branch_labels.py
[2025-02-24T20:06:09.345+0000] {processor.py:914} INFO - Processing file /home/airflow/.local/lib/python3.12/site-packages/airflow/example_dags/example_branch_labels.py for tasks to queue
[2025-02-24T20:06:09.347+0000] {logging_mixin.py:190} INFO - [2025-02-24T20:06:09.347+0000] {dagbag.py:588} INFO - Filling up the DagBag from /home/airflow/.local/lib/python3.12/site-packages/airflow/example_dags/example_branch_labels.py
[2025-02-24T20:06:09.359+0000] {processor.py:925} INFO - DAG(s) 'example_branch_labels' retrieved from /home/airflow/.local/lib/python3.12/site-packages/airflow/example_dags/example_branch_labels.py
[2025-02-24T20:06:09.377+0000] {logging_mixin.py:190} INFO - [2025-02-24T20:06:09.377+0000] {dag.py:3239} INFO - Sync 1 DAGs
[2025-02-24T20:06:09.403+0000] {logging_mixin.py:190} INFO - [2025-02-24T20:06:09.403+0000] {dag.py:4180} INFO - Setting next_dagrun for example_branch_labels to 2025-02-23 00:00:00+00:00, run_after=2025-02-24 00:00:00+00:00
[2025-02-24T20:06:09.427+0000] {processor.py:208} INFO - Processing /home/airflow/.local/lib/python3.12/site-packages/airflow/example_dags/example_branch_labels.py took 0.090 seconds
[2025-02-24T20:06:39.592+0000] {processor.py:186} INFO - Started process (PID=821) to work on /home/airflow/.local/lib/python3.12/site-packages/airflow/example_dags/example_branch_labels.py
[2025-02-24T20:06:39.594+0000] {processor.py:914} INFO - Processing file /home/airflow/.local/lib/python3.12/site-packages/airflow/example_dags/example_branch_labels.py for tasks to queue
[2025-02-24T20:06:39.596+0000] {logging_mixin.py:190} INFO - [2025-02-24T20:06:39.596+0000] {dagbag.py:588} INFO - Filling up the DagBag from /home/airflow/.local/lib/python3.12/site-packages/airflow/example_dags/example_branch_labels.py
[2025-02-24T20:06:39.607+0000] {processor.py:925} INFO - DAG(s) 'example_branch_labels' retrieved from /home/airflow/.local/lib/python3.12/site-packages/airflow/example_dags/example_branch_labels.py
[2025-02-24T20:06:39.629+0000] {logging_mixin.py:190} INFO - [2025-02-24T20:06:39.629+0000] {dag.py:3239} INFO - Sync 1 DAGs
[2025-02-24T20:06:39.655+0000] {logging_mixin.py:190} INFO - [2025-02-24T20:06:39.654+0000] {dag.py:4180} INFO - Setting next_dagrun for example_branch_labels to 2025-02-23 00:00:00+00:00, run_after=2025-02-24 00:00:00+00:00
[2025-02-24T20:06:39.685+0000] {processor.py:208} INFO - Processing /home/airflow/.local/lib/python3.12/site-packages/airflow/example_dags/example_branch_labels.py took 0.099 seconds
[2025-02-24T20:07:09.965+0000] {processor.py:186} INFO - Started process (PID=884) to work on /home/airflow/.local/lib/python3.12/site-packages/airflow/example_dags/example_branch_labels.py
[2025-02-24T20:07:09.966+0000] {processor.py:914} INFO - Processing file /home/airflow/.local/lib/python3.12/site-packages/airflow/example_dags/example_branch_labels.py for tasks to queue
[2025-02-24T20:07:09.969+0000] {logging_mixin.py:190} INFO - [2025-02-24T20:07:09.968+0000] {dagbag.py:588} INFO - Filling up the DagBag from /home/airflow/.local/lib/python3.12/site-packages/airflow/example_dags/example_branch_labels.py
[2025-02-24T20:07:09.979+0000] {processor.py:925} INFO - DAG(s) 'example_branch_labels' retrieved from /home/airflow/.local/lib/python3.12/site-packages/airflow/example_dags/example_branch_labels.py
[2025-02-24T20:07:10.001+0000] {logging_mixin.py:190} INFO - [2025-02-24T20:07:10.001+0000] {dag.py:3239} INFO - Sync 1 DAGs
[2025-02-24T20:07:10.028+0000] {logging_mixin.py:190} INFO - [2025-02-24T20:07:10.028+0000] {dag.py:4180} INFO - Setting next_dagrun for example_branch_labels to 2025-02-23 00:00:00+00:00, run_after=2025-02-24 00:00:00+00:00
[2025-02-24T20:07:10.049+0000] {processor.py:208} INFO - Processing /home/airflow/.local/lib/python3.12/site-packages/airflow/example_dags/example_branch_labels.py took 0.090 seconds
[2025-02-24T20:07:40.446+0000] {processor.py:186} INFO - Started process (PID=946) to work on /home/airflow/.local/lib/python3.12/site-packages/airflow/example_dags/example_branch_labels.py
[2025-02-24T20:07:40.447+0000] {processor.py:914} INFO - Processing file /home/airflow/.local/lib/python3.12/site-packages/airflow/example_dags/example_branch_labels.py for tasks to queue
[2025-02-24T20:07:40.450+0000] {logging_mixin.py:190} INFO - [2025-02-24T20:07:40.449+0000] {dagbag.py:588} INFO - Filling up the DagBag from /home/airflow/.local/lib/python3.12/site-packages/airflow/example_dags/example_branch_labels.py
[2025-02-24T20:07:40.461+0000] {processor.py:925} INFO - DAG(s) 'example_branch_labels' retrieved from /home/airflow/.local/lib/python3.12/site-packages/airflow/example_dags/example_branch_labels.py
[2025-02-24T20:07:40.482+0000] {logging_mixin.py:190} INFO - [2025-02-24T20:07:40.482+0000] {dag.py:3239} INFO - Sync 1 DAGs
[2025-02-24T20:07:40.507+0000] {logging_mixin.py:190} INFO - [2025-02-24T20:07:40.507+0000] {dag.py:4180} INFO - Setting next_dagrun for example_branch_labels to 2025-02-23 00:00:00+00:00, run_after=2025-02-24 00:00:00+00:00
[2025-02-24T20:07:40.529+0000] {processor.py:208} INFO - Processing /home/airflow/.local/lib/python3.12/site-packages/airflow/example_dags/example_branch_labels.py took 0.089 seconds
[2025-02-24T20:08:10.823+0000] {processor.py:186} INFO - Started process (PID=1009) to work on /home/airflow/.local/lib/python3.12/site-packages/airflow/example_dags/example_branch_labels.py
[2025-02-24T20:08:10.823+0000] {processor.py:914} INFO - Processing file /home/airflow/.local/lib/python3.12/site-packages/airflow/example_dags/example_branch_labels.py for tasks to queue
[2025-02-24T20:08:10.826+0000] {logging_mixin.py:190} INFO - [2025-02-24T20:08:10.826+0000] {dagbag.py:588} INFO - Filling up the DagBag from /home/airflow/.local/lib/python3.12/site-packages/airflow/example_dags/example_branch_labels.py
[2025-02-24T20:08:10.837+0000] {processor.py:925} INFO - DAG(s) 'example_branch_labels' retrieved from /home/airflow/.local/lib/python3.12/site-packages/airflow/example_dags/example_branch_labels.py
[2025-02-24T20:08:10.858+0000] {logging_mixin.py:190} INFO - [2025-02-24T20:08:10.858+0000] {dag.py:3239} INFO - Sync 1 DAGs
[2025-02-24T20:08:10.883+0000] {logging_mixin.py:190} INFO - [2025-02-24T20:08:10.883+0000] {dag.py:4180} INFO - Setting next_dagrun for example_branch_labels to 2025-02-23 00:00:00+00:00, run_after=2025-02-24 00:00:00+00:00
[2025-02-24T20:08:10.913+0000] {processor.py:208} INFO - Processing /home/airflow/.local/lib/python3.12/site-packages/airflow/example_dags/example_branch_labels.py took 0.096 seconds
[2025-02-24T20:08:41.416+0000] {processor.py:186} INFO - Started process (PID=1064) to work on /home/airflow/.local/lib/python3.12/site-packages/airflow/example_dags/example_branch_labels.py
[2025-02-24T20:08:41.417+0000] {processor.py:914} INFO - Processing file /home/airflow/.local/lib/python3.12/site-packages/airflow/example_dags/example_branch_labels.py for tasks to queue
[2025-02-24T20:08:41.420+0000] {logging_mixin.py:190} INFO - [2025-02-24T20:08:41.420+0000] {dagbag.py:588} INFO - Filling up the DagBag from /home/airflow/.local/lib/python3.12/site-packages/airflow/example_dags/example_branch_labels.py
[2025-02-24T20:08:41.431+0000] {processor.py:925} INFO - DAG(s) 'example_branch_labels' retrieved from /home/airflow/.local/lib/python3.12/site-packages/airflow/example_dags/example_branch_labels.py
[2025-02-24T20:08:41.452+0000] {logging_mixin.py:190} INFO - [2025-02-24T20:08:41.452+0000] {dag.py:3239} INFO - Sync 1 DAGs
[2025-02-24T20:08:41.478+0000] {logging_mixin.py:190} INFO - [2025-02-24T20:08:41.478+0000] {dag.py:4180} INFO - Setting next_dagrun for example_branch_labels to 2025-02-23 00:00:00+00:00, run_after=2025-02-24 00:00:00+00:00
[2025-02-24T20:08:41.510+0000] {processor.py:208} INFO - Processing /home/airflow/.local/lib/python3.12/site-packages/airflow/example_dags/example_branch_labels.py took 0.099 seconds
[2025-02-24T20:09:12.394+0000] {processor.py:186} INFO - Started process (PID=1127) to work on /home/airflow/.local/lib/python3.12/site-packages/airflow/example_dags/example_branch_labels.py
[2025-02-24T20:09:12.395+0000] {processor.py:914} INFO - Processing file /home/airflow/.local/lib/python3.12/site-packages/airflow/example_dags/example_branch_labels.py for tasks to queue
[2025-02-24T20:09:12.397+0000] {logging_mixin.py:190} INFO - [2025-02-24T20:09:12.397+0000] {dagbag.py:588} INFO - Filling up the DagBag from /home/airflow/.local/lib/python3.12/site-packages/airflow/example_dags/example_branch_labels.py
[2025-02-24T20:09:12.407+0000] {processor.py:925} INFO - DAG(s) 'example_branch_labels' retrieved from /home/airflow/.local/lib/python3.12/site-packages/airflow/example_dags/example_branch_labels.py
[2025-02-24T20:09:12.428+0000] {logging_mixin.py:190} INFO - [2025-02-24T20:09:12.428+0000] {dag.py:3239} INFO - Sync 1 DAGs
[2025-02-24T20:09:12.453+0000] {logging_mixin.py:190} INFO - [2025-02-24T20:09:12.453+0000] {dag.py:4180} INFO - Setting next_dagrun for example_branch_labels to 2025-02-23 00:00:00+00:00, run_after=2025-02-24 00:00:00+00:00
[2025-02-24T20:09:12.476+0000] {processor.py:208} INFO - Processing /home/airflow/.local/lib/python3.12/site-packages/airflow/example_dags/example_branch_labels.py took 0.087 seconds
[2025-02-24T20:09:43.679+0000] {processor.py:186} INFO - Started process (PID=1191) to work on /home/airflow/.local/lib/python3.12/site-packages/airflow/example_dags/example_branch_labels.py
[2025-02-24T20:09:43.681+0000] {processor.py:914} INFO - Processing file /home/airflow/.local/lib/python3.12/site-packages/airflow/example_dags/example_branch_labels.py for tasks to queue
[2025-02-24T20:09:43.683+0000] {logging_mixin.py:190} INFO - [2025-02-24T20:09:43.683+0000] {dagbag.py:588} INFO - Filling up the DagBag from /home/airflow/.local/lib/python3.12/site-packages/airflow/example_dags/example_branch_labels.py
[2025-02-24T20:09:43.694+0000] {processor.py:925} INFO - DAG(s) 'example_branch_labels' retrieved from /home/airflow/.local/lib/python3.12/site-packages/airflow/example_dags/example_branch_labels.py
[2025-02-24T20:09:43.726+0000] {logging_mixin.py:190} INFO - [2025-02-24T20:09:43.726+0000] {dag.py:3239} INFO - Sync 1 DAGs
[2025-02-24T20:09:43.753+0000] {logging_mixin.py:190} INFO - [2025-02-24T20:09:43.753+0000] {dag.py:4180} INFO - Setting next_dagrun for example_branch_labels to 2025-02-23 00:00:00+00:00, run_after=2025-02-24 00:00:00+00:00
[2025-02-24T20:09:43.775+0000] {processor.py:208} INFO - Processing /home/airflow/.local/lib/python3.12/site-packages/airflow/example_dags/example_branch_labels.py took 0.101 seconds
[2025-02-24T20:10:14.818+0000] {processor.py:186} INFO - Started process (PID=1252) to work on /home/airflow/.local/lib/python3.12/site-packages/airflow/example_dags/example_branch_labels.py
[2025-02-24T20:10:14.819+0000] {processor.py:914} INFO - Processing file /home/airflow/.local/lib/python3.12/site-packages/airflow/example_dags/example_branch_labels.py for tasks to queue
[2025-02-24T20:10:14.822+0000] {logging_mixin.py:190} INFO - [2025-02-24T20:10:14.821+0000] {dagbag.py:588} INFO - Filling up the DagBag from /home/airflow/.local/lib/python3.12/site-packages/airflow/example_dags/example_branch_labels.py
[2025-02-24T20:10:14.831+0000] {processor.py:925} INFO - DAG(s) 'example_branch_labels' retrieved from /home/airflow/.local/lib/python3.12/site-packages/airflow/example_dags/example_branch_labels.py
[2025-02-24T20:10:14.851+0000] {logging_mixin.py:190} INFO - [2025-02-24T20:10:14.851+0000] {dag.py:3239} INFO - Sync 1 DAGs
[2025-02-24T20:10:14.876+0000] {logging_mixin.py:190} INFO - [2025-02-24T20:10:14.875+0000] {dag.py:4180} INFO - Setting next_dagrun for example_branch_labels to 2025-02-23 00:00:00+00:00, run_after=2025-02-24 00:00:00+00:00
[2025-02-24T20:10:14.899+0000] {processor.py:208} INFO - Processing /home/airflow/.local/lib/python3.12/site-packages/airflow/example_dags/example_branch_labels.py took 0.086 seconds
[2025-02-24T20:10:45.337+0000] {processor.py:186} INFO - Started process (PID=1307) to work on /home/airflow/.local/lib/python3.12/site-packages/airflow/example_dags/example_branch_labels.py
[2025-02-24T20:10:45.338+0000] {processor.py:914} INFO - Processing file /home/airflow/.local/lib/python3.12/site-packages/airflow/example_dags/example_branch_labels.py for tasks to queue
[2025-02-24T20:10:45.341+0000] {logging_mixin.py:190} INFO - [2025-02-24T20:10:45.341+0000] {dagbag.py:588} INFO - Filling up the DagBag from /home/airflow/.local/lib/python3.12/site-packages/airflow/example_dags/example_branch_labels.py
[2025-02-24T20:10:45.355+0000] {processor.py:925} INFO - DAG(s) 'example_branch_labels' retrieved from /home/airflow/.local/lib/python3.12/site-packages/airflow/example_dags/example_branch_labels.py
[2025-02-24T20:10:45.380+0000] {logging_mixin.py:190} INFO - [2025-02-24T20:10:45.380+0000] {dag.py:3239} INFO - Sync 1 DAGs
[2025-02-24T20:10:45.414+0000] {logging_mixin.py:190} INFO - [2025-02-24T20:10:45.413+0000] {dag.py:4180} INFO - Setting next_dagrun for example_branch_labels to 2025-02-23 00:00:00+00:00, run_after=2025-02-24 00:00:00+00:00
[2025-02-24T20:10:45.439+0000] {processor.py:208} INFO - Processing /home/airflow/.local/lib/python3.12/site-packages/airflow/example_dags/example_branch_labels.py took 0.109 seconds
[2025-02-24T20:11:16.698+0000] {processor.py:186} INFO - Started process (PID=1369) to work on /home/airflow/.local/lib/python3.12/site-packages/airflow/example_dags/example_branch_labels.py
[2025-02-24T20:11:16.700+0000] {processor.py:914} INFO - Processing file /home/airflow/.local/lib/python3.12/site-packages/airflow/example_dags/example_branch_labels.py for tasks to queue
[2025-02-24T20:11:16.702+0000] {logging_mixin.py:190} INFO - [2025-02-24T20:11:16.702+0000] {dagbag.py:588} INFO - Filling up the DagBag from /home/airflow/.local/lib/python3.12/site-packages/airflow/example_dags/example_branch_labels.py
[2025-02-24T20:11:16.711+0000] {processor.py:925} INFO - DAG(s) 'example_branch_labels' retrieved from /home/airflow/.local/lib/python3.12/site-packages/airflow/example_dags/example_branch_labels.py
[2025-02-24T20:11:16.732+0000] {logging_mixin.py:190} INFO - [2025-02-24T20:11:16.732+0000] {dag.py:3239} INFO - Sync 1 DAGs
[2025-02-24T20:11:16.757+0000] {logging_mixin.py:190} INFO - [2025-02-24T20:11:16.757+0000] {dag.py:4180} INFO - Setting next_dagrun for example_branch_labels to 2025-02-23 00:00:00+00:00, run_after=2025-02-24 00:00:00+00:00
[2025-02-24T20:11:16.780+0000] {processor.py:208} INFO - Processing /home/airflow/.local/lib/python3.12/site-packages/airflow/example_dags/example_branch_labels.py took 0.087 seconds
[2025-02-24T20:11:47.099+0000] {processor.py:186} INFO - Started process (PID=1425) to work on /home/airflow/.local/lib/python3.12/site-packages/airflow/example_dags/example_branch_labels.py
[2025-02-24T20:11:47.101+0000] {processor.py:914} INFO - Processing file /home/airflow/.local/lib/python3.12/site-packages/airflow/example_dags/example_branch_labels.py for tasks to queue
[2025-02-24T20:11:47.104+0000] {logging_mixin.py:190} INFO - [2025-02-24T20:11:47.103+0000] {dagbag.py:588} INFO - Filling up the DagBag from /home/airflow/.local/lib/python3.12/site-packages/airflow/example_dags/example_branch_labels.py
[2025-02-24T20:11:47.114+0000] {processor.py:925} INFO - DAG(s) 'example_branch_labels' retrieved from /home/airflow/.local/lib/python3.12/site-packages/airflow/example_dags/example_branch_labels.py
[2025-02-24T20:11:47.134+0000] {logging_mixin.py:190} INFO - [2025-02-24T20:11:47.134+0000] {dag.py:3239} INFO - Sync 1 DAGs
[2025-02-24T20:11:47.159+0000] {logging_mixin.py:190} INFO - [2025-02-24T20:11:47.159+0000] {dag.py:4180} INFO - Setting next_dagrun for example_branch_labels to 2025-02-23 00:00:00+00:00, run_after=2025-02-24 00:00:00+00:00
[2025-02-24T20:11:47.179+0000] {processor.py:208} INFO - Processing /home/airflow/.local/lib/python3.12/site-packages/airflow/example_dags/example_branch_labels.py took 0.086 seconds
[2025-02-24T20:12:17.276+0000] {processor.py:186} INFO - Started process (PID=1488) to work on /home/airflow/.local/lib/python3.12/site-packages/airflow/example_dags/example_branch_labels.py
[2025-02-24T20:12:17.277+0000] {processor.py:914} INFO - Processing file /home/airflow/.local/lib/python3.12/site-packages/airflow/example_dags/example_branch_labels.py for tasks to queue
[2025-02-24T20:12:17.280+0000] {logging_mixin.py:190} INFO - [2025-02-24T20:12:17.280+0000] {dagbag.py:588} INFO - Filling up the DagBag from /home/airflow/.local/lib/python3.12/site-packages/airflow/example_dags/example_branch_labels.py
[2025-02-24T20:12:17.290+0000] {processor.py:925} INFO - DAG(s) 'example_branch_labels' retrieved from /home/airflow/.local/lib/python3.12/site-packages/airflow/example_dags/example_branch_labels.py
[2025-02-24T20:12:17.310+0000] {logging_mixin.py:190} INFO - [2025-02-24T20:12:17.310+0000] {dag.py:3239} INFO - Sync 1 DAGs
[2025-02-24T20:12:17.336+0000] {logging_mixin.py:190} INFO - [2025-02-24T20:12:17.336+0000] {dag.py:4180} INFO - Setting next_dagrun for example_branch_labels to 2025-02-23 00:00:00+00:00, run_after=2025-02-24 00:00:00+00:00
[2025-02-24T20:12:17.356+0000] {processor.py:208} INFO - Processing /home/airflow/.local/lib/python3.12/site-packages/airflow/example_dags/example_branch_labels.py took 0.087 seconds
[2025-02-24T20:12:47.903+0000] {processor.py:186} INFO - Started process (PID=1551) to work on /home/airflow/.local/lib/python3.12/site-packages/airflow/example_dags/example_branch_labels.py
[2025-02-24T20:12:47.905+0000] {processor.py:914} INFO - Processing file /home/airflow/.local/lib/python3.12/site-packages/airflow/example_dags/example_branch_labels.py for tasks to queue
[2025-02-24T20:12:47.907+0000] {logging_mixin.py:190} INFO - [2025-02-24T20:12:47.907+0000] {dagbag.py:588} INFO - Filling up the DagBag from /home/airflow/.local/lib/python3.12/site-packages/airflow/example_dags/example_branch_labels.py
[2025-02-24T20:12:47.917+0000] {processor.py:925} INFO - DAG(s) 'example_branch_labels' retrieved from /home/airflow/.local/lib/python3.12/site-packages/airflow/example_dags/example_branch_labels.py
[2025-02-24T20:12:47.939+0000] {logging_mixin.py:190} INFO - [2025-02-24T20:12:47.939+0000] {dag.py:3239} INFO - Sync 1 DAGs
[2025-02-24T20:12:47.964+0000] {logging_mixin.py:190} INFO - [2025-02-24T20:12:47.964+0000] {dag.py:4180} INFO - Setting next_dagrun for example_branch_labels to 2025-02-23 00:00:00+00:00, run_after=2025-02-24 00:00:00+00:00
[2025-02-24T20:12:47.984+0000] {processor.py:208} INFO - Processing /home/airflow/.local/lib/python3.12/site-packages/airflow/example_dags/example_branch_labels.py took 0.086 seconds
[2025-02-24T20:13:18.223+0000] {processor.py:186} INFO - Started process (PID=1614) to work on /home/airflow/.local/lib/python3.12/site-packages/airflow/example_dags/example_branch_labels.py
[2025-02-24T20:13:18.225+0000] {processor.py:914} INFO - Processing file /home/airflow/.local/lib/python3.12/site-packages/airflow/example_dags/example_branch_labels.py for tasks to queue
[2025-02-24T20:13:18.229+0000] {logging_mixin.py:190} INFO - [2025-02-24T20:13:18.228+0000] {dagbag.py:588} INFO - Filling up the DagBag from /home/airflow/.local/lib/python3.12/site-packages/airflow/example_dags/example_branch_labels.py
[2025-02-24T20:13:18.244+0000] {processor.py:925} INFO - DAG(s) 'example_branch_labels' retrieved from /home/airflow/.local/lib/python3.12/site-packages/airflow/example_dags/example_branch_labels.py
[2025-02-24T20:13:18.274+0000] {logging_mixin.py:190} INFO - [2025-02-24T20:13:18.274+0000] {dag.py:3239} INFO - Sync 1 DAGs
[2025-02-24T20:13:18.305+0000] {logging_mixin.py:190} INFO - [2025-02-24T20:13:18.305+0000] {dag.py:4180} INFO - Setting next_dagrun for example_branch_labels to 2025-02-23 00:00:00+00:00, run_after=2025-02-24 00:00:00+00:00
[2025-02-24T20:13:18.330+0000] {processor.py:208} INFO - Processing /home/airflow/.local/lib/python3.12/site-packages/airflow/example_dags/example_branch_labels.py took 0.113 seconds
[2025-02-24T20:13:48.431+0000] {processor.py:186} INFO - Started process (PID=1677) to work on /home/airflow/.local/lib/python3.12/site-packages/airflow/example_dags/example_branch_labels.py
[2025-02-24T20:13:48.432+0000] {processor.py:914} INFO - Processing file /home/airflow/.local/lib/python3.12/site-packages/airflow/example_dags/example_branch_labels.py for tasks to queue
[2025-02-24T20:13:48.435+0000] {logging_mixin.py:190} INFO - [2025-02-24T20:13:48.435+0000] {dagbag.py:588} INFO - Filling up the DagBag from /home/airflow/.local/lib/python3.12/site-packages/airflow/example_dags/example_branch_labels.py
[2025-02-24T20:13:48.445+0000] {processor.py:925} INFO - DAG(s) 'example_branch_labels' retrieved from /home/airflow/.local/lib/python3.12/site-packages/airflow/example_dags/example_branch_labels.py
[2025-02-24T20:13:48.468+0000] {logging_mixin.py:190} INFO - [2025-02-24T20:13:48.468+0000] {dag.py:3239} INFO - Sync 1 DAGs
[2025-02-24T20:13:48.495+0000] {logging_mixin.py:190} INFO - [2025-02-24T20:13:48.495+0000] {dag.py:4180} INFO - Setting next_dagrun for example_branch_labels to 2025-02-23 00:00:00+00:00, run_after=2025-02-24 00:00:00+00:00
[2025-02-24T20:13:48.520+0000] {processor.py:208} INFO - Processing /home/airflow/.local/lib/python3.12/site-packages/airflow/example_dags/example_branch_labels.py took 0.095 seconds
[2025-02-24T20:14:19.205+0000] {processor.py:186} INFO - Started process (PID=1740) to work on /home/airflow/.local/lib/python3.12/site-packages/airflow/example_dags/example_branch_labels.py
[2025-02-24T20:14:19.207+0000] {processor.py:914} INFO - Processing file /home/airflow/.local/lib/python3.12/site-packages/airflow/example_dags/example_branch_labels.py for tasks to queue
[2025-02-24T20:14:19.210+0000] {logging_mixin.py:190} INFO - [2025-02-24T20:14:19.210+0000] {dagbag.py:588} INFO - Filling up the DagBag from /home/airflow/.local/lib/python3.12/site-packages/airflow/example_dags/example_branch_labels.py
[2025-02-24T20:14:19.223+0000] {processor.py:925} INFO - DAG(s) 'example_branch_labels' retrieved from /home/airflow/.local/lib/python3.12/site-packages/airflow/example_dags/example_branch_labels.py
[2025-02-24T20:14:19.251+0000] {logging_mixin.py:190} INFO - [2025-02-24T20:14:19.251+0000] {dag.py:3239} INFO - Sync 1 DAGs
[2025-02-24T20:14:19.283+0000] {logging_mixin.py:190} INFO - [2025-02-24T20:14:19.283+0000] {dag.py:4180} INFO - Setting next_dagrun for example_branch_labels to 2025-02-23 00:00:00+00:00, run_after=2025-02-24 00:00:00+00:00
[2025-02-24T20:14:19.308+0000] {processor.py:208} INFO - Processing /home/airflow/.local/lib/python3.12/site-packages/airflow/example_dags/example_branch_labels.py took 0.109 seconds
[2025-02-24T20:14:49.531+0000] {processor.py:186} INFO - Started process (PID=1803) to work on /home/airflow/.local/lib/python3.12/site-packages/airflow/example_dags/example_branch_labels.py
[2025-02-24T20:14:49.532+0000] {processor.py:914} INFO - Processing file /home/airflow/.local/lib/python3.12/site-packages/airflow/example_dags/example_branch_labels.py for tasks to queue
[2025-02-24T20:14:49.537+0000] {logging_mixin.py:190} INFO - [2025-02-24T20:14:49.536+0000] {dagbag.py:588} INFO - Filling up the DagBag from /home/airflow/.local/lib/python3.12/site-packages/airflow/example_dags/example_branch_labels.py
[2025-02-24T20:14:49.556+0000] {processor.py:925} INFO - DAG(s) 'example_branch_labels' retrieved from /home/airflow/.local/lib/python3.12/site-packages/airflow/example_dags/example_branch_labels.py
[2025-02-24T20:14:49.587+0000] {logging_mixin.py:190} INFO - [2025-02-24T20:14:49.586+0000] {dag.py:3239} INFO - Sync 1 DAGs
[2025-02-24T20:14:49.621+0000] {logging_mixin.py:190} INFO - [2025-02-24T20:14:49.621+0000] {dag.py:4180} INFO - Setting next_dagrun for example_branch_labels to 2025-02-23 00:00:00+00:00, run_after=2025-02-24 00:00:00+00:00
[2025-02-24T20:14:49.652+0000] {processor.py:208} INFO - Processing /home/airflow/.local/lib/python3.12/site-packages/airflow/example_dags/example_branch_labels.py took 0.130 seconds
[2025-02-24T20:15:19.821+0000] {processor.py:186} INFO - Started process (PID=1866) to work on /home/airflow/.local/lib/python3.12/site-packages/airflow/example_dags/example_branch_labels.py
[2025-02-24T20:15:19.822+0000] {processor.py:914} INFO - Processing file /home/airflow/.local/lib/python3.12/site-packages/airflow/example_dags/example_branch_labels.py for tasks to queue
[2025-02-24T20:15:19.825+0000] {logging_mixin.py:190} INFO - [2025-02-24T20:15:19.825+0000] {dagbag.py:588} INFO - Filling up the DagBag from /home/airflow/.local/lib/python3.12/site-packages/airflow/example_dags/example_branch_labels.py
[2025-02-24T20:15:19.836+0000] {processor.py:925} INFO - DAG(s) 'example_branch_labels' retrieved from /home/airflow/.local/lib/python3.12/site-packages/airflow/example_dags/example_branch_labels.py
[2025-02-24T20:15:19.863+0000] {logging_mixin.py:190} INFO - [2025-02-24T20:15:19.863+0000] {dag.py:3239} INFO - Sync 1 DAGs
[2025-02-24T20:15:19.898+0000] {logging_mixin.py:190} INFO - [2025-02-24T20:15:19.898+0000] {dag.py:4180} INFO - Setting next_dagrun for example_branch_labels to 2025-02-23 00:00:00+00:00, run_after=2025-02-24 00:00:00+00:00
[2025-02-24T20:15:19.924+0000] {processor.py:208} INFO - Processing /home/airflow/.local/lib/python3.12/site-packages/airflow/example_dags/example_branch_labels.py took 0.108 seconds
[2025-02-24T20:15:50.075+0000] {processor.py:186} INFO - Started process (PID=1929) to work on /home/airflow/.local/lib/python3.12/site-packages/airflow/example_dags/example_branch_labels.py
[2025-02-24T20:15:50.076+0000] {processor.py:914} INFO - Processing file /home/airflow/.local/lib/python3.12/site-packages/airflow/example_dags/example_branch_labels.py for tasks to queue
[2025-02-24T20:15:50.080+0000] {logging_mixin.py:190} INFO - [2025-02-24T20:15:50.079+0000] {dagbag.py:588} INFO - Filling up the DagBag from /home/airflow/.local/lib/python3.12/site-packages/airflow/example_dags/example_branch_labels.py
[2025-02-24T20:15:50.094+0000] {processor.py:925} INFO - DAG(s) 'example_branch_labels' retrieved from /home/airflow/.local/lib/python3.12/site-packages/airflow/example_dags/example_branch_labels.py
[2025-02-24T20:15:50.122+0000] {logging_mixin.py:190} INFO - [2025-02-24T20:15:50.121+0000] {dag.py:3239} INFO - Sync 1 DAGs
[2025-02-24T20:15:50.158+0000] {logging_mixin.py:190} INFO - [2025-02-24T20:15:50.157+0000] {dag.py:4180} INFO - Setting next_dagrun for example_branch_labels to 2025-02-23 00:00:00+00:00, run_after=2025-02-24 00:00:00+00:00
[2025-02-24T20:15:50.184+0000] {processor.py:208} INFO - Processing /home/airflow/.local/lib/python3.12/site-packages/airflow/example_dags/example_branch_labels.py took 0.116 seconds
[2025-02-24T20:16:20.539+0000] {processor.py:186} INFO - Started process (PID=1992) to work on /home/airflow/.local/lib/python3.12/site-packages/airflow/example_dags/example_branch_labels.py
[2025-02-24T20:16:20.540+0000] {processor.py:914} INFO - Processing file /home/airflow/.local/lib/python3.12/site-packages/airflow/example_dags/example_branch_labels.py for tasks to queue
[2025-02-24T20:16:20.543+0000] {logging_mixin.py:190} INFO - [2025-02-24T20:16:20.542+0000] {dagbag.py:588} INFO - Filling up the DagBag from /home/airflow/.local/lib/python3.12/site-packages/airflow/example_dags/example_branch_labels.py
[2025-02-24T20:16:20.554+0000] {processor.py:925} INFO - DAG(s) 'example_branch_labels' retrieved from /home/airflow/.local/lib/python3.12/site-packages/airflow/example_dags/example_branch_labels.py
[2025-02-24T20:16:20.578+0000] {logging_mixin.py:190} INFO - [2025-02-24T20:16:20.578+0000] {dag.py:3239} INFO - Sync 1 DAGs
[2025-02-24T20:16:20.613+0000] {logging_mixin.py:190} INFO - [2025-02-24T20:16:20.613+0000] {dag.py:4180} INFO - Setting next_dagrun for example_branch_labels to 2025-02-23 00:00:00+00:00, run_after=2025-02-24 00:00:00+00:00
[2025-02-24T20:16:20.641+0000] {processor.py:208} INFO - Processing /home/airflow/.local/lib/python3.12/site-packages/airflow/example_dags/example_branch_labels.py took 0.110 seconds
[2025-02-24T20:16:51.578+0000] {processor.py:186} INFO - Started process (PID=2055) to work on /home/airflow/.local/lib/python3.12/site-packages/airflow/example_dags/example_branch_labels.py
[2025-02-24T20:16:51.579+0000] {processor.py:914} INFO - Processing file /home/airflow/.local/lib/python3.12/site-packages/airflow/example_dags/example_branch_labels.py for tasks to queue
[2025-02-24T20:16:51.582+0000] {logging_mixin.py:190} INFO - [2025-02-24T20:16:51.582+0000] {dagbag.py:588} INFO - Filling up the DagBag from /home/airflow/.local/lib/python3.12/site-packages/airflow/example_dags/example_branch_labels.py
[2025-02-24T20:16:51.595+0000] {processor.py:925} INFO - DAG(s) 'example_branch_labels' retrieved from /home/airflow/.local/lib/python3.12/site-packages/airflow/example_dags/example_branch_labels.py
[2025-02-24T20:16:51.624+0000] {logging_mixin.py:190} INFO - [2025-02-24T20:16:51.624+0000] {dag.py:3239} INFO - Sync 1 DAGs
[2025-02-24T20:16:51.662+0000] {logging_mixin.py:190} INFO - [2025-02-24T20:16:51.661+0000] {dag.py:4180} INFO - Setting next_dagrun for example_branch_labels to 2025-02-23 00:00:00+00:00, run_after=2025-02-24 00:00:00+00:00
[2025-02-24T20:16:51.689+0000] {processor.py:208} INFO - Processing /home/airflow/.local/lib/python3.12/site-packages/airflow/example_dags/example_branch_labels.py took 0.119 seconds
[2025-02-24T20:17:21.872+0000] {processor.py:186} INFO - Started process (PID=2118) to work on /home/airflow/.local/lib/python3.12/site-packages/airflow/example_dags/example_branch_labels.py
[2025-02-24T20:17:21.875+0000] {processor.py:914} INFO - Processing file /home/airflow/.local/lib/python3.12/site-packages/airflow/example_dags/example_branch_labels.py for tasks to queue
[2025-02-24T20:17:21.881+0000] {logging_mixin.py:190} INFO - [2025-02-24T20:17:21.880+0000] {dagbag.py:588} INFO - Filling up the DagBag from /home/airflow/.local/lib/python3.12/site-packages/airflow/example_dags/example_branch_labels.py
[2025-02-24T20:17:21.904+0000] {processor.py:925} INFO - DAG(s) 'example_branch_labels' retrieved from /home/airflow/.local/lib/python3.12/site-packages/airflow/example_dags/example_branch_labels.py
[2025-02-24T20:17:21.951+0000] {logging_mixin.py:190} INFO - [2025-02-24T20:17:21.950+0000] {dag.py:3239} INFO - Sync 1 DAGs
[2025-02-24T20:17:21.996+0000] {logging_mixin.py:190} INFO - [2025-02-24T20:17:21.996+0000] {dag.py:4180} INFO - Setting next_dagrun for example_branch_labels to 2025-02-23 00:00:00+00:00, run_after=2025-02-24 00:00:00+00:00
[2025-02-24T20:17:22.041+0000] {processor.py:208} INFO - Processing /home/airflow/.local/lib/python3.12/site-packages/airflow/example_dags/example_branch_labels.py took 0.185 seconds
[2025-02-24T20:17:52.380+0000] {processor.py:186} INFO - Started process (PID=2187) to work on /home/airflow/.local/lib/python3.12/site-packages/airflow/example_dags/example_branch_labels.py
[2025-02-24T20:17:52.381+0000] {processor.py:914} INFO - Processing file /home/airflow/.local/lib/python3.12/site-packages/airflow/example_dags/example_branch_labels.py for tasks to queue
[2025-02-24T20:17:52.384+0000] {logging_mixin.py:190} INFO - [2025-02-24T20:17:52.384+0000] {dagbag.py:588} INFO - Filling up the DagBag from /home/airflow/.local/lib/python3.12/site-packages/airflow/example_dags/example_branch_labels.py
[2025-02-24T20:17:52.396+0000] {processor.py:925} INFO - DAG(s) 'example_branch_labels' retrieved from /home/airflow/.local/lib/python3.12/site-packages/airflow/example_dags/example_branch_labels.py
[2025-02-24T20:17:52.422+0000] {logging_mixin.py:190} INFO - [2025-02-24T20:17:52.421+0000] {dag.py:3239} INFO - Sync 1 DAGs
[2025-02-24T20:17:52.459+0000] {logging_mixin.py:190} INFO - [2025-02-24T20:17:52.459+0000] {dag.py:4180} INFO - Setting next_dagrun for example_branch_labels to 2025-02-23 00:00:00+00:00, run_after=2025-02-24 00:00:00+00:00
[2025-02-24T20:17:52.707+0000] {processor.py:208} INFO - Processing /home/airflow/.local/lib/python3.12/site-packages/airflow/example_dags/example_branch_labels.py took 0.334 seconds
[2025-02-24T20:18:22.949+0000] {processor.py:186} INFO - Started process (PID=2250) to work on /home/airflow/.local/lib/python3.12/site-packages/airflow/example_dags/example_branch_labels.py
[2025-02-24T20:18:22.950+0000] {processor.py:914} INFO - Processing file /home/airflow/.local/lib/python3.12/site-packages/airflow/example_dags/example_branch_labels.py for tasks to queue
[2025-02-24T20:18:22.955+0000] {logging_mixin.py:190} INFO - [2025-02-24T20:18:22.955+0000] {dagbag.py:588} INFO - Filling up the DagBag from /home/airflow/.local/lib/python3.12/site-packages/airflow/example_dags/example_branch_labels.py
[2025-02-24T20:18:22.970+0000] {processor.py:925} INFO - DAG(s) 'example_branch_labels' retrieved from /home/airflow/.local/lib/python3.12/site-packages/airflow/example_dags/example_branch_labels.py
[2025-02-24T20:18:23.008+0000] {logging_mixin.py:190} INFO - [2025-02-24T20:18:23.008+0000] {dag.py:3239} INFO - Sync 1 DAGs
[2025-02-24T20:18:23.075+0000] {logging_mixin.py:190} INFO - [2025-02-24T20:18:23.075+0000] {dag.py:4180} INFO - Setting next_dagrun for example_branch_labels to 2025-02-23 00:00:00+00:00, run_after=2025-02-24 00:00:00+00:00
[2025-02-24T20:18:23.105+0000] {processor.py:208} INFO - Processing /home/airflow/.local/lib/python3.12/site-packages/airflow/example_dags/example_branch_labels.py took 0.166 seconds
[2025-02-24T20:18:53.247+0000] {processor.py:186} INFO - Started process (PID=2313) to work on /home/airflow/.local/lib/python3.12/site-packages/airflow/example_dags/example_branch_labels.py
[2025-02-24T20:18:53.248+0000] {processor.py:914} INFO - Processing file /home/airflow/.local/lib/python3.12/site-packages/airflow/example_dags/example_branch_labels.py for tasks to queue
[2025-02-24T20:18:53.252+0000] {logging_mixin.py:190} INFO - [2025-02-24T20:18:53.252+0000] {dagbag.py:588} INFO - Filling up the DagBag from /home/airflow/.local/lib/python3.12/site-packages/airflow/example_dags/example_branch_labels.py
[2025-02-24T20:18:53.268+0000] {processor.py:925} INFO - DAG(s) 'example_branch_labels' retrieved from /home/airflow/.local/lib/python3.12/site-packages/airflow/example_dags/example_branch_labels.py
[2025-02-24T20:18:53.298+0000] {logging_mixin.py:190} INFO - [2025-02-24T20:18:53.297+0000] {dag.py:3239} INFO - Sync 1 DAGs
[2025-02-24T20:18:53.353+0000] {logging_mixin.py:190} INFO - [2025-02-24T20:18:53.353+0000] {dag.py:4180} INFO - Setting next_dagrun for example_branch_labels to 2025-02-23 00:00:00+00:00, run_after=2025-02-24 00:00:00+00:00
[2025-02-24T20:18:53.404+0000] {processor.py:208} INFO - Processing /home/airflow/.local/lib/python3.12/site-packages/airflow/example_dags/example_branch_labels.py took 0.167 seconds
[2025-02-24T20:19:23.597+0000] {processor.py:186} INFO - Started process (PID=2376) to work on /home/airflow/.local/lib/python3.12/site-packages/airflow/example_dags/example_branch_labels.py
[2025-02-24T20:19:23.600+0000] {processor.py:914} INFO - Processing file /home/airflow/.local/lib/python3.12/site-packages/airflow/example_dags/example_branch_labels.py for tasks to queue
[2025-02-24T20:19:23.603+0000] {logging_mixin.py:190} INFO - [2025-02-24T20:19:23.603+0000] {dagbag.py:588} INFO - Filling up the DagBag from /home/airflow/.local/lib/python3.12/site-packages/airflow/example_dags/example_branch_labels.py
[2025-02-24T20:19:23.616+0000] {processor.py:925} INFO - DAG(s) 'example_branch_labels' retrieved from /home/airflow/.local/lib/python3.12/site-packages/airflow/example_dags/example_branch_labels.py
[2025-02-24T20:19:23.640+0000] {logging_mixin.py:190} INFO - [2025-02-24T20:19:23.640+0000] {dag.py:3239} INFO - Sync 1 DAGs
[2025-02-24T20:19:23.670+0000] {logging_mixin.py:190} INFO - [2025-02-24T20:19:23.670+0000] {dag.py:4180} INFO - Setting next_dagrun for example_branch_labels to 2025-02-23 00:00:00+00:00, run_after=2025-02-24 00:00:00+00:00
[2025-02-24T20:19:23.775+0000] {processor.py:208} INFO - Processing /home/airflow/.local/lib/python3.12/site-packages/airflow/example_dags/example_branch_labels.py took 0.186 seconds
[2025-02-24T21:32:35.565+0000] {processor.py:186} INFO - Started process (PID=165) to work on /home/airflow/.local/lib/python3.12/site-packages/airflow/example_dags/example_branch_labels.py
[2025-02-24T21:32:35.570+0000] {processor.py:914} INFO - Processing file /home/airflow/.local/lib/python3.12/site-packages/airflow/example_dags/example_branch_labels.py for tasks to queue
[2025-02-24T21:32:35.583+0000] {logging_mixin.py:190} INFO - [2025-02-24T21:32:35.582+0000] {dagbag.py:588} INFO - Filling up the DagBag from /home/airflow/.local/lib/python3.12/site-packages/airflow/example_dags/example_branch_labels.py
[2025-02-24T21:32:35.708+0000] {processor.py:925} INFO - DAG(s) 'example_branch_labels' retrieved from /home/airflow/.local/lib/python3.12/site-packages/airflow/example_dags/example_branch_labels.py
[2025-02-24T21:48:40.031+0000] {processor.py:186} INFO - Started process (PID=333) to work on /home/airflow/.local/lib/python3.12/site-packages/airflow/example_dags/example_branch_labels.py
[2025-02-24T21:48:40.043+0000] {processor.py:914} INFO - Processing file /home/airflow/.local/lib/python3.12/site-packages/airflow/example_dags/example_branch_labels.py for tasks to queue
[2025-02-24T21:48:40.056+0000] {logging_mixin.py:190} INFO - [2025-02-24T21:48:40.055+0000] {dagbag.py:588} INFO - Filling up the DagBag from /home/airflow/.local/lib/python3.12/site-packages/airflow/example_dags/example_branch_labels.py
[2025-02-24T21:48:41.600+0000] {processor.py:925} INFO - DAG(s) 'example_branch_labels' retrieved from /home/airflow/.local/lib/python3.12/site-packages/airflow/example_dags/example_branch_labels.py
