[2025-02-24T20:00:33.499+0000] {processor.py:186} INFO - Started process (PID=78) to work on /home/airflow/.local/lib/python3.12/site-packages/airflow/example_dags/example_sla_dag.py
[2025-02-24T20:00:33.500+0000] {processor.py:914} INFO - Processing file /home/airflow/.local/lib/python3.12/site-packages/airflow/example_dags/example_sla_dag.py for tasks to queue
[2025-02-24T20:00:33.504+0000] {logging_mixin.py:190} INFO - [2025-02-24T20:00:33.503+0000] {dagbag.py:588} INFO - Filling up the DagBag from /home/airflow/.local/lib/python3.12/site-packages/airflow/example_dags/example_sla_dag.py
[2025-02-24T20:00:33.523+0000] {processor.py:925} INFO - DAG(s) 'example_sla_dag' retrieved from /home/airflow/.local/lib/python3.12/site-packages/airflow/example_dags/example_sla_dag.py
[2025-02-24T20:00:33.786+0000] {logging_mixin.py:190} INFO - [2025-02-24T20:00:33.785+0000] {override.py:1912} INFO - Created Permission View: can edit on DAG:example_sla_dag
[2025-02-24T20:00:33.813+0000] {logging_mixin.py:190} INFO - [2025-02-24T20:00:33.812+0000] {override.py:1912} INFO - Created Permission View: can delete on DAG:example_sla_dag
[2025-02-24T20:00:33.827+0000] {logging_mixin.py:190} INFO - [2025-02-24T20:00:33.827+0000] {override.py:1912} INFO - Created Permission View: can read on DAG:example_sla_dag
[2025-02-24T20:00:33.841+0000] {logging_mixin.py:190} INFO - [2025-02-24T20:00:33.841+0000] {override.py:1912} INFO - Created Permission View: can delete on DAG Run:example_sla_dag
[2025-02-24T20:00:33.854+0000] {logging_mixin.py:190} INFO - [2025-02-24T20:00:33.853+0000] {override.py:1912} INFO - Created Permission View: can create on DAG Run:example_sla_dag
[2025-02-24T20:00:33.867+0000] {logging_mixin.py:190} INFO - [2025-02-24T20:00:33.866+0000] {override.py:1912} INFO - Created Permission View: menu access on DAG Run:example_sla_dag
[2025-02-24T20:00:33.881+0000] {logging_mixin.py:190} INFO - [2025-02-24T20:00:33.880+0000] {override.py:1912} INFO - Created Permission View: can read on DAG Run:example_sla_dag
[2025-02-24T20:00:33.882+0000] {logging_mixin.py:190} INFO - [2025-02-24T20:00:33.882+0000] {dag.py:3239} INFO - Sync 1 DAGs
[2025-02-24T20:00:33.925+0000] {logging_mixin.py:190} INFO - [2025-02-24T20:00:33.924+0000] {dag.py:3262} INFO - Creating ORM DAG for example_sla_dag
[2025-02-24T20:00:33.961+0000] {logging_mixin.py:190} INFO - [2025-02-24T20:00:33.960+0000] {dag.py:4180} INFO - Setting next_dagrun for example_sla_dag to 2025-02-24 19:58:00+00:00, run_after=2025-02-24 20:00:00+00:00
[2025-02-24T20:00:33.993+0000] {processor.py:208} INFO - Processing /home/airflow/.local/lib/python3.12/site-packages/airflow/example_dags/example_sla_dag.py took 0.502 seconds
[2025-02-24T20:01:04.249+0000] {processor.py:186} INFO - Started process (PID=141) to work on /home/airflow/.local/lib/python3.12/site-packages/airflow/example_dags/example_sla_dag.py
[2025-02-24T20:01:04.251+0000] {processor.py:914} INFO - Processing file /home/airflow/.local/lib/python3.12/site-packages/airflow/example_dags/example_sla_dag.py for tasks to queue
[2025-02-24T20:01:04.255+0000] {logging_mixin.py:190} INFO - [2025-02-24T20:01:04.255+0000] {dagbag.py:588} INFO - Filling up the DagBag from /home/airflow/.local/lib/python3.12/site-packages/airflow/example_dags/example_sla_dag.py
[2025-02-24T20:01:04.281+0000] {processor.py:925} INFO - DAG(s) 'example_sla_dag' retrieved from /home/airflow/.local/lib/python3.12/site-packages/airflow/example_dags/example_sla_dag.py
[2025-02-24T20:01:04.317+0000] {logging_mixin.py:190} INFO - [2025-02-24T20:01:04.316+0000] {dag.py:3239} INFO - Sync 1 DAGs
[2025-02-24T20:01:04.366+0000] {logging_mixin.py:190} INFO - [2025-02-24T20:01:04.366+0000] {dag.py:4180} INFO - Setting next_dagrun for example_sla_dag to 2025-02-24 19:58:00+00:00, run_after=2025-02-24 20:00:00+00:00
[2025-02-24T20:01:04.402+0000] {processor.py:208} INFO - Processing /home/airflow/.local/lib/python3.12/site-packages/airflow/example_dags/example_sla_dag.py took 0.164 seconds
[2025-02-24T20:01:35.641+0000] {processor.py:186} INFO - Started process (PID=204) to work on /home/airflow/.local/lib/python3.12/site-packages/airflow/example_dags/example_sla_dag.py
[2025-02-24T20:01:35.643+0000] {processor.py:914} INFO - Processing file /home/airflow/.local/lib/python3.12/site-packages/airflow/example_dags/example_sla_dag.py for tasks to queue
[2025-02-24T20:01:35.646+0000] {logging_mixin.py:190} INFO - [2025-02-24T20:01:35.645+0000] {dagbag.py:588} INFO - Filling up the DagBag from /home/airflow/.local/lib/python3.12/site-packages/airflow/example_dags/example_sla_dag.py
[2025-02-24T20:01:35.658+0000] {processor.py:925} INFO - DAG(s) 'example_sla_dag' retrieved from /home/airflow/.local/lib/python3.12/site-packages/airflow/example_dags/example_sla_dag.py
[2025-02-24T20:01:35.681+0000] {logging_mixin.py:190} INFO - [2025-02-24T20:01:35.681+0000] {dag.py:3239} INFO - Sync 1 DAGs
[2025-02-24T20:01:35.716+0000] {logging_mixin.py:190} INFO - [2025-02-24T20:01:35.716+0000] {dag.py:4180} INFO - Setting next_dagrun for example_sla_dag to 2025-02-24 19:58:00+00:00, run_after=2025-02-24 20:00:00+00:00
[2025-02-24T20:01:35.737+0000] {processor.py:208} INFO - Processing /home/airflow/.local/lib/python3.12/site-packages/airflow/example_dags/example_sla_dag.py took 0.102 seconds
[2025-02-24T20:02:06.124+0000] {processor.py:186} INFO - Started process (PID=261) to work on /home/airflow/.local/lib/python3.12/site-packages/airflow/example_dags/example_sla_dag.py
[2025-02-24T20:02:06.126+0000] {processor.py:914} INFO - Processing file /home/airflow/.local/lib/python3.12/site-packages/airflow/example_dags/example_sla_dag.py for tasks to queue
[2025-02-24T20:02:06.130+0000] {logging_mixin.py:190} INFO - [2025-02-24T20:02:06.130+0000] {dagbag.py:588} INFO - Filling up the DagBag from /home/airflow/.local/lib/python3.12/site-packages/airflow/example_dags/example_sla_dag.py
[2025-02-24T20:02:06.157+0000] {processor.py:925} INFO - DAG(s) 'example_sla_dag' retrieved from /home/airflow/.local/lib/python3.12/site-packages/airflow/example_dags/example_sla_dag.py
[2025-02-24T20:02:06.202+0000] {logging_mixin.py:190} INFO - [2025-02-24T20:02:06.202+0000] {dag.py:3239} INFO - Sync 1 DAGs
[2025-02-24T20:02:06.266+0000] {logging_mixin.py:190} INFO - [2025-02-24T20:02:06.265+0000] {dag.py:4180} INFO - Setting next_dagrun for example_sla_dag to 2025-02-24 20:00:00+00:00, run_after=2025-02-24 20:02:00+00:00
[2025-02-24T20:02:06.306+0000] {processor.py:208} INFO - Processing /home/airflow/.local/lib/python3.12/site-packages/airflow/example_dags/example_sla_dag.py took 0.188 seconds
[2025-02-24T20:02:37.203+0000] {processor.py:186} INFO - Started process (PID=323) to work on /home/airflow/.local/lib/python3.12/site-packages/airflow/example_dags/example_sla_dag.py
[2025-02-24T20:02:37.205+0000] {processor.py:914} INFO - Processing file /home/airflow/.local/lib/python3.12/site-packages/airflow/example_dags/example_sla_dag.py for tasks to queue
[2025-02-24T20:02:37.207+0000] {logging_mixin.py:190} INFO - [2025-02-24T20:02:37.207+0000] {dagbag.py:588} INFO - Filling up the DagBag from /home/airflow/.local/lib/python3.12/site-packages/airflow/example_dags/example_sla_dag.py
[2025-02-24T20:02:37.218+0000] {processor.py:925} INFO - DAG(s) 'example_sla_dag' retrieved from /home/airflow/.local/lib/python3.12/site-packages/airflow/example_dags/example_sla_dag.py
[2025-02-24T20:02:37.239+0000] {logging_mixin.py:190} INFO - [2025-02-24T20:02:37.239+0000] {dag.py:3239} INFO - Sync 1 DAGs
[2025-02-24T20:02:37.267+0000] {logging_mixin.py:190} INFO - [2025-02-24T20:02:37.267+0000] {dag.py:4180} INFO - Setting next_dagrun for example_sla_dag to 2025-02-24 20:00:00+00:00, run_after=2025-02-24 20:02:00+00:00
[2025-02-24T20:02:37.287+0000] {processor.py:208} INFO - Processing /home/airflow/.local/lib/python3.12/site-packages/airflow/example_dags/example_sla_dag.py took 0.089 seconds
[2025-02-24T20:03:07.551+0000] {processor.py:186} INFO - Started process (PID=386) to work on /home/airflow/.local/lib/python3.12/site-packages/airflow/example_dags/example_sla_dag.py
[2025-02-24T20:03:07.552+0000] {processor.py:914} INFO - Processing file /home/airflow/.local/lib/python3.12/site-packages/airflow/example_dags/example_sla_dag.py for tasks to queue
[2025-02-24T20:03:07.554+0000] {logging_mixin.py:190} INFO - [2025-02-24T20:03:07.554+0000] {dagbag.py:588} INFO - Filling up the DagBag from /home/airflow/.local/lib/python3.12/site-packages/airflow/example_dags/example_sla_dag.py
[2025-02-24T20:03:07.566+0000] {processor.py:925} INFO - DAG(s) 'example_sla_dag' retrieved from /home/airflow/.local/lib/python3.12/site-packages/airflow/example_dags/example_sla_dag.py
[2025-02-24T20:03:07.585+0000] {logging_mixin.py:190} INFO - [2025-02-24T20:03:07.585+0000] {dag.py:3239} INFO - Sync 1 DAGs
[2025-02-24T20:03:07.612+0000] {logging_mixin.py:190} INFO - [2025-02-24T20:03:07.612+0000] {dag.py:4180} INFO - Setting next_dagrun for example_sla_dag to 2025-02-24 20:00:00+00:00, run_after=2025-02-24 20:02:00+00:00
[2025-02-24T20:03:07.650+0000] {processor.py:208} INFO - Processing /home/airflow/.local/lib/python3.12/site-packages/airflow/example_dags/example_sla_dag.py took 0.105 seconds
[2025-02-24T20:03:37.765+0000] {processor.py:186} INFO - Started process (PID=449) to work on /home/airflow/.local/lib/python3.12/site-packages/airflow/example_dags/example_sla_dag.py
[2025-02-24T20:03:37.766+0000] {processor.py:914} INFO - Processing file /home/airflow/.local/lib/python3.12/site-packages/airflow/example_dags/example_sla_dag.py for tasks to queue
[2025-02-24T20:03:37.768+0000] {logging_mixin.py:190} INFO - [2025-02-24T20:03:37.768+0000] {dagbag.py:588} INFO - Filling up the DagBag from /home/airflow/.local/lib/python3.12/site-packages/airflow/example_dags/example_sla_dag.py
[2025-02-24T20:03:37.779+0000] {processor.py:925} INFO - DAG(s) 'example_sla_dag' retrieved from /home/airflow/.local/lib/python3.12/site-packages/airflow/example_dags/example_sla_dag.py
[2025-02-24T20:03:37.800+0000] {logging_mixin.py:190} INFO - [2025-02-24T20:03:37.800+0000] {dag.py:3239} INFO - Sync 1 DAGs
[2025-02-24T20:03:37.828+0000] {logging_mixin.py:190} INFO - [2025-02-24T20:03:37.828+0000] {dag.py:4180} INFO - Setting next_dagrun for example_sla_dag to 2025-02-24 20:00:00+00:00, run_after=2025-02-24 20:02:00+00:00
[2025-02-24T20:03:37.848+0000] {processor.py:208} INFO - Processing /home/airflow/.local/lib/python3.12/site-packages/airflow/example_dags/example_sla_dag.py took 0.090 seconds
[2025-02-24T20:04:08.294+0000] {processor.py:186} INFO - Started process (PID=512) to work on /home/airflow/.local/lib/python3.12/site-packages/airflow/example_dags/example_sla_dag.py
[2025-02-24T20:04:08.295+0000] {processor.py:914} INFO - Processing file /home/airflow/.local/lib/python3.12/site-packages/airflow/example_dags/example_sla_dag.py for tasks to queue
[2025-02-24T20:04:08.299+0000] {logging_mixin.py:190} INFO - [2025-02-24T20:04:08.299+0000] {dagbag.py:588} INFO - Filling up the DagBag from /home/airflow/.local/lib/python3.12/site-packages/airflow/example_dags/example_sla_dag.py
[2025-02-24T20:04:08.314+0000] {processor.py:925} INFO - DAG(s) 'example_sla_dag' retrieved from /home/airflow/.local/lib/python3.12/site-packages/airflow/example_dags/example_sla_dag.py
[2025-02-24T20:04:08.342+0000] {logging_mixin.py:190} INFO - [2025-02-24T20:04:08.341+0000] {dag.py:3239} INFO - Sync 1 DAGs
[2025-02-24T20:04:08.375+0000] {logging_mixin.py:190} INFO - [2025-02-24T20:04:08.374+0000] {dag.py:4180} INFO - Setting next_dagrun for example_sla_dag to 2025-02-24 20:02:00+00:00, run_after=2025-02-24 20:04:00+00:00
[2025-02-24T20:04:08.399+0000] {processor.py:208} INFO - Processing /home/airflow/.local/lib/python3.12/site-packages/airflow/example_dags/example_sla_dag.py took 0.111 seconds
[2025-02-24T20:04:38.701+0000] {processor.py:186} INFO - Started process (PID=575) to work on /home/airflow/.local/lib/python3.12/site-packages/airflow/example_dags/example_sla_dag.py
[2025-02-24T20:04:38.702+0000] {processor.py:914} INFO - Processing file /home/airflow/.local/lib/python3.12/site-packages/airflow/example_dags/example_sla_dag.py for tasks to queue
[2025-02-24T20:04:38.705+0000] {logging_mixin.py:190} INFO - [2025-02-24T20:04:38.705+0000] {dagbag.py:588} INFO - Filling up the DagBag from /home/airflow/.local/lib/python3.12/site-packages/airflow/example_dags/example_sla_dag.py
[2025-02-24T20:04:38.717+0000] {processor.py:925} INFO - DAG(s) 'example_sla_dag' retrieved from /home/airflow/.local/lib/python3.12/site-packages/airflow/example_dags/example_sla_dag.py
[2025-02-24T20:04:38.736+0000] {logging_mixin.py:190} INFO - [2025-02-24T20:04:38.735+0000] {dag.py:3239} INFO - Sync 1 DAGs
[2025-02-24T20:04:38.761+0000] {logging_mixin.py:190} INFO - [2025-02-24T20:04:38.761+0000] {dag.py:4180} INFO - Setting next_dagrun for example_sla_dag to 2025-02-24 20:02:00+00:00, run_after=2025-02-24 20:04:00+00:00
[2025-02-24T20:04:38.798+0000] {processor.py:208} INFO - Processing /home/airflow/.local/lib/python3.12/site-packages/airflow/example_dags/example_sla_dag.py took 0.104 seconds
[2025-02-24T20:05:09.777+0000] {processor.py:186} INFO - Started process (PID=638) to work on /home/airflow/.local/lib/python3.12/site-packages/airflow/example_dags/example_sla_dag.py
[2025-02-24T20:05:09.778+0000] {processor.py:914} INFO - Processing file /home/airflow/.local/lib/python3.12/site-packages/airflow/example_dags/example_sla_dag.py for tasks to queue
[2025-02-24T20:05:09.781+0000] {logging_mixin.py:190} INFO - [2025-02-24T20:05:09.781+0000] {dagbag.py:588} INFO - Filling up the DagBag from /home/airflow/.local/lib/python3.12/site-packages/airflow/example_dags/example_sla_dag.py
[2025-02-24T20:05:09.792+0000] {processor.py:925} INFO - DAG(s) 'example_sla_dag' retrieved from /home/airflow/.local/lib/python3.12/site-packages/airflow/example_dags/example_sla_dag.py
[2025-02-24T20:05:09.811+0000] {logging_mixin.py:190} INFO - [2025-02-24T20:05:09.811+0000] {dag.py:3239} INFO - Sync 1 DAGs
[2025-02-24T20:05:09.836+0000] {logging_mixin.py:190} INFO - [2025-02-24T20:05:09.836+0000] {dag.py:4180} INFO - Setting next_dagrun for example_sla_dag to 2025-02-24 20:02:00+00:00, run_after=2025-02-24 20:04:00+00:00
[2025-02-24T20:05:09.858+0000] {processor.py:208} INFO - Processing /home/airflow/.local/lib/python3.12/site-packages/airflow/example_dags/example_sla_dag.py took 0.087 seconds
[2025-02-24T20:05:40.556+0000] {processor.py:186} INFO - Started process (PID=701) to work on /home/airflow/.local/lib/python3.12/site-packages/airflow/example_dags/example_sla_dag.py
[2025-02-24T20:05:40.557+0000] {processor.py:914} INFO - Processing file /home/airflow/.local/lib/python3.12/site-packages/airflow/example_dags/example_sla_dag.py for tasks to queue
[2025-02-24T20:05:40.560+0000] {logging_mixin.py:190} INFO - [2025-02-24T20:05:40.559+0000] {dagbag.py:588} INFO - Filling up the DagBag from /home/airflow/.local/lib/python3.12/site-packages/airflow/example_dags/example_sla_dag.py
[2025-02-24T20:05:40.572+0000] {processor.py:925} INFO - DAG(s) 'example_sla_dag' retrieved from /home/airflow/.local/lib/python3.12/site-packages/airflow/example_dags/example_sla_dag.py
[2025-02-24T20:05:40.596+0000] {logging_mixin.py:190} INFO - [2025-02-24T20:05:40.595+0000] {dag.py:3239} INFO - Sync 1 DAGs
[2025-02-24T20:05:40.636+0000] {logging_mixin.py:190} INFO - [2025-02-24T20:05:40.636+0000] {dag.py:4180} INFO - Setting next_dagrun for example_sla_dag to 2025-02-24 20:02:00+00:00, run_after=2025-02-24 20:04:00+00:00
[2025-02-24T20:05:40.664+0000] {processor.py:208} INFO - Processing /home/airflow/.local/lib/python3.12/site-packages/airflow/example_dags/example_sla_dag.py took 0.114 seconds
[2025-02-24T20:06:10.783+0000] {processor.py:186} INFO - Started process (PID=764) to work on /home/airflow/.local/lib/python3.12/site-packages/airflow/example_dags/example_sla_dag.py
[2025-02-24T20:06:10.785+0000] {processor.py:914} INFO - Processing file /home/airflow/.local/lib/python3.12/site-packages/airflow/example_dags/example_sla_dag.py for tasks to queue
[2025-02-24T20:06:10.788+0000] {logging_mixin.py:190} INFO - [2025-02-24T20:06:10.788+0000] {dagbag.py:588} INFO - Filling up the DagBag from /home/airflow/.local/lib/python3.12/site-packages/airflow/example_dags/example_sla_dag.py
[2025-02-24T20:06:10.803+0000] {processor.py:925} INFO - DAG(s) 'example_sla_dag' retrieved from /home/airflow/.local/lib/python3.12/site-packages/airflow/example_dags/example_sla_dag.py
[2025-02-24T20:06:10.825+0000] {logging_mixin.py:190} INFO - [2025-02-24T20:06:10.825+0000] {dag.py:3239} INFO - Sync 1 DAGs
[2025-02-24T20:06:10.857+0000] {logging_mixin.py:190} INFO - [2025-02-24T20:06:10.856+0000] {dag.py:4180} INFO - Setting next_dagrun for example_sla_dag to 2025-02-24 20:04:00+00:00, run_after=2025-02-24 20:06:00+00:00
[2025-02-24T20:06:10.881+0000] {processor.py:208} INFO - Processing /home/airflow/.local/lib/python3.12/site-packages/airflow/example_dags/example_sla_dag.py took 0.105 seconds
[2025-02-24T20:06:41.007+0000] {processor.py:186} INFO - Started process (PID=827) to work on /home/airflow/.local/lib/python3.12/site-packages/airflow/example_dags/example_sla_dag.py
[2025-02-24T20:06:41.008+0000] {processor.py:914} INFO - Processing file /home/airflow/.local/lib/python3.12/site-packages/airflow/example_dags/example_sla_dag.py for tasks to queue
[2025-02-24T20:06:41.011+0000] {logging_mixin.py:190} INFO - [2025-02-24T20:06:41.010+0000] {dagbag.py:588} INFO - Filling up the DagBag from /home/airflow/.local/lib/python3.12/site-packages/airflow/example_dags/example_sla_dag.py
[2025-02-24T20:06:41.022+0000] {processor.py:925} INFO - DAG(s) 'example_sla_dag' retrieved from /home/airflow/.local/lib/python3.12/site-packages/airflow/example_dags/example_sla_dag.py
[2025-02-24T20:06:41.041+0000] {logging_mixin.py:190} INFO - [2025-02-24T20:06:41.041+0000] {dag.py:3239} INFO - Sync 1 DAGs
[2025-02-24T20:06:41.067+0000] {logging_mixin.py:190} INFO - [2025-02-24T20:06:41.067+0000] {dag.py:4180} INFO - Setting next_dagrun for example_sla_dag to 2025-02-24 20:04:00+00:00, run_after=2025-02-24 20:06:00+00:00
[2025-02-24T20:06:41.098+0000] {processor.py:208} INFO - Processing /home/airflow/.local/lib/python3.12/site-packages/airflow/example_dags/example_sla_dag.py took 0.098 seconds
[2025-02-24T20:07:11.395+0000] {processor.py:186} INFO - Started process (PID=890) to work on /home/airflow/.local/lib/python3.12/site-packages/airflow/example_dags/example_sla_dag.py
[2025-02-24T20:07:11.396+0000] {processor.py:914} INFO - Processing file /home/airflow/.local/lib/python3.12/site-packages/airflow/example_dags/example_sla_dag.py for tasks to queue
[2025-02-24T20:07:11.399+0000] {logging_mixin.py:190} INFO - [2025-02-24T20:07:11.398+0000] {dagbag.py:588} INFO - Filling up the DagBag from /home/airflow/.local/lib/python3.12/site-packages/airflow/example_dags/example_sla_dag.py
[2025-02-24T20:07:11.412+0000] {processor.py:925} INFO - DAG(s) 'example_sla_dag' retrieved from /home/airflow/.local/lib/python3.12/site-packages/airflow/example_dags/example_sla_dag.py
[2025-02-24T20:07:11.435+0000] {logging_mixin.py:190} INFO - [2025-02-24T20:07:11.434+0000] {dag.py:3239} INFO - Sync 1 DAGs
[2025-02-24T20:07:11.465+0000] {logging_mixin.py:190} INFO - [2025-02-24T20:07:11.464+0000] {dag.py:4180} INFO - Setting next_dagrun for example_sla_dag to 2025-02-24 20:04:00+00:00, run_after=2025-02-24 20:06:00+00:00
[2025-02-24T20:07:11.497+0000] {processor.py:208} INFO - Processing /home/airflow/.local/lib/python3.12/site-packages/airflow/example_dags/example_sla_dag.py took 0.107 seconds
[2025-02-24T20:07:41.547+0000] {processor.py:186} INFO - Started process (PID=953) to work on /home/airflow/.local/lib/python3.12/site-packages/airflow/example_dags/example_sla_dag.py
[2025-02-24T20:07:41.548+0000] {processor.py:914} INFO - Processing file /home/airflow/.local/lib/python3.12/site-packages/airflow/example_dags/example_sla_dag.py for tasks to queue
[2025-02-24T20:07:41.551+0000] {logging_mixin.py:190} INFO - [2025-02-24T20:07:41.550+0000] {dagbag.py:588} INFO - Filling up the DagBag from /home/airflow/.local/lib/python3.12/site-packages/airflow/example_dags/example_sla_dag.py
[2025-02-24T20:07:41.561+0000] {processor.py:925} INFO - DAG(s) 'example_sla_dag' retrieved from /home/airflow/.local/lib/python3.12/site-packages/airflow/example_dags/example_sla_dag.py
[2025-02-24T20:07:41.582+0000] {logging_mixin.py:190} INFO - [2025-02-24T20:07:41.582+0000] {dag.py:3239} INFO - Sync 1 DAGs
[2025-02-24T20:07:41.609+0000] {logging_mixin.py:190} INFO - [2025-02-24T20:07:41.609+0000] {dag.py:4180} INFO - Setting next_dagrun for example_sla_dag to 2025-02-24 20:04:00+00:00, run_after=2025-02-24 20:06:00+00:00
[2025-02-24T20:07:41.632+0000] {processor.py:208} INFO - Processing /home/airflow/.local/lib/python3.12/site-packages/airflow/example_dags/example_sla_dag.py took 0.090 seconds
[2025-02-24T20:08:12.215+0000] {processor.py:186} INFO - Started process (PID=1015) to work on /home/airflow/.local/lib/python3.12/site-packages/airflow/example_dags/example_sla_dag.py
[2025-02-24T20:08:12.217+0000] {processor.py:914} INFO - Processing file /home/airflow/.local/lib/python3.12/site-packages/airflow/example_dags/example_sla_dag.py for tasks to queue
[2025-02-24T20:08:12.219+0000] {logging_mixin.py:190} INFO - [2025-02-24T20:08:12.219+0000] {dagbag.py:588} INFO - Filling up the DagBag from /home/airflow/.local/lib/python3.12/site-packages/airflow/example_dags/example_sla_dag.py
[2025-02-24T20:08:12.231+0000] {processor.py:925} INFO - DAG(s) 'example_sla_dag' retrieved from /home/airflow/.local/lib/python3.12/site-packages/airflow/example_dags/example_sla_dag.py
[2025-02-24T20:08:12.252+0000] {logging_mixin.py:190} INFO - [2025-02-24T20:08:12.252+0000] {dag.py:3239} INFO - Sync 1 DAGs
[2025-02-24T20:08:12.278+0000] {logging_mixin.py:190} INFO - [2025-02-24T20:08:12.278+0000] {dag.py:4180} INFO - Setting next_dagrun for example_sla_dag to 2025-02-24 20:06:00+00:00, run_after=2025-02-24 20:08:00+00:00
[2025-02-24T20:08:12.300+0000] {processor.py:208} INFO - Processing /home/airflow/.local/lib/python3.12/site-packages/airflow/example_dags/example_sla_dag.py took 0.090 seconds
[2025-02-24T20:08:42.435+0000] {processor.py:186} INFO - Started process (PID=1077) to work on /home/airflow/.local/lib/python3.12/site-packages/airflow/example_dags/example_sla_dag.py
[2025-02-24T20:08:42.436+0000] {processor.py:914} INFO - Processing file /home/airflow/.local/lib/python3.12/site-packages/airflow/example_dags/example_sla_dag.py for tasks to queue
[2025-02-24T20:08:42.439+0000] {logging_mixin.py:190} INFO - [2025-02-24T20:08:42.439+0000] {dagbag.py:588} INFO - Filling up the DagBag from /home/airflow/.local/lib/python3.12/site-packages/airflow/example_dags/example_sla_dag.py
[2025-02-24T20:08:42.449+0000] {processor.py:925} INFO - DAG(s) 'example_sla_dag' retrieved from /home/airflow/.local/lib/python3.12/site-packages/airflow/example_dags/example_sla_dag.py
[2025-02-24T20:08:42.470+0000] {logging_mixin.py:190} INFO - [2025-02-24T20:08:42.470+0000] {dag.py:3239} INFO - Sync 1 DAGs
[2025-02-24T20:08:42.497+0000] {logging_mixin.py:190} INFO - [2025-02-24T20:08:42.496+0000] {dag.py:4180} INFO - Setting next_dagrun for example_sla_dag to 2025-02-24 20:06:00+00:00, run_after=2025-02-24 20:08:00+00:00
[2025-02-24T20:08:42.528+0000] {processor.py:208} INFO - Processing /home/airflow/.local/lib/python3.12/site-packages/airflow/example_dags/example_sla_dag.py took 0.099 seconds
[2025-02-24T20:09:12.932+0000] {processor.py:186} INFO - Started process (PID=1137) to work on /home/airflow/.local/lib/python3.12/site-packages/airflow/example_dags/example_sla_dag.py
[2025-02-24T20:09:12.933+0000] {processor.py:914} INFO - Processing file /home/airflow/.local/lib/python3.12/site-packages/airflow/example_dags/example_sla_dag.py for tasks to queue
[2025-02-24T20:09:12.936+0000] {logging_mixin.py:190} INFO - [2025-02-24T20:09:12.936+0000] {dagbag.py:588} INFO - Filling up the DagBag from /home/airflow/.local/lib/python3.12/site-packages/airflow/example_dags/example_sla_dag.py
[2025-02-24T20:09:12.948+0000] {processor.py:925} INFO - DAG(s) 'example_sla_dag' retrieved from /home/airflow/.local/lib/python3.12/site-packages/airflow/example_dags/example_sla_dag.py
[2025-02-24T20:09:12.969+0000] {logging_mixin.py:190} INFO - [2025-02-24T20:09:12.968+0000] {dag.py:3239} INFO - Sync 1 DAGs
[2025-02-24T20:09:12.997+0000] {logging_mixin.py:190} INFO - [2025-02-24T20:09:12.997+0000] {dag.py:4180} INFO - Setting next_dagrun for example_sla_dag to 2025-02-24 20:06:00+00:00, run_after=2025-02-24 20:08:00+00:00
[2025-02-24T20:09:13.016+0000] {processor.py:208} INFO - Processing /home/airflow/.local/lib/python3.12/site-packages/airflow/example_dags/example_sla_dag.py took 0.090 seconds
[2025-02-24T20:09:43.953+0000] {processor.py:186} INFO - Started process (PID=1195) to work on /home/airflow/.local/lib/python3.12/site-packages/airflow/example_dags/example_sla_dag.py
[2025-02-24T20:09:43.954+0000] {processor.py:914} INFO - Processing file /home/airflow/.local/lib/python3.12/site-packages/airflow/example_dags/example_sla_dag.py for tasks to queue
[2025-02-24T20:09:43.956+0000] {logging_mixin.py:190} INFO - [2025-02-24T20:09:43.956+0000] {dagbag.py:588} INFO - Filling up the DagBag from /home/airflow/.local/lib/python3.12/site-packages/airflow/example_dags/example_sla_dag.py
[2025-02-24T20:09:43.967+0000] {processor.py:925} INFO - DAG(s) 'example_sla_dag' retrieved from /home/airflow/.local/lib/python3.12/site-packages/airflow/example_dags/example_sla_dag.py
[2025-02-24T20:09:43.986+0000] {logging_mixin.py:190} INFO - [2025-02-24T20:09:43.986+0000] {dag.py:3239} INFO - Sync 1 DAGs
[2025-02-24T20:09:44.013+0000] {logging_mixin.py:190} INFO - [2025-02-24T20:09:44.013+0000] {dag.py:4180} INFO - Setting next_dagrun for example_sla_dag to 2025-02-24 20:06:00+00:00, run_after=2025-02-24 20:08:00+00:00
[2025-02-24T20:09:44.034+0000] {processor.py:208} INFO - Processing /home/airflow/.local/lib/python3.12/site-packages/airflow/example_dags/example_sla_dag.py took 0.087 seconds
[2025-02-24T20:10:15.085+0000] {processor.py:186} INFO - Started process (PID=1256) to work on /home/airflow/.local/lib/python3.12/site-packages/airflow/example_dags/example_sla_dag.py
[2025-02-24T20:10:15.086+0000] {processor.py:914} INFO - Processing file /home/airflow/.local/lib/python3.12/site-packages/airflow/example_dags/example_sla_dag.py for tasks to queue
[2025-02-24T20:10:15.089+0000] {logging_mixin.py:190} INFO - [2025-02-24T20:10:15.089+0000] {dagbag.py:588} INFO - Filling up the DagBag from /home/airflow/.local/lib/python3.12/site-packages/airflow/example_dags/example_sla_dag.py
[2025-02-24T20:10:15.099+0000] {processor.py:925} INFO - DAG(s) 'example_sla_dag' retrieved from /home/airflow/.local/lib/python3.12/site-packages/airflow/example_dags/example_sla_dag.py
[2025-02-24T20:10:15.117+0000] {logging_mixin.py:190} INFO - [2025-02-24T20:10:15.117+0000] {dag.py:3239} INFO - Sync 1 DAGs
[2025-02-24T20:10:15.142+0000] {logging_mixin.py:190} INFO - [2025-02-24T20:10:15.142+0000] {dag.py:4180} INFO - Setting next_dagrun for example_sla_dag to 2025-02-24 20:08:00+00:00, run_after=2025-02-24 20:10:00+00:00
[2025-02-24T20:10:15.163+0000] {processor.py:208} INFO - Processing /home/airflow/.local/lib/python3.12/site-packages/airflow/example_dags/example_sla_dag.py took 0.083 seconds
[2025-02-24T20:10:45.699+0000] {processor.py:186} INFO - Started process (PID=1311) to work on /home/airflow/.local/lib/python3.12/site-packages/airflow/example_dags/example_sla_dag.py
[2025-02-24T20:10:45.700+0000] {processor.py:914} INFO - Processing file /home/airflow/.local/lib/python3.12/site-packages/airflow/example_dags/example_sla_dag.py for tasks to queue
[2025-02-24T20:10:45.704+0000] {logging_mixin.py:190} INFO - [2025-02-24T20:10:45.703+0000] {dagbag.py:588} INFO - Filling up the DagBag from /home/airflow/.local/lib/python3.12/site-packages/airflow/example_dags/example_sla_dag.py
[2025-02-24T20:10:45.719+0000] {processor.py:925} INFO - DAG(s) 'example_sla_dag' retrieved from /home/airflow/.local/lib/python3.12/site-packages/airflow/example_dags/example_sla_dag.py
[2025-02-24T20:10:45.741+0000] {logging_mixin.py:190} INFO - [2025-02-24T20:10:45.741+0000] {dag.py:3239} INFO - Sync 1 DAGs
[2025-02-24T20:10:45.773+0000] {logging_mixin.py:190} INFO - [2025-02-24T20:10:45.773+0000] {dag.py:4180} INFO - Setting next_dagrun for example_sla_dag to 2025-02-24 20:08:00+00:00, run_after=2025-02-24 20:10:00+00:00
[2025-02-24T20:10:45.793+0000] {processor.py:208} INFO - Processing /home/airflow/.local/lib/python3.12/site-packages/airflow/example_dags/example_sla_dag.py took 0.102 seconds
[2025-02-24T20:11:16.974+0000] {processor.py:186} INFO - Started process (PID=1373) to work on /home/airflow/.local/lib/python3.12/site-packages/airflow/example_dags/example_sla_dag.py
[2025-02-24T20:11:16.976+0000] {processor.py:914} INFO - Processing file /home/airflow/.local/lib/python3.12/site-packages/airflow/example_dags/example_sla_dag.py for tasks to queue
[2025-02-24T20:11:16.978+0000] {logging_mixin.py:190} INFO - [2025-02-24T20:11:16.978+0000] {dagbag.py:588} INFO - Filling up the DagBag from /home/airflow/.local/lib/python3.12/site-packages/airflow/example_dags/example_sla_dag.py
[2025-02-24T20:11:16.989+0000] {processor.py:925} INFO - DAG(s) 'example_sla_dag' retrieved from /home/airflow/.local/lib/python3.12/site-packages/airflow/example_dags/example_sla_dag.py
[2025-02-24T20:11:17.009+0000] {logging_mixin.py:190} INFO - [2025-02-24T20:11:17.009+0000] {dag.py:3239} INFO - Sync 1 DAGs
[2025-02-24T20:11:17.037+0000] {logging_mixin.py:190} INFO - [2025-02-24T20:11:17.037+0000] {dag.py:4180} INFO - Setting next_dagrun for example_sla_dag to 2025-02-24 20:08:00+00:00, run_after=2025-02-24 20:10:00+00:00
[2025-02-24T20:11:17.058+0000] {processor.py:208} INFO - Processing /home/airflow/.local/lib/python3.12/site-packages/airflow/example_dags/example_sla_dag.py took 0.089 seconds
[2025-02-24T20:11:48.504+0000] {processor.py:186} INFO - Started process (PID=1436) to work on /home/airflow/.local/lib/python3.12/site-packages/airflow/example_dags/example_sla_dag.py
[2025-02-24T20:11:48.506+0000] {processor.py:914} INFO - Processing file /home/airflow/.local/lib/python3.12/site-packages/airflow/example_dags/example_sla_dag.py for tasks to queue
[2025-02-24T20:11:48.508+0000] {logging_mixin.py:190} INFO - [2025-02-24T20:11:48.508+0000] {dagbag.py:588} INFO - Filling up the DagBag from /home/airflow/.local/lib/python3.12/site-packages/airflow/example_dags/example_sla_dag.py
[2025-02-24T20:11:48.519+0000] {processor.py:925} INFO - DAG(s) 'example_sla_dag' retrieved from /home/airflow/.local/lib/python3.12/site-packages/airflow/example_dags/example_sla_dag.py
[2025-02-24T20:11:48.538+0000] {logging_mixin.py:190} INFO - [2025-02-24T20:11:48.538+0000] {dag.py:3239} INFO - Sync 1 DAGs
[2025-02-24T20:11:48.563+0000] {logging_mixin.py:190} INFO - [2025-02-24T20:11:48.563+0000] {dag.py:4180} INFO - Setting next_dagrun for example_sla_dag to 2025-02-24 20:08:00+00:00, run_after=2025-02-24 20:10:00+00:00
[2025-02-24T20:11:48.582+0000] {processor.py:208} INFO - Processing /home/airflow/.local/lib/python3.12/site-packages/airflow/example_dags/example_sla_dag.py took 0.083 seconds
[2025-02-24T20:12:19.558+0000] {processor.py:186} INFO - Started process (PID=1498) to work on /home/airflow/.local/lib/python3.12/site-packages/airflow/example_dags/example_sla_dag.py
[2025-02-24T20:12:19.559+0000] {processor.py:914} INFO - Processing file /home/airflow/.local/lib/python3.12/site-packages/airflow/example_dags/example_sla_dag.py for tasks to queue
[2025-02-24T20:12:19.562+0000] {logging_mixin.py:190} INFO - [2025-02-24T20:12:19.561+0000] {dagbag.py:588} INFO - Filling up the DagBag from /home/airflow/.local/lib/python3.12/site-packages/airflow/example_dags/example_sla_dag.py
[2025-02-24T20:12:19.572+0000] {processor.py:925} INFO - DAG(s) 'example_sla_dag' retrieved from /home/airflow/.local/lib/python3.12/site-packages/airflow/example_dags/example_sla_dag.py
[2025-02-24T20:12:19.591+0000] {logging_mixin.py:190} INFO - [2025-02-24T20:12:19.590+0000] {dag.py:3239} INFO - Sync 1 DAGs
[2025-02-24T20:12:19.618+0000] {logging_mixin.py:190} INFO - [2025-02-24T20:12:19.618+0000] {dag.py:4180} INFO - Setting next_dagrun for example_sla_dag to 2025-02-24 20:10:00+00:00, run_after=2025-02-24 20:12:00+00:00
[2025-02-24T20:12:19.638+0000] {processor.py:208} INFO - Processing /home/airflow/.local/lib/python3.12/site-packages/airflow/example_dags/example_sla_dag.py took 0.088 seconds
[2025-02-24T20:12:50.071+0000] {processor.py:186} INFO - Started process (PID=1555) to work on /home/airflow/.local/lib/python3.12/site-packages/airflow/example_dags/example_sla_dag.py
[2025-02-24T20:12:50.072+0000] {processor.py:914} INFO - Processing file /home/airflow/.local/lib/python3.12/site-packages/airflow/example_dags/example_sla_dag.py for tasks to queue
[2025-02-24T20:12:50.075+0000] {logging_mixin.py:190} INFO - [2025-02-24T20:12:50.075+0000] {dagbag.py:588} INFO - Filling up the DagBag from /home/airflow/.local/lib/python3.12/site-packages/airflow/example_dags/example_sla_dag.py
[2025-02-24T20:12:50.088+0000] {processor.py:925} INFO - DAG(s) 'example_sla_dag' retrieved from /home/airflow/.local/lib/python3.12/site-packages/airflow/example_dags/example_sla_dag.py
[2025-02-24T20:12:50.108+0000] {logging_mixin.py:190} INFO - [2025-02-24T20:12:50.108+0000] {dag.py:3239} INFO - Sync 1 DAGs
[2025-02-24T20:12:50.135+0000] {logging_mixin.py:190} INFO - [2025-02-24T20:12:50.135+0000] {dag.py:4180} INFO - Setting next_dagrun for example_sla_dag to 2025-02-24 20:10:00+00:00, run_after=2025-02-24 20:12:00+00:00
[2025-02-24T20:12:50.154+0000] {processor.py:208} INFO - Processing /home/airflow/.local/lib/python3.12/site-packages/airflow/example_dags/example_sla_dag.py took 0.090 seconds
[2025-02-24T20:13:20.397+0000] {processor.py:186} INFO - Started process (PID=1618) to work on /home/airflow/.local/lib/python3.12/site-packages/airflow/example_dags/example_sla_dag.py
[2025-02-24T20:13:20.399+0000] {processor.py:914} INFO - Processing file /home/airflow/.local/lib/python3.12/site-packages/airflow/example_dags/example_sla_dag.py for tasks to queue
[2025-02-24T20:13:20.401+0000] {logging_mixin.py:190} INFO - [2025-02-24T20:13:20.401+0000] {dagbag.py:588} INFO - Filling up the DagBag from /home/airflow/.local/lib/python3.12/site-packages/airflow/example_dags/example_sla_dag.py
[2025-02-24T20:13:20.412+0000] {processor.py:925} INFO - DAG(s) 'example_sla_dag' retrieved from /home/airflow/.local/lib/python3.12/site-packages/airflow/example_dags/example_sla_dag.py
[2025-02-24T20:13:20.432+0000] {logging_mixin.py:190} INFO - [2025-02-24T20:13:20.432+0000] {dag.py:3239} INFO - Sync 1 DAGs
[2025-02-24T20:13:20.459+0000] {logging_mixin.py:190} INFO - [2025-02-24T20:13:20.458+0000] {dag.py:4180} INFO - Setting next_dagrun for example_sla_dag to 2025-02-24 20:10:00+00:00, run_after=2025-02-24 20:12:00+00:00
[2025-02-24T20:13:20.478+0000] {processor.py:208} INFO - Processing /home/airflow/.local/lib/python3.12/site-packages/airflow/example_dags/example_sla_dag.py took 0.086 seconds
[2025-02-24T20:13:50.587+0000] {processor.py:186} INFO - Started process (PID=1681) to work on /home/airflow/.local/lib/python3.12/site-packages/airflow/example_dags/example_sla_dag.py
[2025-02-24T20:13:50.588+0000] {processor.py:914} INFO - Processing file /home/airflow/.local/lib/python3.12/site-packages/airflow/example_dags/example_sla_dag.py for tasks to queue
[2025-02-24T20:13:50.593+0000] {logging_mixin.py:190} INFO - [2025-02-24T20:13:50.592+0000] {dagbag.py:588} INFO - Filling up the DagBag from /home/airflow/.local/lib/python3.12/site-packages/airflow/example_dags/example_sla_dag.py
[2025-02-24T20:13:50.612+0000] {processor.py:925} INFO - DAG(s) 'example_sla_dag' retrieved from /home/airflow/.local/lib/python3.12/site-packages/airflow/example_dags/example_sla_dag.py
[2025-02-24T20:13:50.642+0000] {logging_mixin.py:190} INFO - [2025-02-24T20:13:50.642+0000] {dag.py:3239} INFO - Sync 1 DAGs
[2025-02-24T20:13:50.681+0000] {logging_mixin.py:190} INFO - [2025-02-24T20:13:50.681+0000] {dag.py:4180} INFO - Setting next_dagrun for example_sla_dag to 2025-02-24 20:10:00+00:00, run_after=2025-02-24 20:12:00+00:00
[2025-02-24T20:13:50.708+0000] {processor.py:208} INFO - Processing /home/airflow/.local/lib/python3.12/site-packages/airflow/example_dags/example_sla_dag.py took 0.128 seconds
[2025-02-24T20:14:21.369+0000] {processor.py:186} INFO - Started process (PID=1744) to work on /home/airflow/.local/lib/python3.12/site-packages/airflow/example_dags/example_sla_dag.py
[2025-02-24T20:14:21.370+0000] {processor.py:914} INFO - Processing file /home/airflow/.local/lib/python3.12/site-packages/airflow/example_dags/example_sla_dag.py for tasks to queue
[2025-02-24T20:14:21.373+0000] {logging_mixin.py:190} INFO - [2025-02-24T20:14:21.373+0000] {dagbag.py:588} INFO - Filling up the DagBag from /home/airflow/.local/lib/python3.12/site-packages/airflow/example_dags/example_sla_dag.py
[2025-02-24T20:14:21.386+0000] {processor.py:925} INFO - DAG(s) 'example_sla_dag' retrieved from /home/airflow/.local/lib/python3.12/site-packages/airflow/example_dags/example_sla_dag.py
[2025-02-24T20:14:21.407+0000] {logging_mixin.py:190} INFO - [2025-02-24T20:14:21.407+0000] {dag.py:3239} INFO - Sync 1 DAGs
[2025-02-24T20:14:21.437+0000] {logging_mixin.py:190} INFO - [2025-02-24T20:14:21.437+0000] {dag.py:4180} INFO - Setting next_dagrun for example_sla_dag to 2025-02-24 20:12:00+00:00, run_after=2025-02-24 20:14:00+00:00
[2025-02-24T20:14:21.461+0000] {processor.py:208} INFO - Processing /home/airflow/.local/lib/python3.12/site-packages/airflow/example_dags/example_sla_dag.py took 0.099 seconds
[2025-02-24T20:14:51.724+0000] {processor.py:186} INFO - Started process (PID=1807) to work on /home/airflow/.local/lib/python3.12/site-packages/airflow/example_dags/example_sla_dag.py
[2025-02-24T20:14:51.726+0000] {processor.py:914} INFO - Processing file /home/airflow/.local/lib/python3.12/site-packages/airflow/example_dags/example_sla_dag.py for tasks to queue
[2025-02-24T20:14:51.730+0000] {logging_mixin.py:190} INFO - [2025-02-24T20:14:51.729+0000] {dagbag.py:588} INFO - Filling up the DagBag from /home/airflow/.local/lib/python3.12/site-packages/airflow/example_dags/example_sla_dag.py
[2025-02-24T20:14:51.759+0000] {processor.py:925} INFO - DAG(s) 'example_sla_dag' retrieved from /home/airflow/.local/lib/python3.12/site-packages/airflow/example_dags/example_sla_dag.py
[2025-02-24T20:14:51.805+0000] {logging_mixin.py:190} INFO - [2025-02-24T20:14:51.804+0000] {dag.py:3239} INFO - Sync 1 DAGs
[2025-02-24T20:14:51.837+0000] {logging_mixin.py:190} INFO - [2025-02-24T20:14:51.837+0000] {dag.py:4180} INFO - Setting next_dagrun for example_sla_dag to 2025-02-24 20:12:00+00:00, run_after=2025-02-24 20:14:00+00:00
[2025-02-24T20:14:51.898+0000] {processor.py:208} INFO - Processing /home/airflow/.local/lib/python3.12/site-packages/airflow/example_dags/example_sla_dag.py took 0.183 seconds
[2025-02-24T20:15:21.989+0000] {processor.py:186} INFO - Started process (PID=1876) to work on /home/airflow/.local/lib/python3.12/site-packages/airflow/example_dags/example_sla_dag.py
[2025-02-24T20:15:21.991+0000] {processor.py:914} INFO - Processing file /home/airflow/.local/lib/python3.12/site-packages/airflow/example_dags/example_sla_dag.py for tasks to queue
[2025-02-24T20:15:21.993+0000] {logging_mixin.py:190} INFO - [2025-02-24T20:15:21.993+0000] {dagbag.py:588} INFO - Filling up the DagBag from /home/airflow/.local/lib/python3.12/site-packages/airflow/example_dags/example_sla_dag.py
[2025-02-24T20:15:22.009+0000] {processor.py:925} INFO - DAG(s) 'example_sla_dag' retrieved from /home/airflow/.local/lib/python3.12/site-packages/airflow/example_dags/example_sla_dag.py
[2025-02-24T20:15:22.037+0000] {logging_mixin.py:190} INFO - [2025-02-24T20:15:22.036+0000] {dag.py:3239} INFO - Sync 1 DAGs
[2025-02-24T20:15:22.080+0000] {logging_mixin.py:190} INFO - [2025-02-24T20:15:22.080+0000] {dag.py:4180} INFO - Setting next_dagrun for example_sla_dag to 2025-02-24 20:12:00+00:00, run_after=2025-02-24 20:14:00+00:00
[2025-02-24T20:15:22.117+0000] {processor.py:208} INFO - Processing /home/airflow/.local/lib/python3.12/site-packages/airflow/example_dags/example_sla_dag.py took 0.136 seconds
[2025-02-24T20:15:52.274+0000] {processor.py:186} INFO - Started process (PID=1939) to work on /home/airflow/.local/lib/python3.12/site-packages/airflow/example_dags/example_sla_dag.py
[2025-02-24T20:15:52.276+0000] {processor.py:914} INFO - Processing file /home/airflow/.local/lib/python3.12/site-packages/airflow/example_dags/example_sla_dag.py for tasks to queue
[2025-02-24T20:15:52.284+0000] {logging_mixin.py:190} INFO - [2025-02-24T20:15:52.283+0000] {dagbag.py:588} INFO - Filling up the DagBag from /home/airflow/.local/lib/python3.12/site-packages/airflow/example_dags/example_sla_dag.py
[2025-02-24T20:15:52.325+0000] {processor.py:925} INFO - DAG(s) 'example_sla_dag' retrieved from /home/airflow/.local/lib/python3.12/site-packages/airflow/example_dags/example_sla_dag.py
[2025-02-24T20:15:52.361+0000] {logging_mixin.py:190} INFO - [2025-02-24T20:15:52.360+0000] {dag.py:3239} INFO - Sync 1 DAGs
[2025-02-24T20:15:52.427+0000] {logging_mixin.py:190} INFO - [2025-02-24T20:15:52.426+0000] {dag.py:4180} INFO - Setting next_dagrun for example_sla_dag to 2025-02-24 20:12:00+00:00, run_after=2025-02-24 20:14:00+00:00
[2025-02-24T20:15:52.460+0000] {processor.py:208} INFO - Processing /home/airflow/.local/lib/python3.12/site-packages/airflow/example_dags/example_sla_dag.py took 0.195 seconds
[2025-02-24T20:16:22.711+0000] {processor.py:186} INFO - Started process (PID=2002) to work on /home/airflow/.local/lib/python3.12/site-packages/airflow/example_dags/example_sla_dag.py
[2025-02-24T20:16:22.712+0000] {processor.py:914} INFO - Processing file /home/airflow/.local/lib/python3.12/site-packages/airflow/example_dags/example_sla_dag.py for tasks to queue
[2025-02-24T20:16:22.715+0000] {logging_mixin.py:190} INFO - [2025-02-24T20:16:22.715+0000] {dagbag.py:588} INFO - Filling up the DagBag from /home/airflow/.local/lib/python3.12/site-packages/airflow/example_dags/example_sla_dag.py
[2025-02-24T20:16:22.731+0000] {processor.py:925} INFO - DAG(s) 'example_sla_dag' retrieved from /home/airflow/.local/lib/python3.12/site-packages/airflow/example_dags/example_sla_dag.py
[2025-02-24T20:16:22.759+0000] {logging_mixin.py:190} INFO - [2025-02-24T20:16:22.758+0000] {dag.py:3239} INFO - Sync 1 DAGs
[2025-02-24T20:16:22.797+0000] {logging_mixin.py:190} INFO - [2025-02-24T20:16:22.797+0000] {dag.py:4180} INFO - Setting next_dagrun for example_sla_dag to 2025-02-24 20:14:00+00:00, run_after=2025-02-24 20:16:00+00:00
[2025-02-24T20:16:22.833+0000] {processor.py:208} INFO - Processing /home/airflow/.local/lib/python3.12/site-packages/airflow/example_dags/example_sla_dag.py took 0.129 seconds
[2025-02-24T20:16:52.938+0000] {processor.py:186} INFO - Started process (PID=2065) to work on /home/airflow/.local/lib/python3.12/site-packages/airflow/example_dags/example_sla_dag.py
[2025-02-24T20:16:52.939+0000] {processor.py:914} INFO - Processing file /home/airflow/.local/lib/python3.12/site-packages/airflow/example_dags/example_sla_dag.py for tasks to queue
[2025-02-24T20:16:52.944+0000] {logging_mixin.py:190} INFO - [2025-02-24T20:16:52.943+0000] {dagbag.py:588} INFO - Filling up the DagBag from /home/airflow/.local/lib/python3.12/site-packages/airflow/example_dags/example_sla_dag.py
[2025-02-24T20:16:52.964+0000] {processor.py:925} INFO - DAG(s) 'example_sla_dag' retrieved from /home/airflow/.local/lib/python3.12/site-packages/airflow/example_dags/example_sla_dag.py
[2025-02-24T20:16:53.003+0000] {logging_mixin.py:190} INFO - [2025-02-24T20:16:53.003+0000] {dag.py:3239} INFO - Sync 1 DAGs
[2025-02-24T20:16:53.061+0000] {logging_mixin.py:190} INFO - [2025-02-24T20:16:53.061+0000] {dag.py:4180} INFO - Setting next_dagrun for example_sla_dag to 2025-02-24 20:14:00+00:00, run_after=2025-02-24 20:16:00+00:00
[2025-02-24T20:16:53.111+0000] {processor.py:208} INFO - Processing /home/airflow/.local/lib/python3.12/site-packages/airflow/example_dags/example_sla_dag.py took 0.182 seconds
[2025-02-24T20:17:23.371+0000] {processor.py:186} INFO - Started process (PID=2128) to work on /home/airflow/.local/lib/python3.12/site-packages/airflow/example_dags/example_sla_dag.py
[2025-02-24T20:17:23.373+0000] {processor.py:914} INFO - Processing file /home/airflow/.local/lib/python3.12/site-packages/airflow/example_dags/example_sla_dag.py for tasks to queue
[2025-02-24T20:17:23.378+0000] {logging_mixin.py:190} INFO - [2025-02-24T20:17:23.378+0000] {dagbag.py:588} INFO - Filling up the DagBag from /home/airflow/.local/lib/python3.12/site-packages/airflow/example_dags/example_sla_dag.py
[2025-02-24T20:17:23.403+0000] {processor.py:925} INFO - DAG(s) 'example_sla_dag' retrieved from /home/airflow/.local/lib/python3.12/site-packages/airflow/example_dags/example_sla_dag.py
[2025-02-24T20:17:23.438+0000] {logging_mixin.py:190} INFO - [2025-02-24T20:17:23.437+0000] {dag.py:3239} INFO - Sync 1 DAGs
[2025-02-24T20:17:23.514+0000] {logging_mixin.py:190} INFO - [2025-02-24T20:17:23.513+0000] {dag.py:4180} INFO - Setting next_dagrun for example_sla_dag to 2025-02-24 20:14:00+00:00, run_after=2025-02-24 20:16:00+00:00
[2025-02-24T20:17:23.550+0000] {processor.py:208} INFO - Processing /home/airflow/.local/lib/python3.12/site-packages/airflow/example_dags/example_sla_dag.py took 0.191 seconds
[2025-02-24T20:17:53.798+0000] {processor.py:186} INFO - Started process (PID=2191) to work on /home/airflow/.local/lib/python3.12/site-packages/airflow/example_dags/example_sla_dag.py
[2025-02-24T20:17:53.800+0000] {processor.py:914} INFO - Processing file /home/airflow/.local/lib/python3.12/site-packages/airflow/example_dags/example_sla_dag.py for tasks to queue
[2025-02-24T20:17:53.803+0000] {logging_mixin.py:190} INFO - [2025-02-24T20:17:53.802+0000] {dagbag.py:588} INFO - Filling up the DagBag from /home/airflow/.local/lib/python3.12/site-packages/airflow/example_dags/example_sla_dag.py
[2025-02-24T20:17:53.818+0000] {processor.py:925} INFO - DAG(s) 'example_sla_dag' retrieved from /home/airflow/.local/lib/python3.12/site-packages/airflow/example_dags/example_sla_dag.py
[2025-02-24T20:17:53.843+0000] {logging_mixin.py:190} INFO - [2025-02-24T20:17:53.842+0000] {dag.py:3239} INFO - Sync 1 DAGs
[2025-02-24T20:17:53.877+0000] {logging_mixin.py:190} INFO - [2025-02-24T20:17:53.877+0000] {dag.py:4180} INFO - Setting next_dagrun for example_sla_dag to 2025-02-24 20:14:00+00:00, run_after=2025-02-24 20:16:00+00:00
[2025-02-24T20:17:53.916+0000] {processor.py:208} INFO - Processing /home/airflow/.local/lib/python3.12/site-packages/airflow/example_dags/example_sla_dag.py took 0.124 seconds
[2025-02-24T20:18:24.471+0000] {processor.py:186} INFO - Started process (PID=2254) to work on /home/airflow/.local/lib/python3.12/site-packages/airflow/example_dags/example_sla_dag.py
[2025-02-24T20:18:24.473+0000] {processor.py:914} INFO - Processing file /home/airflow/.local/lib/python3.12/site-packages/airflow/example_dags/example_sla_dag.py for tasks to queue
[2025-02-24T20:18:24.477+0000] {logging_mixin.py:190} INFO - [2025-02-24T20:18:24.476+0000] {dagbag.py:588} INFO - Filling up the DagBag from /home/airflow/.local/lib/python3.12/site-packages/airflow/example_dags/example_sla_dag.py
[2025-02-24T20:18:24.494+0000] {processor.py:925} INFO - DAG(s) 'example_sla_dag' retrieved from /home/airflow/.local/lib/python3.12/site-packages/airflow/example_dags/example_sla_dag.py
[2025-02-24T20:18:24.522+0000] {logging_mixin.py:190} INFO - [2025-02-24T20:18:24.522+0000] {dag.py:3239} INFO - Sync 1 DAGs
[2025-02-24T20:18:24.561+0000] {logging_mixin.py:190} INFO - [2025-02-24T20:18:24.561+0000] {dag.py:4180} INFO - Setting next_dagrun for example_sla_dag to 2025-02-24 20:16:00+00:00, run_after=2025-02-24 20:18:00+00:00
[2025-02-24T20:18:24.603+0000] {processor.py:208} INFO - Processing /home/airflow/.local/lib/python3.12/site-packages/airflow/example_dags/example_sla_dag.py took 0.141 seconds
[2025-02-24T20:18:54.712+0000] {processor.py:186} INFO - Started process (PID=2317) to work on /home/airflow/.local/lib/python3.12/site-packages/airflow/example_dags/example_sla_dag.py
[2025-02-24T20:18:54.713+0000] {processor.py:914} INFO - Processing file /home/airflow/.local/lib/python3.12/site-packages/airflow/example_dags/example_sla_dag.py for tasks to queue
[2025-02-24T20:18:54.718+0000] {logging_mixin.py:190} INFO - [2025-02-24T20:18:54.717+0000] {dagbag.py:588} INFO - Filling up the DagBag from /home/airflow/.local/lib/python3.12/site-packages/airflow/example_dags/example_sla_dag.py
[2025-02-24T20:18:54.740+0000] {processor.py:925} INFO - DAG(s) 'example_sla_dag' retrieved from /home/airflow/.local/lib/python3.12/site-packages/airflow/example_dags/example_sla_dag.py
[2025-02-24T20:18:54.774+0000] {logging_mixin.py:190} INFO - [2025-02-24T20:18:54.774+0000] {dag.py:3239} INFO - Sync 1 DAGs
[2025-02-24T20:18:54.829+0000] {logging_mixin.py:190} INFO - [2025-02-24T20:18:54.829+0000] {dag.py:4180} INFO - Setting next_dagrun for example_sla_dag to 2025-02-24 20:16:00+00:00, run_after=2025-02-24 20:18:00+00:00
[2025-02-24T20:18:54.867+0000] {processor.py:208} INFO - Processing /home/airflow/.local/lib/python3.12/site-packages/airflow/example_dags/example_sla_dag.py took 0.165 seconds
[2025-02-24T20:19:24.954+0000] {processor.py:186} INFO - Started process (PID=2380) to work on /home/airflow/.local/lib/python3.12/site-packages/airflow/example_dags/example_sla_dag.py
[2025-02-24T20:19:24.956+0000] {processor.py:914} INFO - Processing file /home/airflow/.local/lib/python3.12/site-packages/airflow/example_dags/example_sla_dag.py for tasks to queue
[2025-02-24T20:19:24.959+0000] {logging_mixin.py:190} INFO - [2025-02-24T20:19:24.959+0000] {dagbag.py:588} INFO - Filling up the DagBag from /home/airflow/.local/lib/python3.12/site-packages/airflow/example_dags/example_sla_dag.py
[2025-02-24T20:19:24.975+0000] {processor.py:925} INFO - DAG(s) 'example_sla_dag' retrieved from /home/airflow/.local/lib/python3.12/site-packages/airflow/example_dags/example_sla_dag.py
[2025-02-24T20:19:25.005+0000] {logging_mixin.py:190} INFO - [2025-02-24T20:19:25.004+0000] {dag.py:3239} INFO - Sync 1 DAGs
[2025-02-24T20:19:25.051+0000] {logging_mixin.py:190} INFO - [2025-02-24T20:19:25.050+0000] {dag.py:4180} INFO - Setting next_dagrun for example_sla_dag to 2025-02-24 20:16:00+00:00, run_after=2025-02-24 20:18:00+00:00
[2025-02-24T20:19:25.082+0000] {processor.py:208} INFO - Processing /home/airflow/.local/lib/python3.12/site-packages/airflow/example_dags/example_sla_dag.py took 0.136 seconds
[2025-02-24T21:33:50.270+0000] {processor.py:186} INFO - Started process (PID=181) to work on /home/airflow/.local/lib/python3.12/site-packages/airflow/example_dags/example_sla_dag.py
[2025-02-24T21:33:50.276+0000] {processor.py:914} INFO - Processing file /home/airflow/.local/lib/python3.12/site-packages/airflow/example_dags/example_sla_dag.py for tasks to queue
[2025-02-24T21:33:50.280+0000] {logging_mixin.py:190} INFO - [2025-02-24T21:33:50.279+0000] {dagbag.py:588} INFO - Filling up the DagBag from /home/airflow/.local/lib/python3.12/site-packages/airflow/example_dags/example_sla_dag.py
[2025-02-24T21:33:50.349+0000] {processor.py:925} INFO - DAG(s) 'example_sla_dag' retrieved from /home/airflow/.local/lib/python3.12/site-packages/airflow/example_dags/example_sla_dag.py
[2025-02-24T21:33:57.437+0000] {logging_mixin.py:190} INFO - [2025-02-24T21:33:57.435+0000] {override.py:1912} INFO - Created Permission View: can edit on DAG:example_sla_dag
[2025-02-24T21:33:57.502+0000] {logging_mixin.py:190} INFO - [2025-02-24T21:33:57.501+0000] {override.py:1912} INFO - Created Permission View: can read on DAG:example_sla_dag
[2025-02-24T21:33:57.528+0000] {logging_mixin.py:190} INFO - [2025-02-24T21:33:57.527+0000] {override.py:1912} INFO - Created Permission View: can delete on DAG:example_sla_dag
[2025-02-24T21:33:57.563+0000] {logging_mixin.py:190} INFO - [2025-02-24T21:33:57.562+0000] {override.py:1912} INFO - Created Permission View: can delete on DAG Run:example_sla_dag
[2025-02-24T21:33:57.619+0000] {logging_mixin.py:190} INFO - [2025-02-24T21:33:57.619+0000] {override.py:1912} INFO - Created Permission View: can read on DAG Run:example_sla_dag
[2025-02-24T21:33:57.691+0000] {logging_mixin.py:190} INFO - [2025-02-24T21:33:57.690+0000] {override.py:1912} INFO - Created Permission View: can create on DAG Run:example_sla_dag
[2025-02-24T21:33:57.741+0000] {logging_mixin.py:190} INFO - [2025-02-24T21:33:57.740+0000] {override.py:1912} INFO - Created Permission View: menu access on DAG Run:example_sla_dag
[2025-02-24T21:33:57.742+0000] {logging_mixin.py:190} INFO - [2025-02-24T21:33:57.742+0000] {dag.py:3239} INFO - Sync 1 DAGs
[2025-02-24T21:33:57.838+0000] {logging_mixin.py:190} INFO - [2025-02-24T21:33:57.838+0000] {dag.py:3262} INFO - Creating ORM DAG for example_sla_dag
[2025-02-24T21:33:57.888+0000] {logging_mixin.py:190} INFO - [2025-02-24T21:33:57.888+0000] {dag.py:4180} INFO - Setting next_dagrun for example_sla_dag to 2025-02-24 21:30:00+00:00, run_after=2025-02-24 21:32:00+00:00
[2025-02-24T21:33:57.933+0000] {processor.py:208} INFO - Processing /home/airflow/.local/lib/python3.12/site-packages/airflow/example_dags/example_sla_dag.py took 7.674 seconds
[2025-02-24T21:50:35.833+0000] {processor.py:186} INFO - Started process (PID=351) to work on /home/airflow/.local/lib/python3.12/site-packages/airflow/example_dags/example_sla_dag.py
[2025-02-24T21:50:36.500+0000] {processor.py:914} INFO - Processing file /home/airflow/.local/lib/python3.12/site-packages/airflow/example_dags/example_sla_dag.py for tasks to queue
[2025-02-24T21:50:36.516+0000] {logging_mixin.py:190} INFO - [2025-02-24T21:50:36.515+0000] {dagbag.py:588} INFO - Filling up the DagBag from /home/airflow/.local/lib/python3.12/site-packages/airflow/example_dags/example_sla_dag.py
[2025-02-24T21:50:40.457+0000] {processor.py:925} INFO - DAG(s) 'example_sla_dag' retrieved from /home/airflow/.local/lib/python3.12/site-packages/airflow/example_dags/example_sla_dag.py
[2025-02-24T21:50:46.708+0000] {logging_mixin.py:190} INFO - [2025-02-24T21:50:46.707+0000] {dag.py:3239} INFO - Sync 1 DAGs
[2025-02-24T21:51:05.557+0000] {logging_mixin.py:190} INFO - [2025-02-24T21:51:05.556+0000] {dag.py:4180} INFO - Setting next_dagrun for example_sla_dag to 2025-02-24 21:48:00+00:00, run_after=2025-02-24 21:50:00+00:00
