[2025-02-24T20:00:51.690+0000] {processor.py:186} INFO - Started process (PID=110) to work on /home/airflow/.local/lib/python3.12/site-packages/airflow/example_dags/tutorial.py
[2025-02-24T20:00:51.698+0000] {processor.py:914} INFO - Processing file /home/airflow/.local/lib/python3.12/site-packages/airflow/example_dags/tutorial.py for tasks to queue
[2025-02-24T20:00:51.703+0000] {logging_mixin.py:190} INFO - [2025-02-24T20:00:51.703+0000] {dagbag.py:588} INFO - Filling up the DagBag from /home/airflow/.local/lib/python3.12/site-packages/airflow/example_dags/tutorial.py
[2025-02-24T20:00:51.728+0000] {processor.py:925} INFO - DAG(s) 'tutorial' retrieved from /home/airflow/.local/lib/python3.12/site-packages/airflow/example_dags/tutorial.py
[2025-02-24T20:00:51.963+0000] {logging_mixin.py:190} INFO - [2025-02-24T20:00:51.962+0000] {override.py:1912} INFO - Created Permission View: can edit on DAG:tutorial
[2025-02-24T20:00:51.981+0000] {logging_mixin.py:190} INFO - [2025-02-24T20:00:51.981+0000] {override.py:1912} INFO - Created Permission View: can delete on DAG:tutorial
[2025-02-24T20:00:51.994+0000] {logging_mixin.py:190} INFO - [2025-02-24T20:00:51.993+0000] {override.py:1912} INFO - Created Permission View: can read on DAG:tutorial
[2025-02-24T20:00:52.010+0000] {logging_mixin.py:190} INFO - [2025-02-24T20:00:52.009+0000] {override.py:1912} INFO - Created Permission View: can delete on DAG Run:tutorial
[2025-02-24T20:00:52.026+0000] {logging_mixin.py:190} INFO - [2025-02-24T20:00:52.026+0000] {override.py:1912} INFO - Created Permission View: can create on DAG Run:tutorial
[2025-02-24T20:00:52.039+0000] {logging_mixin.py:190} INFO - [2025-02-24T20:00:52.038+0000] {override.py:1912} INFO - Created Permission View: menu access on DAG Run:tutorial
[2025-02-24T20:00:52.050+0000] {logging_mixin.py:190} INFO - [2025-02-24T20:00:52.049+0000] {override.py:1912} INFO - Created Permission View: can read on DAG Run:tutorial
[2025-02-24T20:00:52.051+0000] {logging_mixin.py:190} INFO - [2025-02-24T20:00:52.050+0000] {dag.py:3239} INFO - Sync 1 DAGs
[2025-02-24T20:00:52.078+0000] {logging_mixin.py:190} INFO - [2025-02-24T20:00:52.078+0000] {dag.py:3262} INFO - Creating ORM DAG for tutorial
[2025-02-24T20:00:52.120+0000] {logging_mixin.py:190} INFO - [2025-02-24T20:00:52.119+0000] {dag.py:4180} INFO - Setting next_dagrun for tutorial to 2025-02-23 00:00:00+00:00, run_after=2025-02-24 00:00:00+00:00
[2025-02-24T20:00:52.221+0000] {processor.py:208} INFO - Processing /home/airflow/.local/lib/python3.12/site-packages/airflow/example_dags/tutorial.py took 0.546 seconds
[2025-02-24T20:01:22.279+0000] {processor.py:186} INFO - Started process (PID=173) to work on /home/airflow/.local/lib/python3.12/site-packages/airflow/example_dags/tutorial.py
[2025-02-24T20:01:22.280+0000] {processor.py:914} INFO - Processing file /home/airflow/.local/lib/python3.12/site-packages/airflow/example_dags/tutorial.py for tasks to queue
[2025-02-24T20:01:22.283+0000] {logging_mixin.py:190} INFO - [2025-02-24T20:01:22.282+0000] {dagbag.py:588} INFO - Filling up the DagBag from /home/airflow/.local/lib/python3.12/site-packages/airflow/example_dags/tutorial.py
[2025-02-24T20:01:22.290+0000] {processor.py:925} INFO - DAG(s) 'tutorial' retrieved from /home/airflow/.local/lib/python3.12/site-packages/airflow/example_dags/tutorial.py
[2025-02-24T20:01:22.309+0000] {logging_mixin.py:190} INFO - [2025-02-24T20:01:22.309+0000] {dag.py:3239} INFO - Sync 1 DAGs
[2025-02-24T20:01:22.333+0000] {logging_mixin.py:190} INFO - [2025-02-24T20:01:22.333+0000] {dag.py:4180} INFO - Setting next_dagrun for tutorial to 2025-02-23 00:00:00+00:00, run_after=2025-02-24 00:00:00+00:00
[2025-02-24T20:01:22.353+0000] {processor.py:208} INFO - Processing /home/airflow/.local/lib/python3.12/site-packages/airflow/example_dags/tutorial.py took 0.080 seconds
[2025-02-24T20:01:52.442+0000] {processor.py:186} INFO - Started process (PID=235) to work on /home/airflow/.local/lib/python3.12/site-packages/airflow/example_dags/tutorial.py
[2025-02-24T20:01:52.444+0000] {processor.py:914} INFO - Processing file /home/airflow/.local/lib/python3.12/site-packages/airflow/example_dags/tutorial.py for tasks to queue
[2025-02-24T20:01:52.446+0000] {logging_mixin.py:190} INFO - [2025-02-24T20:01:52.446+0000] {dagbag.py:588} INFO - Filling up the DagBag from /home/airflow/.local/lib/python3.12/site-packages/airflow/example_dags/tutorial.py
[2025-02-24T20:01:52.455+0000] {processor.py:925} INFO - DAG(s) 'tutorial' retrieved from /home/airflow/.local/lib/python3.12/site-packages/airflow/example_dags/tutorial.py
[2025-02-24T20:01:52.478+0000] {logging_mixin.py:190} INFO - [2025-02-24T20:01:52.478+0000] {dag.py:3239} INFO - Sync 1 DAGs
[2025-02-24T20:01:52.506+0000] {logging_mixin.py:190} INFO - [2025-02-24T20:01:52.506+0000] {dag.py:4180} INFO - Setting next_dagrun for tutorial to 2025-02-23 00:00:00+00:00, run_after=2025-02-24 00:00:00+00:00
[2025-02-24T20:01:52.532+0000] {processor.py:208} INFO - Processing /home/airflow/.local/lib/python3.12/site-packages/airflow/example_dags/tutorial.py took 0.096 seconds
[2025-02-24T20:02:24.826+0000] {processor.py:186} INFO - Started process (PID=298) to work on /home/airflow/.local/lib/python3.12/site-packages/airflow/example_dags/tutorial.py
[2025-02-24T20:02:24.829+0000] {processor.py:914} INFO - Processing file /home/airflow/.local/lib/python3.12/site-packages/airflow/example_dags/tutorial.py for tasks to queue
[2025-02-24T20:02:24.834+0000] {logging_mixin.py:190} INFO - [2025-02-24T20:02:24.834+0000] {dagbag.py:588} INFO - Filling up the DagBag from /home/airflow/.local/lib/python3.12/site-packages/airflow/example_dags/tutorial.py
[2025-02-24T20:02:24.847+0000] {processor.py:925} INFO - DAG(s) 'tutorial' retrieved from /home/airflow/.local/lib/python3.12/site-packages/airflow/example_dags/tutorial.py
[2025-02-24T20:02:24.869+0000] {logging_mixin.py:190} INFO - [2025-02-24T20:02:24.869+0000] {dag.py:3239} INFO - Sync 1 DAGs
[2025-02-24T20:02:24.911+0000] {logging_mixin.py:190} INFO - [2025-02-24T20:02:24.911+0000] {dag.py:4180} INFO - Setting next_dagrun for tutorial to 2025-02-23 00:00:00+00:00, run_after=2025-02-24 00:00:00+00:00
[2025-02-24T20:02:24.937+0000] {processor.py:208} INFO - Processing /home/airflow/.local/lib/python3.12/site-packages/airflow/example_dags/tutorial.py took 0.119 seconds
[2025-02-24T20:02:55.394+0000] {processor.py:186} INFO - Started process (PID=361) to work on /home/airflow/.local/lib/python3.12/site-packages/airflow/example_dags/tutorial.py
[2025-02-24T20:02:55.396+0000] {processor.py:914} INFO - Processing file /home/airflow/.local/lib/python3.12/site-packages/airflow/example_dags/tutorial.py for tasks to queue
[2025-02-24T20:02:55.399+0000] {logging_mixin.py:190} INFO - [2025-02-24T20:02:55.398+0000] {dagbag.py:588} INFO - Filling up the DagBag from /home/airflow/.local/lib/python3.12/site-packages/airflow/example_dags/tutorial.py
[2025-02-24T20:02:55.408+0000] {processor.py:925} INFO - DAG(s) 'tutorial' retrieved from /home/airflow/.local/lib/python3.12/site-packages/airflow/example_dags/tutorial.py
[2025-02-24T20:02:55.430+0000] {logging_mixin.py:190} INFO - [2025-02-24T20:02:55.430+0000] {dag.py:3239} INFO - Sync 1 DAGs
[2025-02-24T20:02:55.456+0000] {logging_mixin.py:190} INFO - [2025-02-24T20:02:55.456+0000] {dag.py:4180} INFO - Setting next_dagrun for tutorial to 2025-02-23 00:00:00+00:00, run_after=2025-02-24 00:00:00+00:00
[2025-02-24T20:02:55.488+0000] {processor.py:208} INFO - Processing /home/airflow/.local/lib/python3.12/site-packages/airflow/example_dags/tutorial.py took 0.101 seconds
[2025-02-24T20:03:26.060+0000] {processor.py:186} INFO - Started process (PID=423) to work on /home/airflow/.local/lib/python3.12/site-packages/airflow/example_dags/tutorial.py
[2025-02-24T20:03:26.061+0000] {processor.py:914} INFO - Processing file /home/airflow/.local/lib/python3.12/site-packages/airflow/example_dags/tutorial.py for tasks to queue
[2025-02-24T20:03:26.063+0000] {logging_mixin.py:190} INFO - [2025-02-24T20:03:26.063+0000] {dagbag.py:588} INFO - Filling up the DagBag from /home/airflow/.local/lib/python3.12/site-packages/airflow/example_dags/tutorial.py
[2025-02-24T20:03:26.071+0000] {processor.py:925} INFO - DAG(s) 'tutorial' retrieved from /home/airflow/.local/lib/python3.12/site-packages/airflow/example_dags/tutorial.py
[2025-02-24T20:03:26.092+0000] {logging_mixin.py:190} INFO - [2025-02-24T20:03:26.092+0000] {dag.py:3239} INFO - Sync 1 DAGs
[2025-02-24T20:03:26.118+0000] {logging_mixin.py:190} INFO - [2025-02-24T20:03:26.118+0000] {dag.py:4180} INFO - Setting next_dagrun for tutorial to 2025-02-23 00:00:00+00:00, run_after=2025-02-24 00:00:00+00:00
[2025-02-24T20:03:26.139+0000] {processor.py:208} INFO - Processing /home/airflow/.local/lib/python3.12/site-packages/airflow/example_dags/tutorial.py took 0.085 seconds
[2025-02-24T20:03:57.805+0000] {processor.py:186} INFO - Started process (PID=487) to work on /home/airflow/.local/lib/python3.12/site-packages/airflow/example_dags/tutorial.py
[2025-02-24T20:03:57.807+0000] {processor.py:914} INFO - Processing file /home/airflow/.local/lib/python3.12/site-packages/airflow/example_dags/tutorial.py for tasks to queue
[2025-02-24T20:03:57.809+0000] {logging_mixin.py:190} INFO - [2025-02-24T20:03:57.809+0000] {dagbag.py:588} INFO - Filling up the DagBag from /home/airflow/.local/lib/python3.12/site-packages/airflow/example_dags/tutorial.py
[2025-02-24T20:03:57.819+0000] {processor.py:925} INFO - DAG(s) 'tutorial' retrieved from /home/airflow/.local/lib/python3.12/site-packages/airflow/example_dags/tutorial.py
[2025-02-24T20:03:57.843+0000] {logging_mixin.py:190} INFO - [2025-02-24T20:03:57.843+0000] {dag.py:3239} INFO - Sync 1 DAGs
[2025-02-24T20:03:57.870+0000] {logging_mixin.py:190} INFO - [2025-02-24T20:03:57.870+0000] {dag.py:4180} INFO - Setting next_dagrun for tutorial to 2025-02-23 00:00:00+00:00, run_after=2025-02-24 00:00:00+00:00
[2025-02-24T20:03:57.896+0000] {processor.py:208} INFO - Processing /home/airflow/.local/lib/python3.12/site-packages/airflow/example_dags/tutorial.py took 0.097 seconds
[2025-02-24T20:04:28.878+0000] {processor.py:186} INFO - Started process (PID=550) to work on /home/airflow/.local/lib/python3.12/site-packages/airflow/example_dags/tutorial.py
[2025-02-24T20:04:28.879+0000] {processor.py:914} INFO - Processing file /home/airflow/.local/lib/python3.12/site-packages/airflow/example_dags/tutorial.py for tasks to queue
[2025-02-24T20:04:28.882+0000] {logging_mixin.py:190} INFO - [2025-02-24T20:04:28.882+0000] {dagbag.py:588} INFO - Filling up the DagBag from /home/airflow/.local/lib/python3.12/site-packages/airflow/example_dags/tutorial.py
[2025-02-24T20:04:28.891+0000] {processor.py:925} INFO - DAG(s) 'tutorial' retrieved from /home/airflow/.local/lib/python3.12/site-packages/airflow/example_dags/tutorial.py
[2025-02-24T20:04:28.912+0000] {logging_mixin.py:190} INFO - [2025-02-24T20:04:28.912+0000] {dag.py:3239} INFO - Sync 1 DAGs
[2025-02-24T20:04:28.940+0000] {logging_mixin.py:190} INFO - [2025-02-24T20:04:28.940+0000] {dag.py:4180} INFO - Setting next_dagrun for tutorial to 2025-02-23 00:00:00+00:00, run_after=2025-02-24 00:00:00+00:00
[2025-02-24T20:04:28.967+0000] {processor.py:208} INFO - Processing /home/airflow/.local/lib/python3.12/site-packages/airflow/example_dags/tutorial.py took 0.094 seconds
[2025-02-24T20:05:00.251+0000] {processor.py:186} INFO - Started process (PID=613) to work on /home/airflow/.local/lib/python3.12/site-packages/airflow/example_dags/tutorial.py
[2025-02-24T20:05:00.252+0000] {processor.py:914} INFO - Processing file /home/airflow/.local/lib/python3.12/site-packages/airflow/example_dags/tutorial.py for tasks to queue
[2025-02-24T20:05:00.255+0000] {logging_mixin.py:190} INFO - [2025-02-24T20:05:00.254+0000] {dagbag.py:588} INFO - Filling up the DagBag from /home/airflow/.local/lib/python3.12/site-packages/airflow/example_dags/tutorial.py
[2025-02-24T20:05:00.266+0000] {processor.py:925} INFO - DAG(s) 'tutorial' retrieved from /home/airflow/.local/lib/python3.12/site-packages/airflow/example_dags/tutorial.py
[2025-02-24T20:05:00.290+0000] {logging_mixin.py:190} INFO - [2025-02-24T20:05:00.290+0000] {dag.py:3239} INFO - Sync 1 DAGs
[2025-02-24T20:05:00.325+0000] {logging_mixin.py:190} INFO - [2025-02-24T20:05:00.325+0000] {dag.py:4180} INFO - Setting next_dagrun for tutorial to 2025-02-23 00:00:00+00:00, run_after=2025-02-24 00:00:00+00:00
[2025-02-24T20:05:00.349+0000] {processor.py:208} INFO - Processing /home/airflow/.local/lib/python3.12/site-packages/airflow/example_dags/tutorial.py took 0.106 seconds
[2025-02-24T20:05:32.638+0000] {processor.py:186} INFO - Started process (PID=676) to work on /home/airflow/.local/lib/python3.12/site-packages/airflow/example_dags/tutorial.py
[2025-02-24T20:05:32.639+0000] {processor.py:914} INFO - Processing file /home/airflow/.local/lib/python3.12/site-packages/airflow/example_dags/tutorial.py for tasks to queue
[2025-02-24T20:05:32.642+0000] {logging_mixin.py:190} INFO - [2025-02-24T20:05:32.641+0000] {dagbag.py:588} INFO - Filling up the DagBag from /home/airflow/.local/lib/python3.12/site-packages/airflow/example_dags/tutorial.py
[2025-02-24T20:05:32.651+0000] {processor.py:925} INFO - DAG(s) 'tutorial' retrieved from /home/airflow/.local/lib/python3.12/site-packages/airflow/example_dags/tutorial.py
[2025-02-24T20:05:32.673+0000] {logging_mixin.py:190} INFO - [2025-02-24T20:05:32.673+0000] {dag.py:3239} INFO - Sync 1 DAGs
[2025-02-24T20:05:32.698+0000] {logging_mixin.py:190} INFO - [2025-02-24T20:05:32.698+0000] {dag.py:4180} INFO - Setting next_dagrun for tutorial to 2025-02-23 00:00:00+00:00, run_after=2025-02-24 00:00:00+00:00
[2025-02-24T20:05:32.720+0000] {processor.py:208} INFO - Processing /home/airflow/.local/lib/python3.12/site-packages/airflow/example_dags/tutorial.py took 0.087 seconds
[2025-02-24T20:06:04.169+0000] {processor.py:186} INFO - Started process (PID=739) to work on /home/airflow/.local/lib/python3.12/site-packages/airflow/example_dags/tutorial.py
[2025-02-24T20:06:04.170+0000] {processor.py:914} INFO - Processing file /home/airflow/.local/lib/python3.12/site-packages/airflow/example_dags/tutorial.py for tasks to queue
[2025-02-24T20:06:04.173+0000] {logging_mixin.py:190} INFO - [2025-02-24T20:06:04.172+0000] {dagbag.py:588} INFO - Filling up the DagBag from /home/airflow/.local/lib/python3.12/site-packages/airflow/example_dags/tutorial.py
[2025-02-24T20:06:04.181+0000] {processor.py:925} INFO - DAG(s) 'tutorial' retrieved from /home/airflow/.local/lib/python3.12/site-packages/airflow/example_dags/tutorial.py
[2025-02-24T20:06:04.202+0000] {logging_mixin.py:190} INFO - [2025-02-24T20:06:04.202+0000] {dag.py:3239} INFO - Sync 1 DAGs
[2025-02-24T20:06:04.229+0000] {logging_mixin.py:190} INFO - [2025-02-24T20:06:04.229+0000] {dag.py:4180} INFO - Setting next_dagrun for tutorial to 2025-02-23 00:00:00+00:00, run_after=2025-02-24 00:00:00+00:00
[2025-02-24T20:06:04.249+0000] {processor.py:208} INFO - Processing /home/airflow/.local/lib/python3.12/site-packages/airflow/example_dags/tutorial.py took 0.086 seconds
[2025-02-24T20:06:35.515+0000] {processor.py:186} INFO - Started process (PID=802) to work on /home/airflow/.local/lib/python3.12/site-packages/airflow/example_dags/tutorial.py
[2025-02-24T20:06:35.516+0000] {processor.py:914} INFO - Processing file /home/airflow/.local/lib/python3.12/site-packages/airflow/example_dags/tutorial.py for tasks to queue
[2025-02-24T20:06:35.518+0000] {logging_mixin.py:190} INFO - [2025-02-24T20:06:35.518+0000] {dagbag.py:588} INFO - Filling up the DagBag from /home/airflow/.local/lib/python3.12/site-packages/airflow/example_dags/tutorial.py
[2025-02-24T20:06:35.526+0000] {processor.py:925} INFO - DAG(s) 'tutorial' retrieved from /home/airflow/.local/lib/python3.12/site-packages/airflow/example_dags/tutorial.py
[2025-02-24T20:06:35.547+0000] {logging_mixin.py:190} INFO - [2025-02-24T20:06:35.547+0000] {dag.py:3239} INFO - Sync 1 DAGs
[2025-02-24T20:06:35.570+0000] {logging_mixin.py:190} INFO - [2025-02-24T20:06:35.570+0000] {dag.py:4180} INFO - Setting next_dagrun for tutorial to 2025-02-23 00:00:00+00:00, run_after=2025-02-24 00:00:00+00:00
[2025-02-24T20:06:35.600+0000] {processor.py:208} INFO - Processing /home/airflow/.local/lib/python3.12/site-packages/airflow/example_dags/tutorial.py took 0.091 seconds
[2025-02-24T20:07:06.904+0000] {processor.py:186} INFO - Started process (PID=865) to work on /home/airflow/.local/lib/python3.12/site-packages/airflow/example_dags/tutorial.py
[2025-02-24T20:07:06.905+0000] {processor.py:914} INFO - Processing file /home/airflow/.local/lib/python3.12/site-packages/airflow/example_dags/tutorial.py for tasks to queue
[2025-02-24T20:07:06.908+0000] {logging_mixin.py:190} INFO - [2025-02-24T20:07:06.907+0000] {dagbag.py:588} INFO - Filling up the DagBag from /home/airflow/.local/lib/python3.12/site-packages/airflow/example_dags/tutorial.py
[2025-02-24T20:07:06.916+0000] {processor.py:925} INFO - DAG(s) 'tutorial' retrieved from /home/airflow/.local/lib/python3.12/site-packages/airflow/example_dags/tutorial.py
[2025-02-24T20:07:06.935+0000] {logging_mixin.py:190} INFO - [2025-02-24T20:07:06.935+0000] {dag.py:3239} INFO - Sync 1 DAGs
[2025-02-24T20:07:06.960+0000] {logging_mixin.py:190} INFO - [2025-02-24T20:07:06.960+0000] {dag.py:4180} INFO - Setting next_dagrun for tutorial to 2025-02-23 00:00:00+00:00, run_after=2025-02-24 00:00:00+00:00
[2025-02-24T20:07:06.990+0000] {processor.py:208} INFO - Processing /home/airflow/.local/lib/python3.12/site-packages/airflow/example_dags/tutorial.py took 0.091 seconds
[2025-02-24T20:07:38.168+0000] {processor.py:186} INFO - Started process (PID=928) to work on /home/airflow/.local/lib/python3.12/site-packages/airflow/example_dags/tutorial.py
[2025-02-24T20:07:38.169+0000] {processor.py:914} INFO - Processing file /home/airflow/.local/lib/python3.12/site-packages/airflow/example_dags/tutorial.py for tasks to queue
[2025-02-24T20:07:38.172+0000] {logging_mixin.py:190} INFO - [2025-02-24T20:07:38.172+0000] {dagbag.py:588} INFO - Filling up the DagBag from /home/airflow/.local/lib/python3.12/site-packages/airflow/example_dags/tutorial.py
[2025-02-24T20:07:38.188+0000] {processor.py:925} INFO - DAG(s) 'tutorial' retrieved from /home/airflow/.local/lib/python3.12/site-packages/airflow/example_dags/tutorial.py
[2025-02-24T20:07:38.210+0000] {logging_mixin.py:190} INFO - [2025-02-24T20:07:38.209+0000] {dag.py:3239} INFO - Sync 1 DAGs
[2025-02-24T20:07:38.237+0000] {logging_mixin.py:190} INFO - [2025-02-24T20:07:38.237+0000] {dag.py:4180} INFO - Setting next_dagrun for tutorial to 2025-02-23 00:00:00+00:00, run_after=2025-02-24 00:00:00+00:00
[2025-02-24T20:07:38.270+0000] {processor.py:208} INFO - Processing /home/airflow/.local/lib/python3.12/site-packages/airflow/example_dags/tutorial.py took 0.108 seconds
[2025-02-24T20:08:09.370+0000] {processor.py:186} INFO - Started process (PID=991) to work on /home/airflow/.local/lib/python3.12/site-packages/airflow/example_dags/tutorial.py
[2025-02-24T20:08:09.372+0000] {processor.py:914} INFO - Processing file /home/airflow/.local/lib/python3.12/site-packages/airflow/example_dags/tutorial.py for tasks to queue
[2025-02-24T20:08:09.378+0000] {logging_mixin.py:190} INFO - [2025-02-24T20:08:09.377+0000] {dagbag.py:588} INFO - Filling up the DagBag from /home/airflow/.local/lib/python3.12/site-packages/airflow/example_dags/tutorial.py
[2025-02-24T20:08:09.401+0000] {processor.py:925} INFO - DAG(s) 'tutorial' retrieved from /home/airflow/.local/lib/python3.12/site-packages/airflow/example_dags/tutorial.py
[2025-02-24T20:08:09.425+0000] {logging_mixin.py:190} INFO - [2025-02-24T20:08:09.425+0000] {dag.py:3239} INFO - Sync 1 DAGs
[2025-02-24T20:08:09.458+0000] {logging_mixin.py:190} INFO - [2025-02-24T20:08:09.458+0000] {dag.py:4180} INFO - Setting next_dagrun for tutorial to 2025-02-23 00:00:00+00:00, run_after=2025-02-24 00:00:00+00:00
[2025-02-24T20:08:09.480+0000] {processor.py:208} INFO - Processing /home/airflow/.local/lib/python3.12/site-packages/airflow/example_dags/tutorial.py took 0.130 seconds
[2025-02-24T20:08:40.474+0000] {processor.py:186} INFO - Started process (PID=1055) to work on /home/airflow/.local/lib/python3.12/site-packages/airflow/example_dags/tutorial.py
[2025-02-24T20:08:40.475+0000] {processor.py:914} INFO - Processing file /home/airflow/.local/lib/python3.12/site-packages/airflow/example_dags/tutorial.py for tasks to queue
[2025-02-24T20:08:40.478+0000] {logging_mixin.py:190} INFO - [2025-02-24T20:08:40.478+0000] {dagbag.py:588} INFO - Filling up the DagBag from /home/airflow/.local/lib/python3.12/site-packages/airflow/example_dags/tutorial.py
[2025-02-24T20:08:40.490+0000] {processor.py:925} INFO - DAG(s) 'tutorial' retrieved from /home/airflow/.local/lib/python3.12/site-packages/airflow/example_dags/tutorial.py
[2025-02-24T20:08:40.517+0000] {logging_mixin.py:190} INFO - [2025-02-24T20:08:40.517+0000] {dag.py:3239} INFO - Sync 1 DAGs
[2025-02-24T20:08:40.557+0000] {logging_mixin.py:190} INFO - [2025-02-24T20:08:40.557+0000] {dag.py:4180} INFO - Setting next_dagrun for tutorial to 2025-02-23 00:00:00+00:00, run_after=2025-02-24 00:00:00+00:00
[2025-02-24T20:08:40.577+0000] {processor.py:208} INFO - Processing /home/airflow/.local/lib/python3.12/site-packages/airflow/example_dags/tutorial.py took 0.113 seconds
[2025-02-24T20:09:11.226+0000] {processor.py:186} INFO - Started process (PID=1117) to work on /home/airflow/.local/lib/python3.12/site-packages/airflow/example_dags/tutorial.py
[2025-02-24T20:09:11.228+0000] {processor.py:914} INFO - Processing file /home/airflow/.local/lib/python3.12/site-packages/airflow/example_dags/tutorial.py for tasks to queue
[2025-02-24T20:09:11.231+0000] {logging_mixin.py:190} INFO - [2025-02-24T20:09:11.231+0000] {dagbag.py:588} INFO - Filling up the DagBag from /home/airflow/.local/lib/python3.12/site-packages/airflow/example_dags/tutorial.py
[2025-02-24T20:09:11.240+0000] {processor.py:925} INFO - DAG(s) 'tutorial' retrieved from /home/airflow/.local/lib/python3.12/site-packages/airflow/example_dags/tutorial.py
[2025-02-24T20:09:11.259+0000] {logging_mixin.py:190} INFO - [2025-02-24T20:09:11.259+0000] {dag.py:3239} INFO - Sync 1 DAGs
[2025-02-24T20:09:11.284+0000] {logging_mixin.py:190} INFO - [2025-02-24T20:09:11.284+0000] {dag.py:4180} INFO - Setting next_dagrun for tutorial to 2025-02-23 00:00:00+00:00, run_after=2025-02-24 00:00:00+00:00
[2025-02-24T20:09:11.316+0000] {processor.py:208} INFO - Processing /home/airflow/.local/lib/python3.12/site-packages/airflow/example_dags/tutorial.py took 0.095 seconds
[2025-02-24T20:09:43.119+0000] {processor.py:186} INFO - Started process (PID=1184) to work on /home/airflow/.local/lib/python3.12/site-packages/airflow/example_dags/tutorial.py
[2025-02-24T20:09:43.120+0000] {processor.py:914} INFO - Processing file /home/airflow/.local/lib/python3.12/site-packages/airflow/example_dags/tutorial.py for tasks to queue
[2025-02-24T20:09:43.123+0000] {logging_mixin.py:190} INFO - [2025-02-24T20:09:43.123+0000] {dagbag.py:588} INFO - Filling up the DagBag from /home/airflow/.local/lib/python3.12/site-packages/airflow/example_dags/tutorial.py
[2025-02-24T20:09:43.135+0000] {processor.py:925} INFO - DAG(s) 'tutorial' retrieved from /home/airflow/.local/lib/python3.12/site-packages/airflow/example_dags/tutorial.py
[2025-02-24T20:09:43.159+0000] {logging_mixin.py:190} INFO - [2025-02-24T20:09:43.159+0000] {dag.py:3239} INFO - Sync 1 DAGs
[2025-02-24T20:09:43.192+0000] {logging_mixin.py:190} INFO - [2025-02-24T20:09:43.191+0000] {dag.py:4180} INFO - Setting next_dagrun for tutorial to 2025-02-23 00:00:00+00:00, run_after=2025-02-24 00:00:00+00:00
[2025-02-24T20:09:43.233+0000] {processor.py:208} INFO - Processing /home/airflow/.local/lib/python3.12/site-packages/airflow/example_dags/tutorial.py took 0.121 seconds
[2025-02-24T20:10:14.273+0000] {processor.py:186} INFO - Started process (PID=1247) to work on /home/airflow/.local/lib/python3.12/site-packages/airflow/example_dags/tutorial.py
[2025-02-24T20:10:14.274+0000] {processor.py:914} INFO - Processing file /home/airflow/.local/lib/python3.12/site-packages/airflow/example_dags/tutorial.py for tasks to queue
[2025-02-24T20:10:14.278+0000] {logging_mixin.py:190} INFO - [2025-02-24T20:10:14.277+0000] {dagbag.py:588} INFO - Filling up the DagBag from /home/airflow/.local/lib/python3.12/site-packages/airflow/example_dags/tutorial.py
[2025-02-24T20:10:14.288+0000] {processor.py:925} INFO - DAG(s) 'tutorial' retrieved from /home/airflow/.local/lib/python3.12/site-packages/airflow/example_dags/tutorial.py
[2025-02-24T20:10:14.312+0000] {logging_mixin.py:190} INFO - [2025-02-24T20:10:14.311+0000] {dag.py:3239} INFO - Sync 1 DAGs
[2025-02-24T20:10:14.342+0000] {logging_mixin.py:190} INFO - [2025-02-24T20:10:14.342+0000] {dag.py:4180} INFO - Setting next_dagrun for tutorial to 2025-02-23 00:00:00+00:00, run_after=2025-02-24 00:00:00+00:00
[2025-02-24T20:10:14.375+0000] {processor.py:208} INFO - Processing /home/airflow/.local/lib/python3.12/site-packages/airflow/example_dags/tutorial.py took 0.110 seconds
[2025-02-24T20:10:46.162+0000] {processor.py:186} INFO - Started process (PID=1316) to work on /home/airflow/.local/lib/python3.12/site-packages/airflow/example_dags/tutorial.py
[2025-02-24T20:10:46.163+0000] {processor.py:914} INFO - Processing file /home/airflow/.local/lib/python3.12/site-packages/airflow/example_dags/tutorial.py for tasks to queue
[2025-02-24T20:10:46.165+0000] {logging_mixin.py:190} INFO - [2025-02-24T20:10:46.165+0000] {dagbag.py:588} INFO - Filling up the DagBag from /home/airflow/.local/lib/python3.12/site-packages/airflow/example_dags/tutorial.py
[2025-02-24T20:10:46.173+0000] {processor.py:925} INFO - DAG(s) 'tutorial' retrieved from /home/airflow/.local/lib/python3.12/site-packages/airflow/example_dags/tutorial.py
[2025-02-24T20:10:46.194+0000] {logging_mixin.py:190} INFO - [2025-02-24T20:10:46.194+0000] {dag.py:3239} INFO - Sync 1 DAGs
[2025-02-24T20:10:46.223+0000] {logging_mixin.py:190} INFO - [2025-02-24T20:10:46.222+0000] {dag.py:4180} INFO - Setting next_dagrun for tutorial to 2025-02-23 00:00:00+00:00, run_after=2025-02-24 00:00:00+00:00
[2025-02-24T20:10:46.258+0000] {processor.py:208} INFO - Processing /home/airflow/.local/lib/python3.12/site-packages/airflow/example_dags/tutorial.py took 0.102 seconds
[2025-02-24T20:11:17.612+0000] {processor.py:186} INFO - Started process (PID=1379) to work on /home/airflow/.local/lib/python3.12/site-packages/airflow/example_dags/tutorial.py
[2025-02-24T20:11:17.613+0000] {processor.py:914} INFO - Processing file /home/airflow/.local/lib/python3.12/site-packages/airflow/example_dags/tutorial.py for tasks to queue
[2025-02-24T20:11:17.616+0000] {logging_mixin.py:190} INFO - [2025-02-24T20:11:17.616+0000] {dagbag.py:588} INFO - Filling up the DagBag from /home/airflow/.local/lib/python3.12/site-packages/airflow/example_dags/tutorial.py
[2025-02-24T20:11:17.626+0000] {processor.py:925} INFO - DAG(s) 'tutorial' retrieved from /home/airflow/.local/lib/python3.12/site-packages/airflow/example_dags/tutorial.py
[2025-02-24T20:11:17.651+0000] {logging_mixin.py:190} INFO - [2025-02-24T20:11:17.651+0000] {dag.py:3239} INFO - Sync 1 DAGs
[2025-02-24T20:11:17.680+0000] {logging_mixin.py:190} INFO - [2025-02-24T20:11:17.680+0000] {dag.py:4180} INFO - Setting next_dagrun for tutorial to 2025-02-23 00:00:00+00:00, run_after=2025-02-24 00:00:00+00:00
[2025-02-24T20:11:17.712+0000] {processor.py:208} INFO - Processing /home/airflow/.local/lib/python3.12/site-packages/airflow/example_dags/tutorial.py took 0.107 seconds
[2025-02-24T20:11:50.092+0000] {processor.py:186} INFO - Started process (PID=1447) to work on /home/airflow/.local/lib/python3.12/site-packages/airflow/example_dags/tutorial.py
[2025-02-24T20:11:50.093+0000] {processor.py:914} INFO - Processing file /home/airflow/.local/lib/python3.12/site-packages/airflow/example_dags/tutorial.py for tasks to queue
[2025-02-24T20:11:50.096+0000] {logging_mixin.py:190} INFO - [2025-02-24T20:11:50.095+0000] {dagbag.py:588} INFO - Filling up the DagBag from /home/airflow/.local/lib/python3.12/site-packages/airflow/example_dags/tutorial.py
[2025-02-24T20:11:50.103+0000] {processor.py:925} INFO - DAG(s) 'tutorial' retrieved from /home/airflow/.local/lib/python3.12/site-packages/airflow/example_dags/tutorial.py
[2025-02-24T20:11:50.125+0000] {logging_mixin.py:190} INFO - [2025-02-24T20:11:50.124+0000] {dag.py:3239} INFO - Sync 1 DAGs
[2025-02-24T20:11:50.149+0000] {logging_mixin.py:190} INFO - [2025-02-24T20:11:50.149+0000] {dag.py:4180} INFO - Setting next_dagrun for tutorial to 2025-02-23 00:00:00+00:00, run_after=2025-02-24 00:00:00+00:00
[2025-02-24T20:11:50.180+0000] {processor.py:208} INFO - Processing /home/airflow/.local/lib/python3.12/site-packages/airflow/example_dags/tutorial.py took 0.093 seconds
[2025-02-24T20:12:20.520+0000] {processor.py:186} INFO - Started process (PID=1510) to work on /home/airflow/.local/lib/python3.12/site-packages/airflow/example_dags/tutorial.py
[2025-02-24T20:12:20.521+0000] {processor.py:914} INFO - Processing file /home/airflow/.local/lib/python3.12/site-packages/airflow/example_dags/tutorial.py for tasks to queue
[2025-02-24T20:12:20.525+0000] {logging_mixin.py:190} INFO - [2025-02-24T20:12:20.524+0000] {dagbag.py:588} INFO - Filling up the DagBag from /home/airflow/.local/lib/python3.12/site-packages/airflow/example_dags/tutorial.py
[2025-02-24T20:12:20.537+0000] {processor.py:925} INFO - DAG(s) 'tutorial' retrieved from /home/airflow/.local/lib/python3.12/site-packages/airflow/example_dags/tutorial.py
[2025-02-24T20:12:20.564+0000] {logging_mixin.py:190} INFO - [2025-02-24T20:12:20.564+0000] {dag.py:3239} INFO - Sync 1 DAGs
[2025-02-24T20:12:20.599+0000] {logging_mixin.py:190} INFO - [2025-02-24T20:12:20.599+0000] {dag.py:4180} INFO - Setting next_dagrun for tutorial to 2025-02-23 00:00:00+00:00, run_after=2025-02-24 00:00:00+00:00
[2025-02-24T20:12:20.636+0000] {processor.py:208} INFO - Processing /home/airflow/.local/lib/python3.12/site-packages/airflow/example_dags/tutorial.py took 0.122 seconds
[2025-02-24T20:12:52.529+0000] {processor.py:186} INFO - Started process (PID=1582) to work on /home/airflow/.local/lib/python3.12/site-packages/airflow/example_dags/tutorial.py
[2025-02-24T20:12:52.530+0000] {processor.py:914} INFO - Processing file /home/airflow/.local/lib/python3.12/site-packages/airflow/example_dags/tutorial.py for tasks to queue
[2025-02-24T20:12:52.533+0000] {logging_mixin.py:190} INFO - [2025-02-24T20:12:52.533+0000] {dagbag.py:588} INFO - Filling up the DagBag from /home/airflow/.local/lib/python3.12/site-packages/airflow/example_dags/tutorial.py
[2025-02-24T20:12:52.542+0000] {processor.py:925} INFO - DAG(s) 'tutorial' retrieved from /home/airflow/.local/lib/python3.12/site-packages/airflow/example_dags/tutorial.py
[2025-02-24T20:12:52.562+0000] {logging_mixin.py:190} INFO - [2025-02-24T20:12:52.562+0000] {dag.py:3239} INFO - Sync 1 DAGs
[2025-02-24T20:12:52.587+0000] {logging_mixin.py:190} INFO - [2025-02-24T20:12:52.587+0000] {dag.py:4180} INFO - Setting next_dagrun for tutorial to 2025-02-23 00:00:00+00:00, run_after=2025-02-24 00:00:00+00:00
[2025-02-24T20:12:52.605+0000] {processor.py:208} INFO - Processing /home/airflow/.local/lib/python3.12/site-packages/airflow/example_dags/tutorial.py took 0.082 seconds
[2025-02-24T20:13:25.095+0000] {processor.py:186} INFO - Started process (PID=1649) to work on /home/airflow/.local/lib/python3.12/site-packages/airflow/example_dags/tutorial.py
[2025-02-24T20:13:25.096+0000] {processor.py:914} INFO - Processing file /home/airflow/.local/lib/python3.12/site-packages/airflow/example_dags/tutorial.py for tasks to queue
[2025-02-24T20:13:25.099+0000] {logging_mixin.py:190} INFO - [2025-02-24T20:13:25.099+0000] {dagbag.py:588} INFO - Filling up the DagBag from /home/airflow/.local/lib/python3.12/site-packages/airflow/example_dags/tutorial.py
[2025-02-24T20:13:25.107+0000] {processor.py:925} INFO - DAG(s) 'tutorial' retrieved from /home/airflow/.local/lib/python3.12/site-packages/airflow/example_dags/tutorial.py
[2025-02-24T20:13:25.127+0000] {logging_mixin.py:190} INFO - [2025-02-24T20:13:25.127+0000] {dag.py:3239} INFO - Sync 1 DAGs
[2025-02-24T20:13:25.151+0000] {logging_mixin.py:190} INFO - [2025-02-24T20:13:25.151+0000] {dag.py:4180} INFO - Setting next_dagrun for tutorial to 2025-02-23 00:00:00+00:00, run_after=2025-02-24 00:00:00+00:00
[2025-02-24T20:13:25.182+0000] {processor.py:208} INFO - Processing /home/airflow/.local/lib/python3.12/site-packages/airflow/example_dags/tutorial.py took 0.092 seconds
[2025-02-24T20:13:56.590+0000] {processor.py:186} INFO - Started process (PID=1712) to work on /home/airflow/.local/lib/python3.12/site-packages/airflow/example_dags/tutorial.py
[2025-02-24T20:13:56.591+0000] {processor.py:914} INFO - Processing file /home/airflow/.local/lib/python3.12/site-packages/airflow/example_dags/tutorial.py for tasks to queue
[2025-02-24T20:13:56.594+0000] {logging_mixin.py:190} INFO - [2025-02-24T20:13:56.594+0000] {dagbag.py:588} INFO - Filling up the DagBag from /home/airflow/.local/lib/python3.12/site-packages/airflow/example_dags/tutorial.py
[2025-02-24T20:13:56.603+0000] {processor.py:925} INFO - DAG(s) 'tutorial' retrieved from /home/airflow/.local/lib/python3.12/site-packages/airflow/example_dags/tutorial.py
[2025-02-24T20:13:56.623+0000] {logging_mixin.py:190} INFO - [2025-02-24T20:13:56.623+0000] {dag.py:3239} INFO - Sync 1 DAGs
[2025-02-24T20:13:56.652+0000] {logging_mixin.py:190} INFO - [2025-02-24T20:13:56.652+0000] {dag.py:4180} INFO - Setting next_dagrun for tutorial to 2025-02-23 00:00:00+00:00, run_after=2025-02-24 00:00:00+00:00
[2025-02-24T20:13:56.673+0000] {processor.py:208} INFO - Processing /home/airflow/.local/lib/python3.12/site-packages/airflow/example_dags/tutorial.py took 0.089 seconds
[2025-02-24T20:14:29.308+0000] {processor.py:186} INFO - Started process (PID=1775) to work on /home/airflow/.local/lib/python3.12/site-packages/airflow/example_dags/tutorial.py
[2025-02-24T20:14:29.311+0000] {processor.py:914} INFO - Processing file /home/airflow/.local/lib/python3.12/site-packages/airflow/example_dags/tutorial.py for tasks to queue
[2025-02-24T20:14:29.313+0000] {logging_mixin.py:190} INFO - [2025-02-24T20:14:29.313+0000] {dagbag.py:588} INFO - Filling up the DagBag from /home/airflow/.local/lib/python3.12/site-packages/airflow/example_dags/tutorial.py
[2025-02-24T20:14:29.323+0000] {processor.py:925} INFO - DAG(s) 'tutorial' retrieved from /home/airflow/.local/lib/python3.12/site-packages/airflow/example_dags/tutorial.py
[2025-02-24T20:14:29.345+0000] {logging_mixin.py:190} INFO - [2025-02-24T20:14:29.345+0000] {dag.py:3239} INFO - Sync 1 DAGs
[2025-02-24T20:14:29.392+0000] {logging_mixin.py:190} INFO - [2025-02-24T20:14:29.392+0000] {dag.py:4180} INFO - Setting next_dagrun for tutorial to 2025-02-23 00:00:00+00:00, run_after=2025-02-24 00:00:00+00:00
[2025-02-24T20:14:29.426+0000] {processor.py:208} INFO - Processing /home/airflow/.local/lib/python3.12/site-packages/airflow/example_dags/tutorial.py took 0.127 seconds
[2025-02-24T20:15:01.833+0000] {processor.py:186} INFO - Started process (PID=1838) to work on /home/airflow/.local/lib/python3.12/site-packages/airflow/example_dags/tutorial.py
[2025-02-24T20:15:01.836+0000] {processor.py:914} INFO - Processing file /home/airflow/.local/lib/python3.12/site-packages/airflow/example_dags/tutorial.py for tasks to queue
[2025-02-24T20:15:01.849+0000] {logging_mixin.py:190} INFO - [2025-02-24T20:15:01.848+0000] {dagbag.py:588} INFO - Filling up the DagBag from /home/airflow/.local/lib/python3.12/site-packages/airflow/example_dags/tutorial.py
[2025-02-24T20:15:01.868+0000] {processor.py:925} INFO - DAG(s) 'tutorial' retrieved from /home/airflow/.local/lib/python3.12/site-packages/airflow/example_dags/tutorial.py
[2025-02-24T20:15:01.903+0000] {logging_mixin.py:190} INFO - [2025-02-24T20:15:01.902+0000] {dag.py:3239} INFO - Sync 1 DAGs
[2025-02-24T20:15:01.958+0000] {logging_mixin.py:190} INFO - [2025-02-24T20:15:01.958+0000] {dag.py:4180} INFO - Setting next_dagrun for tutorial to 2025-02-23 00:00:00+00:00, run_after=2025-02-24 00:00:00+00:00
[2025-02-24T20:15:02.036+0000] {processor.py:208} INFO - Processing /home/airflow/.local/lib/python3.12/site-packages/airflow/example_dags/tutorial.py took 0.226 seconds
[2025-02-24T20:15:34.141+0000] {processor.py:186} INFO - Started process (PID=1901) to work on /home/airflow/.local/lib/python3.12/site-packages/airflow/example_dags/tutorial.py
[2025-02-24T20:15:34.143+0000] {processor.py:914} INFO - Processing file /home/airflow/.local/lib/python3.12/site-packages/airflow/example_dags/tutorial.py for tasks to queue
[2025-02-24T20:15:34.147+0000] {logging_mixin.py:190} INFO - [2025-02-24T20:15:34.147+0000] {dagbag.py:588} INFO - Filling up the DagBag from /home/airflow/.local/lib/python3.12/site-packages/airflow/example_dags/tutorial.py
[2025-02-24T20:15:34.166+0000] {processor.py:925} INFO - DAG(s) 'tutorial' retrieved from /home/airflow/.local/lib/python3.12/site-packages/airflow/example_dags/tutorial.py
[2025-02-24T20:15:34.206+0000] {logging_mixin.py:190} INFO - [2025-02-24T20:15:34.206+0000] {dag.py:3239} INFO - Sync 1 DAGs
[2025-02-24T20:15:34.255+0000] {logging_mixin.py:190} INFO - [2025-02-24T20:15:34.254+0000] {dag.py:4180} INFO - Setting next_dagrun for tutorial to 2025-02-23 00:00:00+00:00, run_after=2025-02-24 00:00:00+00:00
[2025-02-24T20:15:34.324+0000] {processor.py:208} INFO - Processing /home/airflow/.local/lib/python3.12/site-packages/airflow/example_dags/tutorial.py took 0.193 seconds
[2025-02-24T20:16:06.815+0000] {processor.py:186} INFO - Started process (PID=1964) to work on /home/airflow/.local/lib/python3.12/site-packages/airflow/example_dags/tutorial.py
[2025-02-24T20:16:06.816+0000] {processor.py:914} INFO - Processing file /home/airflow/.local/lib/python3.12/site-packages/airflow/example_dags/tutorial.py for tasks to queue
[2025-02-24T20:16:06.821+0000] {logging_mixin.py:190} INFO - [2025-02-24T20:16:06.821+0000] {dagbag.py:588} INFO - Filling up the DagBag from /home/airflow/.local/lib/python3.12/site-packages/airflow/example_dags/tutorial.py
[2025-02-24T20:16:06.836+0000] {processor.py:925} INFO - DAG(s) 'tutorial' retrieved from /home/airflow/.local/lib/python3.12/site-packages/airflow/example_dags/tutorial.py
[2025-02-24T20:16:06.874+0000] {logging_mixin.py:190} INFO - [2025-02-24T20:16:06.873+0000] {dag.py:3239} INFO - Sync 1 DAGs
[2025-02-24T20:16:06.936+0000] {logging_mixin.py:190} INFO - [2025-02-24T20:16:06.936+0000] {dag.py:4180} INFO - Setting next_dagrun for tutorial to 2025-02-23 00:00:00+00:00, run_after=2025-02-24 00:00:00+00:00
[2025-02-24T20:16:06.969+0000] {processor.py:208} INFO - Processing /home/airflow/.local/lib/python3.12/site-packages/airflow/example_dags/tutorial.py took 0.164 seconds
[2025-02-24T20:16:37.458+0000] {processor.py:186} INFO - Started process (PID=2027) to work on /home/airflow/.local/lib/python3.12/site-packages/airflow/example_dags/tutorial.py
[2025-02-24T20:16:37.460+0000] {processor.py:914} INFO - Processing file /home/airflow/.local/lib/python3.12/site-packages/airflow/example_dags/tutorial.py for tasks to queue
[2025-02-24T20:16:37.467+0000] {logging_mixin.py:190} INFO - [2025-02-24T20:16:37.466+0000] {dagbag.py:588} INFO - Filling up the DagBag from /home/airflow/.local/lib/python3.12/site-packages/airflow/example_dags/tutorial.py
[2025-02-24T20:16:37.492+0000] {processor.py:925} INFO - DAG(s) 'tutorial' retrieved from /home/airflow/.local/lib/python3.12/site-packages/airflow/example_dags/tutorial.py
[2025-02-24T20:16:37.532+0000] {logging_mixin.py:190} INFO - [2025-02-24T20:16:37.531+0000] {dag.py:3239} INFO - Sync 1 DAGs
[2025-02-24T20:16:37.580+0000] {logging_mixin.py:190} INFO - [2025-02-24T20:16:37.580+0000] {dag.py:4180} INFO - Setting next_dagrun for tutorial to 2025-02-23 00:00:00+00:00, run_after=2025-02-24 00:00:00+00:00
[2025-02-24T20:16:37.619+0000] {processor.py:208} INFO - Processing /home/airflow/.local/lib/python3.12/site-packages/airflow/example_dags/tutorial.py took 0.179 seconds
[2025-02-24T20:17:09.348+0000] {processor.py:186} INFO - Started process (PID=2090) to work on /home/airflow/.local/lib/python3.12/site-packages/airflow/example_dags/tutorial.py
[2025-02-24T20:17:09.350+0000] {processor.py:914} INFO - Processing file /home/airflow/.local/lib/python3.12/site-packages/airflow/example_dags/tutorial.py for tasks to queue
[2025-02-24T20:17:09.354+0000] {logging_mixin.py:190} INFO - [2025-02-24T20:17:09.353+0000] {dagbag.py:588} INFO - Filling up the DagBag from /home/airflow/.local/lib/python3.12/site-packages/airflow/example_dags/tutorial.py
[2025-02-24T20:17:09.367+0000] {processor.py:925} INFO - DAG(s) 'tutorial' retrieved from /home/airflow/.local/lib/python3.12/site-packages/airflow/example_dags/tutorial.py
[2025-02-24T20:17:09.400+0000] {logging_mixin.py:190} INFO - [2025-02-24T20:17:09.400+0000] {dag.py:3239} INFO - Sync 1 DAGs
[2025-02-24T20:17:09.447+0000] {logging_mixin.py:190} INFO - [2025-02-24T20:17:09.447+0000] {dag.py:4180} INFO - Setting next_dagrun for tutorial to 2025-02-23 00:00:00+00:00, run_after=2025-02-24 00:00:00+00:00
[2025-02-24T20:17:09.490+0000] {processor.py:208} INFO - Processing /home/airflow/.local/lib/python3.12/site-packages/airflow/example_dags/tutorial.py took 0.152 seconds
[2025-02-24T20:17:39.665+0000] {processor.py:186} INFO - Started process (PID=2152) to work on /home/airflow/.local/lib/python3.12/site-packages/airflow/example_dags/tutorial.py
[2025-02-24T20:17:39.667+0000] {processor.py:914} INFO - Processing file /home/airflow/.local/lib/python3.12/site-packages/airflow/example_dags/tutorial.py for tasks to queue
[2025-02-24T20:17:39.671+0000] {logging_mixin.py:190} INFO - [2025-02-24T20:17:39.670+0000] {dagbag.py:588} INFO - Filling up the DagBag from /home/airflow/.local/lib/python3.12/site-packages/airflow/example_dags/tutorial.py
[2025-02-24T20:17:39.684+0000] {processor.py:925} INFO - DAG(s) 'tutorial' retrieved from /home/airflow/.local/lib/python3.12/site-packages/airflow/example_dags/tutorial.py
[2025-02-24T20:17:39.714+0000] {logging_mixin.py:190} INFO - [2025-02-24T20:17:39.713+0000] {dag.py:3239} INFO - Sync 1 DAGs
[2025-02-24T20:17:39.751+0000] {logging_mixin.py:190} INFO - [2025-02-24T20:17:39.751+0000] {dag.py:4180} INFO - Setting next_dagrun for tutorial to 2025-02-23 00:00:00+00:00, run_after=2025-02-24 00:00:00+00:00
[2025-02-24T20:17:39.785+0000] {processor.py:208} INFO - Processing /home/airflow/.local/lib/python3.12/site-packages/airflow/example_dags/tutorial.py took 0.129 seconds
[2025-02-24T20:18:10.772+0000] {processor.py:186} INFO - Started process (PID=2215) to work on /home/airflow/.local/lib/python3.12/site-packages/airflow/example_dags/tutorial.py
[2025-02-24T20:18:10.773+0000] {processor.py:914} INFO - Processing file /home/airflow/.local/lib/python3.12/site-packages/airflow/example_dags/tutorial.py for tasks to queue
[2025-02-24T20:18:10.776+0000] {logging_mixin.py:190} INFO - [2025-02-24T20:18:10.776+0000] {dagbag.py:588} INFO - Filling up the DagBag from /home/airflow/.local/lib/python3.12/site-packages/airflow/example_dags/tutorial.py
[2025-02-24T20:18:10.789+0000] {processor.py:925} INFO - DAG(s) 'tutorial' retrieved from /home/airflow/.local/lib/python3.12/site-packages/airflow/example_dags/tutorial.py
[2025-02-24T20:18:10.816+0000] {logging_mixin.py:190} INFO - [2025-02-24T20:18:10.816+0000] {dag.py:3239} INFO - Sync 1 DAGs
[2025-02-24T20:18:10.857+0000] {logging_mixin.py:190} INFO - [2025-02-24T20:18:10.857+0000] {dag.py:4180} INFO - Setting next_dagrun for tutorial to 2025-02-23 00:00:00+00:00, run_after=2025-02-24 00:00:00+00:00
[2025-02-24T20:18:10.902+0000] {processor.py:208} INFO - Processing /home/airflow/.local/lib/python3.12/site-packages/airflow/example_dags/tutorial.py took 0.139 seconds
[2025-02-24T20:18:41.514+0000] {processor.py:186} INFO - Started process (PID=2277) to work on /home/airflow/.local/lib/python3.12/site-packages/airflow/example_dags/tutorial.py
[2025-02-24T20:18:41.516+0000] {processor.py:914} INFO - Processing file /home/airflow/.local/lib/python3.12/site-packages/airflow/example_dags/tutorial.py for tasks to queue
[2025-02-24T20:18:41.521+0000] {logging_mixin.py:190} INFO - [2025-02-24T20:18:41.520+0000] {dagbag.py:588} INFO - Filling up the DagBag from /home/airflow/.local/lib/python3.12/site-packages/airflow/example_dags/tutorial.py
[2025-02-24T20:18:41.536+0000] {processor.py:925} INFO - DAG(s) 'tutorial' retrieved from /home/airflow/.local/lib/python3.12/site-packages/airflow/example_dags/tutorial.py
[2025-02-24T20:18:41.566+0000] {logging_mixin.py:190} INFO - [2025-02-24T20:18:41.566+0000] {dag.py:3239} INFO - Sync 1 DAGs
[2025-02-24T20:18:41.601+0000] {logging_mixin.py:190} INFO - [2025-02-24T20:18:41.600+0000] {dag.py:4180} INFO - Setting next_dagrun for tutorial to 2025-02-23 00:00:00+00:00, run_after=2025-02-24 00:00:00+00:00
[2025-02-24T20:18:41.657+0000] {processor.py:208} INFO - Processing /home/airflow/.local/lib/python3.12/site-packages/airflow/example_dags/tutorial.py took 0.151 seconds
[2025-02-24T20:19:12.361+0000] {processor.py:186} INFO - Started process (PID=2340) to work on /home/airflow/.local/lib/python3.12/site-packages/airflow/example_dags/tutorial.py
[2025-02-24T20:19:12.362+0000] {processor.py:914} INFO - Processing file /home/airflow/.local/lib/python3.12/site-packages/airflow/example_dags/tutorial.py for tasks to queue
[2025-02-24T20:19:12.368+0000] {logging_mixin.py:190} INFO - [2025-02-24T20:19:12.367+0000] {dagbag.py:588} INFO - Filling up the DagBag from /home/airflow/.local/lib/python3.12/site-packages/airflow/example_dags/tutorial.py
[2025-02-24T20:19:12.380+0000] {processor.py:925} INFO - DAG(s) 'tutorial' retrieved from /home/airflow/.local/lib/python3.12/site-packages/airflow/example_dags/tutorial.py
[2025-02-24T20:19:12.415+0000] {logging_mixin.py:190} INFO - [2025-02-24T20:19:12.415+0000] {dag.py:3239} INFO - Sync 1 DAGs
[2025-02-24T20:19:12.471+0000] {logging_mixin.py:190} INFO - [2025-02-24T20:19:12.471+0000] {dag.py:4180} INFO - Setting next_dagrun for tutorial to 2025-02-23 00:00:00+00:00, run_after=2025-02-24 00:00:00+00:00
[2025-02-24T20:19:12.506+0000] {processor.py:208} INFO - Processing /home/airflow/.local/lib/python3.12/site-packages/airflow/example_dags/tutorial.py took 0.157 seconds
[2025-02-24T21:44:31.013+0000] {processor.py:186} INFO - Started process (PID=274) to work on /home/airflow/.local/lib/python3.12/site-packages/airflow/example_dags/tutorial.py
[2025-02-24T21:44:31.036+0000] {processor.py:914} INFO - Processing file /home/airflow/.local/lib/python3.12/site-packages/airflow/example_dags/tutorial.py for tasks to queue
[2025-02-24T21:44:31.045+0000] {logging_mixin.py:190} INFO - [2025-02-24T21:44:31.043+0000] {dagbag.py:588} INFO - Filling up the DagBag from /home/airflow/.local/lib/python3.12/site-packages/airflow/example_dags/tutorial.py
[2025-02-24T21:44:31.095+0000] {processor.py:925} INFO - DAG(s) 'tutorial' retrieved from /home/airflow/.local/lib/python3.12/site-packages/airflow/example_dags/tutorial.py
[2025-02-24T21:44:31.588+0000] {logging_mixin.py:190} INFO - [2025-02-24T21:44:31.587+0000] {override.py:1912} INFO - Created Permission View: can edit on DAG:tutorial
[2025-02-24T21:44:31.612+0000] {logging_mixin.py:190} INFO - [2025-02-24T21:44:31.611+0000] {override.py:1912} INFO - Created Permission View: can read on DAG:tutorial
[2025-02-24T21:44:31.641+0000] {logging_mixin.py:190} INFO - [2025-02-24T21:44:31.640+0000] {override.py:1912} INFO - Created Permission View: can delete on DAG:tutorial
[2025-02-24T21:44:31.658+0000] {logging_mixin.py:190} INFO - [2025-02-24T21:44:31.658+0000] {override.py:1912} INFO - Created Permission View: can delete on DAG Run:tutorial
[2025-02-24T21:44:31.680+0000] {logging_mixin.py:190} INFO - [2025-02-24T21:44:31.680+0000] {override.py:1912} INFO - Created Permission View: can read on DAG Run:tutorial
[2025-02-24T21:44:31.698+0000] {logging_mixin.py:190} INFO - [2025-02-24T21:44:31.698+0000] {override.py:1912} INFO - Created Permission View: can create on DAG Run:tutorial
[2025-02-24T21:44:31.720+0000] {logging_mixin.py:190} INFO - [2025-02-24T21:44:31.720+0000] {override.py:1912} INFO - Created Permission View: menu access on DAG Run:tutorial
[2025-02-24T21:44:31.721+0000] {logging_mixin.py:190} INFO - [2025-02-24T21:44:31.721+0000] {dag.py:3239} INFO - Sync 1 DAGs
[2025-02-24T21:44:31.777+0000] {logging_mixin.py:190} INFO - [2025-02-24T21:44:31.776+0000] {dag.py:3262} INFO - Creating ORM DAG for tutorial
[2025-02-24T21:44:31.830+0000] {logging_mixin.py:190} INFO - [2025-02-24T21:44:31.830+0000] {dag.py:4180} INFO - Setting next_dagrun for tutorial to 2025-02-23 00:00:00+00:00, run_after=2025-02-24 00:00:00+00:00
[2025-02-24T21:44:32.012+0000] {processor.py:208} INFO - Processing /home/airflow/.local/lib/python3.12/site-packages/airflow/example_dags/tutorial.py took 1.016 seconds
