[2025-06-24T19:50:24.450+0000] {local_task_job_runner.py:123} INFO - ::group::Pre task execution logs
[2025-06-24T19:50:24.528+0000] {taskinstance.py:2614} INFO - Dependencies all met for dep_context=non-requeueable deps ti=<TaskInstance: Etl_dag.run_extraction_script scheduled__2024-04-21T00:00:00+00:00 [queued]>
[2025-06-24T19:50:24.555+0000] {taskinstance.py:2614} INFO - Dependencies all met for dep_context=requeueable deps ti=<TaskInstance: Etl_dag.run_extraction_script scheduled__2024-04-21T00:00:00+00:00 [queued]>
[2025-06-24T19:50:24.558+0000] {taskinstance.py:2867} INFO - Starting attempt 6 of 7
[2025-06-24T19:50:24.593+0000] {taskinstance.py:2890} INFO - Executing <Task(PythonOperator): run_extraction_script> on 2024-04-21 00:00:00+00:00
[2025-06-24T19:50:24.619+0000] {standard_task_runner.py:72} INFO - Started process 7294 to run task
[2025-06-24T19:50:24.628+0000] {standard_task_runner.py:104} INFO - Running: ['***', 'tasks', 'run', 'Etl_dag', 'run_extraction_script', 'scheduled__2024-04-21T00:00:00+00:00', '--job-id', '880', '--raw', '--subdir', 'DAGS_FOLDER/ETL_dag.py', '--cfg-path', '/tmp/tmpxphzv8fa']
[2025-06-24T19:50:24.641+0000] {standard_task_runner.py:105} INFO - Job 880: Subtask run_extraction_script
[2025-06-24T19:50:24.966+0000] {task_command.py:467} INFO - Running <TaskInstance: Etl_dag.run_extraction_script scheduled__2024-04-21T00:00:00+00:00 [running]> on host fa768165d3f1
[2025-06-24T19:50:25.270+0000] {taskinstance.py:3134} INFO - Exporting env vars: AIRFLOW_CTX_DAG_OWNER='***' AIRFLOW_CTX_DAG_ID='Etl_dag' AIRFLOW_CTX_TASK_ID='run_extraction_script' AIRFLOW_CTX_EXECUTION_DATE='2024-04-21T00:00:00+00:00' AIRFLOW_CTX_TRY_NUMBER='6' AIRFLOW_CTX_DAG_RUN_ID='scheduled__2024-04-21T00:00:00+00:00'
[2025-06-24T19:50:25.283+0000] {taskinstance.py:732} INFO - ::endgroup::
[2025-06-24T19:50:25.329+0000] {logging_mixin.py:190} INFO - Exécution du script : /opt/***/Scripts/insert_excel_to_postgres2.py
[2025-06-24T19:50:30.772+0000] {logging_mixin.py:190} INFO - Résultat du script /opt/***/Scripts/insert_excel_to_postgres2.py :
[2025-06-24T19:50:30.773+0000] {logging_mixin.py:190} INFO - Exécution du script : /opt/***/Scripts/Store_CTX.py
[2025-06-24T19:50:33.355+0000] {logging_mixin.py:190} INFO - Résultat du script /opt/***/Scripts/Store_CTX.py :
[2025-06-24T19:50:33.356+0000] {logging_mixin.py:190} INFO - Data successfully loaded into PostgreSQL table 'CTX'
[2025-06-24T19:50:33.357+0000] {logging_mixin.py:190} INFO - Exécution du script : /opt/***/Scripts/Store_pcx.py
[2025-06-24T19:50:35.025+0000] {logging_mixin.py:190} INFO - Résultat du script /opt/***/Scripts/Store_pcx.py :
[2025-06-24T19:50:35.027+0000] {logging_mixin.py:190} INFO - Data successfully loaded into PostgreSQL table 'Flag_PCX'
[2025-06-24T19:50:35.028+0000] {logging_mixin.py:190} INFO - Exécution du script : /opt/***/Scripts/Store_Sinister.py
[2025-06-24T19:50:36.866+0000] {logging_mixin.py:190} INFO - Résultat du script /opt/***/Scripts/Store_Sinister.py :
[2025-06-24T19:50:36.867+0000] {logging_mixin.py:190} INFO - Data successfully loaded into PostgreSQL table 'Siniste'
[2025-06-24T19:50:36.867+0000] {logging_mixin.py:190} INFO - Exécution du script : /opt/***/Scripts/Store_Sogeconso.py
[2025-06-24T19:50:38.846+0000] {logging_mixin.py:190} INFO - Résultat du script /opt/***/Scripts/Store_Sogeconso.py :
[2025-06-24T19:50:38.846+0000] {logging_mixin.py:190} INFO - Data successfully loaded into PostgreSQL table 'Sogeconso'
[2025-06-24T19:50:38.847+0000] {logging_mixin.py:190} INFO - Exécution du script : /opt/***/Scripts/Store_SPP.py
[2025-06-24T19:50:41.138+0000] {logging_mixin.py:190} INFO - Résultat du script /opt/***/Scripts/Store_SPP.py :
[2025-06-24T19:50:41.257+0000] {logging_mixin.py:190} INFO - Data successfully loaded into PostgreSQL table 'SPP'
[2025-06-24T19:50:41.264+0000] {python.py:240} INFO - Done. Returned value was: None
[2025-06-24T19:50:41.365+0000] {taskinstance.py:341} INFO - ::group::Post task execution logs
[2025-06-24T19:50:41.369+0000] {taskinstance.py:353} INFO - Marking task as SUCCESS. dag_id=Etl_dag, task_id=run_extraction_script, run_id=scheduled__2024-04-21T00:00:00+00:00, execution_date=20240421T000000, start_date=20250624T195024, end_date=20250624T195041
[2025-06-24T19:50:41.550+0000] {local_task_job_runner.py:266} INFO - Task exited with return code 0
[2025-06-24T19:50:41.736+0000] {taskinstance.py:3901} INFO - 1 downstream tasks scheduled from follow-on schedule check
[2025-06-24T19:50:41.741+0000] {local_task_job_runner.py:245} INFO - ::endgroup::
