[2025-06-28T09:32:10.577+0000] {local_task_job_runner.py:123} INFO - ::group::Pre task execution logs
[2025-06-28T09:32:10.636+0000] {taskinstance.py:2614} INFO - Dependencies all met for dep_context=non-requeueable deps ti=<TaskInstance: Etl_dag.run_extraction_script scheduled__2024-04-21T00:00:00+00:00 [queued]>
[2025-06-28T09:32:10.662+0000] {taskinstance.py:2614} INFO - Dependencies all met for dep_context=requeueable deps ti=<TaskInstance: Etl_dag.run_extraction_script scheduled__2024-04-21T00:00:00+00:00 [queued]>
[2025-06-28T09:32:10.664+0000] {taskinstance.py:2867} INFO - Starting attempt 7 of 8
[2025-06-28T09:32:10.697+0000] {taskinstance.py:2890} INFO - Executing <Task(PythonOperator): run_extraction_script> on 2024-04-21 00:00:00+00:00
[2025-06-28T09:32:10.704+0000] {standard_task_runner.py:72} INFO - Started process 1966 to run task
[2025-06-28T09:32:10.709+0000] {standard_task_runner.py:104} INFO - Running: ['***', 'tasks', 'run', 'Etl_dag', 'run_extraction_script', 'scheduled__2024-04-21T00:00:00+00:00', '--job-id', '884', '--raw', '--subdir', 'DAGS_FOLDER/ETL_dag.py', '--cfg-path', '/tmp/tmpn80tk2mt']
[2025-06-28T09:32:10.715+0000] {standard_task_runner.py:105} INFO - Job 884: Subtask run_extraction_script
[2025-06-28T09:32:10.802+0000] {task_command.py:467} INFO - Running <TaskInstance: Etl_dag.run_extraction_script scheduled__2024-04-21T00:00:00+00:00 [running]> on host fa768165d3f1
[2025-06-28T09:32:11.091+0000] {taskinstance.py:3134} INFO - Exporting env vars: AIRFLOW_CTX_DAG_OWNER='***' AIRFLOW_CTX_DAG_ID='Etl_dag' AIRFLOW_CTX_TASK_ID='run_extraction_script' AIRFLOW_CTX_EXECUTION_DATE='2024-04-21T00:00:00+00:00' AIRFLOW_CTX_TRY_NUMBER='7' AIRFLOW_CTX_DAG_RUN_ID='scheduled__2024-04-21T00:00:00+00:00'
[2025-06-28T09:32:11.093+0000] {taskinstance.py:732} INFO - ::endgroup::
[2025-06-28T09:32:11.117+0000] {logging_mixin.py:190} INFO - Exécution du script : /opt/***/Scripts/insert_excel_to_postgres2.py
[2025-06-28T09:32:15.420+0000] {logging_mixin.py:190} INFO - Résultat du script /opt/***/Scripts/insert_excel_to_postgres2.py :
[2025-06-28T09:32:15.421+0000] {logging_mixin.py:190} INFO - Exécution du script : /opt/***/Scripts/Store_CTX.py
[2025-06-28T09:32:17.176+0000] {logging_mixin.py:190} INFO - Résultat du script /opt/***/Scripts/Store_CTX.py :
[2025-06-28T09:32:17.176+0000] {logging_mixin.py:190} INFO - Data successfully loaded into PostgreSQL table 'CTX'
[2025-06-28T09:32:17.177+0000] {logging_mixin.py:190} INFO - Exécution du script : /opt/***/Scripts/Store_pcx.py
[2025-06-28T09:32:19.139+0000] {logging_mixin.py:190} INFO - Résultat du script /opt/***/Scripts/Store_pcx.py :
[2025-06-28T09:32:19.140+0000] {logging_mixin.py:190} INFO - Data successfully loaded into PostgreSQL table 'Flag_PCX'
[2025-06-28T09:32:19.141+0000] {logging_mixin.py:190} INFO - Exécution du script : /opt/***/Scripts/Store_Sinister.py
[2025-06-28T09:32:21.338+0000] {logging_mixin.py:190} INFO - Résultat du script /opt/***/Scripts/Store_Sinister.py :
[2025-06-28T09:32:21.339+0000] {logging_mixin.py:190} INFO - Data successfully loaded into PostgreSQL table 'Siniste'
[2025-06-28T09:32:21.340+0000] {logging_mixin.py:190} INFO - Exécution du script : /opt/***/Scripts/Store_Sogeconso.py
[2025-06-28T09:32:23.136+0000] {logging_mixin.py:190} INFO - Résultat du script /opt/***/Scripts/Store_Sogeconso.py :
[2025-06-28T09:32:23.136+0000] {logging_mixin.py:190} INFO - Data successfully loaded into PostgreSQL table 'Sogeconso'
[2025-06-28T09:32:23.137+0000] {logging_mixin.py:190} INFO - Exécution du script : /opt/***/Scripts/Store_SPP.py
[2025-06-28T09:32:25.035+0000] {logging_mixin.py:190} INFO - Résultat du script /opt/***/Scripts/Store_SPP.py :
[2025-06-28T09:32:25.037+0000] {logging_mixin.py:190} INFO - Data successfully loaded into PostgreSQL table 'SPP'
[2025-06-28T09:32:25.038+0000] {python.py:240} INFO - Done. Returned value was: None
[2025-06-28T09:32:25.054+0000] {taskinstance.py:341} INFO - ::group::Post task execution logs
[2025-06-28T09:32:25.056+0000] {taskinstance.py:353} INFO - Marking task as SUCCESS. dag_id=Etl_dag, task_id=run_extraction_script, run_id=scheduled__2024-04-21T00:00:00+00:00, execution_date=20240421T000000, start_date=20250628T093210, end_date=20250628T093225
[2025-06-28T09:32:25.120+0000] {local_task_job_runner.py:266} INFO - Task exited with return code 0
[2025-06-28T09:32:25.162+0000] {taskinstance.py:3901} INFO - 1 downstream tasks scheduled from follow-on schedule check
[2025-06-28T09:32:25.164+0000] {local_task_job_runner.py:245} INFO - ::endgroup::
