[2025-05-26T14:49:28.099+0000] {local_task_job_runner.py:123} INFO - ::group::Pre task execution logs
[2025-05-26T14:49:28.131+0000] {taskinstance.py:2614} INFO - Dependencies all met for dep_context=non-requeueable deps ti=<TaskInstance: Etl_dag.run_extraction_script scheduled__2024-04-21T00:00:00+00:00 [queued]>
[2025-05-26T14:49:28.146+0000] {taskinstance.py:2614} INFO - Dependencies all met for dep_context=requeueable deps ti=<TaskInstance: Etl_dag.run_extraction_script scheduled__2024-04-21T00:00:00+00:00 [queued]>
[2025-05-26T14:49:28.147+0000] {taskinstance.py:2867} INFO - Starting attempt 1 of 2
[2025-05-26T14:49:28.167+0000] {taskinstance.py:2890} INFO - Executing <Task(PythonOperator): run_extraction_script> on 2024-04-21 00:00:00+00:00
[2025-05-26T14:49:28.172+0000] {standard_task_runner.py:72} INFO - Started process 15914 to run task
[2025-05-26T14:49:28.176+0000] {standard_task_runner.py:104} INFO - Running: ['***', 'tasks', 'run', 'Etl_dag', 'run_extraction_script', 'scheduled__2024-04-21T00:00:00+00:00', '--job-id', '840', '--raw', '--subdir', 'DAGS_FOLDER/ETL_dag.py', '--cfg-path', '/tmp/tmpvomxgkkc']
[2025-05-26T14:49:28.179+0000] {standard_task_runner.py:105} INFO - Job 840: Subtask run_extraction_script
[2025-05-26T14:49:28.238+0000] {task_command.py:467} INFO - Running <TaskInstance: Etl_dag.run_extraction_script scheduled__2024-04-21T00:00:00+00:00 [running]> on host 3d46136a9270
[2025-05-26T14:49:28.347+0000] {taskinstance.py:3134} INFO - Exporting env vars: AIRFLOW_CTX_DAG_OWNER='***' AIRFLOW_CTX_DAG_ID='Etl_dag' AIRFLOW_CTX_TASK_ID='run_extraction_script' AIRFLOW_CTX_EXECUTION_DATE='2024-04-21T00:00:00+00:00' AIRFLOW_CTX_TRY_NUMBER='1' AIRFLOW_CTX_DAG_RUN_ID='scheduled__2024-04-21T00:00:00+00:00'
[2025-05-26T14:49:28.348+0000] {taskinstance.py:732} INFO - ::endgroup::
[2025-05-26T14:49:28.367+0000] {logging_mixin.py:190} INFO - Exécution du script : /opt/***/Scripts/insert_excel_to_postgres2.py
[2025-05-26T14:49:31.739+0000] {logging_mixin.py:190} INFO - Résultat du script /opt/***/Scripts/insert_excel_to_postgres2.py :
[2025-05-26T14:49:31.740+0000] {logging_mixin.py:190} INFO - Exécution du script : /opt/***/Scripts/Store_CTX.py
[2025-05-26T14:49:33.015+0000] {logging_mixin.py:190} INFO - Résultat du script /opt/***/Scripts/Store_CTX.py :
[2025-05-26T14:49:33.015+0000] {logging_mixin.py:190} INFO - Data successfully loaded into PostgreSQL table 'CTX'
[2025-05-26T14:49:33.016+0000] {logging_mixin.py:190} INFO - Exécution du script : /opt/***/Scripts/Store_pcx.py
[2025-05-26T14:49:34.473+0000] {logging_mixin.py:190} INFO - Résultat du script /opt/***/Scripts/Store_pcx.py :
[2025-05-26T14:49:34.474+0000] {logging_mixin.py:190} INFO - Data successfully loaded into PostgreSQL table 'Flag_PCX'
[2025-05-26T14:49:34.475+0000] {logging_mixin.py:190} INFO - Exécution du script : /opt/***/Scripts/Store_Sinister.py
[2025-05-26T14:49:35.933+0000] {logging_mixin.py:190} INFO - Résultat du script /opt/***/Scripts/Store_Sinister.py :
[2025-05-26T14:49:35.934+0000] {logging_mixin.py:190} INFO - Data successfully loaded into PostgreSQL table 'Siniste'
[2025-05-26T14:49:35.935+0000] {logging_mixin.py:190} INFO - Exécution du script : /opt/***/Scripts/Store_Sogeconso.py
[2025-05-26T14:49:37.277+0000] {logging_mixin.py:190} INFO - Résultat du script /opt/***/Scripts/Store_Sogeconso.py :
[2025-05-26T14:49:37.279+0000] {logging_mixin.py:190} INFO - Data successfully loaded into PostgreSQL table 'Sogeconso'
[2025-05-26T14:49:37.280+0000] {logging_mixin.py:190} INFO - Exécution du script : /opt/***/Scripts/Store_SPP.py
[2025-05-26T14:49:38.731+0000] {logging_mixin.py:190} INFO - Résultat du script /opt/***/Scripts/Store_SPP.py :
[2025-05-26T14:49:38.732+0000] {logging_mixin.py:190} INFO - Data successfully loaded into PostgreSQL table 'SPP'
[2025-05-26T14:49:38.733+0000] {python.py:240} INFO - Done. Returned value was: None
[2025-05-26T14:49:38.743+0000] {taskinstance.py:341} INFO - ::group::Post task execution logs
[2025-05-26T14:49:38.744+0000] {taskinstance.py:353} INFO - Marking task as SUCCESS. dag_id=Etl_dag, task_id=run_extraction_script, run_id=scheduled__2024-04-21T00:00:00+00:00, execution_date=20240421T000000, start_date=20250526T144928, end_date=20250526T144938
[2025-05-26T14:49:38.808+0000] {local_task_job_runner.py:266} INFO - Task exited with return code 0
[2025-05-26T14:49:38.843+0000] {taskinstance.py:3901} INFO - 1 downstream tasks scheduled from follow-on schedule check
[2025-05-26T14:49:38.846+0000] {local_task_job_runner.py:245} INFO - ::endgroup::
