[2025-05-27T13:42:56.882+0000] {local_task_job_runner.py:123} INFO - ::group::Pre task execution logs
[2025-05-27T13:42:56.904+0000] {taskinstance.py:2614} INFO - Dependencies all met for dep_context=non-requeueable deps ti=<TaskInstance: Etl_dag.run_extraction_script scheduled__2024-04-21T00:00:00+00:00 [queued]>
[2025-05-27T13:42:56.915+0000] {taskinstance.py:2614} INFO - Dependencies all met for dep_context=requeueable deps ti=<TaskInstance: Etl_dag.run_extraction_script scheduled__2024-04-21T00:00:00+00:00 [queued]>
[2025-05-27T13:42:56.916+0000] {taskinstance.py:2867} INFO - Starting attempt 3 of 4
[2025-05-27T13:42:56.931+0000] {taskinstance.py:2890} INFO - Executing <Task(PythonOperator): run_extraction_script> on 2024-04-21 00:00:00+00:00
[2025-05-27T13:42:56.937+0000] {standard_task_runner.py:72} INFO - Started process 11017 to run task
[2025-05-27T13:42:56.939+0000] {standard_task_runner.py:104} INFO - Running: ['***', 'tasks', 'run', 'Etl_dag', 'run_extraction_script', 'scheduled__2024-04-21T00:00:00+00:00', '--job-id', '856', '--raw', '--subdir', 'DAGS_FOLDER/ETL_dag.py', '--cfg-path', '/tmp/tmppiz5lfhf']
[2025-05-27T13:42:56.942+0000] {standard_task_runner.py:105} INFO - Job 856: Subtask run_extraction_script
[2025-05-27T13:42:56.987+0000] {task_command.py:467} INFO - Running <TaskInstance: Etl_dag.run_extraction_script scheduled__2024-04-21T00:00:00+00:00 [running]> on host fa768165d3f1
[2025-05-27T13:42:57.075+0000] {taskinstance.py:3134} INFO - Exporting env vars: AIRFLOW_CTX_DAG_OWNER='***' AIRFLOW_CTX_DAG_ID='Etl_dag' AIRFLOW_CTX_TASK_ID='run_extraction_script' AIRFLOW_CTX_EXECUTION_DATE='2024-04-21T00:00:00+00:00' AIRFLOW_CTX_TRY_NUMBER='3' AIRFLOW_CTX_DAG_RUN_ID='scheduled__2024-04-21T00:00:00+00:00'
[2025-05-27T13:42:57.076+0000] {taskinstance.py:732} INFO - ::endgroup::
[2025-05-27T13:42:57.089+0000] {logging_mixin.py:190} INFO - Exécution du script : /opt/***/Scripts/insert_excel_to_postgres2.py
[2025-05-27T13:43:01.668+0000] {logging_mixin.py:190} INFO - Résultat du script /opt/***/Scripts/insert_excel_to_postgres2.py :
[2025-05-27T13:43:01.669+0000] {logging_mixin.py:190} INFO - Exécution du script : /opt/***/Scripts/Store_CTX.py
[2025-05-27T13:43:03.267+0000] {logging_mixin.py:190} INFO - Résultat du script /opt/***/Scripts/Store_CTX.py :
[2025-05-27T13:43:03.268+0000] {logging_mixin.py:190} INFO - Data successfully loaded into PostgreSQL table 'CTX'
[2025-05-27T13:43:03.268+0000] {logging_mixin.py:190} INFO - Exécution du script : /opt/***/Scripts/Store_pcx.py
[2025-05-27T13:43:04.389+0000] {logging_mixin.py:190} INFO - Résultat du script /opt/***/Scripts/Store_pcx.py :
[2025-05-27T13:43:04.389+0000] {logging_mixin.py:190} INFO - Data successfully loaded into PostgreSQL table 'Flag_PCX'
[2025-05-27T13:43:04.390+0000] {logging_mixin.py:190} INFO - Exécution du script : /opt/***/Scripts/Store_Sinister.py
[2025-05-27T13:43:05.519+0000] {logging_mixin.py:190} INFO - Résultat du script /opt/***/Scripts/Store_Sinister.py :
[2025-05-27T13:43:05.520+0000] {logging_mixin.py:190} INFO - Data successfully loaded into PostgreSQL table 'Siniste'
[2025-05-27T13:43:05.520+0000] {logging_mixin.py:190} INFO - Exécution du script : /opt/***/Scripts/Store_Sogeconso.py
[2025-05-27T13:43:06.575+0000] {logging_mixin.py:190} INFO - Résultat du script /opt/***/Scripts/Store_Sogeconso.py :
[2025-05-27T13:43:06.576+0000] {logging_mixin.py:190} INFO - Data successfully loaded into PostgreSQL table 'Sogeconso'
[2025-05-27T13:43:06.576+0000] {logging_mixin.py:190} INFO - Exécution du script : /opt/***/Scripts/Store_SPP.py
[2025-05-27T13:43:07.607+0000] {logging_mixin.py:190} INFO - Résultat du script /opt/***/Scripts/Store_SPP.py :
[2025-05-27T13:43:07.607+0000] {logging_mixin.py:190} INFO - Data successfully loaded into PostgreSQL table 'SPP'
[2025-05-27T13:43:07.607+0000] {python.py:240} INFO - Done. Returned value was: None
[2025-05-27T13:43:07.618+0000] {taskinstance.py:341} INFO - ::group::Post task execution logs
[2025-05-27T13:43:07.618+0000] {taskinstance.py:353} INFO - Marking task as SUCCESS. dag_id=Etl_dag, task_id=run_extraction_script, run_id=scheduled__2024-04-21T00:00:00+00:00, execution_date=20240421T000000, start_date=20250527T134256, end_date=20250527T134307
[2025-05-27T13:43:07.671+0000] {local_task_job_runner.py:266} INFO - Task exited with return code 0
[2025-05-27T13:43:07.703+0000] {taskinstance.py:3901} INFO - 1 downstream tasks scheduled from follow-on schedule check
[2025-05-27T13:43:07.706+0000] {local_task_job_runner.py:245} INFO - ::endgroup::
