[2025-06-24T18:16:54.371+0000] {local_task_job_runner.py:123} INFO - ::group::Pre task execution logs
[2025-06-24T18:16:54.407+0000] {taskinstance.py:2614} INFO - Dependencies all met for dep_context=non-requeueable deps ti=<TaskInstance: Etl_dag.run_extraction_script scheduled__2024-04-21T00:00:00+00:00 [queued]>
[2025-06-24T18:16:54.428+0000] {taskinstance.py:2614} INFO - Dependencies all met for dep_context=requeueable deps ti=<TaskInstance: Etl_dag.run_extraction_script scheduled__2024-04-21T00:00:00+00:00 [queued]>
[2025-06-24T18:16:54.429+0000] {taskinstance.py:2867} INFO - Starting attempt 5 of 6
[2025-06-24T18:16:54.456+0000] {taskinstance.py:2890} INFO - Executing <Task(PythonOperator): run_extraction_script> on 2024-04-21 00:00:00+00:00
[2025-06-24T18:16:54.464+0000] {standard_task_runner.py:72} INFO - Started process 1305 to run task
[2025-06-24T18:16:54.469+0000] {standard_task_runner.py:104} INFO - Running: ['***', 'tasks', 'run', 'Etl_dag', 'run_extraction_script', 'scheduled__2024-04-21T00:00:00+00:00', '--job-id', '874', '--raw', '--subdir', 'DAGS_FOLDER/ETL_dag.py', '--cfg-path', '/tmp/tmppv6l1dhw']
[2025-06-24T18:16:54.473+0000] {standard_task_runner.py:105} INFO - Job 874: Subtask run_extraction_script
[2025-06-24T18:16:54.554+0000] {task_command.py:467} INFO - Running <TaskInstance: Etl_dag.run_extraction_script scheduled__2024-04-21T00:00:00+00:00 [running]> on host fa768165d3f1
[2025-06-24T18:16:54.688+0000] {taskinstance.py:3134} INFO - Exporting env vars: AIRFLOW_CTX_DAG_OWNER='***' AIRFLOW_CTX_DAG_ID='Etl_dag' AIRFLOW_CTX_TASK_ID='run_extraction_script' AIRFLOW_CTX_EXECUTION_DATE='2024-04-21T00:00:00+00:00' AIRFLOW_CTX_TRY_NUMBER='5' AIRFLOW_CTX_DAG_RUN_ID='scheduled__2024-04-21T00:00:00+00:00'
[2025-06-24T18:16:54.691+0000] {taskinstance.py:732} INFO - ::endgroup::
[2025-06-24T18:16:54.711+0000] {logging_mixin.py:190} INFO - Exécution du script : /opt/***/Scripts/insert_excel_to_postgres2.py
[2025-06-24T18:16:58.627+0000] {logging_mixin.py:190} INFO - Résultat du script /opt/***/Scripts/insert_excel_to_postgres2.py :
[2025-06-24T18:16:58.629+0000] {logging_mixin.py:190} INFO - Exécution du script : /opt/***/Scripts/Store_CTX.py
[2025-06-24T18:17:00.831+0000] {logging_mixin.py:190} INFO - Résultat du script /opt/***/Scripts/Store_CTX.py :
[2025-06-24T18:17:00.832+0000] {logging_mixin.py:190} INFO - Data successfully loaded into PostgreSQL table 'CTX'
[2025-06-24T18:17:00.833+0000] {logging_mixin.py:190} INFO - Exécution du script : /opt/***/Scripts/Store_pcx.py
[2025-06-24T18:17:04.245+0000] {logging_mixin.py:190} INFO - Résultat du script /opt/***/Scripts/Store_pcx.py :
[2025-06-24T18:17:04.247+0000] {logging_mixin.py:190} INFO - Data successfully loaded into PostgreSQL table 'Flag_PCX'
[2025-06-24T18:17:04.248+0000] {logging_mixin.py:190} INFO - Exécution du script : /opt/***/Scripts/Store_Sinister.py
[2025-06-24T18:17:06.350+0000] {logging_mixin.py:190} INFO - Résultat du script /opt/***/Scripts/Store_Sinister.py :
[2025-06-24T18:17:06.351+0000] {logging_mixin.py:190} INFO - Data successfully loaded into PostgreSQL table 'Siniste'
[2025-06-24T18:17:06.352+0000] {logging_mixin.py:190} INFO - Exécution du script : /opt/***/Scripts/Store_Sogeconso.py
[2025-06-24T18:17:09.003+0000] {logging_mixin.py:190} INFO - Résultat du script /opt/***/Scripts/Store_Sogeconso.py :
[2025-06-24T18:17:09.004+0000] {logging_mixin.py:190} INFO - Data successfully loaded into PostgreSQL table 'Sogeconso'
[2025-06-24T18:17:09.005+0000] {logging_mixin.py:190} INFO - Exécution du script : /opt/***/Scripts/Store_SPP.py
[2025-06-24T18:17:12.098+0000] {logging_mixin.py:190} INFO - Résultat du script /opt/***/Scripts/Store_SPP.py :
[2025-06-24T18:17:12.099+0000] {logging_mixin.py:190} INFO - Data successfully loaded into PostgreSQL table 'SPP'
[2025-06-24T18:17:12.100+0000] {python.py:240} INFO - Done. Returned value was: None
[2025-06-24T18:17:12.123+0000] {taskinstance.py:341} INFO - ::group::Post task execution logs
[2025-06-24T18:17:12.124+0000] {taskinstance.py:353} INFO - Marking task as SUCCESS. dag_id=Etl_dag, task_id=run_extraction_script, run_id=scheduled__2024-04-21T00:00:00+00:00, execution_date=20240421T000000, start_date=20250624T181654, end_date=20250624T181712
[2025-06-24T18:17:12.240+0000] {local_task_job_runner.py:266} INFO - Task exited with return code 0
[2025-06-24T18:17:12.305+0000] {taskinstance.py:3901} INFO - 1 downstream tasks scheduled from follow-on schedule check
[2025-06-24T18:17:12.317+0000] {local_task_job_runner.py:245} INFO - ::endgroup::
