[2025-05-07T13:40:47.851+0000] {local_task_job_runner.py:123} INFO - ::group::Pre task execution logs
[2025-05-07T13:40:47.874+0000] {taskinstance.py:2614} INFO - Dependencies all met for dep_context=non-requeueable deps ti=<TaskInstance: Et_dag.run_export_script scheduled__2024-04-21T00:00:00+00:00 [queued]>
[2025-05-07T13:40:47.887+0000] {taskinstance.py:2614} INFO - Dependencies all met for dep_context=requeueable deps ti=<TaskInstance: Et_dag.run_export_script scheduled__2024-04-21T00:00:00+00:00 [queued]>
[2025-05-07T13:40:47.888+0000] {taskinstance.py:2867} INFO - Starting attempt 1 of 2
[2025-05-07T13:40:47.903+0000] {taskinstance.py:2890} INFO - Executing <Task(PythonOperator): run_export_script> on 2024-04-21 00:00:00+00:00
[2025-05-07T13:40:47.910+0000] {standard_task_runner.py:72} INFO - Started process 30016 to run task
[2025-05-07T13:40:47.913+0000] {standard_task_runner.py:104} INFO - Running: ['***', 'tasks', 'run', 'Et_dag', 'run_export_script', 'scheduled__2024-04-21T00:00:00+00:00', '--job-id', '804', '--raw', '--subdir', 'DAGS_FOLDER/ET_dag.py', '--cfg-path', '/tmp/tmpb7lxntzr']
[2025-05-07T13:40:47.916+0000] {standard_task_runner.py:105} INFO - Job 804: Subtask run_export_script
[2025-05-07T13:40:47.961+0000] {task_command.py:467} INFO - Running <TaskInstance: Et_dag.run_export_script scheduled__2024-04-21T00:00:00+00:00 [running]> on host 3d46136a9270
[2025-05-07T13:40:48.052+0000] {taskinstance.py:3134} INFO - Exporting env vars: AIRFLOW_CTX_DAG_OWNER='***' AIRFLOW_CTX_DAG_ID='Et_dag' AIRFLOW_CTX_TASK_ID='run_export_script' AIRFLOW_CTX_EXECUTION_DATE='2024-04-21T00:00:00+00:00' AIRFLOW_CTX_TRY_NUMBER='1' AIRFLOW_CTX_DAG_RUN_ID='scheduled__2024-04-21T00:00:00+00:00'
[2025-05-07T13:40:48.054+0000] {taskinstance.py:732} INFO - ::endgroup::
[2025-05-07T13:40:48.069+0000] {logging_mixin.py:190} INFO - Exécution du script : /opt/***/Scripts/exporte_data.py
[2025-05-07T13:40:52.626+0000] {logging_mixin.py:190} INFO - Résultat du script /opt/***/Scripts/exporte_data.py :
[2025-05-07T13:40:52.626+0000] {logging_mixin.py:190} INFO - Données exportées avec succès vers : /opt/***/raw_data/Cleaned/data.xlsx
[2025-05-07T13:40:52.627+0000] {python.py:240} INFO - Done. Returned value was: None
[2025-05-07T13:40:52.636+0000] {taskinstance.py:341} INFO - ::group::Post task execution logs
[2025-05-07T13:40:52.637+0000] {taskinstance.py:353} INFO - Marking task as SUCCESS. dag_id=Et_dag, task_id=run_export_script, run_id=scheduled__2024-04-21T00:00:00+00:00, execution_date=20240421T000000, start_date=20250507T134047, end_date=20250507T134052
[2025-05-07T13:40:52.667+0000] {local_task_job_runner.py:266} INFO - Task exited with return code 0
[2025-05-07T13:40:52.680+0000] {taskinstance.py:3901} INFO - 0 downstream tasks scheduled from follow-on schedule check
[2025-05-07T13:40:52.684+0000] {local_task_job_runner.py:245} INFO - ::endgroup::
