[2025-05-07T11:15:52.486+0000] {local_task_job_runner.py:123} INFO - ::group::Pre task execution logs
[2025-05-07T11:15:52.515+0000] {taskinstance.py:2614} INFO - Dependencies all met for dep_context=non-requeueable deps ti=<TaskInstance: Et_dag.dbt_run scheduled__2024-04-21T00:00:00+00:00 [queued]>
[2025-05-07T11:15:52.527+0000] {taskinstance.py:2614} INFO - Dependencies all met for dep_context=requeueable deps ti=<TaskInstance: Et_dag.dbt_run scheduled__2024-04-21T00:00:00+00:00 [queued]>
[2025-05-07T11:15:52.528+0000] {taskinstance.py:2867} INFO - Starting attempt 3 of 4
[2025-05-07T11:15:52.544+0000] {taskinstance.py:2890} INFO - Executing <Task(BashOperator): dbt_run> on 2024-04-21 00:00:00+00:00
[2025-05-07T11:15:52.551+0000] {standard_task_runner.py:72} INFO - Started process 24519 to run task
[2025-05-07T11:15:52.554+0000] {standard_task_runner.py:104} INFO - Running: ['***', 'tasks', 'run', 'Et_dag', 'dbt_run', 'scheduled__2024-04-21T00:00:00+00:00', '--job-id', '779', '--raw', '--subdir', 'DAGS_FOLDER/ET_dag.py', '--cfg-path', '/tmp/tmpxdoktwq1']
[2025-05-07T11:15:52.556+0000] {standard_task_runner.py:105} INFO - Job 779: Subtask dbt_run
[2025-05-07T11:15:52.606+0000] {task_command.py:467} INFO - Running <TaskInstance: Et_dag.dbt_run scheduled__2024-04-21T00:00:00+00:00 [running]> on host 3d46136a9270
[2025-05-07T11:15:52.701+0000] {taskinstance.py:3134} INFO - Exporting env vars: AIRFLOW_CTX_DAG_OWNER='***' AIRFLOW_CTX_DAG_ID='Et_dag' AIRFLOW_CTX_TASK_ID='dbt_run' AIRFLOW_CTX_EXECUTION_DATE='2024-04-21T00:00:00+00:00' AIRFLOW_CTX_TRY_NUMBER='3' AIRFLOW_CTX_DAG_RUN_ID='scheduled__2024-04-21T00:00:00+00:00'
[2025-05-07T11:15:52.702+0000] {taskinstance.py:732} INFO - ::endgroup::
[2025-05-07T11:15:52.720+0000] {subprocess.py:78} INFO - Tmp dir root location: /tmp
[2025-05-07T11:15:52.730+0000] {subprocess.py:88} INFO - Running command: ['/usr/bin/bash', '-c', 'cd /opt/***/Dbt/etl_dbt_project && dbt run']
[2025-05-07T11:15:52.758+0000] {subprocess.py:99} INFO - Output:
[2025-05-07T11:15:56.300+0000] {subprocess.py:106} INFO - [0m11:15:56  Running with dbt=1.8.7
[2025-05-07T11:15:56.905+0000] {subprocess.py:106} INFO - [0m11:15:56  Registered adapter: postgres=1.9.0
[2025-05-07T11:15:59.628+0000] {subprocess.py:106} INFO - [0m11:15:59  Found 2 seeds, 1 model, 9 data tests, 7 sources, 545 macros
[2025-05-07T11:15:59.635+0000] {subprocess.py:106} INFO - [0m11:15:59
[2025-05-07T11:15:59.915+0000] {subprocess.py:106} INFO - [0m11:15:59  Concurrency: 1 threads (target='dev')
[2025-05-07T11:15:59.917+0000] {subprocess.py:106} INFO - [0m11:15:59
[2025-05-07T11:15:59.934+0000] {subprocess.py:106} INFO - [0m11:15:59  1 of 1 START sql table model ***.Full_Transformation ....................... [RUN]
[2025-05-07T11:16:00.337+0000] {subprocess.py:106} INFO - [0m11:16:00  1 of 1 OK created sql table model ***.Full_Transformation .................. [[32mSELECT 1034[0m in 0.40s]
[2025-05-07T11:16:00.371+0000] {subprocess.py:106} INFO - [0m11:16:00
[2025-05-07T11:16:00.375+0000] {subprocess.py:106} INFO - [0m11:16:00  Finished running 1 table model in 0 hours 0 minutes and 0.73 seconds (0.73s).
[2025-05-07T11:16:00.531+0000] {subprocess.py:106} INFO - [0m11:16:00
[2025-05-07T11:16:00.532+0000] {subprocess.py:106} INFO - [0m11:16:00  [32mCompleted successfully[0m
[2025-05-07T11:16:00.533+0000] {subprocess.py:106} INFO - [0m11:16:00
[2025-05-07T11:16:00.534+0000] {subprocess.py:106} INFO - [0m11:16:00  Done. PASS=1 WARN=0 ERROR=0 SKIP=0 TOTAL=1
[2025-05-07T11:16:03.188+0000] {subprocess.py:110} INFO - Command exited with return code 0
[2025-05-07T11:16:03.248+0000] {taskinstance.py:341} INFO - ::group::Post task execution logs
[2025-05-07T11:16:03.249+0000] {taskinstance.py:353} INFO - Marking task as SUCCESS. dag_id=Et_dag, task_id=dbt_run, run_id=scheduled__2024-04-21T00:00:00+00:00, execution_date=20240421T000000, start_date=20250507T111552, end_date=20250507T111603
[2025-05-07T11:16:03.325+0000] {local_task_job_runner.py:266} INFO - Task exited with return code 0
[2025-05-07T11:16:03.373+0000] {taskinstance.py:3901} INFO - 1 downstream tasks scheduled from follow-on schedule check
[2025-05-07T11:16:03.382+0000] {local_task_job_runner.py:245} INFO - ::endgroup::
[2025-05-07T13:40:33.895+0000] {local_task_job_runner.py:123} INFO - ::group::Pre task execution logs
[2025-05-07T13:40:33.919+0000] {taskinstance.py:2614} INFO - Dependencies all met for dep_context=non-requeueable deps ti=<TaskInstance: Et_dag.dbt_run scheduled__2024-04-21T00:00:00+00:00 [queued]>
[2025-05-07T13:40:33.932+0000] {taskinstance.py:2614} INFO - Dependencies all met for dep_context=requeueable deps ti=<TaskInstance: Et_dag.dbt_run scheduled__2024-04-21T00:00:00+00:00 [queued]>
[2025-05-07T13:40:33.933+0000] {taskinstance.py:2867} INFO - Starting attempt 3 of 4
[2025-05-07T13:40:33.948+0000] {taskinstance.py:2890} INFO - Executing <Task(BashOperator): dbt_run> on 2024-04-21 00:00:00+00:00
[2025-05-07T13:40:33.954+0000] {standard_task_runner.py:72} INFO - Started process 29978 to run task
[2025-05-07T13:40:33.956+0000] {standard_task_runner.py:104} INFO - Running: ['***', 'tasks', 'run', 'Et_dag', 'dbt_run', 'scheduled__2024-04-21T00:00:00+00:00', '--job-id', '802', '--raw', '--subdir', 'DAGS_FOLDER/ET_dag.py', '--cfg-path', '/tmp/tmpy7wd_l6r']
[2025-05-07T13:40:33.958+0000] {standard_task_runner.py:105} INFO - Job 802: Subtask dbt_run
[2025-05-07T13:40:34.005+0000] {task_command.py:467} INFO - Running <TaskInstance: Et_dag.dbt_run scheduled__2024-04-21T00:00:00+00:00 [running]> on host 3d46136a9270
[2025-05-07T13:40:34.086+0000] {taskinstance.py:3134} INFO - Exporting env vars: AIRFLOW_CTX_DAG_OWNER='***' AIRFLOW_CTX_DAG_ID='Et_dag' AIRFLOW_CTX_TASK_ID='dbt_run' AIRFLOW_CTX_EXECUTION_DATE='2024-04-21T00:00:00+00:00' AIRFLOW_CTX_TRY_NUMBER='3' AIRFLOW_CTX_DAG_RUN_ID='scheduled__2024-04-21T00:00:00+00:00'
[2025-05-07T13:40:34.087+0000] {taskinstance.py:732} INFO - ::endgroup::
[2025-05-07T13:40:34.104+0000] {subprocess.py:78} INFO - Tmp dir root location: /tmp
[2025-05-07T13:40:34.108+0000] {subprocess.py:88} INFO - Running command: ['/usr/bin/bash', '-c', 'cd /opt/***/Dbt/etl_dbt_project && dbt run']
[2025-05-07T13:40:34.116+0000] {subprocess.py:99} INFO - Output:
[2025-05-07T13:40:36.691+0000] {subprocess.py:106} INFO - [0m13:40:36  Running with dbt=1.8.7
[2025-05-07T13:40:37.070+0000] {subprocess.py:106} INFO - [0m13:40:37  Registered adapter: postgres=1.9.0
[2025-05-07T13:40:38.465+0000] {subprocess.py:106} INFO - [0m13:40:38  Found 2 seeds, 1 model, 9 data tests, 7 sources, 545 macros
[2025-05-07T13:40:38.469+0000] {subprocess.py:106} INFO - [0m13:40:38
[2025-05-07T13:40:38.607+0000] {subprocess.py:106} INFO - [0m13:40:38  Concurrency: 1 threads (target='dev')
[2025-05-07T13:40:38.607+0000] {subprocess.py:106} INFO - [0m13:40:38
[2025-05-07T13:40:38.620+0000] {subprocess.py:106} INFO - [0m13:40:38  1 of 1 START sql table model ***.Full_Transformation ....................... [RUN]
[2025-05-07T13:40:38.922+0000] {subprocess.py:106} INFO - [0m13:40:38  1 of 1 OK created sql table model ***.Full_Transformation .................. [[32mSELECT 3102[0m in 0.30s]
[2025-05-07T13:40:38.939+0000] {subprocess.py:106} INFO - [0m13:40:38
[2025-05-07T13:40:38.939+0000] {subprocess.py:106} INFO - [0m13:40:38  Finished running 1 table model in 0 hours 0 minutes and 0.47 seconds (0.47s).
[2025-05-07T13:40:39.003+0000] {subprocess.py:106} INFO - [0m13:40:39
[2025-05-07T13:40:39.004+0000] {subprocess.py:106} INFO - [0m13:40:39  [32mCompleted successfully[0m
[2025-05-07T13:40:39.005+0000] {subprocess.py:106} INFO - [0m13:40:39
[2025-05-07T13:40:39.006+0000] {subprocess.py:106} INFO - [0m13:40:39  Done. PASS=1 WARN=0 ERROR=0 SKIP=0 TOTAL=1
[2025-05-07T13:40:40.057+0000] {subprocess.py:110} INFO - Command exited with return code 0
[2025-05-07T13:40:40.090+0000] {taskinstance.py:341} INFO - ::group::Post task execution logs
[2025-05-07T13:40:40.090+0000] {taskinstance.py:353} INFO - Marking task as SUCCESS. dag_id=Et_dag, task_id=dbt_run, run_id=scheduled__2024-04-21T00:00:00+00:00, execution_date=20240421T000000, start_date=20250507T134033, end_date=20250507T134040
[2025-05-07T13:40:40.158+0000] {local_task_job_runner.py:266} INFO - Task exited with return code 0
[2025-05-07T13:40:40.186+0000] {taskinstance.py:3901} INFO - 1 downstream tasks scheduled from follow-on schedule check
[2025-05-07T13:40:40.189+0000] {local_task_job_runner.py:245} INFO - ::endgroup::
