[2025-05-07T13:36:09.492+0000] {local_task_job_runner.py:123} INFO - ::group::Pre task execution logs
[2025-05-07T13:36:09.517+0000] {taskinstance.py:2614} INFO - Dependencies all met for dep_context=non-requeueable deps ti=<TaskInstance: Et_dag.dbt_run scheduled__2024-04-21T00:00:00+00:00 [queued]>
[2025-05-07T13:36:09.530+0000] {taskinstance.py:2614} INFO - Dependencies all met for dep_context=requeueable deps ti=<TaskInstance: Et_dag.dbt_run scheduled__2024-04-21T00:00:00+00:00 [queued]>
[2025-05-07T13:36:09.530+0000] {taskinstance.py:2867} INFO - Starting attempt 2 of 3
[2025-05-07T13:36:09.546+0000] {taskinstance.py:2890} INFO - Executing <Task(BashOperator): dbt_run> on 2024-04-21 00:00:00+00:00
[2025-05-07T13:36:09.552+0000] {standard_task_runner.py:72} INFO - Started process 29636 to run task
[2025-05-07T13:36:09.554+0000] {standard_task_runner.py:104} INFO - Running: ['***', 'tasks', 'run', 'Et_dag', 'dbt_run', 'scheduled__2024-04-21T00:00:00+00:00', '--job-id', '797', '--raw', '--subdir', 'DAGS_FOLDER/ET_dag.py', '--cfg-path', '/tmp/tmpmrkmvc_8']
[2025-05-07T13:36:09.557+0000] {standard_task_runner.py:105} INFO - Job 797: Subtask dbt_run
[2025-05-07T13:36:09.612+0000] {task_command.py:467} INFO - Running <TaskInstance: Et_dag.dbt_run scheduled__2024-04-21T00:00:00+00:00 [running]> on host 3d46136a9270
[2025-05-07T13:36:09.693+0000] {taskinstance.py:3134} INFO - Exporting env vars: AIRFLOW_CTX_DAG_OWNER='***' AIRFLOW_CTX_DAG_ID='Et_dag' AIRFLOW_CTX_TASK_ID='dbt_run' AIRFLOW_CTX_EXECUTION_DATE='2024-04-21T00:00:00+00:00' AIRFLOW_CTX_TRY_NUMBER='2' AIRFLOW_CTX_DAG_RUN_ID='scheduled__2024-04-21T00:00:00+00:00'
[2025-05-07T13:36:09.694+0000] {taskinstance.py:732} INFO - ::endgroup::
[2025-05-07T13:36:09.710+0000] {subprocess.py:78} INFO - Tmp dir root location: /tmp
[2025-05-07T13:36:09.718+0000] {subprocess.py:88} INFO - Running command: ['/usr/bin/bash', '-c', 'cd /opt/***/Dbt/etl_dbt_project && dbt run']
[2025-05-07T13:36:09.726+0000] {subprocess.py:99} INFO - Output:
[2025-05-07T13:36:12.598+0000] {subprocess.py:106} INFO - [0m13:36:12  Running with dbt=1.8.7
[2025-05-07T13:36:13.000+0000] {subprocess.py:106} INFO - [0m13:36:13  Registered adapter: postgres=1.9.0
[2025-05-07T13:36:14.753+0000] {subprocess.py:106} INFO - [0m13:36:14  Found 2 seeds, 1 model, 9 data tests, 7 sources, 545 macros
[2025-05-07T13:36:14.763+0000] {subprocess.py:106} INFO - [0m13:36:14
[2025-05-07T13:36:15.018+0000] {subprocess.py:106} INFO - [0m13:36:15  Concurrency: 1 threads (target='dev')
[2025-05-07T13:36:15.019+0000] {subprocess.py:106} INFO - [0m13:36:15
[2025-05-07T13:36:15.036+0000] {subprocess.py:106} INFO - [0m13:36:15  1 of 1 START sql table model ***.Full_Transformation ....................... [RUN]
[2025-05-07T13:36:15.501+0000] {subprocess.py:106} INFO - [0m13:36:15  1 of 1 OK created sql table model ***.Full_Transformation .................. [[32mSELECT 2068[0m in 0.46s]
[2025-05-07T13:36:15.519+0000] {subprocess.py:106} INFO - [0m13:36:15
[2025-05-07T13:36:15.520+0000] {subprocess.py:106} INFO - [0m13:36:15  Finished running 1 table model in 0 hours 0 minutes and 0.76 seconds (0.76s).
[2025-05-07T13:36:15.594+0000] {subprocess.py:106} INFO - [0m13:36:15
[2025-05-07T13:36:15.595+0000] {subprocess.py:106} INFO - [0m13:36:15  [32mCompleted successfully[0m
[2025-05-07T13:36:15.597+0000] {subprocess.py:106} INFO - [0m13:36:15
[2025-05-07T13:36:15.598+0000] {subprocess.py:106} INFO - [0m13:36:15  Done. PASS=1 WARN=0 ERROR=0 SKIP=0 TOTAL=1
[2025-05-07T13:36:16.786+0000] {subprocess.py:110} INFO - Command exited with return code 0
[2025-05-07T13:36:16.810+0000] {taskinstance.py:341} INFO - ::group::Post task execution logs
[2025-05-07T13:36:16.811+0000] {taskinstance.py:353} INFO - Marking task as SUCCESS. dag_id=Et_dag, task_id=dbt_run, run_id=scheduled__2024-04-21T00:00:00+00:00, execution_date=20240421T000000, start_date=20250507T133609, end_date=20250507T133616
[2025-05-07T13:36:16.844+0000] {local_task_job_runner.py:266} INFO - Task exited with return code 0
[2025-05-07T13:36:16.872+0000] {taskinstance.py:3901} INFO - 1 downstream tasks scheduled from follow-on schedule check
[2025-05-07T13:36:16.875+0000] {local_task_job_runner.py:245} INFO - ::endgroup::
