[2025-05-07T14:29:33.040+0000] {local_task_job_runner.py:123} INFO - ::group::Pre task execution logs
[2025-05-07T14:29:33.061+0000] {taskinstance.py:2614} INFO - Dependencies all met for dep_context=non-requeueable deps ti=<TaskInstance: Et_dag.dbt_run scheduled__2024-04-21T00:00:00+00:00 [queued]>
[2025-05-07T14:29:33.072+0000] {taskinstance.py:2614} INFO - Dependencies all met for dep_context=requeueable deps ti=<TaskInstance: Et_dag.dbt_run scheduled__2024-04-21T00:00:00+00:00 [queued]>
[2025-05-07T14:29:33.073+0000] {taskinstance.py:2867} INFO - Starting attempt 4 of 5
[2025-05-07T14:29:33.088+0000] {taskinstance.py:2890} INFO - Executing <Task(BashOperator): dbt_run> on 2024-04-21 00:00:00+00:00
[2025-05-07T14:29:33.092+0000] {standard_task_runner.py:72} INFO - Started process 30285 to run task
[2025-05-07T14:29:33.095+0000] {standard_task_runner.py:104} INFO - Running: ['***', 'tasks', 'run', 'Et_dag', 'dbt_run', 'scheduled__2024-04-21T00:00:00+00:00', '--job-id', '807', '--raw', '--subdir', 'DAGS_FOLDER/ET_dag.py', '--cfg-path', '/tmp/tmpnvd0st4v']
[2025-05-07T14:29:33.097+0000] {standard_task_runner.py:105} INFO - Job 807: Subtask dbt_run
[2025-05-07T14:29:33.140+0000] {task_command.py:467} INFO - Running <TaskInstance: Et_dag.dbt_run scheduled__2024-04-21T00:00:00+00:00 [running]> on host 3d46136a9270
[2025-05-07T14:29:33.217+0000] {taskinstance.py:3134} INFO - Exporting env vars: AIRFLOW_CTX_DAG_OWNER='***' AIRFLOW_CTX_DAG_ID='Et_dag' AIRFLOW_CTX_TASK_ID='dbt_run' AIRFLOW_CTX_EXECUTION_DATE='2024-04-21T00:00:00+00:00' AIRFLOW_CTX_TRY_NUMBER='4' AIRFLOW_CTX_DAG_RUN_ID='scheduled__2024-04-21T00:00:00+00:00'
[2025-05-07T14:29:33.218+0000] {taskinstance.py:732} INFO - ::endgroup::
[2025-05-07T14:29:33.234+0000] {subprocess.py:78} INFO - Tmp dir root location: /tmp
[2025-05-07T14:29:33.248+0000] {subprocess.py:88} INFO - Running command: ['/usr/bin/bash', '-c', 'cd /opt/***/Dbt/etl_dbt_project && dbt run']
[2025-05-07T14:29:33.255+0000] {subprocess.py:99} INFO - Output:
[2025-05-07T14:29:36.877+0000] {subprocess.py:106} INFO - [0m14:29:36  Running with dbt=1.8.7
[2025-05-07T14:29:37.429+0000] {subprocess.py:106} INFO - [0m14:29:37  Registered adapter: postgres=1.9.0
[2025-05-07T14:29:39.037+0000] {subprocess.py:106} INFO - [0m14:29:39  Found 2 seeds, 1 model, 9 data tests, 7 sources, 545 macros
[2025-05-07T14:29:39.041+0000] {subprocess.py:106} INFO - [0m14:29:39
[2025-05-07T14:29:39.209+0000] {subprocess.py:106} INFO - [0m14:29:39  Concurrency: 1 threads (target='dev')
[2025-05-07T14:29:39.210+0000] {subprocess.py:106} INFO - [0m14:29:39
[2025-05-07T14:29:39.220+0000] {subprocess.py:106} INFO - [0m14:29:39  1 of 1 START sql table model ***.Full_Transformation ....................... [RUN]
[2025-05-07T14:29:39.444+0000] {subprocess.py:106} INFO - [0m14:29:39  1 of 1 OK created sql table model ***.Full_Transformation .................. [[32mSELECT 1034[0m in 0.22s]
[2025-05-07T14:29:39.470+0000] {subprocess.py:106} INFO - [0m14:29:39
[2025-05-07T14:29:39.470+0000] {subprocess.py:106} INFO - [0m14:29:39  Finished running 1 table model in 0 hours 0 minutes and 0.43 seconds (0.43s).
[2025-05-07T14:29:39.529+0000] {subprocess.py:106} INFO - [0m14:29:39
[2025-05-07T14:29:39.529+0000] {subprocess.py:106} INFO - [0m14:29:39  [32mCompleted successfully[0m
[2025-05-07T14:29:39.530+0000] {subprocess.py:106} INFO - [0m14:29:39
[2025-05-07T14:29:39.531+0000] {subprocess.py:106} INFO - [0m14:29:39  Done. PASS=1 WARN=0 ERROR=0 SKIP=0 TOTAL=1
[2025-05-07T14:29:39.872+0000] {subprocess.py:110} INFO - Command exited with return code 0
[2025-05-07T14:29:39.895+0000] {taskinstance.py:341} INFO - ::group::Post task execution logs
[2025-05-07T14:29:39.895+0000] {taskinstance.py:353} INFO - Marking task as SUCCESS. dag_id=Et_dag, task_id=dbt_run, run_id=scheduled__2024-04-21T00:00:00+00:00, execution_date=20240421T000000, start_date=20250507T142933, end_date=20250507T142939
[2025-05-07T14:29:39.960+0000] {local_task_job_runner.py:266} INFO - Task exited with return code 0
[2025-05-07T14:29:39.987+0000] {taskinstance.py:3901} INFO - 1 downstream tasks scheduled from follow-on schedule check
[2025-05-07T14:29:39.989+0000] {local_task_job_runner.py:245} INFO - ::endgroup::
