[2025-02-25T18:58:54.254+0000] {processor.py:186} INFO - Started process (PID=187) to work on /home/airflow/.local/lib/python3.12/site-packages/airflow/example_dags/example_task_group.py
[2025-02-25T18:58:54.256+0000] {processor.py:914} INFO - Processing file /home/airflow/.local/lib/python3.12/site-packages/airflow/example_dags/example_task_group.py for tasks to queue
[2025-02-25T18:58:54.258+0000] {logging_mixin.py:190} INFO - [2025-02-25T18:58:54.257+0000] {dagbag.py:588} INFO - Filling up the DagBag from /home/airflow/.local/lib/python3.12/site-packages/airflow/example_dags/example_task_group.py
[2025-02-25T18:58:54.871+0000] {processor.py:925} INFO - DAG(s) 'example_task_group' retrieved from /home/airflow/.local/lib/python3.12/site-packages/airflow/example_dags/example_task_group.py
[2025-02-25T18:58:55.543+0000] {logging_mixin.py:190} INFO - [2025-02-25T18:58:55.543+0000] {dag.py:3239} INFO - Sync 1 DAGs
[2025-02-25T18:58:56.814+0000] {logging_mixin.py:190} INFO - [2025-02-25T18:58:56.814+0000] {dag.py:4180} INFO - Setting next_dagrun for example_task_group to None, run_after=None
[2025-02-25T19:00:03.862+0000] {processor.py:208} INFO - Processing /home/airflow/.local/lib/python3.12/site-packages/airflow/example_dags/example_task_group.py took 70.018 seconds
[2025-02-25T19:23:56.408+0000] {processor.py:186} INFO - Started process (PID=444) to work on /home/airflow/.local/lib/python3.12/site-packages/airflow/example_dags/example_task_group.py
[2025-02-25T19:23:56.411+0000] {processor.py:914} INFO - Processing file /home/airflow/.local/lib/python3.12/site-packages/airflow/example_dags/example_task_group.py for tasks to queue
[2025-02-25T19:23:56.415+0000] {logging_mixin.py:190} INFO - [2025-02-25T19:23:56.414+0000] {dagbag.py:588} INFO - Filling up the DagBag from /home/airflow/.local/lib/python3.12/site-packages/airflow/example_dags/example_task_group.py
[2025-02-25T19:23:56.870+0000] {processor.py:925} INFO - DAG(s) 'example_task_group' retrieved from /home/airflow/.local/lib/python3.12/site-packages/airflow/example_dags/example_task_group.py
[2025-02-25T19:24:43.443+0000] {logging_mixin.py:190} INFO - [2025-02-25T19:24:43.443+0000] {dag.py:3239} INFO - Sync 1 DAGs
[2025-02-25T19:24:45.203+0000] {logging_mixin.py:190} INFO - [2025-02-25T19:24:45.203+0000] {dag.py:4180} INFO - Setting next_dagrun for example_task_group to None, run_after=None
[2025-02-25T19:58:11.881+0000] {processor.py:186} INFO - Started process (PID=126) to work on /home/airflow/.local/lib/python3.12/site-packages/airflow/example_dags/example_task_group.py
[2025-02-25T19:58:11.911+0000] {processor.py:914} INFO - Processing file /home/airflow/.local/lib/python3.12/site-packages/airflow/example_dags/example_task_group.py for tasks to queue
[2025-02-25T19:58:11.923+0000] {logging_mixin.py:190} INFO - [2025-02-25T19:58:11.921+0000] {dagbag.py:588} INFO - Filling up the DagBag from /home/airflow/.local/lib/python3.12/site-packages/airflow/example_dags/example_task_group.py
[2025-02-25T19:58:11.963+0000] {processor.py:925} INFO - DAG(s) 'example_task_group' retrieved from /home/airflow/.local/lib/python3.12/site-packages/airflow/example_dags/example_task_group.py
[2025-02-25T19:58:12.273+0000] {logging_mixin.py:190} INFO - [2025-02-25T19:58:12.273+0000] {override.py:1912} INFO - Created Permission View: can edit on DAG:example_task_group
[2025-02-25T19:58:12.301+0000] {logging_mixin.py:190} INFO - [2025-02-25T19:58:12.300+0000] {override.py:1912} INFO - Created Permission View: can delete on DAG:example_task_group
[2025-02-25T19:58:12.318+0000] {logging_mixin.py:190} INFO - [2025-02-25T19:58:12.317+0000] {override.py:1912} INFO - Created Permission View: can read on DAG:example_task_group
[2025-02-25T19:58:12.336+0000] {logging_mixin.py:190} INFO - [2025-02-25T19:58:12.336+0000] {override.py:1912} INFO - Created Permission View: can delete on DAG Run:example_task_group
[2025-02-25T19:58:12.346+0000] {logging_mixin.py:190} INFO - [2025-02-25T19:58:12.345+0000] {override.py:1912} INFO - Created Permission View: menu access on DAG Run:example_task_group
[2025-02-25T19:58:12.357+0000] {logging_mixin.py:190} INFO - [2025-02-25T19:58:12.356+0000] {override.py:1912} INFO - Created Permission View: can create on DAG Run:example_task_group
[2025-02-25T19:58:12.371+0000] {logging_mixin.py:190} INFO - [2025-02-25T19:58:12.371+0000] {override.py:1912} INFO - Created Permission View: can read on DAG Run:example_task_group
[2025-02-25T19:58:12.372+0000] {logging_mixin.py:190} INFO - [2025-02-25T19:58:12.372+0000] {dag.py:3239} INFO - Sync 1 DAGs
[2025-02-25T19:58:12.388+0000] {logging_mixin.py:190} INFO - [2025-02-25T19:58:12.388+0000] {dag.py:3262} INFO - Creating ORM DAG for example_task_group
[2025-02-25T19:58:12.390+0000] {logging_mixin.py:190} INFO - [2025-02-25T19:58:12.389+0000] {dag.py:4180} INFO - Setting next_dagrun for example_task_group to None, run_after=None
[2025-02-25T19:58:12.412+0000] {processor.py:208} INFO - Processing /home/airflow/.local/lib/python3.12/site-packages/airflow/example_dags/example_task_group.py took 0.557 seconds
[2025-02-25T19:58:42.572+0000] {processor.py:186} INFO - Started process (PID=190) to work on /home/airflow/.local/lib/python3.12/site-packages/airflow/example_dags/example_task_group.py
[2025-02-25T19:58:42.574+0000] {processor.py:914} INFO - Processing file /home/airflow/.local/lib/python3.12/site-packages/airflow/example_dags/example_task_group.py for tasks to queue
[2025-02-25T19:58:42.578+0000] {logging_mixin.py:190} INFO - [2025-02-25T19:58:42.577+0000] {dagbag.py:588} INFO - Filling up the DagBag from /home/airflow/.local/lib/python3.12/site-packages/airflow/example_dags/example_task_group.py
[2025-02-25T19:58:42.594+0000] {processor.py:925} INFO - DAG(s) 'example_task_group' retrieved from /home/airflow/.local/lib/python3.12/site-packages/airflow/example_dags/example_task_group.py
[2025-02-25T19:58:42.638+0000] {logging_mixin.py:190} INFO - [2025-02-25T19:58:42.637+0000] {dag.py:3239} INFO - Sync 1 DAGs
[2025-02-25T19:58:42.662+0000] {logging_mixin.py:190} INFO - [2025-02-25T19:58:42.662+0000] {dag.py:4180} INFO - Setting next_dagrun for example_task_group to None, run_after=None
[2025-02-25T19:58:42.697+0000] {processor.py:208} INFO - Processing /home/airflow/.local/lib/python3.12/site-packages/airflow/example_dags/example_task_group.py took 0.137 seconds
[2025-02-25T19:59:13.300+0000] {processor.py:186} INFO - Started process (PID=252) to work on /home/airflow/.local/lib/python3.12/site-packages/airflow/example_dags/example_task_group.py
[2025-02-25T19:59:13.301+0000] {processor.py:914} INFO - Processing file /home/airflow/.local/lib/python3.12/site-packages/airflow/example_dags/example_task_group.py for tasks to queue
[2025-02-25T19:59:13.304+0000] {logging_mixin.py:190} INFO - [2025-02-25T19:59:13.304+0000] {dagbag.py:588} INFO - Filling up the DagBag from /home/airflow/.local/lib/python3.12/site-packages/airflow/example_dags/example_task_group.py
[2025-02-25T19:59:13.313+0000] {processor.py:925} INFO - DAG(s) 'example_task_group' retrieved from /home/airflow/.local/lib/python3.12/site-packages/airflow/example_dags/example_task_group.py
[2025-02-25T19:59:13.338+0000] {logging_mixin.py:190} INFO - [2025-02-25T19:59:13.338+0000] {dag.py:3239} INFO - Sync 1 DAGs
[2025-02-25T19:59:13.356+0000] {logging_mixin.py:190} INFO - [2025-02-25T19:59:13.355+0000] {dag.py:4180} INFO - Setting next_dagrun for example_task_group to None, run_after=None
[2025-02-25T19:59:13.379+0000] {processor.py:208} INFO - Processing /home/airflow/.local/lib/python3.12/site-packages/airflow/example_dags/example_task_group.py took 0.086 seconds
[2025-02-25T19:59:43.595+0000] {processor.py:186} INFO - Started process (PID=315) to work on /home/airflow/.local/lib/python3.12/site-packages/airflow/example_dags/example_task_group.py
[2025-02-25T19:59:43.597+0000] {processor.py:914} INFO - Processing file /home/airflow/.local/lib/python3.12/site-packages/airflow/example_dags/example_task_group.py for tasks to queue
[2025-02-25T19:59:43.601+0000] {logging_mixin.py:190} INFO - [2025-02-25T19:59:43.600+0000] {dagbag.py:588} INFO - Filling up the DagBag from /home/airflow/.local/lib/python3.12/site-packages/airflow/example_dags/example_task_group.py
[2025-02-25T19:59:43.613+0000] {processor.py:925} INFO - DAG(s) 'example_task_group' retrieved from /home/airflow/.local/lib/python3.12/site-packages/airflow/example_dags/example_task_group.py
[2025-02-25T19:59:43.648+0000] {logging_mixin.py:190} INFO - [2025-02-25T19:59:43.647+0000] {dag.py:3239} INFO - Sync 1 DAGs
[2025-02-25T19:59:43.682+0000] {logging_mixin.py:190} INFO - [2025-02-25T19:59:43.681+0000] {dag.py:4180} INFO - Setting next_dagrun for example_task_group to None, run_after=None
[2025-02-25T19:59:43.708+0000] {processor.py:208} INFO - Processing /home/airflow/.local/lib/python3.12/site-packages/airflow/example_dags/example_task_group.py took 0.120 seconds
[2025-02-25T20:00:14.298+0000] {processor.py:186} INFO - Started process (PID=378) to work on /home/airflow/.local/lib/python3.12/site-packages/airflow/example_dags/example_task_group.py
[2025-02-25T20:00:14.299+0000] {processor.py:914} INFO - Processing file /home/airflow/.local/lib/python3.12/site-packages/airflow/example_dags/example_task_group.py for tasks to queue
[2025-02-25T20:00:14.303+0000] {logging_mixin.py:190} INFO - [2025-02-25T20:00:14.301+0000] {dagbag.py:588} INFO - Filling up the DagBag from /home/airflow/.local/lib/python3.12/site-packages/airflow/example_dags/example_task_group.py
[2025-02-25T20:00:14.314+0000] {processor.py:925} INFO - DAG(s) 'example_task_group' retrieved from /home/airflow/.local/lib/python3.12/site-packages/airflow/example_dags/example_task_group.py
[2025-02-25T20:00:14.342+0000] {logging_mixin.py:190} INFO - [2025-02-25T20:00:14.342+0000] {dag.py:3239} INFO - Sync 1 DAGs
[2025-02-25T20:00:14.361+0000] {logging_mixin.py:190} INFO - [2025-02-25T20:00:14.360+0000] {dag.py:4180} INFO - Setting next_dagrun for example_task_group to None, run_after=None
[2025-02-25T20:00:14.385+0000] {processor.py:208} INFO - Processing /home/airflow/.local/lib/python3.12/site-packages/airflow/example_dags/example_task_group.py took 0.093 seconds
[2025-02-25T20:00:45.058+0000] {processor.py:186} INFO - Started process (PID=441) to work on /home/airflow/.local/lib/python3.12/site-packages/airflow/example_dags/example_task_group.py
[2025-02-25T20:00:45.059+0000] {processor.py:914} INFO - Processing file /home/airflow/.local/lib/python3.12/site-packages/airflow/example_dags/example_task_group.py for tasks to queue
[2025-02-25T20:00:45.062+0000] {logging_mixin.py:190} INFO - [2025-02-25T20:00:45.062+0000] {dagbag.py:588} INFO - Filling up the DagBag from /home/airflow/.local/lib/python3.12/site-packages/airflow/example_dags/example_task_group.py
[2025-02-25T20:00:45.074+0000] {processor.py:925} INFO - DAG(s) 'example_task_group' retrieved from /home/airflow/.local/lib/python3.12/site-packages/airflow/example_dags/example_task_group.py
[2025-02-25T20:00:45.101+0000] {logging_mixin.py:190} INFO - [2025-02-25T20:00:45.101+0000] {dag.py:3239} INFO - Sync 1 DAGs
[2025-02-25T20:00:45.118+0000] {logging_mixin.py:190} INFO - [2025-02-25T20:00:45.118+0000] {dag.py:4180} INFO - Setting next_dagrun for example_task_group to None, run_after=None
[2025-02-25T20:00:45.141+0000] {processor.py:208} INFO - Processing /home/airflow/.local/lib/python3.12/site-packages/airflow/example_dags/example_task_group.py took 0.090 seconds
[2025-02-25T20:01:15.710+0000] {processor.py:186} INFO - Started process (PID=504) to work on /home/airflow/.local/lib/python3.12/site-packages/airflow/example_dags/example_task_group.py
[2025-02-25T20:01:15.711+0000] {processor.py:914} INFO - Processing file /home/airflow/.local/lib/python3.12/site-packages/airflow/example_dags/example_task_group.py for tasks to queue
[2025-02-25T20:01:15.714+0000] {logging_mixin.py:190} INFO - [2025-02-25T20:01:15.714+0000] {dagbag.py:588} INFO - Filling up the DagBag from /home/airflow/.local/lib/python3.12/site-packages/airflow/example_dags/example_task_group.py
[2025-02-25T20:01:15.724+0000] {processor.py:925} INFO - DAG(s) 'example_task_group' retrieved from /home/airflow/.local/lib/python3.12/site-packages/airflow/example_dags/example_task_group.py
[2025-02-25T20:01:15.749+0000] {logging_mixin.py:190} INFO - [2025-02-25T20:01:15.748+0000] {dag.py:3239} INFO - Sync 1 DAGs
[2025-02-25T20:01:15.766+0000] {logging_mixin.py:190} INFO - [2025-02-25T20:01:15.766+0000] {dag.py:4180} INFO - Setting next_dagrun for example_task_group to None, run_after=None
[2025-02-25T20:01:15.790+0000] {processor.py:208} INFO - Processing /home/airflow/.local/lib/python3.12/site-packages/airflow/example_dags/example_task_group.py took 0.086 seconds
[2025-02-25T20:01:46.676+0000] {processor.py:186} INFO - Started process (PID=567) to work on /home/airflow/.local/lib/python3.12/site-packages/airflow/example_dags/example_task_group.py
[2025-02-25T20:01:46.678+0000] {processor.py:914} INFO - Processing file /home/airflow/.local/lib/python3.12/site-packages/airflow/example_dags/example_task_group.py for tasks to queue
[2025-02-25T20:01:46.682+0000] {logging_mixin.py:190} INFO - [2025-02-25T20:01:46.681+0000] {dagbag.py:588} INFO - Filling up the DagBag from /home/airflow/.local/lib/python3.12/site-packages/airflow/example_dags/example_task_group.py
[2025-02-25T20:01:46.694+0000] {processor.py:925} INFO - DAG(s) 'example_task_group' retrieved from /home/airflow/.local/lib/python3.12/site-packages/airflow/example_dags/example_task_group.py
[2025-02-25T20:01:46.722+0000] {logging_mixin.py:190} INFO - [2025-02-25T20:01:46.721+0000] {dag.py:3239} INFO - Sync 1 DAGs
[2025-02-25T20:01:46.741+0000] {logging_mixin.py:190} INFO - [2025-02-25T20:01:46.741+0000] {dag.py:4180} INFO - Setting next_dagrun for example_task_group to None, run_after=None
[2025-02-25T20:01:46.767+0000] {processor.py:208} INFO - Processing /home/airflow/.local/lib/python3.12/site-packages/airflow/example_dags/example_task_group.py took 0.097 seconds
[2025-02-25T20:02:16.898+0000] {processor.py:186} INFO - Started process (PID=629) to work on /home/airflow/.local/lib/python3.12/site-packages/airflow/example_dags/example_task_group.py
[2025-02-25T20:02:16.899+0000] {processor.py:914} INFO - Processing file /home/airflow/.local/lib/python3.12/site-packages/airflow/example_dags/example_task_group.py for tasks to queue
[2025-02-25T20:02:16.902+0000] {logging_mixin.py:190} INFO - [2025-02-25T20:02:16.902+0000] {dagbag.py:588} INFO - Filling up the DagBag from /home/airflow/.local/lib/python3.12/site-packages/airflow/example_dags/example_task_group.py
[2025-02-25T20:02:16.914+0000] {processor.py:925} INFO - DAG(s) 'example_task_group' retrieved from /home/airflow/.local/lib/python3.12/site-packages/airflow/example_dags/example_task_group.py
[2025-02-25T20:02:16.941+0000] {logging_mixin.py:190} INFO - [2025-02-25T20:02:16.941+0000] {dag.py:3239} INFO - Sync 1 DAGs
[2025-02-25T20:02:16.960+0000] {logging_mixin.py:190} INFO - [2025-02-25T20:02:16.960+0000] {dag.py:4180} INFO - Setting next_dagrun for example_task_group to None, run_after=None
[2025-02-25T20:02:16.986+0000] {processor.py:208} INFO - Processing /home/airflow/.local/lib/python3.12/site-packages/airflow/example_dags/example_task_group.py took 0.095 seconds
[2025-02-25T20:02:47.118+0000] {processor.py:186} INFO - Started process (PID=692) to work on /home/airflow/.local/lib/python3.12/site-packages/airflow/example_dags/example_task_group.py
[2025-02-25T20:02:47.119+0000] {processor.py:914} INFO - Processing file /home/airflow/.local/lib/python3.12/site-packages/airflow/example_dags/example_task_group.py for tasks to queue
[2025-02-25T20:02:47.123+0000] {logging_mixin.py:190} INFO - [2025-02-25T20:02:47.122+0000] {dagbag.py:588} INFO - Filling up the DagBag from /home/airflow/.local/lib/python3.12/site-packages/airflow/example_dags/example_task_group.py
[2025-02-25T20:02:47.133+0000] {processor.py:925} INFO - DAG(s) 'example_task_group' retrieved from /home/airflow/.local/lib/python3.12/site-packages/airflow/example_dags/example_task_group.py
[2025-02-25T20:02:47.160+0000] {logging_mixin.py:190} INFO - [2025-02-25T20:02:47.160+0000] {dag.py:3239} INFO - Sync 1 DAGs
[2025-02-25T20:02:47.178+0000] {logging_mixin.py:190} INFO - [2025-02-25T20:02:47.178+0000] {dag.py:4180} INFO - Setting next_dagrun for example_task_group to None, run_after=None
[2025-02-25T20:02:47.221+0000] {processor.py:208} INFO - Processing /home/airflow/.local/lib/python3.12/site-packages/airflow/example_dags/example_task_group.py took 0.110 seconds
[2025-02-25T20:03:17.314+0000] {processor.py:186} INFO - Started process (PID=755) to work on /home/airflow/.local/lib/python3.12/site-packages/airflow/example_dags/example_task_group.py
[2025-02-25T20:03:17.315+0000] {processor.py:914} INFO - Processing file /home/airflow/.local/lib/python3.12/site-packages/airflow/example_dags/example_task_group.py for tasks to queue
[2025-02-25T20:03:17.318+0000] {logging_mixin.py:190} INFO - [2025-02-25T20:03:17.318+0000] {dagbag.py:588} INFO - Filling up the DagBag from /home/airflow/.local/lib/python3.12/site-packages/airflow/example_dags/example_task_group.py
[2025-02-25T20:03:17.331+0000] {processor.py:925} INFO - DAG(s) 'example_task_group' retrieved from /home/airflow/.local/lib/python3.12/site-packages/airflow/example_dags/example_task_group.py
[2025-02-25T20:03:17.356+0000] {logging_mixin.py:190} INFO - [2025-02-25T20:03:17.356+0000] {dag.py:3239} INFO - Sync 1 DAGs
[2025-02-25T20:03:17.372+0000] {logging_mixin.py:190} INFO - [2025-02-25T20:03:17.372+0000] {dag.py:4180} INFO - Setting next_dagrun for example_task_group to None, run_after=None
[2025-02-25T20:03:17.394+0000] {processor.py:208} INFO - Processing /home/airflow/.local/lib/python3.12/site-packages/airflow/example_dags/example_task_group.py took 0.085 seconds
[2025-02-25T20:03:47.773+0000] {processor.py:186} INFO - Started process (PID=818) to work on /home/airflow/.local/lib/python3.12/site-packages/airflow/example_dags/example_task_group.py
[2025-02-25T20:03:47.775+0000] {processor.py:914} INFO - Processing file /home/airflow/.local/lib/python3.12/site-packages/airflow/example_dags/example_task_group.py for tasks to queue
[2025-02-25T20:03:47.777+0000] {logging_mixin.py:190} INFO - [2025-02-25T20:03:47.777+0000] {dagbag.py:588} INFO - Filling up the DagBag from /home/airflow/.local/lib/python3.12/site-packages/airflow/example_dags/example_task_group.py
[2025-02-25T20:03:47.787+0000] {processor.py:925} INFO - DAG(s) 'example_task_group' retrieved from /home/airflow/.local/lib/python3.12/site-packages/airflow/example_dags/example_task_group.py
[2025-02-25T20:03:47.813+0000] {logging_mixin.py:190} INFO - [2025-02-25T20:03:47.813+0000] {dag.py:3239} INFO - Sync 1 DAGs
[2025-02-25T20:03:47.830+0000] {logging_mixin.py:190} INFO - [2025-02-25T20:03:47.830+0000] {dag.py:4180} INFO - Setting next_dagrun for example_task_group to None, run_after=None
[2025-02-25T20:03:47.854+0000] {processor.py:208} INFO - Processing /home/airflow/.local/lib/python3.12/site-packages/airflow/example_dags/example_task_group.py took 0.087 seconds
[2025-02-25T20:04:18.678+0000] {processor.py:186} INFO - Started process (PID=888) to work on /home/airflow/.local/lib/python3.12/site-packages/airflow/example_dags/example_task_group.py
[2025-02-25T20:04:18.679+0000] {processor.py:914} INFO - Processing file /home/airflow/.local/lib/python3.12/site-packages/airflow/example_dags/example_task_group.py for tasks to queue
[2025-02-25T20:04:18.682+0000] {logging_mixin.py:190} INFO - [2025-02-25T20:04:18.682+0000] {dagbag.py:588} INFO - Filling up the DagBag from /home/airflow/.local/lib/python3.12/site-packages/airflow/example_dags/example_task_group.py
[2025-02-25T20:04:18.693+0000] {processor.py:925} INFO - DAG(s) 'example_task_group' retrieved from /home/airflow/.local/lib/python3.12/site-packages/airflow/example_dags/example_task_group.py
[2025-02-25T20:04:18.717+0000] {logging_mixin.py:190} INFO - [2025-02-25T20:04:18.717+0000] {dag.py:3239} INFO - Sync 1 DAGs
[2025-02-25T20:04:18.734+0000] {logging_mixin.py:190} INFO - [2025-02-25T20:04:18.734+0000] {dag.py:4180} INFO - Setting next_dagrun for example_task_group to None, run_after=None
[2025-02-25T20:04:18.768+0000] {processor.py:208} INFO - Processing /home/airflow/.local/lib/python3.12/site-packages/airflow/example_dags/example_task_group.py took 0.099 seconds
[2025-02-25T20:04:49.440+0000] {processor.py:186} INFO - Started process (PID=951) to work on /home/airflow/.local/lib/python3.12/site-packages/airflow/example_dags/example_task_group.py
[2025-02-25T20:04:49.441+0000] {processor.py:914} INFO - Processing file /home/airflow/.local/lib/python3.12/site-packages/airflow/example_dags/example_task_group.py for tasks to queue
[2025-02-25T20:04:49.444+0000] {logging_mixin.py:190} INFO - [2025-02-25T20:04:49.444+0000] {dagbag.py:588} INFO - Filling up the DagBag from /home/airflow/.local/lib/python3.12/site-packages/airflow/example_dags/example_task_group.py
[2025-02-25T20:04:49.453+0000] {processor.py:925} INFO - DAG(s) 'example_task_group' retrieved from /home/airflow/.local/lib/python3.12/site-packages/airflow/example_dags/example_task_group.py
[2025-02-25T20:04:49.477+0000] {logging_mixin.py:190} INFO - [2025-02-25T20:04:49.476+0000] {dag.py:3239} INFO - Sync 1 DAGs
[2025-02-25T20:04:49.495+0000] {logging_mixin.py:190} INFO - [2025-02-25T20:04:49.494+0000] {dag.py:4180} INFO - Setting next_dagrun for example_task_group to None, run_after=None
[2025-02-25T20:04:49.518+0000] {processor.py:208} INFO - Processing /home/airflow/.local/lib/python3.12/site-packages/airflow/example_dags/example_task_group.py took 0.086 seconds
[2025-02-25T20:05:19.668+0000] {processor.py:186} INFO - Started process (PID=1014) to work on /home/airflow/.local/lib/python3.12/site-packages/airflow/example_dags/example_task_group.py
[2025-02-25T20:05:19.670+0000] {processor.py:914} INFO - Processing file /home/airflow/.local/lib/python3.12/site-packages/airflow/example_dags/example_task_group.py for tasks to queue
[2025-02-25T20:05:19.673+0000] {logging_mixin.py:190} INFO - [2025-02-25T20:05:19.672+0000] {dagbag.py:588} INFO - Filling up the DagBag from /home/airflow/.local/lib/python3.12/site-packages/airflow/example_dags/example_task_group.py
[2025-02-25T20:05:19.684+0000] {processor.py:925} INFO - DAG(s) 'example_task_group' retrieved from /home/airflow/.local/lib/python3.12/site-packages/airflow/example_dags/example_task_group.py
[2025-02-25T20:05:19.711+0000] {logging_mixin.py:190} INFO - [2025-02-25T20:05:19.711+0000] {dag.py:3239} INFO - Sync 1 DAGs
[2025-02-25T20:05:19.728+0000] {logging_mixin.py:190} INFO - [2025-02-25T20:05:19.728+0000] {dag.py:4180} INFO - Setting next_dagrun for example_task_group to None, run_after=None
[2025-02-25T20:05:19.752+0000] {processor.py:208} INFO - Processing /home/airflow/.local/lib/python3.12/site-packages/airflow/example_dags/example_task_group.py took 0.091 seconds
[2025-02-25T20:05:50.248+0000] {processor.py:186} INFO - Started process (PID=1077) to work on /home/airflow/.local/lib/python3.12/site-packages/airflow/example_dags/example_task_group.py
[2025-02-25T20:05:50.249+0000] {processor.py:914} INFO - Processing file /home/airflow/.local/lib/python3.12/site-packages/airflow/example_dags/example_task_group.py for tasks to queue
[2025-02-25T20:05:50.251+0000] {logging_mixin.py:190} INFO - [2025-02-25T20:05:50.251+0000] {dagbag.py:588} INFO - Filling up the DagBag from /home/airflow/.local/lib/python3.12/site-packages/airflow/example_dags/example_task_group.py
[2025-02-25T20:05:50.262+0000] {processor.py:925} INFO - DAG(s) 'example_task_group' retrieved from /home/airflow/.local/lib/python3.12/site-packages/airflow/example_dags/example_task_group.py
[2025-02-25T20:05:50.286+0000] {logging_mixin.py:190} INFO - [2025-02-25T20:05:50.285+0000] {dag.py:3239} INFO - Sync 1 DAGs
[2025-02-25T20:05:50.303+0000] {logging_mixin.py:190} INFO - [2025-02-25T20:05:50.302+0000] {dag.py:4180} INFO - Setting next_dagrun for example_task_group to None, run_after=None
[2025-02-25T20:05:50.325+0000] {processor.py:208} INFO - Processing /home/airflow/.local/lib/python3.12/site-packages/airflow/example_dags/example_task_group.py took 0.084 seconds
[2025-02-25T20:06:20.470+0000] {processor.py:186} INFO - Started process (PID=1140) to work on /home/airflow/.local/lib/python3.12/site-packages/airflow/example_dags/example_task_group.py
[2025-02-25T20:06:20.471+0000] {processor.py:914} INFO - Processing file /home/airflow/.local/lib/python3.12/site-packages/airflow/example_dags/example_task_group.py for tasks to queue
[2025-02-25T20:06:20.474+0000] {logging_mixin.py:190} INFO - [2025-02-25T20:06:20.473+0000] {dagbag.py:588} INFO - Filling up the DagBag from /home/airflow/.local/lib/python3.12/site-packages/airflow/example_dags/example_task_group.py
[2025-02-25T20:06:20.484+0000] {processor.py:925} INFO - DAG(s) 'example_task_group' retrieved from /home/airflow/.local/lib/python3.12/site-packages/airflow/example_dags/example_task_group.py
[2025-02-25T20:06:20.509+0000] {logging_mixin.py:190} INFO - [2025-02-25T20:06:20.508+0000] {dag.py:3239} INFO - Sync 1 DAGs
[2025-02-25T20:06:20.526+0000] {logging_mixin.py:190} INFO - [2025-02-25T20:06:20.525+0000] {dag.py:4180} INFO - Setting next_dagrun for example_task_group to None, run_after=None
[2025-02-25T20:06:20.549+0000] {processor.py:208} INFO - Processing /home/airflow/.local/lib/python3.12/site-packages/airflow/example_dags/example_task_group.py took 0.085 seconds
[2025-02-25T20:06:50.849+0000] {processor.py:186} INFO - Started process (PID=1203) to work on /home/airflow/.local/lib/python3.12/site-packages/airflow/example_dags/example_task_group.py
[2025-02-25T20:06:50.850+0000] {processor.py:914} INFO - Processing file /home/airflow/.local/lib/python3.12/site-packages/airflow/example_dags/example_task_group.py for tasks to queue
[2025-02-25T20:06:50.853+0000] {logging_mixin.py:190} INFO - [2025-02-25T20:06:50.852+0000] {dagbag.py:588} INFO - Filling up the DagBag from /home/airflow/.local/lib/python3.12/site-packages/airflow/example_dags/example_task_group.py
[2025-02-25T20:06:50.863+0000] {processor.py:925} INFO - DAG(s) 'example_task_group' retrieved from /home/airflow/.local/lib/python3.12/site-packages/airflow/example_dags/example_task_group.py
[2025-02-25T20:06:50.889+0000] {logging_mixin.py:190} INFO - [2025-02-25T20:06:50.889+0000] {dag.py:3239} INFO - Sync 1 DAGs
[2025-02-25T20:06:50.908+0000] {logging_mixin.py:190} INFO - [2025-02-25T20:06:50.907+0000] {dag.py:4180} INFO - Setting next_dagrun for example_task_group to None, run_after=None
[2025-02-25T20:06:50.930+0000] {processor.py:208} INFO - Processing /home/airflow/.local/lib/python3.12/site-packages/airflow/example_dags/example_task_group.py took 0.088 seconds
[2025-02-25T20:07:21.716+0000] {processor.py:186} INFO - Started process (PID=1265) to work on /home/airflow/.local/lib/python3.12/site-packages/airflow/example_dags/example_task_group.py
[2025-02-25T20:07:21.717+0000] {processor.py:914} INFO - Processing file /home/airflow/.local/lib/python3.12/site-packages/airflow/example_dags/example_task_group.py for tasks to queue
[2025-02-25T20:07:21.720+0000] {logging_mixin.py:190} INFO - [2025-02-25T20:07:21.719+0000] {dagbag.py:588} INFO - Filling up the DagBag from /home/airflow/.local/lib/python3.12/site-packages/airflow/example_dags/example_task_group.py
[2025-02-25T20:07:21.730+0000] {processor.py:925} INFO - DAG(s) 'example_task_group' retrieved from /home/airflow/.local/lib/python3.12/site-packages/airflow/example_dags/example_task_group.py
[2025-02-25T20:07:21.754+0000] {logging_mixin.py:190} INFO - [2025-02-25T20:07:21.753+0000] {dag.py:3239} INFO - Sync 1 DAGs
[2025-02-25T20:07:21.772+0000] {logging_mixin.py:190} INFO - [2025-02-25T20:07:21.772+0000] {dag.py:4180} INFO - Setting next_dagrun for example_task_group to None, run_after=None
[2025-02-25T20:07:21.795+0000] {processor.py:208} INFO - Processing /home/airflow/.local/lib/python3.12/site-packages/airflow/example_dags/example_task_group.py took 0.086 seconds
[2025-02-25T20:07:51.889+0000] {processor.py:186} INFO - Started process (PID=1328) to work on /home/airflow/.local/lib/python3.12/site-packages/airflow/example_dags/example_task_group.py
[2025-02-25T20:07:51.890+0000] {processor.py:914} INFO - Processing file /home/airflow/.local/lib/python3.12/site-packages/airflow/example_dags/example_task_group.py for tasks to queue
[2025-02-25T20:07:51.893+0000] {logging_mixin.py:190} INFO - [2025-02-25T20:07:51.893+0000] {dagbag.py:588} INFO - Filling up the DagBag from /home/airflow/.local/lib/python3.12/site-packages/airflow/example_dags/example_task_group.py
[2025-02-25T20:07:51.903+0000] {processor.py:925} INFO - DAG(s) 'example_task_group' retrieved from /home/airflow/.local/lib/python3.12/site-packages/airflow/example_dags/example_task_group.py
[2025-02-25T20:07:51.927+0000] {logging_mixin.py:190} INFO - [2025-02-25T20:07:51.927+0000] {dag.py:3239} INFO - Sync 1 DAGs
[2025-02-25T20:07:51.945+0000] {logging_mixin.py:190} INFO - [2025-02-25T20:07:51.945+0000] {dag.py:4180} INFO - Setting next_dagrun for example_task_group to None, run_after=None
[2025-02-25T20:07:51.972+0000] {processor.py:208} INFO - Processing /home/airflow/.local/lib/python3.12/site-packages/airflow/example_dags/example_task_group.py took 0.089 seconds
[2025-02-25T20:08:22.889+0000] {processor.py:186} INFO - Started process (PID=1391) to work on /home/airflow/.local/lib/python3.12/site-packages/airflow/example_dags/example_task_group.py
[2025-02-25T20:08:22.891+0000] {processor.py:914} INFO - Processing file /home/airflow/.local/lib/python3.12/site-packages/airflow/example_dags/example_task_group.py for tasks to queue
[2025-02-25T20:08:22.894+0000] {logging_mixin.py:190} INFO - [2025-02-25T20:08:22.893+0000] {dagbag.py:588} INFO - Filling up the DagBag from /home/airflow/.local/lib/python3.12/site-packages/airflow/example_dags/example_task_group.py
[2025-02-25T20:08:22.905+0000] {processor.py:925} INFO - DAG(s) 'example_task_group' retrieved from /home/airflow/.local/lib/python3.12/site-packages/airflow/example_dags/example_task_group.py
[2025-02-25T20:08:22.934+0000] {logging_mixin.py:190} INFO - [2025-02-25T20:08:22.934+0000] {dag.py:3239} INFO - Sync 1 DAGs
[2025-02-25T20:08:22.955+0000] {logging_mixin.py:190} INFO - [2025-02-25T20:08:22.954+0000] {dag.py:4180} INFO - Setting next_dagrun for example_task_group to None, run_after=None
[2025-02-25T20:08:22.980+0000] {processor.py:208} INFO - Processing /home/airflow/.local/lib/python3.12/site-packages/airflow/example_dags/example_task_group.py took 0.097 seconds
[2025-02-25T20:08:54.331+0000] {processor.py:186} INFO - Started process (PID=1457) to work on /home/airflow/.local/lib/python3.12/site-packages/airflow/example_dags/example_task_group.py
[2025-02-25T20:08:54.334+0000] {processor.py:914} INFO - Processing file /home/airflow/.local/lib/python3.12/site-packages/airflow/example_dags/example_task_group.py for tasks to queue
[2025-02-25T20:08:54.337+0000] {logging_mixin.py:190} INFO - [2025-02-25T20:08:54.337+0000] {dagbag.py:588} INFO - Filling up the DagBag from /home/airflow/.local/lib/python3.12/site-packages/airflow/example_dags/example_task_group.py
[2025-02-25T20:08:54.350+0000] {processor.py:925} INFO - DAG(s) 'example_task_group' retrieved from /home/airflow/.local/lib/python3.12/site-packages/airflow/example_dags/example_task_group.py
[2025-02-25T20:08:54.379+0000] {logging_mixin.py:190} INFO - [2025-02-25T20:08:54.379+0000] {dag.py:3239} INFO - Sync 1 DAGs
[2025-02-25T20:08:54.397+0000] {logging_mixin.py:190} INFO - [2025-02-25T20:08:54.396+0000] {dag.py:4180} INFO - Setting next_dagrun for example_task_group to None, run_after=None
[2025-02-25T20:08:54.421+0000] {processor.py:208} INFO - Processing /home/airflow/.local/lib/python3.12/site-packages/airflow/example_dags/example_task_group.py took 0.102 seconds
[2025-02-25T20:09:25.960+0000] {processor.py:186} INFO - Started process (PID=1524) to work on /home/airflow/.local/lib/python3.12/site-packages/airflow/example_dags/example_task_group.py
[2025-02-25T20:09:25.961+0000] {processor.py:914} INFO - Processing file /home/airflow/.local/lib/python3.12/site-packages/airflow/example_dags/example_task_group.py for tasks to queue
[2025-02-25T20:09:25.965+0000] {logging_mixin.py:190} INFO - [2025-02-25T20:09:25.964+0000] {dagbag.py:588} INFO - Filling up the DagBag from /home/airflow/.local/lib/python3.12/site-packages/airflow/example_dags/example_task_group.py
[2025-02-25T20:09:25.977+0000] {processor.py:925} INFO - DAG(s) 'example_task_group' retrieved from /home/airflow/.local/lib/python3.12/site-packages/airflow/example_dags/example_task_group.py
[2025-02-25T20:09:26.011+0000] {logging_mixin.py:190} INFO - [2025-02-25T20:09:26.010+0000] {dag.py:3239} INFO - Sync 1 DAGs
[2025-02-25T20:09:26.032+0000] {logging_mixin.py:190} INFO - [2025-02-25T20:09:26.032+0000] {dag.py:4180} INFO - Setting next_dagrun for example_task_group to None, run_after=None
[2025-02-25T20:09:26.069+0000] {processor.py:208} INFO - Processing /home/airflow/.local/lib/python3.12/site-packages/airflow/example_dags/example_task_group.py took 0.117 seconds
[2025-02-25T20:09:57.278+0000] {processor.py:186} INFO - Started process (PID=1587) to work on /home/airflow/.local/lib/python3.12/site-packages/airflow/example_dags/example_task_group.py
[2025-02-25T20:09:57.279+0000] {processor.py:914} INFO - Processing file /home/airflow/.local/lib/python3.12/site-packages/airflow/example_dags/example_task_group.py for tasks to queue
[2025-02-25T20:09:57.283+0000] {logging_mixin.py:190} INFO - [2025-02-25T20:09:57.282+0000] {dagbag.py:588} INFO - Filling up the DagBag from /home/airflow/.local/lib/python3.12/site-packages/airflow/example_dags/example_task_group.py
[2025-02-25T20:09:57.294+0000] {processor.py:925} INFO - DAG(s) 'example_task_group' retrieved from /home/airflow/.local/lib/python3.12/site-packages/airflow/example_dags/example_task_group.py
[2025-02-25T20:09:57.323+0000] {logging_mixin.py:190} INFO - [2025-02-25T20:09:57.322+0000] {dag.py:3239} INFO - Sync 1 DAGs
[2025-02-25T20:09:57.344+0000] {logging_mixin.py:190} INFO - [2025-02-25T20:09:57.343+0000] {dag.py:4180} INFO - Setting next_dagrun for example_task_group to None, run_after=None
[2025-02-25T20:09:57.368+0000] {processor.py:208} INFO - Processing /home/airflow/.local/lib/python3.12/site-packages/airflow/example_dags/example_task_group.py took 0.097 seconds
[2025-02-25T20:10:27.511+0000] {processor.py:186} INFO - Started process (PID=1649) to work on /home/airflow/.local/lib/python3.12/site-packages/airflow/example_dags/example_task_group.py
[2025-02-25T20:10:27.513+0000] {processor.py:914} INFO - Processing file /home/airflow/.local/lib/python3.12/site-packages/airflow/example_dags/example_task_group.py for tasks to queue
[2025-02-25T20:10:27.516+0000] {logging_mixin.py:190} INFO - [2025-02-25T20:10:27.516+0000] {dagbag.py:588} INFO - Filling up the DagBag from /home/airflow/.local/lib/python3.12/site-packages/airflow/example_dags/example_task_group.py
[2025-02-25T20:10:27.526+0000] {processor.py:925} INFO - DAG(s) 'example_task_group' retrieved from /home/airflow/.local/lib/python3.12/site-packages/airflow/example_dags/example_task_group.py
[2025-02-25T20:10:27.552+0000] {logging_mixin.py:190} INFO - [2025-02-25T20:10:27.551+0000] {dag.py:3239} INFO - Sync 1 DAGs
[2025-02-25T20:10:27.569+0000] {logging_mixin.py:190} INFO - [2025-02-25T20:10:27.568+0000] {dag.py:4180} INFO - Setting next_dagrun for example_task_group to None, run_after=None
[2025-02-25T20:10:27.590+0000] {processor.py:208} INFO - Processing /home/airflow/.local/lib/python3.12/site-packages/airflow/example_dags/example_task_group.py took 0.087 seconds
[2025-02-25T20:10:58.843+0000] {processor.py:186} INFO - Started process (PID=1712) to work on /home/airflow/.local/lib/python3.12/site-packages/airflow/example_dags/example_task_group.py
[2025-02-25T20:10:58.844+0000] {processor.py:914} INFO - Processing file /home/airflow/.local/lib/python3.12/site-packages/airflow/example_dags/example_task_group.py for tasks to queue
[2025-02-25T20:10:58.847+0000] {logging_mixin.py:190} INFO - [2025-02-25T20:10:58.846+0000] {dagbag.py:588} INFO - Filling up the DagBag from /home/airflow/.local/lib/python3.12/site-packages/airflow/example_dags/example_task_group.py
[2025-02-25T20:10:58.857+0000] {processor.py:925} INFO - DAG(s) 'example_task_group' retrieved from /home/airflow/.local/lib/python3.12/site-packages/airflow/example_dags/example_task_group.py
[2025-02-25T20:10:58.880+0000] {logging_mixin.py:190} INFO - [2025-02-25T20:10:58.880+0000] {dag.py:3239} INFO - Sync 1 DAGs
[2025-02-25T20:10:58.899+0000] {logging_mixin.py:190} INFO - [2025-02-25T20:10:58.899+0000] {dag.py:4180} INFO - Setting next_dagrun for example_task_group to None, run_after=None
[2025-02-25T20:10:58.924+0000] {processor.py:208} INFO - Processing /home/airflow/.local/lib/python3.12/site-packages/airflow/example_dags/example_task_group.py took 0.087 seconds
[2025-02-25T20:11:30.336+0000] {processor.py:186} INFO - Started process (PID=1781) to work on /home/airflow/.local/lib/python3.12/site-packages/airflow/example_dags/example_task_group.py
[2025-02-25T20:11:30.337+0000] {processor.py:914} INFO - Processing file /home/airflow/.local/lib/python3.12/site-packages/airflow/example_dags/example_task_group.py for tasks to queue
[2025-02-25T20:11:30.340+0000] {logging_mixin.py:190} INFO - [2025-02-25T20:11:30.340+0000] {dagbag.py:588} INFO - Filling up the DagBag from /home/airflow/.local/lib/python3.12/site-packages/airflow/example_dags/example_task_group.py
[2025-02-25T20:11:30.352+0000] {processor.py:925} INFO - DAG(s) 'example_task_group' retrieved from /home/airflow/.local/lib/python3.12/site-packages/airflow/example_dags/example_task_group.py
[2025-02-25T20:11:30.377+0000] {logging_mixin.py:190} INFO - [2025-02-25T20:11:30.376+0000] {dag.py:3239} INFO - Sync 1 DAGs
[2025-02-25T20:11:30.395+0000] {logging_mixin.py:190} INFO - [2025-02-25T20:11:30.395+0000] {dag.py:4180} INFO - Setting next_dagrun for example_task_group to None, run_after=None
[2025-02-25T20:11:30.428+0000] {processor.py:208} INFO - Processing /home/airflow/.local/lib/python3.12/site-packages/airflow/example_dags/example_task_group.py took 0.100 seconds
[2025-02-25T20:12:01.657+0000] {processor.py:186} INFO - Started process (PID=1846) to work on /home/airflow/.local/lib/python3.12/site-packages/airflow/example_dags/example_task_group.py
[2025-02-25T20:12:01.660+0000] {processor.py:914} INFO - Processing file /home/airflow/.local/lib/python3.12/site-packages/airflow/example_dags/example_task_group.py for tasks to queue
[2025-02-25T20:12:01.668+0000] {logging_mixin.py:190} INFO - [2025-02-25T20:12:01.666+0000] {dagbag.py:588} INFO - Filling up the DagBag from /home/airflow/.local/lib/python3.12/site-packages/airflow/example_dags/example_task_group.py
[2025-02-25T20:12:01.691+0000] {processor.py:925} INFO - DAG(s) 'example_task_group' retrieved from /home/airflow/.local/lib/python3.12/site-packages/airflow/example_dags/example_task_group.py
[2025-02-25T20:12:01.726+0000] {logging_mixin.py:190} INFO - [2025-02-25T20:12:01.725+0000] {dag.py:3239} INFO - Sync 1 DAGs
[2025-02-25T20:12:01.757+0000] {logging_mixin.py:190} INFO - [2025-02-25T20:12:01.757+0000] {dag.py:4180} INFO - Setting next_dagrun for example_task_group to None, run_after=None
[2025-02-25T20:12:01.802+0000] {processor.py:208} INFO - Processing /home/airflow/.local/lib/python3.12/site-packages/airflow/example_dags/example_task_group.py took 0.160 seconds
[2025-02-25T20:12:32.157+0000] {processor.py:186} INFO - Started process (PID=1909) to work on /home/airflow/.local/lib/python3.12/site-packages/airflow/example_dags/example_task_group.py
[2025-02-25T20:12:32.158+0000] {processor.py:914} INFO - Processing file /home/airflow/.local/lib/python3.12/site-packages/airflow/example_dags/example_task_group.py for tasks to queue
[2025-02-25T20:12:32.161+0000] {logging_mixin.py:190} INFO - [2025-02-25T20:12:32.161+0000] {dagbag.py:588} INFO - Filling up the DagBag from /home/airflow/.local/lib/python3.12/site-packages/airflow/example_dags/example_task_group.py
[2025-02-25T20:12:32.172+0000] {processor.py:925} INFO - DAG(s) 'example_task_group' retrieved from /home/airflow/.local/lib/python3.12/site-packages/airflow/example_dags/example_task_group.py
[2025-02-25T20:12:32.196+0000] {logging_mixin.py:190} INFO - [2025-02-25T20:12:32.195+0000] {dag.py:3239} INFO - Sync 1 DAGs
[2025-02-25T20:12:32.213+0000] {logging_mixin.py:190} INFO - [2025-02-25T20:12:32.213+0000] {dag.py:4180} INFO - Setting next_dagrun for example_task_group to None, run_after=None
[2025-02-25T20:12:32.235+0000] {processor.py:208} INFO - Processing /home/airflow/.local/lib/python3.12/site-packages/airflow/example_dags/example_task_group.py took 0.084 seconds
[2025-02-25T20:13:05.152+0000] {processor.py:186} INFO - Started process (PID=1977) to work on /home/airflow/.local/lib/python3.12/site-packages/airflow/example_dags/example_task_group.py
[2025-02-25T20:13:05.153+0000] {processor.py:914} INFO - Processing file /home/airflow/.local/lib/python3.12/site-packages/airflow/example_dags/example_task_group.py for tasks to queue
[2025-02-25T20:13:05.155+0000] {logging_mixin.py:190} INFO - [2025-02-25T20:13:05.155+0000] {dagbag.py:588} INFO - Filling up the DagBag from /home/airflow/.local/lib/python3.12/site-packages/airflow/example_dags/example_task_group.py
[2025-02-25T20:13:05.165+0000] {processor.py:925} INFO - DAG(s) 'example_task_group' retrieved from /home/airflow/.local/lib/python3.12/site-packages/airflow/example_dags/example_task_group.py
[2025-02-25T20:13:05.188+0000] {logging_mixin.py:190} INFO - [2025-02-25T20:13:05.188+0000] {dag.py:3239} INFO - Sync 1 DAGs
[2025-02-25T20:13:05.204+0000] {logging_mixin.py:190} INFO - [2025-02-25T20:13:05.203+0000] {dag.py:4180} INFO - Setting next_dagrun for example_task_group to None, run_after=None
[2025-02-25T20:13:05.225+0000] {processor.py:208} INFO - Processing /home/airflow/.local/lib/python3.12/site-packages/airflow/example_dags/example_task_group.py took 0.080 seconds
[2025-02-25T20:13:35.807+0000] {processor.py:186} INFO - Started process (PID=2041) to work on /home/airflow/.local/lib/python3.12/site-packages/airflow/example_dags/example_task_group.py
[2025-02-25T20:13:35.808+0000] {processor.py:914} INFO - Processing file /home/airflow/.local/lib/python3.12/site-packages/airflow/example_dags/example_task_group.py for tasks to queue
[2025-02-25T20:13:35.812+0000] {logging_mixin.py:190} INFO - [2025-02-25T20:13:35.811+0000] {dagbag.py:588} INFO - Filling up the DagBag from /home/airflow/.local/lib/python3.12/site-packages/airflow/example_dags/example_task_group.py
[2025-02-25T20:13:35.823+0000] {processor.py:925} INFO - DAG(s) 'example_task_group' retrieved from /home/airflow/.local/lib/python3.12/site-packages/airflow/example_dags/example_task_group.py
[2025-02-25T20:13:35.848+0000] {logging_mixin.py:190} INFO - [2025-02-25T20:13:35.847+0000] {dag.py:3239} INFO - Sync 1 DAGs
[2025-02-25T20:13:35.866+0000] {logging_mixin.py:190} INFO - [2025-02-25T20:13:35.866+0000] {dag.py:4180} INFO - Setting next_dagrun for example_task_group to None, run_after=None
[2025-02-25T20:13:35.899+0000] {processor.py:208} INFO - Processing /home/airflow/.local/lib/python3.12/site-packages/airflow/example_dags/example_task_group.py took 0.101 seconds
[2025-02-25T20:14:06.410+0000] {processor.py:186} INFO - Started process (PID=2103) to work on /home/airflow/.local/lib/python3.12/site-packages/airflow/example_dags/example_task_group.py
[2025-02-25T20:14:06.412+0000] {processor.py:914} INFO - Processing file /home/airflow/.local/lib/python3.12/site-packages/airflow/example_dags/example_task_group.py for tasks to queue
[2025-02-25T20:14:06.415+0000] {logging_mixin.py:190} INFO - [2025-02-25T20:14:06.414+0000] {dagbag.py:588} INFO - Filling up the DagBag from /home/airflow/.local/lib/python3.12/site-packages/airflow/example_dags/example_task_group.py
[2025-02-25T20:14:06.426+0000] {processor.py:925} INFO - DAG(s) 'example_task_group' retrieved from /home/airflow/.local/lib/python3.12/site-packages/airflow/example_dags/example_task_group.py
[2025-02-25T20:14:06.451+0000] {logging_mixin.py:190} INFO - [2025-02-25T20:14:06.450+0000] {dag.py:3239} INFO - Sync 1 DAGs
[2025-02-25T20:14:06.469+0000] {logging_mixin.py:190} INFO - [2025-02-25T20:14:06.468+0000] {dag.py:4180} INFO - Setting next_dagrun for example_task_group to None, run_after=None
[2025-02-25T20:14:06.493+0000] {processor.py:208} INFO - Processing /home/airflow/.local/lib/python3.12/site-packages/airflow/example_dags/example_task_group.py took 0.091 seconds
[2025-02-25T20:14:38.152+0000] {processor.py:186} INFO - Started process (PID=2169) to work on /home/airflow/.local/lib/python3.12/site-packages/airflow/example_dags/example_task_group.py
[2025-02-25T20:14:38.153+0000] {processor.py:914} INFO - Processing file /home/airflow/.local/lib/python3.12/site-packages/airflow/example_dags/example_task_group.py for tasks to queue
[2025-02-25T20:14:38.156+0000] {logging_mixin.py:190} INFO - [2025-02-25T20:14:38.156+0000] {dagbag.py:588} INFO - Filling up the DagBag from /home/airflow/.local/lib/python3.12/site-packages/airflow/example_dags/example_task_group.py
[2025-02-25T20:14:38.166+0000] {processor.py:925} INFO - DAG(s) 'example_task_group' retrieved from /home/airflow/.local/lib/python3.12/site-packages/airflow/example_dags/example_task_group.py
[2025-02-25T20:14:38.190+0000] {logging_mixin.py:190} INFO - [2025-02-25T20:14:38.189+0000] {dag.py:3239} INFO - Sync 1 DAGs
[2025-02-25T20:14:38.206+0000] {logging_mixin.py:190} INFO - [2025-02-25T20:14:38.206+0000] {dag.py:4180} INFO - Setting next_dagrun for example_task_group to None, run_after=None
[2025-02-25T20:14:38.242+0000] {processor.py:208} INFO - Processing /home/airflow/.local/lib/python3.12/site-packages/airflow/example_dags/example_task_group.py took 0.097 seconds
[2025-02-25T20:15:10.015+0000] {processor.py:186} INFO - Started process (PID=2232) to work on /home/airflow/.local/lib/python3.12/site-packages/airflow/example_dags/example_task_group.py
[2025-02-25T20:15:10.016+0000] {processor.py:914} INFO - Processing file /home/airflow/.local/lib/python3.12/site-packages/airflow/example_dags/example_task_group.py for tasks to queue
[2025-02-25T20:15:10.019+0000] {logging_mixin.py:190} INFO - [2025-02-25T20:15:10.019+0000] {dagbag.py:588} INFO - Filling up the DagBag from /home/airflow/.local/lib/python3.12/site-packages/airflow/example_dags/example_task_group.py
[2025-02-25T20:15:10.033+0000] {processor.py:925} INFO - DAG(s) 'example_task_group' retrieved from /home/airflow/.local/lib/python3.12/site-packages/airflow/example_dags/example_task_group.py
[2025-02-25T20:15:10.075+0000] {logging_mixin.py:190} INFO - [2025-02-25T20:15:10.074+0000] {dag.py:3239} INFO - Sync 1 DAGs
[2025-02-25T20:15:10.092+0000] {logging_mixin.py:190} INFO - [2025-02-25T20:15:10.092+0000] {dag.py:4180} INFO - Setting next_dagrun for example_task_group to None, run_after=None
[2025-02-25T20:15:10.119+0000] {processor.py:208} INFO - Processing /home/airflow/.local/lib/python3.12/site-packages/airflow/example_dags/example_task_group.py took 0.119 seconds
[2025-02-25T20:15:41.302+0000] {processor.py:186} INFO - Started process (PID=2295) to work on /home/airflow/.local/lib/python3.12/site-packages/airflow/example_dags/example_task_group.py
[2025-02-25T20:15:41.303+0000] {processor.py:914} INFO - Processing file /home/airflow/.local/lib/python3.12/site-packages/airflow/example_dags/example_task_group.py for tasks to queue
[2025-02-25T20:15:41.305+0000] {logging_mixin.py:190} INFO - [2025-02-25T20:15:41.305+0000] {dagbag.py:588} INFO - Filling up the DagBag from /home/airflow/.local/lib/python3.12/site-packages/airflow/example_dags/example_task_group.py
[2025-02-25T20:15:41.315+0000] {processor.py:925} INFO - DAG(s) 'example_task_group' retrieved from /home/airflow/.local/lib/python3.12/site-packages/airflow/example_dags/example_task_group.py
[2025-02-25T20:15:41.338+0000] {logging_mixin.py:190} INFO - [2025-02-25T20:15:41.338+0000] {dag.py:3239} INFO - Sync 1 DAGs
[2025-02-25T20:15:41.356+0000] {logging_mixin.py:190} INFO - [2025-02-25T20:15:41.356+0000] {dag.py:4180} INFO - Setting next_dagrun for example_task_group to None, run_after=None
[2025-02-25T20:15:41.397+0000] {processor.py:208} INFO - Processing /home/airflow/.local/lib/python3.12/site-packages/airflow/example_dags/example_task_group.py took 0.101 seconds
[2025-02-25T20:16:12.354+0000] {processor.py:186} INFO - Started process (PID=2359) to work on /home/airflow/.local/lib/python3.12/site-packages/airflow/example_dags/example_task_group.py
[2025-02-25T20:16:12.355+0000] {processor.py:914} INFO - Processing file /home/airflow/.local/lib/python3.12/site-packages/airflow/example_dags/example_task_group.py for tasks to queue
[2025-02-25T20:16:12.359+0000] {logging_mixin.py:190} INFO - [2025-02-25T20:16:12.358+0000] {dagbag.py:588} INFO - Filling up the DagBag from /home/airflow/.local/lib/python3.12/site-packages/airflow/example_dags/example_task_group.py
[2025-02-25T20:16:12.369+0000] {processor.py:925} INFO - DAG(s) 'example_task_group' retrieved from /home/airflow/.local/lib/python3.12/site-packages/airflow/example_dags/example_task_group.py
[2025-02-25T20:16:12.394+0000] {logging_mixin.py:190} INFO - [2025-02-25T20:16:12.394+0000] {dag.py:3239} INFO - Sync 1 DAGs
[2025-02-25T20:16:12.411+0000] {logging_mixin.py:190} INFO - [2025-02-25T20:16:12.410+0000] {dag.py:4180} INFO - Setting next_dagrun for example_task_group to None, run_after=None
[2025-02-25T20:16:12.443+0000] {processor.py:208} INFO - Processing /home/airflow/.local/lib/python3.12/site-packages/airflow/example_dags/example_task_group.py took 0.096 seconds
[2025-02-25T20:16:43.768+0000] {processor.py:186} INFO - Started process (PID=2422) to work on /home/airflow/.local/lib/python3.12/site-packages/airflow/example_dags/example_task_group.py
[2025-02-25T20:16:43.769+0000] {processor.py:914} INFO - Processing file /home/airflow/.local/lib/python3.12/site-packages/airflow/example_dags/example_task_group.py for tasks to queue
[2025-02-25T20:16:43.772+0000] {logging_mixin.py:190} INFO - [2025-02-25T20:16:43.772+0000] {dagbag.py:588} INFO - Filling up the DagBag from /home/airflow/.local/lib/python3.12/site-packages/airflow/example_dags/example_task_group.py
[2025-02-25T20:16:43.783+0000] {processor.py:925} INFO - DAG(s) 'example_task_group' retrieved from /home/airflow/.local/lib/python3.12/site-packages/airflow/example_dags/example_task_group.py
[2025-02-25T20:16:43.811+0000] {logging_mixin.py:190} INFO - [2025-02-25T20:16:43.811+0000] {dag.py:3239} INFO - Sync 1 DAGs
[2025-02-25T20:16:43.831+0000] {logging_mixin.py:190} INFO - [2025-02-25T20:16:43.830+0000] {dag.py:4180} INFO - Setting next_dagrun for example_task_group to None, run_after=None
[2025-02-25T20:16:43.855+0000] {processor.py:208} INFO - Processing /home/airflow/.local/lib/python3.12/site-packages/airflow/example_dags/example_task_group.py took 0.093 seconds
[2025-02-25T20:17:14.465+0000] {processor.py:186} INFO - Started process (PID=2484) to work on /home/airflow/.local/lib/python3.12/site-packages/airflow/example_dags/example_task_group.py
[2025-02-25T20:17:14.466+0000] {processor.py:914} INFO - Processing file /home/airflow/.local/lib/python3.12/site-packages/airflow/example_dags/example_task_group.py for tasks to queue
[2025-02-25T20:17:14.469+0000] {logging_mixin.py:190} INFO - [2025-02-25T20:17:14.468+0000] {dagbag.py:588} INFO - Filling up the DagBag from /home/airflow/.local/lib/python3.12/site-packages/airflow/example_dags/example_task_group.py
[2025-02-25T20:17:14.479+0000] {processor.py:925} INFO - DAG(s) 'example_task_group' retrieved from /home/airflow/.local/lib/python3.12/site-packages/airflow/example_dags/example_task_group.py
[2025-02-25T20:17:14.504+0000] {logging_mixin.py:190} INFO - [2025-02-25T20:17:14.504+0000] {dag.py:3239} INFO - Sync 1 DAGs
[2025-02-25T20:17:14.521+0000] {logging_mixin.py:190} INFO - [2025-02-25T20:17:14.521+0000] {dag.py:4180} INFO - Setting next_dagrun for example_task_group to None, run_after=None
[2025-02-25T20:17:14.547+0000] {processor.py:208} INFO - Processing /home/airflow/.local/lib/python3.12/site-packages/airflow/example_dags/example_task_group.py took 0.089 seconds
[2025-02-25T20:17:45.436+0000] {processor.py:186} INFO - Started process (PID=2547) to work on /home/airflow/.local/lib/python3.12/site-packages/airflow/example_dags/example_task_group.py
[2025-02-25T20:17:45.437+0000] {processor.py:914} INFO - Processing file /home/airflow/.local/lib/python3.12/site-packages/airflow/example_dags/example_task_group.py for tasks to queue
[2025-02-25T20:17:45.439+0000] {logging_mixin.py:190} INFO - [2025-02-25T20:17:45.439+0000] {dagbag.py:588} INFO - Filling up the DagBag from /home/airflow/.local/lib/python3.12/site-packages/airflow/example_dags/example_task_group.py
[2025-02-25T20:17:45.449+0000] {processor.py:925} INFO - DAG(s) 'example_task_group' retrieved from /home/airflow/.local/lib/python3.12/site-packages/airflow/example_dags/example_task_group.py
[2025-02-25T20:17:45.475+0000] {logging_mixin.py:190} INFO - [2025-02-25T20:17:45.475+0000] {dag.py:3239} INFO - Sync 1 DAGs
[2025-02-25T20:17:45.493+0000] {logging_mixin.py:190} INFO - [2025-02-25T20:17:45.492+0000] {dag.py:4180} INFO - Setting next_dagrun for example_task_group to None, run_after=None
[2025-02-25T20:17:45.526+0000] {processor.py:208} INFO - Processing /home/airflow/.local/lib/python3.12/site-packages/airflow/example_dags/example_task_group.py took 0.097 seconds
[2025-02-25T20:18:16.426+0000] {processor.py:186} INFO - Started process (PID=2611) to work on /home/airflow/.local/lib/python3.12/site-packages/airflow/example_dags/example_task_group.py
[2025-02-25T20:18:16.427+0000] {processor.py:914} INFO - Processing file /home/airflow/.local/lib/python3.12/site-packages/airflow/example_dags/example_task_group.py for tasks to queue
[2025-02-25T20:18:16.430+0000] {logging_mixin.py:190} INFO - [2025-02-25T20:18:16.429+0000] {dagbag.py:588} INFO - Filling up the DagBag from /home/airflow/.local/lib/python3.12/site-packages/airflow/example_dags/example_task_group.py
[2025-02-25T20:18:16.440+0000] {processor.py:925} INFO - DAG(s) 'example_task_group' retrieved from /home/airflow/.local/lib/python3.12/site-packages/airflow/example_dags/example_task_group.py
[2025-02-25T20:18:16.472+0000] {logging_mixin.py:190} INFO - [2025-02-25T20:18:16.472+0000] {dag.py:3239} INFO - Sync 1 DAGs
[2025-02-25T20:18:16.490+0000] {logging_mixin.py:190} INFO - [2025-02-25T20:18:16.490+0000] {dag.py:4180} INFO - Setting next_dagrun for example_task_group to None, run_after=None
[2025-02-25T20:18:16.512+0000] {processor.py:208} INFO - Processing /home/airflow/.local/lib/python3.12/site-packages/airflow/example_dags/example_task_group.py took 0.093 seconds
[2025-02-25T20:18:46.980+0000] {processor.py:186} INFO - Started process (PID=2674) to work on /home/airflow/.local/lib/python3.12/site-packages/airflow/example_dags/example_task_group.py
[2025-02-25T20:18:46.981+0000] {processor.py:914} INFO - Processing file /home/airflow/.local/lib/python3.12/site-packages/airflow/example_dags/example_task_group.py for tasks to queue
[2025-02-25T20:18:46.984+0000] {logging_mixin.py:190} INFO - [2025-02-25T20:18:46.983+0000] {dagbag.py:588} INFO - Filling up the DagBag from /home/airflow/.local/lib/python3.12/site-packages/airflow/example_dags/example_task_group.py
[2025-02-25T20:18:46.994+0000] {processor.py:925} INFO - DAG(s) 'example_task_group' retrieved from /home/airflow/.local/lib/python3.12/site-packages/airflow/example_dags/example_task_group.py
[2025-02-25T20:18:47.018+0000] {logging_mixin.py:190} INFO - [2025-02-25T20:18:47.017+0000] {dag.py:3239} INFO - Sync 1 DAGs
[2025-02-25T20:18:47.039+0000] {logging_mixin.py:190} INFO - [2025-02-25T20:18:47.039+0000] {dag.py:4180} INFO - Setting next_dagrun for example_task_group to None, run_after=None
[2025-02-25T20:18:47.075+0000] {processor.py:208} INFO - Processing /home/airflow/.local/lib/python3.12/site-packages/airflow/example_dags/example_task_group.py took 0.102 seconds
[2025-02-25T20:19:18.559+0000] {processor.py:186} INFO - Started process (PID=2737) to work on /home/airflow/.local/lib/python3.12/site-packages/airflow/example_dags/example_task_group.py
[2025-02-25T20:19:18.562+0000] {processor.py:914} INFO - Processing file /home/airflow/.local/lib/python3.12/site-packages/airflow/example_dags/example_task_group.py for tasks to queue
[2025-02-25T20:19:18.568+0000] {logging_mixin.py:190} INFO - [2025-02-25T20:19:18.568+0000] {dagbag.py:588} INFO - Filling up the DagBag from /home/airflow/.local/lib/python3.12/site-packages/airflow/example_dags/example_task_group.py
[2025-02-25T20:19:18.581+0000] {processor.py:925} INFO - DAG(s) 'example_task_group' retrieved from /home/airflow/.local/lib/python3.12/site-packages/airflow/example_dags/example_task_group.py
[2025-02-25T20:19:18.616+0000] {logging_mixin.py:190} INFO - [2025-02-25T20:19:18.615+0000] {dag.py:3239} INFO - Sync 1 DAGs
[2025-02-25T20:19:18.636+0000] {logging_mixin.py:190} INFO - [2025-02-25T20:19:18.636+0000] {dag.py:4180} INFO - Setting next_dagrun for example_task_group to None, run_after=None
[2025-02-25T20:19:18.673+0000] {processor.py:208} INFO - Processing /home/airflow/.local/lib/python3.12/site-packages/airflow/example_dags/example_task_group.py took 0.121 seconds
[2025-02-25T20:19:50.560+0000] {processor.py:186} INFO - Started process (PID=2806) to work on /home/airflow/.local/lib/python3.12/site-packages/airflow/example_dags/example_task_group.py
[2025-02-25T20:19:50.562+0000] {processor.py:914} INFO - Processing file /home/airflow/.local/lib/python3.12/site-packages/airflow/example_dags/example_task_group.py for tasks to queue
[2025-02-25T20:19:50.566+0000] {logging_mixin.py:190} INFO - [2025-02-25T20:19:50.566+0000] {dagbag.py:588} INFO - Filling up the DagBag from /home/airflow/.local/lib/python3.12/site-packages/airflow/example_dags/example_task_group.py
[2025-02-25T20:19:50.584+0000] {processor.py:925} INFO - DAG(s) 'example_task_group' retrieved from /home/airflow/.local/lib/python3.12/site-packages/airflow/example_dags/example_task_group.py
[2025-02-25T20:19:50.623+0000] {logging_mixin.py:190} INFO - [2025-02-25T20:19:50.623+0000] {dag.py:3239} INFO - Sync 1 DAGs
[2025-02-25T20:19:50.651+0000] {logging_mixin.py:190} INFO - [2025-02-25T20:19:50.650+0000] {dag.py:4180} INFO - Setting next_dagrun for example_task_group to None, run_after=None
[2025-02-25T20:19:50.696+0000] {processor.py:208} INFO - Processing /home/airflow/.local/lib/python3.12/site-packages/airflow/example_dags/example_task_group.py took 0.147 seconds
[2025-02-25T20:20:20.996+0000] {processor.py:186} INFO - Started process (PID=2867) to work on /home/airflow/.local/lib/python3.12/site-packages/airflow/example_dags/example_task_group.py
[2025-02-25T20:20:20.998+0000] {processor.py:914} INFO - Processing file /home/airflow/.local/lib/python3.12/site-packages/airflow/example_dags/example_task_group.py for tasks to queue
[2025-02-25T20:20:21.004+0000] {logging_mixin.py:190} INFO - [2025-02-25T20:20:21.004+0000] {dagbag.py:588} INFO - Filling up the DagBag from /home/airflow/.local/lib/python3.12/site-packages/airflow/example_dags/example_task_group.py
[2025-02-25T20:20:21.028+0000] {processor.py:925} INFO - DAG(s) 'example_task_group' retrieved from /home/airflow/.local/lib/python3.12/site-packages/airflow/example_dags/example_task_group.py
[2025-02-25T20:20:21.081+0000] {logging_mixin.py:190} INFO - [2025-02-25T20:20:21.080+0000] {dag.py:3239} INFO - Sync 1 DAGs
[2025-02-25T20:20:21.122+0000] {logging_mixin.py:190} INFO - [2025-02-25T20:20:21.122+0000] {dag.py:4180} INFO - Setting next_dagrun for example_task_group to None, run_after=None
[2025-02-25T20:20:21.184+0000] {processor.py:208} INFO - Processing /home/airflow/.local/lib/python3.12/site-packages/airflow/example_dags/example_task_group.py took 0.202 seconds
[2025-02-25T20:20:51.733+0000] {processor.py:186} INFO - Started process (PID=2929) to work on /home/airflow/.local/lib/python3.12/site-packages/airflow/example_dags/example_task_group.py
[2025-02-25T20:20:51.735+0000] {processor.py:914} INFO - Processing file /home/airflow/.local/lib/python3.12/site-packages/airflow/example_dags/example_task_group.py for tasks to queue
[2025-02-25T20:20:51.741+0000] {logging_mixin.py:190} INFO - [2025-02-25T20:20:51.741+0000] {dagbag.py:588} INFO - Filling up the DagBag from /home/airflow/.local/lib/python3.12/site-packages/airflow/example_dags/example_task_group.py
[2025-02-25T20:20:51.759+0000] {processor.py:925} INFO - DAG(s) 'example_task_group' retrieved from /home/airflow/.local/lib/python3.12/site-packages/airflow/example_dags/example_task_group.py
[2025-02-25T20:20:51.811+0000] {logging_mixin.py:190} INFO - [2025-02-25T20:20:51.809+0000] {dag.py:3239} INFO - Sync 1 DAGs
[2025-02-25T20:20:51.848+0000] {logging_mixin.py:190} INFO - [2025-02-25T20:20:51.848+0000] {dag.py:4180} INFO - Setting next_dagrun for example_task_group to None, run_after=None
[2025-02-25T20:20:51.893+0000] {processor.py:208} INFO - Processing /home/airflow/.local/lib/python3.12/site-packages/airflow/example_dags/example_task_group.py took 0.181 seconds
[2025-02-25T20:21:23.510+0000] {processor.py:186} INFO - Started process (PID=2993) to work on /home/airflow/.local/lib/python3.12/site-packages/airflow/example_dags/example_task_group.py
[2025-02-25T20:21:23.512+0000] {processor.py:914} INFO - Processing file /home/airflow/.local/lib/python3.12/site-packages/airflow/example_dags/example_task_group.py for tasks to queue
[2025-02-25T20:21:23.518+0000] {logging_mixin.py:190} INFO - [2025-02-25T20:21:23.517+0000] {dagbag.py:588} INFO - Filling up the DagBag from /home/airflow/.local/lib/python3.12/site-packages/airflow/example_dags/example_task_group.py
[2025-02-25T20:21:23.539+0000] {processor.py:925} INFO - DAG(s) 'example_task_group' retrieved from /home/airflow/.local/lib/python3.12/site-packages/airflow/example_dags/example_task_group.py
[2025-02-25T20:21:23.587+0000] {logging_mixin.py:190} INFO - [2025-02-25T20:21:23.586+0000] {dag.py:3239} INFO - Sync 1 DAGs
[2025-02-25T20:21:23.628+0000] {logging_mixin.py:190} INFO - [2025-02-25T20:21:23.628+0000] {dag.py:4180} INFO - Setting next_dagrun for example_task_group to None, run_after=None
[2025-02-25T20:21:23.693+0000] {processor.py:208} INFO - Processing /home/airflow/.local/lib/python3.12/site-packages/airflow/example_dags/example_task_group.py took 0.201 seconds
[2025-02-25T20:21:55.168+0000] {processor.py:186} INFO - Started process (PID=3056) to work on /home/airflow/.local/lib/python3.12/site-packages/airflow/example_dags/example_task_group.py
[2025-02-25T20:21:55.177+0000] {processor.py:914} INFO - Processing file /home/airflow/.local/lib/python3.12/site-packages/airflow/example_dags/example_task_group.py for tasks to queue
[2025-02-25T20:21:55.191+0000] {logging_mixin.py:190} INFO - [2025-02-25T20:21:55.189+0000] {dagbag.py:588} INFO - Filling up the DagBag from /home/airflow/.local/lib/python3.12/site-packages/airflow/example_dags/example_task_group.py
[2025-02-25T20:21:55.234+0000] {processor.py:925} INFO - DAG(s) 'example_task_group' retrieved from /home/airflow/.local/lib/python3.12/site-packages/airflow/example_dags/example_task_group.py
[2025-02-25T20:21:55.330+0000] {logging_mixin.py:190} INFO - [2025-02-25T20:21:55.329+0000] {dag.py:3239} INFO - Sync 1 DAGs
[2025-02-25T20:21:55.409+0000] {logging_mixin.py:190} INFO - [2025-02-25T20:21:55.408+0000] {dag.py:4180} INFO - Setting next_dagrun for example_task_group to None, run_after=None
[2025-02-25T20:21:55.502+0000] {processor.py:208} INFO - Processing /home/airflow/.local/lib/python3.12/site-packages/airflow/example_dags/example_task_group.py took 0.362 seconds
[2025-02-25T20:22:25.775+0000] {processor.py:186} INFO - Started process (PID=3118) to work on /home/airflow/.local/lib/python3.12/site-packages/airflow/example_dags/example_task_group.py
[2025-02-25T20:22:25.777+0000] {processor.py:914} INFO - Processing file /home/airflow/.local/lib/python3.12/site-packages/airflow/example_dags/example_task_group.py for tasks to queue
[2025-02-25T20:22:25.784+0000] {logging_mixin.py:190} INFO - [2025-02-25T20:22:25.783+0000] {dagbag.py:588} INFO - Filling up the DagBag from /home/airflow/.local/lib/python3.12/site-packages/airflow/example_dags/example_task_group.py
[2025-02-25T20:22:25.810+0000] {processor.py:925} INFO - DAG(s) 'example_task_group' retrieved from /home/airflow/.local/lib/python3.12/site-packages/airflow/example_dags/example_task_group.py
[2025-02-25T20:22:25.870+0000] {logging_mixin.py:190} INFO - [2025-02-25T20:22:25.870+0000] {dag.py:3239} INFO - Sync 1 DAGs
[2025-02-25T20:22:25.916+0000] {logging_mixin.py:190} INFO - [2025-02-25T20:22:25.915+0000] {dag.py:4180} INFO - Setting next_dagrun for example_task_group to None, run_after=None
[2025-02-25T20:22:25.973+0000] {processor.py:208} INFO - Processing /home/airflow/.local/lib/python3.12/site-packages/airflow/example_dags/example_task_group.py took 0.215 seconds
[2025-02-25T20:22:57.856+0000] {processor.py:186} INFO - Started process (PID=3181) to work on /home/airflow/.local/lib/python3.12/site-packages/airflow/example_dags/example_task_group.py
[2025-02-25T20:22:57.858+0000] {processor.py:914} INFO - Processing file /home/airflow/.local/lib/python3.12/site-packages/airflow/example_dags/example_task_group.py for tasks to queue
[2025-02-25T20:22:57.862+0000] {logging_mixin.py:190} INFO - [2025-02-25T20:22:57.862+0000] {dagbag.py:588} INFO - Filling up the DagBag from /home/airflow/.local/lib/python3.12/site-packages/airflow/example_dags/example_task_group.py
[2025-02-25T20:22:57.876+0000] {processor.py:925} INFO - DAG(s) 'example_task_group' retrieved from /home/airflow/.local/lib/python3.12/site-packages/airflow/example_dags/example_task_group.py
[2025-02-25T20:22:57.916+0000] {logging_mixin.py:190} INFO - [2025-02-25T20:22:57.915+0000] {dag.py:3239} INFO - Sync 1 DAGs
[2025-02-25T20:22:57.964+0000] {logging_mixin.py:190} INFO - [2025-02-25T20:22:57.962+0000] {dag.py:4180} INFO - Setting next_dagrun for example_task_group to None, run_after=None
[2025-02-25T20:22:58.040+0000] {processor.py:208} INFO - Processing /home/airflow/.local/lib/python3.12/site-packages/airflow/example_dags/example_task_group.py took 0.193 seconds
[2025-02-25T20:23:29.187+0000] {processor.py:186} INFO - Started process (PID=3245) to work on /home/airflow/.local/lib/python3.12/site-packages/airflow/example_dags/example_task_group.py
[2025-02-25T20:23:29.191+0000] {processor.py:914} INFO - Processing file /home/airflow/.local/lib/python3.12/site-packages/airflow/example_dags/example_task_group.py for tasks to queue
[2025-02-25T20:23:29.202+0000] {logging_mixin.py:190} INFO - [2025-02-25T20:23:29.200+0000] {dagbag.py:588} INFO - Filling up the DagBag from /home/airflow/.local/lib/python3.12/site-packages/airflow/example_dags/example_task_group.py
[2025-02-25T20:23:29.240+0000] {processor.py:925} INFO - DAG(s) 'example_task_group' retrieved from /home/airflow/.local/lib/python3.12/site-packages/airflow/example_dags/example_task_group.py
[2025-02-25T20:23:29.348+0000] {logging_mixin.py:190} INFO - [2025-02-25T20:23:29.347+0000] {dag.py:3239} INFO - Sync 1 DAGs
[2025-02-25T20:23:29.426+0000] {logging_mixin.py:190} INFO - [2025-02-25T20:23:29.425+0000] {dag.py:4180} INFO - Setting next_dagrun for example_task_group to None, run_after=None
[2025-02-25T20:23:29.576+0000] {processor.py:208} INFO - Processing /home/airflow/.local/lib/python3.12/site-packages/airflow/example_dags/example_task_group.py took 0.417 seconds
[2025-02-25T20:23:59.886+0000] {processor.py:186} INFO - Started process (PID=3309) to work on /home/airflow/.local/lib/python3.12/site-packages/airflow/example_dags/example_task_group.py
[2025-02-25T20:23:59.889+0000] {processor.py:914} INFO - Processing file /home/airflow/.local/lib/python3.12/site-packages/airflow/example_dags/example_task_group.py for tasks to queue
[2025-02-25T20:23:59.893+0000] {logging_mixin.py:190} INFO - [2025-02-25T20:23:59.893+0000] {dagbag.py:588} INFO - Filling up the DagBag from /home/airflow/.local/lib/python3.12/site-packages/airflow/example_dags/example_task_group.py
[2025-02-25T20:23:59.914+0000] {processor.py:925} INFO - DAG(s) 'example_task_group' retrieved from /home/airflow/.local/lib/python3.12/site-packages/airflow/example_dags/example_task_group.py
[2025-02-25T20:23:59.968+0000] {logging_mixin.py:190} INFO - [2025-02-25T20:23:59.968+0000] {dag.py:3239} INFO - Sync 1 DAGs
[2025-02-25T20:23:59.998+0000] {logging_mixin.py:190} INFO - [2025-02-25T20:23:59.998+0000] {dag.py:4180} INFO - Setting next_dagrun for example_task_group to None, run_after=None
[2025-02-25T20:24:00.047+0000] {processor.py:208} INFO - Processing /home/airflow/.local/lib/python3.12/site-packages/airflow/example_dags/example_task_group.py took 0.184 seconds
[2025-02-25T20:24:31.351+0000] {processor.py:186} INFO - Started process (PID=3372) to work on /home/airflow/.local/lib/python3.12/site-packages/airflow/example_dags/example_task_group.py
[2025-02-25T20:24:31.354+0000] {processor.py:914} INFO - Processing file /home/airflow/.local/lib/python3.12/site-packages/airflow/example_dags/example_task_group.py for tasks to queue
[2025-02-25T20:24:31.362+0000] {logging_mixin.py:190} INFO - [2025-02-25T20:24:31.361+0000] {dagbag.py:588} INFO - Filling up the DagBag from /home/airflow/.local/lib/python3.12/site-packages/airflow/example_dags/example_task_group.py
[2025-02-25T20:24:31.406+0000] {processor.py:925} INFO - DAG(s) 'example_task_group' retrieved from /home/airflow/.local/lib/python3.12/site-packages/airflow/example_dags/example_task_group.py
[2025-02-25T20:24:31.528+0000] {logging_mixin.py:190} INFO - [2025-02-25T20:24:31.527+0000] {dag.py:3239} INFO - Sync 1 DAGs
[2025-02-25T20:24:31.613+0000] {logging_mixin.py:190} INFO - [2025-02-25T20:24:31.612+0000] {dag.py:4180} INFO - Setting next_dagrun for example_task_group to None, run_after=None
[2025-02-25T20:24:31.727+0000] {processor.py:208} INFO - Processing /home/airflow/.local/lib/python3.12/site-packages/airflow/example_dags/example_task_group.py took 0.399 seconds
[2025-02-25T20:25:03.031+0000] {processor.py:186} INFO - Started process (PID=3437) to work on /home/airflow/.local/lib/python3.12/site-packages/airflow/example_dags/example_task_group.py
[2025-02-25T20:25:03.034+0000] {processor.py:914} INFO - Processing file /home/airflow/.local/lib/python3.12/site-packages/airflow/example_dags/example_task_group.py for tasks to queue
[2025-02-25T20:25:03.041+0000] {logging_mixin.py:190} INFO - [2025-02-25T20:25:03.040+0000] {dagbag.py:588} INFO - Filling up the DagBag from /home/airflow/.local/lib/python3.12/site-packages/airflow/example_dags/example_task_group.py
[2025-02-25T20:25:03.070+0000] {processor.py:925} INFO - DAG(s) 'example_task_group' retrieved from /home/airflow/.local/lib/python3.12/site-packages/airflow/example_dags/example_task_group.py
[2025-02-25T20:25:03.143+0000] {logging_mixin.py:190} INFO - [2025-02-25T20:25:03.142+0000] {dag.py:3239} INFO - Sync 1 DAGs
[2025-02-25T20:25:03.227+0000] {logging_mixin.py:190} INFO - [2025-02-25T20:25:03.227+0000] {dag.py:4180} INFO - Setting next_dagrun for example_task_group to None, run_after=None
[2025-02-25T20:25:03.292+0000] {processor.py:208} INFO - Processing /home/airflow/.local/lib/python3.12/site-packages/airflow/example_dags/example_task_group.py took 0.275 seconds
[2025-02-25T20:25:34.100+0000] {processor.py:186} INFO - Started process (PID=3500) to work on /home/airflow/.local/lib/python3.12/site-packages/airflow/example_dags/example_task_group.py
[2025-02-25T20:25:34.103+0000] {processor.py:914} INFO - Processing file /home/airflow/.local/lib/python3.12/site-packages/airflow/example_dags/example_task_group.py for tasks to queue
[2025-02-25T20:25:34.108+0000] {logging_mixin.py:190} INFO - [2025-02-25T20:25:34.107+0000] {dagbag.py:588} INFO - Filling up the DagBag from /home/airflow/.local/lib/python3.12/site-packages/airflow/example_dags/example_task_group.py
[2025-02-25T20:25:34.127+0000] {processor.py:925} INFO - DAG(s) 'example_task_group' retrieved from /home/airflow/.local/lib/python3.12/site-packages/airflow/example_dags/example_task_group.py
[2025-02-25T20:25:34.177+0000] {logging_mixin.py:190} INFO - [2025-02-25T20:25:34.176+0000] {dag.py:3239} INFO - Sync 1 DAGs
[2025-02-25T20:25:34.214+0000] {logging_mixin.py:190} INFO - [2025-02-25T20:25:34.214+0000] {dag.py:4180} INFO - Setting next_dagrun for example_task_group to None, run_after=None
[2025-02-25T20:25:34.262+0000] {processor.py:208} INFO - Processing /home/airflow/.local/lib/python3.12/site-packages/airflow/example_dags/example_task_group.py took 0.174 seconds
[2025-02-25T20:26:05.895+0000] {processor.py:186} INFO - Started process (PID=3563) to work on /home/airflow/.local/lib/python3.12/site-packages/airflow/example_dags/example_task_group.py
[2025-02-25T20:26:05.897+0000] {processor.py:914} INFO - Processing file /home/airflow/.local/lib/python3.12/site-packages/airflow/example_dags/example_task_group.py for tasks to queue
[2025-02-25T20:26:05.901+0000] {logging_mixin.py:190} INFO - [2025-02-25T20:26:05.900+0000] {dagbag.py:588} INFO - Filling up the DagBag from /home/airflow/.local/lib/python3.12/site-packages/airflow/example_dags/example_task_group.py
[2025-02-25T20:26:05.917+0000] {processor.py:925} INFO - DAG(s) 'example_task_group' retrieved from /home/airflow/.local/lib/python3.12/site-packages/airflow/example_dags/example_task_group.py
[2025-02-25T20:26:05.974+0000] {logging_mixin.py:190} INFO - [2025-02-25T20:26:05.974+0000] {dag.py:3239} INFO - Sync 1 DAGs
[2025-02-25T20:26:06.096+0000] {logging_mixin.py:190} INFO - [2025-02-25T20:26:06.095+0000] {dag.py:4180} INFO - Setting next_dagrun for example_task_group to None, run_after=None
[2025-02-25T20:26:06.191+0000] {processor.py:208} INFO - Processing /home/airflow/.local/lib/python3.12/site-packages/airflow/example_dags/example_task_group.py took 0.306 seconds
[2025-02-25T20:26:36.713+0000] {processor.py:186} INFO - Started process (PID=3626) to work on /home/airflow/.local/lib/python3.12/site-packages/airflow/example_dags/example_task_group.py
[2025-02-25T20:26:36.714+0000] {processor.py:914} INFO - Processing file /home/airflow/.local/lib/python3.12/site-packages/airflow/example_dags/example_task_group.py for tasks to queue
[2025-02-25T20:26:36.719+0000] {logging_mixin.py:190} INFO - [2025-02-25T20:26:36.718+0000] {dagbag.py:588} INFO - Filling up the DagBag from /home/airflow/.local/lib/python3.12/site-packages/airflow/example_dags/example_task_group.py
[2025-02-25T20:26:36.737+0000] {processor.py:925} INFO - DAG(s) 'example_task_group' retrieved from /home/airflow/.local/lib/python3.12/site-packages/airflow/example_dags/example_task_group.py
[2025-02-25T20:26:36.779+0000] {logging_mixin.py:190} INFO - [2025-02-25T20:26:36.779+0000] {dag.py:3239} INFO - Sync 1 DAGs
[2025-02-25T20:26:36.810+0000] {logging_mixin.py:190} INFO - [2025-02-25T20:26:36.810+0000] {dag.py:4180} INFO - Setting next_dagrun for example_task_group to None, run_after=None
[2025-02-25T20:26:36.853+0000] {processor.py:208} INFO - Processing /home/airflow/.local/lib/python3.12/site-packages/airflow/example_dags/example_task_group.py took 0.150 seconds
[2025-02-25T20:27:07.758+0000] {processor.py:186} INFO - Started process (PID=3687) to work on /home/airflow/.local/lib/python3.12/site-packages/airflow/example_dags/example_task_group.py
[2025-02-25T20:27:07.759+0000] {processor.py:914} INFO - Processing file /home/airflow/.local/lib/python3.12/site-packages/airflow/example_dags/example_task_group.py for tasks to queue
[2025-02-25T20:27:07.763+0000] {logging_mixin.py:190} INFO - [2025-02-25T20:27:07.763+0000] {dagbag.py:588} INFO - Filling up the DagBag from /home/airflow/.local/lib/python3.12/site-packages/airflow/example_dags/example_task_group.py
[2025-02-25T20:27:07.793+0000] {processor.py:925} INFO - DAG(s) 'example_task_group' retrieved from /home/airflow/.local/lib/python3.12/site-packages/airflow/example_dags/example_task_group.py
[2025-02-25T20:27:07.843+0000] {logging_mixin.py:190} INFO - [2025-02-25T20:27:07.842+0000] {dag.py:3239} INFO - Sync 1 DAGs
[2025-02-25T20:27:07.872+0000] {logging_mixin.py:190} INFO - [2025-02-25T20:27:07.871+0000] {dag.py:4180} INFO - Setting next_dagrun for example_task_group to None, run_after=None
[2025-02-25T20:27:07.909+0000] {processor.py:208} INFO - Processing /home/airflow/.local/lib/python3.12/site-packages/airflow/example_dags/example_task_group.py took 0.162 seconds
[2025-02-25T20:27:38.064+0000] {processor.py:186} INFO - Started process (PID=3749) to work on /home/airflow/.local/lib/python3.12/site-packages/airflow/example_dags/example_task_group.py
[2025-02-25T20:27:38.067+0000] {processor.py:914} INFO - Processing file /home/airflow/.local/lib/python3.12/site-packages/airflow/example_dags/example_task_group.py for tasks to queue
[2025-02-25T20:27:38.078+0000] {logging_mixin.py:190} INFO - [2025-02-25T20:27:38.076+0000] {dagbag.py:588} INFO - Filling up the DagBag from /home/airflow/.local/lib/python3.12/site-packages/airflow/example_dags/example_task_group.py
[2025-02-25T20:27:38.106+0000] {processor.py:925} INFO - DAG(s) 'example_task_group' retrieved from /home/airflow/.local/lib/python3.12/site-packages/airflow/example_dags/example_task_group.py
[2025-02-25T20:27:38.197+0000] {logging_mixin.py:190} INFO - [2025-02-25T20:27:38.197+0000] {dag.py:3239} INFO - Sync 1 DAGs
[2025-02-25T20:27:38.255+0000] {logging_mixin.py:190} INFO - [2025-02-25T20:27:38.254+0000] {dag.py:4180} INFO - Setting next_dagrun for example_task_group to None, run_after=None
[2025-02-25T20:27:38.300+0000] {processor.py:208} INFO - Processing /home/airflow/.local/lib/python3.12/site-packages/airflow/example_dags/example_task_group.py took 0.253 seconds
[2025-02-25T20:28:09.209+0000] {processor.py:186} INFO - Started process (PID=3812) to work on /home/airflow/.local/lib/python3.12/site-packages/airflow/example_dags/example_task_group.py
[2025-02-25T20:28:09.211+0000] {processor.py:914} INFO - Processing file /home/airflow/.local/lib/python3.12/site-packages/airflow/example_dags/example_task_group.py for tasks to queue
[2025-02-25T20:28:09.216+0000] {logging_mixin.py:190} INFO - [2025-02-25T20:28:09.215+0000] {dagbag.py:588} INFO - Filling up the DagBag from /home/airflow/.local/lib/python3.12/site-packages/airflow/example_dags/example_task_group.py
[2025-02-25T20:28:09.235+0000] {processor.py:925} INFO - DAG(s) 'example_task_group' retrieved from /home/airflow/.local/lib/python3.12/site-packages/airflow/example_dags/example_task_group.py
[2025-02-25T20:28:09.296+0000] {logging_mixin.py:190} INFO - [2025-02-25T20:28:09.296+0000] {dag.py:3239} INFO - Sync 1 DAGs
[2025-02-25T20:28:09.334+0000] {logging_mixin.py:190} INFO - [2025-02-25T20:28:09.333+0000] {dag.py:4180} INFO - Setting next_dagrun for example_task_group to None, run_after=None
[2025-02-25T20:28:09.384+0000] {processor.py:208} INFO - Processing /home/airflow/.local/lib/python3.12/site-packages/airflow/example_dags/example_task_group.py took 0.189 seconds
[2025-02-25T20:28:39.797+0000] {processor.py:186} INFO - Started process (PID=3875) to work on /home/airflow/.local/lib/python3.12/site-packages/airflow/example_dags/example_task_group.py
[2025-02-25T20:28:39.799+0000] {processor.py:914} INFO - Processing file /home/airflow/.local/lib/python3.12/site-packages/airflow/example_dags/example_task_group.py for tasks to queue
[2025-02-25T20:28:39.806+0000] {logging_mixin.py:190} INFO - [2025-02-25T20:28:39.805+0000] {dagbag.py:588} INFO - Filling up the DagBag from /home/airflow/.local/lib/python3.12/site-packages/airflow/example_dags/example_task_group.py
[2025-02-25T20:28:39.827+0000] {processor.py:925} INFO - DAG(s) 'example_task_group' retrieved from /home/airflow/.local/lib/python3.12/site-packages/airflow/example_dags/example_task_group.py
[2025-02-25T20:28:39.885+0000] {logging_mixin.py:190} INFO - [2025-02-25T20:28:39.884+0000] {dag.py:3239} INFO - Sync 1 DAGs
[2025-02-25T20:28:39.930+0000] {logging_mixin.py:190} INFO - [2025-02-25T20:28:39.929+0000] {dag.py:4180} INFO - Setting next_dagrun for example_task_group to None, run_after=None
[2025-02-25T20:28:40.003+0000] {processor.py:208} INFO - Processing /home/airflow/.local/lib/python3.12/site-packages/airflow/example_dags/example_task_group.py took 0.223 seconds
[2025-02-25T20:29:10.963+0000] {processor.py:186} INFO - Started process (PID=3938) to work on /home/airflow/.local/lib/python3.12/site-packages/airflow/example_dags/example_task_group.py
[2025-02-25T20:29:10.966+0000] {processor.py:914} INFO - Processing file /home/airflow/.local/lib/python3.12/site-packages/airflow/example_dags/example_task_group.py for tasks to queue
[2025-02-25T20:29:10.981+0000] {logging_mixin.py:190} INFO - [2025-02-25T20:29:10.977+0000] {dagbag.py:588} INFO - Filling up the DagBag from /home/airflow/.local/lib/python3.12/site-packages/airflow/example_dags/example_task_group.py
[2025-02-25T20:29:11.035+0000] {processor.py:925} INFO - DAG(s) 'example_task_group' retrieved from /home/airflow/.local/lib/python3.12/site-packages/airflow/example_dags/example_task_group.py
[2025-02-25T20:29:11.170+0000] {logging_mixin.py:190} INFO - [2025-02-25T20:29:11.169+0000] {dag.py:3239} INFO - Sync 1 DAGs
[2025-02-25T20:29:11.498+0000] {logging_mixin.py:190} INFO - [2025-02-25T20:29:11.498+0000] {dag.py:4180} INFO - Setting next_dagrun for example_task_group to None, run_after=None
[2025-02-25T20:29:11.544+0000] {processor.py:208} INFO - Processing /home/airflow/.local/lib/python3.12/site-packages/airflow/example_dags/example_task_group.py took 0.598 seconds
[2025-02-25T20:29:44.743+0000] {processor.py:186} INFO - Started process (PID=4001) to work on /home/airflow/.local/lib/python3.12/site-packages/airflow/example_dags/example_task_group.py
[2025-02-25T20:29:44.746+0000] {processor.py:914} INFO - Processing file /home/airflow/.local/lib/python3.12/site-packages/airflow/example_dags/example_task_group.py for tasks to queue
[2025-02-25T20:29:44.753+0000] {logging_mixin.py:190} INFO - [2025-02-25T20:29:44.752+0000] {dagbag.py:588} INFO - Filling up the DagBag from /home/airflow/.local/lib/python3.12/site-packages/airflow/example_dags/example_task_group.py
[2025-02-25T20:29:44.779+0000] {processor.py:925} INFO - DAG(s) 'example_task_group' retrieved from /home/airflow/.local/lib/python3.12/site-packages/airflow/example_dags/example_task_group.py
[2025-02-25T20:29:44.853+0000] {logging_mixin.py:190} INFO - [2025-02-25T20:29:44.853+0000] {dag.py:3239} INFO - Sync 1 DAGs
[2025-02-25T20:29:44.896+0000] {logging_mixin.py:190} INFO - [2025-02-25T20:29:44.896+0000] {dag.py:4180} INFO - Setting next_dagrun for example_task_group to None, run_after=None
[2025-02-25T20:29:45.249+0000] {processor.py:208} INFO - Processing /home/airflow/.local/lib/python3.12/site-packages/airflow/example_dags/example_task_group.py took 0.524 seconds
[2025-02-25T20:30:15.789+0000] {processor.py:186} INFO - Started process (PID=4064) to work on /home/airflow/.local/lib/python3.12/site-packages/airflow/example_dags/example_task_group.py
[2025-02-25T20:30:15.798+0000] {processor.py:914} INFO - Processing file /home/airflow/.local/lib/python3.12/site-packages/airflow/example_dags/example_task_group.py for tasks to queue
[2025-02-25T20:30:15.817+0000] {logging_mixin.py:190} INFO - [2025-02-25T20:30:15.813+0000] {dagbag.py:588} INFO - Filling up the DagBag from /home/airflow/.local/lib/python3.12/site-packages/airflow/example_dags/example_task_group.py
[2025-02-25T20:30:15.855+0000] {processor.py:925} INFO - DAG(s) 'example_task_group' retrieved from /home/airflow/.local/lib/python3.12/site-packages/airflow/example_dags/example_task_group.py
[2025-02-25T20:30:15.926+0000] {logging_mixin.py:190} INFO - [2025-02-25T20:30:15.925+0000] {dag.py:3239} INFO - Sync 1 DAGs
[2025-02-25T20:30:15.964+0000] {logging_mixin.py:190} INFO - [2025-02-25T20:30:15.964+0000] {dag.py:4180} INFO - Setting next_dagrun for example_task_group to None, run_after=None
[2025-02-25T20:30:16.005+0000] {processor.py:208} INFO - Processing /home/airflow/.local/lib/python3.12/site-packages/airflow/example_dags/example_task_group.py took 0.242 seconds
[2025-02-25T20:30:46.815+0000] {processor.py:186} INFO - Started process (PID=4126) to work on /home/airflow/.local/lib/python3.12/site-packages/airflow/example_dags/example_task_group.py
[2025-02-25T20:30:46.817+0000] {processor.py:914} INFO - Processing file /home/airflow/.local/lib/python3.12/site-packages/airflow/example_dags/example_task_group.py for tasks to queue
[2025-02-25T20:30:46.824+0000] {logging_mixin.py:190} INFO - [2025-02-25T20:30:46.823+0000] {dagbag.py:588} INFO - Filling up the DagBag from /home/airflow/.local/lib/python3.12/site-packages/airflow/example_dags/example_task_group.py
[2025-02-25T20:30:46.853+0000] {processor.py:925} INFO - DAG(s) 'example_task_group' retrieved from /home/airflow/.local/lib/python3.12/site-packages/airflow/example_dags/example_task_group.py
[2025-02-25T20:30:46.913+0000] {logging_mixin.py:190} INFO - [2025-02-25T20:30:46.912+0000] {dag.py:3239} INFO - Sync 1 DAGs
[2025-02-25T20:30:46.978+0000] {logging_mixin.py:190} INFO - [2025-02-25T20:30:46.977+0000] {dag.py:4180} INFO - Setting next_dagrun for example_task_group to None, run_after=None
[2025-02-25T20:30:47.042+0000] {processor.py:208} INFO - Processing /home/airflow/.local/lib/python3.12/site-packages/airflow/example_dags/example_task_group.py took 0.254 seconds
[2025-02-25T20:31:17.825+0000] {processor.py:186} INFO - Started process (PID=4188) to work on /home/airflow/.local/lib/python3.12/site-packages/airflow/example_dags/example_task_group.py
[2025-02-25T20:31:17.827+0000] {processor.py:914} INFO - Processing file /home/airflow/.local/lib/python3.12/site-packages/airflow/example_dags/example_task_group.py for tasks to queue
[2025-02-25T20:31:17.840+0000] {logging_mixin.py:190} INFO - [2025-02-25T20:31:17.838+0000] {dagbag.py:588} INFO - Filling up the DagBag from /home/airflow/.local/lib/python3.12/site-packages/airflow/example_dags/example_task_group.py
[2025-02-25T20:31:17.875+0000] {processor.py:925} INFO - DAG(s) 'example_task_group' retrieved from /home/airflow/.local/lib/python3.12/site-packages/airflow/example_dags/example_task_group.py
[2025-02-25T20:31:17.928+0000] {logging_mixin.py:190} INFO - [2025-02-25T20:31:17.927+0000] {dag.py:3239} INFO - Sync 1 DAGs
[2025-02-25T20:31:17.961+0000] {logging_mixin.py:190} INFO - [2025-02-25T20:31:17.960+0000] {dag.py:4180} INFO - Setting next_dagrun for example_task_group to None, run_after=None
[2025-02-25T20:31:18.007+0000] {processor.py:208} INFO - Processing /home/airflow/.local/lib/python3.12/site-packages/airflow/example_dags/example_task_group.py took 0.206 seconds
[2025-02-25T20:31:48.852+0000] {processor.py:186} INFO - Started process (PID=4252) to work on /home/airflow/.local/lib/python3.12/site-packages/airflow/example_dags/example_task_group.py
[2025-02-25T20:31:48.854+0000] {processor.py:914} INFO - Processing file /home/airflow/.local/lib/python3.12/site-packages/airflow/example_dags/example_task_group.py for tasks to queue
[2025-02-25T20:31:48.859+0000] {logging_mixin.py:190} INFO - [2025-02-25T20:31:48.858+0000] {dagbag.py:588} INFO - Filling up the DagBag from /home/airflow/.local/lib/python3.12/site-packages/airflow/example_dags/example_task_group.py
[2025-02-25T20:31:48.879+0000] {processor.py:925} INFO - DAG(s) 'example_task_group' retrieved from /home/airflow/.local/lib/python3.12/site-packages/airflow/example_dags/example_task_group.py
[2025-02-25T20:31:48.969+0000] {logging_mixin.py:190} INFO - [2025-02-25T20:31:48.968+0000] {dag.py:3239} INFO - Sync 1 DAGs
[2025-02-25T20:31:49.051+0000] {logging_mixin.py:190} INFO - [2025-02-25T20:31:49.050+0000] {dag.py:4180} INFO - Setting next_dagrun for example_task_group to None, run_after=None
[2025-02-25T20:31:49.166+0000] {processor.py:208} INFO - Processing /home/airflow/.local/lib/python3.12/site-packages/airflow/example_dags/example_task_group.py took 0.328 seconds
[2025-02-25T20:32:20.117+0000] {processor.py:186} INFO - Started process (PID=4314) to work on /home/airflow/.local/lib/python3.12/site-packages/airflow/example_dags/example_task_group.py
[2025-02-25T20:32:20.121+0000] {processor.py:914} INFO - Processing file /home/airflow/.local/lib/python3.12/site-packages/airflow/example_dags/example_task_group.py for tasks to queue
[2025-02-25T20:32:20.132+0000] {logging_mixin.py:190} INFO - [2025-02-25T20:32:20.131+0000] {dagbag.py:588} INFO - Filling up the DagBag from /home/airflow/.local/lib/python3.12/site-packages/airflow/example_dags/example_task_group.py
[2025-02-25T20:32:20.177+0000] {processor.py:925} INFO - DAG(s) 'example_task_group' retrieved from /home/airflow/.local/lib/python3.12/site-packages/airflow/example_dags/example_task_group.py
[2025-02-25T20:32:20.273+0000] {logging_mixin.py:190} INFO - [2025-02-25T20:32:20.272+0000] {dag.py:3239} INFO - Sync 1 DAGs
[2025-02-25T20:32:20.447+0000] {logging_mixin.py:190} INFO - [2025-02-25T20:32:20.446+0000] {dag.py:4180} INFO - Setting next_dagrun for example_task_group to None, run_after=None
[2025-02-25T20:32:20.502+0000] {processor.py:208} INFO - Processing /home/airflow/.local/lib/python3.12/site-packages/airflow/example_dags/example_task_group.py took 0.413 seconds
[2025-02-25T20:32:51.361+0000] {processor.py:186} INFO - Started process (PID=4377) to work on /home/airflow/.local/lib/python3.12/site-packages/airflow/example_dags/example_task_group.py
[2025-02-25T20:32:51.367+0000] {processor.py:914} INFO - Processing file /home/airflow/.local/lib/python3.12/site-packages/airflow/example_dags/example_task_group.py for tasks to queue
[2025-02-25T20:32:51.380+0000] {logging_mixin.py:190} INFO - [2025-02-25T20:32:51.378+0000] {dagbag.py:588} INFO - Filling up the DagBag from /home/airflow/.local/lib/python3.12/site-packages/airflow/example_dags/example_task_group.py
[2025-02-25T20:32:51.422+0000] {processor.py:925} INFO - DAG(s) 'example_task_group' retrieved from /home/airflow/.local/lib/python3.12/site-packages/airflow/example_dags/example_task_group.py
[2025-02-25T20:32:51.522+0000] {logging_mixin.py:190} INFO - [2025-02-25T20:32:51.521+0000] {dag.py:3239} INFO - Sync 1 DAGs
[2025-02-25T20:32:51.591+0000] {logging_mixin.py:190} INFO - [2025-02-25T20:32:51.590+0000] {dag.py:4180} INFO - Setting next_dagrun for example_task_group to None, run_after=None
[2025-02-25T20:32:51.686+0000] {processor.py:208} INFO - Processing /home/airflow/.local/lib/python3.12/site-packages/airflow/example_dags/example_task_group.py took 0.351 seconds
[2025-02-25T20:33:22.153+0000] {processor.py:186} INFO - Started process (PID=4441) to work on /home/airflow/.local/lib/python3.12/site-packages/airflow/example_dags/example_task_group.py
[2025-02-25T20:33:22.155+0000] {processor.py:914} INFO - Processing file /home/airflow/.local/lib/python3.12/site-packages/airflow/example_dags/example_task_group.py for tasks to queue
[2025-02-25T20:33:22.160+0000] {logging_mixin.py:190} INFO - [2025-02-25T20:33:22.159+0000] {dagbag.py:588} INFO - Filling up the DagBag from /home/airflow/.local/lib/python3.12/site-packages/airflow/example_dags/example_task_group.py
[2025-02-25T20:33:22.178+0000] {processor.py:925} INFO - DAG(s) 'example_task_group' retrieved from /home/airflow/.local/lib/python3.12/site-packages/airflow/example_dags/example_task_group.py
[2025-02-25T20:33:22.219+0000] {logging_mixin.py:190} INFO - [2025-02-25T20:33:22.219+0000] {dag.py:3239} INFO - Sync 1 DAGs
[2025-02-25T20:33:22.255+0000] {logging_mixin.py:190} INFO - [2025-02-25T20:33:22.255+0000] {dag.py:4180} INFO - Setting next_dagrun for example_task_group to None, run_after=None
[2025-02-25T20:33:22.300+0000] {processor.py:208} INFO - Processing /home/airflow/.local/lib/python3.12/site-packages/airflow/example_dags/example_task_group.py took 0.159 seconds
[2025-02-25T20:33:53.000+0000] {processor.py:186} INFO - Started process (PID=4504) to work on /home/airflow/.local/lib/python3.12/site-packages/airflow/example_dags/example_task_group.py
[2025-02-25T20:33:53.003+0000] {processor.py:914} INFO - Processing file /home/airflow/.local/lib/python3.12/site-packages/airflow/example_dags/example_task_group.py for tasks to queue
[2025-02-25T20:33:53.009+0000] {logging_mixin.py:190} INFO - [2025-02-25T20:33:53.008+0000] {dagbag.py:588} INFO - Filling up the DagBag from /home/airflow/.local/lib/python3.12/site-packages/airflow/example_dags/example_task_group.py
[2025-02-25T20:33:53.036+0000] {processor.py:925} INFO - DAG(s) 'example_task_group' retrieved from /home/airflow/.local/lib/python3.12/site-packages/airflow/example_dags/example_task_group.py
[2025-02-25T20:33:53.101+0000] {logging_mixin.py:190} INFO - [2025-02-25T20:33:53.100+0000] {dag.py:3239} INFO - Sync 1 DAGs
[2025-02-25T20:33:53.146+0000] {logging_mixin.py:190} INFO - [2025-02-25T20:33:53.145+0000] {dag.py:4180} INFO - Setting next_dagrun for example_task_group to None, run_after=None
[2025-02-25T20:33:53.202+0000] {processor.py:208} INFO - Processing /home/airflow/.local/lib/python3.12/site-packages/airflow/example_dags/example_task_group.py took 0.219 seconds
[2025-02-25T20:34:23.324+0000] {processor.py:186} INFO - Started process (PID=4566) to work on /home/airflow/.local/lib/python3.12/site-packages/airflow/example_dags/example_task_group.py
[2025-02-25T20:34:23.325+0000] {processor.py:914} INFO - Processing file /home/airflow/.local/lib/python3.12/site-packages/airflow/example_dags/example_task_group.py for tasks to queue
[2025-02-25T20:34:23.330+0000] {logging_mixin.py:190} INFO - [2025-02-25T20:34:23.329+0000] {dagbag.py:588} INFO - Filling up the DagBag from /home/airflow/.local/lib/python3.12/site-packages/airflow/example_dags/example_task_group.py
[2025-02-25T20:34:23.346+0000] {processor.py:925} INFO - DAG(s) 'example_task_group' retrieved from /home/airflow/.local/lib/python3.12/site-packages/airflow/example_dags/example_task_group.py
[2025-02-25T20:34:23.382+0000] {logging_mixin.py:190} INFO - [2025-02-25T20:34:23.381+0000] {dag.py:3239} INFO - Sync 1 DAGs
[2025-02-25T20:34:23.408+0000] {logging_mixin.py:190} INFO - [2025-02-25T20:34:23.408+0000] {dag.py:4180} INFO - Setting next_dagrun for example_task_group to None, run_after=None
[2025-02-25T20:34:23.456+0000] {processor.py:208} INFO - Processing /home/airflow/.local/lib/python3.12/site-packages/airflow/example_dags/example_task_group.py took 0.143 seconds
[2025-02-25T20:42:38.864+0000] {processor.py:186} INFO - Started process (PID=4653) to work on /home/airflow/.local/lib/python3.12/site-packages/airflow/example_dags/example_task_group.py
[2025-02-25T20:42:38.866+0000] {processor.py:914} INFO - Processing file /home/airflow/.local/lib/python3.12/site-packages/airflow/example_dags/example_task_group.py for tasks to queue
[2025-02-25T20:42:38.870+0000] {logging_mixin.py:190} INFO - [2025-02-25T20:42:38.869+0000] {dagbag.py:588} INFO - Filling up the DagBag from /home/airflow/.local/lib/python3.12/site-packages/airflow/example_dags/example_task_group.py
[2025-02-25T20:42:38.887+0000] {processor.py:925} INFO - DAG(s) 'example_task_group' retrieved from /home/airflow/.local/lib/python3.12/site-packages/airflow/example_dags/example_task_group.py
[2025-02-25T20:42:38.939+0000] {logging_mixin.py:190} INFO - [2025-02-25T20:42:38.938+0000] {dag.py:3239} INFO - Sync 1 DAGs
[2025-02-25T20:42:38.970+0000] {logging_mixin.py:190} INFO - [2025-02-25T20:42:38.969+0000] {dag.py:4180} INFO - Setting next_dagrun for example_task_group to None, run_after=None
[2025-02-25T20:42:39.012+0000] {processor.py:208} INFO - Processing /home/airflow/.local/lib/python3.12/site-packages/airflow/example_dags/example_task_group.py took 0.159 seconds
[2025-02-25T20:43:09.748+0000] {processor.py:186} INFO - Started process (PID=4717) to work on /home/airflow/.local/lib/python3.12/site-packages/airflow/example_dags/example_task_group.py
[2025-02-25T20:43:09.754+0000] {processor.py:914} INFO - Processing file /home/airflow/.local/lib/python3.12/site-packages/airflow/example_dags/example_task_group.py for tasks to queue
[2025-02-25T20:43:09.761+0000] {logging_mixin.py:190} INFO - [2025-02-25T20:43:09.760+0000] {dagbag.py:588} INFO - Filling up the DagBag from /home/airflow/.local/lib/python3.12/site-packages/airflow/example_dags/example_task_group.py
[2025-02-25T20:43:09.789+0000] {processor.py:925} INFO - DAG(s) 'example_task_group' retrieved from /home/airflow/.local/lib/python3.12/site-packages/airflow/example_dags/example_task_group.py
[2025-02-25T20:43:09.840+0000] {logging_mixin.py:190} INFO - [2025-02-25T20:43:09.839+0000] {dag.py:3239} INFO - Sync 1 DAGs
[2025-02-25T20:43:09.869+0000] {logging_mixin.py:190} INFO - [2025-02-25T20:43:09.869+0000] {dag.py:4180} INFO - Setting next_dagrun for example_task_group to None, run_after=None
[2025-02-25T20:43:09.905+0000] {processor.py:208} INFO - Processing /home/airflow/.local/lib/python3.12/site-packages/airflow/example_dags/example_task_group.py took 0.180 seconds
[2025-02-25T20:43:40.364+0000] {processor.py:186} INFO - Started process (PID=4779) to work on /home/airflow/.local/lib/python3.12/site-packages/airflow/example_dags/example_task_group.py
[2025-02-25T20:43:40.367+0000] {processor.py:914} INFO - Processing file /home/airflow/.local/lib/python3.12/site-packages/airflow/example_dags/example_task_group.py for tasks to queue
[2025-02-25T20:43:40.371+0000] {logging_mixin.py:190} INFO - [2025-02-25T20:43:40.370+0000] {dagbag.py:588} INFO - Filling up the DagBag from /home/airflow/.local/lib/python3.12/site-packages/airflow/example_dags/example_task_group.py
[2025-02-25T20:43:40.386+0000] {processor.py:925} INFO - DAG(s) 'example_task_group' retrieved from /home/airflow/.local/lib/python3.12/site-packages/airflow/example_dags/example_task_group.py
[2025-02-25T20:43:40.424+0000] {logging_mixin.py:190} INFO - [2025-02-25T20:43:40.423+0000] {dag.py:3239} INFO - Sync 1 DAGs
[2025-02-25T20:43:40.450+0000] {logging_mixin.py:190} INFO - [2025-02-25T20:43:40.450+0000] {dag.py:4180} INFO - Setting next_dagrun for example_task_group to None, run_after=None
[2025-02-25T20:43:40.490+0000] {processor.py:208} INFO - Processing /home/airflow/.local/lib/python3.12/site-packages/airflow/example_dags/example_task_group.py took 0.137 seconds
