[2025-02-25T18:51:33.655+0000] {processor.py:186} INFO - Started process (PID=126) to work on /home/airflow/.local/lib/python3.12/site-packages/airflow/example_dags/tutorial.py
[2025-02-25T18:51:33.675+0000] {processor.py:914} INFO - Processing file /home/airflow/.local/lib/python3.12/site-packages/airflow/example_dags/tutorial.py for tasks to queue
[2025-02-25T18:51:33.679+0000] {logging_mixin.py:190} INFO - [2025-02-25T18:51:33.678+0000] {dagbag.py:588} INFO - Filling up the DagBag from /home/airflow/.local/lib/python3.12/site-packages/airflow/example_dags/tutorial.py
[2025-02-25T18:51:33.720+0000] {processor.py:925} INFO - DAG(s) 'tutorial' retrieved from /home/airflow/.local/lib/python3.12/site-packages/airflow/example_dags/tutorial.py
[2025-02-25T18:51:33.846+0000] {logging_mixin.py:190} INFO - [2025-02-25T18:51:33.845+0000] {dag.py:3239} INFO - Sync 1 DAGs
[2025-02-25T18:51:34.883+0000] {logging_mixin.py:190} INFO - [2025-02-25T18:51:34.882+0000] {dag.py:4180} INFO - Setting next_dagrun for tutorial to 2025-02-24 00:00:00+00:00, run_after=2025-02-25 00:00:00+00:00
[2025-02-25T18:51:40.989+0000] {processor.py:208} INFO - Processing /home/airflow/.local/lib/python3.12/site-packages/airflow/example_dags/tutorial.py took 7.344 seconds
[2025-02-25T19:19:53.943+0000] {processor.py:186} INFO - Started process (PID=405) to work on /home/airflow/.local/lib/python3.12/site-packages/airflow/example_dags/tutorial.py
[2025-02-25T19:19:54.003+0000] {processor.py:914} INFO - Processing file /home/airflow/.local/lib/python3.12/site-packages/airflow/example_dags/tutorial.py for tasks to queue
[2025-02-25T19:19:54.005+0000] {logging_mixin.py:190} INFO - [2025-02-25T19:19:54.005+0000] {dagbag.py:588} INFO - Filling up the DagBag from /home/airflow/.local/lib/python3.12/site-packages/airflow/example_dags/tutorial.py
[2025-02-25T19:19:54.408+0000] {processor.py:925} INFO - DAG(s) 'tutorial' retrieved from /home/airflow/.local/lib/python3.12/site-packages/airflow/example_dags/tutorial.py
[2025-02-25T19:19:57.358+0000] {logging_mixin.py:190} INFO - [2025-02-25T19:19:57.358+0000] {dag.py:3239} INFO - Sync 1 DAGs
[2025-02-25T19:19:59.995+0000] {logging_mixin.py:190} INFO - [2025-02-25T19:19:59.992+0000] {dag.py:4180} INFO - Setting next_dagrun for tutorial to 2025-02-24 00:00:00+00:00, run_after=2025-02-25 00:00:00+00:00
[2025-02-25T19:20:02.403+0000] {processor.py:208} INFO - Processing /home/airflow/.local/lib/python3.12/site-packages/airflow/example_dags/tutorial.py took 8.161 seconds
[2025-02-25T19:58:06.941+0000] {processor.py:186} INFO - Started process (PID=112) to work on /home/airflow/.local/lib/python3.12/site-packages/airflow/example_dags/tutorial.py
[2025-02-25T19:58:06.942+0000] {processor.py:914} INFO - Processing file /home/airflow/.local/lib/python3.12/site-packages/airflow/example_dags/tutorial.py for tasks to queue
[2025-02-25T19:58:06.947+0000] {logging_mixin.py:190} INFO - [2025-02-25T19:58:06.946+0000] {dagbag.py:588} INFO - Filling up the DagBag from /home/airflow/.local/lib/python3.12/site-packages/airflow/example_dags/tutorial.py
[2025-02-25T19:58:06.966+0000] {processor.py:925} INFO - DAG(s) 'tutorial' retrieved from /home/airflow/.local/lib/python3.12/site-packages/airflow/example_dags/tutorial.py
[2025-02-25T19:58:07.147+0000] {logging_mixin.py:190} INFO - [2025-02-25T19:58:07.146+0000] {override.py:1912} INFO - Created Permission View: can edit on DAG:tutorial
[2025-02-25T19:58:07.173+0000] {logging_mixin.py:190} INFO - [2025-02-25T19:58:07.172+0000] {override.py:1912} INFO - Created Permission View: can delete on DAG:tutorial
[2025-02-25T19:58:07.186+0000] {logging_mixin.py:190} INFO - [2025-02-25T19:58:07.185+0000] {override.py:1912} INFO - Created Permission View: can read on DAG:tutorial
[2025-02-25T19:58:07.200+0000] {logging_mixin.py:190} INFO - [2025-02-25T19:58:07.200+0000] {override.py:1912} INFO - Created Permission View: can delete on DAG Run:tutorial
[2025-02-25T19:58:07.215+0000] {logging_mixin.py:190} INFO - [2025-02-25T19:58:07.213+0000] {override.py:1912} INFO - Created Permission View: menu access on DAG Run:tutorial
[2025-02-25T19:58:07.235+0000] {logging_mixin.py:190} INFO - [2025-02-25T19:58:07.234+0000] {override.py:1912} INFO - Created Permission View: can create on DAG Run:tutorial
[2025-02-25T19:58:07.248+0000] {logging_mixin.py:190} INFO - [2025-02-25T19:58:07.248+0000] {override.py:1912} INFO - Created Permission View: can read on DAG Run:tutorial
[2025-02-25T19:58:07.250+0000] {logging_mixin.py:190} INFO - [2025-02-25T19:58:07.250+0000] {dag.py:3239} INFO - Sync 1 DAGs
[2025-02-25T19:58:07.273+0000] {logging_mixin.py:190} INFO - [2025-02-25T19:58:07.272+0000] {dag.py:3262} INFO - Creating ORM DAG for tutorial
[2025-02-25T19:58:07.293+0000] {logging_mixin.py:190} INFO - [2025-02-25T19:58:07.292+0000] {dag.py:4180} INFO - Setting next_dagrun for tutorial to 2025-02-24 00:00:00+00:00, run_after=2025-02-25 00:00:00+00:00
[2025-02-25T19:58:07.346+0000] {processor.py:208} INFO - Processing /home/airflow/.local/lib/python3.12/site-packages/airflow/example_dags/tutorial.py took 0.419 seconds
[2025-02-25T19:58:37.958+0000] {processor.py:186} INFO - Started process (PID=176) to work on /home/airflow/.local/lib/python3.12/site-packages/airflow/example_dags/tutorial.py
[2025-02-25T19:58:37.960+0000] {processor.py:914} INFO - Processing file /home/airflow/.local/lib/python3.12/site-packages/airflow/example_dags/tutorial.py for tasks to queue
[2025-02-25T19:58:37.963+0000] {logging_mixin.py:190} INFO - [2025-02-25T19:58:37.962+0000] {dagbag.py:588} INFO - Filling up the DagBag from /home/airflow/.local/lib/python3.12/site-packages/airflow/example_dags/tutorial.py
[2025-02-25T19:58:37.978+0000] {processor.py:925} INFO - DAG(s) 'tutorial' retrieved from /home/airflow/.local/lib/python3.12/site-packages/airflow/example_dags/tutorial.py
[2025-02-25T19:58:38.007+0000] {logging_mixin.py:190} INFO - [2025-02-25T19:58:38.006+0000] {dag.py:3239} INFO - Sync 1 DAGs
[2025-02-25T19:58:38.038+0000] {logging_mixin.py:190} INFO - [2025-02-25T19:58:38.038+0000] {dag.py:4180} INFO - Setting next_dagrun for tutorial to 2025-02-24 00:00:00+00:00, run_after=2025-02-25 00:00:00+00:00
[2025-02-25T19:58:38.064+0000] {processor.py:208} INFO - Processing /home/airflow/.local/lib/python3.12/site-packages/airflow/example_dags/tutorial.py took 0.113 seconds
[2025-02-25T19:59:08.856+0000] {processor.py:186} INFO - Started process (PID=239) to work on /home/airflow/.local/lib/python3.12/site-packages/airflow/example_dags/tutorial.py
[2025-02-25T19:59:08.857+0000] {processor.py:914} INFO - Processing file /home/airflow/.local/lib/python3.12/site-packages/airflow/example_dags/tutorial.py for tasks to queue
[2025-02-25T19:59:08.862+0000] {logging_mixin.py:190} INFO - [2025-02-25T19:59:08.861+0000] {dagbag.py:588} INFO - Filling up the DagBag from /home/airflow/.local/lib/python3.12/site-packages/airflow/example_dags/tutorial.py
[2025-02-25T19:59:08.878+0000] {processor.py:925} INFO - DAG(s) 'tutorial' retrieved from /home/airflow/.local/lib/python3.12/site-packages/airflow/example_dags/tutorial.py
[2025-02-25T19:59:08.920+0000] {logging_mixin.py:190} INFO - [2025-02-25T19:59:08.919+0000] {dag.py:3239} INFO - Sync 1 DAGs
[2025-02-25T19:59:08.967+0000] {logging_mixin.py:190} INFO - [2025-02-25T19:59:08.967+0000] {dag.py:4180} INFO - Setting next_dagrun for tutorial to 2025-02-24 00:00:00+00:00, run_after=2025-02-25 00:00:00+00:00
[2025-02-25T19:59:08.996+0000] {processor.py:208} INFO - Processing /home/airflow/.local/lib/python3.12/site-packages/airflow/example_dags/tutorial.py took 0.151 seconds
[2025-02-25T19:59:39.107+0000] {processor.py:186} INFO - Started process (PID=301) to work on /home/airflow/.local/lib/python3.12/site-packages/airflow/example_dags/tutorial.py
[2025-02-25T19:59:39.108+0000] {processor.py:914} INFO - Processing file /home/airflow/.local/lib/python3.12/site-packages/airflow/example_dags/tutorial.py for tasks to queue
[2025-02-25T19:59:39.111+0000] {logging_mixin.py:190} INFO - [2025-02-25T19:59:39.110+0000] {dagbag.py:588} INFO - Filling up the DagBag from /home/airflow/.local/lib/python3.12/site-packages/airflow/example_dags/tutorial.py
[2025-02-25T19:59:39.120+0000] {processor.py:925} INFO - DAG(s) 'tutorial' retrieved from /home/airflow/.local/lib/python3.12/site-packages/airflow/example_dags/tutorial.py
[2025-02-25T19:59:39.143+0000] {logging_mixin.py:190} INFO - [2025-02-25T19:59:39.142+0000] {dag.py:3239} INFO - Sync 1 DAGs
[2025-02-25T19:59:39.171+0000] {logging_mixin.py:190} INFO - [2025-02-25T19:59:39.171+0000] {dag.py:4180} INFO - Setting next_dagrun for tutorial to 2025-02-24 00:00:00+00:00, run_after=2025-02-25 00:00:00+00:00
[2025-02-25T19:59:39.195+0000] {processor.py:208} INFO - Processing /home/airflow/.local/lib/python3.12/site-packages/airflow/example_dags/tutorial.py took 0.095 seconds
[2025-02-25T20:00:09.761+0000] {processor.py:186} INFO - Started process (PID=364) to work on /home/airflow/.local/lib/python3.12/site-packages/airflow/example_dags/tutorial.py
[2025-02-25T20:00:09.762+0000] {processor.py:914} INFO - Processing file /home/airflow/.local/lib/python3.12/site-packages/airflow/example_dags/tutorial.py for tasks to queue
[2025-02-25T20:00:09.765+0000] {logging_mixin.py:190} INFO - [2025-02-25T20:00:09.765+0000] {dagbag.py:588} INFO - Filling up the DagBag from /home/airflow/.local/lib/python3.12/site-packages/airflow/example_dags/tutorial.py
[2025-02-25T20:00:09.774+0000] {processor.py:925} INFO - DAG(s) 'tutorial' retrieved from /home/airflow/.local/lib/python3.12/site-packages/airflow/example_dags/tutorial.py
[2025-02-25T20:00:09.798+0000] {logging_mixin.py:190} INFO - [2025-02-25T20:00:09.797+0000] {dag.py:3239} INFO - Sync 1 DAGs
[2025-02-25T20:00:09.827+0000] {logging_mixin.py:190} INFO - [2025-02-25T20:00:09.827+0000] {dag.py:4180} INFO - Setting next_dagrun for tutorial to 2025-02-24 00:00:00+00:00, run_after=2025-02-25 00:00:00+00:00
[2025-02-25T20:00:09.858+0000] {processor.py:208} INFO - Processing /home/airflow/.local/lib/python3.12/site-packages/airflow/example_dags/tutorial.py took 0.103 seconds
[2025-02-25T20:00:40.187+0000] {processor.py:186} INFO - Started process (PID=427) to work on /home/airflow/.local/lib/python3.12/site-packages/airflow/example_dags/tutorial.py
[2025-02-25T20:00:40.189+0000] {processor.py:914} INFO - Processing file /home/airflow/.local/lib/python3.12/site-packages/airflow/example_dags/tutorial.py for tasks to queue
[2025-02-25T20:00:40.192+0000] {logging_mixin.py:190} INFO - [2025-02-25T20:00:40.191+0000] {dagbag.py:588} INFO - Filling up the DagBag from /home/airflow/.local/lib/python3.12/site-packages/airflow/example_dags/tutorial.py
[2025-02-25T20:00:40.203+0000] {processor.py:925} INFO - DAG(s) 'tutorial' retrieved from /home/airflow/.local/lib/python3.12/site-packages/airflow/example_dags/tutorial.py
[2025-02-25T20:00:40.226+0000] {logging_mixin.py:190} INFO - [2025-02-25T20:00:40.226+0000] {dag.py:3239} INFO - Sync 1 DAGs
[2025-02-25T20:00:40.257+0000] {logging_mixin.py:190} INFO - [2025-02-25T20:00:40.256+0000] {dag.py:4180} INFO - Setting next_dagrun for tutorial to 2025-02-24 00:00:00+00:00, run_after=2025-02-25 00:00:00+00:00
[2025-02-25T20:00:40.282+0000] {processor.py:208} INFO - Processing /home/airflow/.local/lib/python3.12/site-packages/airflow/example_dags/tutorial.py took 0.102 seconds
[2025-02-25T20:01:11.034+0000] {processor.py:186} INFO - Started process (PID=490) to work on /home/airflow/.local/lib/python3.12/site-packages/airflow/example_dags/tutorial.py
[2025-02-25T20:01:11.035+0000] {processor.py:914} INFO - Processing file /home/airflow/.local/lib/python3.12/site-packages/airflow/example_dags/tutorial.py for tasks to queue
[2025-02-25T20:01:11.040+0000] {logging_mixin.py:190} INFO - [2025-02-25T20:01:11.039+0000] {dagbag.py:588} INFO - Filling up the DagBag from /home/airflow/.local/lib/python3.12/site-packages/airflow/example_dags/tutorial.py
[2025-02-25T20:01:11.049+0000] {processor.py:925} INFO - DAG(s) 'tutorial' retrieved from /home/airflow/.local/lib/python3.12/site-packages/airflow/example_dags/tutorial.py
[2025-02-25T20:01:11.074+0000] {logging_mixin.py:190} INFO - [2025-02-25T20:01:11.074+0000] {dag.py:3239} INFO - Sync 1 DAGs
[2025-02-25T20:01:11.101+0000] {logging_mixin.py:190} INFO - [2025-02-25T20:01:11.101+0000] {dag.py:4180} INFO - Setting next_dagrun for tutorial to 2025-02-24 00:00:00+00:00, run_after=2025-02-25 00:00:00+00:00
[2025-02-25T20:01:11.127+0000] {processor.py:208} INFO - Processing /home/airflow/.local/lib/python3.12/site-packages/airflow/example_dags/tutorial.py took 0.100 seconds
[2025-02-25T20:01:41.473+0000] {processor.py:186} INFO - Started process (PID=553) to work on /home/airflow/.local/lib/python3.12/site-packages/airflow/example_dags/tutorial.py
[2025-02-25T20:01:41.474+0000] {processor.py:914} INFO - Processing file /home/airflow/.local/lib/python3.12/site-packages/airflow/example_dags/tutorial.py for tasks to queue
[2025-02-25T20:01:41.476+0000] {logging_mixin.py:190} INFO - [2025-02-25T20:01:41.476+0000] {dagbag.py:588} INFO - Filling up the DagBag from /home/airflow/.local/lib/python3.12/site-packages/airflow/example_dags/tutorial.py
[2025-02-25T20:01:41.485+0000] {processor.py:925} INFO - DAG(s) 'tutorial' retrieved from /home/airflow/.local/lib/python3.12/site-packages/airflow/example_dags/tutorial.py
[2025-02-25T20:01:41.510+0000] {logging_mixin.py:190} INFO - [2025-02-25T20:01:41.509+0000] {dag.py:3239} INFO - Sync 1 DAGs
[2025-02-25T20:01:41.538+0000] {logging_mixin.py:190} INFO - [2025-02-25T20:01:41.538+0000] {dag.py:4180} INFO - Setting next_dagrun for tutorial to 2025-02-24 00:00:00+00:00, run_after=2025-02-25 00:00:00+00:00
[2025-02-25T20:01:41.561+0000] {processor.py:208} INFO - Processing /home/airflow/.local/lib/python3.12/site-packages/airflow/example_dags/tutorial.py took 0.097 seconds
[2025-02-25T20:02:11.654+0000] {processor.py:186} INFO - Started process (PID=616) to work on /home/airflow/.local/lib/python3.12/site-packages/airflow/example_dags/tutorial.py
[2025-02-25T20:02:11.655+0000] {processor.py:914} INFO - Processing file /home/airflow/.local/lib/python3.12/site-packages/airflow/example_dags/tutorial.py for tasks to queue
[2025-02-25T20:02:11.658+0000] {logging_mixin.py:190} INFO - [2025-02-25T20:02:11.658+0000] {dagbag.py:588} INFO - Filling up the DagBag from /home/airflow/.local/lib/python3.12/site-packages/airflow/example_dags/tutorial.py
[2025-02-25T20:02:11.667+0000] {processor.py:925} INFO - DAG(s) 'tutorial' retrieved from /home/airflow/.local/lib/python3.12/site-packages/airflow/example_dags/tutorial.py
[2025-02-25T20:02:11.691+0000] {logging_mixin.py:190} INFO - [2025-02-25T20:02:11.690+0000] {dag.py:3239} INFO - Sync 1 DAGs
[2025-02-25T20:02:11.715+0000] {logging_mixin.py:190} INFO - [2025-02-25T20:02:11.715+0000] {dag.py:4180} INFO - Setting next_dagrun for tutorial to 2025-02-24 00:00:00+00:00, run_after=2025-02-25 00:00:00+00:00
[2025-02-25T20:02:11.735+0000] {processor.py:208} INFO - Processing /home/airflow/.local/lib/python3.12/site-packages/airflow/example_dags/tutorial.py took 0.087 seconds
[2025-02-25T20:02:42.010+0000] {processor.py:186} INFO - Started process (PID=679) to work on /home/airflow/.local/lib/python3.12/site-packages/airflow/example_dags/tutorial.py
[2025-02-25T20:02:42.012+0000] {processor.py:914} INFO - Processing file /home/airflow/.local/lib/python3.12/site-packages/airflow/example_dags/tutorial.py for tasks to queue
[2025-02-25T20:02:42.015+0000] {logging_mixin.py:190} INFO - [2025-02-25T20:02:42.014+0000] {dagbag.py:588} INFO - Filling up the DagBag from /home/airflow/.local/lib/python3.12/site-packages/airflow/example_dags/tutorial.py
[2025-02-25T20:02:42.024+0000] {processor.py:925} INFO - DAG(s) 'tutorial' retrieved from /home/airflow/.local/lib/python3.12/site-packages/airflow/example_dags/tutorial.py
[2025-02-25T20:02:42.048+0000] {logging_mixin.py:190} INFO - [2025-02-25T20:02:42.047+0000] {dag.py:3239} INFO - Sync 1 DAGs
[2025-02-25T20:02:42.074+0000] {logging_mixin.py:190} INFO - [2025-02-25T20:02:42.074+0000] {dag.py:4180} INFO - Setting next_dagrun for tutorial to 2025-02-24 00:00:00+00:00, run_after=2025-02-25 00:00:00+00:00
[2025-02-25T20:02:42.096+0000] {processor.py:208} INFO - Processing /home/airflow/.local/lib/python3.12/site-packages/airflow/example_dags/tutorial.py took 0.094 seconds
[2025-02-25T20:03:12.517+0000] {processor.py:186} INFO - Started process (PID=742) to work on /home/airflow/.local/lib/python3.12/site-packages/airflow/example_dags/tutorial.py
[2025-02-25T20:03:12.518+0000] {processor.py:914} INFO - Processing file /home/airflow/.local/lib/python3.12/site-packages/airflow/example_dags/tutorial.py for tasks to queue
[2025-02-25T20:03:12.521+0000] {logging_mixin.py:190} INFO - [2025-02-25T20:03:12.521+0000] {dagbag.py:588} INFO - Filling up the DagBag from /home/airflow/.local/lib/python3.12/site-packages/airflow/example_dags/tutorial.py
[2025-02-25T20:03:12.532+0000] {processor.py:925} INFO - DAG(s) 'tutorial' retrieved from /home/airflow/.local/lib/python3.12/site-packages/airflow/example_dags/tutorial.py
[2025-02-25T20:03:12.555+0000] {logging_mixin.py:190} INFO - [2025-02-25T20:03:12.555+0000] {dag.py:3239} INFO - Sync 1 DAGs
[2025-02-25T20:03:12.583+0000] {logging_mixin.py:190} INFO - [2025-02-25T20:03:12.582+0000] {dag.py:4180} INFO - Setting next_dagrun for tutorial to 2025-02-24 00:00:00+00:00, run_after=2025-02-25 00:00:00+00:00
[2025-02-25T20:03:12.604+0000] {processor.py:208} INFO - Processing /home/airflow/.local/lib/python3.12/site-packages/airflow/example_dags/tutorial.py took 0.095 seconds
[2025-02-25T20:03:43.003+0000] {processor.py:186} INFO - Started process (PID=805) to work on /home/airflow/.local/lib/python3.12/site-packages/airflow/example_dags/tutorial.py
[2025-02-25T20:03:43.004+0000] {processor.py:914} INFO - Processing file /home/airflow/.local/lib/python3.12/site-packages/airflow/example_dags/tutorial.py for tasks to queue
[2025-02-25T20:03:43.008+0000] {logging_mixin.py:190} INFO - [2025-02-25T20:03:43.007+0000] {dagbag.py:588} INFO - Filling up the DagBag from /home/airflow/.local/lib/python3.12/site-packages/airflow/example_dags/tutorial.py
[2025-02-25T20:03:43.016+0000] {processor.py:925} INFO - DAG(s) 'tutorial' retrieved from /home/airflow/.local/lib/python3.12/site-packages/airflow/example_dags/tutorial.py
[2025-02-25T20:03:43.041+0000] {logging_mixin.py:190} INFO - [2025-02-25T20:03:43.041+0000] {dag.py:3239} INFO - Sync 1 DAGs
[2025-02-25T20:03:43.071+0000] {logging_mixin.py:190} INFO - [2025-02-25T20:03:43.071+0000] {dag.py:4180} INFO - Setting next_dagrun for tutorial to 2025-02-24 00:00:00+00:00, run_after=2025-02-25 00:00:00+00:00
[2025-02-25T20:03:43.102+0000] {processor.py:208} INFO - Processing /home/airflow/.local/lib/python3.12/site-packages/airflow/example_dags/tutorial.py took 0.105 seconds
[2025-02-25T20:04:13.832+0000] {processor.py:186} INFO - Started process (PID=868) to work on /home/airflow/.local/lib/python3.12/site-packages/airflow/example_dags/tutorial.py
[2025-02-25T20:04:13.834+0000] {processor.py:914} INFO - Processing file /home/airflow/.local/lib/python3.12/site-packages/airflow/example_dags/tutorial.py for tasks to queue
[2025-02-25T20:04:13.837+0000] {logging_mixin.py:190} INFO - [2025-02-25T20:04:13.836+0000] {dagbag.py:588} INFO - Filling up the DagBag from /home/airflow/.local/lib/python3.12/site-packages/airflow/example_dags/tutorial.py
[2025-02-25T20:04:13.848+0000] {processor.py:925} INFO - DAG(s) 'tutorial' retrieved from /home/airflow/.local/lib/python3.12/site-packages/airflow/example_dags/tutorial.py
[2025-02-25T20:04:13.873+0000] {logging_mixin.py:190} INFO - [2025-02-25T20:04:13.873+0000] {dag.py:3239} INFO - Sync 1 DAGs
[2025-02-25T20:04:13.907+0000] {logging_mixin.py:190} INFO - [2025-02-25T20:04:13.907+0000] {dag.py:4180} INFO - Setting next_dagrun for tutorial to 2025-02-24 00:00:00+00:00, run_after=2025-02-25 00:00:00+00:00
[2025-02-25T20:04:13.947+0000] {processor.py:208} INFO - Processing /home/airflow/.local/lib/python3.12/site-packages/airflow/example_dags/tutorial.py took 0.122 seconds
[2025-02-25T20:04:44.247+0000] {processor.py:186} INFO - Started process (PID=932) to work on /home/airflow/.local/lib/python3.12/site-packages/airflow/example_dags/tutorial.py
[2025-02-25T20:04:44.248+0000] {processor.py:914} INFO - Processing file /home/airflow/.local/lib/python3.12/site-packages/airflow/example_dags/tutorial.py for tasks to queue
[2025-02-25T20:04:44.251+0000] {logging_mixin.py:190} INFO - [2025-02-25T20:04:44.251+0000] {dagbag.py:588} INFO - Filling up the DagBag from /home/airflow/.local/lib/python3.12/site-packages/airflow/example_dags/tutorial.py
[2025-02-25T20:04:44.262+0000] {processor.py:925} INFO - DAG(s) 'tutorial' retrieved from /home/airflow/.local/lib/python3.12/site-packages/airflow/example_dags/tutorial.py
[2025-02-25T20:04:44.285+0000] {logging_mixin.py:190} INFO - [2025-02-25T20:04:44.284+0000] {dag.py:3239} INFO - Sync 1 DAGs
[2025-02-25T20:04:44.311+0000] {logging_mixin.py:190} INFO - [2025-02-25T20:04:44.310+0000] {dag.py:4180} INFO - Setting next_dagrun for tutorial to 2025-02-24 00:00:00+00:00, run_after=2025-02-25 00:00:00+00:00
[2025-02-25T20:04:44.331+0000] {processor.py:208} INFO - Processing /home/airflow/.local/lib/python3.12/site-packages/airflow/example_dags/tutorial.py took 0.093 seconds
[2025-02-25T20:05:14.569+0000] {processor.py:186} INFO - Started process (PID=995) to work on /home/airflow/.local/lib/python3.12/site-packages/airflow/example_dags/tutorial.py
[2025-02-25T20:05:14.570+0000] {processor.py:914} INFO - Processing file /home/airflow/.local/lib/python3.12/site-packages/airflow/example_dags/tutorial.py for tasks to queue
[2025-02-25T20:05:14.573+0000] {logging_mixin.py:190} INFO - [2025-02-25T20:05:14.573+0000] {dagbag.py:588} INFO - Filling up the DagBag from /home/airflow/.local/lib/python3.12/site-packages/airflow/example_dags/tutorial.py
[2025-02-25T20:05:14.584+0000] {processor.py:925} INFO - DAG(s) 'tutorial' retrieved from /home/airflow/.local/lib/python3.12/site-packages/airflow/example_dags/tutorial.py
[2025-02-25T20:05:14.606+0000] {logging_mixin.py:190} INFO - [2025-02-25T20:05:14.606+0000] {dag.py:3239} INFO - Sync 1 DAGs
[2025-02-25T20:05:14.632+0000] {logging_mixin.py:190} INFO - [2025-02-25T20:05:14.632+0000] {dag.py:4180} INFO - Setting next_dagrun for tutorial to 2025-02-24 00:00:00+00:00, run_after=2025-02-25 00:00:00+00:00
[2025-02-25T20:05:14.668+0000] {processor.py:208} INFO - Processing /home/airflow/.local/lib/python3.12/site-packages/airflow/example_dags/tutorial.py took 0.105 seconds
[2025-02-25T20:05:44.941+0000] {processor.py:186} INFO - Started process (PID=1057) to work on /home/airflow/.local/lib/python3.12/site-packages/airflow/example_dags/tutorial.py
[2025-02-25T20:05:44.942+0000] {processor.py:914} INFO - Processing file /home/airflow/.local/lib/python3.12/site-packages/airflow/example_dags/tutorial.py for tasks to queue
[2025-02-25T20:05:44.946+0000] {logging_mixin.py:190} INFO - [2025-02-25T20:05:44.945+0000] {dagbag.py:588} INFO - Filling up the DagBag from /home/airflow/.local/lib/python3.12/site-packages/airflow/example_dags/tutorial.py
[2025-02-25T20:05:44.954+0000] {processor.py:925} INFO - DAG(s) 'tutorial' retrieved from /home/airflow/.local/lib/python3.12/site-packages/airflow/example_dags/tutorial.py
[2025-02-25T20:05:44.977+0000] {logging_mixin.py:190} INFO - [2025-02-25T20:05:44.976+0000] {dag.py:3239} INFO - Sync 1 DAGs
[2025-02-25T20:05:45.005+0000] {logging_mixin.py:190} INFO - [2025-02-25T20:05:45.004+0000] {dag.py:4180} INFO - Setting next_dagrun for tutorial to 2025-02-24 00:00:00+00:00, run_after=2025-02-25 00:00:00+00:00
[2025-02-25T20:05:45.028+0000] {processor.py:208} INFO - Processing /home/airflow/.local/lib/python3.12/site-packages/airflow/example_dags/tutorial.py took 0.093 seconds
[2025-02-25T20:06:15.619+0000] {processor.py:186} INFO - Started process (PID=1120) to work on /home/airflow/.local/lib/python3.12/site-packages/airflow/example_dags/tutorial.py
[2025-02-25T20:06:15.620+0000] {processor.py:914} INFO - Processing file /home/airflow/.local/lib/python3.12/site-packages/airflow/example_dags/tutorial.py for tasks to queue
[2025-02-25T20:06:15.623+0000] {logging_mixin.py:190} INFO - [2025-02-25T20:06:15.622+0000] {dagbag.py:588} INFO - Filling up the DagBag from /home/airflow/.local/lib/python3.12/site-packages/airflow/example_dags/tutorial.py
[2025-02-25T20:06:15.632+0000] {processor.py:925} INFO - DAG(s) 'tutorial' retrieved from /home/airflow/.local/lib/python3.12/site-packages/airflow/example_dags/tutorial.py
[2025-02-25T20:06:15.655+0000] {logging_mixin.py:190} INFO - [2025-02-25T20:06:15.655+0000] {dag.py:3239} INFO - Sync 1 DAGs
[2025-02-25T20:06:15.685+0000] {logging_mixin.py:190} INFO - [2025-02-25T20:06:15.685+0000] {dag.py:4180} INFO - Setting next_dagrun for tutorial to 2025-02-24 00:00:00+00:00, run_after=2025-02-25 00:00:00+00:00
[2025-02-25T20:06:15.717+0000] {processor.py:208} INFO - Processing /home/airflow/.local/lib/python3.12/site-packages/airflow/example_dags/tutorial.py took 0.105 seconds
[2025-02-25T20:06:47.176+0000] {processor.py:186} INFO - Started process (PID=1183) to work on /home/airflow/.local/lib/python3.12/site-packages/airflow/example_dags/tutorial.py
[2025-02-25T20:06:47.177+0000] {processor.py:914} INFO - Processing file /home/airflow/.local/lib/python3.12/site-packages/airflow/example_dags/tutorial.py for tasks to queue
[2025-02-25T20:06:47.181+0000] {logging_mixin.py:190} INFO - [2025-02-25T20:06:47.181+0000] {dagbag.py:588} INFO - Filling up the DagBag from /home/airflow/.local/lib/python3.12/site-packages/airflow/example_dags/tutorial.py
[2025-02-25T20:06:47.190+0000] {processor.py:925} INFO - DAG(s) 'tutorial' retrieved from /home/airflow/.local/lib/python3.12/site-packages/airflow/example_dags/tutorial.py
[2025-02-25T20:06:47.214+0000] {logging_mixin.py:190} INFO - [2025-02-25T20:06:47.214+0000] {dag.py:3239} INFO - Sync 1 DAGs
[2025-02-25T20:06:47.240+0000] {logging_mixin.py:190} INFO - [2025-02-25T20:06:47.240+0000] {dag.py:4180} INFO - Setting next_dagrun for tutorial to 2025-02-24 00:00:00+00:00, run_after=2025-02-25 00:00:00+00:00
[2025-02-25T20:06:47.261+0000] {processor.py:208} INFO - Processing /home/airflow/.local/lib/python3.12/site-packages/airflow/example_dags/tutorial.py took 0.092 seconds
[2025-02-25T20:07:18.648+0000] {processor.py:186} INFO - Started process (PID=1246) to work on /home/airflow/.local/lib/python3.12/site-packages/airflow/example_dags/tutorial.py
[2025-02-25T20:07:18.651+0000] {processor.py:914} INFO - Processing file /home/airflow/.local/lib/python3.12/site-packages/airflow/example_dags/tutorial.py for tasks to queue
[2025-02-25T20:07:18.659+0000] {logging_mixin.py:190} INFO - [2025-02-25T20:07:18.658+0000] {dagbag.py:588} INFO - Filling up the DagBag from /home/airflow/.local/lib/python3.12/site-packages/airflow/example_dags/tutorial.py
[2025-02-25T20:07:18.677+0000] {processor.py:925} INFO - DAG(s) 'tutorial' retrieved from /home/airflow/.local/lib/python3.12/site-packages/airflow/example_dags/tutorial.py
[2025-02-25T20:07:18.708+0000] {logging_mixin.py:190} INFO - [2025-02-25T20:07:18.707+0000] {dag.py:3239} INFO - Sync 1 DAGs
[2025-02-25T20:07:18.752+0000] {logging_mixin.py:190} INFO - [2025-02-25T20:07:18.751+0000] {dag.py:4180} INFO - Setting next_dagrun for tutorial to 2025-02-24 00:00:00+00:00, run_after=2025-02-25 00:00:00+00:00
[2025-02-25T20:07:18.777+0000] {processor.py:208} INFO - Processing /home/airflow/.local/lib/python3.12/site-packages/airflow/example_dags/tutorial.py took 0.146 seconds
[2025-02-25T20:07:50.210+0000] {processor.py:186} INFO - Started process (PID=1314) to work on /home/airflow/.local/lib/python3.12/site-packages/airflow/example_dags/tutorial.py
[2025-02-25T20:07:50.211+0000] {processor.py:914} INFO - Processing file /home/airflow/.local/lib/python3.12/site-packages/airflow/example_dags/tutorial.py for tasks to queue
[2025-02-25T20:07:50.214+0000] {logging_mixin.py:190} INFO - [2025-02-25T20:07:50.214+0000] {dagbag.py:588} INFO - Filling up the DagBag from /home/airflow/.local/lib/python3.12/site-packages/airflow/example_dags/tutorial.py
[2025-02-25T20:07:50.223+0000] {processor.py:925} INFO - DAG(s) 'tutorial' retrieved from /home/airflow/.local/lib/python3.12/site-packages/airflow/example_dags/tutorial.py
[2025-02-25T20:07:50.244+0000] {logging_mixin.py:190} INFO - [2025-02-25T20:07:50.244+0000] {dag.py:3239} INFO - Sync 1 DAGs
[2025-02-25T20:07:50.272+0000] {logging_mixin.py:190} INFO - [2025-02-25T20:07:50.272+0000] {dag.py:4180} INFO - Setting next_dagrun for tutorial to 2025-02-24 00:00:00+00:00, run_after=2025-02-25 00:00:00+00:00
[2025-02-25T20:07:50.293+0000] {processor.py:208} INFO - Processing /home/airflow/.local/lib/python3.12/site-packages/airflow/example_dags/tutorial.py took 0.089 seconds
[2025-02-25T20:08:21.583+0000] {processor.py:186} INFO - Started process (PID=1377) to work on /home/airflow/.local/lib/python3.12/site-packages/airflow/example_dags/tutorial.py
[2025-02-25T20:08:21.585+0000] {processor.py:914} INFO - Processing file /home/airflow/.local/lib/python3.12/site-packages/airflow/example_dags/tutorial.py for tasks to queue
[2025-02-25T20:08:21.588+0000] {logging_mixin.py:190} INFO - [2025-02-25T20:08:21.588+0000] {dagbag.py:588} INFO - Filling up the DagBag from /home/airflow/.local/lib/python3.12/site-packages/airflow/example_dags/tutorial.py
[2025-02-25T20:08:21.603+0000] {processor.py:925} INFO - DAG(s) 'tutorial' retrieved from /home/airflow/.local/lib/python3.12/site-packages/airflow/example_dags/tutorial.py
[2025-02-25T20:08:21.626+0000] {logging_mixin.py:190} INFO - [2025-02-25T20:08:21.626+0000] {dag.py:3239} INFO - Sync 1 DAGs
[2025-02-25T20:08:21.655+0000] {logging_mixin.py:190} INFO - [2025-02-25T20:08:21.654+0000] {dag.py:4180} INFO - Setting next_dagrun for tutorial to 2025-02-24 00:00:00+00:00, run_after=2025-02-25 00:00:00+00:00
[2025-02-25T20:08:21.675+0000] {processor.py:208} INFO - Processing /home/airflow/.local/lib/python3.12/site-packages/airflow/example_dags/tutorial.py took 0.100 seconds
[2025-02-25T20:08:52.826+0000] {processor.py:186} INFO - Started process (PID=1441) to work on /home/airflow/.local/lib/python3.12/site-packages/airflow/example_dags/tutorial.py
[2025-02-25T20:08:52.827+0000] {processor.py:914} INFO - Processing file /home/airflow/.local/lib/python3.12/site-packages/airflow/example_dags/tutorial.py for tasks to queue
[2025-02-25T20:08:52.830+0000] {logging_mixin.py:190} INFO - [2025-02-25T20:08:52.830+0000] {dagbag.py:588} INFO - Filling up the DagBag from /home/airflow/.local/lib/python3.12/site-packages/airflow/example_dags/tutorial.py
[2025-02-25T20:08:52.840+0000] {processor.py:925} INFO - DAG(s) 'tutorial' retrieved from /home/airflow/.local/lib/python3.12/site-packages/airflow/example_dags/tutorial.py
[2025-02-25T20:08:52.862+0000] {logging_mixin.py:190} INFO - [2025-02-25T20:08:52.861+0000] {dag.py:3239} INFO - Sync 1 DAGs
[2025-02-25T20:08:52.887+0000] {logging_mixin.py:190} INFO - [2025-02-25T20:08:52.887+0000] {dag.py:4180} INFO - Setting next_dagrun for tutorial to 2025-02-24 00:00:00+00:00, run_after=2025-02-25 00:00:00+00:00
[2025-02-25T20:08:52.908+0000] {processor.py:208} INFO - Processing /home/airflow/.local/lib/python3.12/site-packages/airflow/example_dags/tutorial.py took 0.089 seconds
[2025-02-25T20:09:24.188+0000] {processor.py:186} INFO - Started process (PID=1504) to work on /home/airflow/.local/lib/python3.12/site-packages/airflow/example_dags/tutorial.py
[2025-02-25T20:09:24.189+0000] {processor.py:914} INFO - Processing file /home/airflow/.local/lib/python3.12/site-packages/airflow/example_dags/tutorial.py for tasks to queue
[2025-02-25T20:09:24.192+0000] {logging_mixin.py:190} INFO - [2025-02-25T20:09:24.192+0000] {dagbag.py:588} INFO - Filling up the DagBag from /home/airflow/.local/lib/python3.12/site-packages/airflow/example_dags/tutorial.py
[2025-02-25T20:09:24.202+0000] {processor.py:925} INFO - DAG(s) 'tutorial' retrieved from /home/airflow/.local/lib/python3.12/site-packages/airflow/example_dags/tutorial.py
[2025-02-25T20:09:24.224+0000] {logging_mixin.py:190} INFO - [2025-02-25T20:09:24.224+0000] {dag.py:3239} INFO - Sync 1 DAGs
[2025-02-25T20:09:24.251+0000] {logging_mixin.py:190} INFO - [2025-02-25T20:09:24.250+0000] {dag.py:4180} INFO - Setting next_dagrun for tutorial to 2025-02-24 00:00:00+00:00, run_after=2025-02-25 00:00:00+00:00
[2025-02-25T20:09:24.282+0000] {processor.py:208} INFO - Processing /home/airflow/.local/lib/python3.12/site-packages/airflow/example_dags/tutorial.py took 0.101 seconds
[2025-02-25T20:09:55.318+0000] {processor.py:186} INFO - Started process (PID=1567) to work on /home/airflow/.local/lib/python3.12/site-packages/airflow/example_dags/tutorial.py
[2025-02-25T20:09:55.319+0000] {processor.py:914} INFO - Processing file /home/airflow/.local/lib/python3.12/site-packages/airflow/example_dags/tutorial.py for tasks to queue
[2025-02-25T20:09:55.321+0000] {logging_mixin.py:190} INFO - [2025-02-25T20:09:55.321+0000] {dagbag.py:588} INFO - Filling up the DagBag from /home/airflow/.local/lib/python3.12/site-packages/airflow/example_dags/tutorial.py
[2025-02-25T20:09:55.331+0000] {processor.py:925} INFO - DAG(s) 'tutorial' retrieved from /home/airflow/.local/lib/python3.12/site-packages/airflow/example_dags/tutorial.py
[2025-02-25T20:09:55.353+0000] {logging_mixin.py:190} INFO - [2025-02-25T20:09:55.353+0000] {dag.py:3239} INFO - Sync 1 DAGs
[2025-02-25T20:09:55.382+0000] {logging_mixin.py:190} INFO - [2025-02-25T20:09:55.382+0000] {dag.py:4180} INFO - Setting next_dagrun for tutorial to 2025-02-24 00:00:00+00:00, run_after=2025-02-25 00:00:00+00:00
[2025-02-25T20:09:55.403+0000] {processor.py:208} INFO - Processing /home/airflow/.local/lib/python3.12/site-packages/airflow/example_dags/tutorial.py took 0.092 seconds
[2025-02-25T20:10:26.075+0000] {processor.py:186} INFO - Started process (PID=1632) to work on /home/airflow/.local/lib/python3.12/site-packages/airflow/example_dags/tutorial.py
[2025-02-25T20:10:26.076+0000] {processor.py:914} INFO - Processing file /home/airflow/.local/lib/python3.12/site-packages/airflow/example_dags/tutorial.py for tasks to queue
[2025-02-25T20:10:26.080+0000] {logging_mixin.py:190} INFO - [2025-02-25T20:10:26.079+0000] {dagbag.py:588} INFO - Filling up the DagBag from /home/airflow/.local/lib/python3.12/site-packages/airflow/example_dags/tutorial.py
[2025-02-25T20:10:26.090+0000] {processor.py:925} INFO - DAG(s) 'tutorial' retrieved from /home/airflow/.local/lib/python3.12/site-packages/airflow/example_dags/tutorial.py
[2025-02-25T20:10:26.117+0000] {logging_mixin.py:190} INFO - [2025-02-25T20:10:26.116+0000] {dag.py:3239} INFO - Sync 1 DAGs
[2025-02-25T20:10:26.148+0000] {logging_mixin.py:190} INFO - [2025-02-25T20:10:26.147+0000] {dag.py:4180} INFO - Setting next_dagrun for tutorial to 2025-02-24 00:00:00+00:00, run_after=2025-02-25 00:00:00+00:00
[2025-02-25T20:10:26.175+0000] {processor.py:208} INFO - Processing /home/airflow/.local/lib/python3.12/site-packages/airflow/example_dags/tutorial.py took 0.106 seconds
[2025-02-25T20:10:57.591+0000] {processor.py:186} INFO - Started process (PID=1695) to work on /home/airflow/.local/lib/python3.12/site-packages/airflow/example_dags/tutorial.py
[2025-02-25T20:10:57.593+0000] {processor.py:914} INFO - Processing file /home/airflow/.local/lib/python3.12/site-packages/airflow/example_dags/tutorial.py for tasks to queue
[2025-02-25T20:10:57.596+0000] {logging_mixin.py:190} INFO - [2025-02-25T20:10:57.595+0000] {dagbag.py:588} INFO - Filling up the DagBag from /home/airflow/.local/lib/python3.12/site-packages/airflow/example_dags/tutorial.py
[2025-02-25T20:10:57.607+0000] {processor.py:925} INFO - DAG(s) 'tutorial' retrieved from /home/airflow/.local/lib/python3.12/site-packages/airflow/example_dags/tutorial.py
[2025-02-25T20:10:57.634+0000] {logging_mixin.py:190} INFO - [2025-02-25T20:10:57.633+0000] {dag.py:3239} INFO - Sync 1 DAGs
[2025-02-25T20:10:57.662+0000] {logging_mixin.py:190} INFO - [2025-02-25T20:10:57.662+0000] {dag.py:4180} INFO - Setting next_dagrun for tutorial to 2025-02-24 00:00:00+00:00, run_after=2025-02-25 00:00:00+00:00
[2025-02-25T20:10:57.684+0000] {processor.py:208} INFO - Processing /home/airflow/.local/lib/python3.12/site-packages/airflow/example_dags/tutorial.py took 0.099 seconds
[2025-02-25T20:11:28.586+0000] {processor.py:186} INFO - Started process (PID=1761) to work on /home/airflow/.local/lib/python3.12/site-packages/airflow/example_dags/tutorial.py
[2025-02-25T20:11:28.587+0000] {processor.py:914} INFO - Processing file /home/airflow/.local/lib/python3.12/site-packages/airflow/example_dags/tutorial.py for tasks to queue
[2025-02-25T20:11:28.590+0000] {logging_mixin.py:190} INFO - [2025-02-25T20:11:28.589+0000] {dagbag.py:588} INFO - Filling up the DagBag from /home/airflow/.local/lib/python3.12/site-packages/airflow/example_dags/tutorial.py
[2025-02-25T20:11:28.600+0000] {processor.py:925} INFO - DAG(s) 'tutorial' retrieved from /home/airflow/.local/lib/python3.12/site-packages/airflow/example_dags/tutorial.py
[2025-02-25T20:11:28.622+0000] {logging_mixin.py:190} INFO - [2025-02-25T20:11:28.622+0000] {dag.py:3239} INFO - Sync 1 DAGs
[2025-02-25T20:11:28.651+0000] {logging_mixin.py:190} INFO - [2025-02-25T20:11:28.651+0000] {dag.py:4180} INFO - Setting next_dagrun for tutorial to 2025-02-24 00:00:00+00:00, run_after=2025-02-25 00:00:00+00:00
[2025-02-25T20:11:28.672+0000] {processor.py:208} INFO - Processing /home/airflow/.local/lib/python3.12/site-packages/airflow/example_dags/tutorial.py took 0.095 seconds
[2025-02-25T20:11:59.265+0000] {processor.py:186} INFO - Started process (PID=1824) to work on /home/airflow/.local/lib/python3.12/site-packages/airflow/example_dags/tutorial.py
[2025-02-25T20:11:59.267+0000] {processor.py:914} INFO - Processing file /home/airflow/.local/lib/python3.12/site-packages/airflow/example_dags/tutorial.py for tasks to queue
[2025-02-25T20:11:59.270+0000] {logging_mixin.py:190} INFO - [2025-02-25T20:11:59.270+0000] {dagbag.py:588} INFO - Filling up the DagBag from /home/airflow/.local/lib/python3.12/site-packages/airflow/example_dags/tutorial.py
[2025-02-25T20:11:59.280+0000] {processor.py:925} INFO - DAG(s) 'tutorial' retrieved from /home/airflow/.local/lib/python3.12/site-packages/airflow/example_dags/tutorial.py
[2025-02-25T20:11:59.304+0000] {logging_mixin.py:190} INFO - [2025-02-25T20:11:59.303+0000] {dag.py:3239} INFO - Sync 1 DAGs
[2025-02-25T20:11:59.334+0000] {logging_mixin.py:190} INFO - [2025-02-25T20:11:59.333+0000] {dag.py:4180} INFO - Setting next_dagrun for tutorial to 2025-02-24 00:00:00+00:00, run_after=2025-02-25 00:00:00+00:00
[2025-02-25T20:11:59.369+0000] {processor.py:208} INFO - Processing /home/airflow/.local/lib/python3.12/site-packages/airflow/example_dags/tutorial.py took 0.111 seconds
[2025-02-25T20:12:30.113+0000] {processor.py:186} INFO - Started process (PID=1887) to work on /home/airflow/.local/lib/python3.12/site-packages/airflow/example_dags/tutorial.py
[2025-02-25T20:12:30.114+0000] {processor.py:914} INFO - Processing file /home/airflow/.local/lib/python3.12/site-packages/airflow/example_dags/tutorial.py for tasks to queue
[2025-02-25T20:12:30.118+0000] {logging_mixin.py:190} INFO - [2025-02-25T20:12:30.118+0000] {dagbag.py:588} INFO - Filling up the DagBag from /home/airflow/.local/lib/python3.12/site-packages/airflow/example_dags/tutorial.py
[2025-02-25T20:12:30.127+0000] {processor.py:925} INFO - DAG(s) 'tutorial' retrieved from /home/airflow/.local/lib/python3.12/site-packages/airflow/example_dags/tutorial.py
[2025-02-25T20:12:30.152+0000] {logging_mixin.py:190} INFO - [2025-02-25T20:12:30.152+0000] {dag.py:3239} INFO - Sync 1 DAGs
[2025-02-25T20:12:30.180+0000] {logging_mixin.py:190} INFO - [2025-02-25T20:12:30.180+0000] {dag.py:4180} INFO - Setting next_dagrun for tutorial to 2025-02-24 00:00:00+00:00, run_after=2025-02-25 00:00:00+00:00
[2025-02-25T20:12:30.203+0000] {processor.py:208} INFO - Processing /home/airflow/.local/lib/python3.12/site-packages/airflow/example_dags/tutorial.py took 0.097 seconds
[2025-02-25T20:13:03.148+0000] {processor.py:186} INFO - Started process (PID=1951) to work on /home/airflow/.local/lib/python3.12/site-packages/airflow/example_dags/tutorial.py
[2025-02-25T20:13:03.150+0000] {processor.py:914} INFO - Processing file /home/airflow/.local/lib/python3.12/site-packages/airflow/example_dags/tutorial.py for tasks to queue
[2025-02-25T20:13:03.152+0000] {logging_mixin.py:190} INFO - [2025-02-25T20:13:03.152+0000] {dagbag.py:588} INFO - Filling up the DagBag from /home/airflow/.local/lib/python3.12/site-packages/airflow/example_dags/tutorial.py
[2025-02-25T20:13:03.160+0000] {processor.py:925} INFO - DAG(s) 'tutorial' retrieved from /home/airflow/.local/lib/python3.12/site-packages/airflow/example_dags/tutorial.py
[2025-02-25T20:13:03.187+0000] {logging_mixin.py:190} INFO - [2025-02-25T20:13:03.187+0000] {dag.py:3239} INFO - Sync 1 DAGs
[2025-02-25T20:13:03.217+0000] {logging_mixin.py:190} INFO - [2025-02-25T20:13:03.216+0000] {dag.py:4180} INFO - Setting next_dagrun for tutorial to 2025-02-24 00:00:00+00:00, run_after=2025-02-25 00:00:00+00:00
[2025-02-25T20:13:03.251+0000] {processor.py:208} INFO - Processing /home/airflow/.local/lib/python3.12/site-packages/airflow/example_dags/tutorial.py took 0.108 seconds
[2025-02-25T20:13:33.532+0000] {processor.py:186} INFO - Started process (PID=2015) to work on /home/airflow/.local/lib/python3.12/site-packages/airflow/example_dags/tutorial.py
[2025-02-25T20:13:33.534+0000] {processor.py:914} INFO - Processing file /home/airflow/.local/lib/python3.12/site-packages/airflow/example_dags/tutorial.py for tasks to queue
[2025-02-25T20:13:33.537+0000] {logging_mixin.py:190} INFO - [2025-02-25T20:13:33.537+0000] {dagbag.py:588} INFO - Filling up the DagBag from /home/airflow/.local/lib/python3.12/site-packages/airflow/example_dags/tutorial.py
[2025-02-25T20:13:33.547+0000] {processor.py:925} INFO - DAG(s) 'tutorial' retrieved from /home/airflow/.local/lib/python3.12/site-packages/airflow/example_dags/tutorial.py
[2025-02-25T20:13:33.570+0000] {logging_mixin.py:190} INFO - [2025-02-25T20:13:33.570+0000] {dag.py:3239} INFO - Sync 1 DAGs
[2025-02-25T20:13:33.600+0000] {logging_mixin.py:190} INFO - [2025-02-25T20:13:33.600+0000] {dag.py:4180} INFO - Setting next_dagrun for tutorial to 2025-02-24 00:00:00+00:00, run_after=2025-02-25 00:00:00+00:00
[2025-02-25T20:13:33.636+0000] {processor.py:208} INFO - Processing /home/airflow/.local/lib/python3.12/site-packages/airflow/example_dags/tutorial.py took 0.111 seconds
[2025-02-25T20:14:04.704+0000] {processor.py:186} INFO - Started process (PID=2081) to work on /home/airflow/.local/lib/python3.12/site-packages/airflow/example_dags/tutorial.py
[2025-02-25T20:14:04.705+0000] {processor.py:914} INFO - Processing file /home/airflow/.local/lib/python3.12/site-packages/airflow/example_dags/tutorial.py for tasks to queue
[2025-02-25T20:14:04.708+0000] {logging_mixin.py:190} INFO - [2025-02-25T20:14:04.707+0000] {dagbag.py:588} INFO - Filling up the DagBag from /home/airflow/.local/lib/python3.12/site-packages/airflow/example_dags/tutorial.py
[2025-02-25T20:14:04.718+0000] {processor.py:925} INFO - DAG(s) 'tutorial' retrieved from /home/airflow/.local/lib/python3.12/site-packages/airflow/example_dags/tutorial.py
[2025-02-25T20:14:04.742+0000] {logging_mixin.py:190} INFO - [2025-02-25T20:14:04.742+0000] {dag.py:3239} INFO - Sync 1 DAGs
[2025-02-25T20:14:04.773+0000] {logging_mixin.py:190} INFO - [2025-02-25T20:14:04.772+0000] {dag.py:4180} INFO - Setting next_dagrun for tutorial to 2025-02-24 00:00:00+00:00, run_after=2025-02-25 00:00:00+00:00
[2025-02-25T20:14:04.806+0000] {processor.py:208} INFO - Processing /home/airflow/.local/lib/python3.12/site-packages/airflow/example_dags/tutorial.py took 0.109 seconds
[2025-02-25T20:14:36.456+0000] {processor.py:186} INFO - Started process (PID=2151) to work on /home/airflow/.local/lib/python3.12/site-packages/airflow/example_dags/tutorial.py
[2025-02-25T20:14:36.457+0000] {processor.py:914} INFO - Processing file /home/airflow/.local/lib/python3.12/site-packages/airflow/example_dags/tutorial.py for tasks to queue
[2025-02-25T20:14:36.460+0000] {logging_mixin.py:190} INFO - [2025-02-25T20:14:36.460+0000] {dagbag.py:588} INFO - Filling up the DagBag from /home/airflow/.local/lib/python3.12/site-packages/airflow/example_dags/tutorial.py
[2025-02-25T20:14:36.469+0000] {processor.py:925} INFO - DAG(s) 'tutorial' retrieved from /home/airflow/.local/lib/python3.12/site-packages/airflow/example_dags/tutorial.py
[2025-02-25T20:14:36.492+0000] {logging_mixin.py:190} INFO - [2025-02-25T20:14:36.492+0000] {dag.py:3239} INFO - Sync 1 DAGs
[2025-02-25T20:14:36.519+0000] {logging_mixin.py:190} INFO - [2025-02-25T20:14:36.519+0000] {dag.py:4180} INFO - Setting next_dagrun for tutorial to 2025-02-24 00:00:00+00:00, run_after=2025-02-25 00:00:00+00:00
[2025-02-25T20:14:36.541+0000] {processor.py:208} INFO - Processing /home/airflow/.local/lib/python3.12/site-packages/airflow/example_dags/tutorial.py took 0.092 seconds
[2025-02-25T20:15:08.306+0000] {processor.py:186} INFO - Started process (PID=2214) to work on /home/airflow/.local/lib/python3.12/site-packages/airflow/example_dags/tutorial.py
[2025-02-25T20:15:08.308+0000] {processor.py:914} INFO - Processing file /home/airflow/.local/lib/python3.12/site-packages/airflow/example_dags/tutorial.py for tasks to queue
[2025-02-25T20:15:08.310+0000] {logging_mixin.py:190} INFO - [2025-02-25T20:15:08.310+0000] {dagbag.py:588} INFO - Filling up the DagBag from /home/airflow/.local/lib/python3.12/site-packages/airflow/example_dags/tutorial.py
[2025-02-25T20:15:08.319+0000] {processor.py:925} INFO - DAG(s) 'tutorial' retrieved from /home/airflow/.local/lib/python3.12/site-packages/airflow/example_dags/tutorial.py
[2025-02-25T20:15:08.342+0000] {logging_mixin.py:190} INFO - [2025-02-25T20:15:08.341+0000] {dag.py:3239} INFO - Sync 1 DAGs
[2025-02-25T20:15:08.367+0000] {logging_mixin.py:190} INFO - [2025-02-25T20:15:08.367+0000] {dag.py:4180} INFO - Setting next_dagrun for tutorial to 2025-02-24 00:00:00+00:00, run_after=2025-02-25 00:00:00+00:00
[2025-02-25T20:15:08.431+0000] {processor.py:208} INFO - Processing /home/airflow/.local/lib/python3.12/site-packages/airflow/example_dags/tutorial.py took 0.132 seconds
[2025-02-25T20:15:39.667+0000] {processor.py:186} INFO - Started process (PID=2277) to work on /home/airflow/.local/lib/python3.12/site-packages/airflow/example_dags/tutorial.py
[2025-02-25T20:15:39.668+0000] {processor.py:914} INFO - Processing file /home/airflow/.local/lib/python3.12/site-packages/airflow/example_dags/tutorial.py for tasks to queue
[2025-02-25T20:15:39.671+0000] {logging_mixin.py:190} INFO - [2025-02-25T20:15:39.671+0000] {dagbag.py:588} INFO - Filling up the DagBag from /home/airflow/.local/lib/python3.12/site-packages/airflow/example_dags/tutorial.py
[2025-02-25T20:15:39.680+0000] {processor.py:925} INFO - DAG(s) 'tutorial' retrieved from /home/airflow/.local/lib/python3.12/site-packages/airflow/example_dags/tutorial.py
[2025-02-25T20:15:39.702+0000] {logging_mixin.py:190} INFO - [2025-02-25T20:15:39.702+0000] {dag.py:3239} INFO - Sync 1 DAGs
[2025-02-25T20:15:39.742+0000] {logging_mixin.py:190} INFO - [2025-02-25T20:15:39.742+0000] {dag.py:4180} INFO - Setting next_dagrun for tutorial to 2025-02-24 00:00:00+00:00, run_after=2025-02-25 00:00:00+00:00
[2025-02-25T20:15:39.781+0000] {processor.py:208} INFO - Processing /home/airflow/.local/lib/python3.12/site-packages/airflow/example_dags/tutorial.py took 0.121 seconds
[2025-02-25T20:16:10.673+0000] {processor.py:186} INFO - Started process (PID=2341) to work on /home/airflow/.local/lib/python3.12/site-packages/airflow/example_dags/tutorial.py
[2025-02-25T20:16:10.674+0000] {processor.py:914} INFO - Processing file /home/airflow/.local/lib/python3.12/site-packages/airflow/example_dags/tutorial.py for tasks to queue
[2025-02-25T20:16:10.677+0000] {logging_mixin.py:190} INFO - [2025-02-25T20:16:10.677+0000] {dagbag.py:588} INFO - Filling up the DagBag from /home/airflow/.local/lib/python3.12/site-packages/airflow/example_dags/tutorial.py
[2025-02-25T20:16:10.686+0000] {processor.py:925} INFO - DAG(s) 'tutorial' retrieved from /home/airflow/.local/lib/python3.12/site-packages/airflow/example_dags/tutorial.py
[2025-02-25T20:16:10.709+0000] {logging_mixin.py:190} INFO - [2025-02-25T20:16:10.709+0000] {dag.py:3239} INFO - Sync 1 DAGs
[2025-02-25T20:16:10.736+0000] {logging_mixin.py:190} INFO - [2025-02-25T20:16:10.736+0000] {dag.py:4180} INFO - Setting next_dagrun for tutorial to 2025-02-24 00:00:00+00:00, run_after=2025-02-25 00:00:00+00:00
[2025-02-25T20:16:10.761+0000] {processor.py:208} INFO - Processing /home/airflow/.local/lib/python3.12/site-packages/airflow/example_dags/tutorial.py took 0.095 seconds
[2025-02-25T20:16:42.117+0000] {processor.py:186} INFO - Started process (PID=2406) to work on /home/airflow/.local/lib/python3.12/site-packages/airflow/example_dags/tutorial.py
[2025-02-25T20:16:42.118+0000] {processor.py:914} INFO - Processing file /home/airflow/.local/lib/python3.12/site-packages/airflow/example_dags/tutorial.py for tasks to queue
[2025-02-25T20:16:42.120+0000] {logging_mixin.py:190} INFO - [2025-02-25T20:16:42.120+0000] {dagbag.py:588} INFO - Filling up the DagBag from /home/airflow/.local/lib/python3.12/site-packages/airflow/example_dags/tutorial.py
[2025-02-25T20:16:42.130+0000] {processor.py:925} INFO - DAG(s) 'tutorial' retrieved from /home/airflow/.local/lib/python3.12/site-packages/airflow/example_dags/tutorial.py
[2025-02-25T20:16:42.152+0000] {logging_mixin.py:190} INFO - [2025-02-25T20:16:42.152+0000] {dag.py:3239} INFO - Sync 1 DAGs
[2025-02-25T20:16:42.179+0000] {logging_mixin.py:190} INFO - [2025-02-25T20:16:42.179+0000] {dag.py:4180} INFO - Setting next_dagrun for tutorial to 2025-02-24 00:00:00+00:00, run_after=2025-02-25 00:00:00+00:00
[2025-02-25T20:16:42.226+0000] {processor.py:208} INFO - Processing /home/airflow/.local/lib/python3.12/site-packages/airflow/example_dags/tutorial.py took 0.116 seconds
[2025-02-25T20:17:12.478+0000] {processor.py:186} INFO - Started process (PID=2467) to work on /home/airflow/.local/lib/python3.12/site-packages/airflow/example_dags/tutorial.py
[2025-02-25T20:17:12.479+0000] {processor.py:914} INFO - Processing file /home/airflow/.local/lib/python3.12/site-packages/airflow/example_dags/tutorial.py for tasks to queue
[2025-02-25T20:17:12.483+0000] {logging_mixin.py:190} INFO - [2025-02-25T20:17:12.483+0000] {dagbag.py:588} INFO - Filling up the DagBag from /home/airflow/.local/lib/python3.12/site-packages/airflow/example_dags/tutorial.py
[2025-02-25T20:17:12.496+0000] {processor.py:925} INFO - DAG(s) 'tutorial' retrieved from /home/airflow/.local/lib/python3.12/site-packages/airflow/example_dags/tutorial.py
[2025-02-25T20:17:12.521+0000] {logging_mixin.py:190} INFO - [2025-02-25T20:17:12.521+0000] {dag.py:3239} INFO - Sync 1 DAGs
[2025-02-25T20:17:12.553+0000] {logging_mixin.py:190} INFO - [2025-02-25T20:17:12.552+0000] {dag.py:4180} INFO - Setting next_dagrun for tutorial to 2025-02-24 00:00:00+00:00, run_after=2025-02-25 00:00:00+00:00
[2025-02-25T20:17:12.587+0000] {processor.py:208} INFO - Processing /home/airflow/.local/lib/python3.12/site-packages/airflow/example_dags/tutorial.py took 0.119 seconds
[2025-02-25T20:17:43.314+0000] {processor.py:186} INFO - Started process (PID=2530) to work on /home/airflow/.local/lib/python3.12/site-packages/airflow/example_dags/tutorial.py
[2025-02-25T20:17:43.316+0000] {processor.py:914} INFO - Processing file /home/airflow/.local/lib/python3.12/site-packages/airflow/example_dags/tutorial.py for tasks to queue
[2025-02-25T20:17:43.319+0000] {logging_mixin.py:190} INFO - [2025-02-25T20:17:43.318+0000] {dagbag.py:588} INFO - Filling up the DagBag from /home/airflow/.local/lib/python3.12/site-packages/airflow/example_dags/tutorial.py
[2025-02-25T20:17:43.328+0000] {processor.py:925} INFO - DAG(s) 'tutorial' retrieved from /home/airflow/.local/lib/python3.12/site-packages/airflow/example_dags/tutorial.py
[2025-02-25T20:17:43.352+0000] {logging_mixin.py:190} INFO - [2025-02-25T20:17:43.352+0000] {dag.py:3239} INFO - Sync 1 DAGs
[2025-02-25T20:17:43.385+0000] {logging_mixin.py:190} INFO - [2025-02-25T20:17:43.385+0000] {dag.py:4180} INFO - Setting next_dagrun for tutorial to 2025-02-24 00:00:00+00:00, run_after=2025-02-25 00:00:00+00:00
[2025-02-25T20:17:43.423+0000] {processor.py:208} INFO - Processing /home/airflow/.local/lib/python3.12/site-packages/airflow/example_dags/tutorial.py took 0.115 seconds
[2025-02-25T20:18:13.931+0000] {processor.py:186} INFO - Started process (PID=2594) to work on /home/airflow/.local/lib/python3.12/site-packages/airflow/example_dags/tutorial.py
[2025-02-25T20:18:13.932+0000] {processor.py:914} INFO - Processing file /home/airflow/.local/lib/python3.12/site-packages/airflow/example_dags/tutorial.py for tasks to queue
[2025-02-25T20:18:13.935+0000] {logging_mixin.py:190} INFO - [2025-02-25T20:18:13.935+0000] {dagbag.py:588} INFO - Filling up the DagBag from /home/airflow/.local/lib/python3.12/site-packages/airflow/example_dags/tutorial.py
[2025-02-25T20:18:13.946+0000] {processor.py:925} INFO - DAG(s) 'tutorial' retrieved from /home/airflow/.local/lib/python3.12/site-packages/airflow/example_dags/tutorial.py
[2025-02-25T20:18:13.970+0000] {logging_mixin.py:190} INFO - [2025-02-25T20:18:13.970+0000] {dag.py:3239} INFO - Sync 1 DAGs
[2025-02-25T20:18:14.001+0000] {logging_mixin.py:190} INFO - [2025-02-25T20:18:14.001+0000] {dag.py:4180} INFO - Setting next_dagrun for tutorial to 2025-02-24 00:00:00+00:00, run_after=2025-02-25 00:00:00+00:00
[2025-02-25T20:18:14.023+0000] {processor.py:208} INFO - Processing /home/airflow/.local/lib/python3.12/site-packages/airflow/example_dags/tutorial.py took 0.101 seconds
[2025-02-25T20:18:44.294+0000] {processor.py:186} INFO - Started process (PID=2658) to work on /home/airflow/.local/lib/python3.12/site-packages/airflow/example_dags/tutorial.py
[2025-02-25T20:18:44.295+0000] {processor.py:914} INFO - Processing file /home/airflow/.local/lib/python3.12/site-packages/airflow/example_dags/tutorial.py for tasks to queue
[2025-02-25T20:18:44.297+0000] {logging_mixin.py:190} INFO - [2025-02-25T20:18:44.297+0000] {dagbag.py:588} INFO - Filling up the DagBag from /home/airflow/.local/lib/python3.12/site-packages/airflow/example_dags/tutorial.py
[2025-02-25T20:18:44.306+0000] {processor.py:925} INFO - DAG(s) 'tutorial' retrieved from /home/airflow/.local/lib/python3.12/site-packages/airflow/example_dags/tutorial.py
[2025-02-25T20:18:44.330+0000] {logging_mixin.py:190} INFO - [2025-02-25T20:18:44.330+0000] {dag.py:3239} INFO - Sync 1 DAGs
[2025-02-25T20:18:44.359+0000] {logging_mixin.py:190} INFO - [2025-02-25T20:18:44.358+0000] {dag.py:4180} INFO - Setting next_dagrun for tutorial to 2025-02-24 00:00:00+00:00, run_after=2025-02-25 00:00:00+00:00
[2025-02-25T20:18:44.382+0000] {processor.py:208} INFO - Processing /home/airflow/.local/lib/python3.12/site-packages/airflow/example_dags/tutorial.py took 0.095 seconds
[2025-02-25T20:19:15.053+0000] {processor.py:186} INFO - Started process (PID=2722) to work on /home/airflow/.local/lib/python3.12/site-packages/airflow/example_dags/tutorial.py
[2025-02-25T20:19:15.054+0000] {processor.py:914} INFO - Processing file /home/airflow/.local/lib/python3.12/site-packages/airflow/example_dags/tutorial.py for tasks to queue
[2025-02-25T20:19:15.057+0000] {logging_mixin.py:190} INFO - [2025-02-25T20:19:15.057+0000] {dagbag.py:588} INFO - Filling up the DagBag from /home/airflow/.local/lib/python3.12/site-packages/airflow/example_dags/tutorial.py
[2025-02-25T20:19:15.067+0000] {processor.py:925} INFO - DAG(s) 'tutorial' retrieved from /home/airflow/.local/lib/python3.12/site-packages/airflow/example_dags/tutorial.py
[2025-02-25T20:19:15.089+0000] {logging_mixin.py:190} INFO - [2025-02-25T20:19:15.089+0000] {dag.py:3239} INFO - Sync 1 DAGs
[2025-02-25T20:19:15.123+0000] {logging_mixin.py:190} INFO - [2025-02-25T20:19:15.122+0000] {dag.py:4180} INFO - Setting next_dagrun for tutorial to 2025-02-24 00:00:00+00:00, run_after=2025-02-25 00:00:00+00:00
[2025-02-25T20:19:15.149+0000] {processor.py:208} INFO - Processing /home/airflow/.local/lib/python3.12/site-packages/airflow/example_dags/tutorial.py took 0.102 seconds
[2025-02-25T20:19:46.467+0000] {processor.py:186} INFO - Started process (PID=2785) to work on /home/airflow/.local/lib/python3.12/site-packages/airflow/example_dags/tutorial.py
[2025-02-25T20:19:46.469+0000] {processor.py:914} INFO - Processing file /home/airflow/.local/lib/python3.12/site-packages/airflow/example_dags/tutorial.py for tasks to queue
[2025-02-25T20:19:46.474+0000] {logging_mixin.py:190} INFO - [2025-02-25T20:19:46.473+0000] {dagbag.py:588} INFO - Filling up the DagBag from /home/airflow/.local/lib/python3.12/site-packages/airflow/example_dags/tutorial.py
[2025-02-25T20:19:46.503+0000] {processor.py:925} INFO - DAG(s) 'tutorial' retrieved from /home/airflow/.local/lib/python3.12/site-packages/airflow/example_dags/tutorial.py
[2025-02-25T20:19:46.556+0000] {logging_mixin.py:190} INFO - [2025-02-25T20:19:46.556+0000] {dag.py:3239} INFO - Sync 1 DAGs
[2025-02-25T20:19:46.629+0000] {logging_mixin.py:190} INFO - [2025-02-25T20:19:46.628+0000] {dag.py:4180} INFO - Setting next_dagrun for tutorial to 2025-02-24 00:00:00+00:00, run_after=2025-02-25 00:00:00+00:00
[2025-02-25T20:19:46.710+0000] {processor.py:208} INFO - Processing /home/airflow/.local/lib/python3.12/site-packages/airflow/example_dags/tutorial.py took 0.260 seconds
[2025-02-25T20:20:17.852+0000] {processor.py:186} INFO - Started process (PID=2848) to work on /home/airflow/.local/lib/python3.12/site-packages/airflow/example_dags/tutorial.py
[2025-02-25T20:20:17.854+0000] {processor.py:914} INFO - Processing file /home/airflow/.local/lib/python3.12/site-packages/airflow/example_dags/tutorial.py for tasks to queue
[2025-02-25T20:20:17.859+0000] {logging_mixin.py:190} INFO - [2025-02-25T20:20:17.858+0000] {dagbag.py:588} INFO - Filling up the DagBag from /home/airflow/.local/lib/python3.12/site-packages/airflow/example_dags/tutorial.py
[2025-02-25T20:20:17.876+0000] {processor.py:925} INFO - DAG(s) 'tutorial' retrieved from /home/airflow/.local/lib/python3.12/site-packages/airflow/example_dags/tutorial.py
[2025-02-25T20:20:17.913+0000] {logging_mixin.py:190} INFO - [2025-02-25T20:20:17.912+0000] {dag.py:3239} INFO - Sync 1 DAGs
[2025-02-25T20:20:17.963+0000] {logging_mixin.py:190} INFO - [2025-02-25T20:20:17.962+0000] {dag.py:4180} INFO - Setting next_dagrun for tutorial to 2025-02-24 00:00:00+00:00, run_after=2025-02-25 00:00:00+00:00
[2025-02-25T20:20:18.012+0000] {processor.py:208} INFO - Processing /home/airflow/.local/lib/python3.12/site-packages/airflow/example_dags/tutorial.py took 0.173 seconds
[2025-02-25T20:20:49.024+0000] {processor.py:186} INFO - Started process (PID=2910) to work on /home/airflow/.local/lib/python3.12/site-packages/airflow/example_dags/tutorial.py
[2025-02-25T20:20:49.027+0000] {processor.py:914} INFO - Processing file /home/airflow/.local/lib/python3.12/site-packages/airflow/example_dags/tutorial.py for tasks to queue
[2025-02-25T20:20:49.044+0000] {logging_mixin.py:190} INFO - [2025-02-25T20:20:49.043+0000] {dagbag.py:588} INFO - Filling up the DagBag from /home/airflow/.local/lib/python3.12/site-packages/airflow/example_dags/tutorial.py
[2025-02-25T20:20:49.118+0000] {processor.py:925} INFO - DAG(s) 'tutorial' retrieved from /home/airflow/.local/lib/python3.12/site-packages/airflow/example_dags/tutorial.py
[2025-02-25T20:20:49.224+0000] {logging_mixin.py:190} INFO - [2025-02-25T20:20:49.223+0000] {dag.py:3239} INFO - Sync 1 DAGs
[2025-02-25T20:20:49.314+0000] {logging_mixin.py:190} INFO - [2025-02-25T20:20:49.313+0000] {dag.py:4180} INFO - Setting next_dagrun for tutorial to 2025-02-24 00:00:00+00:00, run_after=2025-02-25 00:00:00+00:00
[2025-02-25T20:20:49.363+0000] {processor.py:208} INFO - Processing /home/airflow/.local/lib/python3.12/site-packages/airflow/example_dags/tutorial.py took 0.373 seconds
[2025-02-25T20:21:19.508+0000] {processor.py:186} INFO - Started process (PID=2972) to work on /home/airflow/.local/lib/python3.12/site-packages/airflow/example_dags/tutorial.py
[2025-02-25T20:21:19.512+0000] {processor.py:914} INFO - Processing file /home/airflow/.local/lib/python3.12/site-packages/airflow/example_dags/tutorial.py for tasks to queue
[2025-02-25T20:21:19.520+0000] {logging_mixin.py:190} INFO - [2025-02-25T20:21:19.519+0000] {dagbag.py:588} INFO - Filling up the DagBag from /home/airflow/.local/lib/python3.12/site-packages/airflow/example_dags/tutorial.py
[2025-02-25T20:21:19.548+0000] {processor.py:925} INFO - DAG(s) 'tutorial' retrieved from /home/airflow/.local/lib/python3.12/site-packages/airflow/example_dags/tutorial.py
[2025-02-25T20:21:19.616+0000] {logging_mixin.py:190} INFO - [2025-02-25T20:21:19.615+0000] {dag.py:3239} INFO - Sync 1 DAGs
[2025-02-25T20:21:19.701+0000] {logging_mixin.py:190} INFO - [2025-02-25T20:21:19.700+0000] {dag.py:4180} INFO - Setting next_dagrun for tutorial to 2025-02-24 00:00:00+00:00, run_after=2025-02-25 00:00:00+00:00
[2025-02-25T20:21:19.790+0000] {processor.py:208} INFO - Processing /home/airflow/.local/lib/python3.12/site-packages/airflow/example_dags/tutorial.py took 0.305 seconds
[2025-02-25T20:21:50.306+0000] {processor.py:186} INFO - Started process (PID=3036) to work on /home/airflow/.local/lib/python3.12/site-packages/airflow/example_dags/tutorial.py
[2025-02-25T20:21:50.308+0000] {processor.py:914} INFO - Processing file /home/airflow/.local/lib/python3.12/site-packages/airflow/example_dags/tutorial.py for tasks to queue
[2025-02-25T20:21:50.313+0000] {logging_mixin.py:190} INFO - [2025-02-25T20:21:50.312+0000] {dagbag.py:588} INFO - Filling up the DagBag from /home/airflow/.local/lib/python3.12/site-packages/airflow/example_dags/tutorial.py
[2025-02-25T20:21:50.333+0000] {processor.py:925} INFO - DAG(s) 'tutorial' retrieved from /home/airflow/.local/lib/python3.12/site-packages/airflow/example_dags/tutorial.py
[2025-02-25T20:21:50.395+0000] {logging_mixin.py:190} INFO - [2025-02-25T20:21:50.394+0000] {dag.py:3239} INFO - Sync 1 DAGs
[2025-02-25T20:21:50.458+0000] {logging_mixin.py:190} INFO - [2025-02-25T20:21:50.458+0000] {dag.py:4180} INFO - Setting next_dagrun for tutorial to 2025-02-24 00:00:00+00:00, run_after=2025-02-25 00:00:00+00:00
[2025-02-25T20:21:50.497+0000] {processor.py:208} INFO - Processing /home/airflow/.local/lib/python3.12/site-packages/airflow/example_dags/tutorial.py took 0.209 seconds
[2025-02-25T20:22:20.820+0000] {processor.py:186} INFO - Started process (PID=3099) to work on /home/airflow/.local/lib/python3.12/site-packages/airflow/example_dags/tutorial.py
[2025-02-25T20:22:20.824+0000] {processor.py:914} INFO - Processing file /home/airflow/.local/lib/python3.12/site-packages/airflow/example_dags/tutorial.py for tasks to queue
[2025-02-25T20:22:20.838+0000] {logging_mixin.py:190} INFO - [2025-02-25T20:22:20.836+0000] {dagbag.py:588} INFO - Filling up the DagBag from /home/airflow/.local/lib/python3.12/site-packages/airflow/example_dags/tutorial.py
[2025-02-25T20:22:20.880+0000] {processor.py:925} INFO - DAG(s) 'tutorial' retrieved from /home/airflow/.local/lib/python3.12/site-packages/airflow/example_dags/tutorial.py
[2025-02-25T20:22:21.036+0000] {logging_mixin.py:190} INFO - [2025-02-25T20:22:21.035+0000] {dag.py:3239} INFO - Sync 1 DAGs
[2025-02-25T20:22:21.124+0000] {logging_mixin.py:190} INFO - [2025-02-25T20:22:21.124+0000] {dag.py:4180} INFO - Setting next_dagrun for tutorial to 2025-02-24 00:00:00+00:00, run_after=2025-02-25 00:00:00+00:00
[2025-02-25T20:22:21.179+0000] {processor.py:208} INFO - Processing /home/airflow/.local/lib/python3.12/site-packages/airflow/example_dags/tutorial.py took 0.393 seconds
[2025-02-25T20:22:51.925+0000] {processor.py:186} INFO - Started process (PID=3167) to work on /home/airflow/.local/lib/python3.12/site-packages/airflow/example_dags/tutorial.py
[2025-02-25T20:22:51.927+0000] {processor.py:914} INFO - Processing file /home/airflow/.local/lib/python3.12/site-packages/airflow/example_dags/tutorial.py for tasks to queue
[2025-02-25T20:22:51.934+0000] {logging_mixin.py:190} INFO - [2025-02-25T20:22:51.933+0000] {dagbag.py:588} INFO - Filling up the DagBag from /home/airflow/.local/lib/python3.12/site-packages/airflow/example_dags/tutorial.py
[2025-02-25T20:22:51.956+0000] {processor.py:925} INFO - DAG(s) 'tutorial' retrieved from /home/airflow/.local/lib/python3.12/site-packages/airflow/example_dags/tutorial.py
[2025-02-25T20:22:52.009+0000] {logging_mixin.py:190} INFO - [2025-02-25T20:22:52.009+0000] {dag.py:3239} INFO - Sync 1 DAGs
[2025-02-25T20:22:52.141+0000] {logging_mixin.py:190} INFO - [2025-02-25T20:22:52.140+0000] {dag.py:4180} INFO - Setting next_dagrun for tutorial to 2025-02-24 00:00:00+00:00, run_after=2025-02-25 00:00:00+00:00
[2025-02-25T20:22:52.238+0000] {processor.py:208} INFO - Processing /home/airflow/.local/lib/python3.12/site-packages/airflow/example_dags/tutorial.py took 0.329 seconds
[2025-02-25T20:23:22.835+0000] {processor.py:186} INFO - Started process (PID=3230) to work on /home/airflow/.local/lib/python3.12/site-packages/airflow/example_dags/tutorial.py
[2025-02-25T20:23:22.837+0000] {processor.py:914} INFO - Processing file /home/airflow/.local/lib/python3.12/site-packages/airflow/example_dags/tutorial.py for tasks to queue
[2025-02-25T20:23:22.842+0000] {logging_mixin.py:190} INFO - [2025-02-25T20:23:22.841+0000] {dagbag.py:588} INFO - Filling up the DagBag from /home/airflow/.local/lib/python3.12/site-packages/airflow/example_dags/tutorial.py
[2025-02-25T20:23:22.859+0000] {processor.py:925} INFO - DAG(s) 'tutorial' retrieved from /home/airflow/.local/lib/python3.12/site-packages/airflow/example_dags/tutorial.py
[2025-02-25T20:23:22.901+0000] {logging_mixin.py:190} INFO - [2025-02-25T20:23:22.901+0000] {dag.py:3239} INFO - Sync 1 DAGs
[2025-02-25T20:23:22.958+0000] {logging_mixin.py:190} INFO - [2025-02-25T20:23:22.958+0000] {dag.py:4180} INFO - Setting next_dagrun for tutorial to 2025-02-24 00:00:00+00:00, run_after=2025-02-25 00:00:00+00:00
[2025-02-25T20:23:23.010+0000] {processor.py:208} INFO - Processing /home/airflow/.local/lib/python3.12/site-packages/airflow/example_dags/tutorial.py took 0.191 seconds
[2025-02-25T20:23:53.806+0000] {processor.py:186} INFO - Started process (PID=3294) to work on /home/airflow/.local/lib/python3.12/site-packages/airflow/example_dags/tutorial.py
[2025-02-25T20:23:53.808+0000] {processor.py:914} INFO - Processing file /home/airflow/.local/lib/python3.12/site-packages/airflow/example_dags/tutorial.py for tasks to queue
[2025-02-25T20:23:53.814+0000] {logging_mixin.py:190} INFO - [2025-02-25T20:23:53.813+0000] {dagbag.py:588} INFO - Filling up the DagBag from /home/airflow/.local/lib/python3.12/site-packages/airflow/example_dags/tutorial.py
[2025-02-25T20:23:53.851+0000] {processor.py:925} INFO - DAG(s) 'tutorial' retrieved from /home/airflow/.local/lib/python3.12/site-packages/airflow/example_dags/tutorial.py
[2025-02-25T20:23:53.921+0000] {logging_mixin.py:190} INFO - [2025-02-25T20:23:53.920+0000] {dag.py:3239} INFO - Sync 1 DAGs
[2025-02-25T20:23:53.990+0000] {logging_mixin.py:190} INFO - [2025-02-25T20:23:53.990+0000] {dag.py:4180} INFO - Setting next_dagrun for tutorial to 2025-02-24 00:00:00+00:00, run_after=2025-02-25 00:00:00+00:00
[2025-02-25T20:23:54.056+0000] {processor.py:208} INFO - Processing /home/airflow/.local/lib/python3.12/site-packages/airflow/example_dags/tutorial.py took 0.267 seconds
[2025-02-25T20:24:24.630+0000] {processor.py:186} INFO - Started process (PID=3356) to work on /home/airflow/.local/lib/python3.12/site-packages/airflow/example_dags/tutorial.py
[2025-02-25T20:24:24.635+0000] {processor.py:914} INFO - Processing file /home/airflow/.local/lib/python3.12/site-packages/airflow/example_dags/tutorial.py for tasks to queue
[2025-02-25T20:24:24.648+0000] {logging_mixin.py:190} INFO - [2025-02-25T20:24:24.646+0000] {dagbag.py:588} INFO - Filling up the DagBag from /home/airflow/.local/lib/python3.12/site-packages/airflow/example_dags/tutorial.py
[2025-02-25T20:24:24.691+0000] {processor.py:925} INFO - DAG(s) 'tutorial' retrieved from /home/airflow/.local/lib/python3.12/site-packages/airflow/example_dags/tutorial.py
[2025-02-25T20:24:24.790+0000] {logging_mixin.py:190} INFO - [2025-02-25T20:24:24.789+0000] {dag.py:3239} INFO - Sync 1 DAGs
[2025-02-25T20:24:24.922+0000] {logging_mixin.py:190} INFO - [2025-02-25T20:24:24.921+0000] {dag.py:4180} INFO - Setting next_dagrun for tutorial to 2025-02-24 00:00:00+00:00, run_after=2025-02-25 00:00:00+00:00
[2025-02-25T20:24:25.027+0000] {processor.py:208} INFO - Processing /home/airflow/.local/lib/python3.12/site-packages/airflow/example_dags/tutorial.py took 0.431 seconds
[2025-02-25T20:24:55.238+0000] {processor.py:186} INFO - Started process (PID=3420) to work on /home/airflow/.local/lib/python3.12/site-packages/airflow/example_dags/tutorial.py
[2025-02-25T20:24:55.240+0000] {processor.py:914} INFO - Processing file /home/airflow/.local/lib/python3.12/site-packages/airflow/example_dags/tutorial.py for tasks to queue
[2025-02-25T20:24:55.245+0000] {logging_mixin.py:190} INFO - [2025-02-25T20:24:55.244+0000] {dagbag.py:588} INFO - Filling up the DagBag from /home/airflow/.local/lib/python3.12/site-packages/airflow/example_dags/tutorial.py
[2025-02-25T20:24:55.262+0000] {processor.py:925} INFO - DAG(s) 'tutorial' retrieved from /home/airflow/.local/lib/python3.12/site-packages/airflow/example_dags/tutorial.py
[2025-02-25T20:24:55.297+0000] {logging_mixin.py:190} INFO - [2025-02-25T20:24:55.297+0000] {dag.py:3239} INFO - Sync 1 DAGs
[2025-02-25T20:24:55.345+0000] {logging_mixin.py:190} INFO - [2025-02-25T20:24:55.344+0000] {dag.py:4180} INFO - Setting next_dagrun for tutorial to 2025-02-24 00:00:00+00:00, run_after=2025-02-25 00:00:00+00:00
[2025-02-25T20:24:55.397+0000] {processor.py:208} INFO - Processing /home/airflow/.local/lib/python3.12/site-packages/airflow/example_dags/tutorial.py took 0.171 seconds
[2025-02-25T20:25:26.238+0000] {processor.py:186} INFO - Started process (PID=3483) to work on /home/airflow/.local/lib/python3.12/site-packages/airflow/example_dags/tutorial.py
[2025-02-25T20:25:26.242+0000] {processor.py:914} INFO - Processing file /home/airflow/.local/lib/python3.12/site-packages/airflow/example_dags/tutorial.py for tasks to queue
[2025-02-25T20:25:26.256+0000] {logging_mixin.py:190} INFO - [2025-02-25T20:25:26.255+0000] {dagbag.py:588} INFO - Filling up the DagBag from /home/airflow/.local/lib/python3.12/site-packages/airflow/example_dags/tutorial.py
[2025-02-25T20:25:26.284+0000] {processor.py:925} INFO - DAG(s) 'tutorial' retrieved from /home/airflow/.local/lib/python3.12/site-packages/airflow/example_dags/tutorial.py
[2025-02-25T20:25:26.344+0000] {logging_mixin.py:190} INFO - [2025-02-25T20:25:26.343+0000] {dag.py:3239} INFO - Sync 1 DAGs
[2025-02-25T20:25:26.416+0000] {logging_mixin.py:190} INFO - [2025-02-25T20:25:26.415+0000] {dag.py:4180} INFO - Setting next_dagrun for tutorial to 2025-02-24 00:00:00+00:00, run_after=2025-02-25 00:00:00+00:00
[2025-02-25T20:25:26.480+0000] {processor.py:208} INFO - Processing /home/airflow/.local/lib/python3.12/site-packages/airflow/example_dags/tutorial.py took 0.265 seconds
[2025-02-25T20:25:56.969+0000] {processor.py:186} INFO - Started process (PID=3546) to work on /home/airflow/.local/lib/python3.12/site-packages/airflow/example_dags/tutorial.py
[2025-02-25T20:25:56.971+0000] {processor.py:914} INFO - Processing file /home/airflow/.local/lib/python3.12/site-packages/airflow/example_dags/tutorial.py for tasks to queue
[2025-02-25T20:25:56.975+0000] {logging_mixin.py:190} INFO - [2025-02-25T20:25:56.974+0000] {dagbag.py:588} INFO - Filling up the DagBag from /home/airflow/.local/lib/python3.12/site-packages/airflow/example_dags/tutorial.py
[2025-02-25T20:25:56.990+0000] {processor.py:925} INFO - DAG(s) 'tutorial' retrieved from /home/airflow/.local/lib/python3.12/site-packages/airflow/example_dags/tutorial.py
[2025-02-25T20:25:57.023+0000] {logging_mixin.py:190} INFO - [2025-02-25T20:25:57.022+0000] {dag.py:3239} INFO - Sync 1 DAGs
[2025-02-25T20:25:57.066+0000] {logging_mixin.py:190} INFO - [2025-02-25T20:25:57.065+0000] {dag.py:4180} INFO - Setting next_dagrun for tutorial to 2025-02-24 00:00:00+00:00, run_after=2025-02-25 00:00:00+00:00
[2025-02-25T20:25:57.099+0000] {processor.py:208} INFO - Processing /home/airflow/.local/lib/python3.12/site-packages/airflow/example_dags/tutorial.py took 0.140 seconds
[2025-02-25T20:26:27.959+0000] {processor.py:186} INFO - Started process (PID=3609) to work on /home/airflow/.local/lib/python3.12/site-packages/airflow/example_dags/tutorial.py
[2025-02-25T20:26:27.960+0000] {processor.py:914} INFO - Processing file /home/airflow/.local/lib/python3.12/site-packages/airflow/example_dags/tutorial.py for tasks to queue
[2025-02-25T20:26:27.965+0000] {logging_mixin.py:190} INFO - [2025-02-25T20:26:27.964+0000] {dagbag.py:588} INFO - Filling up the DagBag from /home/airflow/.local/lib/python3.12/site-packages/airflow/example_dags/tutorial.py
[2025-02-25T20:26:27.979+0000] {processor.py:925} INFO - DAG(s) 'tutorial' retrieved from /home/airflow/.local/lib/python3.12/site-packages/airflow/example_dags/tutorial.py
[2025-02-25T20:26:28.015+0000] {logging_mixin.py:190} INFO - [2025-02-25T20:26:28.015+0000] {dag.py:3239} INFO - Sync 1 DAGs
[2025-02-25T20:26:28.064+0000] {logging_mixin.py:190} INFO - [2025-02-25T20:26:28.063+0000] {dag.py:4180} INFO - Setting next_dagrun for tutorial to 2025-02-24 00:00:00+00:00, run_after=2025-02-25 00:00:00+00:00
[2025-02-25T20:26:28.097+0000] {processor.py:208} INFO - Processing /home/airflow/.local/lib/python3.12/site-packages/airflow/example_dags/tutorial.py took 0.149 seconds
[2025-02-25T20:26:58.882+0000] {processor.py:186} INFO - Started process (PID=3671) to work on /home/airflow/.local/lib/python3.12/site-packages/airflow/example_dags/tutorial.py
[2025-02-25T20:26:58.884+0000] {processor.py:914} INFO - Processing file /home/airflow/.local/lib/python3.12/site-packages/airflow/example_dags/tutorial.py for tasks to queue
[2025-02-25T20:26:58.890+0000] {logging_mixin.py:190} INFO - [2025-02-25T20:26:58.889+0000] {dagbag.py:588} INFO - Filling up the DagBag from /home/airflow/.local/lib/python3.12/site-packages/airflow/example_dags/tutorial.py
[2025-02-25T20:26:58.914+0000] {processor.py:925} INFO - DAG(s) 'tutorial' retrieved from /home/airflow/.local/lib/python3.12/site-packages/airflow/example_dags/tutorial.py
[2025-02-25T20:26:58.953+0000] {logging_mixin.py:190} INFO - [2025-02-25T20:26:58.952+0000] {dag.py:3239} INFO - Sync 1 DAGs
[2025-02-25T20:26:58.999+0000] {logging_mixin.py:190} INFO - [2025-02-25T20:26:58.999+0000] {dag.py:4180} INFO - Setting next_dagrun for tutorial to 2025-02-24 00:00:00+00:00, run_after=2025-02-25 00:00:00+00:00
[2025-02-25T20:26:59.044+0000] {processor.py:208} INFO - Processing /home/airflow/.local/lib/python3.12/site-packages/airflow/example_dags/tutorial.py took 0.180 seconds
[2025-02-25T20:27:29.216+0000] {processor.py:186} INFO - Started process (PID=3733) to work on /home/airflow/.local/lib/python3.12/site-packages/airflow/example_dags/tutorial.py
[2025-02-25T20:27:29.218+0000] {processor.py:914} INFO - Processing file /home/airflow/.local/lib/python3.12/site-packages/airflow/example_dags/tutorial.py for tasks to queue
[2025-02-25T20:27:29.226+0000] {logging_mixin.py:190} INFO - [2025-02-25T20:27:29.225+0000] {dagbag.py:588} INFO - Filling up the DagBag from /home/airflow/.local/lib/python3.12/site-packages/airflow/example_dags/tutorial.py
[2025-02-25T20:27:29.249+0000] {processor.py:925} INFO - DAG(s) 'tutorial' retrieved from /home/airflow/.local/lib/python3.12/site-packages/airflow/example_dags/tutorial.py
[2025-02-25T20:27:29.301+0000] {logging_mixin.py:190} INFO - [2025-02-25T20:27:29.300+0000] {dag.py:3239} INFO - Sync 1 DAGs
[2025-02-25T20:27:29.365+0000] {logging_mixin.py:190} INFO - [2025-02-25T20:27:29.365+0000] {dag.py:4180} INFO - Setting next_dagrun for tutorial to 2025-02-24 00:00:00+00:00, run_after=2025-02-25 00:00:00+00:00
[2025-02-25T20:27:29.415+0000] {processor.py:208} INFO - Processing /home/airflow/.local/lib/python3.12/site-packages/airflow/example_dags/tutorial.py took 0.216 seconds
[2025-02-25T20:28:00.213+0000] {processor.py:186} INFO - Started process (PID=3796) to work on /home/airflow/.local/lib/python3.12/site-packages/airflow/example_dags/tutorial.py
[2025-02-25T20:28:00.215+0000] {processor.py:914} INFO - Processing file /home/airflow/.local/lib/python3.12/site-packages/airflow/example_dags/tutorial.py for tasks to queue
[2025-02-25T20:28:00.236+0000] {logging_mixin.py:190} INFO - [2025-02-25T20:28:00.229+0000] {dagbag.py:588} INFO - Filling up the DagBag from /home/airflow/.local/lib/python3.12/site-packages/airflow/example_dags/tutorial.py
[2025-02-25T20:28:00.306+0000] {processor.py:925} INFO - DAG(s) 'tutorial' retrieved from /home/airflow/.local/lib/python3.12/site-packages/airflow/example_dags/tutorial.py
[2025-02-25T20:28:00.391+0000] {logging_mixin.py:190} INFO - [2025-02-25T20:28:00.390+0000] {dag.py:3239} INFO - Sync 1 DAGs
[2025-02-25T20:28:00.485+0000] {logging_mixin.py:190} INFO - [2025-02-25T20:28:00.484+0000] {dag.py:4180} INFO - Setting next_dagrun for tutorial to 2025-02-24 00:00:00+00:00, run_after=2025-02-25 00:00:00+00:00
[2025-02-25T20:28:00.579+0000] {processor.py:208} INFO - Processing /home/airflow/.local/lib/python3.12/site-packages/airflow/example_dags/tutorial.py took 0.380 seconds
[2025-02-25T20:28:31.556+0000] {processor.py:186} INFO - Started process (PID=3859) to work on /home/airflow/.local/lib/python3.12/site-packages/airflow/example_dags/tutorial.py
[2025-02-25T20:28:31.561+0000] {processor.py:914} INFO - Processing file /home/airflow/.local/lib/python3.12/site-packages/airflow/example_dags/tutorial.py for tasks to queue
[2025-02-25T20:28:31.566+0000] {logging_mixin.py:190} INFO - [2025-02-25T20:28:31.566+0000] {dagbag.py:588} INFO - Filling up the DagBag from /home/airflow/.local/lib/python3.12/site-packages/airflow/example_dags/tutorial.py
[2025-02-25T20:28:31.587+0000] {processor.py:925} INFO - DAG(s) 'tutorial' retrieved from /home/airflow/.local/lib/python3.12/site-packages/airflow/example_dags/tutorial.py
[2025-02-25T20:28:31.630+0000] {logging_mixin.py:190} INFO - [2025-02-25T20:28:31.630+0000] {dag.py:3239} INFO - Sync 1 DAGs
[2025-02-25T20:28:31.994+0000] {logging_mixin.py:190} INFO - [2025-02-25T20:28:31.993+0000] {dag.py:4180} INFO - Setting next_dagrun for tutorial to 2025-02-24 00:00:00+00:00, run_after=2025-02-25 00:00:00+00:00
[2025-02-25T20:28:32.034+0000] {processor.py:208} INFO - Processing /home/airflow/.local/lib/python3.12/site-packages/airflow/example_dags/tutorial.py took 0.499 seconds
[2025-02-25T20:29:05.020+0000] {processor.py:186} INFO - Started process (PID=3922) to work on /home/airflow/.local/lib/python3.12/site-packages/airflow/example_dags/tutorial.py
[2025-02-25T20:29:05.022+0000] {processor.py:914} INFO - Processing file /home/airflow/.local/lib/python3.12/site-packages/airflow/example_dags/tutorial.py for tasks to queue
[2025-02-25T20:29:05.027+0000] {logging_mixin.py:190} INFO - [2025-02-25T20:29:05.026+0000] {dagbag.py:588} INFO - Filling up the DagBag from /home/airflow/.local/lib/python3.12/site-packages/airflow/example_dags/tutorial.py
[2025-02-25T20:29:05.041+0000] {processor.py:925} INFO - DAG(s) 'tutorial' retrieved from /home/airflow/.local/lib/python3.12/site-packages/airflow/example_dags/tutorial.py
[2025-02-25T20:29:05.074+0000] {logging_mixin.py:190} INFO - [2025-02-25T20:29:05.074+0000] {dag.py:3239} INFO - Sync 1 DAGs
[2025-02-25T20:29:05.526+0000] {logging_mixin.py:190} INFO - [2025-02-25T20:29:05.525+0000] {dag.py:4180} INFO - Setting next_dagrun for tutorial to 2025-02-24 00:00:00+00:00, run_after=2025-02-25 00:00:00+00:00
[2025-02-25T20:29:05.611+0000] {processor.py:208} INFO - Processing /home/airflow/.local/lib/python3.12/site-packages/airflow/example_dags/tutorial.py took 0.605 seconds
[2025-02-25T20:29:38.301+0000] {processor.py:186} INFO - Started process (PID=3985) to work on /home/airflow/.local/lib/python3.12/site-packages/airflow/example_dags/tutorial.py
[2025-02-25T20:29:38.304+0000] {processor.py:914} INFO - Processing file /home/airflow/.local/lib/python3.12/site-packages/airflow/example_dags/tutorial.py for tasks to queue
[2025-02-25T20:29:38.314+0000] {logging_mixin.py:190} INFO - [2025-02-25T20:29:38.313+0000] {dagbag.py:588} INFO - Filling up the DagBag from /home/airflow/.local/lib/python3.12/site-packages/airflow/example_dags/tutorial.py
[2025-02-25T20:29:38.337+0000] {processor.py:925} INFO - DAG(s) 'tutorial' retrieved from /home/airflow/.local/lib/python3.12/site-packages/airflow/example_dags/tutorial.py
[2025-02-25T20:29:38.408+0000] {logging_mixin.py:190} INFO - [2025-02-25T20:29:38.407+0000] {dag.py:3239} INFO - Sync 1 DAGs
[2025-02-25T20:29:38.483+0000] {logging_mixin.py:190} INFO - [2025-02-25T20:29:38.483+0000] {dag.py:4180} INFO - Setting next_dagrun for tutorial to 2025-02-24 00:00:00+00:00, run_after=2025-02-25 00:00:00+00:00
[2025-02-25T20:29:39.083+0000] {processor.py:208} INFO - Processing /home/airflow/.local/lib/python3.12/site-packages/airflow/example_dags/tutorial.py took 0.808 seconds
[2025-02-25T20:30:09.613+0000] {processor.py:186} INFO - Started process (PID=4048) to work on /home/airflow/.local/lib/python3.12/site-packages/airflow/example_dags/tutorial.py
[2025-02-25T20:30:09.614+0000] {processor.py:914} INFO - Processing file /home/airflow/.local/lib/python3.12/site-packages/airflow/example_dags/tutorial.py for tasks to queue
[2025-02-25T20:30:09.619+0000] {logging_mixin.py:190} INFO - [2025-02-25T20:30:09.618+0000] {dagbag.py:588} INFO - Filling up the DagBag from /home/airflow/.local/lib/python3.12/site-packages/airflow/example_dags/tutorial.py
[2025-02-25T20:30:09.634+0000] {processor.py:925} INFO - DAG(s) 'tutorial' retrieved from /home/airflow/.local/lib/python3.12/site-packages/airflow/example_dags/tutorial.py
[2025-02-25T20:30:09.666+0000] {logging_mixin.py:190} INFO - [2025-02-25T20:30:09.665+0000] {dag.py:3239} INFO - Sync 1 DAGs
[2025-02-25T20:30:09.707+0000] {logging_mixin.py:190} INFO - [2025-02-25T20:30:09.706+0000] {dag.py:4180} INFO - Setting next_dagrun for tutorial to 2025-02-24 00:00:00+00:00, run_after=2025-02-25 00:00:00+00:00
[2025-02-25T20:30:09.742+0000] {processor.py:208} INFO - Processing /home/airflow/.local/lib/python3.12/site-packages/airflow/example_dags/tutorial.py took 0.141 seconds
[2025-02-25T20:30:40.507+0000] {processor.py:186} INFO - Started process (PID=4110) to work on /home/airflow/.local/lib/python3.12/site-packages/airflow/example_dags/tutorial.py
[2025-02-25T20:30:40.513+0000] {processor.py:914} INFO - Processing file /home/airflow/.local/lib/python3.12/site-packages/airflow/example_dags/tutorial.py for tasks to queue
[2025-02-25T20:30:40.524+0000] {logging_mixin.py:190} INFO - [2025-02-25T20:30:40.522+0000] {dagbag.py:588} INFO - Filling up the DagBag from /home/airflow/.local/lib/python3.12/site-packages/airflow/example_dags/tutorial.py
[2025-02-25T20:30:40.566+0000] {processor.py:925} INFO - DAG(s) 'tutorial' retrieved from /home/airflow/.local/lib/python3.12/site-packages/airflow/example_dags/tutorial.py
[2025-02-25T20:30:40.685+0000] {logging_mixin.py:190} INFO - [2025-02-25T20:30:40.684+0000] {dag.py:3239} INFO - Sync 1 DAGs
[2025-02-25T20:30:40.744+0000] {logging_mixin.py:190} INFO - [2025-02-25T20:30:40.744+0000] {dag.py:4180} INFO - Setting next_dagrun for tutorial to 2025-02-24 00:00:00+00:00, run_after=2025-02-25 00:00:00+00:00
[2025-02-25T20:30:40.785+0000] {processor.py:208} INFO - Processing /home/airflow/.local/lib/python3.12/site-packages/airflow/example_dags/tutorial.py took 0.311 seconds
[2025-02-25T20:31:11.258+0000] {processor.py:186} INFO - Started process (PID=4172) to work on /home/airflow/.local/lib/python3.12/site-packages/airflow/example_dags/tutorial.py
[2025-02-25T20:31:11.260+0000] {processor.py:914} INFO - Processing file /home/airflow/.local/lib/python3.12/site-packages/airflow/example_dags/tutorial.py for tasks to queue
[2025-02-25T20:31:11.264+0000] {logging_mixin.py:190} INFO - [2025-02-25T20:31:11.263+0000] {dagbag.py:588} INFO - Filling up the DagBag from /home/airflow/.local/lib/python3.12/site-packages/airflow/example_dags/tutorial.py
[2025-02-25T20:31:11.281+0000] {processor.py:925} INFO - DAG(s) 'tutorial' retrieved from /home/airflow/.local/lib/python3.12/site-packages/airflow/example_dags/tutorial.py
[2025-02-25T20:31:11.317+0000] {logging_mixin.py:190} INFO - [2025-02-25T20:31:11.317+0000] {dag.py:3239} INFO - Sync 1 DAGs
[2025-02-25T20:31:11.365+0000] {logging_mixin.py:190} INFO - [2025-02-25T20:31:11.365+0000] {dag.py:4180} INFO - Setting next_dagrun for tutorial to 2025-02-24 00:00:00+00:00, run_after=2025-02-25 00:00:00+00:00
[2025-02-25T20:31:11.411+0000] {processor.py:208} INFO - Processing /home/airflow/.local/lib/python3.12/site-packages/airflow/example_dags/tutorial.py took 0.166 seconds
[2025-02-25T20:31:42.132+0000] {processor.py:186} INFO - Started process (PID=4236) to work on /home/airflow/.local/lib/python3.12/site-packages/airflow/example_dags/tutorial.py
[2025-02-25T20:31:42.135+0000] {processor.py:914} INFO - Processing file /home/airflow/.local/lib/python3.12/site-packages/airflow/example_dags/tutorial.py for tasks to queue
[2025-02-25T20:31:42.141+0000] {logging_mixin.py:190} INFO - [2025-02-25T20:31:42.140+0000] {dagbag.py:588} INFO - Filling up the DagBag from /home/airflow/.local/lib/python3.12/site-packages/airflow/example_dags/tutorial.py
[2025-02-25T20:31:42.166+0000] {processor.py:925} INFO - DAG(s) 'tutorial' retrieved from /home/airflow/.local/lib/python3.12/site-packages/airflow/example_dags/tutorial.py
[2025-02-25T20:31:42.221+0000] {logging_mixin.py:190} INFO - [2025-02-25T20:31:42.221+0000] {dag.py:3239} INFO - Sync 1 DAGs
[2025-02-25T20:31:42.306+0000] {logging_mixin.py:190} INFO - [2025-02-25T20:31:42.305+0000] {dag.py:4180} INFO - Setting next_dagrun for tutorial to 2025-02-24 00:00:00+00:00, run_after=2025-02-25 00:00:00+00:00
[2025-02-25T20:31:42.438+0000] {processor.py:208} INFO - Processing /home/airflow/.local/lib/python3.12/site-packages/airflow/example_dags/tutorial.py took 0.325 seconds
[2025-02-25T20:32:13.505+0000] {processor.py:186} INFO - Started process (PID=4298) to work on /home/airflow/.local/lib/python3.12/site-packages/airflow/example_dags/tutorial.py
[2025-02-25T20:32:13.510+0000] {processor.py:914} INFO - Processing file /home/airflow/.local/lib/python3.12/site-packages/airflow/example_dags/tutorial.py for tasks to queue
[2025-02-25T20:32:13.522+0000] {logging_mixin.py:190} INFO - [2025-02-25T20:32:13.520+0000] {dagbag.py:588} INFO - Filling up the DagBag from /home/airflow/.local/lib/python3.12/site-packages/airflow/example_dags/tutorial.py
[2025-02-25T20:32:13.566+0000] {processor.py:925} INFO - DAG(s) 'tutorial' retrieved from /home/airflow/.local/lib/python3.12/site-packages/airflow/example_dags/tutorial.py
[2025-02-25T20:32:13.649+0000] {logging_mixin.py:190} INFO - [2025-02-25T20:32:13.648+0000] {dag.py:3239} INFO - Sync 1 DAGs
[2025-02-25T20:32:13.774+0000] {logging_mixin.py:190} INFO - [2025-02-25T20:32:13.774+0000] {dag.py:4180} INFO - Setting next_dagrun for tutorial to 2025-02-24 00:00:00+00:00, run_after=2025-02-25 00:00:00+00:00
[2025-02-25T20:32:13.883+0000] {processor.py:208} INFO - Processing /home/airflow/.local/lib/python3.12/site-packages/airflow/example_dags/tutorial.py took 0.407 seconds
[2025-02-25T20:32:44.090+0000] {processor.py:186} INFO - Started process (PID=4360) to work on /home/airflow/.local/lib/python3.12/site-packages/airflow/example_dags/tutorial.py
[2025-02-25T20:32:44.095+0000] {processor.py:914} INFO - Processing file /home/airflow/.local/lib/python3.12/site-packages/airflow/example_dags/tutorial.py for tasks to queue
[2025-02-25T20:32:44.107+0000] {logging_mixin.py:190} INFO - [2025-02-25T20:32:44.106+0000] {dagbag.py:588} INFO - Filling up the DagBag from /home/airflow/.local/lib/python3.12/site-packages/airflow/example_dags/tutorial.py
[2025-02-25T20:32:44.150+0000] {processor.py:925} INFO - DAG(s) 'tutorial' retrieved from /home/airflow/.local/lib/python3.12/site-packages/airflow/example_dags/tutorial.py
[2025-02-25T20:32:44.202+0000] {logging_mixin.py:190} INFO - [2025-02-25T20:32:44.202+0000] {dag.py:3239} INFO - Sync 1 DAGs
[2025-02-25T20:32:44.253+0000] {logging_mixin.py:190} INFO - [2025-02-25T20:32:44.252+0000] {dag.py:4180} INFO - Setting next_dagrun for tutorial to 2025-02-24 00:00:00+00:00, run_after=2025-02-25 00:00:00+00:00
[2025-02-25T20:32:44.284+0000] {processor.py:208} INFO - Processing /home/airflow/.local/lib/python3.12/site-packages/airflow/example_dags/tutorial.py took 0.222 seconds
[2025-02-25T20:33:14.612+0000] {processor.py:186} INFO - Started process (PID=4424) to work on /home/airflow/.local/lib/python3.12/site-packages/airflow/example_dags/tutorial.py
[2025-02-25T20:33:14.619+0000] {processor.py:914} INFO - Processing file /home/airflow/.local/lib/python3.12/site-packages/airflow/example_dags/tutorial.py for tasks to queue
[2025-02-25T20:33:14.633+0000] {logging_mixin.py:190} INFO - [2025-02-25T20:33:14.631+0000] {dagbag.py:588} INFO - Filling up the DagBag from /home/airflow/.local/lib/python3.12/site-packages/airflow/example_dags/tutorial.py
[2025-02-25T20:33:14.670+0000] {processor.py:925} INFO - DAG(s) 'tutorial' retrieved from /home/airflow/.local/lib/python3.12/site-packages/airflow/example_dags/tutorial.py
[2025-02-25T20:33:14.719+0000] {logging_mixin.py:190} INFO - [2025-02-25T20:33:14.718+0000] {dag.py:3239} INFO - Sync 1 DAGs
[2025-02-25T20:33:14.803+0000] {logging_mixin.py:190} INFO - [2025-02-25T20:33:14.802+0000] {dag.py:4180} INFO - Setting next_dagrun for tutorial to 2025-02-24 00:00:00+00:00, run_after=2025-02-25 00:00:00+00:00
[2025-02-25T20:33:14.879+0000] {processor.py:208} INFO - Processing /home/airflow/.local/lib/python3.12/site-packages/airflow/example_dags/tutorial.py took 0.302 seconds
[2025-02-25T20:33:45.294+0000] {processor.py:186} INFO - Started process (PID=4487) to work on /home/airflow/.local/lib/python3.12/site-packages/airflow/example_dags/tutorial.py
[2025-02-25T20:33:45.296+0000] {processor.py:914} INFO - Processing file /home/airflow/.local/lib/python3.12/site-packages/airflow/example_dags/tutorial.py for tasks to queue
[2025-02-25T20:33:45.300+0000] {logging_mixin.py:190} INFO - [2025-02-25T20:33:45.300+0000] {dagbag.py:588} INFO - Filling up the DagBag from /home/airflow/.local/lib/python3.12/site-packages/airflow/example_dags/tutorial.py
[2025-02-25T20:33:45.316+0000] {processor.py:925} INFO - DAG(s) 'tutorial' retrieved from /home/airflow/.local/lib/python3.12/site-packages/airflow/example_dags/tutorial.py
[2025-02-25T20:33:45.352+0000] {logging_mixin.py:190} INFO - [2025-02-25T20:33:45.352+0000] {dag.py:3239} INFO - Sync 1 DAGs
[2025-02-25T20:33:45.394+0000] {logging_mixin.py:190} INFO - [2025-02-25T20:33:45.394+0000] {dag.py:4180} INFO - Setting next_dagrun for tutorial to 2025-02-24 00:00:00+00:00, run_after=2025-02-25 00:00:00+00:00
[2025-02-25T20:33:45.435+0000] {processor.py:208} INFO - Processing /home/airflow/.local/lib/python3.12/site-packages/airflow/example_dags/tutorial.py took 0.152 seconds
[2025-02-25T20:34:16.190+0000] {processor.py:186} INFO - Started process (PID=4550) to work on /home/airflow/.local/lib/python3.12/site-packages/airflow/example_dags/tutorial.py
[2025-02-25T20:34:16.196+0000] {processor.py:914} INFO - Processing file /home/airflow/.local/lib/python3.12/site-packages/airflow/example_dags/tutorial.py for tasks to queue
[2025-02-25T20:34:16.210+0000] {logging_mixin.py:190} INFO - [2025-02-25T20:34:16.208+0000] {dagbag.py:588} INFO - Filling up the DagBag from /home/airflow/.local/lib/python3.12/site-packages/airflow/example_dags/tutorial.py
[2025-02-25T20:34:16.256+0000] {processor.py:925} INFO - DAG(s) 'tutorial' retrieved from /home/airflow/.local/lib/python3.12/site-packages/airflow/example_dags/tutorial.py
[2025-02-25T20:34:16.350+0000] {logging_mixin.py:190} INFO - [2025-02-25T20:34:16.349+0000] {dag.py:3239} INFO - Sync 1 DAGs
[2025-02-25T20:34:16.450+0000] {logging_mixin.py:190} INFO - [2025-02-25T20:34:16.449+0000] {dag.py:4180} INFO - Setting next_dagrun for tutorial to 2025-02-24 00:00:00+00:00, run_after=2025-02-25 00:00:00+00:00
[2025-02-25T20:34:16.627+0000] {processor.py:208} INFO - Processing /home/airflow/.local/lib/python3.12/site-packages/airflow/example_dags/tutorial.py took 0.470 seconds
[2025-02-25T20:42:35.571+0000] {processor.py:186} INFO - Started process (PID=4639) to work on /home/airflow/.local/lib/python3.12/site-packages/airflow/example_dags/tutorial.py
[2025-02-25T20:42:35.573+0000] {processor.py:914} INFO - Processing file /home/airflow/.local/lib/python3.12/site-packages/airflow/example_dags/tutorial.py for tasks to queue
[2025-02-25T20:42:35.579+0000] {logging_mixin.py:190} INFO - [2025-02-25T20:42:35.578+0000] {dagbag.py:588} INFO - Filling up the DagBag from /home/airflow/.local/lib/python3.12/site-packages/airflow/example_dags/tutorial.py
[2025-02-25T20:42:35.596+0000] {processor.py:925} INFO - DAG(s) 'tutorial' retrieved from /home/airflow/.local/lib/python3.12/site-packages/airflow/example_dags/tutorial.py
[2025-02-25T20:42:35.639+0000] {logging_mixin.py:190} INFO - [2025-02-25T20:42:35.639+0000] {dag.py:3239} INFO - Sync 1 DAGs
[2025-02-25T20:42:35.692+0000] {logging_mixin.py:190} INFO - [2025-02-25T20:42:35.691+0000] {dag.py:4180} INFO - Setting next_dagrun for tutorial to 2025-02-24 00:00:00+00:00, run_after=2025-02-25 00:00:00+00:00
[2025-02-25T20:42:35.729+0000] {processor.py:208} INFO - Processing /home/airflow/.local/lib/python3.12/site-packages/airflow/example_dags/tutorial.py took 0.171 seconds
[2025-02-25T20:43:06.772+0000] {processor.py:186} INFO - Started process (PID=4703) to work on /home/airflow/.local/lib/python3.12/site-packages/airflow/example_dags/tutorial.py
[2025-02-25T20:43:06.775+0000] {processor.py:914} INFO - Processing file /home/airflow/.local/lib/python3.12/site-packages/airflow/example_dags/tutorial.py for tasks to queue
[2025-02-25T20:43:06.781+0000] {logging_mixin.py:190} INFO - [2025-02-25T20:43:06.780+0000] {dagbag.py:588} INFO - Filling up the DagBag from /home/airflow/.local/lib/python3.12/site-packages/airflow/example_dags/tutorial.py
[2025-02-25T20:43:06.803+0000] {processor.py:925} INFO - DAG(s) 'tutorial' retrieved from /home/airflow/.local/lib/python3.12/site-packages/airflow/example_dags/tutorial.py
[2025-02-25T20:43:06.847+0000] {logging_mixin.py:190} INFO - [2025-02-25T20:43:06.846+0000] {dag.py:3239} INFO - Sync 1 DAGs
[2025-02-25T20:43:06.903+0000] {logging_mixin.py:190} INFO - [2025-02-25T20:43:06.902+0000] {dag.py:4180} INFO - Setting next_dagrun for tutorial to 2025-02-24 00:00:00+00:00, run_after=2025-02-25 00:00:00+00:00
[2025-02-25T20:43:06.953+0000] {processor.py:208} INFO - Processing /home/airflow/.local/lib/python3.12/site-packages/airflow/example_dags/tutorial.py took 0.197 seconds
[2025-02-25T20:43:38.136+0000] {processor.py:186} INFO - Started process (PID=4765) to work on /home/airflow/.local/lib/python3.12/site-packages/airflow/example_dags/tutorial.py
[2025-02-25T20:43:38.138+0000] {processor.py:914} INFO - Processing file /home/airflow/.local/lib/python3.12/site-packages/airflow/example_dags/tutorial.py for tasks to queue
[2025-02-25T20:43:38.143+0000] {logging_mixin.py:190} INFO - [2025-02-25T20:43:38.143+0000] {dagbag.py:588} INFO - Filling up the DagBag from /home/airflow/.local/lib/python3.12/site-packages/airflow/example_dags/tutorial.py
[2025-02-25T20:43:38.158+0000] {processor.py:925} INFO - DAG(s) 'tutorial' retrieved from /home/airflow/.local/lib/python3.12/site-packages/airflow/example_dags/tutorial.py
[2025-02-25T20:43:38.194+0000] {logging_mixin.py:190} INFO - [2025-02-25T20:43:38.193+0000] {dag.py:3239} INFO - Sync 1 DAGs
[2025-02-25T20:43:38.232+0000] {logging_mixin.py:190} INFO - [2025-02-25T20:43:38.231+0000] {dag.py:4180} INFO - Setting next_dagrun for tutorial to 2025-02-24 00:00:00+00:00, run_after=2025-02-25 00:00:00+00:00
[2025-02-25T20:43:38.268+0000] {processor.py:208} INFO - Processing /home/airflow/.local/lib/python3.12/site-packages/airflow/example_dags/tutorial.py took 0.144 seconds
[2025-02-25T20:54:51.928+0000] {processor.py:186} INFO - Started process (PID=4834) to work on /home/airflow/.local/lib/python3.12/site-packages/airflow/example_dags/tutorial.py
[2025-02-25T20:54:51.934+0000] {processor.py:914} INFO - Processing file /home/airflow/.local/lib/python3.12/site-packages/airflow/example_dags/tutorial.py for tasks to queue
[2025-02-25T20:54:51.962+0000] {logging_mixin.py:190} INFO - [2025-02-25T20:54:51.961+0000] {dagbag.py:588} INFO - Filling up the DagBag from /home/airflow/.local/lib/python3.12/site-packages/airflow/example_dags/tutorial.py
[2025-02-25T20:54:52.026+0000] {processor.py:925} INFO - DAG(s) 'tutorial' retrieved from /home/airflow/.local/lib/python3.12/site-packages/airflow/example_dags/tutorial.py
[2025-02-25T20:54:52.131+0000] {logging_mixin.py:190} INFO - [2025-02-25T20:54:52.130+0000] {dag.py:3239} INFO - Sync 1 DAGs
[2025-02-25T20:54:52.214+0000] {logging_mixin.py:190} INFO - [2025-02-25T20:54:52.214+0000] {dag.py:4180} INFO - Setting next_dagrun for tutorial to 2025-02-24 00:00:00+00:00, run_after=2025-02-25 00:00:00+00:00
[2025-02-25T20:54:52.337+0000] {processor.py:208} INFO - Processing /home/airflow/.local/lib/python3.12/site-packages/airflow/example_dags/tutorial.py took 0.473 seconds
