[2025-04-15T09:25:42.878+0000] {local_task_job_runner.py:123} INFO - ::group::Pre task execution logs
[2025-04-15T09:25:43.006+0000] {taskinstance.py:2614} INFO - Dependencies all met for dep_context=non-requeueable deps ti=<TaskInstance: example_postgres_dag3.create_table scheduled__2024-11-26T00:00:00+00:00 [queued]>
[2025-04-15T09:25:43.112+0000] {taskinstance.py:2614} INFO - Dependencies all met for dep_context=requeueable deps ti=<TaskInstance: example_postgres_dag3.create_table scheduled__2024-11-26T00:00:00+00:00 [queued]>
[2025-04-15T09:25:43.116+0000] {taskinstance.py:2867} INFO - Starting attempt 1 of 1
[2025-04-15T09:25:43.268+0000] {taskinstance.py:2890} INFO - Executing <Task(PostgresOperator): create_table> on 2024-11-26 00:00:00+00:00
[2025-04-15T09:25:43.279+0000] {standard_task_runner.py:72} INFO - Started process 3643 to run task
[2025-04-15T09:25:43.297+0000] {standard_task_runner.py:104} INFO - Running: ['***', 'tasks', 'run', 'example_postgres_dag3', 'create_table', 'scheduled__2024-11-26T00:00:00+00:00', '--job-id', '132', '--raw', '--subdir', 'DAGS_FOLDER/dag_postgreSql.py', '--cfg-path', '/tmp/tmp0lnqn4f2']
[2025-04-15T09:25:43.312+0000] {standard_task_runner.py:105} INFO - Job 132: Subtask create_table
[2025-04-15T09:25:43.570+0000] {task_command.py:467} INFO - Running <TaskInstance: example_postgres_dag3.create_table scheduled__2024-11-26T00:00:00+00:00 [running]> on host d7d36d5d8c2d
[2025-04-15T09:25:44.094+0000] {taskinstance.py:3134} INFO - Exporting env vars: AIRFLOW_CTX_DAG_OWNER='***' AIRFLOW_CTX_DAG_ID='example_postgres_dag3' AIRFLOW_CTX_TASK_ID='create_table' AIRFLOW_CTX_EXECUTION_DATE='2024-11-26T00:00:00+00:00' AIRFLOW_CTX_TRY_NUMBER='1' AIRFLOW_CTX_DAG_RUN_ID='scheduled__2024-11-26T00:00:00+00:00'
[2025-04-15T09:25:44.098+0000] {taskinstance.py:732} INFO - ::endgroup::
[2025-04-15T09:25:44.223+0000] {sql.py:295} INFO - Executing: 
            CREATE TABLE IF NOT EXISTS example_table (
                dt date,
                dag_id character varying,
                primary key (dt, dag_id)
            );
        
[2025-04-15T09:25:44.270+0000] {base.py:84} INFO - Retrieving connection 'postgres_localhost'
[2025-04-15T09:25:44.303+0000] {base.py:84} INFO - Retrieving connection 'postgres_localhost'
[2025-04-15T09:25:44.313+0000] {sql.py:186} WARNING - This setter is for backward compatibility and should not be used.
Since the introduction of connection property, the providers listed below breaks due to assigning value to self.connection in their __init__ method.
* apache-***-providers-mysql<5.7.1
* apache-***-providers-elasticsearch<5.5.1
* apache-***-providers-postgres<5.13.0
[2025-04-15T09:25:44.348+0000] {sql.py:511} INFO - Running statement: 
            CREATE TABLE IF NOT EXISTS example_table (
                dt date,
                dag_id character varying,
                primary key (dt, dag_id)
            );
        , parameters: None
[2025-04-15T09:25:44.408+0000] {taskinstance.py:341} INFO - ::group::Post task execution logs
[2025-04-15T09:25:44.416+0000] {taskinstance.py:353} INFO - Marking task as SUCCESS. dag_id=example_postgres_dag3, task_id=create_table, run_id=scheduled__2024-11-26T00:00:00+00:00, execution_date=20241126T000000, start_date=20250415T092543, end_date=20250415T092544
[2025-04-15T09:25:44.620+0000] {local_task_job_runner.py:266} INFO - Task exited with return code 0
[2025-04-15T09:25:44.680+0000] {taskinstance.py:3901} INFO - 0 downstream tasks scheduled from follow-on schedule check
[2025-04-15T09:25:44.691+0000] {local_task_job_runner.py:245} INFO - ::endgroup::
