[2025-05-01T14:43:33.670+0000] {processor.py:186} INFO - Started process (PID=74106) to work on /opt/airflow/dags/detect_and_extract_dag.py
[2025-05-01T14:43:33.766+0000] {processor.py:914} INFO - Processing file /opt/airflow/dags/detect_and_extract_dag.py for tasks to queue
[2025-05-01T14:43:33.815+0000] {logging_mixin.py:190} INFO - [2025-05-01T14:43:33.814+0000] {dagbag.py:588} INFO - Filling up the DagBag from /opt/airflow/dags/detect_and_extract_dag.py
[2025-05-01T14:43:34.019+0000] {processor.py:925} INFO - DAG(s) 'detect_and_extract_dag' retrieved from /opt/airflow/dags/detect_and_extract_dag.py
[2025-05-01T14:43:34.286+0000] {logging_mixin.py:190} INFO - [2025-05-01T14:43:34.285+0000] {dag.py:3239} INFO - Sync 1 DAGs
[2025-05-01T14:43:35.028+0000] {logging_mixin.py:190} INFO - [2025-05-01T14:43:35.028+0000] {dag.py:4180} INFO - Setting next_dagrun for detect_and_extract_dag to 2025-04-01 00:00:00+00:00, run_after=2025-05-01 00:00:00+00:00
[2025-05-01T14:43:35.787+0000] {processor.py:208} INFO - Processing /opt/airflow/dags/detect_and_extract_dag.py took 2.179 seconds
[2025-05-01T14:44:07.395+0000] {processor.py:186} INFO - Started process (PID=74139) to work on /opt/airflow/dags/detect_and_extract_dag.py
[2025-05-01T14:44:07.415+0000] {processor.py:914} INFO - Processing file /opt/airflow/dags/detect_and_extract_dag.py for tasks to queue
[2025-05-01T14:44:07.430+0000] {logging_mixin.py:190} INFO - [2025-05-01T14:44:07.429+0000] {dagbag.py:588} INFO - Filling up the DagBag from /opt/airflow/dags/detect_and_extract_dag.py
[2025-05-01T14:44:07.579+0000] {processor.py:925} INFO - DAG(s) 'detect_and_extract_dag' retrieved from /opt/airflow/dags/detect_and_extract_dag.py
[2025-05-01T14:44:07.713+0000] {logging_mixin.py:190} INFO - [2025-05-01T14:44:07.711+0000] {dag.py:3239} INFO - Sync 1 DAGs
[2025-05-01T14:44:07.913+0000] {logging_mixin.py:190} INFO - [2025-05-01T14:44:07.912+0000] {dag.py:4180} INFO - Setting next_dagrun for detect_and_extract_dag to 2025-04-01 00:00:00+00:00, run_after=2025-05-01 00:00:00+00:00
[2025-05-01T14:44:08.013+0000] {processor.py:208} INFO - Processing /opt/airflow/dags/detect_and_extract_dag.py took 0.641 seconds
[2025-05-01T14:44:38.444+0000] {processor.py:186} INFO - Started process (PID=74171) to work on /opt/airflow/dags/detect_and_extract_dag.py
[2025-05-01T14:44:38.445+0000] {processor.py:914} INFO - Processing file /opt/airflow/dags/detect_and_extract_dag.py for tasks to queue
[2025-05-01T14:44:38.447+0000] {logging_mixin.py:190} INFO - [2025-05-01T14:44:38.447+0000] {dagbag.py:588} INFO - Filling up the DagBag from /opt/airflow/dags/detect_and_extract_dag.py
[2025-05-01T14:44:38.467+0000] {processor.py:925} INFO - DAG(s) 'detect_and_extract_dag' retrieved from /opt/airflow/dags/detect_and_extract_dag.py
[2025-05-01T14:44:38.496+0000] {logging_mixin.py:190} INFO - [2025-05-01T14:44:38.495+0000] {dag.py:3239} INFO - Sync 1 DAGs
[2025-05-01T14:44:38.528+0000] {logging_mixin.py:190} INFO - [2025-05-01T14:44:38.528+0000] {dag.py:4180} INFO - Setting next_dagrun for detect_and_extract_dag to 2025-04-01 00:00:00+00:00, run_after=2025-05-01 00:00:00+00:00
[2025-05-01T14:44:38.560+0000] {processor.py:208} INFO - Processing /opt/airflow/dags/detect_and_extract_dag.py took 0.124 seconds
[2025-05-01T14:45:09.164+0000] {processor.py:186} INFO - Started process (PID=74202) to work on /opt/airflow/dags/detect_and_extract_dag.py
[2025-05-01T14:45:09.165+0000] {processor.py:914} INFO - Processing file /opt/airflow/dags/detect_and_extract_dag.py for tasks to queue
[2025-05-01T14:45:09.167+0000] {logging_mixin.py:190} INFO - [2025-05-01T14:45:09.167+0000] {dagbag.py:588} INFO - Filling up the DagBag from /opt/airflow/dags/detect_and_extract_dag.py
[2025-05-01T14:45:09.186+0000] {processor.py:925} INFO - DAG(s) 'detect_and_extract_dag' retrieved from /opt/airflow/dags/detect_and_extract_dag.py
[2025-05-01T14:45:09.216+0000] {logging_mixin.py:190} INFO - [2025-05-01T14:45:09.216+0000] {dag.py:3239} INFO - Sync 1 DAGs
[2025-05-01T14:45:09.244+0000] {logging_mixin.py:190} INFO - [2025-05-01T14:45:09.244+0000] {dag.py:4180} INFO - Setting next_dagrun for detect_and_extract_dag to 2025-04-01 00:00:00+00:00, run_after=2025-05-01 00:00:00+00:00
[2025-05-01T14:45:09.272+0000] {processor.py:208} INFO - Processing /opt/airflow/dags/detect_and_extract_dag.py took 0.115 seconds
[2025-05-01T14:45:39.644+0000] {processor.py:186} INFO - Started process (PID=74233) to work on /opt/airflow/dags/detect_and_extract_dag.py
[2025-05-01T14:45:39.645+0000] {processor.py:914} INFO - Processing file /opt/airflow/dags/detect_and_extract_dag.py for tasks to queue
[2025-05-01T14:45:39.647+0000] {logging_mixin.py:190} INFO - [2025-05-01T14:45:39.647+0000] {dagbag.py:588} INFO - Filling up the DagBag from /opt/airflow/dags/detect_and_extract_dag.py
[2025-05-01T14:45:39.682+0000] {processor.py:925} INFO - DAG(s) 'detect_and_extract_dag' retrieved from /opt/airflow/dags/detect_and_extract_dag.py
[2025-05-01T14:45:39.729+0000] {logging_mixin.py:190} INFO - [2025-05-01T14:45:39.729+0000] {dag.py:3239} INFO - Sync 1 DAGs
[2025-05-01T14:45:39.767+0000] {logging_mixin.py:190} INFO - [2025-05-01T14:45:39.766+0000] {dag.py:4180} INFO - Setting next_dagrun for detect_and_extract_dag to 2025-04-01 00:00:00+00:00, run_after=2025-05-01 00:00:00+00:00
[2025-05-01T14:45:39.801+0000] {processor.py:208} INFO - Processing /opt/airflow/dags/detect_and_extract_dag.py took 0.166 seconds
[2025-05-01T14:46:10.027+0000] {processor.py:186} INFO - Started process (PID=74264) to work on /opt/airflow/dags/detect_and_extract_dag.py
[2025-05-01T14:46:10.028+0000] {processor.py:914} INFO - Processing file /opt/airflow/dags/detect_and_extract_dag.py for tasks to queue
[2025-05-01T14:46:10.032+0000] {logging_mixin.py:190} INFO - [2025-05-01T14:46:10.031+0000] {dagbag.py:588} INFO - Filling up the DagBag from /opt/airflow/dags/detect_and_extract_dag.py
[2025-05-01T14:46:10.065+0000] {processor.py:925} INFO - DAG(s) 'detect_and_extract_dag' retrieved from /opt/airflow/dags/detect_and_extract_dag.py
[2025-05-01T14:46:10.141+0000] {logging_mixin.py:190} INFO - [2025-05-01T14:46:10.140+0000] {dag.py:3239} INFO - Sync 1 DAGs
[2025-05-01T14:46:10.192+0000] {logging_mixin.py:190} INFO - [2025-05-01T14:46:10.191+0000] {dag.py:4180} INFO - Setting next_dagrun for detect_and_extract_dag to 2025-04-01 00:00:00+00:00, run_after=2025-05-01 00:00:00+00:00
[2025-05-01T14:46:10.229+0000] {processor.py:208} INFO - Processing /opt/airflow/dags/detect_and_extract_dag.py took 0.217 seconds
[2025-05-01T14:46:41.669+0000] {processor.py:186} INFO - Started process (PID=74295) to work on /opt/airflow/dags/detect_and_extract_dag.py
[2025-05-01T14:46:41.671+0000] {processor.py:914} INFO - Processing file /opt/airflow/dags/detect_and_extract_dag.py for tasks to queue
[2025-05-01T14:46:41.702+0000] {logging_mixin.py:190} INFO - [2025-05-01T14:46:41.701+0000] {dagbag.py:588} INFO - Filling up the DagBag from /opt/airflow/dags/detect_and_extract_dag.py
[2025-05-01T14:46:41.815+0000] {processor.py:925} INFO - DAG(s) 'detect_and_extract_dag' retrieved from /opt/airflow/dags/detect_and_extract_dag.py
[2025-05-01T14:46:41.973+0000] {logging_mixin.py:190} INFO - [2025-05-01T14:46:41.972+0000] {dag.py:3239} INFO - Sync 1 DAGs
[2025-05-01T14:46:42.104+0000] {logging_mixin.py:190} INFO - [2025-05-01T14:46:42.101+0000] {dag.py:4180} INFO - Setting next_dagrun for detect_and_extract_dag to 2025-04-01 00:00:00+00:00, run_after=2025-05-01 00:00:00+00:00
[2025-05-01T14:46:42.167+0000] {processor.py:208} INFO - Processing /opt/airflow/dags/detect_and_extract_dag.py took 0.520 seconds
[2025-05-01T14:47:12.393+0000] {processor.py:186} INFO - Started process (PID=74327) to work on /opt/airflow/dags/detect_and_extract_dag.py
[2025-05-01T14:47:12.394+0000] {processor.py:914} INFO - Processing file /opt/airflow/dags/detect_and_extract_dag.py for tasks to queue
[2025-05-01T14:47:12.397+0000] {logging_mixin.py:190} INFO - [2025-05-01T14:47:12.397+0000] {dagbag.py:588} INFO - Filling up the DagBag from /opt/airflow/dags/detect_and_extract_dag.py
[2025-05-01T14:47:12.442+0000] {processor.py:925} INFO - DAG(s) 'detect_and_extract_dag' retrieved from /opt/airflow/dags/detect_and_extract_dag.py
[2025-05-01T14:47:12.497+0000] {logging_mixin.py:190} INFO - [2025-05-01T14:47:12.497+0000] {dag.py:3239} INFO - Sync 1 DAGs
[2025-05-01T14:47:12.558+0000] {logging_mixin.py:190} INFO - [2025-05-01T14:47:12.558+0000] {dag.py:4180} INFO - Setting next_dagrun for detect_and_extract_dag to 2025-04-01 00:00:00+00:00, run_after=2025-05-01 00:00:00+00:00
[2025-05-01T14:47:12.590+0000] {processor.py:208} INFO - Processing /opt/airflow/dags/detect_and_extract_dag.py took 0.208 seconds
[2025-05-01T14:47:43.013+0000] {processor.py:186} INFO - Started process (PID=74343) to work on /opt/airflow/dags/detect_and_extract_dag.py
[2025-05-01T14:47:43.013+0000] {processor.py:914} INFO - Processing file /opt/airflow/dags/detect_and_extract_dag.py for tasks to queue
[2025-05-01T14:47:43.016+0000] {logging_mixin.py:190} INFO - [2025-05-01T14:47:43.015+0000] {dagbag.py:588} INFO - Filling up the DagBag from /opt/airflow/dags/detect_and_extract_dag.py
[2025-05-01T14:47:43.050+0000] {processor.py:925} INFO - DAG(s) 'detect_and_extract_dag' retrieved from /opt/airflow/dags/detect_and_extract_dag.py
[2025-05-01T14:47:43.099+0000] {logging_mixin.py:190} INFO - [2025-05-01T14:47:43.098+0000] {dag.py:3239} INFO - Sync 1 DAGs
[2025-05-01T14:47:43.161+0000] {logging_mixin.py:190} INFO - [2025-05-01T14:47:43.161+0000] {dag.py:4180} INFO - Setting next_dagrun for detect_and_extract_dag to 2025-04-01 00:00:00+00:00, run_after=2025-05-01 00:00:00+00:00
[2025-05-01T14:47:43.196+0000] {processor.py:208} INFO - Processing /opt/airflow/dags/detect_and_extract_dag.py took 0.197 seconds
[2025-05-01T14:48:13.318+0000] {processor.py:186} INFO - Started process (PID=74375) to work on /opt/airflow/dags/detect_and_extract_dag.py
[2025-05-01T14:48:13.320+0000] {processor.py:914} INFO - Processing file /opt/airflow/dags/detect_and_extract_dag.py for tasks to queue
[2025-05-01T14:48:13.328+0000] {logging_mixin.py:190} INFO - [2025-05-01T14:48:13.327+0000] {dagbag.py:588} INFO - Filling up the DagBag from /opt/airflow/dags/detect_and_extract_dag.py
[2025-05-01T14:48:13.358+0000] {processor.py:925} INFO - DAG(s) 'detect_and_extract_dag' retrieved from /opt/airflow/dags/detect_and_extract_dag.py
[2025-05-01T14:48:13.413+0000] {logging_mixin.py:190} INFO - [2025-05-01T14:48:13.413+0000] {dag.py:3239} INFO - Sync 1 DAGs
[2025-05-01T14:48:13.458+0000] {logging_mixin.py:190} INFO - [2025-05-01T14:48:13.458+0000] {dag.py:4180} INFO - Setting next_dagrun for detect_and_extract_dag to 2025-04-01 00:00:00+00:00, run_after=2025-05-01 00:00:00+00:00
[2025-05-01T14:48:13.507+0000] {processor.py:208} INFO - Processing /opt/airflow/dags/detect_and_extract_dag.py took 0.205 seconds
[2025-05-01T14:48:43.824+0000] {processor.py:186} INFO - Started process (PID=74407) to work on /opt/airflow/dags/detect_and_extract_dag.py
[2025-05-01T14:48:43.832+0000] {processor.py:914} INFO - Processing file /opt/airflow/dags/detect_and_extract_dag.py for tasks to queue
[2025-05-01T14:48:43.837+0000] {logging_mixin.py:190} INFO - [2025-05-01T14:48:43.836+0000] {dagbag.py:588} INFO - Filling up the DagBag from /opt/airflow/dags/detect_and_extract_dag.py
[2025-05-01T14:48:43.902+0000] {processor.py:925} INFO - DAG(s) 'detect_and_extract_dag' retrieved from /opt/airflow/dags/detect_and_extract_dag.py
[2025-05-01T14:48:43.999+0000] {logging_mixin.py:190} INFO - [2025-05-01T14:48:43.998+0000] {dag.py:3239} INFO - Sync 1 DAGs
[2025-05-01T14:48:44.089+0000] {logging_mixin.py:190} INFO - [2025-05-01T14:48:44.088+0000] {dag.py:4180} INFO - Setting next_dagrun for detect_and_extract_dag to 2025-04-01 00:00:00+00:00, run_after=2025-05-01 00:00:00+00:00
[2025-05-01T14:48:44.162+0000] {processor.py:208} INFO - Processing /opt/airflow/dags/detect_and_extract_dag.py took 0.360 seconds
[2025-05-01T14:49:14.371+0000] {processor.py:186} INFO - Started process (PID=74443) to work on /opt/airflow/dags/detect_and_extract_dag.py
[2025-05-01T14:49:14.381+0000] {processor.py:914} INFO - Processing file /opt/airflow/dags/detect_and_extract_dag.py for tasks to queue
[2025-05-01T14:49:14.385+0000] {logging_mixin.py:190} INFO - [2025-05-01T14:49:14.384+0000] {dagbag.py:588} INFO - Filling up the DagBag from /opt/airflow/dags/detect_and_extract_dag.py
[2025-05-01T14:49:14.432+0000] {processor.py:925} INFO - DAG(s) 'detect_and_extract_dag' retrieved from /opt/airflow/dags/detect_and_extract_dag.py
[2025-05-01T14:49:14.482+0000] {logging_mixin.py:190} INFO - [2025-05-01T14:49:14.481+0000] {dag.py:3239} INFO - Sync 1 DAGs
[2025-05-01T14:49:14.533+0000] {logging_mixin.py:190} INFO - [2025-05-01T14:49:14.533+0000] {dag.py:4180} INFO - Setting next_dagrun for detect_and_extract_dag to 2025-04-01 00:00:00+00:00, run_after=2025-05-01 00:00:00+00:00
[2025-05-01T14:49:14.568+0000] {processor.py:208} INFO - Processing /opt/airflow/dags/detect_and_extract_dag.py took 0.205 seconds
[2025-05-01T14:49:45.187+0000] {processor.py:186} INFO - Started process (PID=74469) to work on /opt/airflow/dags/detect_and_extract_dag.py
[2025-05-01T14:49:45.189+0000] {processor.py:914} INFO - Processing file /opt/airflow/dags/detect_and_extract_dag.py for tasks to queue
[2025-05-01T14:49:45.201+0000] {logging_mixin.py:190} INFO - [2025-05-01T14:49:45.201+0000] {dagbag.py:588} INFO - Filling up the DagBag from /opt/airflow/dags/detect_and_extract_dag.py
[2025-05-01T14:49:45.284+0000] {processor.py:925} INFO - DAG(s) 'detect_and_extract_dag' retrieved from /opt/airflow/dags/detect_and_extract_dag.py
[2025-05-01T14:49:45.405+0000] {logging_mixin.py:190} INFO - [2025-05-01T14:49:45.404+0000] {dag.py:3239} INFO - Sync 1 DAGs
[2025-05-01T14:49:45.519+0000] {logging_mixin.py:190} INFO - [2025-05-01T14:49:45.519+0000] {dag.py:4180} INFO - Setting next_dagrun for detect_and_extract_dag to 2025-04-01 00:00:00+00:00, run_after=2025-05-01 00:00:00+00:00
[2025-05-01T14:49:45.600+0000] {processor.py:208} INFO - Processing /opt/airflow/dags/detect_and_extract_dag.py took 0.436 seconds
[2025-05-01T14:50:16.136+0000] {processor.py:186} INFO - Started process (PID=74500) to work on /opt/airflow/dags/detect_and_extract_dag.py
[2025-05-01T14:50:16.137+0000] {processor.py:914} INFO - Processing file /opt/airflow/dags/detect_and_extract_dag.py for tasks to queue
[2025-05-01T14:50:16.151+0000] {logging_mixin.py:190} INFO - [2025-05-01T14:50:16.150+0000] {dagbag.py:588} INFO - Filling up the DagBag from /opt/airflow/dags/detect_and_extract_dag.py
[2025-05-01T14:50:16.201+0000] {processor.py:925} INFO - DAG(s) 'detect_and_extract_dag' retrieved from /opt/airflow/dags/detect_and_extract_dag.py
[2025-05-01T14:50:16.284+0000] {logging_mixin.py:190} INFO - [2025-05-01T14:50:16.283+0000] {dag.py:3239} INFO - Sync 1 DAGs
[2025-05-01T14:50:16.369+0000] {logging_mixin.py:190} INFO - [2025-05-01T14:50:16.368+0000] {dag.py:4180} INFO - Setting next_dagrun for detect_and_extract_dag to 2025-04-01 00:00:00+00:00, run_after=2025-05-01 00:00:00+00:00
[2025-05-01T14:50:16.433+0000] {processor.py:208} INFO - Processing /opt/airflow/dags/detect_and_extract_dag.py took 0.315 seconds
[2025-05-01T14:50:46.599+0000] {processor.py:186} INFO - Started process (PID=74531) to work on /opt/airflow/dags/detect_and_extract_dag.py
[2025-05-01T14:50:46.600+0000] {processor.py:914} INFO - Processing file /opt/airflow/dags/detect_and_extract_dag.py for tasks to queue
[2025-05-01T14:50:46.604+0000] {logging_mixin.py:190} INFO - [2025-05-01T14:50:46.603+0000] {dagbag.py:588} INFO - Filling up the DagBag from /opt/airflow/dags/detect_and_extract_dag.py
[2025-05-01T14:50:46.654+0000] {processor.py:925} INFO - DAG(s) 'detect_and_extract_dag' retrieved from /opt/airflow/dags/detect_and_extract_dag.py
[2025-05-01T14:50:46.730+0000] {logging_mixin.py:190} INFO - [2025-05-01T14:50:46.727+0000] {dag.py:3239} INFO - Sync 1 DAGs
[2025-05-01T14:50:46.797+0000] {logging_mixin.py:190} INFO - [2025-05-01T14:50:46.797+0000] {dag.py:4180} INFO - Setting next_dagrun for detect_and_extract_dag to 2025-04-01 00:00:00+00:00, run_after=2025-05-01 00:00:00+00:00
[2025-05-01T14:50:46.856+0000] {processor.py:208} INFO - Processing /opt/airflow/dags/detect_and_extract_dag.py took 0.271 seconds
[2025-05-01T14:51:17.690+0000] {processor.py:186} INFO - Started process (PID=74561) to work on /opt/airflow/dags/detect_and_extract_dag.py
[2025-05-01T14:51:17.698+0000] {processor.py:914} INFO - Processing file /opt/airflow/dags/detect_and_extract_dag.py for tasks to queue
[2025-05-01T14:51:17.725+0000] {logging_mixin.py:190} INFO - [2025-05-01T14:51:17.717+0000] {dagbag.py:588} INFO - Filling up the DagBag from /opt/airflow/dags/detect_and_extract_dag.py
[2025-05-01T14:51:17.854+0000] {processor.py:925} INFO - DAG(s) 'detect_and_extract_dag' retrieved from /opt/airflow/dags/detect_and_extract_dag.py
[2025-05-01T14:51:18.021+0000] {logging_mixin.py:190} INFO - [2025-05-01T14:51:18.020+0000] {dag.py:3239} INFO - Sync 1 DAGs
[2025-05-01T14:51:18.168+0000] {logging_mixin.py:190} INFO - [2025-05-01T14:51:18.167+0000] {dag.py:4180} INFO - Setting next_dagrun for detect_and_extract_dag to 2025-04-01 00:00:00+00:00, run_after=2025-05-01 00:00:00+00:00
[2025-05-01T14:51:18.285+0000] {processor.py:208} INFO - Processing /opt/airflow/dags/detect_and_extract_dag.py took 0.632 seconds
[2025-05-01T14:51:48.535+0000] {processor.py:186} INFO - Started process (PID=74597) to work on /opt/airflow/dags/detect_and_extract_dag.py
[2025-05-01T14:51:48.537+0000] {processor.py:914} INFO - Processing file /opt/airflow/dags/detect_and_extract_dag.py for tasks to queue
[2025-05-01T14:51:48.540+0000] {logging_mixin.py:190} INFO - [2025-05-01T14:51:48.539+0000] {dagbag.py:588} INFO - Filling up the DagBag from /opt/airflow/dags/detect_and_extract_dag.py
[2025-05-01T14:51:48.574+0000] {processor.py:925} INFO - DAG(s) 'detect_and_extract_dag' retrieved from /opt/airflow/dags/detect_and_extract_dag.py
[2025-05-01T14:51:48.629+0000] {logging_mixin.py:190} INFO - [2025-05-01T14:51:48.629+0000] {dag.py:3239} INFO - Sync 1 DAGs
[2025-05-01T14:51:48.675+0000] {logging_mixin.py:190} INFO - [2025-05-01T14:51:48.674+0000] {dag.py:4180} INFO - Setting next_dagrun for detect_and_extract_dag to 2025-04-01 00:00:00+00:00, run_after=2025-05-01 00:00:00+00:00
[2025-05-01T14:51:48.730+0000] {processor.py:208} INFO - Processing /opt/airflow/dags/detect_and_extract_dag.py took 0.278 seconds
[2025-05-01T14:52:19.005+0000] {processor.py:186} INFO - Started process (PID=74625) to work on /opt/airflow/dags/detect_and_extract_dag.py
[2025-05-01T14:52:19.007+0000] {processor.py:914} INFO - Processing file /opt/airflow/dags/detect_and_extract_dag.py for tasks to queue
[2025-05-01T14:52:19.023+0000] {logging_mixin.py:190} INFO - [2025-05-01T14:52:19.022+0000] {dagbag.py:588} INFO - Filling up the DagBag from /opt/airflow/dags/detect_and_extract_dag.py
[2025-05-01T14:52:19.157+0000] {processor.py:925} INFO - DAG(s) 'detect_and_extract_dag' retrieved from /opt/airflow/dags/detect_and_extract_dag.py
[2025-05-01T14:52:19.408+0000] {logging_mixin.py:190} INFO - [2025-05-01T14:52:19.407+0000] {dag.py:3239} INFO - Sync 1 DAGs
[2025-05-01T14:52:19.642+0000] {logging_mixin.py:190} INFO - [2025-05-01T14:52:19.642+0000] {dag.py:4180} INFO - Setting next_dagrun for detect_and_extract_dag to 2025-04-01 00:00:00+00:00, run_after=2025-05-01 00:00:00+00:00
[2025-05-01T14:52:19.738+0000] {processor.py:208} INFO - Processing /opt/airflow/dags/detect_and_extract_dag.py took 0.783 seconds
[2025-05-01T14:52:50.507+0000] {processor.py:186} INFO - Started process (PID=74658) to work on /opt/airflow/dags/detect_and_extract_dag.py
[2025-05-01T14:52:50.521+0000] {processor.py:914} INFO - Processing file /opt/airflow/dags/detect_and_extract_dag.py for tasks to queue
[2025-05-01T14:52:50.568+0000] {logging_mixin.py:190} INFO - [2025-05-01T14:52:50.547+0000] {dagbag.py:588} INFO - Filling up the DagBag from /opt/airflow/dags/detect_and_extract_dag.py
[2025-05-01T14:52:50.744+0000] {processor.py:925} INFO - DAG(s) 'detect_and_extract_dag' retrieved from /opt/airflow/dags/detect_and_extract_dag.py
[2025-05-01T14:52:50.988+0000] {logging_mixin.py:190} INFO - [2025-05-01T14:52:50.988+0000] {dag.py:3239} INFO - Sync 1 DAGs
[2025-05-01T14:52:51.268+0000] {logging_mixin.py:190} INFO - [2025-05-01T14:52:51.268+0000] {dag.py:4180} INFO - Setting next_dagrun for detect_and_extract_dag to 2025-04-01 00:00:00+00:00, run_after=2025-05-01 00:00:00+00:00
[2025-05-01T14:52:51.441+0000] {processor.py:208} INFO - Processing /opt/airflow/dags/detect_and_extract_dag.py took 0.972 seconds
[2025-05-01T14:53:22.173+0000] {processor.py:186} INFO - Started process (PID=74689) to work on /opt/airflow/dags/detect_and_extract_dag.py
[2025-05-01T14:53:22.175+0000] {processor.py:914} INFO - Processing file /opt/airflow/dags/detect_and_extract_dag.py for tasks to queue
[2025-05-01T14:53:22.191+0000] {logging_mixin.py:190} INFO - [2025-05-01T14:53:22.190+0000] {dagbag.py:588} INFO - Filling up the DagBag from /opt/airflow/dags/detect_and_extract_dag.py
[2025-05-01T14:53:22.270+0000] {processor.py:925} INFO - DAG(s) 'detect_and_extract_dag' retrieved from /opt/airflow/dags/detect_and_extract_dag.py
[2025-05-01T14:53:22.479+0000] {logging_mixin.py:190} INFO - [2025-05-01T14:53:22.478+0000] {dag.py:3239} INFO - Sync 1 DAGs
[2025-05-01T14:53:22.575+0000] {logging_mixin.py:190} INFO - [2025-05-01T14:53:22.574+0000] {dag.py:4180} INFO - Setting next_dagrun for detect_and_extract_dag to 2025-04-01 00:00:00+00:00, run_after=2025-05-01 00:00:00+00:00
[2025-05-01T14:53:22.679+0000] {processor.py:208} INFO - Processing /opt/airflow/dags/detect_and_extract_dag.py took 0.540 seconds
[2025-05-01T14:53:52.853+0000] {processor.py:186} INFO - Started process (PID=74719) to work on /opt/airflow/dags/detect_and_extract_dag.py
[2025-05-01T14:53:52.856+0000] {processor.py:914} INFO - Processing file /opt/airflow/dags/detect_and_extract_dag.py for tasks to queue
[2025-05-01T14:53:52.869+0000] {logging_mixin.py:190} INFO - [2025-05-01T14:53:52.866+0000] {dagbag.py:588} INFO - Filling up the DagBag from /opt/airflow/dags/detect_and_extract_dag.py
[2025-05-01T14:53:52.922+0000] {processor.py:925} INFO - DAG(s) 'detect_and_extract_dag' retrieved from /opt/airflow/dags/detect_and_extract_dag.py
[2025-05-01T14:53:53.013+0000] {logging_mixin.py:190} INFO - [2025-05-01T14:53:53.012+0000] {dag.py:3239} INFO - Sync 1 DAGs
[2025-05-01T14:53:53.092+0000] {logging_mixin.py:190} INFO - [2025-05-01T14:53:53.092+0000] {dag.py:4180} INFO - Setting next_dagrun for detect_and_extract_dag to 2025-04-01 00:00:00+00:00, run_after=2025-05-01 00:00:00+00:00
[2025-05-01T14:53:53.156+0000] {processor.py:208} INFO - Processing /opt/airflow/dags/detect_and_extract_dag.py took 0.328 seconds
[2025-05-01T14:54:23.324+0000] {processor.py:186} INFO - Started process (PID=74751) to work on /opt/airflow/dags/detect_and_extract_dag.py
[2025-05-01T14:54:23.326+0000] {processor.py:914} INFO - Processing file /opt/airflow/dags/detect_and_extract_dag.py for tasks to queue
[2025-05-01T14:54:23.342+0000] {logging_mixin.py:190} INFO - [2025-05-01T14:54:23.341+0000] {dagbag.py:588} INFO - Filling up the DagBag from /opt/airflow/dags/detect_and_extract_dag.py
[2025-05-01T14:54:23.382+0000] {processor.py:925} INFO - DAG(s) 'detect_and_extract_dag' retrieved from /opt/airflow/dags/detect_and_extract_dag.py
[2025-05-01T14:54:23.440+0000] {logging_mixin.py:190} INFO - [2025-05-01T14:54:23.440+0000] {dag.py:3239} INFO - Sync 1 DAGs
[2025-05-01T14:54:23.486+0000] {logging_mixin.py:190} INFO - [2025-05-01T14:54:23.486+0000] {dag.py:4180} INFO - Setting next_dagrun for detect_and_extract_dag to 2025-04-01 00:00:00+00:00, run_after=2025-05-01 00:00:00+00:00
[2025-05-01T14:54:23.525+0000] {processor.py:208} INFO - Processing /opt/airflow/dags/detect_and_extract_dag.py took 0.233 seconds
[2025-05-01T14:54:53.768+0000] {processor.py:186} INFO - Started process (PID=74782) to work on /opt/airflow/dags/detect_and_extract_dag.py
[2025-05-01T14:54:53.770+0000] {processor.py:914} INFO - Processing file /opt/airflow/dags/detect_and_extract_dag.py for tasks to queue
[2025-05-01T14:54:53.774+0000] {logging_mixin.py:190} INFO - [2025-05-01T14:54:53.773+0000] {dagbag.py:588} INFO - Filling up the DagBag from /opt/airflow/dags/detect_and_extract_dag.py
[2025-05-01T14:54:53.805+0000] {processor.py:925} INFO - DAG(s) 'detect_and_extract_dag' retrieved from /opt/airflow/dags/detect_and_extract_dag.py
[2025-05-01T14:54:53.866+0000] {logging_mixin.py:190} INFO - [2025-05-01T14:54:53.866+0000] {dag.py:3239} INFO - Sync 1 DAGs
[2025-05-01T14:54:53.904+0000] {logging_mixin.py:190} INFO - [2025-05-01T14:54:53.904+0000] {dag.py:4180} INFO - Setting next_dagrun for detect_and_extract_dag to 2025-04-01 00:00:00+00:00, run_after=2025-05-01 00:00:00+00:00
[2025-05-01T14:54:53.959+0000] {processor.py:208} INFO - Processing /opt/airflow/dags/detect_and_extract_dag.py took 0.205 seconds
[2025-05-01T14:55:24.030+0000] {processor.py:186} INFO - Started process (PID=74813) to work on /opt/airflow/dags/detect_and_extract_dag.py
[2025-05-01T14:55:24.033+0000] {processor.py:914} INFO - Processing file /opt/airflow/dags/detect_and_extract_dag.py for tasks to queue
[2025-05-01T14:55:24.041+0000] {logging_mixin.py:190} INFO - [2025-05-01T14:55:24.040+0000] {dagbag.py:588} INFO - Filling up the DagBag from /opt/airflow/dags/detect_and_extract_dag.py
[2025-05-01T14:55:24.079+0000] {processor.py:925} INFO - DAG(s) 'detect_and_extract_dag' retrieved from /opt/airflow/dags/detect_and_extract_dag.py
[2025-05-01T14:55:24.129+0000] {logging_mixin.py:190} INFO - [2025-05-01T14:55:24.129+0000] {dag.py:3239} INFO - Sync 1 DAGs
[2025-05-01T14:55:24.167+0000] {logging_mixin.py:190} INFO - [2025-05-01T14:55:24.167+0000] {dag.py:4180} INFO - Setting next_dagrun for detect_and_extract_dag to 2025-04-01 00:00:00+00:00, run_after=2025-05-01 00:00:00+00:00
[2025-05-01T14:55:24.192+0000] {processor.py:208} INFO - Processing /opt/airflow/dags/detect_and_extract_dag.py took 0.168 seconds
[2025-05-01T14:55:55.091+0000] {processor.py:186} INFO - Started process (PID=74844) to work on /opt/airflow/dags/detect_and_extract_dag.py
[2025-05-01T14:55:55.092+0000] {processor.py:914} INFO - Processing file /opt/airflow/dags/detect_and_extract_dag.py for tasks to queue
[2025-05-01T14:55:55.095+0000] {logging_mixin.py:190} INFO - [2025-05-01T14:55:55.094+0000] {dagbag.py:588} INFO - Filling up the DagBag from /opt/airflow/dags/detect_and_extract_dag.py
[2025-05-01T14:55:55.143+0000] {processor.py:925} INFO - DAG(s) 'detect_and_extract_dag' retrieved from /opt/airflow/dags/detect_and_extract_dag.py
[2025-05-01T14:55:55.189+0000] {logging_mixin.py:190} INFO - [2025-05-01T14:55:55.189+0000] {dag.py:3239} INFO - Sync 1 DAGs
[2025-05-01T14:55:55.248+0000] {logging_mixin.py:190} INFO - [2025-05-01T14:55:55.248+0000] {dag.py:4180} INFO - Setting next_dagrun for detect_and_extract_dag to 2025-04-01 00:00:00+00:00, run_after=2025-05-01 00:00:00+00:00
[2025-05-01T14:55:55.281+0000] {processor.py:208} INFO - Processing /opt/airflow/dags/detect_and_extract_dag.py took 0.201 seconds
[2025-05-01T14:56:26.176+0000] {processor.py:186} INFO - Started process (PID=74875) to work on /opt/airflow/dags/detect_and_extract_dag.py
[2025-05-01T14:56:26.177+0000] {processor.py:914} INFO - Processing file /opt/airflow/dags/detect_and_extract_dag.py for tasks to queue
[2025-05-01T14:56:26.181+0000] {logging_mixin.py:190} INFO - [2025-05-01T14:56:26.181+0000] {dagbag.py:588} INFO - Filling up the DagBag from /opt/airflow/dags/detect_and_extract_dag.py
[2025-05-01T14:56:26.226+0000] {processor.py:925} INFO - DAG(s) 'detect_and_extract_dag' retrieved from /opt/airflow/dags/detect_and_extract_dag.py
[2025-05-01T14:56:26.283+0000] {logging_mixin.py:190} INFO - [2025-05-01T14:56:26.282+0000] {dag.py:3239} INFO - Sync 1 DAGs
[2025-05-01T14:56:26.329+0000] {logging_mixin.py:190} INFO - [2025-05-01T14:56:26.329+0000] {dag.py:4180} INFO - Setting next_dagrun for detect_and_extract_dag to 2025-04-01 00:00:00+00:00, run_after=2025-05-01 00:00:00+00:00
[2025-05-01T14:56:26.376+0000] {processor.py:208} INFO - Processing /opt/airflow/dags/detect_and_extract_dag.py took 0.216 seconds
[2025-05-01T14:56:56.844+0000] {processor.py:186} INFO - Started process (PID=74906) to work on /opt/airflow/dags/detect_and_extract_dag.py
[2025-05-01T14:56:56.845+0000] {processor.py:914} INFO - Processing file /opt/airflow/dags/detect_and_extract_dag.py for tasks to queue
[2025-05-01T14:56:56.847+0000] {logging_mixin.py:190} INFO - [2025-05-01T14:56:56.847+0000] {dagbag.py:588} INFO - Filling up the DagBag from /opt/airflow/dags/detect_and_extract_dag.py
[2025-05-01T14:56:56.890+0000] {processor.py:925} INFO - DAG(s) 'detect_and_extract_dag' retrieved from /opt/airflow/dags/detect_and_extract_dag.py
[2025-05-01T14:56:56.930+0000] {logging_mixin.py:190} INFO - [2025-05-01T14:56:56.929+0000] {dag.py:3239} INFO - Sync 1 DAGs
[2025-05-01T14:56:56.982+0000] {logging_mixin.py:190} INFO - [2025-05-01T14:56:56.982+0000] {dag.py:4180} INFO - Setting next_dagrun for detect_and_extract_dag to 2025-04-01 00:00:00+00:00, run_after=2025-05-01 00:00:00+00:00
[2025-05-01T14:56:57.015+0000] {processor.py:208} INFO - Processing /opt/airflow/dags/detect_and_extract_dag.py took 0.184 seconds
[2025-05-01T14:57:27.996+0000] {processor.py:186} INFO - Started process (PID=74937) to work on /opt/airflow/dags/detect_and_extract_dag.py
[2025-05-01T14:57:27.998+0000] {processor.py:914} INFO - Processing file /opt/airflow/dags/detect_and_extract_dag.py for tasks to queue
[2025-05-01T14:57:28.000+0000] {logging_mixin.py:190} INFO - [2025-05-01T14:57:27.999+0000] {dagbag.py:588} INFO - Filling up the DagBag from /opt/airflow/dags/detect_and_extract_dag.py
[2025-05-01T14:57:28.029+0000] {processor.py:925} INFO - DAG(s) 'detect_and_extract_dag' retrieved from /opt/airflow/dags/detect_and_extract_dag.py
[2025-05-01T14:57:28.078+0000] {logging_mixin.py:190} INFO - [2025-05-01T14:57:28.078+0000] {dag.py:3239} INFO - Sync 1 DAGs
[2025-05-01T14:57:28.112+0000] {logging_mixin.py:190} INFO - [2025-05-01T14:57:28.112+0000] {dag.py:4180} INFO - Setting next_dagrun for detect_and_extract_dag to 2025-04-01 00:00:00+00:00, run_after=2025-05-01 00:00:00+00:00
[2025-05-01T14:57:28.149+0000] {processor.py:208} INFO - Processing /opt/airflow/dags/detect_and_extract_dag.py took 0.159 seconds
[2025-05-01T14:57:58.262+0000] {processor.py:186} INFO - Started process (PID=74968) to work on /opt/airflow/dags/detect_and_extract_dag.py
[2025-05-01T14:57:58.264+0000] {processor.py:914} INFO - Processing file /opt/airflow/dags/detect_and_extract_dag.py for tasks to queue
[2025-05-01T14:57:58.267+0000] {logging_mixin.py:190} INFO - [2025-05-01T14:57:58.266+0000] {dagbag.py:588} INFO - Filling up the DagBag from /opt/airflow/dags/detect_and_extract_dag.py
[2025-05-01T14:57:58.304+0000] {processor.py:925} INFO - DAG(s) 'detect_and_extract_dag' retrieved from /opt/airflow/dags/detect_and_extract_dag.py
[2025-05-01T14:57:58.365+0000] {logging_mixin.py:190} INFO - [2025-05-01T14:57:58.365+0000] {dag.py:3239} INFO - Sync 1 DAGs
[2025-05-01T14:57:58.422+0000] {logging_mixin.py:190} INFO - [2025-05-01T14:57:58.418+0000] {dag.py:4180} INFO - Setting next_dagrun for detect_and_extract_dag to 2025-04-01 00:00:00+00:00, run_after=2025-05-01 00:00:00+00:00
[2025-05-01T14:57:58.484+0000] {processor.py:208} INFO - Processing /opt/airflow/dags/detect_and_extract_dag.py took 0.237 seconds
[2025-05-01T14:58:29.443+0000] {processor.py:186} INFO - Started process (PID=74999) to work on /opt/airflow/dags/detect_and_extract_dag.py
[2025-05-01T14:58:29.456+0000] {processor.py:914} INFO - Processing file /opt/airflow/dags/detect_and_extract_dag.py for tasks to queue
[2025-05-01T14:58:29.463+0000] {logging_mixin.py:190} INFO - [2025-05-01T14:58:29.462+0000] {dagbag.py:588} INFO - Filling up the DagBag from /opt/airflow/dags/detect_and_extract_dag.py
[2025-05-01T14:58:29.539+0000] {processor.py:925} INFO - DAG(s) 'detect_and_extract_dag' retrieved from /opt/airflow/dags/detect_and_extract_dag.py
[2025-05-01T14:58:29.841+0000] {logging_mixin.py:190} INFO - [2025-05-01T14:58:29.840+0000] {dag.py:3239} INFO - Sync 1 DAGs
[2025-05-01T14:58:30.071+0000] {logging_mixin.py:190} INFO - [2025-05-01T14:58:30.070+0000] {dag.py:4180} INFO - Setting next_dagrun for detect_and_extract_dag to 2025-04-01 00:00:00+00:00, run_after=2025-05-01 00:00:00+00:00
[2025-05-01T14:58:30.446+0000] {processor.py:208} INFO - Processing /opt/airflow/dags/detect_and_extract_dag.py took 1.030 seconds
[2025-05-01T14:59:03.654+0000] {processor.py:186} INFO - Started process (PID=75030) to work on /opt/airflow/dags/detect_and_extract_dag.py
[2025-05-01T14:59:03.663+0000] {processor.py:914} INFO - Processing file /opt/airflow/dags/detect_and_extract_dag.py for tasks to queue
[2025-05-01T14:59:03.801+0000] {logging_mixin.py:190} INFO - [2025-05-01T14:59:03.799+0000] {dagbag.py:588} INFO - Filling up the DagBag from /opt/airflow/dags/detect_and_extract_dag.py
[2025-05-01T14:59:04.072+0000] {processor.py:925} INFO - DAG(s) 'detect_and_extract_dag' retrieved from /opt/airflow/dags/detect_and_extract_dag.py
[2025-05-01T14:59:04.336+0000] {logging_mixin.py:190} INFO - [2025-05-01T14:59:04.334+0000] {dag.py:3239} INFO - Sync 1 DAGs
[2025-05-01T14:59:04.396+0000] {logging_mixin.py:190} INFO - [2025-05-01T14:59:04.395+0000] {dag.py:4180} INFO - Setting next_dagrun for detect_and_extract_dag to 2025-04-01 00:00:00+00:00, run_after=2025-05-01 00:00:00+00:00
[2025-05-01T14:59:04.450+0000] {processor.py:208} INFO - Processing /opt/airflow/dags/detect_and_extract_dag.py took 0.869 seconds
[2025-05-01T14:59:34.929+0000] {processor.py:186} INFO - Started process (PID=75061) to work on /opt/airflow/dags/detect_and_extract_dag.py
[2025-05-01T14:59:34.931+0000] {processor.py:914} INFO - Processing file /opt/airflow/dags/detect_and_extract_dag.py for tasks to queue
[2025-05-01T14:59:34.937+0000] {logging_mixin.py:190} INFO - [2025-05-01T14:59:34.936+0000] {dagbag.py:588} INFO - Filling up the DagBag from /opt/airflow/dags/detect_and_extract_dag.py
[2025-05-01T14:59:34.974+0000] {processor.py:925} INFO - DAG(s) 'detect_and_extract_dag' retrieved from /opt/airflow/dags/detect_and_extract_dag.py
[2025-05-01T14:59:35.034+0000] {logging_mixin.py:190} INFO - [2025-05-01T14:59:35.033+0000] {dag.py:3239} INFO - Sync 1 DAGs
[2025-05-01T14:59:35.078+0000] {logging_mixin.py:190} INFO - [2025-05-01T14:59:35.078+0000] {dag.py:4180} INFO - Setting next_dagrun for detect_and_extract_dag to 2025-04-01 00:00:00+00:00, run_after=2025-05-01 00:00:00+00:00
[2025-05-01T14:59:35.121+0000] {processor.py:208} INFO - Processing /opt/airflow/dags/detect_and_extract_dag.py took 0.203 seconds
[2025-05-01T15:00:05.219+0000] {processor.py:186} INFO - Started process (PID=75092) to work on /opt/airflow/dags/detect_and_extract_dag.py
[2025-05-01T15:00:05.221+0000] {processor.py:914} INFO - Processing file /opt/airflow/dags/detect_and_extract_dag.py for tasks to queue
[2025-05-01T15:00:05.224+0000] {logging_mixin.py:190} INFO - [2025-05-01T15:00:05.224+0000] {dagbag.py:588} INFO - Filling up the DagBag from /opt/airflow/dags/detect_and_extract_dag.py
[2025-05-01T15:00:05.255+0000] {processor.py:925} INFO - DAG(s) 'detect_and_extract_dag' retrieved from /opt/airflow/dags/detect_and_extract_dag.py
[2025-05-01T15:00:05.306+0000] {logging_mixin.py:190} INFO - [2025-05-01T15:00:05.306+0000] {dag.py:3239} INFO - Sync 1 DAGs
[2025-05-01T15:00:05.341+0000] {logging_mixin.py:190} INFO - [2025-05-01T15:00:05.340+0000] {dag.py:4180} INFO - Setting next_dagrun for detect_and_extract_dag to 2025-04-01 00:00:00+00:00, run_after=2025-05-01 00:00:00+00:00
[2025-05-01T15:00:05.374+0000] {processor.py:208} INFO - Processing /opt/airflow/dags/detect_and_extract_dag.py took 0.165 seconds
[2025-05-01T15:00:36.220+0000] {processor.py:186} INFO - Started process (PID=75123) to work on /opt/airflow/dags/detect_and_extract_dag.py
[2025-05-01T15:00:36.221+0000] {processor.py:914} INFO - Processing file /opt/airflow/dags/detect_and_extract_dag.py for tasks to queue
[2025-05-01T15:00:36.225+0000] {logging_mixin.py:190} INFO - [2025-05-01T15:00:36.225+0000] {dagbag.py:588} INFO - Filling up the DagBag from /opt/airflow/dags/detect_and_extract_dag.py
[2025-05-01T15:00:36.246+0000] {processor.py:925} INFO - DAG(s) 'detect_and_extract_dag' retrieved from /opt/airflow/dags/detect_and_extract_dag.py
[2025-05-01T15:00:36.276+0000] {logging_mixin.py:190} INFO - [2025-05-01T15:00:36.275+0000] {dag.py:3239} INFO - Sync 1 DAGs
[2025-05-01T15:00:36.308+0000] {logging_mixin.py:190} INFO - [2025-05-01T15:00:36.308+0000] {dag.py:4180} INFO - Setting next_dagrun for detect_and_extract_dag to 2025-04-01 00:00:00+00:00, run_after=2025-05-01 00:00:00+00:00
[2025-05-01T15:00:36.336+0000] {processor.py:208} INFO - Processing /opt/airflow/dags/detect_and_extract_dag.py took 0.123 seconds
[2025-05-01T15:01:06.912+0000] {processor.py:186} INFO - Started process (PID=75160) to work on /opt/airflow/dags/detect_and_extract_dag.py
[2025-05-01T15:01:06.914+0000] {processor.py:914} INFO - Processing file /opt/airflow/dags/detect_and_extract_dag.py for tasks to queue
[2025-05-01T15:01:06.917+0000] {logging_mixin.py:190} INFO - [2025-05-01T15:01:06.916+0000] {dagbag.py:588} INFO - Filling up the DagBag from /opt/airflow/dags/detect_and_extract_dag.py
[2025-05-01T15:01:06.940+0000] {processor.py:925} INFO - DAG(s) 'detect_and_extract_dag' retrieved from /opt/airflow/dags/detect_and_extract_dag.py
[2025-05-01T15:01:06.975+0000] {logging_mixin.py:190} INFO - [2025-05-01T15:01:06.974+0000] {dag.py:3239} INFO - Sync 1 DAGs
[2025-05-01T15:01:07.011+0000] {logging_mixin.py:190} INFO - [2025-05-01T15:01:07.010+0000] {dag.py:4180} INFO - Setting next_dagrun for detect_and_extract_dag to 2025-04-01 00:00:00+00:00, run_after=2025-05-01 00:00:00+00:00
[2025-05-01T15:01:07.035+0000] {processor.py:208} INFO - Processing /opt/airflow/dags/detect_and_extract_dag.py took 0.130 seconds
[2025-05-01T15:01:37.131+0000] {processor.py:186} INFO - Started process (PID=75192) to work on /opt/airflow/dags/detect_and_extract_dag.py
[2025-05-01T15:01:37.133+0000] {processor.py:914} INFO - Processing file /opt/airflow/dags/detect_and_extract_dag.py for tasks to queue
[2025-05-01T15:01:37.135+0000] {logging_mixin.py:190} INFO - [2025-05-01T15:01:37.135+0000] {dagbag.py:588} INFO - Filling up the DagBag from /opt/airflow/dags/detect_and_extract_dag.py
[2025-05-01T15:01:37.156+0000] {processor.py:925} INFO - DAG(s) 'detect_and_extract_dag' retrieved from /opt/airflow/dags/detect_and_extract_dag.py
[2025-05-01T15:01:37.187+0000] {logging_mixin.py:190} INFO - [2025-05-01T15:01:37.187+0000] {dag.py:3239} INFO - Sync 1 DAGs
[2025-05-01T15:01:37.212+0000] {logging_mixin.py:190} INFO - [2025-05-01T15:01:37.212+0000] {dag.py:4180} INFO - Setting next_dagrun for detect_and_extract_dag to 2025-04-01 00:00:00+00:00, run_after=2025-05-01 00:00:00+00:00
[2025-05-01T15:01:37.237+0000] {processor.py:208} INFO - Processing /opt/airflow/dags/detect_and_extract_dag.py took 0.112 seconds
[2025-05-01T15:02:07.759+0000] {processor.py:186} INFO - Started process (PID=75223) to work on /opt/airflow/dags/detect_and_extract_dag.py
[2025-05-01T15:02:07.760+0000] {processor.py:914} INFO - Processing file /opt/airflow/dags/detect_and_extract_dag.py for tasks to queue
[2025-05-01T15:02:07.764+0000] {logging_mixin.py:190} INFO - [2025-05-01T15:02:07.763+0000] {dagbag.py:588} INFO - Filling up the DagBag from /opt/airflow/dags/detect_and_extract_dag.py
[2025-05-01T15:02:07.784+0000] {processor.py:925} INFO - DAG(s) 'detect_and_extract_dag' retrieved from /opt/airflow/dags/detect_and_extract_dag.py
[2025-05-01T15:02:07.815+0000] {logging_mixin.py:190} INFO - [2025-05-01T15:02:07.814+0000] {dag.py:3239} INFO - Sync 1 DAGs
[2025-05-01T15:02:07.850+0000] {logging_mixin.py:190} INFO - [2025-05-01T15:02:07.849+0000] {dag.py:4180} INFO - Setting next_dagrun for detect_and_extract_dag to 2025-04-01 00:00:00+00:00, run_after=2025-05-01 00:00:00+00:00
[2025-05-01T15:02:07.872+0000] {processor.py:208} INFO - Processing /opt/airflow/dags/detect_and_extract_dag.py took 0.120 seconds
[2025-05-01T15:02:38.491+0000] {processor.py:186} INFO - Started process (PID=75254) to work on /opt/airflow/dags/detect_and_extract_dag.py
[2025-05-01T15:02:38.493+0000] {processor.py:914} INFO - Processing file /opt/airflow/dags/detect_and_extract_dag.py for tasks to queue
[2025-05-01T15:02:38.496+0000] {logging_mixin.py:190} INFO - [2025-05-01T15:02:38.496+0000] {dagbag.py:588} INFO - Filling up the DagBag from /opt/airflow/dags/detect_and_extract_dag.py
[2025-05-01T15:02:38.516+0000] {processor.py:925} INFO - DAG(s) 'detect_and_extract_dag' retrieved from /opt/airflow/dags/detect_and_extract_dag.py
[2025-05-01T15:02:38.561+0000] {logging_mixin.py:190} INFO - [2025-05-01T15:02:38.560+0000] {dag.py:3239} INFO - Sync 1 DAGs
[2025-05-01T15:02:38.587+0000] {logging_mixin.py:190} INFO - [2025-05-01T15:02:38.587+0000] {dag.py:4180} INFO - Setting next_dagrun for detect_and_extract_dag to 2025-04-01 00:00:00+00:00, run_after=2025-05-01 00:00:00+00:00
[2025-05-01T15:02:38.612+0000] {processor.py:208} INFO - Processing /opt/airflow/dags/detect_and_extract_dag.py took 0.130 seconds
[2025-05-01T15:03:09.039+0000] {processor.py:186} INFO - Started process (PID=75285) to work on /opt/airflow/dags/detect_and_extract_dag.py
[2025-05-01T15:03:09.041+0000] {processor.py:914} INFO - Processing file /opt/airflow/dags/detect_and_extract_dag.py for tasks to queue
[2025-05-01T15:03:09.045+0000] {logging_mixin.py:190} INFO - [2025-05-01T15:03:09.044+0000] {dagbag.py:588} INFO - Filling up the DagBag from /opt/airflow/dags/detect_and_extract_dag.py
[2025-05-01T15:03:09.073+0000] {processor.py:925} INFO - DAG(s) 'detect_and_extract_dag' retrieved from /opt/airflow/dags/detect_and_extract_dag.py
[2025-05-01T15:03:09.125+0000] {logging_mixin.py:190} INFO - [2025-05-01T15:03:09.124+0000] {dag.py:3239} INFO - Sync 1 DAGs
[2025-05-01T15:03:09.190+0000] {logging_mixin.py:190} INFO - [2025-05-01T15:03:09.189+0000] {dag.py:4180} INFO - Setting next_dagrun for detect_and_extract_dag to 2025-04-01 00:00:00+00:00, run_after=2025-05-01 00:00:00+00:00
[2025-05-01T15:03:09.245+0000] {processor.py:208} INFO - Processing /opt/airflow/dags/detect_and_extract_dag.py took 0.212 seconds
[2025-05-01T15:03:39.738+0000] {processor.py:186} INFO - Started process (PID=75316) to work on /opt/airflow/dags/detect_and_extract_dag.py
[2025-05-01T15:03:39.740+0000] {processor.py:914} INFO - Processing file /opt/airflow/dags/detect_and_extract_dag.py for tasks to queue
[2025-05-01T15:03:39.744+0000] {logging_mixin.py:190} INFO - [2025-05-01T15:03:39.743+0000] {dagbag.py:588} INFO - Filling up the DagBag from /opt/airflow/dags/detect_and_extract_dag.py
[2025-05-01T15:03:39.812+0000] {processor.py:925} INFO - DAG(s) 'detect_and_extract_dag' retrieved from /opt/airflow/dags/detect_and_extract_dag.py
[2025-05-01T15:03:39.909+0000] {logging_mixin.py:190} INFO - [2025-05-01T15:03:39.909+0000] {dag.py:3239} INFO - Sync 1 DAGs
[2025-05-01T15:03:40.005+0000] {logging_mixin.py:190} INFO - [2025-05-01T15:03:40.005+0000] {dag.py:4180} INFO - Setting next_dagrun for detect_and_extract_dag to 2025-04-01 00:00:00+00:00, run_after=2025-05-01 00:00:00+00:00
[2025-05-01T15:03:40.066+0000] {processor.py:208} INFO - Processing /opt/airflow/dags/detect_and_extract_dag.py took 0.340 seconds
[2025-05-01T15:04:10.435+0000] {processor.py:186} INFO - Started process (PID=75346) to work on /opt/airflow/dags/detect_and_extract_dag.py
[2025-05-01T15:04:10.438+0000] {processor.py:914} INFO - Processing file /opt/airflow/dags/detect_and_extract_dag.py for tasks to queue
[2025-05-01T15:04:10.455+0000] {logging_mixin.py:190} INFO - [2025-05-01T15:04:10.449+0000] {dagbag.py:588} INFO - Filling up the DagBag from /opt/airflow/dags/detect_and_extract_dag.py
[2025-05-01T15:04:10.519+0000] {processor.py:925} INFO - DAG(s) 'detect_and_extract_dag' retrieved from /opt/airflow/dags/detect_and_extract_dag.py
[2025-05-01T15:04:10.593+0000] {logging_mixin.py:190} INFO - [2025-05-01T15:04:10.593+0000] {dag.py:3239} INFO - Sync 1 DAGs
[2025-05-01T15:04:10.628+0000] {logging_mixin.py:190} INFO - [2025-05-01T15:04:10.628+0000] {dag.py:4180} INFO - Setting next_dagrun for detect_and_extract_dag to 2025-04-01 00:00:00+00:00, run_after=2025-05-01 00:00:00+00:00
[2025-05-01T15:04:10.650+0000] {processor.py:208} INFO - Processing /opt/airflow/dags/detect_and_extract_dag.py took 0.274 seconds
[2025-05-01T15:04:41.105+0000] {processor.py:186} INFO - Started process (PID=75377) to work on /opt/airflow/dags/detect_and_extract_dag.py
[2025-05-01T15:04:41.106+0000] {processor.py:914} INFO - Processing file /opt/airflow/dags/detect_and_extract_dag.py for tasks to queue
[2025-05-01T15:04:41.108+0000] {logging_mixin.py:190} INFO - [2025-05-01T15:04:41.108+0000] {dagbag.py:588} INFO - Filling up the DagBag from /opt/airflow/dags/detect_and_extract_dag.py
[2025-05-01T15:04:41.147+0000] {processor.py:925} INFO - DAG(s) 'detect_and_extract_dag' retrieved from /opt/airflow/dags/detect_and_extract_dag.py
[2025-05-01T15:04:41.193+0000] {logging_mixin.py:190} INFO - [2025-05-01T15:04:41.192+0000] {dag.py:3239} INFO - Sync 1 DAGs
[2025-05-01T15:04:41.234+0000] {logging_mixin.py:190} INFO - [2025-05-01T15:04:41.234+0000] {dag.py:4180} INFO - Setting next_dagrun for detect_and_extract_dag to 2025-04-01 00:00:00+00:00, run_after=2025-05-01 00:00:00+00:00
[2025-05-01T15:04:41.269+0000] {processor.py:208} INFO - Processing /opt/airflow/dags/detect_and_extract_dag.py took 0.176 seconds
[2025-05-01T15:05:11.861+0000] {processor.py:186} INFO - Started process (PID=75408) to work on /opt/airflow/dags/detect_and_extract_dag.py
[2025-05-01T15:05:11.862+0000] {processor.py:914} INFO - Processing file /opt/airflow/dags/detect_and_extract_dag.py for tasks to queue
[2025-05-01T15:05:11.865+0000] {logging_mixin.py:190} INFO - [2025-05-01T15:05:11.864+0000] {dagbag.py:588} INFO - Filling up the DagBag from /opt/airflow/dags/detect_and_extract_dag.py
[2025-05-01T15:05:11.885+0000] {processor.py:925} INFO - DAG(s) 'detect_and_extract_dag' retrieved from /opt/airflow/dags/detect_and_extract_dag.py
[2025-05-01T15:05:11.917+0000] {logging_mixin.py:190} INFO - [2025-05-01T15:05:11.916+0000] {dag.py:3239} INFO - Sync 1 DAGs
[2025-05-01T15:05:11.949+0000] {logging_mixin.py:190} INFO - [2025-05-01T15:05:11.948+0000] {dag.py:4180} INFO - Setting next_dagrun for detect_and_extract_dag to 2025-04-01 00:00:00+00:00, run_after=2025-05-01 00:00:00+00:00
[2025-05-01T15:05:11.971+0000] {processor.py:208} INFO - Processing /opt/airflow/dags/detect_and_extract_dag.py took 0.117 seconds
[2025-05-01T15:05:42.236+0000] {processor.py:186} INFO - Started process (PID=75439) to work on /opt/airflow/dags/detect_and_extract_dag.py
[2025-05-01T15:05:42.237+0000] {processor.py:914} INFO - Processing file /opt/airflow/dags/detect_and_extract_dag.py for tasks to queue
[2025-05-01T15:05:42.240+0000] {logging_mixin.py:190} INFO - [2025-05-01T15:05:42.240+0000] {dagbag.py:588} INFO - Filling up the DagBag from /opt/airflow/dags/detect_and_extract_dag.py
[2025-05-01T15:05:42.259+0000] {processor.py:925} INFO - DAG(s) 'detect_and_extract_dag' retrieved from /opt/airflow/dags/detect_and_extract_dag.py
[2025-05-01T15:05:42.286+0000] {logging_mixin.py:190} INFO - [2025-05-01T15:05:42.286+0000] {dag.py:3239} INFO - Sync 1 DAGs
[2025-05-01T15:05:42.313+0000] {logging_mixin.py:190} INFO - [2025-05-01T15:05:42.312+0000] {dag.py:4180} INFO - Setting next_dagrun for detect_and_extract_dag to 2025-04-01 00:00:00+00:00, run_after=2025-05-01 00:00:00+00:00
[2025-05-01T15:05:42.338+0000] {processor.py:208} INFO - Processing /opt/airflow/dags/detect_and_extract_dag.py took 0.127 seconds
