[2025-05-01T14:44:01.428+0000] {processor.py:186} INFO - Started process (PID=74124) to work on /opt/airflow/dags/PythonOP_Dag.py
[2025-05-01T14:44:01.446+0000] {processor.py:914} INFO - Processing file /opt/airflow/dags/PythonOP_Dag.py for tasks to queue
[2025-05-01T14:44:01.756+0000] {logging_mixin.py:190} INFO - [2025-05-01T14:44:01.742+0000] {dagbag.py:588} INFO - Filling up the DagBag from /opt/airflow/dags/PythonOP_Dag.py
[2025-05-01T14:44:03.742+0000] {processor.py:925} INFO - DAG(s) 'pyop_test3' retrieved from /opt/airflow/dags/PythonOP_Dag.py
[2025-05-01T14:44:04.643+0000] {logging_mixin.py:190} INFO - [2025-05-01T14:44:04.642+0000] {dag.py:3239} INFO - Sync 1 DAGs
[2025-05-01T14:44:04.932+0000] {logging_mixin.py:190} INFO - [2025-05-01T14:44:04.931+0000] {dag.py:4180} INFO - Setting next_dagrun for pyop_test3 to 2024-04-12 00:00:00+00:00, run_after=2024-04-13 00:00:00+00:00
[2025-05-01T14:44:05.010+0000] {processor.py:208} INFO - Processing /opt/airflow/dags/PythonOP_Dag.py took 3.662 seconds
[2025-05-01T14:44:35.558+0000] {processor.py:186} INFO - Started process (PID=74156) to work on /opt/airflow/dags/PythonOP_Dag.py
[2025-05-01T14:44:35.568+0000] {processor.py:914} INFO - Processing file /opt/airflow/dags/PythonOP_Dag.py for tasks to queue
[2025-05-01T14:44:35.596+0000] {logging_mixin.py:190} INFO - [2025-05-01T14:44:35.593+0000] {dagbag.py:588} INFO - Filling up the DagBag from /opt/airflow/dags/PythonOP_Dag.py
[2025-05-01T14:44:35.713+0000] {processor.py:925} INFO - DAG(s) 'pyop_test3' retrieved from /opt/airflow/dags/PythonOP_Dag.py
[2025-05-01T14:44:36.015+0000] {logging_mixin.py:190} INFO - [2025-05-01T14:44:36.014+0000] {dag.py:3239} INFO - Sync 1 DAGs
[2025-05-01T14:44:36.200+0000] {logging_mixin.py:190} INFO - [2025-05-01T14:44:36.199+0000] {dag.py:4180} INFO - Setting next_dagrun for pyop_test3 to 2024-04-12 00:00:00+00:00, run_after=2024-04-13 00:00:00+00:00
[2025-05-01T14:44:36.308+0000] {processor.py:208} INFO - Processing /opt/airflow/dags/PythonOP_Dag.py took 0.807 seconds
[2025-05-01T14:45:06.936+0000] {processor.py:186} INFO - Started process (PID=74187) to work on /opt/airflow/dags/PythonOP_Dag.py
[2025-05-01T14:45:06.941+0000] {processor.py:914} INFO - Processing file /opt/airflow/dags/PythonOP_Dag.py for tasks to queue
[2025-05-01T14:45:06.943+0000] {logging_mixin.py:190} INFO - [2025-05-01T14:45:06.943+0000] {dagbag.py:588} INFO - Filling up the DagBag from /opt/airflow/dags/PythonOP_Dag.py
[2025-05-01T14:45:06.961+0000] {processor.py:925} INFO - DAG(s) 'pyop_test3' retrieved from /opt/airflow/dags/PythonOP_Dag.py
[2025-05-01T14:45:06.988+0000] {logging_mixin.py:190} INFO - [2025-05-01T14:45:06.987+0000] {dag.py:3239} INFO - Sync 1 DAGs
[2025-05-01T14:45:07.013+0000] {logging_mixin.py:190} INFO - [2025-05-01T14:45:07.013+0000] {dag.py:4180} INFO - Setting next_dagrun for pyop_test3 to 2024-04-12 00:00:00+00:00, run_after=2024-04-13 00:00:00+00:00
[2025-05-01T14:45:07.035+0000] {processor.py:208} INFO - Processing /opt/airflow/dags/PythonOP_Dag.py took 0.107 seconds
[2025-05-01T14:45:38.082+0000] {processor.py:186} INFO - Started process (PID=74218) to work on /opt/airflow/dags/PythonOP_Dag.py
[2025-05-01T14:45:38.099+0000] {processor.py:914} INFO - Processing file /opt/airflow/dags/PythonOP_Dag.py for tasks to queue
[2025-05-01T14:45:38.145+0000] {logging_mixin.py:190} INFO - [2025-05-01T14:45:38.140+0000] {dagbag.py:588} INFO - Filling up the DagBag from /opt/airflow/dags/PythonOP_Dag.py
[2025-05-01T14:45:38.269+0000] {processor.py:925} INFO - DAG(s) 'pyop_test3' retrieved from /opt/airflow/dags/PythonOP_Dag.py
[2025-05-01T14:45:38.400+0000] {logging_mixin.py:190} INFO - [2025-05-01T14:45:38.399+0000] {dag.py:3239} INFO - Sync 1 DAGs
[2025-05-01T14:45:38.470+0000] {logging_mixin.py:190} INFO - [2025-05-01T14:45:38.470+0000] {dag.py:4180} INFO - Setting next_dagrun for pyop_test3 to 2024-04-12 00:00:00+00:00, run_after=2024-04-13 00:00:00+00:00
[2025-05-01T14:45:38.529+0000] {processor.py:208} INFO - Processing /opt/airflow/dags/PythonOP_Dag.py took 0.577 seconds
[2025-05-01T14:46:09.487+0000] {processor.py:186} INFO - Started process (PID=74249) to work on /opt/airflow/dags/PythonOP_Dag.py
[2025-05-01T14:46:09.493+0000] {processor.py:914} INFO - Processing file /opt/airflow/dags/PythonOP_Dag.py for tasks to queue
[2025-05-01T14:46:09.498+0000] {logging_mixin.py:190} INFO - [2025-05-01T14:46:09.498+0000] {dagbag.py:588} INFO - Filling up the DagBag from /opt/airflow/dags/PythonOP_Dag.py
[2025-05-01T14:46:09.533+0000] {processor.py:925} INFO - DAG(s) 'pyop_test3' retrieved from /opt/airflow/dags/PythonOP_Dag.py
[2025-05-01T14:46:09.573+0000] {logging_mixin.py:190} INFO - [2025-05-01T14:46:09.571+0000] {dag.py:3239} INFO - Sync 1 DAGs
[2025-05-01T14:46:09.636+0000] {logging_mixin.py:190} INFO - [2025-05-01T14:46:09.636+0000] {dag.py:4180} INFO - Setting next_dagrun for pyop_test3 to 2024-04-12 00:00:00+00:00, run_after=2024-04-13 00:00:00+00:00
[2025-05-01T14:46:09.701+0000] {processor.py:208} INFO - Processing /opt/airflow/dags/PythonOP_Dag.py took 0.223 seconds
[2025-05-01T14:46:39.961+0000] {processor.py:186} INFO - Started process (PID=74280) to work on /opt/airflow/dags/PythonOP_Dag.py
[2025-05-01T14:46:39.964+0000] {processor.py:914} INFO - Processing file /opt/airflow/dags/PythonOP_Dag.py for tasks to queue
[2025-05-01T14:46:39.979+0000] {logging_mixin.py:190} INFO - [2025-05-01T14:46:39.970+0000] {dagbag.py:588} INFO - Filling up the DagBag from /opt/airflow/dags/PythonOP_Dag.py
[2025-05-01T14:46:40.145+0000] {processor.py:925} INFO - DAG(s) 'pyop_test3' retrieved from /opt/airflow/dags/PythonOP_Dag.py
[2025-05-01T14:46:40.633+0000] {logging_mixin.py:190} INFO - [2025-05-01T14:46:40.632+0000] {dag.py:3239} INFO - Sync 1 DAGs
[2025-05-01T14:46:40.867+0000] {logging_mixin.py:190} INFO - [2025-05-01T14:46:40.866+0000] {dag.py:4180} INFO - Setting next_dagrun for pyop_test3 to 2024-04-12 00:00:00+00:00, run_after=2024-04-13 00:00:00+00:00
[2025-05-01T14:46:40.986+0000] {processor.py:208} INFO - Processing /opt/airflow/dags/PythonOP_Dag.py took 1.051 seconds
[2025-05-01T14:47:11.897+0000] {processor.py:186} INFO - Started process (PID=74312) to work on /opt/airflow/dags/PythonOP_Dag.py
[2025-05-01T14:47:11.898+0000] {processor.py:914} INFO - Processing file /opt/airflow/dags/PythonOP_Dag.py for tasks to queue
[2025-05-01T14:47:11.907+0000] {logging_mixin.py:190} INFO - [2025-05-01T14:47:11.901+0000] {dagbag.py:588} INFO - Filling up the DagBag from /opt/airflow/dags/PythonOP_Dag.py
[2025-05-01T14:47:11.945+0000] {processor.py:925} INFO - DAG(s) 'pyop_test3' retrieved from /opt/airflow/dags/PythonOP_Dag.py
[2025-05-01T14:47:11.990+0000] {logging_mixin.py:190} INFO - [2025-05-01T14:47:11.990+0000] {dag.py:3239} INFO - Sync 1 DAGs
[2025-05-01T14:47:12.030+0000] {logging_mixin.py:190} INFO - [2025-05-01T14:47:12.030+0000] {dag.py:4180} INFO - Setting next_dagrun for pyop_test3 to 2024-04-12 00:00:00+00:00, run_after=2024-04-13 00:00:00+00:00
[2025-05-01T14:47:12.066+0000] {processor.py:208} INFO - Processing /opt/airflow/dags/PythonOP_Dag.py took 0.176 seconds
[2025-05-01T14:47:43.176+0000] {processor.py:186} INFO - Started process (PID=74351) to work on /opt/airflow/dags/PythonOP_Dag.py
[2025-05-01T14:47:43.178+0000] {processor.py:914} INFO - Processing file /opt/airflow/dags/PythonOP_Dag.py for tasks to queue
[2025-05-01T14:47:43.181+0000] {logging_mixin.py:190} INFO - [2025-05-01T14:47:43.181+0000] {dagbag.py:588} INFO - Filling up the DagBag from /opt/airflow/dags/PythonOP_Dag.py
[2025-05-01T14:47:43.217+0000] {processor.py:925} INFO - DAG(s) 'pyop_test3' retrieved from /opt/airflow/dags/PythonOP_Dag.py
[2025-05-01T14:47:43.276+0000] {logging_mixin.py:190} INFO - [2025-05-01T14:47:43.276+0000] {dag.py:3239} INFO - Sync 1 DAGs
[2025-05-01T14:47:43.315+0000] {logging_mixin.py:190} INFO - [2025-05-01T14:47:43.315+0000] {dag.py:4180} INFO - Setting next_dagrun for pyop_test3 to 2024-04-12 00:00:00+00:00, run_after=2024-04-13 00:00:00+00:00
[2025-05-01T14:47:43.359+0000] {processor.py:208} INFO - Processing /opt/airflow/dags/PythonOP_Dag.py took 0.196 seconds
[2025-05-01T14:48:13.464+0000] {processor.py:186} INFO - Started process (PID=74383) to work on /opt/airflow/dags/PythonOP_Dag.py
[2025-05-01T14:48:13.465+0000] {processor.py:914} INFO - Processing file /opt/airflow/dags/PythonOP_Dag.py for tasks to queue
[2025-05-01T14:48:13.468+0000] {logging_mixin.py:190} INFO - [2025-05-01T14:48:13.468+0000] {dagbag.py:588} INFO - Filling up the DagBag from /opt/airflow/dags/PythonOP_Dag.py
[2025-05-01T14:48:13.517+0000] {processor.py:925} INFO - DAG(s) 'pyop_test3' retrieved from /opt/airflow/dags/PythonOP_Dag.py
[2025-05-01T14:48:13.564+0000] {logging_mixin.py:190} INFO - [2025-05-01T14:48:13.564+0000] {dag.py:3239} INFO - Sync 1 DAGs
[2025-05-01T14:48:13.612+0000] {logging_mixin.py:190} INFO - [2025-05-01T14:48:13.611+0000] {dag.py:4180} INFO - Setting next_dagrun for pyop_test3 to 2024-04-12 00:00:00+00:00, run_after=2024-04-13 00:00:00+00:00
[2025-05-01T14:48:13.647+0000] {processor.py:208} INFO - Processing /opt/airflow/dags/PythonOP_Dag.py took 0.191 seconds
[2025-05-01T14:48:44.107+0000] {processor.py:186} INFO - Started process (PID=74415) to work on /opt/airflow/dags/PythonOP_Dag.py
[2025-05-01T14:48:44.116+0000] {processor.py:914} INFO - Processing file /opt/airflow/dags/PythonOP_Dag.py for tasks to queue
[2025-05-01T14:48:44.122+0000] {logging_mixin.py:190} INFO - [2025-05-01T14:48:44.122+0000] {dagbag.py:588} INFO - Filling up the DagBag from /opt/airflow/dags/PythonOP_Dag.py
[2025-05-01T14:48:44.186+0000] {processor.py:925} INFO - DAG(s) 'pyop_test3' retrieved from /opt/airflow/dags/PythonOP_Dag.py
[2025-05-01T14:48:44.288+0000] {logging_mixin.py:190} INFO - [2025-05-01T14:48:44.287+0000] {dag.py:3239} INFO - Sync 1 DAGs
[2025-05-01T14:48:44.404+0000] {logging_mixin.py:190} INFO - [2025-05-01T14:48:44.403+0000] {dag.py:4180} INFO - Setting next_dagrun for pyop_test3 to 2024-04-12 00:00:00+00:00, run_after=2024-04-13 00:00:00+00:00
[2025-05-01T14:48:44.472+0000] {processor.py:208} INFO - Processing /opt/airflow/dags/PythonOP_Dag.py took 0.386 seconds
[2025-05-01T14:49:14.663+0000] {processor.py:186} INFO - Started process (PID=74448) to work on /opt/airflow/dags/PythonOP_Dag.py
[2025-05-01T14:49:14.665+0000] {processor.py:914} INFO - Processing file /opt/airflow/dags/PythonOP_Dag.py for tasks to queue
[2025-05-01T14:49:14.669+0000] {logging_mixin.py:190} INFO - [2025-05-01T14:49:14.668+0000] {dagbag.py:588} INFO - Filling up the DagBag from /opt/airflow/dags/PythonOP_Dag.py
[2025-05-01T14:49:14.704+0000] {processor.py:925} INFO - DAG(s) 'pyop_test3' retrieved from /opt/airflow/dags/PythonOP_Dag.py
[2025-05-01T14:49:14.761+0000] {logging_mixin.py:190} INFO - [2025-05-01T14:49:14.760+0000] {dag.py:3239} INFO - Sync 1 DAGs
[2025-05-01T14:49:14.815+0000] {logging_mixin.py:190} INFO - [2025-05-01T14:49:14.814+0000] {dag.py:4180} INFO - Setting next_dagrun for pyop_test3 to 2024-04-12 00:00:00+00:00, run_after=2024-04-13 00:00:00+00:00
[2025-05-01T14:49:14.855+0000] {processor.py:208} INFO - Processing /opt/airflow/dags/PythonOP_Dag.py took 0.203 seconds
[2025-05-01T14:49:45.533+0000] {processor.py:186} INFO - Started process (PID=74477) to work on /opt/airflow/dags/PythonOP_Dag.py
[2025-05-01T14:49:45.536+0000] {processor.py:914} INFO - Processing file /opt/airflow/dags/PythonOP_Dag.py for tasks to queue
[2025-05-01T14:49:45.550+0000] {logging_mixin.py:190} INFO - [2025-05-01T14:49:45.550+0000] {dagbag.py:588} INFO - Filling up the DagBag from /opt/airflow/dags/PythonOP_Dag.py
[2025-05-01T14:49:45.608+0000] {processor.py:925} INFO - DAG(s) 'pyop_test3' retrieved from /opt/airflow/dags/PythonOP_Dag.py
[2025-05-01T14:49:45.685+0000] {logging_mixin.py:190} INFO - [2025-05-01T14:49:45.685+0000] {dag.py:3239} INFO - Sync 1 DAGs
[2025-05-01T14:49:45.759+0000] {logging_mixin.py:190} INFO - [2025-05-01T14:49:45.759+0000] {dag.py:4180} INFO - Setting next_dagrun for pyop_test3 to 2024-04-12 00:00:00+00:00, run_after=2024-04-13 00:00:00+00:00
[2025-05-01T14:49:45.819+0000] {processor.py:208} INFO - Processing /opt/airflow/dags/PythonOP_Dag.py took 0.315 seconds
[2025-05-01T14:50:16.367+0000] {processor.py:186} INFO - Started process (PID=74508) to work on /opt/airflow/dags/PythonOP_Dag.py
[2025-05-01T14:50:16.369+0000] {processor.py:914} INFO - Processing file /opt/airflow/dags/PythonOP_Dag.py for tasks to queue
[2025-05-01T14:50:16.372+0000] {logging_mixin.py:190} INFO - [2025-05-01T14:50:16.372+0000] {dagbag.py:588} INFO - Filling up the DagBag from /opt/airflow/dags/PythonOP_Dag.py
[2025-05-01T14:50:16.423+0000] {processor.py:925} INFO - DAG(s) 'pyop_test3' retrieved from /opt/airflow/dags/PythonOP_Dag.py
[2025-05-01T14:50:16.519+0000] {logging_mixin.py:190} INFO - [2025-05-01T14:50:16.518+0000] {dag.py:3239} INFO - Sync 1 DAGs
[2025-05-01T14:50:16.605+0000] {logging_mixin.py:190} INFO - [2025-05-01T14:50:16.604+0000] {dag.py:4180} INFO - Setting next_dagrun for pyop_test3 to 2024-04-12 00:00:00+00:00, run_after=2024-04-13 00:00:00+00:00
[2025-05-01T14:50:16.669+0000] {processor.py:208} INFO - Processing /opt/airflow/dags/PythonOP_Dag.py took 0.320 seconds
[2025-05-01T14:50:46.816+0000] {processor.py:186} INFO - Started process (PID=74539) to work on /opt/airflow/dags/PythonOP_Dag.py
[2025-05-01T14:50:46.819+0000] {processor.py:914} INFO - Processing file /opt/airflow/dags/PythonOP_Dag.py for tasks to queue
[2025-05-01T14:50:46.823+0000] {logging_mixin.py:190} INFO - [2025-05-01T14:50:46.822+0000] {dagbag.py:588} INFO - Filling up the DagBag from /opt/airflow/dags/PythonOP_Dag.py
[2025-05-01T14:50:46.873+0000] {processor.py:925} INFO - DAG(s) 'pyop_test3' retrieved from /opt/airflow/dags/PythonOP_Dag.py
[2025-05-01T14:50:46.964+0000] {logging_mixin.py:190} INFO - [2025-05-01T14:50:46.964+0000] {dag.py:3239} INFO - Sync 1 DAGs
[2025-05-01T14:50:47.022+0000] {logging_mixin.py:190} INFO - [2025-05-01T14:50:47.022+0000] {dag.py:4180} INFO - Setting next_dagrun for pyop_test3 to 2024-04-12 00:00:00+00:00, run_after=2024-04-13 00:00:00+00:00
[2025-05-01T14:50:47.099+0000] {processor.py:208} INFO - Processing /opt/airflow/dags/PythonOP_Dag.py took 0.302 seconds
[2025-05-01T14:51:18.232+0000] {processor.py:186} INFO - Started process (PID=74569) to work on /opt/airflow/dags/PythonOP_Dag.py
[2025-05-01T14:51:18.236+0000] {processor.py:914} INFO - Processing file /opt/airflow/dags/PythonOP_Dag.py for tasks to queue
[2025-05-01T14:51:18.264+0000] {logging_mixin.py:190} INFO - [2025-05-01T14:51:18.256+0000] {dagbag.py:588} INFO - Filling up the DagBag from /opt/airflow/dags/PythonOP_Dag.py
[2025-05-01T14:51:18.389+0000] {processor.py:925} INFO - DAG(s) 'pyop_test3' retrieved from /opt/airflow/dags/PythonOP_Dag.py
[2025-05-01T14:51:18.554+0000] {logging_mixin.py:190} INFO - [2025-05-01T14:51:18.553+0000] {dag.py:3239} INFO - Sync 1 DAGs
[2025-05-01T14:51:18.685+0000] {logging_mixin.py:190} INFO - [2025-05-01T14:51:18.685+0000] {dag.py:4180} INFO - Setting next_dagrun for pyop_test3 to 2024-04-12 00:00:00+00:00, run_after=2024-04-13 00:00:00+00:00
[2025-05-01T14:51:18.766+0000] {processor.py:208} INFO - Processing /opt/airflow/dags/PythonOP_Dag.py took 0.594 seconds
[2025-05-01T14:51:49.519+0000] {processor.py:186} INFO - Started process (PID=74602) to work on /opt/airflow/dags/PythonOP_Dag.py
[2025-05-01T14:51:49.521+0000] {processor.py:914} INFO - Processing file /opt/airflow/dags/PythonOP_Dag.py for tasks to queue
[2025-05-01T14:51:49.524+0000] {logging_mixin.py:190} INFO - [2025-05-01T14:51:49.523+0000] {dagbag.py:588} INFO - Filling up the DagBag from /opt/airflow/dags/PythonOP_Dag.py
[2025-05-01T14:51:49.567+0000] {processor.py:925} INFO - DAG(s) 'pyop_test3' retrieved from /opt/airflow/dags/PythonOP_Dag.py
[2025-05-01T14:51:49.625+0000] {logging_mixin.py:190} INFO - [2025-05-01T14:51:49.625+0000] {dag.py:3239} INFO - Sync 1 DAGs
[2025-05-01T14:51:49.684+0000] {logging_mixin.py:190} INFO - [2025-05-01T14:51:49.684+0000] {dag.py:4180} INFO - Setting next_dagrun for pyop_test3 to 2024-04-12 00:00:00+00:00, run_after=2024-04-13 00:00:00+00:00
[2025-05-01T14:51:49.741+0000] {processor.py:208} INFO - Processing /opt/airflow/dags/PythonOP_Dag.py took 0.238 seconds
[2025-05-01T14:52:19.934+0000] {processor.py:186} INFO - Started process (PID=74632) to work on /opt/airflow/dags/PythonOP_Dag.py
[2025-05-01T14:52:19.936+0000] {processor.py:914} INFO - Processing file /opt/airflow/dags/PythonOP_Dag.py for tasks to queue
[2025-05-01T14:52:19.951+0000] {logging_mixin.py:190} INFO - [2025-05-01T14:52:19.951+0000] {dagbag.py:588} INFO - Filling up the DagBag from /opt/airflow/dags/PythonOP_Dag.py
[2025-05-01T14:52:20.037+0000] {processor.py:925} INFO - DAG(s) 'pyop_test3' retrieved from /opt/airflow/dags/PythonOP_Dag.py
[2025-05-01T14:52:20.283+0000] {logging_mixin.py:190} INFO - [2025-05-01T14:52:20.281+0000] {dag.py:3239} INFO - Sync 1 DAGs
[2025-05-01T14:52:20.525+0000] {logging_mixin.py:190} INFO - [2025-05-01T14:52:20.525+0000] {dag.py:4180} INFO - Setting next_dagrun for pyop_test3 to 2024-04-12 00:00:00+00:00, run_after=2024-04-13 00:00:00+00:00
[2025-05-01T14:52:20.620+0000] {processor.py:208} INFO - Processing /opt/airflow/dags/PythonOP_Dag.py took 0.727 seconds
[2025-05-01T14:52:51.241+0000] {processor.py:186} INFO - Started process (PID=74661) to work on /opt/airflow/dags/PythonOP_Dag.py
[2025-05-01T14:52:51.256+0000] {processor.py:914} INFO - Processing file /opt/airflow/dags/PythonOP_Dag.py for tasks to queue
[2025-05-01T14:52:51.297+0000] {logging_mixin.py:190} INFO - [2025-05-01T14:52:51.290+0000] {dagbag.py:588} INFO - Filling up the DagBag from /opt/airflow/dags/PythonOP_Dag.py
[2025-05-01T14:52:51.676+0000] {processor.py:925} INFO - DAG(s) 'pyop_test3' retrieved from /opt/airflow/dags/PythonOP_Dag.py
[2025-05-01T14:52:51.990+0000] {logging_mixin.py:190} INFO - [2025-05-01T14:52:51.990+0000] {dag.py:3239} INFO - Sync 1 DAGs
[2025-05-01T14:52:52.157+0000] {logging_mixin.py:190} INFO - [2025-05-01T14:52:52.157+0000] {dag.py:4180} INFO - Setting next_dagrun for pyop_test3 to 2024-04-12 00:00:00+00:00, run_after=2024-04-13 00:00:00+00:00
[2025-05-01T14:52:52.318+0000] {processor.py:208} INFO - Processing /opt/airflow/dags/PythonOP_Dag.py took 1.217 seconds
[2025-05-01T14:53:22.921+0000] {processor.py:186} INFO - Started process (PID=74694) to work on /opt/airflow/dags/PythonOP_Dag.py
[2025-05-01T14:53:22.938+0000] {processor.py:914} INFO - Processing file /opt/airflow/dags/PythonOP_Dag.py for tasks to queue
[2025-05-01T14:53:22.953+0000] {logging_mixin.py:190} INFO - [2025-05-01T14:53:22.952+0000] {dagbag.py:588} INFO - Filling up the DagBag from /opt/airflow/dags/PythonOP_Dag.py
[2025-05-01T14:53:23.095+0000] {processor.py:925} INFO - DAG(s) 'pyop_test3' retrieved from /opt/airflow/dags/PythonOP_Dag.py
[2025-05-01T14:53:23.272+0000] {logging_mixin.py:190} INFO - [2025-05-01T14:53:23.272+0000] {dag.py:3239} INFO - Sync 1 DAGs
[2025-05-01T14:53:23.377+0000] {logging_mixin.py:190} INFO - [2025-05-01T14:53:23.377+0000] {dag.py:4180} INFO - Setting next_dagrun for pyop_test3 to 2024-04-12 00:00:00+00:00, run_after=2024-04-13 00:00:00+00:00
[2025-05-01T14:53:23.520+0000] {processor.py:208} INFO - Processing /opt/airflow/dags/PythonOP_Dag.py took 0.636 seconds
[2025-05-01T14:53:54.072+0000] {processor.py:186} INFO - Started process (PID=74724) to work on /opt/airflow/dags/PythonOP_Dag.py
[2025-05-01T14:53:54.078+0000] {processor.py:914} INFO - Processing file /opt/airflow/dags/PythonOP_Dag.py for tasks to queue
[2025-05-01T14:53:54.085+0000] {logging_mixin.py:190} INFO - [2025-05-01T14:53:54.084+0000] {dagbag.py:588} INFO - Filling up the DagBag from /opt/airflow/dags/PythonOP_Dag.py
[2025-05-01T14:53:54.155+0000] {processor.py:925} INFO - DAG(s) 'pyop_test3' retrieved from /opt/airflow/dags/PythonOP_Dag.py
[2025-05-01T14:53:54.330+0000] {logging_mixin.py:190} INFO - [2025-05-01T14:53:54.329+0000] {dag.py:3239} INFO - Sync 1 DAGs
[2025-05-01T14:53:54.425+0000] {logging_mixin.py:190} INFO - [2025-05-01T14:53:54.424+0000] {dag.py:4180} INFO - Setting next_dagrun for pyop_test3 to 2024-04-12 00:00:00+00:00, run_after=2024-04-13 00:00:00+00:00
[2025-05-01T14:53:54.485+0000] {processor.py:208} INFO - Processing /opt/airflow/dags/PythonOP_Dag.py took 0.439 seconds
[2025-05-01T14:54:25.005+0000] {processor.py:186} INFO - Started process (PID=74756) to work on /opt/airflow/dags/PythonOP_Dag.py
[2025-05-01T14:54:25.008+0000] {processor.py:914} INFO - Processing file /opt/airflow/dags/PythonOP_Dag.py for tasks to queue
[2025-05-01T14:54:25.023+0000] {logging_mixin.py:190} INFO - [2025-05-01T14:54:25.022+0000] {dagbag.py:588} INFO - Filling up the DagBag from /opt/airflow/dags/PythonOP_Dag.py
[2025-05-01T14:54:25.136+0000] {processor.py:925} INFO - DAG(s) 'pyop_test3' retrieved from /opt/airflow/dags/PythonOP_Dag.py
[2025-05-01T14:54:25.279+0000] {logging_mixin.py:190} INFO - [2025-05-01T14:54:25.277+0000] {dag.py:3239} INFO - Sync 1 DAGs
[2025-05-01T14:54:25.428+0000] {logging_mixin.py:190} INFO - [2025-05-01T14:54:25.427+0000] {dag.py:4180} INFO - Setting next_dagrun for pyop_test3 to 2024-04-12 00:00:00+00:00, run_after=2024-04-13 00:00:00+00:00
[2025-05-01T14:54:25.562+0000] {processor.py:208} INFO - Processing /opt/airflow/dags/PythonOP_Dag.py took 0.602 seconds
[2025-05-01T14:54:55.826+0000] {processor.py:186} INFO - Started process (PID=74787) to work on /opt/airflow/dags/PythonOP_Dag.py
[2025-05-01T14:54:55.827+0000] {processor.py:914} INFO - Processing file /opt/airflow/dags/PythonOP_Dag.py for tasks to queue
[2025-05-01T14:54:55.837+0000] {logging_mixin.py:190} INFO - [2025-05-01T14:54:55.836+0000] {dagbag.py:588} INFO - Filling up the DagBag from /opt/airflow/dags/PythonOP_Dag.py
[2025-05-01T14:54:55.876+0000] {processor.py:925} INFO - DAG(s) 'pyop_test3' retrieved from /opt/airflow/dags/PythonOP_Dag.py
[2025-05-01T14:54:55.937+0000] {logging_mixin.py:190} INFO - [2025-05-01T14:54:55.936+0000] {dag.py:3239} INFO - Sync 1 DAGs
[2025-05-01T14:54:55.990+0000] {logging_mixin.py:190} INFO - [2025-05-01T14:54:55.990+0000] {dag.py:4180} INFO - Setting next_dagrun for pyop_test3 to 2024-04-12 00:00:00+00:00, run_after=2024-04-13 00:00:00+00:00
[2025-05-01T14:54:56.027+0000] {processor.py:208} INFO - Processing /opt/airflow/dags/PythonOP_Dag.py took 0.220 seconds
[2025-05-01T14:55:26.309+0000] {processor.py:186} INFO - Started process (PID=74818) to work on /opt/airflow/dags/PythonOP_Dag.py
[2025-05-01T14:55:26.310+0000] {processor.py:914} INFO - Processing file /opt/airflow/dags/PythonOP_Dag.py for tasks to queue
[2025-05-01T14:55:26.312+0000] {logging_mixin.py:190} INFO - [2025-05-01T14:55:26.312+0000] {dagbag.py:588} INFO - Filling up the DagBag from /opt/airflow/dags/PythonOP_Dag.py
[2025-05-01T14:55:26.345+0000] {processor.py:925} INFO - DAG(s) 'pyop_test3' retrieved from /opt/airflow/dags/PythonOP_Dag.py
[2025-05-01T14:55:26.384+0000] {logging_mixin.py:190} INFO - [2025-05-01T14:55:26.384+0000] {dag.py:3239} INFO - Sync 1 DAGs
[2025-05-01T14:55:26.425+0000] {logging_mixin.py:190} INFO - [2025-05-01T14:55:26.425+0000] {dag.py:4180} INFO - Setting next_dagrun for pyop_test3 to 2024-04-12 00:00:00+00:00, run_after=2024-04-13 00:00:00+00:00
[2025-05-01T14:55:26.462+0000] {processor.py:208} INFO - Processing /opt/airflow/dags/PythonOP_Dag.py took 0.167 seconds
[2025-05-01T14:55:57.230+0000] {processor.py:186} INFO - Started process (PID=74849) to work on /opt/airflow/dags/PythonOP_Dag.py
[2025-05-01T14:55:57.232+0000] {processor.py:914} INFO - Processing file /opt/airflow/dags/PythonOP_Dag.py for tasks to queue
[2025-05-01T14:55:57.240+0000] {logging_mixin.py:190} INFO - [2025-05-01T14:55:57.239+0000] {dagbag.py:588} INFO - Filling up the DagBag from /opt/airflow/dags/PythonOP_Dag.py
[2025-05-01T14:55:57.270+0000] {processor.py:925} INFO - DAG(s) 'pyop_test3' retrieved from /opt/airflow/dags/PythonOP_Dag.py
[2025-05-01T14:55:57.308+0000] {logging_mixin.py:190} INFO - [2025-05-01T14:55:57.308+0000] {dag.py:3239} INFO - Sync 1 DAGs
[2025-05-01T14:55:57.346+0000] {logging_mixin.py:190} INFO - [2025-05-01T14:55:57.346+0000] {dag.py:4180} INFO - Setting next_dagrun for pyop_test3 to 2024-04-12 00:00:00+00:00, run_after=2024-04-13 00:00:00+00:00
[2025-05-01T14:55:57.393+0000] {processor.py:208} INFO - Processing /opt/airflow/dags/PythonOP_Dag.py took 0.168 seconds
[2025-05-01T14:56:27.482+0000] {processor.py:186} INFO - Started process (PID=74880) to work on /opt/airflow/dags/PythonOP_Dag.py
[2025-05-01T14:56:27.490+0000] {processor.py:914} INFO - Processing file /opt/airflow/dags/PythonOP_Dag.py for tasks to queue
[2025-05-01T14:56:27.494+0000] {logging_mixin.py:190} INFO - [2025-05-01T14:56:27.493+0000] {dagbag.py:588} INFO - Filling up the DagBag from /opt/airflow/dags/PythonOP_Dag.py
[2025-05-01T14:56:27.523+0000] {processor.py:925} INFO - DAG(s) 'pyop_test3' retrieved from /opt/airflow/dags/PythonOP_Dag.py
[2025-05-01T14:56:27.575+0000] {logging_mixin.py:190} INFO - [2025-05-01T14:56:27.575+0000] {dag.py:3239} INFO - Sync 1 DAGs
[2025-05-01T14:56:27.613+0000] {logging_mixin.py:190} INFO - [2025-05-01T14:56:27.612+0000] {dag.py:4180} INFO - Setting next_dagrun for pyop_test3 to 2024-04-12 00:00:00+00:00, run_after=2024-04-13 00:00:00+00:00
[2025-05-01T14:56:27.660+0000] {processor.py:208} INFO - Processing /opt/airflow/dags/PythonOP_Dag.py took 0.186 seconds
[2025-05-01T14:56:57.931+0000] {processor.py:186} INFO - Started process (PID=74911) to work on /opt/airflow/dags/PythonOP_Dag.py
[2025-05-01T14:56:57.933+0000] {processor.py:914} INFO - Processing file /opt/airflow/dags/PythonOP_Dag.py for tasks to queue
[2025-05-01T14:56:57.942+0000] {logging_mixin.py:190} INFO - [2025-05-01T14:56:57.941+0000] {dagbag.py:588} INFO - Filling up the DagBag from /opt/airflow/dags/PythonOP_Dag.py
[2025-05-01T14:56:57.980+0000] {processor.py:925} INFO - DAG(s) 'pyop_test3' retrieved from /opt/airflow/dags/PythonOP_Dag.py
[2025-05-01T14:56:58.015+0000] {logging_mixin.py:190} INFO - [2025-05-01T14:56:58.015+0000] {dag.py:3239} INFO - Sync 1 DAGs
[2025-05-01T14:56:58.061+0000] {logging_mixin.py:190} INFO - [2025-05-01T14:56:58.060+0000] {dag.py:4180} INFO - Setting next_dagrun for pyop_test3 to 2024-04-12 00:00:00+00:00, run_after=2024-04-13 00:00:00+00:00
[2025-05-01T14:56:58.098+0000] {processor.py:208} INFO - Processing /opt/airflow/dags/PythonOP_Dag.py took 0.173 seconds
[2025-05-01T14:57:28.218+0000] {processor.py:186} INFO - Started process (PID=74942) to work on /opt/airflow/dags/PythonOP_Dag.py
[2025-05-01T14:57:28.228+0000] {processor.py:914} INFO - Processing file /opt/airflow/dags/PythonOP_Dag.py for tasks to queue
[2025-05-01T14:57:28.232+0000] {logging_mixin.py:190} INFO - [2025-05-01T14:57:28.231+0000] {dagbag.py:588} INFO - Filling up the DagBag from /opt/airflow/dags/PythonOP_Dag.py
[2025-05-01T14:57:28.265+0000] {processor.py:925} INFO - DAG(s) 'pyop_test3' retrieved from /opt/airflow/dags/PythonOP_Dag.py
[2025-05-01T14:57:28.311+0000] {logging_mixin.py:190} INFO - [2025-05-01T14:57:28.311+0000] {dag.py:3239} INFO - Sync 1 DAGs
[2025-05-01T14:57:28.347+0000] {logging_mixin.py:190} INFO - [2025-05-01T14:57:28.346+0000] {dag.py:4180} INFO - Setting next_dagrun for pyop_test3 to 2024-04-12 00:00:00+00:00, run_after=2024-04-13 00:00:00+00:00
[2025-05-01T14:57:28.381+0000] {processor.py:208} INFO - Processing /opt/airflow/dags/PythonOP_Dag.py took 0.169 seconds
[2025-05-01T14:57:58.478+0000] {processor.py:186} INFO - Started process (PID=74971) to work on /opt/airflow/dags/PythonOP_Dag.py
[2025-05-01T14:57:58.480+0000] {processor.py:914} INFO - Processing file /opt/airflow/dags/PythonOP_Dag.py for tasks to queue
[2025-05-01T14:57:58.483+0000] {logging_mixin.py:190} INFO - [2025-05-01T14:57:58.483+0000] {dagbag.py:588} INFO - Filling up the DagBag from /opt/airflow/dags/PythonOP_Dag.py
[2025-05-01T14:57:58.536+0000] {processor.py:925} INFO - DAG(s) 'pyop_test3' retrieved from /opt/airflow/dags/PythonOP_Dag.py
[2025-05-01T14:57:58.613+0000] {logging_mixin.py:190} INFO - [2025-05-01T14:57:58.613+0000] {dag.py:3239} INFO - Sync 1 DAGs
[2025-05-01T14:57:58.685+0000] {logging_mixin.py:190} INFO - [2025-05-01T14:57:58.684+0000] {dag.py:4180} INFO - Setting next_dagrun for pyop_test3 to 2024-04-12 00:00:00+00:00, run_after=2024-04-13 00:00:00+00:00
[2025-05-01T14:57:58.748+0000] {processor.py:208} INFO - Processing /opt/airflow/dags/PythonOP_Dag.py took 0.286 seconds
[2025-05-01T14:58:29.521+0000] {processor.py:186} INFO - Started process (PID=75002) to work on /opt/airflow/dags/PythonOP_Dag.py
[2025-05-01T14:58:29.524+0000] {processor.py:914} INFO - Processing file /opt/airflow/dags/PythonOP_Dag.py for tasks to queue
[2025-05-01T14:58:29.538+0000] {logging_mixin.py:190} INFO - [2025-05-01T14:58:29.537+0000] {dagbag.py:588} INFO - Filling up the DagBag from /opt/airflow/dags/PythonOP_Dag.py
[2025-05-01T14:58:30.213+0000] {processor.py:925} INFO - DAG(s) 'pyop_test3' retrieved from /opt/airflow/dags/PythonOP_Dag.py
[2025-05-01T14:58:30.434+0000] {logging_mixin.py:190} INFO - [2025-05-01T14:58:30.433+0000] {dag.py:3239} INFO - Sync 1 DAGs
[2025-05-01T14:58:30.579+0000] {logging_mixin.py:190} INFO - [2025-05-01T14:58:30.578+0000] {dag.py:4180} INFO - Setting next_dagrun for pyop_test3 to 2024-04-12 00:00:00+00:00, run_after=2024-04-13 00:00:00+00:00
[2025-05-01T14:58:30.697+0000] {processor.py:208} INFO - Processing /opt/airflow/dags/PythonOP_Dag.py took 1.205 seconds
[2025-05-01T14:59:03.849+0000] {processor.py:186} INFO - Started process (PID=75033) to work on /opt/airflow/dags/PythonOP_Dag.py
[2025-05-01T14:59:03.879+0000] {processor.py:914} INFO - Processing file /opt/airflow/dags/PythonOP_Dag.py for tasks to queue
[2025-05-01T14:59:03.906+0000] {logging_mixin.py:190} INFO - [2025-05-01T14:59:03.904+0000] {dagbag.py:588} INFO - Filling up the DagBag from /opt/airflow/dags/PythonOP_Dag.py
[2025-05-01T14:59:04.110+0000] {processor.py:925} INFO - DAG(s) 'pyop_test3' retrieved from /opt/airflow/dags/PythonOP_Dag.py
[2025-05-01T14:59:04.324+0000] {logging_mixin.py:190} INFO - [2025-05-01T14:59:04.324+0000] {dag.py:3239} INFO - Sync 1 DAGs
[2025-05-01T14:59:04.383+0000] {logging_mixin.py:190} INFO - [2025-05-01T14:59:04.383+0000] {dag.py:4180} INFO - Setting next_dagrun for pyop_test3 to 2024-04-12 00:00:00+00:00, run_after=2024-04-13 00:00:00+00:00
[2025-05-01T14:59:04.442+0000] {processor.py:208} INFO - Processing /opt/airflow/dags/PythonOP_Dag.py took 0.792 seconds
[2025-05-01T14:59:34.941+0000] {processor.py:186} INFO - Started process (PID=75064) to work on /opt/airflow/dags/PythonOP_Dag.py
[2025-05-01T14:59:34.943+0000] {processor.py:914} INFO - Processing file /opt/airflow/dags/PythonOP_Dag.py for tasks to queue
[2025-05-01T14:59:34.947+0000] {logging_mixin.py:190} INFO - [2025-05-01T14:59:34.947+0000] {dagbag.py:588} INFO - Filling up the DagBag from /opt/airflow/dags/PythonOP_Dag.py
[2025-05-01T14:59:34.979+0000] {processor.py:925} INFO - DAG(s) 'pyop_test3' retrieved from /opt/airflow/dags/PythonOP_Dag.py
[2025-05-01T14:59:35.036+0000] {logging_mixin.py:190} INFO - [2025-05-01T14:59:35.036+0000] {dag.py:3239} INFO - Sync 1 DAGs
[2025-05-01T14:59:35.086+0000] {logging_mixin.py:190} INFO - [2025-05-01T14:59:35.085+0000] {dag.py:4180} INFO - Setting next_dagrun for pyop_test3 to 2024-04-12 00:00:00+00:00, run_after=2024-04-13 00:00:00+00:00
[2025-05-01T14:59:35.124+0000] {processor.py:208} INFO - Processing /opt/airflow/dags/PythonOP_Dag.py took 0.195 seconds
[2025-05-01T15:00:05.224+0000] {processor.py:186} INFO - Started process (PID=75095) to work on /opt/airflow/dags/PythonOP_Dag.py
[2025-05-01T15:00:05.225+0000] {processor.py:914} INFO - Processing file /opt/airflow/dags/PythonOP_Dag.py for tasks to queue
[2025-05-01T15:00:05.230+0000] {logging_mixin.py:190} INFO - [2025-05-01T15:00:05.230+0000] {dagbag.py:588} INFO - Filling up the DagBag from /opt/airflow/dags/PythonOP_Dag.py
[2025-05-01T15:00:05.259+0000] {processor.py:925} INFO - DAG(s) 'pyop_test3' retrieved from /opt/airflow/dags/PythonOP_Dag.py
[2025-05-01T15:00:05.307+0000] {logging_mixin.py:190} INFO - [2025-05-01T15:00:05.307+0000] {dag.py:3239} INFO - Sync 1 DAGs
[2025-05-01T15:00:05.340+0000] {logging_mixin.py:190} INFO - [2025-05-01T15:00:05.340+0000] {dag.py:4180} INFO - Setting next_dagrun for pyop_test3 to 2024-04-12 00:00:00+00:00, run_after=2024-04-13 00:00:00+00:00
[2025-05-01T15:00:05.374+0000] {processor.py:208} INFO - Processing /opt/airflow/dags/PythonOP_Dag.py took 0.160 seconds
[2025-05-01T15:00:36.228+0000] {processor.py:186} INFO - Started process (PID=75126) to work on /opt/airflow/dags/PythonOP_Dag.py
[2025-05-01T15:00:36.229+0000] {processor.py:914} INFO - Processing file /opt/airflow/dags/PythonOP_Dag.py for tasks to queue
[2025-05-01T15:00:36.231+0000] {logging_mixin.py:190} INFO - [2025-05-01T15:00:36.231+0000] {dagbag.py:588} INFO - Filling up the DagBag from /opt/airflow/dags/PythonOP_Dag.py
[2025-05-01T15:00:36.251+0000] {processor.py:925} INFO - DAG(s) 'pyop_test3' retrieved from /opt/airflow/dags/PythonOP_Dag.py
[2025-05-01T15:00:36.280+0000] {logging_mixin.py:190} INFO - [2025-05-01T15:00:36.279+0000] {dag.py:3239} INFO - Sync 1 DAGs
[2025-05-01T15:00:36.313+0000] {logging_mixin.py:190} INFO - [2025-05-01T15:00:36.312+0000] {dag.py:4180} INFO - Setting next_dagrun for pyop_test3 to 2024-04-12 00:00:00+00:00, run_after=2024-04-13 00:00:00+00:00
[2025-05-01T15:00:36.342+0000] {processor.py:208} INFO - Processing /opt/airflow/dags/PythonOP_Dag.py took 0.122 seconds
[2025-05-01T15:01:06.919+0000] {processor.py:186} INFO - Started process (PID=75163) to work on /opt/airflow/dags/PythonOP_Dag.py
[2025-05-01T15:01:06.921+0000] {processor.py:914} INFO - Processing file /opt/airflow/dags/PythonOP_Dag.py for tasks to queue
[2025-05-01T15:01:06.923+0000] {logging_mixin.py:190} INFO - [2025-05-01T15:01:06.923+0000] {dagbag.py:588} INFO - Filling up the DagBag from /opt/airflow/dags/PythonOP_Dag.py
[2025-05-01T15:01:06.945+0000] {processor.py:925} INFO - DAG(s) 'pyop_test3' retrieved from /opt/airflow/dags/PythonOP_Dag.py
[2025-05-01T15:01:06.979+0000] {logging_mixin.py:190} INFO - [2025-05-01T15:01:06.978+0000] {dag.py:3239} INFO - Sync 1 DAGs
[2025-05-01T15:01:07.012+0000] {logging_mixin.py:190} INFO - [2025-05-01T15:01:07.011+0000] {dag.py:4180} INFO - Setting next_dagrun for pyop_test3 to 2024-04-12 00:00:00+00:00, run_after=2024-04-13 00:00:00+00:00
[2025-05-01T15:01:07.036+0000] {processor.py:208} INFO - Processing /opt/airflow/dags/PythonOP_Dag.py took 0.124 seconds
[2025-05-01T15:01:37.131+0000] {processor.py:186} INFO - Started process (PID=75193) to work on /opt/airflow/dags/PythonOP_Dag.py
[2025-05-01T15:01:37.133+0000] {processor.py:914} INFO - Processing file /opt/airflow/dags/PythonOP_Dag.py for tasks to queue
[2025-05-01T15:01:37.135+0000] {logging_mixin.py:190} INFO - [2025-05-01T15:01:37.135+0000] {dagbag.py:588} INFO - Filling up the DagBag from /opt/airflow/dags/PythonOP_Dag.py
[2025-05-01T15:01:37.155+0000] {processor.py:925} INFO - DAG(s) 'pyop_test3' retrieved from /opt/airflow/dags/PythonOP_Dag.py
[2025-05-01T15:01:37.185+0000] {logging_mixin.py:190} INFO - [2025-05-01T15:01:37.184+0000] {dag.py:3239} INFO - Sync 1 DAGs
[2025-05-01T15:01:37.209+0000] {logging_mixin.py:190} INFO - [2025-05-01T15:01:37.209+0000] {dag.py:4180} INFO - Setting next_dagrun for pyop_test3 to 2024-04-12 00:00:00+00:00, run_after=2024-04-13 00:00:00+00:00
[2025-05-01T15:01:37.234+0000] {processor.py:208} INFO - Processing /opt/airflow/dags/PythonOP_Dag.py took 0.108 seconds
[2025-05-01T15:02:07.760+0000] {processor.py:186} INFO - Started process (PID=75226) to work on /opt/airflow/dags/PythonOP_Dag.py
[2025-05-01T15:02:07.762+0000] {processor.py:914} INFO - Processing file /opt/airflow/dags/PythonOP_Dag.py for tasks to queue
[2025-05-01T15:02:07.765+0000] {logging_mixin.py:190} INFO - [2025-05-01T15:02:07.764+0000] {dagbag.py:588} INFO - Filling up the DagBag from /opt/airflow/dags/PythonOP_Dag.py
[2025-05-01T15:02:07.784+0000] {processor.py:925} INFO - DAG(s) 'pyop_test3' retrieved from /opt/airflow/dags/PythonOP_Dag.py
[2025-05-01T15:02:07.815+0000] {logging_mixin.py:190} INFO - [2025-05-01T15:02:07.814+0000] {dag.py:3239} INFO - Sync 1 DAGs
[2025-05-01T15:02:07.849+0000] {logging_mixin.py:190} INFO - [2025-05-01T15:02:07.849+0000] {dag.py:4180} INFO - Setting next_dagrun for pyop_test3 to 2024-04-12 00:00:00+00:00, run_after=2024-04-13 00:00:00+00:00
[2025-05-01T15:02:07.872+0000] {processor.py:208} INFO - Processing /opt/airflow/dags/PythonOP_Dag.py took 0.119 seconds
[2025-05-01T15:02:38.497+0000] {processor.py:186} INFO - Started process (PID=75257) to work on /opt/airflow/dags/PythonOP_Dag.py
[2025-05-01T15:02:38.498+0000] {processor.py:914} INFO - Processing file /opt/airflow/dags/PythonOP_Dag.py for tasks to queue
[2025-05-01T15:02:38.500+0000] {logging_mixin.py:190} INFO - [2025-05-01T15:02:38.500+0000] {dagbag.py:588} INFO - Filling up the DagBag from /opt/airflow/dags/PythonOP_Dag.py
[2025-05-01T15:02:38.518+0000] {processor.py:925} INFO - DAG(s) 'pyop_test3' retrieved from /opt/airflow/dags/PythonOP_Dag.py
[2025-05-01T15:02:38.558+0000] {logging_mixin.py:190} INFO - [2025-05-01T15:02:38.558+0000] {dag.py:3239} INFO - Sync 1 DAGs
[2025-05-01T15:02:38.586+0000] {logging_mixin.py:190} INFO - [2025-05-01T15:02:38.586+0000] {dag.py:4180} INFO - Setting next_dagrun for pyop_test3 to 2024-04-12 00:00:00+00:00, run_after=2024-04-13 00:00:00+00:00
[2025-05-01T15:02:38.612+0000] {processor.py:208} INFO - Processing /opt/airflow/dags/PythonOP_Dag.py took 0.123 seconds
[2025-05-01T15:03:09.043+0000] {processor.py:186} INFO - Started process (PID=75288) to work on /opt/airflow/dags/PythonOP_Dag.py
[2025-05-01T15:03:09.045+0000] {processor.py:914} INFO - Processing file /opt/airflow/dags/PythonOP_Dag.py for tasks to queue
[2025-05-01T15:03:09.049+0000] {logging_mixin.py:190} INFO - [2025-05-01T15:03:09.048+0000] {dagbag.py:588} INFO - Filling up the DagBag from /opt/airflow/dags/PythonOP_Dag.py
[2025-05-01T15:03:09.074+0000] {processor.py:925} INFO - DAG(s) 'pyop_test3' retrieved from /opt/airflow/dags/PythonOP_Dag.py
[2025-05-01T15:03:09.125+0000] {logging_mixin.py:190} INFO - [2025-05-01T15:03:09.124+0000] {dag.py:3239} INFO - Sync 1 DAGs
[2025-05-01T15:03:09.185+0000] {logging_mixin.py:190} INFO - [2025-05-01T15:03:09.185+0000] {dag.py:4180} INFO - Setting next_dagrun for pyop_test3 to 2024-04-12 00:00:00+00:00, run_after=2024-04-13 00:00:00+00:00
[2025-05-01T15:03:09.239+0000] {processor.py:208} INFO - Processing /opt/airflow/dags/PythonOP_Dag.py took 0.204 seconds
[2025-05-01T15:03:39.738+0000] {processor.py:186} INFO - Started process (PID=75319) to work on /opt/airflow/dags/PythonOP_Dag.py
[2025-05-01T15:03:39.739+0000] {processor.py:914} INFO - Processing file /opt/airflow/dags/PythonOP_Dag.py for tasks to queue
[2025-05-01T15:03:39.742+0000] {logging_mixin.py:190} INFO - [2025-05-01T15:03:39.742+0000] {dagbag.py:588} INFO - Filling up the DagBag from /opt/airflow/dags/PythonOP_Dag.py
[2025-05-01T15:03:39.813+0000] {processor.py:925} INFO - DAG(s) 'pyop_test3' retrieved from /opt/airflow/dags/PythonOP_Dag.py
[2025-05-01T15:03:39.912+0000] {logging_mixin.py:190} INFO - [2025-05-01T15:03:39.911+0000] {dag.py:3239} INFO - Sync 1 DAGs
[2025-05-01T15:03:40.010+0000] {logging_mixin.py:190} INFO - [2025-05-01T15:03:40.009+0000] {dag.py:4180} INFO - Setting next_dagrun for pyop_test3 to 2024-04-12 00:00:00+00:00, run_after=2024-04-13 00:00:00+00:00
[2025-05-01T15:03:40.073+0000] {processor.py:208} INFO - Processing /opt/airflow/dags/PythonOP_Dag.py took 0.346 seconds
[2025-05-01T15:04:10.441+0000] {processor.py:186} INFO - Started process (PID=75349) to work on /opt/airflow/dags/PythonOP_Dag.py
[2025-05-01T15:04:10.443+0000] {processor.py:914} INFO - Processing file /opt/airflow/dags/PythonOP_Dag.py for tasks to queue
[2025-05-01T15:04:10.451+0000] {logging_mixin.py:190} INFO - [2025-05-01T15:04:10.449+0000] {dagbag.py:588} INFO - Filling up the DagBag from /opt/airflow/dags/PythonOP_Dag.py
[2025-05-01T15:04:10.540+0000] {processor.py:925} INFO - DAG(s) 'pyop_test3' retrieved from /opt/airflow/dags/PythonOP_Dag.py
[2025-05-01T15:04:10.584+0000] {logging_mixin.py:190} INFO - [2025-05-01T15:04:10.584+0000] {dag.py:3239} INFO - Sync 1 DAGs
[2025-05-01T15:04:10.619+0000] {logging_mixin.py:190} INFO - [2025-05-01T15:04:10.619+0000] {dag.py:4180} INFO - Setting next_dagrun for pyop_test3 to 2024-04-12 00:00:00+00:00, run_after=2024-04-13 00:00:00+00:00
[2025-05-01T15:04:10.644+0000] {processor.py:208} INFO - Processing /opt/airflow/dags/PythonOP_Dag.py took 0.212 seconds
[2025-05-01T15:04:41.121+0000] {processor.py:186} INFO - Started process (PID=75380) to work on /opt/airflow/dags/PythonOP_Dag.py
[2025-05-01T15:04:41.122+0000] {processor.py:914} INFO - Processing file /opt/airflow/dags/PythonOP_Dag.py for tasks to queue
[2025-05-01T15:04:41.126+0000] {logging_mixin.py:190} INFO - [2025-05-01T15:04:41.125+0000] {dagbag.py:588} INFO - Filling up the DagBag from /opt/airflow/dags/PythonOP_Dag.py
[2025-05-01T15:04:41.155+0000] {processor.py:925} INFO - DAG(s) 'pyop_test3' retrieved from /opt/airflow/dags/PythonOP_Dag.py
[2025-05-01T15:04:41.203+0000] {logging_mixin.py:190} INFO - [2025-05-01T15:04:41.202+0000] {dag.py:3239} INFO - Sync 1 DAGs
[2025-05-01T15:04:41.236+0000] {logging_mixin.py:190} INFO - [2025-05-01T15:04:41.236+0000] {dag.py:4180} INFO - Setting next_dagrun for pyop_test3 to 2024-04-12 00:00:00+00:00, run_after=2024-04-13 00:00:00+00:00
[2025-05-01T15:04:41.271+0000] {processor.py:208} INFO - Processing /opt/airflow/dags/PythonOP_Dag.py took 0.164 seconds
[2025-05-01T15:05:11.868+0000] {processor.py:186} INFO - Started process (PID=75411) to work on /opt/airflow/dags/PythonOP_Dag.py
[2025-05-01T15:05:11.869+0000] {processor.py:914} INFO - Processing file /opt/airflow/dags/PythonOP_Dag.py for tasks to queue
[2025-05-01T15:05:11.872+0000] {logging_mixin.py:190} INFO - [2025-05-01T15:05:11.871+0000] {dagbag.py:588} INFO - Filling up the DagBag from /opt/airflow/dags/PythonOP_Dag.py
[2025-05-01T15:05:11.890+0000] {processor.py:925} INFO - DAG(s) 'pyop_test3' retrieved from /opt/airflow/dags/PythonOP_Dag.py
[2025-05-01T15:05:11.919+0000] {logging_mixin.py:190} INFO - [2025-05-01T15:05:11.919+0000] {dag.py:3239} INFO - Sync 1 DAGs
[2025-05-01T15:05:11.950+0000] {logging_mixin.py:190} INFO - [2025-05-01T15:05:11.950+0000] {dag.py:4180} INFO - Setting next_dagrun for pyop_test3 to 2024-04-12 00:00:00+00:00, run_after=2024-04-13 00:00:00+00:00
[2025-05-01T15:05:11.972+0000] {processor.py:208} INFO - Processing /opt/airflow/dags/PythonOP_Dag.py took 0.111 seconds
[2025-05-01T15:05:42.218+0000] {processor.py:186} INFO - Started process (PID=75442) to work on /opt/airflow/dags/PythonOP_Dag.py
[2025-05-01T15:05:42.220+0000] {processor.py:914} INFO - Processing file /opt/airflow/dags/PythonOP_Dag.py for tasks to queue
[2025-05-01T15:05:42.222+0000] {logging_mixin.py:190} INFO - [2025-05-01T15:05:42.222+0000] {dagbag.py:588} INFO - Filling up the DagBag from /opt/airflow/dags/PythonOP_Dag.py
[2025-05-01T15:05:42.244+0000] {processor.py:925} INFO - DAG(s) 'pyop_test3' retrieved from /opt/airflow/dags/PythonOP_Dag.py
[2025-05-01T15:05:42.272+0000] {logging_mixin.py:190} INFO - [2025-05-01T15:05:42.271+0000] {dag.py:3239} INFO - Sync 1 DAGs
[2025-05-01T15:05:42.296+0000] {logging_mixin.py:190} INFO - [2025-05-01T15:05:42.296+0000] {dag.py:4180} INFO - Setting next_dagrun for pyop_test3 to 2024-04-12 00:00:00+00:00, run_after=2024-04-13 00:00:00+00:00
[2025-05-01T15:05:42.321+0000] {processor.py:208} INFO - Processing /opt/airflow/dags/PythonOP_Dag.py took 0.109 seconds
