[2025-05-01T14:43:30.473+0000] {processor.py:186} INFO - Started process (PID=74096) to work on /opt/airflow/dags/Third_DAG.py
[2025-05-01T14:43:30.481+0000] {processor.py:914} INFO - Processing file /opt/airflow/dags/Third_DAG.py for tasks to queue
[2025-05-01T14:43:30.506+0000] {logging_mixin.py:190} INFO - [2025-05-01T14:43:30.505+0000] {dagbag.py:588} INFO - Filling up the DagBag from /opt/airflow/dags/Third_DAG.py
[2025-05-01T14:43:30.746+0000] {processor.py:925} INFO - DAG(s) 'Dag_task' retrieved from /opt/airflow/dags/Third_DAG.py
[2025-05-01T14:43:31.481+0000] {logging_mixin.py:190} INFO - [2025-05-01T14:43:31.480+0000] {dag.py:3239} INFO - Sync 1 DAGs
[2025-05-01T14:43:32.349+0000] {logging_mixin.py:190} INFO - [2025-05-01T14:43:32.348+0000] {dag.py:4180} INFO - Setting next_dagrun for Dag_task to 2024-04-10 00:00:00+00:00, run_after=2024-04-11 00:00:00+00:00
[2025-05-01T14:43:32.770+0000] {processor.py:208} INFO - Processing /opt/airflow/dags/Third_DAG.py took 2.326 seconds
[2025-05-01T14:44:04.430+0000] {processor.py:186} INFO - Started process (PID=74127) to work on /opt/airflow/dags/Third_DAG.py
[2025-05-01T14:44:04.432+0000] {processor.py:914} INFO - Processing file /opt/airflow/dags/Third_DAG.py for tasks to queue
[2025-05-01T14:44:04.441+0000] {logging_mixin.py:190} INFO - [2025-05-01T14:44:04.440+0000] {dagbag.py:588} INFO - Filling up the DagBag from /opt/airflow/dags/Third_DAG.py
[2025-05-01T14:44:04.564+0000] {processor.py:925} INFO - DAG(s) 'Dag_task' retrieved from /opt/airflow/dags/Third_DAG.py
[2025-05-01T14:44:04.643+0000] {logging_mixin.py:190} INFO - [2025-05-01T14:44:04.642+0000] {dag.py:3239} INFO - Sync 1 DAGs
[2025-05-01T14:44:04.932+0000] {logging_mixin.py:190} INFO - [2025-05-01T14:44:04.931+0000] {dag.py:4180} INFO - Setting next_dagrun for Dag_task to 2024-04-10 00:00:00+00:00, run_after=2024-04-11 00:00:00+00:00
[2025-05-01T14:44:05.010+0000] {processor.py:208} INFO - Processing /opt/airflow/dags/Third_DAG.py took 0.600 seconds
[2025-05-01T14:44:35.558+0000] {processor.py:186} INFO - Started process (PID=74157) to work on /opt/airflow/dags/Third_DAG.py
[2025-05-01T14:44:35.568+0000] {processor.py:914} INFO - Processing file /opt/airflow/dags/Third_DAG.py for tasks to queue
[2025-05-01T14:44:35.596+0000] {logging_mixin.py:190} INFO - [2025-05-01T14:44:35.593+0000] {dagbag.py:588} INFO - Filling up the DagBag from /opt/airflow/dags/Third_DAG.py
[2025-05-01T14:44:35.713+0000] {processor.py:925} INFO - DAG(s) 'Dag_task' retrieved from /opt/airflow/dags/Third_DAG.py
[2025-05-01T14:44:36.015+0000] {logging_mixin.py:190} INFO - [2025-05-01T14:44:36.014+0000] {dag.py:3239} INFO - Sync 1 DAGs
[2025-05-01T14:44:36.200+0000] {logging_mixin.py:190} INFO - [2025-05-01T14:44:36.199+0000] {dag.py:4180} INFO - Setting next_dagrun for Dag_task to 2024-04-10 00:00:00+00:00, run_after=2024-04-11 00:00:00+00:00
[2025-05-01T14:44:36.308+0000] {processor.py:208} INFO - Processing /opt/airflow/dags/Third_DAG.py took 0.807 seconds
[2025-05-01T14:45:06.947+0000] {processor.py:186} INFO - Started process (PID=74190) to work on /opt/airflow/dags/Third_DAG.py
[2025-05-01T14:45:06.949+0000] {processor.py:914} INFO - Processing file /opt/airflow/dags/Third_DAG.py for tasks to queue
[2025-05-01T14:45:06.951+0000] {logging_mixin.py:190} INFO - [2025-05-01T14:45:06.951+0000] {dagbag.py:588} INFO - Filling up the DagBag from /opt/airflow/dags/Third_DAG.py
[2025-05-01T14:45:06.970+0000] {processor.py:925} INFO - DAG(s) 'Dag_task' retrieved from /opt/airflow/dags/Third_DAG.py
[2025-05-01T14:45:06.998+0000] {logging_mixin.py:190} INFO - [2025-05-01T14:45:06.998+0000] {dag.py:3239} INFO - Sync 1 DAGs
[2025-05-01T14:45:07.022+0000] {logging_mixin.py:190} INFO - [2025-05-01T14:45:07.021+0000] {dag.py:4180} INFO - Setting next_dagrun for Dag_task to 2024-04-10 00:00:00+00:00, run_after=2024-04-11 00:00:00+00:00
[2025-05-01T14:45:07.044+0000] {processor.py:208} INFO - Processing /opt/airflow/dags/Third_DAG.py took 0.103 seconds
[2025-05-01T14:45:38.082+0000] {processor.py:186} INFO - Started process (PID=74220) to work on /opt/airflow/dags/Third_DAG.py
[2025-05-01T14:45:38.110+0000] {processor.py:914} INFO - Processing file /opt/airflow/dags/Third_DAG.py for tasks to queue
[2025-05-01T14:45:38.145+0000] {logging_mixin.py:190} INFO - [2025-05-01T14:45:38.140+0000] {dagbag.py:588} INFO - Filling up the DagBag from /opt/airflow/dags/Third_DAG.py
[2025-05-01T14:45:38.269+0000] {processor.py:925} INFO - DAG(s) 'Dag_task' retrieved from /opt/airflow/dags/Third_DAG.py
[2025-05-01T14:45:38.400+0000] {logging_mixin.py:190} INFO - [2025-05-01T14:45:38.399+0000] {dag.py:3239} INFO - Sync 1 DAGs
[2025-05-01T14:45:38.470+0000] {logging_mixin.py:190} INFO - [2025-05-01T14:45:38.470+0000] {dag.py:4180} INFO - Setting next_dagrun for Dag_task to 2024-04-10 00:00:00+00:00, run_after=2024-04-11 00:00:00+00:00
[2025-05-01T14:45:38.526+0000] {processor.py:208} INFO - Processing /opt/airflow/dags/Third_DAG.py took 0.542 seconds
[2025-05-01T14:46:09.505+0000] {processor.py:186} INFO - Started process (PID=74252) to work on /opt/airflow/dags/Third_DAG.py
[2025-05-01T14:46:09.513+0000] {processor.py:914} INFO - Processing file /opt/airflow/dags/Third_DAG.py for tasks to queue
[2025-05-01T14:46:09.516+0000] {logging_mixin.py:190} INFO - [2025-05-01T14:46:09.516+0000] {dagbag.py:588} INFO - Filling up the DagBag from /opt/airflow/dags/Third_DAG.py
[2025-05-01T14:46:09.559+0000] {processor.py:925} INFO - DAG(s) 'Dag_task' retrieved from /opt/airflow/dags/Third_DAG.py
[2025-05-01T14:46:09.615+0000] {logging_mixin.py:190} INFO - [2025-05-01T14:46:09.614+0000] {dag.py:3239} INFO - Sync 1 DAGs
[2025-05-01T14:46:09.668+0000] {logging_mixin.py:190} INFO - [2025-05-01T14:46:09.668+0000] {dag.py:4180} INFO - Setting next_dagrun for Dag_task to 2024-04-10 00:00:00+00:00, run_after=2024-04-11 00:00:00+00:00
[2025-05-01T14:46:09.717+0000] {processor.py:208} INFO - Processing /opt/airflow/dags/Third_DAG.py took 0.219 seconds
[2025-05-01T14:46:40.083+0000] {processor.py:186} INFO - Started process (PID=74283) to work on /opt/airflow/dags/Third_DAG.py
[2025-05-01T14:46:40.086+0000] {processor.py:914} INFO - Processing file /opt/airflow/dags/Third_DAG.py for tasks to queue
[2025-05-01T14:46:40.135+0000] {logging_mixin.py:190} INFO - [2025-05-01T14:46:40.131+0000] {dagbag.py:588} INFO - Filling up the DagBag from /opt/airflow/dags/Third_DAG.py
[2025-05-01T14:46:40.356+0000] {processor.py:925} INFO - DAG(s) 'Dag_task' retrieved from /opt/airflow/dags/Third_DAG.py
[2025-05-01T14:46:40.686+0000] {logging_mixin.py:190} INFO - [2025-05-01T14:46:40.685+0000] {dag.py:3239} INFO - Sync 1 DAGs
[2025-05-01T14:46:40.859+0000] {logging_mixin.py:190} INFO - [2025-05-01T14:46:40.859+0000] {dag.py:4180} INFO - Setting next_dagrun for Dag_task to 2024-04-10 00:00:00+00:00, run_after=2024-04-11 00:00:00+00:00
[2025-05-01T14:46:40.984+0000] {processor.py:208} INFO - Processing /opt/airflow/dags/Third_DAG.py took 0.998 seconds
[2025-05-01T14:47:11.909+0000] {processor.py:186} INFO - Started process (PID=74315) to work on /opt/airflow/dags/Third_DAG.py
[2025-05-01T14:47:11.911+0000] {processor.py:914} INFO - Processing file /opt/airflow/dags/Third_DAG.py for tasks to queue
[2025-05-01T14:47:11.913+0000] {logging_mixin.py:190} INFO - [2025-05-01T14:47:11.913+0000] {dagbag.py:588} INFO - Filling up the DagBag from /opt/airflow/dags/Third_DAG.py
[2025-05-01T14:47:11.956+0000] {processor.py:925} INFO - DAG(s) 'Dag_task' retrieved from /opt/airflow/dags/Third_DAG.py
[2025-05-01T14:47:11.996+0000] {logging_mixin.py:190} INFO - [2025-05-01T14:47:11.996+0000] {dag.py:3239} INFO - Sync 1 DAGs
[2025-05-01T14:47:12.045+0000] {logging_mixin.py:190} INFO - [2025-05-01T14:47:12.045+0000] {dag.py:4180} INFO - Setting next_dagrun for Dag_task to 2024-04-10 00:00:00+00:00, run_after=2024-04-11 00:00:00+00:00
[2025-05-01T14:47:12.081+0000] {processor.py:208} INFO - Processing /opt/airflow/dags/Third_DAG.py took 0.185 seconds
[2025-05-01T14:47:43.276+0000] {processor.py:186} INFO - Started process (PID=74356) to work on /opt/airflow/dags/Third_DAG.py
[2025-05-01T14:47:43.278+0000] {processor.py:914} INFO - Processing file /opt/airflow/dags/Third_DAG.py for tasks to queue
[2025-05-01T14:47:43.280+0000] {logging_mixin.py:190} INFO - [2025-05-01T14:47:43.280+0000] {dagbag.py:588} INFO - Filling up the DagBag from /opt/airflow/dags/Third_DAG.py
[2025-05-01T14:47:43.313+0000] {processor.py:925} INFO - DAG(s) 'Dag_task' retrieved from /opt/airflow/dags/Third_DAG.py
[2025-05-01T14:47:43.368+0000] {logging_mixin.py:190} INFO - [2025-05-01T14:47:43.367+0000] {dag.py:3239} INFO - Sync 1 DAGs
[2025-05-01T14:47:43.432+0000] {logging_mixin.py:190} INFO - [2025-05-01T14:47:43.432+0000] {dag.py:4180} INFO - Setting next_dagrun for Dag_task to 2024-04-10 00:00:00+00:00, run_after=2024-04-11 00:00:00+00:00
[2025-05-01T14:47:43.500+0000] {processor.py:208} INFO - Processing /opt/airflow/dags/Third_DAG.py took 0.236 seconds
[2025-05-01T14:48:13.717+0000] {processor.py:186} INFO - Started process (PID=74390) to work on /opt/airflow/dags/Third_DAG.py
[2025-05-01T14:48:13.718+0000] {processor.py:914} INFO - Processing file /opt/airflow/dags/Third_DAG.py for tasks to queue
[2025-05-01T14:48:13.726+0000] {logging_mixin.py:190} INFO - [2025-05-01T14:48:13.724+0000] {dagbag.py:588} INFO - Filling up the DagBag from /opt/airflow/dags/Third_DAG.py
[2025-05-01T14:48:13.752+0000] {processor.py:925} INFO - DAG(s) 'Dag_task' retrieved from /opt/airflow/dags/Third_DAG.py
[2025-05-01T14:48:13.800+0000] {logging_mixin.py:190} INFO - [2025-05-01T14:48:13.800+0000] {dag.py:3239} INFO - Sync 1 DAGs
[2025-05-01T14:48:13.844+0000] {logging_mixin.py:190} INFO - [2025-05-01T14:48:13.844+0000] {dag.py:4180} INFO - Setting next_dagrun for Dag_task to 2024-04-10 00:00:00+00:00, run_after=2024-04-11 00:00:00+00:00
[2025-05-01T14:48:13.880+0000] {processor.py:208} INFO - Processing /opt/airflow/dags/Third_DAG.py took 0.179 seconds
[2025-05-01T14:48:44.322+0000] {processor.py:186} INFO - Started process (PID=74420) to work on /opt/airflow/dags/Third_DAG.py
[2025-05-01T14:48:44.324+0000] {processor.py:914} INFO - Processing file /opt/airflow/dags/Third_DAG.py for tasks to queue
[2025-05-01T14:48:44.339+0000] {logging_mixin.py:190} INFO - [2025-05-01T14:48:44.339+0000] {dagbag.py:588} INFO - Filling up the DagBag from /opt/airflow/dags/Third_DAG.py
[2025-05-01T14:48:44.431+0000] {processor.py:925} INFO - DAG(s) 'Dag_task' retrieved from /opt/airflow/dags/Third_DAG.py
[2025-05-01T14:48:44.532+0000] {logging_mixin.py:190} INFO - [2025-05-01T14:48:44.532+0000] {dag.py:3239} INFO - Sync 1 DAGs
[2025-05-01T14:48:44.656+0000] {logging_mixin.py:190} INFO - [2025-05-01T14:48:44.655+0000] {dag.py:4180} INFO - Setting next_dagrun for Dag_task to 2024-04-10 00:00:00+00:00, run_after=2024-04-11 00:00:00+00:00
[2025-05-01T14:48:44.750+0000] {processor.py:208} INFO - Processing /opt/airflow/dags/Third_DAG.py took 0.460 seconds
[2025-05-01T14:49:14.955+0000] {processor.py:186} INFO - Started process (PID=74453) to work on /opt/airflow/dags/Third_DAG.py
[2025-05-01T14:49:14.958+0000] {processor.py:914} INFO - Processing file /opt/airflow/dags/Third_DAG.py for tasks to queue
[2025-05-01T14:49:14.963+0000] {logging_mixin.py:190} INFO - [2025-05-01T14:49:14.962+0000] {dagbag.py:588} INFO - Filling up the DagBag from /opt/airflow/dags/Third_DAG.py
[2025-05-01T14:49:15.014+0000] {processor.py:925} INFO - DAG(s) 'Dag_task' retrieved from /opt/airflow/dags/Third_DAG.py
[2025-05-01T14:49:15.086+0000] {logging_mixin.py:190} INFO - [2025-05-01T14:49:15.086+0000] {dag.py:3239} INFO - Sync 1 DAGs
[2025-05-01T14:49:15.165+0000] {logging_mixin.py:190} INFO - [2025-05-01T14:49:15.164+0000] {dag.py:4180} INFO - Setting next_dagrun for Dag_task to 2024-04-10 00:00:00+00:00, run_after=2024-04-11 00:00:00+00:00
[2025-05-01T14:49:15.233+0000] {processor.py:208} INFO - Processing /opt/airflow/dags/Third_DAG.py took 0.295 seconds
[2025-05-01T14:49:45.717+0000] {processor.py:186} INFO - Started process (PID=74482) to work on /opt/airflow/dags/Third_DAG.py
[2025-05-01T14:49:45.718+0000] {processor.py:914} INFO - Processing file /opt/airflow/dags/Third_DAG.py for tasks to queue
[2025-05-01T14:49:45.724+0000] {logging_mixin.py:190} INFO - [2025-05-01T14:49:45.721+0000] {dagbag.py:588} INFO - Filling up the DagBag from /opt/airflow/dags/Third_DAG.py
[2025-05-01T14:49:45.769+0000] {processor.py:925} INFO - DAG(s) 'Dag_task' retrieved from /opt/airflow/dags/Third_DAG.py
[2025-05-01T14:49:45.868+0000] {logging_mixin.py:190} INFO - [2025-05-01T14:49:45.868+0000] {dag.py:3239} INFO - Sync 1 DAGs
[2025-05-01T14:49:45.961+0000] {logging_mixin.py:190} INFO - [2025-05-01T14:49:45.960+0000] {dag.py:4180} INFO - Setting next_dagrun for Dag_task to 2024-04-10 00:00:00+00:00, run_after=2024-04-11 00:00:00+00:00
[2025-05-01T14:49:46.052+0000] {processor.py:208} INFO - Processing /opt/airflow/dags/Third_DAG.py took 0.353 seconds
[2025-05-01T14:50:16.556+0000] {processor.py:186} INFO - Started process (PID=74513) to work on /opt/airflow/dags/Third_DAG.py
[2025-05-01T14:50:16.560+0000] {processor.py:914} INFO - Processing file /opt/airflow/dags/Third_DAG.py for tasks to queue
[2025-05-01T14:50:16.565+0000] {logging_mixin.py:190} INFO - [2025-05-01T14:50:16.565+0000] {dagbag.py:588} INFO - Filling up the DagBag from /opt/airflow/dags/Third_DAG.py
[2025-05-01T14:50:16.653+0000] {processor.py:925} INFO - DAG(s) 'Dag_task' retrieved from /opt/airflow/dags/Third_DAG.py
[2025-05-01T14:50:16.736+0000] {logging_mixin.py:190} INFO - [2025-05-01T14:50:16.735+0000] {dag.py:3239} INFO - Sync 1 DAGs
[2025-05-01T14:50:16.815+0000] {logging_mixin.py:190} INFO - [2025-05-01T14:50:16.814+0000] {dag.py:4180} INFO - Setting next_dagrun for Dag_task to 2024-04-10 00:00:00+00:00, run_after=2024-04-11 00:00:00+00:00
[2025-05-01T14:50:17.019+0000] {processor.py:208} INFO - Processing /opt/airflow/dags/Third_DAG.py took 0.481 seconds
[2025-05-01T14:50:47.219+0000] {processor.py:186} INFO - Started process (PID=74546) to work on /opt/airflow/dags/Third_DAG.py
[2025-05-01T14:50:47.220+0000] {processor.py:914} INFO - Processing file /opt/airflow/dags/Third_DAG.py for tasks to queue
[2025-05-01T14:50:47.224+0000] {logging_mixin.py:190} INFO - [2025-05-01T14:50:47.223+0000] {dagbag.py:588} INFO - Filling up the DagBag from /opt/airflow/dags/Third_DAG.py
[2025-05-01T14:50:47.266+0000] {processor.py:925} INFO - DAG(s) 'Dag_task' retrieved from /opt/airflow/dags/Third_DAG.py
[2025-05-01T14:50:47.340+0000] {logging_mixin.py:190} INFO - [2025-05-01T14:50:47.340+0000] {dag.py:3239} INFO - Sync 1 DAGs
[2025-05-01T14:50:47.391+0000] {logging_mixin.py:190} INFO - [2025-05-01T14:50:47.390+0000] {dag.py:4180} INFO - Setting next_dagrun for Dag_task to 2024-04-10 00:00:00+00:00, run_after=2024-04-11 00:00:00+00:00
[2025-05-01T14:50:47.449+0000] {processor.py:208} INFO - Processing /opt/airflow/dags/Third_DAG.py took 0.251 seconds
[2025-05-01T14:51:18.514+0000] {processor.py:186} INFO - Started process (PID=74574) to work on /opt/airflow/dags/Third_DAG.py
[2025-05-01T14:51:18.517+0000] {processor.py:914} INFO - Processing file /opt/airflow/dags/Third_DAG.py for tasks to queue
[2025-05-01T14:51:18.534+0000] {logging_mixin.py:190} INFO - [2025-05-01T14:51:18.533+0000] {dagbag.py:588} INFO - Filling up the DagBag from /opt/airflow/dags/Third_DAG.py
[2025-05-01T14:51:18.647+0000] {processor.py:925} INFO - DAG(s) 'Dag_task' retrieved from /opt/airflow/dags/Third_DAG.py
[2025-05-01T14:51:18.787+0000] {logging_mixin.py:190} INFO - [2025-05-01T14:51:18.786+0000] {dag.py:3239} INFO - Sync 1 DAGs
[2025-05-01T14:51:18.952+0000] {logging_mixin.py:190} INFO - [2025-05-01T14:51:18.951+0000] {dag.py:4180} INFO - Setting next_dagrun for Dag_task to 2024-04-10 00:00:00+00:00, run_after=2024-04-11 00:00:00+00:00
[2025-05-01T14:51:19.040+0000] {processor.py:208} INFO - Processing /opt/airflow/dags/Third_DAG.py took 0.585 seconds
[2025-05-01T14:51:49.530+0000] {processor.py:186} INFO - Started process (PID=74605) to work on /opt/airflow/dags/Third_DAG.py
[2025-05-01T14:51:49.532+0000] {processor.py:914} INFO - Processing file /opt/airflow/dags/Third_DAG.py for tasks to queue
[2025-05-01T14:51:49.536+0000] {logging_mixin.py:190} INFO - [2025-05-01T14:51:49.535+0000] {dagbag.py:588} INFO - Filling up the DagBag from /opt/airflow/dags/Third_DAG.py
[2025-05-01T14:51:49.584+0000] {processor.py:925} INFO - DAG(s) 'Dag_task' retrieved from /opt/airflow/dags/Third_DAG.py
[2025-05-01T14:51:49.640+0000] {logging_mixin.py:190} INFO - [2025-05-01T14:51:49.640+0000] {dag.py:3239} INFO - Sync 1 DAGs
[2025-05-01T14:51:49.707+0000] {logging_mixin.py:190} INFO - [2025-05-01T14:51:49.706+0000] {dag.py:4180} INFO - Setting next_dagrun for Dag_task to 2024-04-10 00:00:00+00:00, run_after=2024-04-11 00:00:00+00:00
[2025-05-01T14:51:49.775+0000] {processor.py:208} INFO - Processing /opt/airflow/dags/Third_DAG.py took 0.256 seconds
[2025-05-01T14:52:19.956+0000] {processor.py:186} INFO - Started process (PID=74635) to work on /opt/airflow/dags/Third_DAG.py
[2025-05-01T14:52:19.966+0000] {processor.py:914} INFO - Processing file /opt/airflow/dags/Third_DAG.py for tasks to queue
[2025-05-01T14:52:19.975+0000] {logging_mixin.py:190} INFO - [2025-05-01T14:52:19.974+0000] {dagbag.py:588} INFO - Filling up the DagBag from /opt/airflow/dags/Third_DAG.py
[2025-05-01T14:52:20.087+0000] {processor.py:925} INFO - DAG(s) 'Dag_task' retrieved from /opt/airflow/dags/Third_DAG.py
[2025-05-01T14:52:20.274+0000] {logging_mixin.py:190} INFO - [2025-05-01T14:52:20.273+0000] {dag.py:3239} INFO - Sync 1 DAGs
[2025-05-01T14:52:20.476+0000] {logging_mixin.py:190} INFO - [2025-05-01T14:52:20.464+0000] {dag.py:4180} INFO - Setting next_dagrun for Dag_task to 2024-04-10 00:00:00+00:00, run_after=2024-04-11 00:00:00+00:00
[2025-05-01T14:52:20.663+0000] {processor.py:208} INFO - Processing /opt/airflow/dags/Third_DAG.py took 0.727 seconds
[2025-05-01T14:52:51.754+0000] {processor.py:186} INFO - Started process (PID=74666) to work on /opt/airflow/dags/Third_DAG.py
[2025-05-01T14:52:51.756+0000] {processor.py:914} INFO - Processing file /opt/airflow/dags/Third_DAG.py for tasks to queue
[2025-05-01T14:52:51.806+0000] {logging_mixin.py:190} INFO - [2025-05-01T14:52:51.805+0000] {dagbag.py:588} INFO - Filling up the DagBag from /opt/airflow/dags/Third_DAG.py
[2025-05-01T14:52:52.070+0000] {processor.py:925} INFO - DAG(s) 'Dag_task' retrieved from /opt/airflow/dags/Third_DAG.py
[2025-05-01T14:52:52.368+0000] {logging_mixin.py:190} INFO - [2025-05-01T14:52:52.368+0000] {dag.py:3239} INFO - Sync 1 DAGs
[2025-05-01T14:52:52.689+0000] {logging_mixin.py:190} INFO - [2025-05-01T14:52:52.689+0000] {dag.py:4180} INFO - Setting next_dagrun for Dag_task to 2024-04-10 00:00:00+00:00, run_after=2024-04-11 00:00:00+00:00
[2025-05-01T14:52:53.024+0000] {processor.py:208} INFO - Processing /opt/airflow/dags/Third_DAG.py took 1.315 seconds
[2025-05-01T14:53:23.691+0000] {processor.py:186} INFO - Started process (PID=74697) to work on /opt/airflow/dags/Third_DAG.py
[2025-05-01T14:53:23.713+0000] {processor.py:914} INFO - Processing file /opt/airflow/dags/Third_DAG.py for tasks to queue
[2025-05-01T14:53:23.756+0000] {logging_mixin.py:190} INFO - [2025-05-01T14:53:23.745+0000] {dagbag.py:588} INFO - Filling up the DagBag from /opt/airflow/dags/Third_DAG.py
[2025-05-01T14:53:23.891+0000] {processor.py:925} INFO - DAG(s) 'Dag_task' retrieved from /opt/airflow/dags/Third_DAG.py
[2025-05-01T14:53:24.069+0000] {logging_mixin.py:190} INFO - [2025-05-01T14:53:24.068+0000] {dag.py:3239} INFO - Sync 1 DAGs
[2025-05-01T14:53:24.344+0000] {logging_mixin.py:190} INFO - [2025-05-01T14:53:24.343+0000] {dag.py:4180} INFO - Setting next_dagrun for Dag_task to 2024-04-10 00:00:00+00:00, run_after=2024-04-11 00:00:00+00:00
[2025-05-01T14:53:24.524+0000] {processor.py:208} INFO - Processing /opt/airflow/dags/Third_DAG.py took 0.926 seconds
[2025-05-01T14:53:55.523+0000] {processor.py:186} INFO - Started process (PID=74729) to work on /opt/airflow/dags/Third_DAG.py
[2025-05-01T14:53:55.538+0000] {processor.py:914} INFO - Processing file /opt/airflow/dags/Third_DAG.py for tasks to queue
[2025-05-01T14:53:55.545+0000] {logging_mixin.py:190} INFO - [2025-05-01T14:53:55.544+0000] {dagbag.py:588} INFO - Filling up the DagBag from /opt/airflow/dags/Third_DAG.py
[2025-05-01T14:53:55.681+0000] {processor.py:925} INFO - DAG(s) 'Dag_task' retrieved from /opt/airflow/dags/Third_DAG.py
[2025-05-01T14:53:55.887+0000] {logging_mixin.py:190} INFO - [2025-05-01T14:53:55.887+0000] {dag.py:3239} INFO - Sync 1 DAGs
[2025-05-01T14:53:55.956+0000] {logging_mixin.py:190} INFO - [2025-05-01T14:53:55.956+0000] {dag.py:4180} INFO - Setting next_dagrun for Dag_task to 2024-04-10 00:00:00+00:00, run_after=2024-04-11 00:00:00+00:00
[2025-05-01T14:53:56.069+0000] {processor.py:208} INFO - Processing /opt/airflow/dags/Third_DAG.py took 0.574 seconds
[2025-05-01T14:54:26.605+0000] {processor.py:186} INFO - Started process (PID=74761) to work on /opt/airflow/dags/Third_DAG.py
[2025-05-01T14:54:26.607+0000] {processor.py:914} INFO - Processing file /opt/airflow/dags/Third_DAG.py for tasks to queue
[2025-05-01T14:54:26.613+0000] {logging_mixin.py:190} INFO - [2025-05-01T14:54:26.612+0000] {dagbag.py:588} INFO - Filling up the DagBag from /opt/airflow/dags/Third_DAG.py
[2025-05-01T14:54:26.704+0000] {processor.py:925} INFO - DAG(s) 'Dag_task' retrieved from /opt/airflow/dags/Third_DAG.py
[2025-05-01T14:54:26.829+0000] {logging_mixin.py:190} INFO - [2025-05-01T14:54:26.828+0000] {dag.py:3239} INFO - Sync 1 DAGs
[2025-05-01T14:54:26.941+0000] {logging_mixin.py:190} INFO - [2025-05-01T14:54:26.941+0000] {dag.py:4180} INFO - Setting next_dagrun for Dag_task to 2024-04-10 00:00:00+00:00, run_after=2024-04-11 00:00:00+00:00
[2025-05-01T14:54:27.061+0000] {processor.py:208} INFO - Processing /opt/airflow/dags/Third_DAG.py took 0.485 seconds
[2025-05-01T14:54:58.113+0000] {processor.py:186} INFO - Started process (PID=74792) to work on /opt/airflow/dags/Third_DAG.py
[2025-05-01T14:54:58.114+0000] {processor.py:914} INFO - Processing file /opt/airflow/dags/Third_DAG.py for tasks to queue
[2025-05-01T14:54:58.126+0000] {logging_mixin.py:190} INFO - [2025-05-01T14:54:58.126+0000] {dagbag.py:588} INFO - Filling up the DagBag from /opt/airflow/dags/Third_DAG.py
[2025-05-01T14:54:58.166+0000] {processor.py:925} INFO - DAG(s) 'Dag_task' retrieved from /opt/airflow/dags/Third_DAG.py
[2025-05-01T14:54:58.212+0000] {logging_mixin.py:190} INFO - [2025-05-01T14:54:58.212+0000] {dag.py:3239} INFO - Sync 1 DAGs
[2025-05-01T14:54:58.262+0000] {logging_mixin.py:190} INFO - [2025-05-01T14:54:58.262+0000] {dag.py:4180} INFO - Setting next_dagrun for Dag_task to 2024-04-10 00:00:00+00:00, run_after=2024-04-11 00:00:00+00:00
[2025-05-01T14:54:58.295+0000] {processor.py:208} INFO - Processing /opt/airflow/dags/Third_DAG.py took 0.189 seconds
[2025-05-01T14:55:28.610+0000] {processor.py:186} INFO - Started process (PID=74823) to work on /opt/airflow/dags/Third_DAG.py
[2025-05-01T14:55:28.611+0000] {processor.py:914} INFO - Processing file /opt/airflow/dags/Third_DAG.py for tasks to queue
[2025-05-01T14:55:28.613+0000] {logging_mixin.py:190} INFO - [2025-05-01T14:55:28.613+0000] {dagbag.py:588} INFO - Filling up the DagBag from /opt/airflow/dags/Third_DAG.py
[2025-05-01T14:55:28.647+0000] {processor.py:925} INFO - DAG(s) 'Dag_task' retrieved from /opt/airflow/dags/Third_DAG.py
[2025-05-01T14:55:28.691+0000] {logging_mixin.py:190} INFO - [2025-05-01T14:55:28.691+0000] {dag.py:3239} INFO - Sync 1 DAGs
[2025-05-01T14:55:28.766+0000] {logging_mixin.py:190} INFO - [2025-05-01T14:55:28.765+0000] {dag.py:4180} INFO - Setting next_dagrun for Dag_task to 2024-04-10 00:00:00+00:00, run_after=2024-04-11 00:00:00+00:00
[2025-05-01T14:55:28.826+0000] {processor.py:208} INFO - Processing /opt/airflow/dags/Third_DAG.py took 0.233 seconds
[2025-05-01T14:55:59.397+0000] {processor.py:186} INFO - Started process (PID=74854) to work on /opt/airflow/dags/Third_DAG.py
[2025-05-01T14:55:59.398+0000] {processor.py:914} INFO - Processing file /opt/airflow/dags/Third_DAG.py for tasks to queue
[2025-05-01T14:55:59.407+0000] {logging_mixin.py:190} INFO - [2025-05-01T14:55:59.407+0000] {dagbag.py:588} INFO - Filling up the DagBag from /opt/airflow/dags/Third_DAG.py
[2025-05-01T14:55:59.442+0000] {processor.py:925} INFO - DAG(s) 'Dag_task' retrieved from /opt/airflow/dags/Third_DAG.py
[2025-05-01T14:55:59.491+0000] {logging_mixin.py:190} INFO - [2025-05-01T14:55:59.491+0000] {dag.py:3239} INFO - Sync 1 DAGs
[2025-05-01T14:55:59.542+0000] {logging_mixin.py:190} INFO - [2025-05-01T14:55:59.542+0000] {dag.py:4180} INFO - Setting next_dagrun for Dag_task to 2024-04-10 00:00:00+00:00, run_after=2024-04-11 00:00:00+00:00
[2025-05-01T14:55:59.585+0000] {processor.py:208} INFO - Processing /opt/airflow/dags/Third_DAG.py took 0.194 seconds
[2025-05-01T14:56:29.799+0000] {processor.py:186} INFO - Started process (PID=74885) to work on /opt/airflow/dags/Third_DAG.py
[2025-05-01T14:56:29.805+0000] {processor.py:914} INFO - Processing file /opt/airflow/dags/Third_DAG.py for tasks to queue
[2025-05-01T14:56:29.809+0000] {logging_mixin.py:190} INFO - [2025-05-01T14:56:29.808+0000] {dagbag.py:588} INFO - Filling up the DagBag from /opt/airflow/dags/Third_DAG.py
[2025-05-01T14:56:29.859+0000] {processor.py:925} INFO - DAG(s) 'Dag_task' retrieved from /opt/airflow/dags/Third_DAG.py
[2025-05-01T14:56:29.913+0000] {logging_mixin.py:190} INFO - [2025-05-01T14:56:29.912+0000] {dag.py:3239} INFO - Sync 1 DAGs
[2025-05-01T14:56:30.148+0000] {logging_mixin.py:190} INFO - [2025-05-01T14:56:30.147+0000] {dag.py:4180} INFO - Setting next_dagrun for Dag_task to 2024-04-10 00:00:00+00:00, run_after=2024-04-11 00:00:00+00:00
[2025-05-01T14:56:30.260+0000] {processor.py:208} INFO - Processing /opt/airflow/dags/Third_DAG.py took 0.476 seconds
[2025-05-01T14:57:01.827+0000] {processor.py:186} INFO - Started process (PID=74916) to work on /opt/airflow/dags/Third_DAG.py
[2025-05-01T14:57:01.856+0000] {processor.py:914} INFO - Processing file /opt/airflow/dags/Third_DAG.py for tasks to queue
[2025-05-01T14:57:01.863+0000] {logging_mixin.py:190} INFO - [2025-05-01T14:57:01.862+0000] {dagbag.py:588} INFO - Filling up the DagBag from /opt/airflow/dags/Third_DAG.py
[2025-05-01T14:57:01.961+0000] {processor.py:925} INFO - DAG(s) 'Dag_task' retrieved from /opt/airflow/dags/Third_DAG.py
[2025-05-01T14:57:02.077+0000] {logging_mixin.py:190} INFO - [2025-05-01T14:57:02.077+0000] {dag.py:3239} INFO - Sync 1 DAGs
[2025-05-01T14:57:02.185+0000] {logging_mixin.py:190} INFO - [2025-05-01T14:57:02.184+0000] {dag.py:4180} INFO - Setting next_dagrun for Dag_task to 2024-04-10 00:00:00+00:00, run_after=2024-04-11 00:00:00+00:00
[2025-05-01T14:57:02.295+0000] {processor.py:208} INFO - Processing /opt/airflow/dags/Third_DAG.py took 0.492 seconds
[2025-05-01T14:57:32.535+0000] {processor.py:186} INFO - Started process (PID=74947) to work on /opt/airflow/dags/Third_DAG.py
[2025-05-01T14:57:32.539+0000] {processor.py:914} INFO - Processing file /opt/airflow/dags/Third_DAG.py for tasks to queue
[2025-05-01T14:57:32.546+0000] {logging_mixin.py:190} INFO - [2025-05-01T14:57:32.545+0000] {dagbag.py:588} INFO - Filling up the DagBag from /opt/airflow/dags/Third_DAG.py
[2025-05-01T14:57:32.577+0000] {processor.py:925} INFO - DAG(s) 'Dag_task' retrieved from /opt/airflow/dags/Third_DAG.py
[2025-05-01T14:57:32.612+0000] {logging_mixin.py:190} INFO - [2025-05-01T14:57:32.612+0000] {dag.py:3239} INFO - Sync 1 DAGs
[2025-05-01T14:57:32.659+0000] {logging_mixin.py:190} INFO - [2025-05-01T14:57:32.656+0000] {dag.py:4180} INFO - Setting next_dagrun for Dag_task to 2024-04-10 00:00:00+00:00, run_after=2024-04-11 00:00:00+00:00
[2025-05-01T14:57:32.718+0000] {processor.py:208} INFO - Processing /opt/airflow/dags/Third_DAG.py took 0.190 seconds
[2025-05-01T14:58:02.924+0000] {processor.py:186} INFO - Started process (PID=74978) to work on /opt/airflow/dags/Third_DAG.py
[2025-05-01T14:58:02.929+0000] {processor.py:914} INFO - Processing file /opt/airflow/dags/Third_DAG.py for tasks to queue
[2025-05-01T14:58:02.937+0000] {logging_mixin.py:190} INFO - [2025-05-01T14:58:02.936+0000] {dagbag.py:588} INFO - Filling up the DagBag from /opt/airflow/dags/Third_DAG.py
[2025-05-01T14:58:03.012+0000] {processor.py:925} INFO - DAG(s) 'Dag_task' retrieved from /opt/airflow/dags/Third_DAG.py
[2025-05-01T14:58:03.195+0000] {logging_mixin.py:190} INFO - [2025-05-01T14:58:03.194+0000] {dag.py:3239} INFO - Sync 1 DAGs
[2025-05-01T14:58:03.422+0000] {logging_mixin.py:190} INFO - [2025-05-01T14:58:03.421+0000] {dag.py:4180} INFO - Setting next_dagrun for Dag_task to 2024-04-10 00:00:00+00:00, run_after=2024-04-11 00:00:00+00:00
[2025-05-01T14:58:03.598+0000] {processor.py:208} INFO - Processing /opt/airflow/dags/Third_DAG.py took 0.701 seconds
[2025-05-01T14:58:34.938+0000] {processor.py:186} INFO - Started process (PID=75009) to work on /opt/airflow/dags/Third_DAG.py
[2025-05-01T14:58:35.014+0000] {processor.py:914} INFO - Processing file /opt/airflow/dags/Third_DAG.py for tasks to queue
[2025-05-01T14:58:35.035+0000] {logging_mixin.py:190} INFO - [2025-05-01T14:58:35.034+0000] {dagbag.py:588} INFO - Filling up the DagBag from /opt/airflow/dags/Third_DAG.py
[2025-05-01T14:58:35.344+0000] {processor.py:925} INFO - DAG(s) 'Dag_task' retrieved from /opt/airflow/dags/Third_DAG.py
[2025-05-01T14:58:35.510+0000] {logging_mixin.py:190} INFO - [2025-05-01T14:58:35.509+0000] {dag.py:3239} INFO - Sync 1 DAGs
[2025-05-01T14:58:35.812+0000] {logging_mixin.py:190} INFO - [2025-05-01T14:58:35.811+0000] {dag.py:4180} INFO - Setting next_dagrun for Dag_task to 2024-04-10 00:00:00+00:00, run_after=2024-04-11 00:00:00+00:00
[2025-05-01T14:58:36.025+0000] {processor.py:208} INFO - Processing /opt/airflow/dags/Third_DAG.py took 1.126 seconds
[2025-05-01T14:59:06.484+0000] {processor.py:186} INFO - Started process (PID=75046) to work on /opt/airflow/dags/Third_DAG.py
[2025-05-01T14:59:06.488+0000] {processor.py:914} INFO - Processing file /opt/airflow/dags/Third_DAG.py for tasks to queue
[2025-05-01T14:59:06.495+0000] {logging_mixin.py:190} INFO - [2025-05-01T14:59:06.493+0000] {dagbag.py:588} INFO - Filling up the DagBag from /opt/airflow/dags/Third_DAG.py
[2025-05-01T14:59:06.556+0000] {processor.py:925} INFO - DAG(s) 'Dag_task' retrieved from /opt/airflow/dags/Third_DAG.py
[2025-05-01T14:59:06.649+0000] {logging_mixin.py:190} INFO - [2025-05-01T14:59:06.648+0000] {dag.py:3239} INFO - Sync 1 DAGs
[2025-05-01T14:59:06.730+0000] {logging_mixin.py:190} INFO - [2025-05-01T14:59:06.729+0000] {dag.py:4180} INFO - Setting next_dagrun for Dag_task to 2024-04-10 00:00:00+00:00, run_after=2024-04-11 00:00:00+00:00
[2025-05-01T14:59:06.790+0000] {processor.py:208} INFO - Processing /opt/airflow/dags/Third_DAG.py took 0.328 seconds
[2025-05-01T14:59:37.106+0000] {processor.py:186} INFO - Started process (PID=75077) to work on /opt/airflow/dags/Third_DAG.py
[2025-05-01T14:59:37.108+0000] {processor.py:914} INFO - Processing file /opt/airflow/dags/Third_DAG.py for tasks to queue
[2025-05-01T14:59:37.115+0000] {logging_mixin.py:190} INFO - [2025-05-01T14:59:37.112+0000] {dagbag.py:588} INFO - Filling up the DagBag from /opt/airflow/dags/Third_DAG.py
[2025-05-01T14:59:37.220+0000] {processor.py:925} INFO - DAG(s) 'Dag_task' retrieved from /opt/airflow/dags/Third_DAG.py
[2025-05-01T14:59:37.283+0000] {logging_mixin.py:190} INFO - [2025-05-01T14:59:37.282+0000] {dag.py:3239} INFO - Sync 1 DAGs
[2025-05-01T14:59:37.382+0000] {logging_mixin.py:190} INFO - [2025-05-01T14:59:37.381+0000] {dag.py:4180} INFO - Setting next_dagrun for Dag_task to 2024-04-10 00:00:00+00:00, run_after=2024-04-11 00:00:00+00:00
[2025-05-01T14:59:37.465+0000] {processor.py:208} INFO - Processing /opt/airflow/dags/Third_DAG.py took 0.378 seconds
[2025-05-01T15:00:08.450+0000] {processor.py:186} INFO - Started process (PID=75108) to work on /opt/airflow/dags/Third_DAG.py
[2025-05-01T15:00:08.453+0000] {processor.py:914} INFO - Processing file /opt/airflow/dags/Third_DAG.py for tasks to queue
[2025-05-01T15:00:08.459+0000] {logging_mixin.py:190} INFO - [2025-05-01T15:00:08.458+0000] {dagbag.py:588} INFO - Filling up the DagBag from /opt/airflow/dags/Third_DAG.py
[2025-05-01T15:00:08.496+0000] {processor.py:925} INFO - DAG(s) 'Dag_task' retrieved from /opt/airflow/dags/Third_DAG.py
[2025-05-01T15:00:08.559+0000] {logging_mixin.py:190} INFO - [2025-05-01T15:00:08.558+0000] {dag.py:3239} INFO - Sync 1 DAGs
[2025-05-01T15:00:08.607+0000] {logging_mixin.py:190} INFO - [2025-05-01T15:00:08.606+0000] {dag.py:4180} INFO - Setting next_dagrun for Dag_task to 2024-04-10 00:00:00+00:00, run_after=2024-04-11 00:00:00+00:00
[2025-05-01T15:00:08.650+0000] {processor.py:208} INFO - Processing /opt/airflow/dags/Third_DAG.py took 0.223 seconds
[2025-05-01T15:00:39.396+0000] {processor.py:186} INFO - Started process (PID=75139) to work on /opt/airflow/dags/Third_DAG.py
[2025-05-01T15:00:39.398+0000] {processor.py:914} INFO - Processing file /opt/airflow/dags/Third_DAG.py for tasks to queue
[2025-05-01T15:00:39.401+0000] {logging_mixin.py:190} INFO - [2025-05-01T15:00:39.401+0000] {dagbag.py:588} INFO - Filling up the DagBag from /opt/airflow/dags/Third_DAG.py
[2025-05-01T15:00:39.434+0000] {processor.py:925} INFO - DAG(s) 'Dag_task' retrieved from /opt/airflow/dags/Third_DAG.py
[2025-05-01T15:00:39.488+0000] {logging_mixin.py:190} INFO - [2025-05-01T15:00:39.487+0000] {dag.py:3239} INFO - Sync 1 DAGs
[2025-05-01T15:00:39.534+0000] {logging_mixin.py:190} INFO - [2025-05-01T15:00:39.534+0000] {dag.py:4180} INFO - Setting next_dagrun for Dag_task to 2024-04-10 00:00:00+00:00, run_after=2024-04-11 00:00:00+00:00
[2025-05-01T15:00:39.582+0000] {processor.py:208} INFO - Processing /opt/airflow/dags/Third_DAG.py took 0.196 seconds
[2025-05-01T15:01:10.253+0000] {processor.py:186} INFO - Started process (PID=75170) to work on /opt/airflow/dags/Third_DAG.py
[2025-05-01T15:01:10.257+0000] {processor.py:914} INFO - Processing file /opt/airflow/dags/Third_DAG.py for tasks to queue
[2025-05-01T15:01:10.261+0000] {logging_mixin.py:190} INFO - [2025-05-01T15:01:10.260+0000] {dagbag.py:588} INFO - Filling up the DagBag from /opt/airflow/dags/Third_DAG.py
[2025-05-01T15:01:10.304+0000] {processor.py:925} INFO - DAG(s) 'Dag_task' retrieved from /opt/airflow/dags/Third_DAG.py
[2025-05-01T15:01:10.367+0000] {logging_mixin.py:190} INFO - [2025-05-01T15:01:10.367+0000] {dag.py:3239} INFO - Sync 1 DAGs
[2025-05-01T15:01:10.460+0000] {logging_mixin.py:190} INFO - [2025-05-01T15:01:10.459+0000] {dag.py:4180} INFO - Setting next_dagrun for Dag_task to 2024-04-10 00:00:00+00:00, run_after=2024-04-11 00:00:00+00:00
[2025-05-01T15:01:10.529+0000] {processor.py:208} INFO - Processing /opt/airflow/dags/Third_DAG.py took 0.289 seconds
[2025-05-01T15:01:41.212+0000] {processor.py:186} INFO - Started process (PID=75202) to work on /opt/airflow/dags/Third_DAG.py
[2025-05-01T15:01:41.214+0000] {processor.py:914} INFO - Processing file /opt/airflow/dags/Third_DAG.py for tasks to queue
[2025-05-01T15:01:41.216+0000] {logging_mixin.py:190} INFO - [2025-05-01T15:01:41.216+0000] {dagbag.py:588} INFO - Filling up the DagBag from /opt/airflow/dags/Third_DAG.py
[2025-05-01T15:01:41.238+0000] {processor.py:925} INFO - DAG(s) 'Dag_task' retrieved from /opt/airflow/dags/Third_DAG.py
[2025-05-01T15:01:41.275+0000] {logging_mixin.py:190} INFO - [2025-05-01T15:01:41.274+0000] {dag.py:3239} INFO - Sync 1 DAGs
[2025-05-01T15:01:41.308+0000] {logging_mixin.py:190} INFO - [2025-05-01T15:01:41.308+0000] {dag.py:4180} INFO - Setting next_dagrun for Dag_task to 2024-04-10 00:00:00+00:00, run_after=2024-04-11 00:00:00+00:00
[2025-05-01T15:01:41.330+0000] {processor.py:208} INFO - Processing /opt/airflow/dags/Third_DAG.py took 0.124 seconds
[2025-05-01T15:02:11.829+0000] {processor.py:186} INFO - Started process (PID=75233) to work on /opt/airflow/dags/Third_DAG.py
[2025-05-01T15:02:11.830+0000] {processor.py:914} INFO - Processing file /opt/airflow/dags/Third_DAG.py for tasks to queue
[2025-05-01T15:02:11.833+0000] {logging_mixin.py:190} INFO - [2025-05-01T15:02:11.832+0000] {dagbag.py:588} INFO - Filling up the DagBag from /opt/airflow/dags/Third_DAG.py
[2025-05-01T15:02:11.852+0000] {processor.py:925} INFO - DAG(s) 'Dag_task' retrieved from /opt/airflow/dags/Third_DAG.py
[2025-05-01T15:02:11.881+0000] {logging_mixin.py:190} INFO - [2025-05-01T15:02:11.880+0000] {dag.py:3239} INFO - Sync 1 DAGs
[2025-05-01T15:02:11.905+0000] {logging_mixin.py:190} INFO - [2025-05-01T15:02:11.905+0000] {dag.py:4180} INFO - Setting next_dagrun for Dag_task to 2024-04-10 00:00:00+00:00, run_after=2024-04-11 00:00:00+00:00
[2025-05-01T15:02:11.936+0000] {processor.py:208} INFO - Processing /opt/airflow/dags/Third_DAG.py took 0.114 seconds
[2025-05-01T15:02:42.572+0000] {processor.py:186} INFO - Started process (PID=75264) to work on /opt/airflow/dags/Third_DAG.py
[2025-05-01T15:02:42.574+0000] {processor.py:914} INFO - Processing file /opt/airflow/dags/Third_DAG.py for tasks to queue
[2025-05-01T15:02:42.578+0000] {logging_mixin.py:190} INFO - [2025-05-01T15:02:42.577+0000] {dagbag.py:588} INFO - Filling up the DagBag from /opt/airflow/dags/Third_DAG.py
[2025-05-01T15:02:42.598+0000] {processor.py:925} INFO - DAG(s) 'Dag_task' retrieved from /opt/airflow/dags/Third_DAG.py
[2025-05-01T15:02:42.627+0000] {logging_mixin.py:190} INFO - [2025-05-01T15:02:42.627+0000] {dag.py:3239} INFO - Sync 1 DAGs
[2025-05-01T15:02:42.651+0000] {logging_mixin.py:190} INFO - [2025-05-01T15:02:42.651+0000] {dag.py:4180} INFO - Setting next_dagrun for Dag_task to 2024-04-10 00:00:00+00:00, run_after=2024-04-11 00:00:00+00:00
[2025-05-01T15:02:42.678+0000] {processor.py:208} INFO - Processing /opt/airflow/dags/Third_DAG.py took 0.114 seconds
[2025-05-01T15:03:13.221+0000] {processor.py:186} INFO - Started process (PID=75295) to work on /opt/airflow/dags/Third_DAG.py
[2025-05-01T15:03:13.222+0000] {processor.py:914} INFO - Processing file /opt/airflow/dags/Third_DAG.py for tasks to queue
[2025-05-01T15:03:13.226+0000] {logging_mixin.py:190} INFO - [2025-05-01T15:03:13.225+0000] {dagbag.py:588} INFO - Filling up the DagBag from /opt/airflow/dags/Third_DAG.py
[2025-05-01T15:03:13.250+0000] {processor.py:925} INFO - DAG(s) 'Dag_task' retrieved from /opt/airflow/dags/Third_DAG.py
[2025-05-01T15:03:13.283+0000] {logging_mixin.py:190} INFO - [2025-05-01T15:03:13.282+0000] {dag.py:3239} INFO - Sync 1 DAGs
[2025-05-01T15:03:13.314+0000] {logging_mixin.py:190} INFO - [2025-05-01T15:03:13.314+0000] {dag.py:4180} INFO - Setting next_dagrun for Dag_task to 2024-04-10 00:00:00+00:00, run_after=2024-04-11 00:00:00+00:00
[2025-05-01T15:03:13.341+0000] {processor.py:208} INFO - Processing /opt/airflow/dags/Third_DAG.py took 0.129 seconds
[2025-05-01T15:03:43.911+0000] {processor.py:186} INFO - Started process (PID=75326) to work on /opt/airflow/dags/Third_DAG.py
[2025-05-01T15:03:43.912+0000] {processor.py:914} INFO - Processing file /opt/airflow/dags/Third_DAG.py for tasks to queue
[2025-05-01T15:03:43.916+0000] {logging_mixin.py:190} INFO - [2025-05-01T15:03:43.915+0000] {dagbag.py:588} INFO - Filling up the DagBag from /opt/airflow/dags/Third_DAG.py
[2025-05-01T15:03:43.936+0000] {processor.py:925} INFO - DAG(s) 'Dag_task' retrieved from /opt/airflow/dags/Third_DAG.py
[2025-05-01T15:03:43.965+0000] {logging_mixin.py:190} INFO - [2025-05-01T15:03:43.964+0000] {dag.py:3239} INFO - Sync 1 DAGs
[2025-05-01T15:03:43.993+0000] {logging_mixin.py:190} INFO - [2025-05-01T15:03:43.992+0000] {dag.py:4180} INFO - Setting next_dagrun for Dag_task to 2024-04-10 00:00:00+00:00, run_after=2024-04-11 00:00:00+00:00
[2025-05-01T15:03:44.019+0000] {processor.py:208} INFO - Processing /opt/airflow/dags/Third_DAG.py took 0.114 seconds
[2025-05-01T15:04:14.606+0000] {processor.py:186} INFO - Started process (PID=75356) to work on /opt/airflow/dags/Third_DAG.py
[2025-05-01T15:04:14.608+0000] {processor.py:914} INFO - Processing file /opt/airflow/dags/Third_DAG.py for tasks to queue
[2025-05-01T15:04:14.625+0000] {logging_mixin.py:190} INFO - [2025-05-01T15:04:14.621+0000] {dagbag.py:588} INFO - Filling up the DagBag from /opt/airflow/dags/Third_DAG.py
[2025-05-01T15:04:14.755+0000] {processor.py:925} INFO - DAG(s) 'Dag_task' retrieved from /opt/airflow/dags/Third_DAG.py
[2025-05-01T15:04:14.926+0000] {logging_mixin.py:190} INFO - [2025-05-01T15:04:14.925+0000] {dag.py:3239} INFO - Sync 1 DAGs
[2025-05-01T15:04:15.005+0000] {logging_mixin.py:190} INFO - [2025-05-01T15:04:15.004+0000] {dag.py:4180} INFO - Setting next_dagrun for Dag_task to 2024-04-10 00:00:00+00:00, run_after=2024-04-11 00:00:00+00:00
[2025-05-01T15:04:15.053+0000] {processor.py:208} INFO - Processing /opt/airflow/dags/Third_DAG.py took 0.467 seconds
[2025-05-01T15:04:45.289+0000] {processor.py:186} INFO - Started process (PID=75387) to work on /opt/airflow/dags/Third_DAG.py
[2025-05-01T15:04:45.290+0000] {processor.py:914} INFO - Processing file /opt/airflow/dags/Third_DAG.py for tasks to queue
[2025-05-01T15:04:45.295+0000] {logging_mixin.py:190} INFO - [2025-05-01T15:04:45.294+0000] {dagbag.py:588} INFO - Filling up the DagBag from /opt/airflow/dags/Third_DAG.py
[2025-05-01T15:04:45.328+0000] {processor.py:925} INFO - DAG(s) 'Dag_task' retrieved from /opt/airflow/dags/Third_DAG.py
[2025-05-01T15:04:45.407+0000] {logging_mixin.py:190} INFO - [2025-05-01T15:04:45.407+0000] {dag.py:3239} INFO - Sync 1 DAGs
[2025-05-01T15:04:45.443+0000] {logging_mixin.py:190} INFO - [2025-05-01T15:04:45.442+0000] {dag.py:4180} INFO - Setting next_dagrun for Dag_task to 2024-04-10 00:00:00+00:00, run_after=2024-04-11 00:00:00+00:00
[2025-05-01T15:04:45.475+0000] {processor.py:208} INFO - Processing /opt/airflow/dags/Third_DAG.py took 0.202 seconds
[2025-05-01T15:05:16.016+0000] {processor.py:186} INFO - Started process (PID=75418) to work on /opt/airflow/dags/Third_DAG.py
[2025-05-01T15:05:16.017+0000] {processor.py:914} INFO - Processing file /opt/airflow/dags/Third_DAG.py for tasks to queue
[2025-05-01T15:05:16.020+0000] {logging_mixin.py:190} INFO - [2025-05-01T15:05:16.020+0000] {dagbag.py:588} INFO - Filling up the DagBag from /opt/airflow/dags/Third_DAG.py
[2025-05-01T15:05:16.049+0000] {processor.py:925} INFO - DAG(s) 'Dag_task' retrieved from /opt/airflow/dags/Third_DAG.py
[2025-05-01T15:05:16.086+0000] {logging_mixin.py:190} INFO - [2025-05-01T15:05:16.086+0000] {dag.py:3239} INFO - Sync 1 DAGs
[2025-05-01T15:05:16.123+0000] {logging_mixin.py:190} INFO - [2025-05-01T15:05:16.122+0000] {dag.py:4180} INFO - Setting next_dagrun for Dag_task to 2024-04-10 00:00:00+00:00, run_after=2024-04-11 00:00:00+00:00
[2025-05-01T15:05:16.150+0000] {processor.py:208} INFO - Processing /opt/airflow/dags/Third_DAG.py took 0.148 seconds
[2025-05-01T15:05:46.439+0000] {processor.py:186} INFO - Started process (PID=75449) to work on /opt/airflow/dags/Third_DAG.py
[2025-05-01T15:05:46.440+0000] {processor.py:914} INFO - Processing file /opt/airflow/dags/Third_DAG.py for tasks to queue
[2025-05-01T15:05:46.443+0000] {logging_mixin.py:190} INFO - [2025-05-01T15:05:46.443+0000] {dagbag.py:588} INFO - Filling up the DagBag from /opt/airflow/dags/Third_DAG.py
[2025-05-01T15:05:46.468+0000] {processor.py:925} INFO - DAG(s) 'Dag_task' retrieved from /opt/airflow/dags/Third_DAG.py
[2025-05-01T15:05:46.498+0000] {logging_mixin.py:190} INFO - [2025-05-01T15:05:46.498+0000] {dag.py:3239} INFO - Sync 1 DAGs
[2025-05-01T15:05:46.524+0000] {logging_mixin.py:190} INFO - [2025-05-01T15:05:46.524+0000] {dag.py:4180} INFO - Setting next_dagrun for Dag_task to 2024-04-10 00:00:00+00:00, run_after=2024-04-11 00:00:00+00:00
[2025-05-01T15:05:46.548+0000] {processor.py:208} INFO - Processing /opt/airflow/dags/Third_DAG.py took 0.117 seconds
