[2025-06-24T18:18:14.690+0000] {local_task_job_runner.py:123} INFO - ::group::Pre task execution logs
[2025-06-24T18:18:14.721+0000] {taskinstance.py:2614} INFO - Dependencies all met for dep_context=non-requeueable deps ti=<TaskInstance: Etl_dag.dbt_run_all scheduled__2024-04-21T00:00:00+00:00 [queued]>
[2025-06-24T18:18:14.735+0000] {taskinstance.py:2614} INFO - Dependencies all met for dep_context=requeueable deps ti=<TaskInstance: Etl_dag.dbt_run_all scheduled__2024-04-21T00:00:00+00:00 [queued]>
[2025-06-24T18:18:14.736+0000] {taskinstance.py:2867} INFO - Starting attempt 5 of 6
[2025-06-24T18:18:14.753+0000] {taskinstance.py:2890} INFO - Executing <Task(BashOperator): dbt_run_all> on 2024-04-21 00:00:00+00:00
[2025-06-24T18:18:14.758+0000] {standard_task_runner.py:72} INFO - Started process 1455 to run task
[2025-06-24T18:18:14.761+0000] {standard_task_runner.py:104} INFO - Running: ['***', 'tasks', 'run', 'Etl_dag', 'dbt_run_all', 'scheduled__2024-04-21T00:00:00+00:00', '--job-id', '876', '--raw', '--subdir', 'DAGS_FOLDER/ETL_dag.py', '--cfg-path', '/tmp/tmpwsvlnt91']
[2025-06-24T18:18:14.764+0000] {standard_task_runner.py:105} INFO - Job 876: Subtask dbt_run_all
[2025-06-24T18:18:14.839+0000] {task_command.py:467} INFO - Running <TaskInstance: Etl_dag.dbt_run_all scheduled__2024-04-21T00:00:00+00:00 [running]> on host fa768165d3f1
[2025-06-24T18:18:14.974+0000] {taskinstance.py:3134} INFO - Exporting env vars: AIRFLOW_CTX_DAG_OWNER='***' AIRFLOW_CTX_DAG_ID='Etl_dag' AIRFLOW_CTX_TASK_ID='dbt_run_all' AIRFLOW_CTX_EXECUTION_DATE='2024-04-21T00:00:00+00:00' AIRFLOW_CTX_TRY_NUMBER='5' AIRFLOW_CTX_DAG_RUN_ID='scheduled__2024-04-21T00:00:00+00:00'
[2025-06-24T18:18:14.976+0000] {taskinstance.py:732} INFO - ::endgroup::
[2025-06-24T18:18:15.009+0000] {subprocess.py:78} INFO - Tmp dir root location: /tmp
[2025-06-24T18:18:15.011+0000] {subprocess.py:88} INFO - Running command: ['/usr/bin/bash', '-c', '\n        cd /opt/***/Dbt/etl_dbt_project &&         dbt run --select Full_Transformation &&         dbt run --select portefeuille_base &&         dbt run --select portefeuille_empef &&         dbt run --select portefeuille &&         dbt run --select portefeuille_with_rap_cin &&         dbt run --select portefeuille_2 &&         dbt run --select brigade &&         dbt run --select phonning &&         dbt run --select terrain\n        ']
[2025-06-24T18:18:15.024+0000] {subprocess.py:99} INFO - Output:
[2025-06-24T18:18:18.368+0000] {subprocess.py:106} INFO - [0m18:18:18  Running with dbt=1.8.7
[2025-06-24T18:18:18.694+0000] {subprocess.py:106} INFO - [0m18:18:18  Registered adapter: postgres=1.9.0
[2025-06-24T18:18:20.637+0000] {subprocess.py:106} INFO - [0m18:18:20  Found 10 models, 9 data tests, 6 seeds, 11 sources, 545 macros
[2025-06-24T18:18:20.640+0000] {subprocess.py:106} INFO - [0m18:18:20
[2025-06-24T18:18:20.777+0000] {subprocess.py:106} INFO - [0m18:18:20  Concurrency: 1 threads (target='dev')
[2025-06-24T18:18:20.779+0000] {subprocess.py:106} INFO - [0m18:18:20
[2025-06-24T18:18:20.791+0000] {subprocess.py:106} INFO - [0m18:18:20  1 of 1 START sql table model ***.Full_Transformation ....................... [RUN]
[2025-06-24T18:18:21.080+0000] {subprocess.py:106} INFO - [0m18:18:21  1 of 1 OK created sql table model ***.Full_Transformation .................. [[32mSELECT 2068[0m in 0.29s]
[2025-06-24T18:18:21.099+0000] {subprocess.py:106} INFO - [0m18:18:21
[2025-06-24T18:18:21.100+0000] {subprocess.py:106} INFO - [0m18:18:21  Finished running 1 table model in 0 hours 0 minutes and 0.46 seconds (0.46s).
[2025-06-24T18:18:21.189+0000] {subprocess.py:106} INFO - [0m18:18:21
[2025-06-24T18:18:21.189+0000] {subprocess.py:106} INFO - [0m18:18:21  [32mCompleted successfully[0m
[2025-06-24T18:18:21.190+0000] {subprocess.py:106} INFO - [0m18:18:21
[2025-06-24T18:18:21.191+0000] {subprocess.py:106} INFO - [0m18:18:21  Done. PASS=1 WARN=0 ERROR=0 SKIP=0 TOTAL=1
[2025-06-24T18:18:26.088+0000] {subprocess.py:106} INFO - [0m18:18:26  Running with dbt=1.8.7
[2025-06-24T18:18:26.833+0000] {subprocess.py:106} INFO - [0m18:18:26  Registered adapter: postgres=1.9.0
[2025-06-24T18:18:32.779+0000] {subprocess.py:106} INFO - [0m18:18:32  Found 10 models, 9 data tests, 6 seeds, 11 sources, 545 macros
[2025-06-24T18:18:32.794+0000] {subprocess.py:106} INFO - [0m18:18:32
[2025-06-24T18:18:33.156+0000] {subprocess.py:106} INFO - [0m18:18:33  Concurrency: 1 threads (target='dev')
[2025-06-24T18:18:33.157+0000] {subprocess.py:106} INFO - [0m18:18:33
[2025-06-24T18:18:33.182+0000] {subprocess.py:106} INFO - [0m18:18:33  1 of 1 START sql table model ***.portefeuille_base ......................... [RUN]
[2025-06-24T18:18:33.745+0000] {subprocess.py:106} INFO - [0m18:18:33  1 of 1 OK created sql table model ***.portefeuille_base .................... [[32mSELECT 485[0m in 0.55s]
[2025-06-24T18:18:33.881+0000] {subprocess.py:106} INFO - [0m18:18:33
[2025-06-24T18:18:33.893+0000] {subprocess.py:106} INFO - [0m18:18:33  Finished running 1 table model in 0 hours 0 minutes and 1.08 seconds (1.08s).
[2025-06-24T18:18:34.071+0000] {subprocess.py:106} INFO - [0m18:18:34
[2025-06-24T18:18:34.076+0000] {subprocess.py:106} INFO - [0m18:18:34  [32mCompleted successfully[0m
[2025-06-24T18:18:34.082+0000] {subprocess.py:106} INFO - [0m18:18:34
[2025-06-24T18:18:34.087+0000] {subprocess.py:106} INFO - [0m18:18:34  Done. PASS=1 WARN=0 ERROR=0 SKIP=0 TOTAL=1
[2025-06-24T18:18:40.955+0000] {subprocess.py:106} INFO - [0m18:18:40  Running with dbt=1.8.7
[2025-06-24T18:18:41.398+0000] {subprocess.py:106} INFO - [0m18:18:41  Registered adapter: postgres=1.9.0
[2025-06-24T18:18:43.993+0000] {subprocess.py:106} INFO - [0m18:18:43  Found 10 models, 9 data tests, 6 seeds, 11 sources, 545 macros
[2025-06-24T18:18:43.998+0000] {subprocess.py:106} INFO - [0m18:18:43
[2025-06-24T18:18:44.190+0000] {subprocess.py:106} INFO - [0m18:18:44  Concurrency: 1 threads (target='dev')
[2025-06-24T18:18:44.191+0000] {subprocess.py:106} INFO - [0m18:18:44
[2025-06-24T18:18:44.206+0000] {subprocess.py:106} INFO - [0m18:18:44  1 of 1 START sql table model ***.portefeuille_empef ........................ [RUN]
[2025-06-24T18:18:44.442+0000] {subprocess.py:106} INFO - [0m18:18:44  1 of 1 OK created sql table model ***.portefeuille_empef ................... [[32mSELECT 104[0m in 0.23s]
[2025-06-24T18:18:44.463+0000] {subprocess.py:106} INFO - [0m18:18:44
[2025-06-24T18:18:44.464+0000] {subprocess.py:106} INFO - [0m18:18:44  Finished running 1 table model in 0 hours 0 minutes and 0.46 seconds (0.46s).
[2025-06-24T18:18:44.572+0000] {subprocess.py:106} INFO - [0m18:18:44
[2025-06-24T18:18:44.573+0000] {subprocess.py:106} INFO - [0m18:18:44  [32mCompleted successfully[0m
[2025-06-24T18:18:44.575+0000] {subprocess.py:106} INFO - [0m18:18:44
[2025-06-24T18:18:44.576+0000] {subprocess.py:106} INFO - [0m18:18:44  Done. PASS=1 WARN=0 ERROR=0 SKIP=0 TOTAL=1
[2025-06-24T18:18:49.882+0000] {subprocess.py:106} INFO - [0m18:18:49  Running with dbt=1.8.7
[2025-06-24T18:18:50.365+0000] {subprocess.py:106} INFO - [0m18:18:50  Registered adapter: postgres=1.9.0
[2025-06-24T18:18:52.644+0000] {subprocess.py:106} INFO - [0m18:18:52  Found 10 models, 9 data tests, 6 seeds, 11 sources, 545 macros
[2025-06-24T18:18:52.648+0000] {subprocess.py:106} INFO - [0m18:18:52
[2025-06-24T18:18:52.841+0000] {subprocess.py:106} INFO - [0m18:18:52  Concurrency: 1 threads (target='dev')
[2025-06-24T18:18:52.845+0000] {subprocess.py:106} INFO - [0m18:18:52
[2025-06-24T18:18:52.861+0000] {subprocess.py:106} INFO - [0m18:18:52  1 of 1 START sql table model ***.portefeuille .............................. [RUN]
[2025-06-24T18:18:53.224+0000] {subprocess.py:106} INFO - [0m18:18:53  1 of 1 OK created sql table model ***.portefeuille ......................... [[32mSELECT 381[0m in 0.36s]
[2025-06-24T18:18:53.251+0000] {subprocess.py:106} INFO - [0m18:18:53
[2025-06-24T18:18:53.256+0000] {subprocess.py:106} INFO - [0m18:18:53  Finished running 1 table model in 0 hours 0 minutes and 0.60 seconds (0.60s).
[2025-06-24T18:18:53.367+0000] {subprocess.py:106} INFO - [0m18:18:53
[2025-06-24T18:18:53.369+0000] {subprocess.py:106} INFO - [0m18:18:53  [32mCompleted successfully[0m
[2025-06-24T18:18:53.372+0000] {subprocess.py:106} INFO - [0m18:18:53
[2025-06-24T18:18:53.374+0000] {subprocess.py:106} INFO - [0m18:18:53  Done. PASS=1 WARN=0 ERROR=0 SKIP=0 TOTAL=1
[2025-06-24T18:18:58.543+0000] {subprocess.py:106} INFO - [0m18:18:58  Running with dbt=1.8.7
[2025-06-24T18:18:59.235+0000] {subprocess.py:106} INFO - [0m18:18:59  Registered adapter: postgres=1.9.0
[2025-06-24T18:19:05.147+0000] {subprocess.py:106} INFO - [0m18:19:05  Found 10 models, 9 data tests, 6 seeds, 11 sources, 545 macros
[2025-06-24T18:19:05.156+0000] {subprocess.py:106} INFO - [0m18:19:05
[2025-06-24T18:19:05.359+0000] {subprocess.py:106} INFO - [0m18:19:05  Concurrency: 1 threads (target='dev')
[2025-06-24T18:19:05.360+0000] {subprocess.py:106} INFO - [0m18:19:05
[2025-06-24T18:19:05.379+0000] {subprocess.py:106} INFO - [0m18:19:05  1 of 1 START sql table model ***.portefeuille_with_rap_cin ................. [RUN]
[2025-06-24T18:19:05.673+0000] {subprocess.py:106} INFO - [0m18:19:05  1 of 1 OK created sql table model ***.portefeuille_with_rap_cin ............ [[32mSELECT 13[0m in 0.29s]
[2025-06-24T18:19:05.700+0000] {subprocess.py:106} INFO - [0m18:19:05
[2025-06-24T18:19:05.702+0000] {subprocess.py:106} INFO - [0m18:19:05  Finished running 1 table model in 0 hours 0 minutes and 0.54 seconds (0.54s).
[2025-06-24T18:19:05.809+0000] {subprocess.py:106} INFO - [0m18:19:05
[2025-06-24T18:19:05.810+0000] {subprocess.py:106} INFO - [0m18:19:05  [32mCompleted successfully[0m
[2025-06-24T18:19:05.811+0000] {subprocess.py:106} INFO - [0m18:19:05
[2025-06-24T18:19:05.812+0000] {subprocess.py:106} INFO - [0m18:19:05  Done. PASS=1 WARN=0 ERROR=0 SKIP=0 TOTAL=1
[2025-06-24T18:19:11.838+0000] {subprocess.py:106} INFO - [0m18:19:11  Running with dbt=1.8.7
[2025-06-24T18:19:12.411+0000] {subprocess.py:106} INFO - [0m18:19:12  Registered adapter: postgres=1.9.0
[2025-06-24T18:19:16.134+0000] {subprocess.py:106} INFO - [0m18:19:16  Found 10 models, 9 data tests, 6 seeds, 11 sources, 545 macros
[2025-06-24T18:19:16.145+0000] {subprocess.py:106} INFO - [0m18:19:16
[2025-06-24T18:19:16.379+0000] {subprocess.py:106} INFO - [0m18:19:16  Concurrency: 1 threads (target='dev')
[2025-06-24T18:19:16.380+0000] {subprocess.py:106} INFO - [0m18:19:16
[2025-06-24T18:19:16.397+0000] {subprocess.py:106} INFO - [0m18:19:16  1 of 1 START sql table model ***.portefeuille_2 ............................ [RUN]
[2025-06-24T18:19:16.744+0000] {subprocess.py:106} INFO - [0m18:19:16  1 of 1 OK created sql table model ***.portefeuille_2 ....................... [[32mSELECT 368[0m in 0.34s]
[2025-06-24T18:19:16.775+0000] {subprocess.py:106} INFO - [0m18:19:16
[2025-06-24T18:19:16.776+0000] {subprocess.py:106} INFO - [0m18:19:16  Finished running 1 table model in 0 hours 0 minutes and 0.63 seconds (0.63s).
[2025-06-24T18:19:16.894+0000] {subprocess.py:106} INFO - [0m18:19:16
[2025-06-24T18:19:16.895+0000] {subprocess.py:106} INFO - [0m18:19:16  [32mCompleted successfully[0m
[2025-06-24T18:19:16.896+0000] {subprocess.py:106} INFO - [0m18:19:16
[2025-06-24T18:19:16.897+0000] {subprocess.py:106} INFO - [0m18:19:16  Done. PASS=1 WARN=0 ERROR=0 SKIP=0 TOTAL=1
[2025-06-24T18:19:26.673+0000] {subprocess.py:106} INFO - [0m18:19:26  Running with dbt=1.8.7
[2025-06-24T18:19:27.934+0000] {subprocess.py:106} INFO - [0m18:19:27  Registered adapter: postgres=1.9.0
[2025-06-24T18:19:33.147+0000] {subprocess.py:106} INFO - [0m18:19:33  Found 10 models, 9 data tests, 6 seeds, 11 sources, 545 macros
[2025-06-24T18:19:33.154+0000] {subprocess.py:106} INFO - [0m18:19:33
[2025-06-24T18:19:33.414+0000] {subprocess.py:106} INFO - [0m18:19:33  Concurrency: 1 threads (target='dev')
[2025-06-24T18:19:33.418+0000] {subprocess.py:106} INFO - [0m18:19:33
[2025-06-24T18:19:33.447+0000] {subprocess.py:106} INFO - [0m18:19:33  1 of 1 START sql table model ***.brigade ................................... [RUN]
[2025-06-24T18:19:33.822+0000] {subprocess.py:106} INFO - [0m18:19:33  1 of 1 OK created sql table model ***.brigade .............................. [[32mSELECT 86[0m in 0.37s]
[2025-06-24T18:19:33.854+0000] {subprocess.py:106} INFO - [0m18:19:33
[2025-06-24T18:19:33.855+0000] {subprocess.py:106} INFO - [0m18:19:33  Finished running 1 table model in 0 hours 0 minutes and 0.70 seconds (0.70s).
[2025-06-24T18:19:33.969+0000] {subprocess.py:106} INFO - [0m18:19:33
[2025-06-24T18:19:33.970+0000] {subprocess.py:106} INFO - [0m18:19:33  [32mCompleted successfully[0m
[2025-06-24T18:19:33.971+0000] {subprocess.py:106} INFO - [0m18:19:33
[2025-06-24T18:19:33.973+0000] {subprocess.py:106} INFO - [0m18:19:33  Done. PASS=1 WARN=0 ERROR=0 SKIP=0 TOTAL=1
[2025-06-24T18:19:40.788+0000] {subprocess.py:106} INFO - [0m18:19:40  Running with dbt=1.8.7
[2025-06-24T18:19:41.445+0000] {subprocess.py:106} INFO - [0m18:19:41  Registered adapter: postgres=1.9.0
[2025-06-24T18:19:46.982+0000] {subprocess.py:106} INFO - [0m18:19:46  Found 10 models, 9 data tests, 6 seeds, 11 sources, 545 macros
[2025-06-24T18:19:46.997+0000] {subprocess.py:106} INFO - [0m18:19:46
[2025-06-24T18:19:47.496+0000] {subprocess.py:106} INFO - [0m18:19:47  Concurrency: 1 threads (target='dev')
[2025-06-24T18:19:47.510+0000] {subprocess.py:106} INFO - [0m18:19:47
[2025-06-24T18:19:47.556+0000] {subprocess.py:106} INFO - [0m18:19:47  1 of 1 START sql table model ***.phonning .................................. [RUN]
[2025-06-24T18:19:48.460+0000] {subprocess.py:106} INFO - [0m18:19:48  1 of 1 OK created sql table model ***.phonning ............................. [[32mSELECT 260[0m in 0.87s]
[2025-06-24T18:19:48.581+0000] {subprocess.py:106} INFO - [0m18:19:48
[2025-06-24T18:19:48.582+0000] {subprocess.py:106} INFO - [0m18:19:48  Finished running 1 table model in 0 hours 0 minutes and 1.58 seconds (1.58s).
[2025-06-24T18:19:48.888+0000] {subprocess.py:106} INFO - [0m18:19:48
[2025-06-24T18:19:48.897+0000] {subprocess.py:106} INFO - [0m18:19:48  [32mCompleted successfully[0m
[2025-06-24T18:19:48.907+0000] {subprocess.py:106} INFO - [0m18:19:48
[2025-06-24T18:19:48.914+0000] {subprocess.py:106} INFO - [0m18:19:48  Done. PASS=1 WARN=0 ERROR=0 SKIP=0 TOTAL=1
[2025-06-24T18:19:57.380+0000] {subprocess.py:106} INFO - [0m18:19:57  Running with dbt=1.8.7
[2025-06-24T18:19:58.349+0000] {subprocess.py:106} INFO - [0m18:19:58  Registered adapter: postgres=1.9.0
[2025-06-24T18:20:01.577+0000] {subprocess.py:106} INFO - [0m18:20:01  Found 10 models, 9 data tests, 6 seeds, 11 sources, 545 macros
[2025-06-24T18:20:01.582+0000] {subprocess.py:106} INFO - [0m18:20:01
[2025-06-24T18:20:01.765+0000] {subprocess.py:106} INFO - [0m18:20:01  Concurrency: 1 threads (target='dev')
[2025-06-24T18:20:01.767+0000] {subprocess.py:106} INFO - [0m18:20:01
[2025-06-24T18:20:01.786+0000] {subprocess.py:106} INFO - [0m18:20:01  1 of 1 START sql table model ***.terrain ................................... [RUN]
[2025-06-24T18:20:02.308+0000] {subprocess.py:106} INFO - [0m18:20:02  1 of 1 OK created sql table model ***.terrain .............................. [[32mSELECT 21[0m in 0.52s]
[2025-06-24T18:20:02.359+0000] {subprocess.py:106} INFO - [0m18:20:02
[2025-06-24T18:20:02.363+0000] {subprocess.py:106} INFO - [0m18:20:02  Finished running 1 table model in 0 hours 0 minutes and 0.78 seconds (0.78s).
[2025-06-24T18:20:02.671+0000] {subprocess.py:106} INFO - [0m18:20:02
[2025-06-24T18:20:02.674+0000] {subprocess.py:106} INFO - [0m18:20:02  [32mCompleted successfully[0m
[2025-06-24T18:20:02.676+0000] {subprocess.py:106} INFO - [0m18:20:02
[2025-06-24T18:20:02.678+0000] {subprocess.py:106} INFO - [0m18:20:02  Done. PASS=1 WARN=0 ERROR=0 SKIP=0 TOTAL=1
[2025-06-24T18:20:03.956+0000] {subprocess.py:110} INFO - Command exited with return code 0
[2025-06-24T18:20:04.247+0000] {taskinstance.py:341} INFO - ::group::Post task execution logs
[2025-06-24T18:20:04.253+0000] {taskinstance.py:353} INFO - Marking task as SUCCESS. dag_id=Etl_dag, task_id=dbt_run_all, run_id=scheduled__2024-04-21T00:00:00+00:00, execution_date=20240421T000000, start_date=20250624T181814, end_date=20250624T182004
[2025-06-24T18:20:04.531+0000] {local_task_job_runner.py:266} INFO - Task exited with return code 0
[2025-06-24T18:20:05.005+0000] {standard_task_runner.py:217} INFO - Process not found (most likely exited), stop collecting metrics
[2025-06-24T18:20:06.008+0000] {taskinstance.py:3901} INFO - 0 downstream tasks scheduled from follow-on schedule check
[2025-06-24T18:20:06.015+0000] {local_task_job_runner.py:245} INFO - ::endgroup::
