[2025-05-26T15:14:27.197+0000] {local_task_job_runner.py:123} INFO - ::group::Pre task execution logs
[2025-05-26T15:14:27.224+0000] {taskinstance.py:2614} INFO - Dependencies all met for dep_context=non-requeueable deps ti=<TaskInstance: Etl_dag.dbt_run_all scheduled__2024-04-21T00:00:00+00:00 [queued]>
[2025-05-26T15:14:27.237+0000] {taskinstance.py:2614} INFO - Dependencies all met for dep_context=requeueable deps ti=<TaskInstance: Etl_dag.dbt_run_all scheduled__2024-04-21T00:00:00+00:00 [queued]>
[2025-05-26T15:14:27.238+0000] {taskinstance.py:2867} INFO - Starting attempt 2 of 3
[2025-05-26T15:14:27.255+0000] {taskinstance.py:2890} INFO - Executing <Task(BashOperator): dbt_run_all> on 2024-04-21 00:00:00+00:00
[2025-05-26T15:14:27.260+0000] {standard_task_runner.py:72} INFO - Started process 17674 to run task
[2025-05-26T15:14:27.264+0000] {standard_task_runner.py:104} INFO - Running: ['***', 'tasks', 'run', 'Etl_dag', 'dbt_run_all', 'scheduled__2024-04-21T00:00:00+00:00', '--job-id', '848', '--raw', '--subdir', 'DAGS_FOLDER/ETL_dag.py', '--cfg-path', '/tmp/tmpm8iaja6i']
[2025-05-26T15:14:27.266+0000] {standard_task_runner.py:105} INFO - Job 848: Subtask dbt_run_all
[2025-05-26T15:14:27.318+0000] {task_command.py:467} INFO - Running <TaskInstance: Etl_dag.dbt_run_all scheduled__2024-04-21T00:00:00+00:00 [running]> on host 3d46136a9270
[2025-05-26T15:14:27.409+0000] {taskinstance.py:3134} INFO - Exporting env vars: AIRFLOW_CTX_DAG_OWNER='***' AIRFLOW_CTX_DAG_ID='Etl_dag' AIRFLOW_CTX_TASK_ID='dbt_run_all' AIRFLOW_CTX_EXECUTION_DATE='2024-04-21T00:00:00+00:00' AIRFLOW_CTX_TRY_NUMBER='2' AIRFLOW_CTX_DAG_RUN_ID='scheduled__2024-04-21T00:00:00+00:00'
[2025-05-26T15:14:27.410+0000] {taskinstance.py:732} INFO - ::endgroup::
[2025-05-26T15:14:27.425+0000] {subprocess.py:78} INFO - Tmp dir root location: /tmp
[2025-05-26T15:14:27.428+0000] {subprocess.py:88} INFO - Running command: ['/usr/bin/bash', '-c', '\n        cd /opt/***/Dbt/etl_dbt_project &&         dbt run --select Full_Transformation &&         dbt run --select portefeuille_base &&         dbt run --select portefeuille_empef &&         dbt run --select portefeuille &&         dbt run --select portefeuille_with_rap_cin &&         dbt run --select portefeuille_2 &&         dbt run --select brigade &&         dbt run --select phonning &&         dbt run --select terrain\n        ']
[2025-05-26T15:14:27.437+0000] {subprocess.py:99} INFO - Output:
[2025-05-26T15:14:30.357+0000] {subprocess.py:106} INFO - [0m15:14:30  Running with dbt=1.8.7
[2025-05-26T15:14:30.743+0000] {subprocess.py:106} INFO - [0m15:14:30  Registered adapter: postgres=1.9.0
[2025-05-26T15:14:32.634+0000] {subprocess.py:106} INFO - [0m15:14:32  Found 6 seeds, 10 models, 9 data tests, 11 sources, 545 macros
[2025-05-26T15:14:32.638+0000] {subprocess.py:106} INFO - [0m15:14:32
[2025-05-26T15:14:32.777+0000] {subprocess.py:106} INFO - [0m15:14:32  Concurrency: 1 threads (target='dev')
[2025-05-26T15:14:32.778+0000] {subprocess.py:106} INFO - [0m15:14:32
[2025-05-26T15:14:32.791+0000] {subprocess.py:106} INFO - [0m15:14:32  1 of 1 START sql table model ***.Full_Transformation ....................... [RUN]
[2025-05-26T15:14:33.023+0000] {subprocess.py:106} INFO - [0m15:14:33  1 of 1 OK created sql table model ***.Full_Transformation .................. [[32mSELECT 1034[0m in 0.23s]
[2025-05-26T15:14:33.040+0000] {subprocess.py:106} INFO - [0m15:14:33
[2025-05-26T15:14:33.041+0000] {subprocess.py:106} INFO - [0m15:14:33  Finished running 1 table model in 0 hours 0 minutes and 0.40 seconds (0.40s).
[2025-05-26T15:14:33.121+0000] {subprocess.py:106} INFO - [0m15:14:33
[2025-05-26T15:14:33.122+0000] {subprocess.py:106} INFO - [0m15:14:33  [32mCompleted successfully[0m
[2025-05-26T15:14:33.122+0000] {subprocess.py:106} INFO - [0m15:14:33
[2025-05-26T15:14:33.123+0000] {subprocess.py:106} INFO - [0m15:14:33  Done. PASS=1 WARN=0 ERROR=0 SKIP=0 TOTAL=1
[2025-05-26T15:14:37.010+0000] {subprocess.py:106} INFO - [0m15:14:37  Running with dbt=1.8.7
[2025-05-26T15:14:37.454+0000] {subprocess.py:106} INFO - [0m15:14:37  Registered adapter: postgres=1.9.0
[2025-05-26T15:14:39.620+0000] {subprocess.py:106} INFO - [0m15:14:39  Found 6 seeds, 10 models, 9 data tests, 11 sources, 545 macros
[2025-05-26T15:14:39.624+0000] {subprocess.py:106} INFO - [0m15:14:39
[2025-05-26T15:14:39.781+0000] {subprocess.py:106} INFO - [0m15:14:39  Concurrency: 1 threads (target='dev')
[2025-05-26T15:14:39.782+0000] {subprocess.py:106} INFO - [0m15:14:39
[2025-05-26T15:14:39.798+0000] {subprocess.py:106} INFO - [0m15:14:39  1 of 1 START sql table model ***.portefeuille_base ......................... [RUN]
[2025-05-26T15:14:40.016+0000] {subprocess.py:106} INFO - [0m15:14:40  1 of 1 OK created sql table model ***.portefeuille_base .................... [[32mSELECT 485[0m in 0.21s]
[2025-05-26T15:14:40.035+0000] {subprocess.py:106} INFO - [0m15:14:40
[2025-05-26T15:14:40.036+0000] {subprocess.py:106} INFO - [0m15:14:40  Finished running 1 table model in 0 hours 0 minutes and 0.41 seconds (0.41s).
[2025-05-26T15:14:40.129+0000] {subprocess.py:106} INFO - [0m15:14:40
[2025-05-26T15:14:40.131+0000] {subprocess.py:106} INFO - [0m15:14:40  [32mCompleted successfully[0m
[2025-05-26T15:14:40.132+0000] {subprocess.py:106} INFO - [0m15:14:40
[2025-05-26T15:14:40.133+0000] {subprocess.py:106} INFO - [0m15:14:40  Done. PASS=1 WARN=0 ERROR=0 SKIP=0 TOTAL=1
[2025-05-26T15:14:43.876+0000] {subprocess.py:106} INFO - [0m15:14:43  Running with dbt=1.8.7
[2025-05-26T15:14:44.219+0000] {subprocess.py:106} INFO - [0m15:14:44  Registered adapter: postgres=1.9.0
[2025-05-26T15:14:46.293+0000] {subprocess.py:106} INFO - [0m15:14:46  Found 6 seeds, 10 models, 9 data tests, 11 sources, 545 macros
[2025-05-26T15:14:46.298+0000] {subprocess.py:106} INFO - [0m15:14:46
[2025-05-26T15:14:46.452+0000] {subprocess.py:106} INFO - [0m15:14:46  Concurrency: 1 threads (target='dev')
[2025-05-26T15:14:46.454+0000] {subprocess.py:106} INFO - [0m15:14:46
[2025-05-26T15:14:46.469+0000] {subprocess.py:106} INFO - [0m15:14:46  1 of 1 START sql table model ***.portefeuille_empef ........................ [RUN]
[2025-05-26T15:14:46.752+0000] {subprocess.py:106} INFO - [0m15:14:46  1 of 1 OK created sql table model ***.portefeuille_empef ................... [[32mSELECT 104[0m in 0.28s]
[2025-05-26T15:14:46.774+0000] {subprocess.py:106} INFO - [0m15:14:46
[2025-05-26T15:14:46.775+0000] {subprocess.py:106} INFO - [0m15:14:46  Finished running 1 table model in 0 hours 0 minutes and 0.47 seconds (0.47s).
[2025-05-26T15:14:46.899+0000] {subprocess.py:106} INFO - [0m15:14:46
[2025-05-26T15:14:46.901+0000] {subprocess.py:106} INFO - [0m15:14:46  [32mCompleted successfully[0m
[2025-05-26T15:14:46.902+0000] {subprocess.py:106} INFO - [0m15:14:46
[2025-05-26T15:14:46.903+0000] {subprocess.py:106} INFO - [0m15:14:46  Done. PASS=1 WARN=0 ERROR=0 SKIP=0 TOTAL=1
[2025-05-26T15:14:51.210+0000] {subprocess.py:106} INFO - [0m15:14:51  Running with dbt=1.8.7
[2025-05-26T15:14:51.563+0000] {subprocess.py:106} INFO - [0m15:14:51  Registered adapter: postgres=1.9.0
[2025-05-26T15:14:53.287+0000] {subprocess.py:106} INFO - [0m15:14:53  Found 6 seeds, 10 models, 9 data tests, 11 sources, 545 macros
[2025-05-26T15:14:53.291+0000] {subprocess.py:106} INFO - [0m15:14:53
[2025-05-26T15:14:53.445+0000] {subprocess.py:106} INFO - [0m15:14:53  Concurrency: 1 threads (target='dev')
[2025-05-26T15:14:53.449+0000] {subprocess.py:106} INFO - [0m15:14:53
[2025-05-26T15:14:53.471+0000] {subprocess.py:106} INFO - [0m15:14:53  1 of 1 START sql table model ***.portefeuille .............................. [RUN]
[2025-05-26T15:14:53.677+0000] {subprocess.py:106} INFO - [0m15:14:53  1 of 1 OK created sql table model ***.portefeuille ......................... [[32mSELECT 381[0m in 0.20s]
[2025-05-26T15:14:53.695+0000] {subprocess.py:106} INFO - [0m15:14:53
[2025-05-26T15:14:53.696+0000] {subprocess.py:106} INFO - [0m15:14:53  Finished running 1 table model in 0 hours 0 minutes and 0.40 seconds (0.40s).
[2025-05-26T15:14:53.825+0000] {subprocess.py:106} INFO - [0m15:14:53
[2025-05-26T15:14:53.826+0000] {subprocess.py:106} INFO - [0m15:14:53  [32mCompleted successfully[0m
[2025-05-26T15:14:53.827+0000] {subprocess.py:106} INFO - [0m15:14:53
[2025-05-26T15:14:53.828+0000] {subprocess.py:106} INFO - [0m15:14:53  Done. PASS=1 WARN=0 ERROR=0 SKIP=0 TOTAL=1
[2025-05-26T15:14:57.704+0000] {subprocess.py:106} INFO - [0m15:14:57  Running with dbt=1.8.7
[2025-05-26T15:14:58.067+0000] {subprocess.py:106} INFO - [0m15:14:58  Registered adapter: postgres=1.9.0
[2025-05-26T15:14:59.776+0000] {subprocess.py:106} INFO - [0m15:14:59  Found 6 seeds, 10 models, 9 data tests, 11 sources, 545 macros
[2025-05-26T15:14:59.784+0000] {subprocess.py:106} INFO - [0m15:14:59
[2025-05-26T15:14:59.952+0000] {subprocess.py:106} INFO - [0m15:14:59  Concurrency: 1 threads (target='dev')
[2025-05-26T15:14:59.954+0000] {subprocess.py:106} INFO - [0m15:14:59
[2025-05-26T15:14:59.969+0000] {subprocess.py:106} INFO - [0m15:14:59  1 of 1 START sql table model ***.portefeuille_with_rap_cin ................. [RUN]
[2025-05-26T15:15:00.188+0000] {subprocess.py:106} INFO - [0m15:15:00  1 of 1 OK created sql table model ***.portefeuille_with_rap_cin ............ [[32mSELECT 13[0m in 0.21s]
[2025-05-26T15:15:00.209+0000] {subprocess.py:106} INFO - [0m15:15:00
[2025-05-26T15:15:00.210+0000] {subprocess.py:106} INFO - [0m15:15:00  Finished running 1 table model in 0 hours 0 minutes and 0.42 seconds (0.42s).
[2025-05-26T15:15:00.333+0000] {subprocess.py:106} INFO - [0m15:15:00
[2025-05-26T15:15:00.335+0000] {subprocess.py:106} INFO - [0m15:15:00  [32mCompleted successfully[0m
[2025-05-26T15:15:00.336+0000] {subprocess.py:106} INFO - [0m15:15:00
[2025-05-26T15:15:00.337+0000] {subprocess.py:106} INFO - [0m15:15:00  Done. PASS=1 WARN=0 ERROR=0 SKIP=0 TOTAL=1
[2025-05-26T15:15:05.036+0000] {subprocess.py:106} INFO - [0m15:15:05  Running with dbt=1.8.7
[2025-05-26T15:15:05.387+0000] {subprocess.py:106} INFO - [0m15:15:05  Registered adapter: postgres=1.9.0
[2025-05-26T15:15:07.609+0000] {subprocess.py:106} INFO - [0m15:15:07  Found 6 seeds, 10 models, 9 data tests, 11 sources, 545 macros
[2025-05-26T15:15:07.613+0000] {subprocess.py:106} INFO - [0m15:15:07
[2025-05-26T15:15:07.756+0000] {subprocess.py:106} INFO - [0m15:15:07  Concurrency: 1 threads (target='dev')
[2025-05-26T15:15:07.757+0000] {subprocess.py:106} INFO - [0m15:15:07
[2025-05-26T15:15:07.771+0000] {subprocess.py:106} INFO - [0m15:15:07  1 of 1 START sql table model ***.portefeuille_2 ............................ [RUN]
[2025-05-26T15:15:07.993+0000] {subprocess.py:106} INFO - [0m15:15:07  1 of 1 OK created sql table model ***.portefeuille_2 ....................... [[32mSELECT 368[0m in 0.22s]
[2025-05-26T15:15:08.012+0000] {subprocess.py:106} INFO - [0m15:15:08
[2025-05-26T15:15:08.014+0000] {subprocess.py:106} INFO - [0m15:15:08  Finished running 1 table model in 0 hours 0 minutes and 0.40 seconds (0.40s).
[2025-05-26T15:15:08.100+0000] {subprocess.py:106} INFO - [0m15:15:08
[2025-05-26T15:15:08.101+0000] {subprocess.py:106} INFO - [0m15:15:08  [32mCompleted successfully[0m
[2025-05-26T15:15:08.101+0000] {subprocess.py:106} INFO - [0m15:15:08
[2025-05-26T15:15:08.102+0000] {subprocess.py:106} INFO - [0m15:15:08  Done. PASS=1 WARN=0 ERROR=0 SKIP=0 TOTAL=1
[2025-05-26T15:15:12.126+0000] {subprocess.py:106} INFO - [0m15:15:12  Running with dbt=1.8.7
[2025-05-26T15:15:12.510+0000] {subprocess.py:106} INFO - [0m15:15:12  Registered adapter: postgres=1.9.0
[2025-05-26T15:15:14.377+0000] {subprocess.py:106} INFO - [0m15:15:14  Found 6 seeds, 10 models, 9 data tests, 11 sources, 545 macros
[2025-05-26T15:15:14.382+0000] {subprocess.py:106} INFO - [0m15:15:14
[2025-05-26T15:15:14.525+0000] {subprocess.py:106} INFO - [0m15:15:14  Concurrency: 1 threads (target='dev')
[2025-05-26T15:15:14.526+0000] {subprocess.py:106} INFO - [0m15:15:14
[2025-05-26T15:15:14.539+0000] {subprocess.py:106} INFO - [0m15:15:14  1 of 1 START sql table model ***.brigade ................................... [RUN]
[2025-05-26T15:15:14.744+0000] {subprocess.py:106} INFO - [0m15:15:14  1 of 1 OK created sql table model ***.brigade .............................. [[32mSELECT 86[0m in 0.20s]
[2025-05-26T15:15:14.764+0000] {subprocess.py:106} INFO - [0m15:15:14
[2025-05-26T15:15:14.765+0000] {subprocess.py:106} INFO - [0m15:15:14  Finished running 1 table model in 0 hours 0 minutes and 0.38 seconds (0.38s).
[2025-05-26T15:15:14.848+0000] {subprocess.py:106} INFO - [0m15:15:14
[2025-05-26T15:15:14.849+0000] {subprocess.py:106} INFO - [0m15:15:14  [32mCompleted successfully[0m
[2025-05-26T15:15:14.850+0000] {subprocess.py:106} INFO - [0m15:15:14
[2025-05-26T15:15:14.851+0000] {subprocess.py:106} INFO - [0m15:15:14  Done. PASS=1 WARN=0 ERROR=0 SKIP=0 TOTAL=1
[2025-05-26T15:15:18.620+0000] {subprocess.py:106} INFO - [0m15:15:18  Running with dbt=1.8.7
[2025-05-26T15:15:18.976+0000] {subprocess.py:106} INFO - [0m15:15:18  Registered adapter: postgres=1.9.0
[2025-05-26T15:15:21.235+0000] {subprocess.py:106} INFO - [0m15:15:21  Found 6 seeds, 10 models, 9 data tests, 11 sources, 545 macros
[2025-05-26T15:15:21.239+0000] {subprocess.py:106} INFO - [0m15:15:21
[2025-05-26T15:15:21.402+0000] {subprocess.py:106} INFO - [0m15:15:21  Concurrency: 1 threads (target='dev')
[2025-05-26T15:15:21.403+0000] {subprocess.py:106} INFO - [0m15:15:21
[2025-05-26T15:15:21.421+0000] {subprocess.py:106} INFO - [0m15:15:21  1 of 1 START sql table model ***.phonning .................................. [RUN]
[2025-05-26T15:15:21.687+0000] {subprocess.py:106} INFO - [0m15:15:21  1 of 1 OK created sql table model ***.phonning ............................. [[32mSELECT 260[0m in 0.26s]
[2025-05-26T15:15:21.716+0000] {subprocess.py:106} INFO - [0m15:15:21
[2025-05-26T15:15:21.718+0000] {subprocess.py:106} INFO - [0m15:15:21  Finished running 1 table model in 0 hours 0 minutes and 0.48 seconds (0.48s).
[2025-05-26T15:15:21.827+0000] {subprocess.py:106} INFO - [0m15:15:21
[2025-05-26T15:15:21.829+0000] {subprocess.py:106} INFO - [0m15:15:21  [32mCompleted successfully[0m
[2025-05-26T15:15:21.830+0000] {subprocess.py:106} INFO - [0m15:15:21
[2025-05-26T15:15:21.832+0000] {subprocess.py:106} INFO - [0m15:15:21  Done. PASS=1 WARN=0 ERROR=0 SKIP=0 TOTAL=1
[2025-05-26T15:15:26.421+0000] {subprocess.py:106} INFO - [0m15:15:26  Running with dbt=1.8.7
[2025-05-26T15:15:26.780+0000] {subprocess.py:106} INFO - [0m15:15:26  Registered adapter: postgres=1.9.0
[2025-05-26T15:15:28.707+0000] {subprocess.py:106} INFO - [0m15:15:28  Found 6 seeds, 10 models, 9 data tests, 11 sources, 545 macros
[2025-05-26T15:15:28.710+0000] {subprocess.py:106} INFO - [0m15:15:28
[2025-05-26T15:15:28.862+0000] {subprocess.py:106} INFO - [0m15:15:28  Concurrency: 1 threads (target='dev')
[2025-05-26T15:15:28.864+0000] {subprocess.py:106} INFO - [0m15:15:28
[2025-05-26T15:15:28.879+0000] {subprocess.py:106} INFO - [0m15:15:28  1 of 1 START sql table model ***.terrain ................................... [RUN]
[2025-05-26T15:15:29.076+0000] {subprocess.py:106} INFO - [0m15:15:29  1 of 1 OK created sql table model ***.terrain .............................. [[32mSELECT 21[0m in 0.19s]
[2025-05-26T15:15:29.094+0000] {subprocess.py:106} INFO - [0m15:15:29
[2025-05-26T15:15:29.095+0000] {subprocess.py:106} INFO - [0m15:15:29  Finished running 1 table model in 0 hours 0 minutes and 0.38 seconds (0.38s).
[2025-05-26T15:15:29.177+0000] {subprocess.py:106} INFO - [0m15:15:29
[2025-05-26T15:15:29.178+0000] {subprocess.py:106} INFO - [0m15:15:29  [32mCompleted successfully[0m
[2025-05-26T15:15:29.179+0000] {subprocess.py:106} INFO - [0m15:15:29
[2025-05-26T15:15:29.180+0000] {subprocess.py:106} INFO - [0m15:15:29  Done. PASS=1 WARN=0 ERROR=0 SKIP=0 TOTAL=1
[2025-05-26T15:15:30.333+0000] {subprocess.py:110} INFO - Command exited with return code 0
[2025-05-26T15:15:30.365+0000] {taskinstance.py:341} INFO - ::group::Post task execution logs
[2025-05-26T15:15:30.366+0000] {taskinstance.py:353} INFO - Marking task as SUCCESS. dag_id=Etl_dag, task_id=dbt_run_all, run_id=scheduled__2024-04-21T00:00:00+00:00, execution_date=20240421T000000, start_date=20250526T151427, end_date=20250526T151530
[2025-05-26T15:15:30.436+0000] {local_task_job_runner.py:266} INFO - Task exited with return code 0
[2025-05-26T15:15:30.466+0000] {taskinstance.py:3901} INFO - 1 downstream tasks scheduled from follow-on schedule check
[2025-05-26T15:15:30.469+0000] {local_task_job_runner.py:245} INFO - ::endgroup::
