[2025-05-26T14:50:05.882+0000] {local_task_job_runner.py:123} INFO - ::group::Pre task execution logs
[2025-05-26T14:50:05.904+0000] {taskinstance.py:2614} INFO - Dependencies all met for dep_context=non-requeueable deps ti=<TaskInstance: Etl_dag.dbt_run_all scheduled__2024-04-21T00:00:00+00:00 [queued]>
[2025-05-26T14:50:05.916+0000] {taskinstance.py:2614} INFO - Dependencies all met for dep_context=requeueable deps ti=<TaskInstance: Etl_dag.dbt_run_all scheduled__2024-04-21T00:00:00+00:00 [queued]>
[2025-05-26T14:50:05.917+0000] {taskinstance.py:2867} INFO - Starting attempt 1 of 2
[2025-05-26T14:50:05.932+0000] {taskinstance.py:2890} INFO - Executing <Task(BashOperator): dbt_run_all> on 2024-04-21 00:00:00+00:00
[2025-05-26T14:50:05.936+0000] {standard_task_runner.py:72} INFO - Started process 16035 to run task
[2025-05-26T14:50:05.939+0000] {standard_task_runner.py:104} INFO - Running: ['***', 'tasks', 'run', 'Etl_dag', 'dbt_run_all', 'scheduled__2024-04-21T00:00:00+00:00', '--job-id', '842', '--raw', '--subdir', 'DAGS_FOLDER/ETL_dag.py', '--cfg-path', '/tmp/tmpixr3h93d']
[2025-05-26T14:50:05.941+0000] {standard_task_runner.py:105} INFO - Job 842: Subtask dbt_run_all
[2025-05-26T14:50:05.989+0000] {task_command.py:467} INFO - Running <TaskInstance: Etl_dag.dbt_run_all scheduled__2024-04-21T00:00:00+00:00 [running]> on host 3d46136a9270
[2025-05-26T14:50:06.077+0000] {taskinstance.py:3134} INFO - Exporting env vars: AIRFLOW_CTX_DAG_OWNER='***' AIRFLOW_CTX_DAG_ID='Etl_dag' AIRFLOW_CTX_TASK_ID='dbt_run_all' AIRFLOW_CTX_EXECUTION_DATE='2024-04-21T00:00:00+00:00' AIRFLOW_CTX_TRY_NUMBER='1' AIRFLOW_CTX_DAG_RUN_ID='scheduled__2024-04-21T00:00:00+00:00'
[2025-05-26T14:50:06.079+0000] {taskinstance.py:732} INFO - ::endgroup::
[2025-05-26T14:50:06.094+0000] {subprocess.py:78} INFO - Tmp dir root location: /tmp
[2025-05-26T14:50:06.097+0000] {subprocess.py:88} INFO - Running command: ['/usr/bin/bash', '-c', '\n        cd /opt/***/Dbt/etl_dbt_project &&         dbt run --select Full_Transformation &&         dbt run --select portefeuille_base &&         dbt run --select portefeuille_empef &&         dbt run --select portefeuille &&         dbt run --select portefeuille_with_rap_cin &&         dbt run --select portefeuille_2 &&         dbt run --select brigade &&         dbt run --select phonning &&         dbt run --select terrain\n        ']
[2025-05-26T14:50:06.105+0000] {subprocess.py:99} INFO - Output:
[2025-05-26T14:50:09.225+0000] {subprocess.py:106} INFO - [0m14:50:09  Running with dbt=1.8.7
[2025-05-26T14:50:09.756+0000] {subprocess.py:106} INFO - [0m14:50:09  Registered adapter: postgres=1.9.0
[2025-05-26T14:50:14.088+0000] {subprocess.py:106} INFO - [0m14:50:14  Found 6 seeds, 10 models, 9 data tests, 11 sources, 545 macros
[2025-05-26T14:50:14.097+0000] {subprocess.py:106} INFO - [0m14:50:14
[2025-05-26T14:50:14.393+0000] {subprocess.py:106} INFO - [0m14:50:14  Concurrency: 1 threads (target='dev')
[2025-05-26T14:50:14.395+0000] {subprocess.py:106} INFO - [0m14:50:14
[2025-05-26T14:50:14.439+0000] {subprocess.py:106} INFO - [0m14:50:14  1 of 1 START sql table model ***.Full_Transformation ....................... [RUN]
[2025-05-26T14:50:14.988+0000] {subprocess.py:106} INFO - [0m14:50:14  1 of 1 OK created sql table model ***.Full_Transformation .................. [[32mSELECT 1034[0m in 0.54s]
[2025-05-26T14:50:15.022+0000] {subprocess.py:106} INFO - [0m14:50:15
[2025-05-26T14:50:15.023+0000] {subprocess.py:106} INFO - [0m14:50:15  Finished running 1 table model in 0 hours 0 minutes and 0.92 seconds (0.92s).
[2025-05-26T14:50:15.171+0000] {subprocess.py:106} INFO - [0m14:50:15
[2025-05-26T14:50:15.173+0000] {subprocess.py:106} INFO - [0m14:50:15  [32mCompleted successfully[0m
[2025-05-26T14:50:15.174+0000] {subprocess.py:106} INFO - [0m14:50:15
[2025-05-26T14:50:15.176+0000] {subprocess.py:106} INFO - [0m14:50:15  Done. PASS=1 WARN=0 ERROR=0 SKIP=0 TOTAL=1
[2025-05-26T14:50:20.874+0000] {subprocess.py:106} INFO - [0m14:50:20  Running with dbt=1.8.7
[2025-05-26T14:50:21.274+0000] {subprocess.py:106} INFO - [0m14:50:21  Registered adapter: postgres=1.9.0
[2025-05-26T14:50:23.563+0000] {subprocess.py:106} INFO - [0m14:50:23  Found 6 seeds, 10 models, 9 data tests, 11 sources, 545 macros
[2025-05-26T14:50:23.580+0000] {subprocess.py:106} INFO - [0m14:50:23
[2025-05-26T14:50:23.800+0000] {subprocess.py:106} INFO - [0m14:50:23  Concurrency: 1 threads (target='dev')
[2025-05-26T14:50:23.802+0000] {subprocess.py:106} INFO - [0m14:50:23
[2025-05-26T14:50:23.826+0000] {subprocess.py:106} INFO - [0m14:50:23  1 of 1 START sql table model ***.portefeuille_base ......................... [RUN]
[2025-05-26T14:50:24.166+0000] {subprocess.py:106} INFO - [0m14:50:24  1 of 1 OK created sql table model ***.portefeuille_base .................... [[32mSELECT 485[0m in 0.34s]
[2025-05-26T14:50:24.207+0000] {subprocess.py:106} INFO - [0m14:50:24
[2025-05-26T14:50:24.209+0000] {subprocess.py:106} INFO - [0m14:50:24  Finished running 1 table model in 0 hours 0 minutes and 0.63 seconds (0.63s).
[2025-05-26T14:50:24.373+0000] {subprocess.py:106} INFO - [0m14:50:24
[2025-05-26T14:50:24.389+0000] {subprocess.py:106} INFO - [0m14:50:24  [32mCompleted successfully[0m
[2025-05-26T14:50:24.411+0000] {subprocess.py:106} INFO - [0m14:50:24
[2025-05-26T14:50:24.421+0000] {subprocess.py:106} INFO - [0m14:50:24  Done. PASS=1 WARN=0 ERROR=0 SKIP=0 TOTAL=1
[2025-05-26T14:50:33.036+0000] {subprocess.py:106} INFO - [0m14:50:33  Running with dbt=1.8.7
[2025-05-26T14:50:33.906+0000] {subprocess.py:106} INFO - [0m14:50:33  Registered adapter: postgres=1.9.0
[2025-05-26T14:50:38.406+0000] {subprocess.py:106} INFO - [0m14:50:38  Found 6 seeds, 10 models, 9 data tests, 11 sources, 545 macros
[2025-05-26T14:50:38.411+0000] {subprocess.py:106} INFO - [0m14:50:38
[2025-05-26T14:50:38.638+0000] {subprocess.py:106} INFO - [0m14:50:38  Concurrency: 1 threads (target='dev')
[2025-05-26T14:50:38.640+0000] {subprocess.py:106} INFO - [0m14:50:38
[2025-05-26T14:50:38.659+0000] {subprocess.py:106} INFO - [0m14:50:38  1 of 1 START sql table model ***.portefeuille_empef ........................ [RUN]
[2025-05-26T14:50:38.911+0000] {subprocess.py:106} INFO - [0m14:50:38  1 of 1 OK created sql table model ***.portefeuille_empef ................... [[32mSELECT 104[0m in 0.25s]
[2025-05-26T14:50:38.938+0000] {subprocess.py:106} INFO - [0m14:50:38
[2025-05-26T14:50:38.939+0000] {subprocess.py:106} INFO - [0m14:50:38  Finished running 1 table model in 0 hours 0 minutes and 0.53 seconds (0.53s).
[2025-05-26T14:50:39.052+0000] {subprocess.py:106} INFO - [0m14:50:39
[2025-05-26T14:50:39.055+0000] {subprocess.py:106} INFO - [0m14:50:39  [32mCompleted successfully[0m
[2025-05-26T14:50:39.058+0000] {subprocess.py:106} INFO - [0m14:50:39
[2025-05-26T14:50:39.059+0000] {subprocess.py:106} INFO - [0m14:50:39  Done. PASS=1 WARN=0 ERROR=0 SKIP=0 TOTAL=1
[2025-05-26T14:50:44.798+0000] {subprocess.py:106} INFO - [0m14:50:44  Running with dbt=1.8.7
[2025-05-26T14:50:45.308+0000] {subprocess.py:106} INFO - [0m14:50:45  Registered adapter: postgres=1.9.0
[2025-05-26T14:50:47.546+0000] {subprocess.py:106} INFO - [0m14:50:47  Found 6 seeds, 10 models, 9 data tests, 11 sources, 545 macros
[2025-05-26T14:50:47.553+0000] {subprocess.py:106} INFO - [0m14:50:47
[2025-05-26T14:50:47.716+0000] {subprocess.py:106} INFO - [0m14:50:47  Concurrency: 1 threads (target='dev')
[2025-05-26T14:50:47.718+0000] {subprocess.py:106} INFO - [0m14:50:47
[2025-05-26T14:50:47.734+0000] {subprocess.py:106} INFO - [0m14:50:47  1 of 1 START sql table model ***.portefeuille .............................. [RUN]
[2025-05-26T14:50:47.972+0000] {subprocess.py:106} INFO - [0m14:50:47  1 of 1 OK created sql table model ***.portefeuille ......................... [[32mSELECT 381[0m in 0.23s]
[2025-05-26T14:50:47.991+0000] {subprocess.py:106} INFO - [0m14:50:47
[2025-05-26T14:50:47.992+0000] {subprocess.py:106} INFO - [0m14:50:47  Finished running 1 table model in 0 hours 0 minutes and 0.44 seconds (0.44s).
[2025-05-26T14:50:48.183+0000] {subprocess.py:106} INFO - [0m14:50:48
[2025-05-26T14:50:48.184+0000] {subprocess.py:106} INFO - [0m14:50:48  [32mCompleted successfully[0m
[2025-05-26T14:50:48.185+0000] {subprocess.py:106} INFO - [0m14:50:48
[2025-05-26T14:50:48.186+0000] {subprocess.py:106} INFO - [0m14:50:48  Done. PASS=1 WARN=0 ERROR=0 SKIP=0 TOTAL=1
[2025-05-26T14:50:53.318+0000] {subprocess.py:106} INFO - [0m14:50:53  Running with dbt=1.8.7
[2025-05-26T14:50:53.869+0000] {subprocess.py:106} INFO - [0m14:50:53  Registered adapter: postgres=1.9.0
[2025-05-26T14:50:56.644+0000] {subprocess.py:106} INFO - [0m14:50:56  Found 6 seeds, 10 models, 9 data tests, 11 sources, 545 macros
[2025-05-26T14:50:56.650+0000] {subprocess.py:106} INFO - [0m14:50:56
[2025-05-26T14:50:56.826+0000] {subprocess.py:106} INFO - [0m14:50:56  Concurrency: 1 threads (target='dev')
[2025-05-26T14:50:56.828+0000] {subprocess.py:106} INFO - [0m14:50:56
[2025-05-26T14:50:56.844+0000] {subprocess.py:106} INFO - [0m14:50:56  1 of 1 START sql table model ***.portefeuille_with_rap_cin ................. [RUN]
[2025-05-26T14:50:57.078+0000] {subprocess.py:106} INFO - [0m14:50:57  1 of 1 OK created sql table model ***.portefeuille_with_rap_cin ............ [[32mSELECT 13[0m in 0.23s]
[2025-05-26T14:50:57.097+0000] {subprocess.py:106} INFO - [0m14:50:57
[2025-05-26T14:50:57.099+0000] {subprocess.py:106} INFO - [0m14:50:57  Finished running 1 table model in 0 hours 0 minutes and 0.45 seconds (0.45s).
[2025-05-26T14:50:57.194+0000] {subprocess.py:106} INFO - [0m14:50:57
[2025-05-26T14:50:57.195+0000] {subprocess.py:106} INFO - [0m14:50:57  [32mCompleted successfully[0m
[2025-05-26T14:50:57.196+0000] {subprocess.py:106} INFO - [0m14:50:57
[2025-05-26T14:50:57.196+0000] {subprocess.py:106} INFO - [0m14:50:57  Done. PASS=1 WARN=0 ERROR=0 SKIP=0 TOTAL=1
[2025-05-26T14:51:01.409+0000] {subprocess.py:106} INFO - [0m14:51:01  Running with dbt=1.8.7
[2025-05-26T14:51:02.523+0000] {subprocess.py:106} INFO - [0m14:51:02  Registered adapter: postgres=1.9.0
[2025-05-26T14:51:06.118+0000] {subprocess.py:106} INFO - [0m14:51:06  Found 6 seeds, 10 models, 9 data tests, 11 sources, 545 macros
[2025-05-26T14:51:06.123+0000] {subprocess.py:106} INFO - [0m14:51:06
[2025-05-26T14:51:06.299+0000] {subprocess.py:106} INFO - [0m14:51:06  Concurrency: 1 threads (target='dev')
[2025-05-26T14:51:06.301+0000] {subprocess.py:106} INFO - [0m14:51:06
[2025-05-26T14:51:06.326+0000] {subprocess.py:106} INFO - [0m14:51:06  1 of 1 START sql table model ***.portefeuille_2 ............................ [RUN]
[2025-05-26T14:51:06.555+0000] {subprocess.py:106} INFO - [0m14:51:06  1 of 1 OK created sql table model ***.portefeuille_2 ....................... [[32mSELECT 368[0m in 0.23s]
[2025-05-26T14:51:06.574+0000] {subprocess.py:106} INFO - [0m14:51:06
[2025-05-26T14:51:06.575+0000] {subprocess.py:106} INFO - [0m14:51:06  Finished running 1 table model in 0 hours 0 minutes and 0.45 seconds (0.45s).
[2025-05-26T14:51:06.672+0000] {subprocess.py:106} INFO - [0m14:51:06
[2025-05-26T14:51:06.673+0000] {subprocess.py:106} INFO - [0m14:51:06  [32mCompleted successfully[0m
[2025-05-26T14:51:06.674+0000] {subprocess.py:106} INFO - [0m14:51:06
[2025-05-26T14:51:06.675+0000] {subprocess.py:106} INFO - [0m14:51:06  Done. PASS=1 WARN=0 ERROR=0 SKIP=0 TOTAL=1
[2025-05-26T14:51:11.358+0000] {subprocess.py:106} INFO - [0m14:51:11  Running with dbt=1.8.7
[2025-05-26T14:51:11.795+0000] {subprocess.py:106} INFO - [0m14:51:11  Registered adapter: postgres=1.9.0
[2025-05-26T14:51:13.811+0000] {subprocess.py:106} INFO - [0m14:51:13  Found 6 seeds, 10 models, 9 data tests, 11 sources, 545 macros
[2025-05-26T14:51:13.818+0000] {subprocess.py:106} INFO - [0m14:51:13
[2025-05-26T14:51:13.962+0000] {subprocess.py:106} INFO - [0m14:51:13  Concurrency: 1 threads (target='dev')
[2025-05-26T14:51:13.962+0000] {subprocess.py:106} INFO - [0m14:51:13
[2025-05-26T14:51:13.979+0000] {subprocess.py:106} INFO - [0m14:51:13  1 of 1 START sql table model ***.brigade ................................... [RUN]
[2025-05-26T14:51:14.206+0000] {subprocess.py:106} INFO - [0m14:51:14  1 of 1 OK created sql table model ***.brigade .............................. [[32mSELECT 86[0m in 0.22s]
[2025-05-26T14:51:14.232+0000] {subprocess.py:106} INFO - [0m14:51:14
[2025-05-26T14:51:14.238+0000] {subprocess.py:106} INFO - [0m14:51:14  Finished running 1 table model in 0 hours 0 minutes and 0.41 seconds (0.41s).
[2025-05-26T14:51:14.353+0000] {subprocess.py:106} INFO - [0m14:51:14
[2025-05-26T14:51:14.354+0000] {subprocess.py:106} INFO - [0m14:51:14  [32mCompleted successfully[0m
[2025-05-26T14:51:14.355+0000] {subprocess.py:106} INFO - [0m14:51:14
[2025-05-26T14:51:14.356+0000] {subprocess.py:106} INFO - [0m14:51:14  Done. PASS=1 WARN=0 ERROR=0 SKIP=0 TOTAL=1
[2025-05-26T14:51:18.653+0000] {subprocess.py:106} INFO - [0m14:51:18  Running with dbt=1.8.7
[2025-05-26T14:51:19.102+0000] {subprocess.py:106} INFO - [0m14:51:19  Registered adapter: postgres=1.9.0
[2025-05-26T14:51:21.219+0000] {subprocess.py:106} INFO - [0m14:51:21  Found 6 seeds, 10 models, 9 data tests, 11 sources, 545 macros
[2025-05-26T14:51:21.223+0000] {subprocess.py:106} INFO - [0m14:51:21
[2025-05-26T14:51:21.376+0000] {subprocess.py:106} INFO - [0m14:51:21  Concurrency: 1 threads (target='dev')
[2025-05-26T14:51:21.377+0000] {subprocess.py:106} INFO - [0m14:51:21
[2025-05-26T14:51:21.393+0000] {subprocess.py:106} INFO - [0m14:51:21  1 of 1 START sql table model ***.phonning .................................. [RUN]
[2025-05-26T14:51:21.620+0000] {subprocess.py:106} INFO - [0m14:51:21  1 of 1 OK created sql table model ***.phonning ............................. [[32mSELECT 260[0m in 0.22s]
[2025-05-26T14:51:21.638+0000] {subprocess.py:106} INFO - [0m14:51:21
[2025-05-26T14:51:21.639+0000] {subprocess.py:106} INFO - [0m14:51:21  Finished running 1 table model in 0 hours 0 minutes and 0.41 seconds (0.41s).
[2025-05-26T14:51:21.739+0000] {subprocess.py:106} INFO - [0m14:51:21
[2025-05-26T14:51:21.740+0000] {subprocess.py:106} INFO - [0m14:51:21  [32mCompleted successfully[0m
[2025-05-26T14:51:21.741+0000] {subprocess.py:106} INFO - [0m14:51:21
[2025-05-26T14:51:21.742+0000] {subprocess.py:106} INFO - [0m14:51:21  Done. PASS=1 WARN=0 ERROR=0 SKIP=0 TOTAL=1
[2025-05-26T14:51:26.031+0000] {subprocess.py:106} INFO - [0m14:51:26  Running with dbt=1.8.7
[2025-05-26T14:51:26.571+0000] {subprocess.py:106} INFO - [0m14:51:26  Registered adapter: postgres=1.9.0
[2025-05-26T14:51:29.648+0000] {subprocess.py:106} INFO - [0m14:51:29  Found 6 seeds, 10 models, 9 data tests, 11 sources, 545 macros
[2025-05-26T14:51:29.654+0000] {subprocess.py:106} INFO - [0m14:51:29
[2025-05-26T14:51:29.838+0000] {subprocess.py:106} INFO - [0m14:51:29  Concurrency: 1 threads (target='dev')
[2025-05-26T14:51:29.839+0000] {subprocess.py:106} INFO - [0m14:51:29
[2025-05-26T14:51:29.857+0000] {subprocess.py:106} INFO - [0m14:51:29  1 of 1 START sql table model ***.terrain ................................... [RUN]
[2025-05-26T14:51:30.189+0000] {subprocess.py:106} INFO - [0m14:51:30  1 of 1 OK created sql table model ***.terrain .............................. [[32mSELECT 21[0m in 0.33s]
[2025-05-26T14:51:30.210+0000] {subprocess.py:106} INFO - [0m14:51:30
[2025-05-26T14:51:30.211+0000] {subprocess.py:106} INFO - [0m14:51:30  Finished running 1 table model in 0 hours 0 minutes and 0.55 seconds (0.55s).
[2025-05-26T14:51:30.347+0000] {subprocess.py:106} INFO - [0m14:51:30
[2025-05-26T14:51:30.351+0000] {subprocess.py:106} INFO - [0m14:51:30  [32mCompleted successfully[0m
[2025-05-26T14:51:30.352+0000] {subprocess.py:106} INFO - [0m14:51:30
[2025-05-26T14:51:30.353+0000] {subprocess.py:106} INFO - [0m14:51:30  Done. PASS=1 WARN=0 ERROR=0 SKIP=0 TOTAL=1
[2025-05-26T14:51:31.416+0000] {subprocess.py:110} INFO - Command exited with return code 0
[2025-05-26T14:51:31.470+0000] {taskinstance.py:341} INFO - ::group::Post task execution logs
[2025-05-26T14:51:31.472+0000] {taskinstance.py:353} INFO - Marking task as SUCCESS. dag_id=Etl_dag, task_id=dbt_run_all, run_id=scheduled__2024-04-21T00:00:00+00:00, execution_date=20240421T000000, start_date=20250526T145005, end_date=20250526T145131
[2025-05-26T14:51:31.615+0000] {local_task_job_runner.py:266} INFO - Task exited with return code 0
[2025-05-26T14:51:31.661+0000] {taskinstance.py:3901} INFO - 1 downstream tasks scheduled from follow-on schedule check
[2025-05-26T14:51:31.665+0000] {local_task_job_runner.py:245} INFO - ::endgroup::
