[2025-05-07T10:41:21.142+0000] {local_task_job_runner.py:123} INFO - ::group::Pre task execution logs
[2025-05-07T10:41:21.283+0000] {taskinstance.py:2614} INFO - Dependencies all met for dep_context=non-requeueable deps ti=<TaskInstance: Et_dag.dbt_run scheduled__2024-05-01T00:00:00+00:00 [queued]>
[2025-05-07T10:41:21.376+0000] {taskinstance.py:2614} INFO - Dependencies all met for dep_context=requeueable deps ti=<TaskInstance: Et_dag.dbt_run scheduled__2024-05-01T00:00:00+00:00 [queued]>
[2025-05-07T10:41:21.379+0000] {taskinstance.py:2867} INFO - Starting attempt 1 of 2
[2025-05-07T10:41:21.494+0000] {taskinstance.py:2890} INFO - Executing <Task(BashOperator): dbt_run> on 2024-05-01 00:00:00+00:00
[2025-05-07T10:41:21.515+0000] {standard_task_runner.py:72} INFO - Started process 22107 to run task
[2025-05-07T10:41:21.542+0000] {standard_task_runner.py:104} INFO - Running: ['***', 'tasks', 'run', 'Et_dag', 'dbt_run', 'scheduled__2024-05-01T00:00:00+00:00', '--job-id', '760', '--raw', '--subdir', 'DAGS_FOLDER/ET_dag.py', '--cfg-path', '/tmp/tmpkb57axiu']
[2025-05-07T10:41:21.585+0000] {standard_task_runner.py:105} INFO - Job 760: Subtask dbt_run
[2025-05-07T10:41:21.926+0000] {task_command.py:467} INFO - Running <TaskInstance: Et_dag.dbt_run scheduled__2024-05-01T00:00:00+00:00 [running]> on host 3d46136a9270
[2025-05-07T10:41:22.383+0000] {taskinstance.py:3134} INFO - Exporting env vars: AIRFLOW_CTX_DAG_OWNER='***' AIRFLOW_CTX_DAG_ID='Et_dag' AIRFLOW_CTX_TASK_ID='dbt_run' AIRFLOW_CTX_EXECUTION_DATE='2024-05-01T00:00:00+00:00' AIRFLOW_CTX_TRY_NUMBER='1' AIRFLOW_CTX_DAG_RUN_ID='scheduled__2024-05-01T00:00:00+00:00'
[2025-05-07T10:41:22.384+0000] {taskinstance.py:732} INFO - ::endgroup::
[2025-05-07T10:41:22.452+0000] {subprocess.py:78} INFO - Tmp dir root location: /tmp
[2025-05-07T10:41:22.469+0000] {subprocess.py:88} INFO - Running command: ['/usr/bin/bash', '-c', 'cd /opt/***/Dbt/etl_dbt_project && dbt run']
[2025-05-07T10:41:22.524+0000] {subprocess.py:99} INFO - Output:
[2025-05-07T10:41:49.296+0000] {subprocess.py:106} INFO - [0m10:41:49  Running with dbt=1.8.7
[2025-05-07T10:41:51.438+0000] {subprocess.py:106} INFO - [0m10:41:51  Registered adapter: postgres=1.9.0
[2025-05-07T10:42:00.659+0000] {subprocess.py:106} INFO - [0m10:42:00  Found 2 seeds, 1 model, 9 data tests, 7 sources, 545 macros
[2025-05-07T10:42:00.685+0000] {subprocess.py:106} INFO - [0m10:42:00
[2025-05-07T10:42:02.837+0000] {subprocess.py:106} INFO - [0m10:42:02  Concurrency: 1 threads (target='dev')
[2025-05-07T10:42:02.911+0000] {subprocess.py:106} INFO - [0m10:42:02
[2025-05-07T10:42:03.366+0000] {subprocess.py:106} INFO - [0m10:42:03  1 of 1 START sql table model ***.Full_Transformation ....................... [RUN]
[2025-05-07T10:42:05.638+0000] {subprocess.py:106} INFO - [0m10:42:05  1 of 1 OK created sql table model ***.Full_Transformation .................. [[32mSELECT 6000[0m in 2.24s]
[2025-05-07T10:42:05.727+0000] {subprocess.py:106} INFO - [0m10:42:05
[2025-05-07T10:42:05.747+0000] {subprocess.py:106} INFO - [0m10:42:05  Finished running 1 table model in 0 hours 0 minutes and 5.04 seconds (5.04s).
[2025-05-07T10:42:06.180+0000] {subprocess.py:106} INFO - [0m10:42:06
[2025-05-07T10:42:06.187+0000] {subprocess.py:106} INFO - [0m10:42:06  [32mCompleted successfully[0m
[2025-05-07T10:42:06.191+0000] {subprocess.py:106} INFO - [0m10:42:06
[2025-05-07T10:42:06.194+0000] {subprocess.py:106} INFO - [0m10:42:06  Done. PASS=1 WARN=0 ERROR=0 SKIP=0 TOTAL=1
[2025-05-07T10:42:08.324+0000] {subprocess.py:110} INFO - Command exited with return code 0
[2025-05-07T10:42:10.791+0000] {taskinstance.py:341} INFO - ::group::Post task execution logs
[2025-05-07T10:42:10.841+0000] {taskinstance.py:353} INFO - Marking task as SUCCESS. dag_id=Et_dag, task_id=dbt_run, run_id=scheduled__2024-05-01T00:00:00+00:00, execution_date=20240501T000000, start_date=20250507T104121, end_date=20250507T104210
[2025-05-07T10:42:11.951+0000] {local_task_job_runner.py:266} INFO - Task exited with return code 0
[2025-05-07T10:42:13.330+0000] {taskinstance.py:3901} INFO - 1 downstream tasks scheduled from follow-on schedule check
[2025-05-07T10:42:13.361+0000] {local_task_job_runner.py:245} INFO - ::endgroup::
