[2025-04-13T20:24:46.795+0000] {processor.py:186} INFO - Started process (PID=252) to work on /opt/airflow/dags/Second_DAG.py
[2025-04-13T20:24:46.797+0000] {processor.py:914} INFO - Processing file /opt/airflow/dags/Second_DAG.py for tasks to queue
[2025-04-13T20:24:46.800+0000] {logging_mixin.py:190} INFO - [2025-04-13T20:24:46.800+0000] {dagbag.py:588} INFO - Filling up the DagBag from /opt/airflow/dags/Second_DAG.py
[2025-04-13T20:24:46.820+0000] {processor.py:925} INFO - DAG(s) 'test_v3' retrieved from /opt/airflow/dags/Second_DAG.py
[2025-04-13T20:24:46.849+0000] {logging_mixin.py:190} INFO - [2025-04-13T20:24:46.849+0000] {dag.py:3239} INFO - Sync 1 DAGs
[2025-04-13T20:24:46.883+0000] {logging_mixin.py:190} INFO - [2025-04-13T20:24:46.883+0000] {dag.py:4180} INFO - Setting next_dagrun for test_v3 to 2024-04-10 00:00:00+00:00, run_after=2024-04-11 00:00:00+00:00
[2025-04-13T20:24:46.912+0000] {processor.py:208} INFO - Processing /opt/airflow/dags/Second_DAG.py took 0.124 seconds
[2025-04-13T20:25:17.319+0000] {processor.py:186} INFO - Started process (PID=273) to work on /opt/airflow/dags/Second_DAG.py
[2025-04-13T20:25:17.320+0000] {processor.py:914} INFO - Processing file /opt/airflow/dags/Second_DAG.py for tasks to queue
[2025-04-13T20:25:17.325+0000] {logging_mixin.py:190} INFO - [2025-04-13T20:25:17.325+0000] {dagbag.py:588} INFO - Filling up the DagBag from /opt/airflow/dags/Second_DAG.py
[2025-04-13T20:25:17.351+0000] {processor.py:925} INFO - DAG(s) 'test_v3' retrieved from /opt/airflow/dags/Second_DAG.py
[2025-04-13T20:25:17.382+0000] {logging_mixin.py:190} INFO - [2025-04-13T20:25:17.382+0000] {dag.py:3239} INFO - Sync 1 DAGs
[2025-04-13T20:25:17.414+0000] {logging_mixin.py:190} INFO - [2025-04-13T20:25:17.414+0000] {dag.py:4180} INFO - Setting next_dagrun for test_v3 to 2024-04-10 00:00:00+00:00, run_after=2024-04-11 00:00:00+00:00
[2025-04-13T20:25:17.437+0000] {processor.py:208} INFO - Processing /opt/airflow/dags/Second_DAG.py took 0.125 seconds
[2025-04-13T20:25:47.924+0000] {processor.py:186} INFO - Started process (PID=294) to work on /opt/airflow/dags/Second_DAG.py
[2025-04-13T20:25:47.925+0000] {processor.py:914} INFO - Processing file /opt/airflow/dags/Second_DAG.py for tasks to queue
[2025-04-13T20:25:47.927+0000] {logging_mixin.py:190} INFO - [2025-04-13T20:25:47.927+0000] {dagbag.py:588} INFO - Filling up the DagBag from /opt/airflow/dags/Second_DAG.py
[2025-04-13T20:25:47.945+0000] {processor.py:925} INFO - DAG(s) 'test_v3' retrieved from /opt/airflow/dags/Second_DAG.py
[2025-04-13T20:25:47.970+0000] {logging_mixin.py:190} INFO - [2025-04-13T20:25:47.969+0000] {dag.py:3239} INFO - Sync 1 DAGs
[2025-04-13T20:25:47.994+0000] {logging_mixin.py:190} INFO - [2025-04-13T20:25:47.994+0000] {dag.py:4180} INFO - Setting next_dagrun for test_v3 to 2024-04-10 00:00:00+00:00, run_after=2024-04-11 00:00:00+00:00
[2025-04-13T20:25:48.015+0000] {processor.py:208} INFO - Processing /opt/airflow/dags/Second_DAG.py took 0.096 seconds
[2025-04-13T20:26:18.544+0000] {processor.py:186} INFO - Started process (PID=315) to work on /opt/airflow/dags/Second_DAG.py
[2025-04-13T20:26:18.545+0000] {processor.py:914} INFO - Processing file /opt/airflow/dags/Second_DAG.py for tasks to queue
[2025-04-13T20:26:18.548+0000] {logging_mixin.py:190} INFO - [2025-04-13T20:26:18.548+0000] {dagbag.py:588} INFO - Filling up the DagBag from /opt/airflow/dags/Second_DAG.py
[2025-04-13T20:26:18.572+0000] {processor.py:925} INFO - DAG(s) 'test_v3' retrieved from /opt/airflow/dags/Second_DAG.py
[2025-04-13T20:26:18.597+0000] {logging_mixin.py:190} INFO - [2025-04-13T20:26:18.596+0000] {dag.py:3239} INFO - Sync 1 DAGs
[2025-04-13T20:26:18.622+0000] {logging_mixin.py:190} INFO - [2025-04-13T20:26:18.622+0000] {dag.py:4180} INFO - Setting next_dagrun for test_v3 to 2024-04-10 00:00:00+00:00, run_after=2024-04-11 00:00:00+00:00
[2025-04-13T20:26:18.643+0000] {processor.py:208} INFO - Processing /opt/airflow/dags/Second_DAG.py took 0.105 seconds
[2025-04-13T20:26:49.106+0000] {processor.py:186} INFO - Started process (PID=337) to work on /opt/airflow/dags/Second_DAG.py
[2025-04-13T20:26:49.107+0000] {processor.py:914} INFO - Processing file /opt/airflow/dags/Second_DAG.py for tasks to queue
[2025-04-13T20:26:49.109+0000] {logging_mixin.py:190} INFO - [2025-04-13T20:26:49.109+0000] {dagbag.py:588} INFO - Filling up the DagBag from /opt/airflow/dags/Second_DAG.py
[2025-04-13T20:26:49.126+0000] {processor.py:925} INFO - DAG(s) 'test_v3' retrieved from /opt/airflow/dags/Second_DAG.py
[2025-04-13T20:26:49.150+0000] {logging_mixin.py:190} INFO - [2025-04-13T20:26:49.150+0000] {dag.py:3239} INFO - Sync 1 DAGs
[2025-04-13T20:26:49.176+0000] {logging_mixin.py:190} INFO - [2025-04-13T20:26:49.176+0000] {dag.py:4180} INFO - Setting next_dagrun for test_v3 to 2024-04-10 00:00:00+00:00, run_after=2024-04-11 00:00:00+00:00
[2025-04-13T20:26:49.199+0000] {processor.py:208} INFO - Processing /opt/airflow/dags/Second_DAG.py took 0.099 seconds
