[2025-04-13T20:24:46.580+0000] {processor.py:186} INFO - Started process (PID=245) to work on /opt/airflow/dags/Third_DAG.py
[2025-04-13T20:24:46.581+0000] {processor.py:914} INFO - Processing file /opt/airflow/dags/Third_DAG.py for tasks to queue
[2025-04-13T20:24:46.583+0000] {logging_mixin.py:190} INFO - [2025-04-13T20:24:46.583+0000] {dagbag.py:588} INFO - Filling up the DagBag from /opt/airflow/dags/Third_DAG.py
[2025-04-13T20:24:46.608+0000] {processor.py:925} INFO - DAG(s) 'Dag_task' retrieved from /opt/airflow/dags/Third_DAG.py
[2025-04-13T20:24:46.648+0000] {logging_mixin.py:190} INFO - [2025-04-13T20:24:46.648+0000] {dag.py:3239} INFO - Sync 1 DAGs
[2025-04-13T20:24:46.683+0000] {logging_mixin.py:190} INFO - [2025-04-13T20:24:46.682+0000] {dag.py:4180} INFO - Setting next_dagrun for Dag_task to 2024-04-10 00:00:00+00:00, run_after=2024-04-11 00:00:00+00:00
[2025-04-13T20:24:46.740+0000] {processor.py:208} INFO - Processing /opt/airflow/dags/Third_DAG.py took 0.169 seconds
[2025-04-13T20:25:17.117+0000] {processor.py:186} INFO - Started process (PID=266) to work on /opt/airflow/dags/Third_DAG.py
[2025-04-13T20:25:17.118+0000] {processor.py:914} INFO - Processing file /opt/airflow/dags/Third_DAG.py for tasks to queue
[2025-04-13T20:25:17.121+0000] {logging_mixin.py:190} INFO - [2025-04-13T20:25:17.121+0000] {dagbag.py:588} INFO - Filling up the DagBag from /opt/airflow/dags/Third_DAG.py
[2025-04-13T20:25:17.147+0000] {processor.py:925} INFO - DAG(s) 'Dag_task' retrieved from /opt/airflow/dags/Third_DAG.py
[2025-04-13T20:25:17.193+0000] {logging_mixin.py:190} INFO - [2025-04-13T20:25:17.193+0000] {dag.py:3239} INFO - Sync 1 DAGs
[2025-04-13T20:25:17.243+0000] {logging_mixin.py:190} INFO - [2025-04-13T20:25:17.243+0000] {dag.py:4180} INFO - Setting next_dagrun for Dag_task to 2024-04-10 00:00:00+00:00, run_after=2024-04-11 00:00:00+00:00
[2025-04-13T20:25:17.273+0000] {processor.py:208} INFO - Processing /opt/airflow/dags/Third_DAG.py took 0.163 seconds
[2025-04-13T20:25:47.797+0000] {processor.py:186} INFO - Started process (PID=287) to work on /opt/airflow/dags/Third_DAG.py
[2025-04-13T20:25:47.797+0000] {processor.py:914} INFO - Processing file /opt/airflow/dags/Third_DAG.py for tasks to queue
[2025-04-13T20:25:47.799+0000] {logging_mixin.py:190} INFO - [2025-04-13T20:25:47.799+0000] {dagbag.py:588} INFO - Filling up the DagBag from /opt/airflow/dags/Third_DAG.py
[2025-04-13T20:25:47.818+0000] {processor.py:925} INFO - DAG(s) 'Dag_task' retrieved from /opt/airflow/dags/Third_DAG.py
[2025-04-13T20:25:47.847+0000] {logging_mixin.py:190} INFO - [2025-04-13T20:25:47.846+0000] {dag.py:3239} INFO - Sync 1 DAGs
[2025-04-13T20:25:47.871+0000] {logging_mixin.py:190} INFO - [2025-04-13T20:25:47.870+0000] {dag.py:4180} INFO - Setting next_dagrun for Dag_task to 2024-04-10 00:00:00+00:00, run_after=2024-04-11 00:00:00+00:00
[2025-04-13T20:25:47.892+0000] {processor.py:208} INFO - Processing /opt/airflow/dags/Third_DAG.py took 0.101 seconds
[2025-04-13T20:26:18.412+0000] {processor.py:186} INFO - Started process (PID=308) to work on /opt/airflow/dags/Third_DAG.py
[2025-04-13T20:26:18.413+0000] {processor.py:914} INFO - Processing file /opt/airflow/dags/Third_DAG.py for tasks to queue
[2025-04-13T20:26:18.415+0000] {logging_mixin.py:190} INFO - [2025-04-13T20:26:18.415+0000] {dagbag.py:588} INFO - Filling up the DagBag from /opt/airflow/dags/Third_DAG.py
[2025-04-13T20:26:18.432+0000] {processor.py:925} INFO - DAG(s) 'Dag_task' retrieved from /opt/airflow/dags/Third_DAG.py
[2025-04-13T20:26:18.455+0000] {logging_mixin.py:190} INFO - [2025-04-13T20:26:18.454+0000] {dag.py:3239} INFO - Sync 1 DAGs
[2025-04-13T20:26:18.480+0000] {logging_mixin.py:190} INFO - [2025-04-13T20:26:18.479+0000] {dag.py:4180} INFO - Setting next_dagrun for Dag_task to 2024-04-10 00:00:00+00:00, run_after=2024-04-11 00:00:00+00:00
[2025-04-13T20:26:18.501+0000] {processor.py:208} INFO - Processing /opt/airflow/dags/Third_DAG.py took 0.095 seconds
[2025-04-13T20:26:48.974+0000] {processor.py:186} INFO - Started process (PID=330) to work on /opt/airflow/dags/Third_DAG.py
[2025-04-13T20:26:48.975+0000] {processor.py:914} INFO - Processing file /opt/airflow/dags/Third_DAG.py for tasks to queue
[2025-04-13T20:26:48.978+0000] {logging_mixin.py:190} INFO - [2025-04-13T20:26:48.978+0000] {dagbag.py:588} INFO - Filling up the DagBag from /opt/airflow/dags/Third_DAG.py
[2025-04-13T20:26:48.994+0000] {processor.py:925} INFO - DAG(s) 'Dag_task' retrieved from /opt/airflow/dags/Third_DAG.py
[2025-04-13T20:26:49.020+0000] {logging_mixin.py:190} INFO - [2025-04-13T20:26:49.019+0000] {dag.py:3239} INFO - Sync 1 DAGs
[2025-04-13T20:26:49.046+0000] {logging_mixin.py:190} INFO - [2025-04-13T20:26:49.045+0000] {dag.py:4180} INFO - Setting next_dagrun for Dag_task to 2024-04-10 00:00:00+00:00, run_after=2024-04-11 00:00:00+00:00
[2025-04-13T20:26:49.067+0000] {processor.py:208} INFO - Processing /opt/airflow/dags/Third_DAG.py took 0.098 seconds
