[0m10:00:45.205439 [debug] [MainThread]: Sending event: {'category': 'dbt', 'action': 'invocation', 'label': 'start', 'context': [<snowplow_tracker.self_describing_json.SelfDescribingJson object at 0x000001B4E1EA65A0>, <snowplow_tracker.self_describing_json.SelfDescribingJson object at 0x000001B4DFAAAAB0>, <snowplow_tracker.self_describing_json.SelfDescribingJson object at 0x000001B4E261B110>]}


============================== 10:00:45.217822 | 69c8f08c-16c7-486d-ac64-fef9a512d00b ==============================
[0m10:00:45.217822 [info ] [MainThread]: Running with dbt=1.9.4
[0m10:00:45.226051 [debug] [MainThread]: running dbt with arguments {'printer_width': '80', 'indirect_selection': 'eager', 'log_cache_events': 'False', 'write_json': 'True', 'partial_parse': 'True', 'cache_selected_only': 'False', 'profiles_dir': 'C:\\Users\\dell\\.dbt', 'fail_fast': 'False', 'version_check': 'True', 'log_path': 'logs', 'debug': 'False', 'warn_error': 'None', 'use_colors': 'True', 'use_experimental_parser': 'False', 'no_print': 'None', 'quiet': 'False', 'empty': 'None', 'warn_error_options': 'WarnErrorOptions(include=[], exclude=[])', 'introspect': 'True', 'invocation_command': 'dbt init etl_dbt_project', 'static_parser': 'True', 'target_path': 'None', 'log_format': 'default', 'send_anonymous_usage_stats': 'True'}
[0m10:00:45.260861 [warn ] [MainThread]: [ConfigFolderDirectory]: Unable to parse logging event dictionary. Failed to parse dir field: expected string or bytes-like object, got 'WindowsPath'.. Dictionary: {'dir': WindowsPath('C:/Users/dell/.dbt')}
[0m10:00:45.260861 [info ] [MainThread]: Creating dbt configuration folder at 
[0m10:00:45.267392 [debug] [MainThread]: Starter project path: C:\Users\dell\AppData\Local\Programs\Python\Python312\Lib\site-packages\dbt\include\starter_project
[0m10:00:45.303537 [info ] [MainThread]: 
Your new dbt project "etl_dbt_project" was created!

For more information on how to configure the profiles.yml file,
please consult the dbt documentation here:

  https://docs.getdbt.com/docs/configure-your-profile

One more thing:

Need help? Don't hesitate to reach out to us via GitHub issues or on Slack:

  https://community.getdbt.com/

Happy modeling!

[0m10:00:45.307069 [info ] [MainThread]: Setting up your profile.
[0m10:04:04.900147 [info ] [MainThread]: Profile etl_dbt_project written to C:\Users\dell\.dbt\profiles.yml using target's profile_template.yml and your supplied values. Run 'dbt debug' to validate the connection.
[0m10:04:05.077235 [debug] [MainThread]: Command `dbt init` succeeded at 10:04:05.065109 after 200.28 seconds
[0m10:04:05.141152 [debug] [MainThread]: Sending event: {'category': 'dbt', 'action': 'invocation', 'label': 'end', 'context': [<snowplow_tracker.self_describing_json.SelfDescribingJson object at 0x000001B4E27F7B60>, <snowplow_tracker.self_describing_json.SelfDescribingJson object at 0x000001B4E2AED0D0>, <snowplow_tracker.self_describing_json.SelfDescribingJson object at 0x000001B4E2A1BF20>]}
[0m10:04:05.204952 [debug] [MainThread]: Flushing usage events
[0m10:04:06.980983 [debug] [MainThread]: An error was encountered while trying to flush usage events
