[2025-04-11T15:46:52.570+0000] {processor.py:186} INFO - Started process (PID=207) to work on /home/airflow/.local/lib/python3.12/site-packages/airflow/example_dags/example_dynamic_task_mapping.py
[2025-04-11T15:46:52.580+0000] {processor.py:914} INFO - Processing file /home/airflow/.local/lib/python3.12/site-packages/airflow/example_dags/example_dynamic_task_mapping.py for tasks to queue
[2025-04-11T15:46:52.597+0000] {logging_mixin.py:190} INFO - [2025-04-11T15:46:52.594+0000] {dagbag.py:588} INFO - Filling up the DagBag from /home/airflow/.local/lib/python3.12/site-packages/airflow/example_dags/example_dynamic_task_mapping.py
[2025-04-11T15:46:52.658+0000] {processor.py:925} INFO - DAG(s) 'example_dynamic_task_mapping' retrieved from /home/airflow/.local/lib/python3.12/site-packages/airflow/example_dags/example_dynamic_task_mapping.py
[2025-04-11T15:46:53.640+0000] {logging_mixin.py:190} INFO - [2025-04-11T15:46:53.639+0000] {override.py:1912} INFO - Created Permission View: can edit on DAG:example_dynamic_task_mapping
[2025-04-11T15:46:53.664+0000] {logging_mixin.py:190} INFO - [2025-04-11T15:46:53.662+0000] {override.py:1912} INFO - Created Permission View: can delete on DAG:example_dynamic_task_mapping
[2025-04-11T15:46:53.687+0000] {logging_mixin.py:190} INFO - [2025-04-11T15:46:53.684+0000] {override.py:1912} INFO - Created Permission View: can read on DAG:example_dynamic_task_mapping
[2025-04-11T15:46:53.712+0000] {logging_mixin.py:190} INFO - [2025-04-11T15:46:53.711+0000] {override.py:1912} INFO - Created Permission View: can create on DAG Run:example_dynamic_task_mapping
[2025-04-11T15:46:53.731+0000] {logging_mixin.py:190} INFO - [2025-04-11T15:46:53.731+0000] {override.py:1912} INFO - Created Permission View: menu access on DAG Run:example_dynamic_task_mapping
[2025-04-11T15:46:53.742+0000] {logging_mixin.py:190} INFO - [2025-04-11T15:46:53.741+0000] {override.py:1912} INFO - Created Permission View: can delete on DAG Run:example_dynamic_task_mapping
[2025-04-11T15:46:53.756+0000] {logging_mixin.py:190} INFO - [2025-04-11T15:46:53.756+0000] {override.py:1912} INFO - Created Permission View: can read on DAG Run:example_dynamic_task_mapping
[2025-04-11T15:46:53.757+0000] {logging_mixin.py:190} INFO - [2025-04-11T15:46:53.757+0000] {dag.py:3239} INFO - Sync 1 DAGs
[2025-04-11T15:46:53.777+0000] {logging_mixin.py:190} INFO - [2025-04-11T15:46:53.777+0000] {dag.py:3262} INFO - Creating ORM DAG for example_dynamic_task_mapping
[2025-04-11T15:46:53.779+0000] {logging_mixin.py:190} INFO - [2025-04-11T15:46:53.779+0000] {dag.py:4180} INFO - Setting next_dagrun for example_dynamic_task_mapping to None, run_after=None
[2025-04-11T15:46:53.806+0000] {processor.py:208} INFO - Processing /home/airflow/.local/lib/python3.12/site-packages/airflow/example_dags/example_dynamic_task_mapping.py took 1.265 seconds
[2025-04-11T15:47:33.097+0000] {processor.py:186} INFO - Started process (PID=513) to work on /home/airflow/.local/lib/python3.12/site-packages/airflow/example_dags/example_dynamic_task_mapping.py
[2025-04-11T15:47:33.100+0000] {processor.py:914} INFO - Processing file /home/airflow/.local/lib/python3.12/site-packages/airflow/example_dags/example_dynamic_task_mapping.py for tasks to queue
[2025-04-11T15:47:33.105+0000] {logging_mixin.py:190} INFO - [2025-04-11T15:47:33.104+0000] {dagbag.py:588} INFO - Filling up the DagBag from /home/airflow/.local/lib/python3.12/site-packages/airflow/example_dags/example_dynamic_task_mapping.py
[2025-04-11T15:47:33.119+0000] {processor.py:925} INFO - DAG(s) 'example_dynamic_task_mapping' retrieved from /home/airflow/.local/lib/python3.12/site-packages/airflow/example_dags/example_dynamic_task_mapping.py
[2025-04-11T15:47:33.152+0000] {logging_mixin.py:190} INFO - [2025-04-11T15:47:33.152+0000] {dag.py:3239} INFO - Sync 1 DAGs
[2025-04-11T15:47:33.188+0000] {logging_mixin.py:190} INFO - [2025-04-11T15:47:33.188+0000] {dag.py:4180} INFO - Setting next_dagrun for example_dynamic_task_mapping to None, run_after=None
[2025-04-11T15:47:33.241+0000] {processor.py:208} INFO - Processing /home/airflow/.local/lib/python3.12/site-packages/airflow/example_dags/example_dynamic_task_mapping.py took 0.157 seconds
[2025-04-11T15:48:03.979+0000] {processor.py:186} INFO - Started process (PID=814) to work on /home/airflow/.local/lib/python3.12/site-packages/airflow/example_dags/example_dynamic_task_mapping.py
[2025-04-11T15:48:03.981+0000] {processor.py:914} INFO - Processing file /home/airflow/.local/lib/python3.12/site-packages/airflow/example_dags/example_dynamic_task_mapping.py for tasks to queue
[2025-04-11T15:48:03.985+0000] {logging_mixin.py:190} INFO - [2025-04-11T15:48:03.984+0000] {dagbag.py:588} INFO - Filling up the DagBag from /home/airflow/.local/lib/python3.12/site-packages/airflow/example_dags/example_dynamic_task_mapping.py
[2025-04-11T15:48:04.000+0000] {processor.py:925} INFO - DAG(s) 'example_dynamic_task_mapping' retrieved from /home/airflow/.local/lib/python3.12/site-packages/airflow/example_dags/example_dynamic_task_mapping.py
[2025-04-11T15:48:04.037+0000] {logging_mixin.py:190} INFO - [2025-04-11T15:48:04.036+0000] {dag.py:3239} INFO - Sync 1 DAGs
[2025-04-11T15:48:04.075+0000] {logging_mixin.py:190} INFO - [2025-04-11T15:48:04.075+0000] {dag.py:4180} INFO - Setting next_dagrun for example_dynamic_task_mapping to None, run_after=None
[2025-04-11T15:48:04.113+0000] {processor.py:208} INFO - Processing /home/airflow/.local/lib/python3.12/site-packages/airflow/example_dags/example_dynamic_task_mapping.py took 0.144 seconds
[2025-04-11T15:48:34.511+0000] {processor.py:186} INFO - Started process (PID=1115) to work on /home/airflow/.local/lib/python3.12/site-packages/airflow/example_dags/example_dynamic_task_mapping.py
[2025-04-11T15:48:34.513+0000] {processor.py:914} INFO - Processing file /home/airflow/.local/lib/python3.12/site-packages/airflow/example_dags/example_dynamic_task_mapping.py for tasks to queue
[2025-04-11T15:48:34.519+0000] {logging_mixin.py:190} INFO - [2025-04-11T15:48:34.519+0000] {dagbag.py:588} INFO - Filling up the DagBag from /home/airflow/.local/lib/python3.12/site-packages/airflow/example_dags/example_dynamic_task_mapping.py
[2025-04-11T15:48:34.535+0000] {processor.py:925} INFO - DAG(s) 'example_dynamic_task_mapping' retrieved from /home/airflow/.local/lib/python3.12/site-packages/airflow/example_dags/example_dynamic_task_mapping.py
[2025-04-11T15:48:34.561+0000] {logging_mixin.py:190} INFO - [2025-04-11T15:48:34.561+0000] {dag.py:3239} INFO - Sync 1 DAGs
[2025-04-11T15:48:34.590+0000] {logging_mixin.py:190} INFO - [2025-04-11T15:48:34.589+0000] {dag.py:4180} INFO - Setting next_dagrun for example_dynamic_task_mapping to None, run_after=None
[2025-04-11T15:48:34.642+0000] {processor.py:208} INFO - Processing /home/airflow/.local/lib/python3.12/site-packages/airflow/example_dags/example_dynamic_task_mapping.py took 0.144 seconds
[2025-04-11T15:49:04.908+0000] {processor.py:186} INFO - Started process (PID=1416) to work on /home/airflow/.local/lib/python3.12/site-packages/airflow/example_dags/example_dynamic_task_mapping.py
[2025-04-11T15:49:04.910+0000] {processor.py:914} INFO - Processing file /home/airflow/.local/lib/python3.12/site-packages/airflow/example_dags/example_dynamic_task_mapping.py for tasks to queue
[2025-04-11T15:49:04.914+0000] {logging_mixin.py:190} INFO - [2025-04-11T15:49:04.913+0000] {dagbag.py:588} INFO - Filling up the DagBag from /home/airflow/.local/lib/python3.12/site-packages/airflow/example_dags/example_dynamic_task_mapping.py
[2025-04-11T15:49:04.926+0000] {processor.py:925} INFO - DAG(s) 'example_dynamic_task_mapping' retrieved from /home/airflow/.local/lib/python3.12/site-packages/airflow/example_dags/example_dynamic_task_mapping.py
[2025-04-11T15:49:04.954+0000] {logging_mixin.py:190} INFO - [2025-04-11T15:49:04.954+0000] {dag.py:3239} INFO - Sync 1 DAGs
[2025-04-11T15:49:04.976+0000] {logging_mixin.py:190} INFO - [2025-04-11T15:49:04.976+0000] {dag.py:4180} INFO - Setting next_dagrun for example_dynamic_task_mapping to None, run_after=None
[2025-04-11T15:49:05.000+0000] {processor.py:208} INFO - Processing /home/airflow/.local/lib/python3.12/site-packages/airflow/example_dags/example_dynamic_task_mapping.py took 0.099 seconds
