[2025-04-11T15:47:29.466+0000] {processor.py:186} INFO - Started process (PID=438) to work on /home/airflow/.local/lib/python3.12/site-packages/airflow/example_dags/example_python_operator.py
[2025-04-11T15:47:29.468+0000] {processor.py:914} INFO - Processing file /home/airflow/.local/lib/python3.12/site-packages/airflow/example_dags/example_python_operator.py for tasks to queue
[2025-04-11T15:47:29.481+0000] {logging_mixin.py:190} INFO - [2025-04-11T15:47:29.479+0000] {dagbag.py:588} INFO - Filling up the DagBag from /home/airflow/.local/lib/python3.12/site-packages/airflow/example_dags/example_python_operator.py
[2025-04-11T15:47:29.532+0000] {processor.py:925} INFO - DAG(s) 'example_python_operator' retrieved from /home/airflow/.local/lib/python3.12/site-packages/airflow/example_dags/example_python_operator.py
[2025-04-11T15:47:30.065+0000] {logging_mixin.py:190} INFO - [2025-04-11T15:47:30.064+0000] {override.py:1912} INFO - Created Permission View: can edit on DAG:example_python_operator
[2025-04-11T15:47:30.119+0000] {logging_mixin.py:190} INFO - [2025-04-11T15:47:30.119+0000] {override.py:1912} INFO - Created Permission View: can delete on DAG:example_python_operator
[2025-04-11T15:47:30.162+0000] {logging_mixin.py:190} INFO - [2025-04-11T15:47:30.162+0000] {override.py:1912} INFO - Created Permission View: can read on DAG:example_python_operator
[2025-04-11T15:47:30.196+0000] {logging_mixin.py:190} INFO - [2025-04-11T15:47:30.195+0000] {override.py:1912} INFO - Created Permission View: can create on DAG Run:example_python_operator
[2025-04-11T15:47:30.221+0000] {logging_mixin.py:190} INFO - [2025-04-11T15:47:30.220+0000] {override.py:1912} INFO - Created Permission View: menu access on DAG Run:example_python_operator
[2025-04-11T15:47:30.243+0000] {logging_mixin.py:190} INFO - [2025-04-11T15:47:30.243+0000] {override.py:1912} INFO - Created Permission View: can delete on DAG Run:example_python_operator
[2025-04-11T15:47:30.275+0000] {logging_mixin.py:190} INFO - [2025-04-11T15:47:30.274+0000] {override.py:1912} INFO - Created Permission View: can read on DAG Run:example_python_operator
[2025-04-11T15:47:30.278+0000] {logging_mixin.py:190} INFO - [2025-04-11T15:47:30.278+0000] {dag.py:3239} INFO - Sync 1 DAGs
[2025-04-11T15:47:30.319+0000] {logging_mixin.py:190} INFO - [2025-04-11T15:47:30.319+0000] {dag.py:3262} INFO - Creating ORM DAG for example_python_operator
[2025-04-11T15:47:30.321+0000] {logging_mixin.py:190} INFO - [2025-04-11T15:47:30.320+0000] {dag.py:4180} INFO - Setting next_dagrun for example_python_operator to None, run_after=None
[2025-04-11T15:47:30.357+0000] {processor.py:208} INFO - Processing /home/airflow/.local/lib/python3.12/site-packages/airflow/example_dags/example_python_operator.py took 0.910 seconds
[2025-04-11T15:48:00.866+0000] {processor.py:186} INFO - Started process (PID=739) to work on /home/airflow/.local/lib/python3.12/site-packages/airflow/example_dags/example_python_operator.py
[2025-04-11T15:48:00.867+0000] {processor.py:914} INFO - Processing file /home/airflow/.local/lib/python3.12/site-packages/airflow/example_dags/example_python_operator.py for tasks to queue
[2025-04-11T15:48:00.870+0000] {logging_mixin.py:190} INFO - [2025-04-11T15:48:00.870+0000] {dagbag.py:588} INFO - Filling up the DagBag from /home/airflow/.local/lib/python3.12/site-packages/airflow/example_dags/example_python_operator.py
[2025-04-11T15:48:00.891+0000] {processor.py:925} INFO - DAG(s) 'example_python_operator' retrieved from /home/airflow/.local/lib/python3.12/site-packages/airflow/example_dags/example_python_operator.py
[2025-04-11T15:48:00.931+0000] {logging_mixin.py:190} INFO - [2025-04-11T15:48:00.931+0000] {dag.py:3239} INFO - Sync 1 DAGs
[2025-04-11T15:48:00.955+0000] {logging_mixin.py:190} INFO - [2025-04-11T15:48:00.954+0000] {dag.py:4180} INFO - Setting next_dagrun for example_python_operator to None, run_after=None
[2025-04-11T15:48:00.983+0000] {processor.py:208} INFO - Processing /home/airflow/.local/lib/python3.12/site-packages/airflow/example_dags/example_python_operator.py took 0.125 seconds
[2025-04-11T15:48:31.215+0000] {processor.py:186} INFO - Started process (PID=1037) to work on /home/airflow/.local/lib/python3.12/site-packages/airflow/example_dags/example_python_operator.py
[2025-04-11T15:48:31.217+0000] {processor.py:914} INFO - Processing file /home/airflow/.local/lib/python3.12/site-packages/airflow/example_dags/example_python_operator.py for tasks to queue
[2025-04-11T15:48:31.220+0000] {logging_mixin.py:190} INFO - [2025-04-11T15:48:31.219+0000] {dagbag.py:588} INFO - Filling up the DagBag from /home/airflow/.local/lib/python3.12/site-packages/airflow/example_dags/example_python_operator.py
[2025-04-11T15:48:31.243+0000] {processor.py:925} INFO - DAG(s) 'example_python_operator' retrieved from /home/airflow/.local/lib/python3.12/site-packages/airflow/example_dags/example_python_operator.py
[2025-04-11T15:48:31.288+0000] {logging_mixin.py:190} INFO - [2025-04-11T15:48:31.287+0000] {dag.py:3239} INFO - Sync 1 DAGs
[2025-04-11T15:48:31.322+0000] {logging_mixin.py:190} INFO - [2025-04-11T15:48:31.321+0000] {dag.py:4180} INFO - Setting next_dagrun for example_python_operator to None, run_after=None
[2025-04-11T15:48:31.394+0000] {processor.py:208} INFO - Processing /home/airflow/.local/lib/python3.12/site-packages/airflow/example_dags/example_python_operator.py took 0.190 seconds
[2025-04-11T15:49:02.228+0000] {processor.py:186} INFO - Started process (PID=1338) to work on /home/airflow/.local/lib/python3.12/site-packages/airflow/example_dags/example_python_operator.py
[2025-04-11T15:49:02.232+0000] {processor.py:914} INFO - Processing file /home/airflow/.local/lib/python3.12/site-packages/airflow/example_dags/example_python_operator.py for tasks to queue
[2025-04-11T15:49:02.239+0000] {logging_mixin.py:190} INFO - [2025-04-11T15:49:02.238+0000] {dagbag.py:588} INFO - Filling up the DagBag from /home/airflow/.local/lib/python3.12/site-packages/airflow/example_dags/example_python_operator.py
[2025-04-11T15:49:02.281+0000] {processor.py:925} INFO - DAG(s) 'example_python_operator' retrieved from /home/airflow/.local/lib/python3.12/site-packages/airflow/example_dags/example_python_operator.py
[2025-04-11T15:49:02.364+0000] {logging_mixin.py:190} INFO - [2025-04-11T15:49:02.363+0000] {dag.py:3239} INFO - Sync 1 DAGs
[2025-04-11T15:49:02.440+0000] {logging_mixin.py:190} INFO - [2025-04-11T15:49:02.439+0000] {dag.py:4180} INFO - Setting next_dagrun for example_python_operator to None, run_after=None
[2025-04-11T15:49:02.507+0000] {processor.py:208} INFO - Processing /home/airflow/.local/lib/python3.12/site-packages/airflow/example_dags/example_python_operator.py took 0.290 seconds
[2025-04-11T15:49:34.628+0000] {processor.py:186} INFO - Started process (PID=1639) to work on /home/airflow/.local/lib/python3.12/site-packages/airflow/example_dags/example_python_operator.py
[2025-04-11T15:49:34.672+0000] {processor.py:914} INFO - Processing file /home/airflow/.local/lib/python3.12/site-packages/airflow/example_dags/example_python_operator.py for tasks to queue
[2025-04-11T15:49:34.694+0000] {logging_mixin.py:190} INFO - [2025-04-11T15:49:34.692+0000] {dagbag.py:588} INFO - Filling up the DagBag from /home/airflow/.local/lib/python3.12/site-packages/airflow/example_dags/example_python_operator.py
[2025-04-11T15:49:34.824+0000] {processor.py:925} INFO - DAG(s) 'example_python_operator' retrieved from /home/airflow/.local/lib/python3.12/site-packages/airflow/example_dags/example_python_operator.py
[2025-04-11T15:49:35.018+0000] {logging_mixin.py:190} INFO - [2025-04-11T15:49:35.017+0000] {dag.py:3239} INFO - Sync 1 DAGs
[2025-04-11T15:49:35.092+0000] {logging_mixin.py:190} INFO - [2025-04-11T15:49:35.092+0000] {dag.py:4180} INFO - Setting next_dagrun for example_python_operator to None, run_after=None
