[2025-04-11T15:47:21.682+0000] {processor.py:186} INFO - Started process (PID=337) to work on /home/airflow/.local/lib/python3.12/site-packages/airflow/example_dags/example_python_decorator.py
[2025-04-11T15:47:21.683+0000] {processor.py:914} INFO - Processing file /home/airflow/.local/lib/python3.12/site-packages/airflow/example_dags/example_python_decorator.py for tasks to queue
[2025-04-11T15:47:21.687+0000] {logging_mixin.py:190} INFO - [2025-04-11T15:47:21.686+0000] {dagbag.py:588} INFO - Filling up the DagBag from /home/airflow/.local/lib/python3.12/site-packages/airflow/example_dags/example_python_decorator.py
[2025-04-11T15:47:21.708+0000] {processor.py:925} INFO - DAG(s) 'example_python_decorator' retrieved from /home/airflow/.local/lib/python3.12/site-packages/airflow/example_dags/example_python_decorator.py
[2025-04-11T15:47:21.890+0000] {logging_mixin.py:190} INFO - [2025-04-11T15:47:21.888+0000] {override.py:1912} INFO - Created Permission View: can edit on DAG:example_python_decorator
[2025-04-11T15:47:21.903+0000] {logging_mixin.py:190} INFO - [2025-04-11T15:47:21.902+0000] {override.py:1912} INFO - Created Permission View: can delete on DAG:example_python_decorator
[2025-04-11T15:47:21.914+0000] {logging_mixin.py:190} INFO - [2025-04-11T15:47:21.913+0000] {override.py:1912} INFO - Created Permission View: can read on DAG:example_python_decorator
[2025-04-11T15:47:21.925+0000] {logging_mixin.py:190} INFO - [2025-04-11T15:47:21.924+0000] {override.py:1912} INFO - Created Permission View: can create on DAG Run:example_python_decorator
[2025-04-11T15:47:21.933+0000] {logging_mixin.py:190} INFO - [2025-04-11T15:47:21.933+0000] {override.py:1912} INFO - Created Permission View: menu access on DAG Run:example_python_decorator
[2025-04-11T15:47:21.942+0000] {logging_mixin.py:190} INFO - [2025-04-11T15:47:21.942+0000] {override.py:1912} INFO - Created Permission View: can delete on DAG Run:example_python_decorator
[2025-04-11T15:47:21.952+0000] {logging_mixin.py:190} INFO - [2025-04-11T15:47:21.952+0000] {override.py:1912} INFO - Created Permission View: can read on DAG Run:example_python_decorator
[2025-04-11T15:47:21.954+0000] {logging_mixin.py:190} INFO - [2025-04-11T15:47:21.954+0000] {dag.py:3239} INFO - Sync 1 DAGs
[2025-04-11T15:47:21.975+0000] {logging_mixin.py:190} INFO - [2025-04-11T15:47:21.974+0000] {dag.py:3262} INFO - Creating ORM DAG for example_python_decorator
[2025-04-11T15:47:21.975+0000] {logging_mixin.py:190} INFO - [2025-04-11T15:47:21.975+0000] {dag.py:4180} INFO - Setting next_dagrun for example_python_decorator to None, run_after=None
[2025-04-11T15:47:22.005+0000] {processor.py:208} INFO - Processing /home/airflow/.local/lib/python3.12/site-packages/airflow/example_dags/example_python_decorator.py took 0.334 seconds
[2025-04-11T15:47:52.716+0000] {processor.py:186} INFO - Started process (PID=638) to work on /home/airflow/.local/lib/python3.12/site-packages/airflow/example_dags/example_python_decorator.py
[2025-04-11T15:47:52.718+0000] {processor.py:914} INFO - Processing file /home/airflow/.local/lib/python3.12/site-packages/airflow/example_dags/example_python_decorator.py for tasks to queue
[2025-04-11T15:47:52.723+0000] {logging_mixin.py:190} INFO - [2025-04-11T15:47:52.722+0000] {dagbag.py:588} INFO - Filling up the DagBag from /home/airflow/.local/lib/python3.12/site-packages/airflow/example_dags/example_python_decorator.py
[2025-04-11T15:47:52.752+0000] {processor.py:925} INFO - DAG(s) 'example_python_decorator' retrieved from /home/airflow/.local/lib/python3.12/site-packages/airflow/example_dags/example_python_decorator.py
[2025-04-11T15:47:52.802+0000] {logging_mixin.py:190} INFO - [2025-04-11T15:47:52.802+0000] {dag.py:3239} INFO - Sync 1 DAGs
[2025-04-11T15:47:52.851+0000] {logging_mixin.py:190} INFO - [2025-04-11T15:47:52.851+0000] {dag.py:4180} INFO - Setting next_dagrun for example_python_decorator to None, run_after=None
[2025-04-11T15:47:52.917+0000] {processor.py:208} INFO - Processing /home/airflow/.local/lib/python3.12/site-packages/airflow/example_dags/example_python_decorator.py took 0.217 seconds
[2025-04-11T15:48:23.032+0000] {processor.py:186} INFO - Started process (PID=934) to work on /home/airflow/.local/lib/python3.12/site-packages/airflow/example_dags/example_python_decorator.py
[2025-04-11T15:48:23.033+0000] {processor.py:914} INFO - Processing file /home/airflow/.local/lib/python3.12/site-packages/airflow/example_dags/example_python_decorator.py for tasks to queue
[2025-04-11T15:48:23.036+0000] {logging_mixin.py:190} INFO - [2025-04-11T15:48:23.036+0000] {dagbag.py:588} INFO - Filling up the DagBag from /home/airflow/.local/lib/python3.12/site-packages/airflow/example_dags/example_python_decorator.py
[2025-04-11T15:48:23.057+0000] {processor.py:925} INFO - DAG(s) 'example_python_decorator' retrieved from /home/airflow/.local/lib/python3.12/site-packages/airflow/example_dags/example_python_decorator.py
[2025-04-11T15:48:23.090+0000] {logging_mixin.py:190} INFO - [2025-04-11T15:48:23.090+0000] {dag.py:3239} INFO - Sync 1 DAGs
[2025-04-11T15:48:23.111+0000] {logging_mixin.py:190} INFO - [2025-04-11T15:48:23.111+0000] {dag.py:4180} INFO - Setting next_dagrun for example_python_decorator to None, run_after=None
[2025-04-11T15:48:23.144+0000] {processor.py:208} INFO - Processing /home/airflow/.local/lib/python3.12/site-packages/airflow/example_dags/example_python_decorator.py took 0.119 seconds
[2025-04-11T15:48:54.347+0000] {processor.py:186} INFO - Started process (PID=1235) to work on /home/airflow/.local/lib/python3.12/site-packages/airflow/example_dags/example_python_decorator.py
[2025-04-11T15:48:54.348+0000] {processor.py:914} INFO - Processing file /home/airflow/.local/lib/python3.12/site-packages/airflow/example_dags/example_python_decorator.py for tasks to queue
[2025-04-11T15:48:54.351+0000] {logging_mixin.py:190} INFO - [2025-04-11T15:48:54.351+0000] {dagbag.py:588} INFO - Filling up the DagBag from /home/airflow/.local/lib/python3.12/site-packages/airflow/example_dags/example_python_decorator.py
[2025-04-11T15:48:54.369+0000] {processor.py:925} INFO - DAG(s) 'example_python_decorator' retrieved from /home/airflow/.local/lib/python3.12/site-packages/airflow/example_dags/example_python_decorator.py
[2025-04-11T15:48:54.397+0000] {logging_mixin.py:190} INFO - [2025-04-11T15:48:54.397+0000] {dag.py:3239} INFO - Sync 1 DAGs
[2025-04-11T15:48:54.416+0000] {logging_mixin.py:190} INFO - [2025-04-11T15:48:54.416+0000] {dag.py:4180} INFO - Setting next_dagrun for example_python_decorator to None, run_after=None
[2025-04-11T15:48:54.441+0000] {processor.py:208} INFO - Processing /home/airflow/.local/lib/python3.12/site-packages/airflow/example_dags/example_python_decorator.py took 0.102 seconds
[2025-04-11T15:49:25.823+0000] {processor.py:186} INFO - Started process (PID=1536) to work on /home/airflow/.local/lib/python3.12/site-packages/airflow/example_dags/example_python_decorator.py
[2025-04-11T15:49:25.824+0000] {processor.py:914} INFO - Processing file /home/airflow/.local/lib/python3.12/site-packages/airflow/example_dags/example_python_decorator.py for tasks to queue
[2025-04-11T15:49:25.827+0000] {logging_mixin.py:190} INFO - [2025-04-11T15:49:25.826+0000] {dagbag.py:588} INFO - Filling up the DagBag from /home/airflow/.local/lib/python3.12/site-packages/airflow/example_dags/example_python_decorator.py
[2025-04-11T15:49:25.843+0000] {processor.py:925} INFO - DAG(s) 'example_python_decorator' retrieved from /home/airflow/.local/lib/python3.12/site-packages/airflow/example_dags/example_python_decorator.py
[2025-04-11T15:49:25.866+0000] {logging_mixin.py:190} INFO - [2025-04-11T15:49:25.865+0000] {dag.py:3239} INFO - Sync 1 DAGs
[2025-04-11T15:49:25.884+0000] {logging_mixin.py:190} INFO - [2025-04-11T15:49:25.884+0000] {dag.py:4180} INFO - Setting next_dagrun for example_python_decorator to None, run_after=None
[2025-04-11T15:49:25.905+0000] {processor.py:208} INFO - Processing /home/airflow/.local/lib/python3.12/site-packages/airflow/example_dags/example_python_decorator.py took 0.088 seconds
