[2025-04-11T15:47:24.188+0000] {processor.py:186} INFO - Started process (PID=372) to work on /home/airflow/.local/lib/python3.12/site-packages/airflow/example_dags/example_branch_operator.py
[2025-04-11T15:47:24.190+0000] {processor.py:914} INFO - Processing file /home/airflow/.local/lib/python3.12/site-packages/airflow/example_dags/example_branch_operator.py for tasks to queue
[2025-04-11T15:47:24.193+0000] {logging_mixin.py:190} INFO - [2025-04-11T15:47:24.193+0000] {dagbag.py:588} INFO - Filling up the DagBag from /home/airflow/.local/lib/python3.12/site-packages/airflow/example_dags/example_branch_operator.py
[2025-04-11T15:47:24.247+0000] {processor.py:925} INFO - DAG(s) 'example_branch_operator' retrieved from /home/airflow/.local/lib/python3.12/site-packages/airflow/example_dags/example_branch_operator.py
[2025-04-11T15:47:24.665+0000] {logging_mixin.py:190} INFO - [2025-04-11T15:47:24.661+0000] {override.py:1912} INFO - Created Permission View: can edit on DAG:example_branch_operator
[2025-04-11T15:47:24.685+0000] {logging_mixin.py:190} INFO - [2025-04-11T15:47:24.684+0000] {override.py:1912} INFO - Created Permission View: can delete on DAG:example_branch_operator
[2025-04-11T15:47:24.697+0000] {logging_mixin.py:190} INFO - [2025-04-11T15:47:24.697+0000] {override.py:1912} INFO - Created Permission View: can read on DAG:example_branch_operator
[2025-04-11T15:47:24.707+0000] {logging_mixin.py:190} INFO - [2025-04-11T15:47:24.707+0000] {override.py:1912} INFO - Created Permission View: can create on DAG Run:example_branch_operator
[2025-04-11T15:47:24.718+0000] {logging_mixin.py:190} INFO - [2025-04-11T15:47:24.717+0000] {override.py:1912} INFO - Created Permission View: menu access on DAG Run:example_branch_operator
[2025-04-11T15:47:24.728+0000] {logging_mixin.py:190} INFO - [2025-04-11T15:47:24.728+0000] {override.py:1912} INFO - Created Permission View: can delete on DAG Run:example_branch_operator
[2025-04-11T15:47:24.738+0000] {logging_mixin.py:190} INFO - [2025-04-11T15:47:24.738+0000] {override.py:1912} INFO - Created Permission View: can read on DAG Run:example_branch_operator
[2025-04-11T15:47:24.739+0000] {logging_mixin.py:190} INFO - [2025-04-11T15:47:24.739+0000] {dag.py:3239} INFO - Sync 1 DAGs
[2025-04-11T15:47:24.777+0000] {logging_mixin.py:190} INFO - [2025-04-11T15:47:24.777+0000] {dag.py:3262} INFO - Creating ORM DAG for example_branch_operator
[2025-04-11T15:47:24.807+0000] {logging_mixin.py:190} INFO - [2025-04-11T15:47:24.807+0000] {dag.py:4180} INFO - Setting next_dagrun for example_branch_operator to 2025-04-10 00:00:00+00:00, run_after=2025-04-11 00:00:00+00:00
[2025-04-11T15:47:24.835+0000] {processor.py:208} INFO - Processing /home/airflow/.local/lib/python3.12/site-packages/airflow/example_dags/example_branch_operator.py took 0.660 seconds
[2025-04-11T15:47:55.822+0000] {processor.py:186} INFO - Started process (PID=673) to work on /home/airflow/.local/lib/python3.12/site-packages/airflow/example_dags/example_branch_operator.py
[2025-04-11T15:47:55.824+0000] {processor.py:914} INFO - Processing file /home/airflow/.local/lib/python3.12/site-packages/airflow/example_dags/example_branch_operator.py for tasks to queue
[2025-04-11T15:47:55.828+0000] {logging_mixin.py:190} INFO - [2025-04-11T15:47:55.827+0000] {dagbag.py:588} INFO - Filling up the DagBag from /home/airflow/.local/lib/python3.12/site-packages/airflow/example_dags/example_branch_operator.py
[2025-04-11T15:47:55.869+0000] {processor.py:925} INFO - DAG(s) 'example_branch_operator' retrieved from /home/airflow/.local/lib/python3.12/site-packages/airflow/example_dags/example_branch_operator.py
[2025-04-11T15:47:55.937+0000] {logging_mixin.py:190} INFO - [2025-04-11T15:47:55.936+0000] {dag.py:3239} INFO - Sync 1 DAGs
[2025-04-11T15:47:55.986+0000] {logging_mixin.py:190} INFO - [2025-04-11T15:47:55.985+0000] {dag.py:4180} INFO - Setting next_dagrun for example_branch_operator to 2025-04-10 00:00:00+00:00, run_after=2025-04-11 00:00:00+00:00
[2025-04-11T15:47:56.075+0000] {processor.py:208} INFO - Processing /home/airflow/.local/lib/python3.12/site-packages/airflow/example_dags/example_branch_operator.py took 0.264 seconds
[2025-04-11T15:48:26.260+0000] {processor.py:186} INFO - Started process (PID=980) to work on /home/airflow/.local/lib/python3.12/site-packages/airflow/example_dags/example_branch_operator.py
[2025-04-11T15:48:26.265+0000] {processor.py:914} INFO - Processing file /home/airflow/.local/lib/python3.12/site-packages/airflow/example_dags/example_branch_operator.py for tasks to queue
[2025-04-11T15:48:26.269+0000] {logging_mixin.py:190} INFO - [2025-04-11T15:48:26.269+0000] {dagbag.py:588} INFO - Filling up the DagBag from /home/airflow/.local/lib/python3.12/site-packages/airflow/example_dags/example_branch_operator.py
[2025-04-11T15:48:26.296+0000] {processor.py:925} INFO - DAG(s) 'example_branch_operator' retrieved from /home/airflow/.local/lib/python3.12/site-packages/airflow/example_dags/example_branch_operator.py
[2025-04-11T15:48:26.345+0000] {logging_mixin.py:190} INFO - [2025-04-11T15:48:26.344+0000] {dag.py:3239} INFO - Sync 1 DAGs
[2025-04-11T15:48:26.380+0000] {logging_mixin.py:190} INFO - [2025-04-11T15:48:26.378+0000] {dag.py:4180} INFO - Setting next_dagrun for example_branch_operator to 2025-04-10 00:00:00+00:00, run_after=2025-04-11 00:00:00+00:00
[2025-04-11T15:48:26.410+0000] {processor.py:208} INFO - Processing /home/airflow/.local/lib/python3.12/site-packages/airflow/example_dags/example_branch_operator.py took 0.169 seconds
[2025-04-11T15:48:56.613+0000] {processor.py:186} INFO - Started process (PID=1276) to work on /home/airflow/.local/lib/python3.12/site-packages/airflow/example_dags/example_branch_operator.py
[2025-04-11T15:48:56.616+0000] {processor.py:914} INFO - Processing file /home/airflow/.local/lib/python3.12/site-packages/airflow/example_dags/example_branch_operator.py for tasks to queue
[2025-04-11T15:48:56.621+0000] {logging_mixin.py:190} INFO - [2025-04-11T15:48:56.621+0000] {dagbag.py:588} INFO - Filling up the DagBag from /home/airflow/.local/lib/python3.12/site-packages/airflow/example_dags/example_branch_operator.py
[2025-04-11T15:48:56.688+0000] {processor.py:925} INFO - DAG(s) 'example_branch_operator' retrieved from /home/airflow/.local/lib/python3.12/site-packages/airflow/example_dags/example_branch_operator.py
[2025-04-11T15:48:56.765+0000] {logging_mixin.py:190} INFO - [2025-04-11T15:48:56.764+0000] {dag.py:3239} INFO - Sync 1 DAGs
[2025-04-11T15:48:56.824+0000] {logging_mixin.py:190} INFO - [2025-04-11T15:48:56.823+0000] {dag.py:4180} INFO - Setting next_dagrun for example_branch_operator to 2025-04-10 00:00:00+00:00, run_after=2025-04-11 00:00:00+00:00
[2025-04-11T15:48:56.855+0000] {processor.py:208} INFO - Processing /home/airflow/.local/lib/python3.12/site-packages/airflow/example_dags/example_branch_operator.py took 0.274 seconds
[2025-04-11T15:49:27.243+0000] {processor.py:186} INFO - Started process (PID=1574) to work on /home/airflow/.local/lib/python3.12/site-packages/airflow/example_dags/example_branch_operator.py
[2025-04-11T15:49:27.244+0000] {processor.py:914} INFO - Processing file /home/airflow/.local/lib/python3.12/site-packages/airflow/example_dags/example_branch_operator.py for tasks to queue
[2025-04-11T15:49:27.247+0000] {logging_mixin.py:190} INFO - [2025-04-11T15:49:27.246+0000] {dagbag.py:588} INFO - Filling up the DagBag from /home/airflow/.local/lib/python3.12/site-packages/airflow/example_dags/example_branch_operator.py
[2025-04-11T15:49:27.267+0000] {processor.py:925} INFO - DAG(s) 'example_branch_operator' retrieved from /home/airflow/.local/lib/python3.12/site-packages/airflow/example_dags/example_branch_operator.py
[2025-04-11T15:49:27.294+0000] {logging_mixin.py:190} INFO - [2025-04-11T15:49:27.294+0000] {dag.py:3239} INFO - Sync 1 DAGs
[2025-04-11T15:49:27.319+0000] {logging_mixin.py:190} INFO - [2025-04-11T15:49:27.319+0000] {dag.py:4180} INFO - Setting next_dagrun for example_branch_operator to 2025-04-10 00:00:00+00:00, run_after=2025-04-11 00:00:00+00:00
[2025-04-11T15:49:27.338+0000] {processor.py:208} INFO - Processing /home/airflow/.local/lib/python3.12/site-packages/airflow/example_dags/example_branch_operator.py took 0.101 seconds
