[2025-04-11T15:47:27.231+0000] {processor.py:186} INFO - Started process (PID=413) to work on /home/airflow/.local/lib/python3.12/site-packages/airflow/example_dags/example_latest_only.py
[2025-04-11T15:47:27.233+0000] {processor.py:914} INFO - Processing file /home/airflow/.local/lib/python3.12/site-packages/airflow/example_dags/example_latest_only.py for tasks to queue
[2025-04-11T15:47:27.237+0000] {logging_mixin.py:190} INFO - [2025-04-11T15:47:27.237+0000] {dagbag.py:588} INFO - Filling up the DagBag from /home/airflow/.local/lib/python3.12/site-packages/airflow/example_dags/example_latest_only.py
[2025-04-11T15:47:27.254+0000] {processor.py:925} INFO - DAG(s) 'latest_only' retrieved from /home/airflow/.local/lib/python3.12/site-packages/airflow/example_dags/example_latest_only.py
[2025-04-11T15:47:27.452+0000] {logging_mixin.py:190} INFO - [2025-04-11T15:47:27.451+0000] {override.py:1912} INFO - Created Permission View: can edit on DAG:latest_only
[2025-04-11T15:47:27.482+0000] {logging_mixin.py:190} INFO - [2025-04-11T15:47:27.481+0000] {override.py:1912} INFO - Created Permission View: can delete on DAG:latest_only
[2025-04-11T15:47:27.518+0000] {logging_mixin.py:190} INFO - [2025-04-11T15:47:27.513+0000] {override.py:1912} INFO - Created Permission View: can read on DAG:latest_only
[2025-04-11T15:47:27.585+0000] {logging_mixin.py:190} INFO - [2025-04-11T15:47:27.584+0000] {override.py:1912} INFO - Created Permission View: can create on DAG Run:latest_only
[2025-04-11T15:47:27.614+0000] {logging_mixin.py:190} INFO - [2025-04-11T15:47:27.613+0000] {override.py:1912} INFO - Created Permission View: menu access on DAG Run:latest_only
[2025-04-11T15:47:27.654+0000] {logging_mixin.py:190} INFO - [2025-04-11T15:47:27.653+0000] {override.py:1912} INFO - Created Permission View: can delete on DAG Run:latest_only
[2025-04-11T15:47:27.698+0000] {logging_mixin.py:190} INFO - [2025-04-11T15:47:27.697+0000] {override.py:1912} INFO - Created Permission View: can read on DAG Run:latest_only
[2025-04-11T15:47:27.701+0000] {logging_mixin.py:190} INFO - [2025-04-11T15:47:27.700+0000] {dag.py:3239} INFO - Sync 1 DAGs
[2025-04-11T15:47:27.758+0000] {logging_mixin.py:190} INFO - [2025-04-11T15:47:27.758+0000] {dag.py:3262} INFO - Creating ORM DAG for latest_only
[2025-04-11T15:47:27.781+0000] {logging_mixin.py:190} INFO - [2025-04-11T15:47:27.781+0000] {dag.py:4180} INFO - Setting next_dagrun for latest_only to 2025-04-11 08:00:00+00:00, run_after=2025-04-11 12:00:00+00:00
[2025-04-11T15:47:27.852+0000] {processor.py:208} INFO - Processing /home/airflow/.local/lib/python3.12/site-packages/airflow/example_dags/example_latest_only.py took 0.633 seconds
[2025-04-11T15:47:58.585+0000] {processor.py:186} INFO - Started process (PID=716) to work on /home/airflow/.local/lib/python3.12/site-packages/airflow/example_dags/example_latest_only.py
[2025-04-11T15:47:58.593+0000] {processor.py:914} INFO - Processing file /home/airflow/.local/lib/python3.12/site-packages/airflow/example_dags/example_latest_only.py for tasks to queue
[2025-04-11T15:47:58.596+0000] {logging_mixin.py:190} INFO - [2025-04-11T15:47:58.596+0000] {dagbag.py:588} INFO - Filling up the DagBag from /home/airflow/.local/lib/python3.12/site-packages/airflow/example_dags/example_latest_only.py
[2025-04-11T15:47:58.606+0000] {processor.py:925} INFO - DAG(s) 'latest_only' retrieved from /home/airflow/.local/lib/python3.12/site-packages/airflow/example_dags/example_latest_only.py
[2025-04-11T15:47:58.629+0000] {logging_mixin.py:190} INFO - [2025-04-11T15:47:58.629+0000] {dag.py:3239} INFO - Sync 1 DAGs
[2025-04-11T15:47:58.655+0000] {logging_mixin.py:190} INFO - [2025-04-11T15:47:58.655+0000] {dag.py:4180} INFO - Setting next_dagrun for latest_only to 2025-04-11 08:00:00+00:00, run_after=2025-04-11 12:00:00+00:00
[2025-04-11T15:47:58.675+0000] {processor.py:208} INFO - Processing /home/airflow/.local/lib/python3.12/site-packages/airflow/example_dags/example_latest_only.py took 0.096 seconds
[2025-04-11T15:48:29.432+0000] {processor.py:186} INFO - Started process (PID=1017) to work on /home/airflow/.local/lib/python3.12/site-packages/airflow/example_dags/example_latest_only.py
[2025-04-11T15:48:29.434+0000] {processor.py:914} INFO - Processing file /home/airflow/.local/lib/python3.12/site-packages/airflow/example_dags/example_latest_only.py for tasks to queue
[2025-04-11T15:48:29.438+0000] {logging_mixin.py:190} INFO - [2025-04-11T15:48:29.437+0000] {dagbag.py:588} INFO - Filling up the DagBag from /home/airflow/.local/lib/python3.12/site-packages/airflow/example_dags/example_latest_only.py
[2025-04-11T15:48:29.456+0000] {processor.py:925} INFO - DAG(s) 'latest_only' retrieved from /home/airflow/.local/lib/python3.12/site-packages/airflow/example_dags/example_latest_only.py
[2025-04-11T15:48:29.505+0000] {logging_mixin.py:190} INFO - [2025-04-11T15:48:29.505+0000] {dag.py:3239} INFO - Sync 1 DAGs
[2025-04-11T15:48:29.573+0000] {logging_mixin.py:190} INFO - [2025-04-11T15:48:29.573+0000] {dag.py:4180} INFO - Setting next_dagrun for latest_only to 2025-04-11 08:00:00+00:00, run_after=2025-04-11 12:00:00+00:00
[2025-04-11T15:48:29.640+0000] {processor.py:208} INFO - Processing /home/airflow/.local/lib/python3.12/site-packages/airflow/example_dags/example_latest_only.py took 0.219 seconds
[2025-04-11T15:48:59.888+0000] {processor.py:186} INFO - Started process (PID=1318) to work on /home/airflow/.local/lib/python3.12/site-packages/airflow/example_dags/example_latest_only.py
[2025-04-11T15:48:59.890+0000] {processor.py:914} INFO - Processing file /home/airflow/.local/lib/python3.12/site-packages/airflow/example_dags/example_latest_only.py for tasks to queue
[2025-04-11T15:48:59.893+0000] {logging_mixin.py:190} INFO - [2025-04-11T15:48:59.893+0000] {dagbag.py:588} INFO - Filling up the DagBag from /home/airflow/.local/lib/python3.12/site-packages/airflow/example_dags/example_latest_only.py
[2025-04-11T15:48:59.903+0000] {processor.py:925} INFO - DAG(s) 'latest_only' retrieved from /home/airflow/.local/lib/python3.12/site-packages/airflow/example_dags/example_latest_only.py
[2025-04-11T15:48:59.929+0000] {logging_mixin.py:190} INFO - [2025-04-11T15:48:59.929+0000] {dag.py:3239} INFO - Sync 1 DAGs
[2025-04-11T15:48:59.960+0000] {logging_mixin.py:190} INFO - [2025-04-11T15:48:59.960+0000] {dag.py:4180} INFO - Setting next_dagrun for latest_only to 2025-04-11 08:00:00+00:00, run_after=2025-04-11 12:00:00+00:00
[2025-04-11T15:48:59.988+0000] {processor.py:208} INFO - Processing /home/airflow/.local/lib/python3.12/site-packages/airflow/example_dags/example_latest_only.py took 0.107 seconds
[2025-04-11T15:49:30.053+0000] {processor.py:186} INFO - Started process (PID=1619) to work on /home/airflow/.local/lib/python3.12/site-packages/airflow/example_dags/example_latest_only.py
[2025-04-11T15:49:30.054+0000] {processor.py:914} INFO - Processing file /home/airflow/.local/lib/python3.12/site-packages/airflow/example_dags/example_latest_only.py for tasks to queue
[2025-04-11T15:49:30.057+0000] {logging_mixin.py:190} INFO - [2025-04-11T15:49:30.056+0000] {dagbag.py:588} INFO - Filling up the DagBag from /home/airflow/.local/lib/python3.12/site-packages/airflow/example_dags/example_latest_only.py
[2025-04-11T15:49:30.064+0000] {processor.py:925} INFO - DAG(s) 'latest_only' retrieved from /home/airflow/.local/lib/python3.12/site-packages/airflow/example_dags/example_latest_only.py
[2025-04-11T15:49:30.086+0000] {logging_mixin.py:190} INFO - [2025-04-11T15:49:30.086+0000] {dag.py:3239} INFO - Sync 1 DAGs
[2025-04-11T15:49:30.112+0000] {logging_mixin.py:190} INFO - [2025-04-11T15:49:30.112+0000] {dag.py:4180} INFO - Setting next_dagrun for latest_only to 2025-04-11 08:00:00+00:00, run_after=2025-04-11 12:00:00+00:00
[2025-04-11T15:49:30.132+0000] {processor.py:208} INFO - Processing /home/airflow/.local/lib/python3.12/site-packages/airflow/example_dags/example_latest_only.py took 0.085 seconds
