[2025-04-11T15:47:01.082+0000] {processor.py:186} INFO - Started process (PID=272) to work on /home/airflow/.local/lib/python3.12/site-packages/airflow/example_dags/example_sensor_decorator.py
[2025-04-11T15:47:01.083+0000] {processor.py:914} INFO - Processing file /home/airflow/.local/lib/python3.12/site-packages/airflow/example_dags/example_sensor_decorator.py for tasks to queue
[2025-04-11T15:47:01.089+0000] {logging_mixin.py:190} INFO - [2025-04-11T15:47:01.087+0000] {dagbag.py:588} INFO - Filling up the DagBag from /home/airflow/.local/lib/python3.12/site-packages/airflow/example_dags/example_sensor_decorator.py
[2025-04-11T15:47:01.106+0000] {processor.py:925} INFO - DAG(s) 'example_sensor_decorator' retrieved from /home/airflow/.local/lib/python3.12/site-packages/airflow/example_dags/example_sensor_decorator.py
[2025-04-11T15:47:01.308+0000] {logging_mixin.py:190} INFO - [2025-04-11T15:47:01.307+0000] {override.py:1912} INFO - Created Permission View: can edit on DAG:example_sensor_decorator
[2025-04-11T15:47:01.324+0000] {logging_mixin.py:190} INFO - [2025-04-11T15:47:01.323+0000] {override.py:1912} INFO - Created Permission View: can delete on DAG:example_sensor_decorator
[2025-04-11T15:47:01.335+0000] {logging_mixin.py:190} INFO - [2025-04-11T15:47:01.334+0000] {override.py:1912} INFO - Created Permission View: can read on DAG:example_sensor_decorator
[2025-04-11T15:47:01.347+0000] {logging_mixin.py:190} INFO - [2025-04-11T15:47:01.346+0000] {override.py:1912} INFO - Created Permission View: can create on DAG Run:example_sensor_decorator
[2025-04-11T15:47:01.359+0000] {logging_mixin.py:190} INFO - [2025-04-11T15:47:01.359+0000] {override.py:1912} INFO - Created Permission View: menu access on DAG Run:example_sensor_decorator
[2025-04-11T15:47:01.371+0000] {logging_mixin.py:190} INFO - [2025-04-11T15:47:01.370+0000] {override.py:1912} INFO - Created Permission View: can delete on DAG Run:example_sensor_decorator
[2025-04-11T15:47:01.387+0000] {logging_mixin.py:190} INFO - [2025-04-11T15:47:01.386+0000] {override.py:1912} INFO - Created Permission View: can read on DAG Run:example_sensor_decorator
[2025-04-11T15:47:01.388+0000] {logging_mixin.py:190} INFO - [2025-04-11T15:47:01.388+0000] {dag.py:3239} INFO - Sync 1 DAGs
[2025-04-11T15:47:01.416+0000] {logging_mixin.py:190} INFO - [2025-04-11T15:47:01.416+0000] {dag.py:3262} INFO - Creating ORM DAG for example_sensor_decorator
[2025-04-11T15:47:01.417+0000] {logging_mixin.py:190} INFO - [2025-04-11T15:47:01.417+0000] {dag.py:4180} INFO - Setting next_dagrun for example_sensor_decorator to None, run_after=None
[2025-04-11T15:47:01.443+0000] {processor.py:208} INFO - Processing /home/airflow/.local/lib/python3.12/site-packages/airflow/example_dags/example_sensor_decorator.py took 0.370 seconds
[2025-04-11T15:47:35.067+0000] {processor.py:186} INFO - Started process (PID=573) to work on /home/airflow/.local/lib/python3.12/site-packages/airflow/example_dags/example_sensor_decorator.py
[2025-04-11T15:47:35.070+0000] {processor.py:914} INFO - Processing file /home/airflow/.local/lib/python3.12/site-packages/airflow/example_dags/example_sensor_decorator.py for tasks to queue
[2025-04-11T15:47:35.083+0000] {logging_mixin.py:190} INFO - [2025-04-11T15:47:35.082+0000] {dagbag.py:588} INFO - Filling up the DagBag from /home/airflow/.local/lib/python3.12/site-packages/airflow/example_dags/example_sensor_decorator.py
[2025-04-11T15:47:35.105+0000] {processor.py:925} INFO - DAG(s) 'example_sensor_decorator' retrieved from /home/airflow/.local/lib/python3.12/site-packages/airflow/example_dags/example_sensor_decorator.py
[2025-04-11T15:47:35.148+0000] {logging_mixin.py:190} INFO - [2025-04-11T15:47:35.147+0000] {dag.py:3239} INFO - Sync 1 DAGs
[2025-04-11T15:47:35.194+0000] {logging_mixin.py:190} INFO - [2025-04-11T15:47:35.193+0000] {dag.py:4180} INFO - Setting next_dagrun for example_sensor_decorator to None, run_after=None
[2025-04-11T15:47:35.249+0000] {processor.py:208} INFO - Processing /home/airflow/.local/lib/python3.12/site-packages/airflow/example_dags/example_sensor_decorator.py took 0.200 seconds
[2025-04-11T15:48:06.516+0000] {processor.py:186} INFO - Started process (PID=874) to work on /home/airflow/.local/lib/python3.12/site-packages/airflow/example_dags/example_sensor_decorator.py
[2025-04-11T15:48:06.518+0000] {processor.py:914} INFO - Processing file /home/airflow/.local/lib/python3.12/site-packages/airflow/example_dags/example_sensor_decorator.py for tasks to queue
[2025-04-11T15:48:06.522+0000] {logging_mixin.py:190} INFO - [2025-04-11T15:48:06.522+0000] {dagbag.py:588} INFO - Filling up the DagBag from /home/airflow/.local/lib/python3.12/site-packages/airflow/example_dags/example_sensor_decorator.py
[2025-04-11T15:48:06.542+0000] {processor.py:925} INFO - DAG(s) 'example_sensor_decorator' retrieved from /home/airflow/.local/lib/python3.12/site-packages/airflow/example_dags/example_sensor_decorator.py
[2025-04-11T15:48:06.580+0000] {logging_mixin.py:190} INFO - [2025-04-11T15:48:06.579+0000] {dag.py:3239} INFO - Sync 1 DAGs
[2025-04-11T15:48:06.612+0000] {logging_mixin.py:190} INFO - [2025-04-11T15:48:06.611+0000] {dag.py:4180} INFO - Setting next_dagrun for example_sensor_decorator to None, run_after=None
[2025-04-11T15:48:06.671+0000] {processor.py:208} INFO - Processing /home/airflow/.local/lib/python3.12/site-packages/airflow/example_dags/example_sensor_decorator.py took 0.168 seconds
[2025-04-11T15:48:36.789+0000] {processor.py:186} INFO - Started process (PID=1172) to work on /home/airflow/.local/lib/python3.12/site-packages/airflow/example_dags/example_sensor_decorator.py
[2025-04-11T15:48:36.790+0000] {processor.py:914} INFO - Processing file /home/airflow/.local/lib/python3.12/site-packages/airflow/example_dags/example_sensor_decorator.py for tasks to queue
[2025-04-11T15:48:36.795+0000] {logging_mixin.py:190} INFO - [2025-04-11T15:48:36.794+0000] {dagbag.py:588} INFO - Filling up the DagBag from /home/airflow/.local/lib/python3.12/site-packages/airflow/example_dags/example_sensor_decorator.py
[2025-04-11T15:48:36.815+0000] {processor.py:925} INFO - DAG(s) 'example_sensor_decorator' retrieved from /home/airflow/.local/lib/python3.12/site-packages/airflow/example_dags/example_sensor_decorator.py
[2025-04-11T15:48:36.853+0000] {logging_mixin.py:190} INFO - [2025-04-11T15:48:36.853+0000] {dag.py:3239} INFO - Sync 1 DAGs
[2025-04-11T15:48:36.882+0000] {logging_mixin.py:190} INFO - [2025-04-11T15:48:36.881+0000] {dag.py:4180} INFO - Setting next_dagrun for example_sensor_decorator to None, run_after=None
[2025-04-11T15:48:36.925+0000] {processor.py:208} INFO - Processing /home/airflow/.local/lib/python3.12/site-packages/airflow/example_dags/example_sensor_decorator.py took 0.151 seconds
[2025-04-11T15:49:06.986+0000] {processor.py:186} INFO - Started process (PID=1473) to work on /home/airflow/.local/lib/python3.12/site-packages/airflow/example_dags/example_sensor_decorator.py
[2025-04-11T15:49:06.987+0000] {processor.py:914} INFO - Processing file /home/airflow/.local/lib/python3.12/site-packages/airflow/example_dags/example_sensor_decorator.py for tasks to queue
[2025-04-11T15:49:06.990+0000] {logging_mixin.py:190} INFO - [2025-04-11T15:49:06.989+0000] {dagbag.py:588} INFO - Filling up the DagBag from /home/airflow/.local/lib/python3.12/site-packages/airflow/example_dags/example_sensor_decorator.py
[2025-04-11T15:49:07.000+0000] {processor.py:925} INFO - DAG(s) 'example_sensor_decorator' retrieved from /home/airflow/.local/lib/python3.12/site-packages/airflow/example_dags/example_sensor_decorator.py
[2025-04-11T15:49:07.024+0000] {logging_mixin.py:190} INFO - [2025-04-11T15:49:07.023+0000] {dag.py:3239} INFO - Sync 1 DAGs
[2025-04-11T15:49:07.042+0000] {logging_mixin.py:190} INFO - [2025-04-11T15:49:07.042+0000] {dag.py:4180} INFO - Setting next_dagrun for example_sensor_decorator to None, run_after=None
[2025-04-11T15:49:07.064+0000] {processor.py:208} INFO - Processing /home/airflow/.local/lib/python3.12/site-packages/airflow/example_dags/example_sensor_decorator.py took 0.085 seconds
