[2025-04-11T15:47:02.276+0000] {processor.py:186} INFO - Started process (PID=287) to work on /home/airflow/.local/lib/python3.12/site-packages/airflow/example_dags/example_xcom.py
[2025-04-11T15:47:02.278+0000] {processor.py:914} INFO - Processing file /home/airflow/.local/lib/python3.12/site-packages/airflow/example_dags/example_xcom.py for tasks to queue
[2025-04-11T15:47:02.285+0000] {logging_mixin.py:190} INFO - [2025-04-11T15:47:02.284+0000] {dagbag.py:588} INFO - Filling up the DagBag from /home/airflow/.local/lib/python3.12/site-packages/airflow/example_dags/example_xcom.py
[2025-04-11T15:47:02.338+0000] {processor.py:925} INFO - DAG(s) 'example_xcom' retrieved from /home/airflow/.local/lib/python3.12/site-packages/airflow/example_dags/example_xcom.py
[2025-04-11T15:47:02.890+0000] {logging_mixin.py:190} INFO - [2025-04-11T15:47:02.888+0000] {override.py:1912} INFO - Created Permission View: can edit on DAG:example_xcom
[2025-04-11T15:47:02.918+0000] {logging_mixin.py:190} INFO - [2025-04-11T15:47:02.918+0000] {override.py:1912} INFO - Created Permission View: can delete on DAG:example_xcom
[2025-04-11T15:47:02.935+0000] {logging_mixin.py:190} INFO - [2025-04-11T15:47:02.935+0000] {override.py:1912} INFO - Created Permission View: can read on DAG:example_xcom
[2025-04-11T15:47:02.956+0000] {logging_mixin.py:190} INFO - [2025-04-11T15:47:02.955+0000] {override.py:1912} INFO - Created Permission View: can create on DAG Run:example_xcom
[2025-04-11T15:47:02.971+0000] {logging_mixin.py:190} INFO - [2025-04-11T15:47:02.970+0000] {override.py:1912} INFO - Created Permission View: menu access on DAG Run:example_xcom
[2025-04-11T15:47:03.006+0000] {logging_mixin.py:190} INFO - [2025-04-11T15:47:03.005+0000] {override.py:1912} INFO - Created Permission View: can delete on DAG Run:example_xcom
[2025-04-11T15:47:03.037+0000] {logging_mixin.py:190} INFO - [2025-04-11T15:47:03.036+0000] {override.py:1912} INFO - Created Permission View: can read on DAG Run:example_xcom
[2025-04-11T15:47:03.039+0000] {logging_mixin.py:190} INFO - [2025-04-11T15:47:03.038+0000] {dag.py:3239} INFO - Sync 1 DAGs
[2025-04-11T15:47:03.104+0000] {logging_mixin.py:190} INFO - [2025-04-11T15:47:03.104+0000] {dag.py:3262} INFO - Creating ORM DAG for example_xcom
[2025-04-11T15:47:03.133+0000] {logging_mixin.py:190} INFO - [2025-04-11T15:47:03.132+0000] {dag.py:4180} INFO - Setting next_dagrun for example_xcom to 2021-01-01 00:00:00+00:00, run_after=2021-01-01 00:00:00+00:00
[2025-04-11T15:47:03.189+0000] {processor.py:208} INFO - Processing /home/airflow/.local/lib/python3.12/site-packages/airflow/example_dags/example_xcom.py took 0.947 seconds
[2025-04-11T15:47:35.614+0000] {processor.py:186} INFO - Started process (PID=588) to work on /home/airflow/.local/lib/python3.12/site-packages/airflow/example_dags/example_xcom.py
[2025-04-11T15:47:35.616+0000] {processor.py:914} INFO - Processing file /home/airflow/.local/lib/python3.12/site-packages/airflow/example_dags/example_xcom.py for tasks to queue
[2025-04-11T15:47:35.620+0000] {logging_mixin.py:190} INFO - [2025-04-11T15:47:35.620+0000] {dagbag.py:588} INFO - Filling up the DagBag from /home/airflow/.local/lib/python3.12/site-packages/airflow/example_dags/example_xcom.py
[2025-04-11T15:47:35.635+0000] {processor.py:925} INFO - DAG(s) 'example_xcom' retrieved from /home/airflow/.local/lib/python3.12/site-packages/airflow/example_dags/example_xcom.py
[2025-04-11T15:47:35.666+0000] {logging_mixin.py:190} INFO - [2025-04-11T15:47:35.666+0000] {dag.py:3239} INFO - Sync 1 DAGs
[2025-04-11T15:47:35.701+0000] {logging_mixin.py:190} INFO - [2025-04-11T15:47:35.700+0000] {dag.py:4180} INFO - Setting next_dagrun for example_xcom to 2021-01-01 00:00:00+00:00, run_after=2021-01-01 00:00:00+00:00
[2025-04-11T15:47:35.732+0000] {processor.py:208} INFO - Processing /home/airflow/.local/lib/python3.12/site-packages/airflow/example_dags/example_xcom.py took 0.127 seconds
[2025-04-11T15:48:07.173+0000] {processor.py:186} INFO - Started process (PID=889) to work on /home/airflow/.local/lib/python3.12/site-packages/airflow/example_dags/example_xcom.py
[2025-04-11T15:48:07.175+0000] {processor.py:914} INFO - Processing file /home/airflow/.local/lib/python3.12/site-packages/airflow/example_dags/example_xcom.py for tasks to queue
[2025-04-11T15:48:07.182+0000] {logging_mixin.py:190} INFO - [2025-04-11T15:48:07.180+0000] {dagbag.py:588} INFO - Filling up the DagBag from /home/airflow/.local/lib/python3.12/site-packages/airflow/example_dags/example_xcom.py
[2025-04-11T15:48:07.212+0000] {processor.py:925} INFO - DAG(s) 'example_xcom' retrieved from /home/airflow/.local/lib/python3.12/site-packages/airflow/example_dags/example_xcom.py
[2025-04-11T15:48:07.261+0000] {logging_mixin.py:190} INFO - [2025-04-11T15:48:07.260+0000] {dag.py:3239} INFO - Sync 1 DAGs
[2025-04-11T15:48:07.362+0000] {logging_mixin.py:190} INFO - [2025-04-11T15:48:07.361+0000] {dag.py:4180} INFO - Setting next_dagrun for example_xcom to 2021-01-01 00:00:00+00:00, run_after=2021-01-01 00:00:00+00:00
[2025-04-11T15:48:07.401+0000] {processor.py:208} INFO - Processing /home/airflow/.local/lib/python3.12/site-packages/airflow/example_dags/example_xcom.py took 0.242 seconds
[2025-04-11T15:48:38.071+0000] {processor.py:186} INFO - Started process (PID=1192) to work on /home/airflow/.local/lib/python3.12/site-packages/airflow/example_dags/example_xcom.py
[2025-04-11T15:48:38.073+0000] {processor.py:914} INFO - Processing file /home/airflow/.local/lib/python3.12/site-packages/airflow/example_dags/example_xcom.py for tasks to queue
[2025-04-11T15:48:38.077+0000] {logging_mixin.py:190} INFO - [2025-04-11T15:48:38.077+0000] {dagbag.py:588} INFO - Filling up the DagBag from /home/airflow/.local/lib/python3.12/site-packages/airflow/example_dags/example_xcom.py
[2025-04-11T15:48:38.106+0000] {processor.py:925} INFO - DAG(s) 'example_xcom' retrieved from /home/airflow/.local/lib/python3.12/site-packages/airflow/example_dags/example_xcom.py
[2025-04-11T15:48:38.169+0000] {logging_mixin.py:190} INFO - [2025-04-11T15:48:38.169+0000] {dag.py:3239} INFO - Sync 1 DAGs
[2025-04-11T15:48:38.242+0000] {logging_mixin.py:190} INFO - [2025-04-11T15:48:38.241+0000] {dag.py:4180} INFO - Setting next_dagrun for example_xcom to 2021-01-01 00:00:00+00:00, run_after=2021-01-01 00:00:00+00:00
[2025-04-11T15:48:38.284+0000] {processor.py:208} INFO - Processing /home/airflow/.local/lib/python3.12/site-packages/airflow/example_dags/example_xcom.py took 0.228 seconds
[2025-04-11T15:49:08.337+0000] {processor.py:186} INFO - Started process (PID=1491) to work on /home/airflow/.local/lib/python3.12/site-packages/airflow/example_dags/example_xcom.py
[2025-04-11T15:49:08.338+0000] {processor.py:914} INFO - Processing file /home/airflow/.local/lib/python3.12/site-packages/airflow/example_dags/example_xcom.py for tasks to queue
[2025-04-11T15:49:08.341+0000] {logging_mixin.py:190} INFO - [2025-04-11T15:49:08.340+0000] {dagbag.py:588} INFO - Filling up the DagBag from /home/airflow/.local/lib/python3.12/site-packages/airflow/example_dags/example_xcom.py
[2025-04-11T15:49:08.356+0000] {processor.py:925} INFO - DAG(s) 'example_xcom' retrieved from /home/airflow/.local/lib/python3.12/site-packages/airflow/example_dags/example_xcom.py
[2025-04-11T15:49:08.380+0000] {logging_mixin.py:190} INFO - [2025-04-11T15:49:08.380+0000] {dag.py:3239} INFO - Sync 1 DAGs
[2025-04-11T15:49:08.407+0000] {logging_mixin.py:190} INFO - [2025-04-11T15:49:08.407+0000] {dag.py:4180} INFO - Setting next_dagrun for example_xcom to 2021-01-01 00:00:00+00:00, run_after=2021-01-01 00:00:00+00:00
[2025-04-11T15:49:08.428+0000] {processor.py:208} INFO - Processing /home/airflow/.local/lib/python3.12/site-packages/airflow/example_dags/example_xcom.py took 0.097 seconds
