[2025-04-11T15:47:23.621+0000] {processor.py:186} INFO - Started process (PID=367) to work on /home/airflow/.local/lib/python3.12/site-packages/airflow/example_dags/example_setup_teardown.py
[2025-04-11T15:47:23.622+0000] {processor.py:914} INFO - Processing file /home/airflow/.local/lib/python3.12/site-packages/airflow/example_dags/example_setup_teardown.py for tasks to queue
[2025-04-11T15:47:23.626+0000] {logging_mixin.py:190} INFO - [2025-04-11T15:47:23.626+0000] {dagbag.py:588} INFO - Filling up the DagBag from /home/airflow/.local/lib/python3.12/site-packages/airflow/example_dags/example_setup_teardown.py
[2025-04-11T15:47:23.642+0000] {processor.py:925} INFO - DAG(s) 'example_setup_teardown' retrieved from /home/airflow/.local/lib/python3.12/site-packages/airflow/example_dags/example_setup_teardown.py
[2025-04-11T15:47:23.895+0000] {logging_mixin.py:190} INFO - [2025-04-11T15:47:23.894+0000] {override.py:1912} INFO - Created Permission View: can edit on DAG:example_setup_teardown
[2025-04-11T15:47:23.936+0000] {logging_mixin.py:190} INFO - [2025-04-11T15:47:23.935+0000] {override.py:1912} INFO - Created Permission View: can delete on DAG:example_setup_teardown
[2025-04-11T15:47:23.947+0000] {logging_mixin.py:190} INFO - [2025-04-11T15:47:23.946+0000] {override.py:1912} INFO - Created Permission View: can read on DAG:example_setup_teardown
[2025-04-11T15:47:23.959+0000] {logging_mixin.py:190} INFO - [2025-04-11T15:47:23.958+0000] {override.py:1912} INFO - Created Permission View: can create on DAG Run:example_setup_teardown
[2025-04-11T15:47:23.976+0000] {logging_mixin.py:190} INFO - [2025-04-11T15:47:23.976+0000] {override.py:1912} INFO - Created Permission View: menu access on DAG Run:example_setup_teardown
[2025-04-11T15:47:24.014+0000] {logging_mixin.py:190} INFO - [2025-04-11T15:47:24.014+0000] {override.py:1912} INFO - Created Permission View: can delete on DAG Run:example_setup_teardown
[2025-04-11T15:47:24.038+0000] {logging_mixin.py:190} INFO - [2025-04-11T15:47:24.035+0000] {override.py:1912} INFO - Created Permission View: can read on DAG Run:example_setup_teardown
[2025-04-11T15:47:24.043+0000] {logging_mixin.py:190} INFO - [2025-04-11T15:47:24.041+0000] {dag.py:3239} INFO - Sync 1 DAGs
[2025-04-11T15:47:24.068+0000] {logging_mixin.py:190} INFO - [2025-04-11T15:47:24.068+0000] {dag.py:3262} INFO - Creating ORM DAG for example_setup_teardown
[2025-04-11T15:47:24.070+0000] {logging_mixin.py:190} INFO - [2025-04-11T15:47:24.069+0000] {dag.py:4180} INFO - Setting next_dagrun for example_setup_teardown to None, run_after=None
[2025-04-11T15:47:24.105+0000] {processor.py:208} INFO - Processing /home/airflow/.local/lib/python3.12/site-packages/airflow/example_dags/example_setup_teardown.py took 0.496 seconds
[2025-04-11T15:47:54.712+0000] {processor.py:186} INFO - Started process (PID=668) to work on /home/airflow/.local/lib/python3.12/site-packages/airflow/example_dags/example_setup_teardown.py
[2025-04-11T15:47:54.714+0000] {processor.py:914} INFO - Processing file /home/airflow/.local/lib/python3.12/site-packages/airflow/example_dags/example_setup_teardown.py for tasks to queue
[2025-04-11T15:47:54.716+0000] {logging_mixin.py:190} INFO - [2025-04-11T15:47:54.716+0000] {dagbag.py:588} INFO - Filling up the DagBag from /home/airflow/.local/lib/python3.12/site-packages/airflow/example_dags/example_setup_teardown.py
[2025-04-11T15:47:54.726+0000] {processor.py:925} INFO - DAG(s) 'example_setup_teardown' retrieved from /home/airflow/.local/lib/python3.12/site-packages/airflow/example_dags/example_setup_teardown.py
[2025-04-11T15:47:54.750+0000] {logging_mixin.py:190} INFO - [2025-04-11T15:47:54.750+0000] {dag.py:3239} INFO - Sync 1 DAGs
[2025-04-11T15:47:54.768+0000] {logging_mixin.py:190} INFO - [2025-04-11T15:47:54.767+0000] {dag.py:4180} INFO - Setting next_dagrun for example_setup_teardown to None, run_after=None
[2025-04-11T15:47:54.794+0000] {processor.py:208} INFO - Processing /home/airflow/.local/lib/python3.12/site-packages/airflow/example_dags/example_setup_teardown.py took 0.089 seconds
[2025-04-11T15:48:24.949+0000] {processor.py:186} INFO - Started process (PID=964) to work on /home/airflow/.local/lib/python3.12/site-packages/airflow/example_dags/example_setup_teardown.py
[2025-04-11T15:48:24.950+0000] {processor.py:914} INFO - Processing file /home/airflow/.local/lib/python3.12/site-packages/airflow/example_dags/example_setup_teardown.py for tasks to queue
[2025-04-11T15:48:24.953+0000] {logging_mixin.py:190} INFO - [2025-04-11T15:48:24.953+0000] {dagbag.py:588} INFO - Filling up the DagBag from /home/airflow/.local/lib/python3.12/site-packages/airflow/example_dags/example_setup_teardown.py
[2025-04-11T15:48:24.964+0000] {processor.py:925} INFO - DAG(s) 'example_setup_teardown' retrieved from /home/airflow/.local/lib/python3.12/site-packages/airflow/example_dags/example_setup_teardown.py
[2025-04-11T15:48:24.988+0000] {logging_mixin.py:190} INFO - [2025-04-11T15:48:24.987+0000] {dag.py:3239} INFO - Sync 1 DAGs
[2025-04-11T15:48:25.007+0000] {logging_mixin.py:190} INFO - [2025-04-11T15:48:25.007+0000] {dag.py:4180} INFO - Setting next_dagrun for example_setup_teardown to None, run_after=None
[2025-04-11T15:48:25.060+0000] {processor.py:208} INFO - Processing /home/airflow/.local/lib/python3.12/site-packages/airflow/example_dags/example_setup_teardown.py took 0.118 seconds
[2025-04-11T15:48:55.524+0000] {processor.py:186} INFO - Started process (PID=1265) to work on /home/airflow/.local/lib/python3.12/site-packages/airflow/example_dags/example_setup_teardown.py
[2025-04-11T15:48:55.526+0000] {processor.py:914} INFO - Processing file /home/airflow/.local/lib/python3.12/site-packages/airflow/example_dags/example_setup_teardown.py for tasks to queue
[2025-04-11T15:48:55.534+0000] {logging_mixin.py:190} INFO - [2025-04-11T15:48:55.533+0000] {dagbag.py:588} INFO - Filling up the DagBag from /home/airflow/.local/lib/python3.12/site-packages/airflow/example_dags/example_setup_teardown.py
[2025-04-11T15:48:55.552+0000] {processor.py:925} INFO - DAG(s) 'example_setup_teardown' retrieved from /home/airflow/.local/lib/python3.12/site-packages/airflow/example_dags/example_setup_teardown.py
[2025-04-11T15:48:55.591+0000] {logging_mixin.py:190} INFO - [2025-04-11T15:48:55.591+0000] {dag.py:3239} INFO - Sync 1 DAGs
[2025-04-11T15:48:55.631+0000] {logging_mixin.py:190} INFO - [2025-04-11T15:48:55.630+0000] {dag.py:4180} INFO - Setting next_dagrun for example_setup_teardown to None, run_after=None
[2025-04-11T15:48:55.675+0000] {processor.py:208} INFO - Processing /home/airflow/.local/lib/python3.12/site-packages/airflow/example_dags/example_setup_teardown.py took 0.169 seconds
[2025-04-11T15:49:26.165+0000] {processor.py:186} INFO - Started process (PID=1561) to work on /home/airflow/.local/lib/python3.12/site-packages/airflow/example_dags/example_setup_teardown.py
[2025-04-11T15:49:26.167+0000] {processor.py:914} INFO - Processing file /home/airflow/.local/lib/python3.12/site-packages/airflow/example_dags/example_setup_teardown.py for tasks to queue
[2025-04-11T15:49:26.170+0000] {logging_mixin.py:190} INFO - [2025-04-11T15:49:26.170+0000] {dagbag.py:588} INFO - Filling up the DagBag from /home/airflow/.local/lib/python3.12/site-packages/airflow/example_dags/example_setup_teardown.py
[2025-04-11T15:49:26.186+0000] {processor.py:925} INFO - DAG(s) 'example_setup_teardown' retrieved from /home/airflow/.local/lib/python3.12/site-packages/airflow/example_dags/example_setup_teardown.py
[2025-04-11T15:49:26.205+0000] {logging_mixin.py:190} INFO - [2025-04-11T15:49:26.205+0000] {dag.py:3239} INFO - Sync 1 DAGs
[2025-04-11T15:49:26.220+0000] {logging_mixin.py:190} INFO - [2025-04-11T15:49:26.220+0000] {dag.py:4180} INFO - Setting next_dagrun for example_setup_teardown to None, run_after=None
[2025-04-11T15:49:26.245+0000] {processor.py:208} INFO - Processing /home/airflow/.local/lib/python3.12/site-packages/airflow/example_dags/example_setup_teardown.py took 0.086 seconds
