[2025-04-11T15:47:31.197+0000] {processor.py:186} INFO - Started process (PID=458) to work on /home/airflow/.local/lib/python3.12/site-packages/airflow/example_dags/example_kubernetes_executor.py
[2025-04-11T15:47:31.214+0000] {processor.py:914} INFO - Processing file /home/airflow/.local/lib/python3.12/site-packages/airflow/example_dags/example_kubernetes_executor.py for tasks to queue
[2025-04-11T15:47:31.219+0000] {logging_mixin.py:190} INFO - [2025-04-11T15:47:31.219+0000] {dagbag.py:588} INFO - Filling up the DagBag from /home/airflow/.local/lib/python3.12/site-packages/airflow/example_dags/example_kubernetes_executor.py
[2025-04-11T15:47:31.264+0000] {processor.py:925} INFO - DAG(s) 'example_kubernetes_executor' retrieved from /home/airflow/.local/lib/python3.12/site-packages/airflow/example_dags/example_kubernetes_executor.py
[2025-04-11T15:47:31.488+0000] {logging_mixin.py:190} INFO - [2025-04-11T15:47:31.487+0000] {override.py:1912} INFO - Created Permission View: can edit on DAG:example_kubernetes_executor
[2025-04-11T15:47:31.506+0000] {logging_mixin.py:190} INFO - [2025-04-11T15:47:31.505+0000] {override.py:1912} INFO - Created Permission View: can delete on DAG:example_kubernetes_executor
[2025-04-11T15:47:31.531+0000] {logging_mixin.py:190} INFO - [2025-04-11T15:47:31.531+0000] {override.py:1912} INFO - Created Permission View: can read on DAG:example_kubernetes_executor
[2025-04-11T15:47:31.555+0000] {logging_mixin.py:190} INFO - [2025-04-11T15:47:31.554+0000] {override.py:1912} INFO - Created Permission View: can create on DAG Run:example_kubernetes_executor
[2025-04-11T15:47:31.579+0000] {logging_mixin.py:190} INFO - [2025-04-11T15:47:31.579+0000] {override.py:1912} INFO - Created Permission View: menu access on DAG Run:example_kubernetes_executor
[2025-04-11T15:47:31.602+0000] {logging_mixin.py:190} INFO - [2025-04-11T15:47:31.602+0000] {override.py:1912} INFO - Created Permission View: can delete on DAG Run:example_kubernetes_executor
[2025-04-11T15:47:31.614+0000] {logging_mixin.py:190} INFO - [2025-04-11T15:47:31.614+0000] {override.py:1912} INFO - Created Permission View: can read on DAG Run:example_kubernetes_executor
[2025-04-11T15:47:31.615+0000] {logging_mixin.py:190} INFO - [2025-04-11T15:47:31.615+0000] {dag.py:3239} INFO - Sync 1 DAGs
[2025-04-11T15:47:31.642+0000] {logging_mixin.py:190} INFO - [2025-04-11T15:47:31.642+0000] {dag.py:3262} INFO - Creating ORM DAG for example_kubernetes_executor
[2025-04-11T15:47:31.645+0000] {logging_mixin.py:190} INFO - [2025-04-11T15:47:31.644+0000] {dag.py:4180} INFO - Setting next_dagrun for example_kubernetes_executor to None, run_after=None
[2025-04-11T15:47:31.673+0000] {processor.py:208} INFO - Processing /home/airflow/.local/lib/python3.12/site-packages/airflow/example_dags/example_kubernetes_executor.py took 0.487 seconds
[2025-04-11T15:48:02.098+0000] {processor.py:186} INFO - Started process (PID=759) to work on /home/airflow/.local/lib/python3.12/site-packages/airflow/example_dags/example_kubernetes_executor.py
[2025-04-11T15:48:02.101+0000] {processor.py:914} INFO - Processing file /home/airflow/.local/lib/python3.12/site-packages/airflow/example_dags/example_kubernetes_executor.py for tasks to queue
[2025-04-11T15:48:02.108+0000] {logging_mixin.py:190} INFO - [2025-04-11T15:48:02.107+0000] {dagbag.py:588} INFO - Filling up the DagBag from /home/airflow/.local/lib/python3.12/site-packages/airflow/example_dags/example_kubernetes_executor.py
[2025-04-11T15:48:02.212+0000] {processor.py:925} INFO - DAG(s) 'example_kubernetes_executor' retrieved from /home/airflow/.local/lib/python3.12/site-packages/airflow/example_dags/example_kubernetes_executor.py
[2025-04-11T15:48:02.436+0000] {logging_mixin.py:190} INFO - [2025-04-11T15:48:02.429+0000] {dag.py:3239} INFO - Sync 1 DAGs
[2025-04-11T15:48:02.499+0000] {logging_mixin.py:190} INFO - [2025-04-11T15:48:02.499+0000] {dag.py:4180} INFO - Setting next_dagrun for example_kubernetes_executor to None, run_after=None
[2025-04-11T15:48:02.565+0000] {processor.py:208} INFO - Processing /home/airflow/.local/lib/python3.12/site-packages/airflow/example_dags/example_kubernetes_executor.py took 0.482 seconds
[2025-04-11T15:48:33.106+0000] {processor.py:186} INFO - Started process (PID=1060) to work on /home/airflow/.local/lib/python3.12/site-packages/airflow/example_dags/example_kubernetes_executor.py
[2025-04-11T15:48:33.107+0000] {processor.py:914} INFO - Processing file /home/airflow/.local/lib/python3.12/site-packages/airflow/example_dags/example_kubernetes_executor.py for tasks to queue
[2025-04-11T15:48:33.109+0000] {logging_mixin.py:190} INFO - [2025-04-11T15:48:33.109+0000] {dagbag.py:588} INFO - Filling up the DagBag from /home/airflow/.local/lib/python3.12/site-packages/airflow/example_dags/example_kubernetes_executor.py
[2025-04-11T15:48:33.125+0000] {processor.py:925} INFO - DAG(s) 'example_kubernetes_executor' retrieved from /home/airflow/.local/lib/python3.12/site-packages/airflow/example_dags/example_kubernetes_executor.py
[2025-04-11T15:48:33.154+0000] {logging_mixin.py:190} INFO - [2025-04-11T15:48:33.154+0000] {dag.py:3239} INFO - Sync 1 DAGs
[2025-04-11T15:48:33.169+0000] {logging_mixin.py:190} INFO - [2025-04-11T15:48:33.169+0000] {dag.py:4180} INFO - Setting next_dagrun for example_kubernetes_executor to None, run_after=None
[2025-04-11T15:48:33.193+0000] {processor.py:208} INFO - Processing /home/airflow/.local/lib/python3.12/site-packages/airflow/example_dags/example_kubernetes_executor.py took 0.094 seconds
[2025-04-11T15:49:03.860+0000] {processor.py:186} INFO - Started process (PID=1358) to work on /home/airflow/.local/lib/python3.12/site-packages/airflow/example_dags/example_kubernetes_executor.py
[2025-04-11T15:49:03.861+0000] {processor.py:914} INFO - Processing file /home/airflow/.local/lib/python3.12/site-packages/airflow/example_dags/example_kubernetes_executor.py for tasks to queue
[2025-04-11T15:49:03.865+0000] {logging_mixin.py:190} INFO - [2025-04-11T15:49:03.864+0000] {dagbag.py:588} INFO - Filling up the DagBag from /home/airflow/.local/lib/python3.12/site-packages/airflow/example_dags/example_kubernetes_executor.py
[2025-04-11T15:49:03.888+0000] {processor.py:925} INFO - DAG(s) 'example_kubernetes_executor' retrieved from /home/airflow/.local/lib/python3.12/site-packages/airflow/example_dags/example_kubernetes_executor.py
[2025-04-11T15:49:03.928+0000] {logging_mixin.py:190} INFO - [2025-04-11T15:49:03.927+0000] {dag.py:3239} INFO - Sync 1 DAGs
[2025-04-11T15:49:03.948+0000] {logging_mixin.py:190} INFO - [2025-04-11T15:49:03.948+0000] {dag.py:4180} INFO - Setting next_dagrun for example_kubernetes_executor to None, run_after=None
[2025-04-11T15:49:03.972+0000] {processor.py:208} INFO - Processing /home/airflow/.local/lib/python3.12/site-packages/airflow/example_dags/example_kubernetes_executor.py took 0.119 seconds
