[2025-04-11T15:46:57.768+0000] {processor.py:186} INFO - Started process (PID=237) to work on /home/airflow/.local/lib/python3.12/site-packages/airflow/example_dags/example_params_ui_tutorial.py
[2025-04-11T15:46:57.788+0000] {processor.py:914} INFO - Processing file /home/airflow/.local/lib/python3.12/site-packages/airflow/example_dags/example_params_ui_tutorial.py for tasks to queue
[2025-04-11T15:46:57.814+0000] {logging_mixin.py:190} INFO - [2025-04-11T15:46:57.813+0000] {dagbag.py:588} INFO - Filling up the DagBag from /home/airflow/.local/lib/python3.12/site-packages/airflow/example_dags/example_params_ui_tutorial.py
[2025-04-11T15:46:57.899+0000] {processor.py:925} INFO - DAG(s) 'example_params_ui_tutorial' retrieved from /home/airflow/.local/lib/python3.12/site-packages/airflow/example_dags/example_params_ui_tutorial.py
[2025-04-11T15:46:58.602+0000] {logging_mixin.py:190} INFO - [2025-04-11T15:46:58.599+0000] {override.py:1912} INFO - Created Permission View: can edit on DAG:example_params_ui_tutorial
[2025-04-11T15:46:58.635+0000] {logging_mixin.py:190} INFO - [2025-04-11T15:46:58.634+0000] {override.py:1912} INFO - Created Permission View: can delete on DAG:example_params_ui_tutorial
[2025-04-11T15:46:58.653+0000] {logging_mixin.py:190} INFO - [2025-04-11T15:46:58.652+0000] {override.py:1912} INFO - Created Permission View: can read on DAG:example_params_ui_tutorial
[2025-04-11T15:46:58.667+0000] {logging_mixin.py:190} INFO - [2025-04-11T15:46:58.667+0000] {override.py:1912} INFO - Created Permission View: can create on DAG Run:example_params_ui_tutorial
[2025-04-11T15:46:58.683+0000] {logging_mixin.py:190} INFO - [2025-04-11T15:46:58.682+0000] {override.py:1912} INFO - Created Permission View: menu access on DAG Run:example_params_ui_tutorial
[2025-04-11T15:46:58.698+0000] {logging_mixin.py:190} INFO - [2025-04-11T15:46:58.697+0000] {override.py:1912} INFO - Created Permission View: can delete on DAG Run:example_params_ui_tutorial
[2025-04-11T15:46:58.725+0000] {logging_mixin.py:190} INFO - [2025-04-11T15:46:58.724+0000] {override.py:1912} INFO - Created Permission View: can read on DAG Run:example_params_ui_tutorial
[2025-04-11T15:46:58.726+0000] {logging_mixin.py:190} INFO - [2025-04-11T15:46:58.726+0000] {dag.py:3239} INFO - Sync 1 DAGs
[2025-04-11T15:46:58.772+0000] {logging_mixin.py:190} INFO - [2025-04-11T15:46:58.772+0000] {dag.py:3262} INFO - Creating ORM DAG for example_params_ui_tutorial
[2025-04-11T15:46:58.775+0000] {logging_mixin.py:190} INFO - [2025-04-11T15:46:58.774+0000] {dag.py:4180} INFO - Setting next_dagrun for example_params_ui_tutorial to None, run_after=None
[2025-04-11T15:46:58.832+0000] {processor.py:208} INFO - Processing /home/airflow/.local/lib/python3.12/site-packages/airflow/example_dags/example_params_ui_tutorial.py took 1.112 seconds
[2025-04-11T15:47:33.866+0000] {processor.py:186} INFO - Started process (PID=538) to work on /home/airflow/.local/lib/python3.12/site-packages/airflow/example_dags/example_params_ui_tutorial.py
[2025-04-11T15:47:33.868+0000] {processor.py:914} INFO - Processing file /home/airflow/.local/lib/python3.12/site-packages/airflow/example_dags/example_params_ui_tutorial.py for tasks to queue
[2025-04-11T15:47:33.872+0000] {logging_mixin.py:190} INFO - [2025-04-11T15:47:33.872+0000] {dagbag.py:588} INFO - Filling up the DagBag from /home/airflow/.local/lib/python3.12/site-packages/airflow/example_dags/example_params_ui_tutorial.py
[2025-04-11T15:47:33.888+0000] {processor.py:925} INFO - DAG(s) 'example_params_ui_tutorial' retrieved from /home/airflow/.local/lib/python3.12/site-packages/airflow/example_dags/example_params_ui_tutorial.py
[2025-04-11T15:47:33.987+0000] {logging_mixin.py:190} INFO - [2025-04-11T15:47:33.987+0000] {dag.py:3239} INFO - Sync 1 DAGs
[2025-04-11T15:47:34.015+0000] {logging_mixin.py:190} INFO - [2025-04-11T15:47:34.014+0000] {dag.py:4180} INFO - Setting next_dagrun for example_params_ui_tutorial to None, run_after=None
[2025-04-11T15:47:34.082+0000] {processor.py:208} INFO - Processing /home/airflow/.local/lib/python3.12/site-packages/airflow/example_dags/example_params_ui_tutorial.py took 0.230 seconds
[2025-04-11T15:48:05.064+0000] {processor.py:186} INFO - Started process (PID=841) to work on /home/airflow/.local/lib/python3.12/site-packages/airflow/example_dags/example_params_ui_tutorial.py
[2025-04-11T15:48:05.069+0000] {processor.py:914} INFO - Processing file /home/airflow/.local/lib/python3.12/site-packages/airflow/example_dags/example_params_ui_tutorial.py for tasks to queue
[2025-04-11T15:48:05.078+0000] {logging_mixin.py:190} INFO - [2025-04-11T15:48:05.076+0000] {dagbag.py:588} INFO - Filling up the DagBag from /home/airflow/.local/lib/python3.12/site-packages/airflow/example_dags/example_params_ui_tutorial.py
[2025-04-11T15:48:05.110+0000] {processor.py:925} INFO - DAG(s) 'example_params_ui_tutorial' retrieved from /home/airflow/.local/lib/python3.12/site-packages/airflow/example_dags/example_params_ui_tutorial.py
[2025-04-11T15:48:05.342+0000] {logging_mixin.py:190} INFO - [2025-04-11T15:48:05.341+0000] {dag.py:3239} INFO - Sync 1 DAGs
[2025-04-11T15:48:05.415+0000] {logging_mixin.py:190} INFO - [2025-04-11T15:48:05.413+0000] {dag.py:4180} INFO - Setting next_dagrun for example_params_ui_tutorial to None, run_after=None
[2025-04-11T15:48:05.500+0000] {processor.py:208} INFO - Processing /home/airflow/.local/lib/python3.12/site-packages/airflow/example_dags/example_params_ui_tutorial.py took 0.451 seconds
[2025-04-11T15:48:35.711+0000] {processor.py:186} INFO - Started process (PID=1145) to work on /home/airflow/.local/lib/python3.12/site-packages/airflow/example_dags/example_params_ui_tutorial.py
[2025-04-11T15:48:35.716+0000] {processor.py:914} INFO - Processing file /home/airflow/.local/lib/python3.12/site-packages/airflow/example_dags/example_params_ui_tutorial.py for tasks to queue
[2025-04-11T15:48:35.721+0000] {logging_mixin.py:190} INFO - [2025-04-11T15:48:35.721+0000] {dagbag.py:588} INFO - Filling up the DagBag from /home/airflow/.local/lib/python3.12/site-packages/airflow/example_dags/example_params_ui_tutorial.py
[2025-04-11T15:48:35.753+0000] {processor.py:925} INFO - DAG(s) 'example_params_ui_tutorial' retrieved from /home/airflow/.local/lib/python3.12/site-packages/airflow/example_dags/example_params_ui_tutorial.py
[2025-04-11T15:48:35.943+0000] {logging_mixin.py:190} INFO - [2025-04-11T15:48:35.943+0000] {dag.py:3239} INFO - Sync 1 DAGs
[2025-04-11T15:48:36.055+0000] {logging_mixin.py:190} INFO - [2025-04-11T15:48:36.051+0000] {dag.py:4180} INFO - Setting next_dagrun for example_params_ui_tutorial to None, run_after=None
[2025-04-11T15:48:36.140+0000] {processor.py:208} INFO - Processing /home/airflow/.local/lib/python3.12/site-packages/airflow/example_dags/example_params_ui_tutorial.py took 0.445 seconds
[2025-04-11T15:49:06.470+0000] {processor.py:186} INFO - Started process (PID=1441) to work on /home/airflow/.local/lib/python3.12/site-packages/airflow/example_dags/example_params_ui_tutorial.py
[2025-04-11T15:49:06.471+0000] {processor.py:914} INFO - Processing file /home/airflow/.local/lib/python3.12/site-packages/airflow/example_dags/example_params_ui_tutorial.py for tasks to queue
[2025-04-11T15:49:06.474+0000] {logging_mixin.py:190} INFO - [2025-04-11T15:49:06.473+0000] {dagbag.py:588} INFO - Filling up the DagBag from /home/airflow/.local/lib/python3.12/site-packages/airflow/example_dags/example_params_ui_tutorial.py
[2025-04-11T15:49:06.483+0000] {processor.py:925} INFO - DAG(s) 'example_params_ui_tutorial' retrieved from /home/airflow/.local/lib/python3.12/site-packages/airflow/example_dags/example_params_ui_tutorial.py
[2025-04-11T15:49:06.534+0000] {logging_mixin.py:190} INFO - [2025-04-11T15:49:06.534+0000] {dag.py:3239} INFO - Sync 1 DAGs
[2025-04-11T15:49:06.551+0000] {logging_mixin.py:190} INFO - [2025-04-11T15:49:06.551+0000] {dag.py:4180} INFO - Setting next_dagrun for example_params_ui_tutorial to None, run_after=None
[2025-04-11T15:49:06.577+0000] {processor.py:208} INFO - Processing /home/airflow/.local/lib/python3.12/site-packages/airflow/example_dags/example_params_ui_tutorial.py took 0.113 seconds
