[2025-04-11T15:47:00.114+0000] {processor.py:186} INFO - Started process (PID=262) to work on /home/airflow/.local/lib/python3.12/site-packages/airflow/example_dags/example_dag_decorator.py
[2025-04-11T15:47:00.116+0000] {processor.py:914} INFO - Processing file /home/airflow/.local/lib/python3.12/site-packages/airflow/example_dags/example_dag_decorator.py for tasks to queue
[2025-04-11T15:47:00.121+0000] {logging_mixin.py:190} INFO - [2025-04-11T15:47:00.120+0000] {dagbag.py:588} INFO - Filling up the DagBag from /home/airflow/.local/lib/python3.12/site-packages/airflow/example_dags/example_dag_decorator.py
[2025-04-11T15:47:01.348+0000] {processor.py:925} INFO - DAG(s) 'example_dag_decorator' retrieved from /home/airflow/.local/lib/python3.12/site-packages/airflow/example_dags/example_dag_decorator.py
[2025-04-11T15:47:01.560+0000] {logging_mixin.py:190} INFO - [2025-04-11T15:47:01.559+0000] {override.py:1912} INFO - Created Permission View: can edit on DAG:example_dag_decorator
[2025-04-11T15:47:01.580+0000] {logging_mixin.py:190} INFO - [2025-04-11T15:47:01.580+0000] {override.py:1912} INFO - Created Permission View: can delete on DAG:example_dag_decorator
[2025-04-11T15:47:01.593+0000] {logging_mixin.py:190} INFO - [2025-04-11T15:47:01.593+0000] {override.py:1912} INFO - Created Permission View: can read on DAG:example_dag_decorator
[2025-04-11T15:47:01.606+0000] {logging_mixin.py:190} INFO - [2025-04-11T15:47:01.605+0000] {override.py:1912} INFO - Created Permission View: can create on DAG Run:example_dag_decorator
[2025-04-11T15:47:01.620+0000] {logging_mixin.py:190} INFO - [2025-04-11T15:47:01.619+0000] {override.py:1912} INFO - Created Permission View: menu access on DAG Run:example_dag_decorator
[2025-04-11T15:47:01.635+0000] {logging_mixin.py:190} INFO - [2025-04-11T15:47:01.634+0000] {override.py:1912} INFO - Created Permission View: can delete on DAG Run:example_dag_decorator
[2025-04-11T15:47:01.647+0000] {logging_mixin.py:190} INFO - [2025-04-11T15:47:01.646+0000] {override.py:1912} INFO - Created Permission View: can read on DAG Run:example_dag_decorator
[2025-04-11T15:47:01.648+0000] {logging_mixin.py:190} INFO - [2025-04-11T15:47:01.647+0000] {dag.py:3239} INFO - Sync 1 DAGs
[2025-04-11T15:47:01.676+0000] {logging_mixin.py:190} INFO - [2025-04-11T15:47:01.675+0000] {dag.py:3262} INFO - Creating ORM DAG for example_dag_decorator
[2025-04-11T15:47:01.678+0000] {logging_mixin.py:190} INFO - [2025-04-11T15:47:01.677+0000] {dag.py:4180} INFO - Setting next_dagrun for example_dag_decorator to None, run_after=None
[2025-04-11T15:47:01.708+0000] {processor.py:208} INFO - Processing /home/airflow/.local/lib/python3.12/site-packages/airflow/example_dags/example_dag_decorator.py took 1.607 seconds
[2025-04-11T15:47:34.575+0000] {processor.py:186} INFO - Started process (PID=565) to work on /home/airflow/.local/lib/python3.12/site-packages/airflow/example_dags/example_dag_decorator.py
[2025-04-11T15:47:34.579+0000] {processor.py:914} INFO - Processing file /home/airflow/.local/lib/python3.12/site-packages/airflow/example_dags/example_dag_decorator.py for tasks to queue
[2025-04-11T15:47:34.582+0000] {logging_mixin.py:190} INFO - [2025-04-11T15:47:34.581+0000] {dagbag.py:588} INFO - Filling up the DagBag from /home/airflow/.local/lib/python3.12/site-packages/airflow/example_dags/example_dag_decorator.py
[2025-04-11T15:47:34.739+0000] {processor.py:925} INFO - DAG(s) 'example_dag_decorator' retrieved from /home/airflow/.local/lib/python3.12/site-packages/airflow/example_dags/example_dag_decorator.py
[2025-04-11T15:47:34.925+0000] {logging_mixin.py:190} INFO - [2025-04-11T15:47:34.924+0000] {dag.py:3239} INFO - Sync 1 DAGs
[2025-04-11T15:47:34.949+0000] {logging_mixin.py:190} INFO - [2025-04-11T15:47:34.949+0000] {dag.py:4180} INFO - Setting next_dagrun for example_dag_decorator to None, run_after=None
[2025-04-11T15:47:34.989+0000] {processor.py:208} INFO - Processing /home/airflow/.local/lib/python3.12/site-packages/airflow/example_dags/example_dag_decorator.py took 0.424 seconds
[2025-04-11T15:48:06.066+0000] {processor.py:186} INFO - Started process (PID=864) to work on /home/airflow/.local/lib/python3.12/site-packages/airflow/example_dags/example_dag_decorator.py
[2025-04-11T15:48:06.070+0000] {processor.py:914} INFO - Processing file /home/airflow/.local/lib/python3.12/site-packages/airflow/example_dags/example_dag_decorator.py for tasks to queue
[2025-04-11T15:48:06.075+0000] {logging_mixin.py:190} INFO - [2025-04-11T15:48:06.074+0000] {dagbag.py:588} INFO - Filling up the DagBag from /home/airflow/.local/lib/python3.12/site-packages/airflow/example_dags/example_dag_decorator.py
[2025-04-11T15:48:06.400+0000] {processor.py:925} INFO - DAG(s) 'example_dag_decorator' retrieved from /home/airflow/.local/lib/python3.12/site-packages/airflow/example_dags/example_dag_decorator.py
[2025-04-11T15:48:06.677+0000] {logging_mixin.py:190} INFO - [2025-04-11T15:48:06.676+0000] {dag.py:3239} INFO - Sync 1 DAGs
[2025-04-11T15:48:06.711+0000] {logging_mixin.py:190} INFO - [2025-04-11T15:48:06.711+0000] {dag.py:4180} INFO - Setting next_dagrun for example_dag_decorator to None, run_after=None
[2025-04-11T15:48:06.769+0000] {processor.py:208} INFO - Processing /home/airflow/.local/lib/python3.12/site-packages/airflow/example_dags/example_dag_decorator.py took 0.719 seconds
[2025-04-11T15:48:37.007+0000] {processor.py:186} INFO - Started process (PID=1177) to work on /home/airflow/.local/lib/python3.12/site-packages/airflow/example_dags/example_dag_decorator.py
[2025-04-11T15:48:37.009+0000] {processor.py:914} INFO - Processing file /home/airflow/.local/lib/python3.12/site-packages/airflow/example_dags/example_dag_decorator.py for tasks to queue
[2025-04-11T15:48:37.016+0000] {logging_mixin.py:190} INFO - [2025-04-11T15:48:37.013+0000] {dagbag.py:588} INFO - Filling up the DagBag from /home/airflow/.local/lib/python3.12/site-packages/airflow/example_dags/example_dag_decorator.py
[2025-04-11T15:48:37.283+0000] {processor.py:925} INFO - DAG(s) 'example_dag_decorator' retrieved from /home/airflow/.local/lib/python3.12/site-packages/airflow/example_dags/example_dag_decorator.py
[2025-04-11T15:48:37.570+0000] {logging_mixin.py:190} INFO - [2025-04-11T15:48:37.569+0000] {dag.py:3239} INFO - Sync 1 DAGs
[2025-04-11T15:48:37.604+0000] {logging_mixin.py:190} INFO - [2025-04-11T15:48:37.603+0000] {dag.py:4180} INFO - Setting next_dagrun for example_dag_decorator to None, run_after=None
[2025-04-11T15:48:37.670+0000] {processor.py:208} INFO - Processing /home/airflow/.local/lib/python3.12/site-packages/airflow/example_dags/example_dag_decorator.py took 0.673 seconds
[2025-04-11T15:49:07.997+0000] {processor.py:186} INFO - Started process (PID=1478) to work on /home/airflow/.local/lib/python3.12/site-packages/airflow/example_dags/example_dag_decorator.py
[2025-04-11T15:49:07.998+0000] {processor.py:914} INFO - Processing file /home/airflow/.local/lib/python3.12/site-packages/airflow/example_dags/example_dag_decorator.py for tasks to queue
[2025-04-11T15:49:08.000+0000] {logging_mixin.py:190} INFO - [2025-04-11T15:49:08.000+0000] {dagbag.py:588} INFO - Filling up the DagBag from /home/airflow/.local/lib/python3.12/site-packages/airflow/example_dags/example_dag_decorator.py
[2025-04-11T15:49:08.126+0000] {processor.py:925} INFO - DAG(s) 'example_dag_decorator' retrieved from /home/airflow/.local/lib/python3.12/site-packages/airflow/example_dags/example_dag_decorator.py
[2025-04-11T15:49:08.254+0000] {logging_mixin.py:190} INFO - [2025-04-11T15:49:08.254+0000] {dag.py:3239} INFO - Sync 1 DAGs
[2025-04-11T15:49:08.269+0000] {logging_mixin.py:190} INFO - [2025-04-11T15:49:08.269+0000] {dag.py:4180} INFO - Setting next_dagrun for example_dag_decorator to None, run_after=None
[2025-04-11T15:49:08.295+0000] {processor.py:208} INFO - Processing /home/airflow/.local/lib/python3.12/site-packages/airflow/example_dags/example_dag_decorator.py took 0.304 seconds
