[2025-04-11T15:47:06.003+0000] {processor.py:186} INFO - Started process (PID=322) to work on /home/airflow/.local/lib/python3.12/site-packages/airflow/example_dags/example_dataset_alias_with_no_taskflow.py
[2025-04-11T15:47:06.007+0000] {processor.py:914} INFO - Processing file /home/airflow/.local/lib/python3.12/site-packages/airflow/example_dags/example_dataset_alias_with_no_taskflow.py for tasks to queue
[2025-04-11T15:47:06.016+0000] {logging_mixin.py:190} INFO - [2025-04-11T15:47:06.016+0000] {dagbag.py:588} INFO - Filling up the DagBag from /home/airflow/.local/lib/python3.12/site-packages/airflow/example_dags/example_dataset_alias_with_no_taskflow.py
[2025-04-11T15:47:12.621+0000] {processor.py:925} INFO - DAG(s) 'dataset_alias_example_alias_producer_with_no_taskflow', 'dataset_s3_bucket_producer_with_no_taskflow', 'dataset_alias_example_alias_consumer_with_no_taskflow', 'dataset_s3_bucket_consumer_with_no_taskflow' retrieved from /home/airflow/.local/lib/python3.12/site-packages/airflow/example_dags/example_dataset_alias_with_no_taskflow.py
[2025-04-11T15:47:18.616+0000] {logging_mixin.py:190} INFO - [2025-04-11T15:47:18.614+0000] {override.py:1912} INFO - Created Permission View: can edit on DAG:dataset_alias_example_alias_producer_with_no_taskflow
[2025-04-11T15:47:18.662+0000] {logging_mixin.py:190} INFO - [2025-04-11T15:47:18.661+0000] {override.py:1912} INFO - Created Permission View: can delete on DAG:dataset_alias_example_alias_producer_with_no_taskflow
[2025-04-11T15:47:18.706+0000] {logging_mixin.py:190} INFO - [2025-04-11T15:47:18.705+0000] {override.py:1912} INFO - Created Permission View: can read on DAG:dataset_alias_example_alias_producer_with_no_taskflow
[2025-04-11T15:47:18.773+0000] {logging_mixin.py:190} INFO - [2025-04-11T15:47:18.772+0000] {override.py:1912} INFO - Created Permission View: can create on DAG Run:dataset_alias_example_alias_producer_with_no_taskflow
[2025-04-11T15:47:18.886+0000] {logging_mixin.py:190} INFO - [2025-04-11T15:47:18.885+0000] {override.py:1912} INFO - Created Permission View: menu access on DAG Run:dataset_alias_example_alias_producer_with_no_taskflow
[2025-04-11T15:47:18.967+0000] {logging_mixin.py:190} INFO - [2025-04-11T15:47:18.966+0000] {override.py:1912} INFO - Created Permission View: can delete on DAG Run:dataset_alias_example_alias_producer_with_no_taskflow
[2025-04-11T15:47:19.031+0000] {logging_mixin.py:190} INFO - [2025-04-11T15:47:19.030+0000] {override.py:1912} INFO - Created Permission View: can read on DAG Run:dataset_alias_example_alias_producer_with_no_taskflow
[2025-04-11T15:47:19.124+0000] {logging_mixin.py:190} INFO - [2025-04-11T15:47:19.123+0000] {override.py:1912} INFO - Created Permission View: can edit on DAG:dataset_s3_bucket_producer_with_no_taskflow
[2025-04-11T15:47:19.145+0000] {logging_mixin.py:190} INFO - [2025-04-11T15:47:19.144+0000] {override.py:1912} INFO - Created Permission View: can delete on DAG:dataset_s3_bucket_producer_with_no_taskflow
[2025-04-11T15:47:19.161+0000] {logging_mixin.py:190} INFO - [2025-04-11T15:47:19.159+0000] {override.py:1912} INFO - Created Permission View: can read on DAG:dataset_s3_bucket_producer_with_no_taskflow
[2025-04-11T15:47:19.181+0000] {logging_mixin.py:190} INFO - [2025-04-11T15:47:19.181+0000] {override.py:1912} INFO - Created Permission View: can create on DAG Run:dataset_s3_bucket_producer_with_no_taskflow
[2025-04-11T15:47:19.201+0000] {logging_mixin.py:190} INFO - [2025-04-11T15:47:19.200+0000] {override.py:1912} INFO - Created Permission View: menu access on DAG Run:dataset_s3_bucket_producer_with_no_taskflow
[2025-04-11T15:47:19.217+0000] {logging_mixin.py:190} INFO - [2025-04-11T15:47:19.216+0000] {override.py:1912} INFO - Created Permission View: can delete on DAG Run:dataset_s3_bucket_producer_with_no_taskflow
[2025-04-11T15:47:19.267+0000] {logging_mixin.py:190} INFO - [2025-04-11T15:47:19.267+0000] {override.py:1912} INFO - Created Permission View: can read on DAG Run:dataset_s3_bucket_producer_with_no_taskflow
[2025-04-11T15:47:19.362+0000] {logging_mixin.py:190} INFO - [2025-04-11T15:47:19.361+0000] {override.py:1912} INFO - Created Permission View: can edit on DAG:dataset_alias_example_alias_consumer_with_no_taskflow
[2025-04-11T15:47:19.379+0000] {logging_mixin.py:190} INFO - [2025-04-11T15:47:19.378+0000] {override.py:1912} INFO - Created Permission View: can delete on DAG:dataset_alias_example_alias_consumer_with_no_taskflow
[2025-04-11T15:47:19.398+0000] {logging_mixin.py:190} INFO - [2025-04-11T15:47:19.396+0000] {override.py:1912} INFO - Created Permission View: can read on DAG:dataset_alias_example_alias_consumer_with_no_taskflow
[2025-04-11T15:47:19.442+0000] {logging_mixin.py:190} INFO - [2025-04-11T15:47:19.441+0000] {override.py:1912} INFO - Created Permission View: can create on DAG Run:dataset_alias_example_alias_consumer_with_no_taskflow
[2025-04-11T15:47:19.472+0000] {logging_mixin.py:190} INFO - [2025-04-11T15:47:19.471+0000] {override.py:1912} INFO - Created Permission View: menu access on DAG Run:dataset_alias_example_alias_consumer_with_no_taskflow
[2025-04-11T15:47:19.528+0000] {logging_mixin.py:190} INFO - [2025-04-11T15:47:19.527+0000] {override.py:1912} INFO - Created Permission View: can delete on DAG Run:dataset_alias_example_alias_consumer_with_no_taskflow
[2025-04-11T15:47:19.595+0000] {logging_mixin.py:190} INFO - [2025-04-11T15:47:19.594+0000] {override.py:1912} INFO - Created Permission View: can read on DAG Run:dataset_alias_example_alias_consumer_with_no_taskflow
[2025-04-11T15:47:19.639+0000] {logging_mixin.py:190} INFO - [2025-04-11T15:47:19.639+0000] {override.py:1912} INFO - Created Permission View: can edit on DAG:dataset_s3_bucket_consumer_with_no_taskflow
[2025-04-11T15:47:19.669+0000] {logging_mixin.py:190} INFO - [2025-04-11T15:47:19.668+0000] {override.py:1912} INFO - Created Permission View: can delete on DAG:dataset_s3_bucket_consumer_with_no_taskflow
[2025-04-11T15:47:19.697+0000] {logging_mixin.py:190} INFO - [2025-04-11T15:47:19.696+0000] {override.py:1912} INFO - Created Permission View: can read on DAG:dataset_s3_bucket_consumer_with_no_taskflow
[2025-04-11T15:47:19.731+0000] {logging_mixin.py:190} INFO - [2025-04-11T15:47:19.730+0000] {override.py:1912} INFO - Created Permission View: can create on DAG Run:dataset_s3_bucket_consumer_with_no_taskflow
[2025-04-11T15:47:19.766+0000] {logging_mixin.py:190} INFO - [2025-04-11T15:47:19.765+0000] {override.py:1912} INFO - Created Permission View: menu access on DAG Run:dataset_s3_bucket_consumer_with_no_taskflow
[2025-04-11T15:47:19.805+0000] {logging_mixin.py:190} INFO - [2025-04-11T15:47:19.804+0000] {override.py:1912} INFO - Created Permission View: can delete on DAG Run:dataset_s3_bucket_consumer_with_no_taskflow
[2025-04-11T15:47:19.854+0000] {logging_mixin.py:190} INFO - [2025-04-11T15:47:19.854+0000] {override.py:1912} INFO - Created Permission View: can read on DAG Run:dataset_s3_bucket_consumer_with_no_taskflow
[2025-04-11T15:47:19.857+0000] {logging_mixin.py:190} INFO - [2025-04-11T15:47:19.856+0000] {dag.py:3239} INFO - Sync 4 DAGs
[2025-04-11T15:47:19.949+0000] {logging_mixin.py:190} INFO - [2025-04-11T15:47:19.948+0000] {dag.py:3262} INFO - Creating ORM DAG for dataset_s3_bucket_consumer_with_no_taskflow
[2025-04-11T15:47:19.951+0000] {logging_mixin.py:190} INFO - [2025-04-11T15:47:19.951+0000] {dag.py:3262} INFO - Creating ORM DAG for dataset_alias_example_alias_producer_with_no_taskflow
[2025-04-11T15:47:19.953+0000] {logging_mixin.py:190} INFO - [2025-04-11T15:47:19.953+0000] {dag.py:3262} INFO - Creating ORM DAG for dataset_s3_bucket_producer_with_no_taskflow
[2025-04-11T15:47:19.961+0000] {logging_mixin.py:190} INFO - [2025-04-11T15:47:19.959+0000] {dag.py:3262} INFO - Creating ORM DAG for dataset_alias_example_alias_consumer_with_no_taskflow
[2025-04-11T15:47:20.036+0000] {logging_mixin.py:190} INFO - [2025-04-11T15:47:20.035+0000] {dag.py:4180} INFO - Setting next_dagrun for dataset_alias_example_alias_consumer_with_no_taskflow to None, run_after=None
[2025-04-11T15:47:20.087+0000] {logging_mixin.py:190} INFO - [2025-04-11T15:47:20.086+0000] {dag.py:4180} INFO - Setting next_dagrun for dataset_alias_example_alias_producer_with_no_taskflow to None, run_after=None
[2025-04-11T15:47:20.094+0000] {logging_mixin.py:190} INFO - [2025-04-11T15:47:20.094+0000] {dag.py:4180} INFO - Setting next_dagrun for dataset_s3_bucket_consumer_with_no_taskflow to None, run_after=None
[2025-04-11T15:47:20.096+0000] {logging_mixin.py:190} INFO - [2025-04-11T15:47:20.095+0000] {dag.py:4180} INFO - Setting next_dagrun for dataset_s3_bucket_producer_with_no_taskflow to None, run_after=None
[2025-04-11T15:47:20.203+0000] {processor.py:208} INFO - Processing /home/airflow/.local/lib/python3.12/site-packages/airflow/example_dags/example_dataset_alias_with_no_taskflow.py took 14.216 seconds
[2025-04-11T15:47:50.571+0000] {processor.py:186} INFO - Started process (PID=623) to work on /home/airflow/.local/lib/python3.12/site-packages/airflow/example_dags/example_dataset_alias_with_no_taskflow.py
[2025-04-11T15:47:50.573+0000] {processor.py:914} INFO - Processing file /home/airflow/.local/lib/python3.12/site-packages/airflow/example_dags/example_dataset_alias_with_no_taskflow.py for tasks to queue
[2025-04-11T15:47:50.577+0000] {logging_mixin.py:190} INFO - [2025-04-11T15:47:50.576+0000] {dagbag.py:588} INFO - Filling up the DagBag from /home/airflow/.local/lib/python3.12/site-packages/airflow/example_dags/example_dataset_alias_with_no_taskflow.py
[2025-04-11T15:47:51.366+0000] {processor.py:925} INFO - DAG(s) 'dataset_s3_bucket_consumer_with_no_taskflow', 'dataset_s3_bucket_producer_with_no_taskflow', 'dataset_alias_example_alias_producer_with_no_taskflow', 'dataset_alias_example_alias_consumer_with_no_taskflow' retrieved from /home/airflow/.local/lib/python3.12/site-packages/airflow/example_dags/example_dataset_alias_with_no_taskflow.py
[2025-04-11T15:47:51.440+0000] {logging_mixin.py:190} INFO - [2025-04-11T15:47:51.439+0000] {dag.py:3239} INFO - Sync 4 DAGs
[2025-04-11T15:47:51.486+0000] {logging_mixin.py:190} INFO - [2025-04-11T15:47:51.485+0000] {dag.py:4180} INFO - Setting next_dagrun for dataset_alias_example_alias_consumer_with_no_taskflow to None, run_after=None
[2025-04-11T15:47:51.496+0000] {logging_mixin.py:190} INFO - [2025-04-11T15:47:51.495+0000] {dag.py:4180} INFO - Setting next_dagrun for dataset_alias_example_alias_producer_with_no_taskflow to None, run_after=None
[2025-04-11T15:47:51.503+0000] {logging_mixin.py:190} INFO - [2025-04-11T15:47:51.502+0000] {dag.py:4180} INFO - Setting next_dagrun for dataset_s3_bucket_consumer_with_no_taskflow to None, run_after=None
[2025-04-11T15:47:51.507+0000] {logging_mixin.py:190} INFO - [2025-04-11T15:47:51.506+0000] {dag.py:4180} INFO - Setting next_dagrun for dataset_s3_bucket_producer_with_no_taskflow to None, run_after=None
[2025-04-11T15:47:51.617+0000] {processor.py:208} INFO - Processing /home/airflow/.local/lib/python3.12/site-packages/airflow/example_dags/example_dataset_alias_with_no_taskflow.py took 1.062 seconds
[2025-04-11T15:48:22.163+0000] {processor.py:186} INFO - Started process (PID=924) to work on /home/airflow/.local/lib/python3.12/site-packages/airflow/example_dags/example_dataset_alias_with_no_taskflow.py
[2025-04-11T15:48:22.163+0000] {processor.py:914} INFO - Processing file /home/airflow/.local/lib/python3.12/site-packages/airflow/example_dags/example_dataset_alias_with_no_taskflow.py for tasks to queue
[2025-04-11T15:48:22.166+0000] {logging_mixin.py:190} INFO - [2025-04-11T15:48:22.166+0000] {dagbag.py:588} INFO - Filling up the DagBag from /home/airflow/.local/lib/python3.12/site-packages/airflow/example_dags/example_dataset_alias_with_no_taskflow.py
[2025-04-11T15:48:22.866+0000] {processor.py:925} INFO - DAG(s) 'dataset_s3_bucket_producer_with_no_taskflow', 'dataset_s3_bucket_consumer_with_no_taskflow', 'dataset_alias_example_alias_producer_with_no_taskflow', 'dataset_alias_example_alias_consumer_with_no_taskflow' retrieved from /home/airflow/.local/lib/python3.12/site-packages/airflow/example_dags/example_dataset_alias_with_no_taskflow.py
[2025-04-11T15:48:22.897+0000] {logging_mixin.py:190} INFO - [2025-04-11T15:48:22.897+0000] {dag.py:3239} INFO - Sync 4 DAGs
[2025-04-11T15:48:22.929+0000] {logging_mixin.py:190} INFO - [2025-04-11T15:48:22.928+0000] {dag.py:4180} INFO - Setting next_dagrun for dataset_alias_example_alias_consumer_with_no_taskflow to None, run_after=None
[2025-04-11T15:48:22.934+0000] {logging_mixin.py:190} INFO - [2025-04-11T15:48:22.933+0000] {dag.py:4180} INFO - Setting next_dagrun for dataset_alias_example_alias_producer_with_no_taskflow to None, run_after=None
[2025-04-11T15:48:22.937+0000] {logging_mixin.py:190} INFO - [2025-04-11T15:48:22.936+0000] {dag.py:4180} INFO - Setting next_dagrun for dataset_s3_bucket_consumer_with_no_taskflow to None, run_after=None
[2025-04-11T15:48:22.940+0000] {logging_mixin.py:190} INFO - [2025-04-11T15:48:22.939+0000] {dag.py:4180} INFO - Setting next_dagrun for dataset_s3_bucket_producer_with_no_taskflow to None, run_after=None
[2025-04-11T15:48:22.977+0000] {processor.py:208} INFO - Processing /home/airflow/.local/lib/python3.12/site-packages/airflow/example_dags/example_dataset_alias_with_no_taskflow.py took 0.821 seconds
[2025-04-11T15:48:53.466+0000] {processor.py:186} INFO - Started process (PID=1225) to work on /home/airflow/.local/lib/python3.12/site-packages/airflow/example_dags/example_dataset_alias_with_no_taskflow.py
[2025-04-11T15:48:53.467+0000] {processor.py:914} INFO - Processing file /home/airflow/.local/lib/python3.12/site-packages/airflow/example_dags/example_dataset_alias_with_no_taskflow.py for tasks to queue
[2025-04-11T15:48:53.469+0000] {logging_mixin.py:190} INFO - [2025-04-11T15:48:53.469+0000] {dagbag.py:588} INFO - Filling up the DagBag from /home/airflow/.local/lib/python3.12/site-packages/airflow/example_dags/example_dataset_alias_with_no_taskflow.py
[2025-04-11T15:48:53.951+0000] {processor.py:925} INFO - DAG(s) 'dataset_alias_example_alias_producer_with_no_taskflow', 'dataset_s3_bucket_producer_with_no_taskflow', 'dataset_alias_example_alias_consumer_with_no_taskflow', 'dataset_s3_bucket_consumer_with_no_taskflow' retrieved from /home/airflow/.local/lib/python3.12/site-packages/airflow/example_dags/example_dataset_alias_with_no_taskflow.py
[2025-04-11T15:48:54.199+0000] {logging_mixin.py:190} INFO - [2025-04-11T15:48:54.198+0000] {dag.py:3239} INFO - Sync 4 DAGs
[2025-04-11T15:48:54.227+0000] {logging_mixin.py:190} INFO - [2025-04-11T15:48:54.226+0000] {dag.py:4180} INFO - Setting next_dagrun for dataset_alias_example_alias_consumer_with_no_taskflow to None, run_after=None
[2025-04-11T15:48:54.232+0000] {logging_mixin.py:190} INFO - [2025-04-11T15:48:54.231+0000] {dag.py:4180} INFO - Setting next_dagrun for dataset_alias_example_alias_producer_with_no_taskflow to None, run_after=None
[2025-04-11T15:48:54.235+0000] {logging_mixin.py:190} INFO - [2025-04-11T15:48:54.234+0000] {dag.py:4180} INFO - Setting next_dagrun for dataset_s3_bucket_consumer_with_no_taskflow to None, run_after=None
[2025-04-11T15:48:54.244+0000] {logging_mixin.py:190} INFO - [2025-04-11T15:48:54.243+0000] {dag.py:4180} INFO - Setting next_dagrun for dataset_s3_bucket_producer_with_no_taskflow to None, run_after=None
[2025-04-11T15:48:54.290+0000] {processor.py:208} INFO - Processing /home/airflow/.local/lib/python3.12/site-packages/airflow/example_dags/example_dataset_alias_with_no_taskflow.py took 0.829 seconds
[2025-04-11T15:49:25.050+0000] {processor.py:186} INFO - Started process (PID=1525) to work on /home/airflow/.local/lib/python3.12/site-packages/airflow/example_dags/example_dataset_alias_with_no_taskflow.py
[2025-04-11T15:49:25.051+0000] {processor.py:914} INFO - Processing file /home/airflow/.local/lib/python3.12/site-packages/airflow/example_dags/example_dataset_alias_with_no_taskflow.py for tasks to queue
[2025-04-11T15:49:25.054+0000] {logging_mixin.py:190} INFO - [2025-04-11T15:49:25.053+0000] {dagbag.py:588} INFO - Filling up the DagBag from /home/airflow/.local/lib/python3.12/site-packages/airflow/example_dags/example_dataset_alias_with_no_taskflow.py
[2025-04-11T15:49:25.493+0000] {processor.py:925} INFO - DAG(s) 'dataset_alias_example_alias_producer_with_no_taskflow', 'dataset_alias_example_alias_consumer_with_no_taskflow', 'dataset_s3_bucket_consumer_with_no_taskflow', 'dataset_s3_bucket_producer_with_no_taskflow' retrieved from /home/airflow/.local/lib/python3.12/site-packages/airflow/example_dags/example_dataset_alias_with_no_taskflow.py
[2025-04-11T15:49:25.520+0000] {logging_mixin.py:190} INFO - [2025-04-11T15:49:25.519+0000] {dag.py:3239} INFO - Sync 4 DAGs
[2025-04-11T15:49:25.747+0000] {logging_mixin.py:190} INFO - [2025-04-11T15:49:25.747+0000] {dag.py:4180} INFO - Setting next_dagrun for dataset_alias_example_alias_consumer_with_no_taskflow to None, run_after=None
[2025-04-11T15:49:25.750+0000] {logging_mixin.py:190} INFO - [2025-04-11T15:49:25.750+0000] {dag.py:4180} INFO - Setting next_dagrun for dataset_alias_example_alias_producer_with_no_taskflow to None, run_after=None
[2025-04-11T15:49:25.752+0000] {logging_mixin.py:190} INFO - [2025-04-11T15:49:25.752+0000] {dag.py:4180} INFO - Setting next_dagrun for dataset_s3_bucket_consumer_with_no_taskflow to None, run_after=None
[2025-04-11T15:49:25.754+0000] {logging_mixin.py:190} INFO - [2025-04-11T15:49:25.754+0000] {dag.py:4180} INFO - Setting next_dagrun for dataset_s3_bucket_producer_with_no_taskflow to None, run_after=None
[2025-04-11T15:49:25.783+0000] {processor.py:208} INFO - Processing /home/airflow/.local/lib/python3.12/site-packages/airflow/example_dags/example_dataset_alias_with_no_taskflow.py took 0.738 seconds
