[2025-04-11T15:47:26.122+0000] {processor.py:186} INFO - Started process (PID=398) to work on /home/airflow/.local/lib/python3.12/site-packages/airflow/example_dags/example_short_circuit_decorator.py
[2025-04-11T15:47:26.131+0000] {processor.py:914} INFO - Processing file /home/airflow/.local/lib/python3.12/site-packages/airflow/example_dags/example_short_circuit_decorator.py for tasks to queue
[2025-04-11T15:47:26.135+0000] {logging_mixin.py:190} INFO - [2025-04-11T15:47:26.135+0000] {dagbag.py:588} INFO - Filling up the DagBag from /home/airflow/.local/lib/python3.12/site-packages/airflow/example_dags/example_short_circuit_decorator.py
[2025-04-11T15:47:26.161+0000] {processor.py:925} INFO - DAG(s) 'example_short_circuit_decorator' retrieved from /home/airflow/.local/lib/python3.12/site-packages/airflow/example_dags/example_short_circuit_decorator.py
[2025-04-11T15:47:26.425+0000] {logging_mixin.py:190} INFO - [2025-04-11T15:47:26.424+0000] {override.py:1912} INFO - Created Permission View: can edit on DAG:example_short_circuit_decorator
[2025-04-11T15:47:26.444+0000] {logging_mixin.py:190} INFO - [2025-04-11T15:47:26.443+0000] {override.py:1912} INFO - Created Permission View: can delete on DAG:example_short_circuit_decorator
[2025-04-11T15:47:26.458+0000] {logging_mixin.py:190} INFO - [2025-04-11T15:47:26.457+0000] {override.py:1912} INFO - Created Permission View: can read on DAG:example_short_circuit_decorator
[2025-04-11T15:47:26.487+0000] {logging_mixin.py:190} INFO - [2025-04-11T15:47:26.486+0000] {override.py:1912} INFO - Created Permission View: can create on DAG Run:example_short_circuit_decorator
[2025-04-11T15:47:26.522+0000] {logging_mixin.py:190} INFO - [2025-04-11T15:47:26.521+0000] {override.py:1912} INFO - Created Permission View: menu access on DAG Run:example_short_circuit_decorator
[2025-04-11T15:47:26.551+0000] {logging_mixin.py:190} INFO - [2025-04-11T15:47:26.550+0000] {override.py:1912} INFO - Created Permission View: can delete on DAG Run:example_short_circuit_decorator
[2025-04-11T15:47:26.569+0000] {logging_mixin.py:190} INFO - [2025-04-11T15:47:26.568+0000] {override.py:1912} INFO - Created Permission View: can read on DAG Run:example_short_circuit_decorator
[2025-04-11T15:47:26.571+0000] {logging_mixin.py:190} INFO - [2025-04-11T15:47:26.570+0000] {dag.py:3239} INFO - Sync 1 DAGs
[2025-04-11T15:47:26.607+0000] {logging_mixin.py:190} INFO - [2025-04-11T15:47:26.606+0000] {dag.py:3262} INFO - Creating ORM DAG for example_short_circuit_decorator
[2025-04-11T15:47:26.611+0000] {logging_mixin.py:190} INFO - [2025-04-11T15:47:26.610+0000] {dag.py:4180} INFO - Setting next_dagrun for example_short_circuit_decorator to None, run_after=None
[2025-04-11T15:47:26.666+0000] {processor.py:208} INFO - Processing /home/airflow/.local/lib/python3.12/site-packages/airflow/example_dags/example_short_circuit_decorator.py took 0.556 seconds
[2025-04-11T15:47:57.390+0000] {processor.py:186} INFO - Started process (PID=701) to work on /home/airflow/.local/lib/python3.12/site-packages/airflow/example_dags/example_short_circuit_decorator.py
[2025-04-11T15:47:57.391+0000] {processor.py:914} INFO - Processing file /home/airflow/.local/lib/python3.12/site-packages/airflow/example_dags/example_short_circuit_decorator.py for tasks to queue
[2025-04-11T15:47:57.394+0000] {logging_mixin.py:190} INFO - [2025-04-11T15:47:57.393+0000] {dagbag.py:588} INFO - Filling up the DagBag from /home/airflow/.local/lib/python3.12/site-packages/airflow/example_dags/example_short_circuit_decorator.py
[2025-04-11T15:47:57.405+0000] {processor.py:925} INFO - DAG(s) 'example_short_circuit_decorator' retrieved from /home/airflow/.local/lib/python3.12/site-packages/airflow/example_dags/example_short_circuit_decorator.py
[2025-04-11T15:47:57.436+0000] {logging_mixin.py:190} INFO - [2025-04-11T15:47:57.435+0000] {dag.py:3239} INFO - Sync 1 DAGs
[2025-04-11T15:47:57.455+0000] {logging_mixin.py:190} INFO - [2025-04-11T15:47:57.454+0000] {dag.py:4180} INFO - Setting next_dagrun for example_short_circuit_decorator to None, run_after=None
[2025-04-11T15:47:57.478+0000] {processor.py:208} INFO - Processing /home/airflow/.local/lib/python3.12/site-packages/airflow/example_dags/example_short_circuit_decorator.py took 0.093 seconds
[2025-04-11T15:48:28.139+0000] {processor.py:186} INFO - Started process (PID=1002) to work on /home/airflow/.local/lib/python3.12/site-packages/airflow/example_dags/example_short_circuit_decorator.py
[2025-04-11T15:48:28.140+0000] {processor.py:914} INFO - Processing file /home/airflow/.local/lib/python3.12/site-packages/airflow/example_dags/example_short_circuit_decorator.py for tasks to queue
[2025-04-11T15:48:28.144+0000] {logging_mixin.py:190} INFO - [2025-04-11T15:48:28.144+0000] {dagbag.py:588} INFO - Filling up the DagBag from /home/airflow/.local/lib/python3.12/site-packages/airflow/example_dags/example_short_circuit_decorator.py
[2025-04-11T15:48:28.164+0000] {processor.py:925} INFO - DAG(s) 'example_short_circuit_decorator' retrieved from /home/airflow/.local/lib/python3.12/site-packages/airflow/example_dags/example_short_circuit_decorator.py
[2025-04-11T15:48:28.209+0000] {logging_mixin.py:190} INFO - [2025-04-11T15:48:28.208+0000] {dag.py:3239} INFO - Sync 1 DAGs
[2025-04-11T15:48:28.238+0000] {logging_mixin.py:190} INFO - [2025-04-11T15:48:28.238+0000] {dag.py:4180} INFO - Setting next_dagrun for example_short_circuit_decorator to None, run_after=None
[2025-04-11T15:48:28.289+0000] {processor.py:208} INFO - Processing /home/airflow/.local/lib/python3.12/site-packages/airflow/example_dags/example_short_circuit_decorator.py took 0.162 seconds
[2025-04-11T15:48:58.371+0000] {processor.py:186} INFO - Started process (PID=1301) to work on /home/airflow/.local/lib/python3.12/site-packages/airflow/example_dags/example_short_circuit_decorator.py
[2025-04-11T15:48:58.373+0000] {processor.py:914} INFO - Processing file /home/airflow/.local/lib/python3.12/site-packages/airflow/example_dags/example_short_circuit_decorator.py for tasks to queue
[2025-04-11T15:48:58.378+0000] {logging_mixin.py:190} INFO - [2025-04-11T15:48:58.377+0000] {dagbag.py:588} INFO - Filling up the DagBag from /home/airflow/.local/lib/python3.12/site-packages/airflow/example_dags/example_short_circuit_decorator.py
[2025-04-11T15:48:58.401+0000] {processor.py:925} INFO - DAG(s) 'example_short_circuit_decorator' retrieved from /home/airflow/.local/lib/python3.12/site-packages/airflow/example_dags/example_short_circuit_decorator.py
[2025-04-11T15:48:58.457+0000] {logging_mixin.py:190} INFO - [2025-04-11T15:48:58.457+0000] {dag.py:3239} INFO - Sync 1 DAGs
[2025-04-11T15:48:58.497+0000] {logging_mixin.py:190} INFO - [2025-04-11T15:48:58.497+0000] {dag.py:4180} INFO - Setting next_dagrun for example_short_circuit_decorator to None, run_after=None
[2025-04-11T15:48:58.549+0000] {processor.py:208} INFO - Processing /home/airflow/.local/lib/python3.12/site-packages/airflow/example_dags/example_short_circuit_decorator.py took 0.198 seconds
[2025-04-11T15:49:29.291+0000] {processor.py:186} INFO - Started process (PID=1602) to work on /home/airflow/.local/lib/python3.12/site-packages/airflow/example_dags/example_short_circuit_decorator.py
[2025-04-11T15:49:29.292+0000] {processor.py:914} INFO - Processing file /home/airflow/.local/lib/python3.12/site-packages/airflow/example_dags/example_short_circuit_decorator.py for tasks to queue
[2025-04-11T15:49:29.295+0000] {logging_mixin.py:190} INFO - [2025-04-11T15:49:29.294+0000] {dagbag.py:588} INFO - Filling up the DagBag from /home/airflow/.local/lib/python3.12/site-packages/airflow/example_dags/example_short_circuit_decorator.py
[2025-04-11T15:49:29.306+0000] {processor.py:925} INFO - DAG(s) 'example_short_circuit_decorator' retrieved from /home/airflow/.local/lib/python3.12/site-packages/airflow/example_dags/example_short_circuit_decorator.py
[2025-04-11T15:49:29.331+0000] {logging_mixin.py:190} INFO - [2025-04-11T15:49:29.331+0000] {dag.py:3239} INFO - Sync 1 DAGs
[2025-04-11T15:49:29.347+0000] {logging_mixin.py:190} INFO - [2025-04-11T15:49:29.347+0000] {dag.py:4180} INFO - Setting next_dagrun for example_short_circuit_decorator to None, run_after=None
[2025-04-11T15:49:29.366+0000] {processor.py:208} INFO - Processing /home/airflow/.local/lib/python3.12/site-packages/airflow/example_dags/example_short_circuit_decorator.py took 0.082 seconds
