[2025-04-11T15:46:58.922+0000] {processor.py:186} INFO - Started process (PID=247) to work on /home/airflow/.local/lib/python3.12/site-packages/airflow/example_dags/example_sla_dag.py
[2025-04-11T15:46:58.924+0000] {processor.py:914} INFO - Processing file /home/airflow/.local/lib/python3.12/site-packages/airflow/example_dags/example_sla_dag.py for tasks to queue
[2025-04-11T15:46:58.930+0000] {logging_mixin.py:190} INFO - [2025-04-11T15:46:58.929+0000] {dagbag.py:588} INFO - Filling up the DagBag from /home/airflow/.local/lib/python3.12/site-packages/airflow/example_dags/example_sla_dag.py
[2025-04-11T15:46:58.964+0000] {processor.py:925} INFO - DAG(s) 'example_sla_dag' retrieved from /home/airflow/.local/lib/python3.12/site-packages/airflow/example_dags/example_sla_dag.py
[2025-04-11T15:46:59.237+0000] {logging_mixin.py:190} INFO - [2025-04-11T15:46:59.235+0000] {override.py:1912} INFO - Created Permission View: can edit on DAG:example_sla_dag
[2025-04-11T15:46:59.276+0000] {logging_mixin.py:190} INFO - [2025-04-11T15:46:59.276+0000] {override.py:1912} INFO - Created Permission View: can delete on DAG:example_sla_dag
[2025-04-11T15:46:59.290+0000] {logging_mixin.py:190} INFO - [2025-04-11T15:46:59.290+0000] {override.py:1912} INFO - Created Permission View: can read on DAG:example_sla_dag
[2025-04-11T15:46:59.317+0000] {logging_mixin.py:190} INFO - [2025-04-11T15:46:59.316+0000] {override.py:1912} INFO - Created Permission View: can create on DAG Run:example_sla_dag
[2025-04-11T15:46:59.330+0000] {logging_mixin.py:190} INFO - [2025-04-11T15:46:59.330+0000] {override.py:1912} INFO - Created Permission View: menu access on DAG Run:example_sla_dag
[2025-04-11T15:46:59.346+0000] {logging_mixin.py:190} INFO - [2025-04-11T15:46:59.345+0000] {override.py:1912} INFO - Created Permission View: can delete on DAG Run:example_sla_dag
[2025-04-11T15:46:59.357+0000] {logging_mixin.py:190} INFO - [2025-04-11T15:46:59.356+0000] {override.py:1912} INFO - Created Permission View: can read on DAG Run:example_sla_dag
[2025-04-11T15:46:59.358+0000] {logging_mixin.py:190} INFO - [2025-04-11T15:46:59.357+0000] {dag.py:3239} INFO - Sync 1 DAGs
[2025-04-11T15:46:59.377+0000] {logging_mixin.py:190} INFO - [2025-04-11T15:46:59.377+0000] {dag.py:3262} INFO - Creating ORM DAG for example_sla_dag
[2025-04-11T15:46:59.435+0000] {logging_mixin.py:190} INFO - [2025-04-11T15:46:59.434+0000] {dag.py:4180} INFO - Setting next_dagrun for example_sla_dag to 2025-04-11 15:44:00+00:00, run_after=2025-04-11 15:46:00+00:00
[2025-04-11T15:46:59.534+0000] {processor.py:208} INFO - Processing /home/airflow/.local/lib/python3.12/site-packages/airflow/example_dags/example_sla_dag.py took 0.628 seconds
[2025-04-11T15:47:34.173+0000] {processor.py:186} INFO - Started process (PID=550) to work on /home/airflow/.local/lib/python3.12/site-packages/airflow/example_dags/example_sla_dag.py
[2025-04-11T15:47:34.175+0000] {processor.py:914} INFO - Processing file /home/airflow/.local/lib/python3.12/site-packages/airflow/example_dags/example_sla_dag.py for tasks to queue
[2025-04-11T15:47:34.178+0000] {logging_mixin.py:190} INFO - [2025-04-11T15:47:34.178+0000] {dagbag.py:588} INFO - Filling up the DagBag from /home/airflow/.local/lib/python3.12/site-packages/airflow/example_dags/example_sla_dag.py
[2025-04-11T15:47:34.194+0000] {processor.py:925} INFO - DAG(s) 'example_sla_dag' retrieved from /home/airflow/.local/lib/python3.12/site-packages/airflow/example_dags/example_sla_dag.py
[2025-04-11T15:47:34.220+0000] {logging_mixin.py:190} INFO - [2025-04-11T15:47:34.220+0000] {dag.py:3239} INFO - Sync 1 DAGs
[2025-04-11T15:47:34.283+0000] {logging_mixin.py:190} INFO - [2025-04-11T15:47:34.282+0000] {dag.py:4180} INFO - Setting next_dagrun for example_sla_dag to 2025-04-11 15:44:00+00:00, run_after=2025-04-11 15:46:00+00:00
[2025-04-11T15:47:34.316+0000] {processor.py:208} INFO - Processing /home/airflow/.local/lib/python3.12/site-packages/airflow/example_dags/example_sla_dag.py took 0.151 seconds
[2025-04-11T15:48:05.502+0000] {processor.py:186} INFO - Started process (PID=849) to work on /home/airflow/.local/lib/python3.12/site-packages/airflow/example_dags/example_sla_dag.py
[2025-04-11T15:48:05.511+0000] {processor.py:914} INFO - Processing file /home/airflow/.local/lib/python3.12/site-packages/airflow/example_dags/example_sla_dag.py for tasks to queue
[2025-04-11T15:48:05.517+0000] {logging_mixin.py:190} INFO - [2025-04-11T15:48:05.516+0000] {dagbag.py:588} INFO - Filling up the DagBag from /home/airflow/.local/lib/python3.12/site-packages/airflow/example_dags/example_sla_dag.py
[2025-04-11T15:48:05.552+0000] {processor.py:925} INFO - DAG(s) 'example_sla_dag' retrieved from /home/airflow/.local/lib/python3.12/site-packages/airflow/example_dags/example_sla_dag.py
[2025-04-11T15:48:05.619+0000] {logging_mixin.py:190} INFO - [2025-04-11T15:48:05.618+0000] {dag.py:3239} INFO - Sync 1 DAGs
[2025-04-11T15:48:05.739+0000] {logging_mixin.py:190} INFO - [2025-04-11T15:48:05.739+0000] {dag.py:4180} INFO - Setting next_dagrun for example_sla_dag to 2025-04-11 15:46:00+00:00, run_after=2025-04-11 15:48:00+00:00
[2025-04-11T15:48:05.808+0000] {processor.py:208} INFO - Processing /home/airflow/.local/lib/python3.12/site-packages/airflow/example_dags/example_sla_dag.py took 0.336 seconds
[2025-04-11T15:48:35.944+0000] {processor.py:186} INFO - Started process (PID=1150) to work on /home/airflow/.local/lib/python3.12/site-packages/airflow/example_dags/example_sla_dag.py
[2025-04-11T15:48:35.950+0000] {processor.py:914} INFO - Processing file /home/airflow/.local/lib/python3.12/site-packages/airflow/example_dags/example_sla_dag.py for tasks to queue
[2025-04-11T15:48:35.958+0000] {logging_mixin.py:190} INFO - [2025-04-11T15:48:35.957+0000] {dagbag.py:588} INFO - Filling up the DagBag from /home/airflow/.local/lib/python3.12/site-packages/airflow/example_dags/example_sla_dag.py
[2025-04-11T15:48:36.013+0000] {processor.py:925} INFO - DAG(s) 'example_sla_dag' retrieved from /home/airflow/.local/lib/python3.12/site-packages/airflow/example_dags/example_sla_dag.py
[2025-04-11T15:48:36.110+0000] {logging_mixin.py:190} INFO - [2025-04-11T15:48:36.109+0000] {dag.py:3239} INFO - Sync 1 DAGs
[2025-04-11T15:48:36.207+0000] {logging_mixin.py:190} INFO - [2025-04-11T15:48:36.206+0000] {dag.py:4180} INFO - Setting next_dagrun for example_sla_dag to 2025-04-11 15:46:00+00:00, run_after=2025-04-11 15:48:00+00:00
[2025-04-11T15:48:36.255+0000] {processor.py:208} INFO - Processing /home/airflow/.local/lib/python3.12/site-packages/airflow/example_dags/example_sla_dag.py took 0.333 seconds
[2025-04-11T15:49:06.617+0000] {processor.py:186} INFO - Started process (PID=1451) to work on /home/airflow/.local/lib/python3.12/site-packages/airflow/example_dags/example_sla_dag.py
[2025-04-11T15:49:06.619+0000] {processor.py:914} INFO - Processing file /home/airflow/.local/lib/python3.12/site-packages/airflow/example_dags/example_sla_dag.py for tasks to queue
[2025-04-11T15:49:06.622+0000] {logging_mixin.py:190} INFO - [2025-04-11T15:49:06.621+0000] {dagbag.py:588} INFO - Filling up the DagBag from /home/airflow/.local/lib/python3.12/site-packages/airflow/example_dags/example_sla_dag.py
[2025-04-11T15:49:06.634+0000] {processor.py:925} INFO - DAG(s) 'example_sla_dag' retrieved from /home/airflow/.local/lib/python3.12/site-packages/airflow/example_dags/example_sla_dag.py
[2025-04-11T15:49:06.666+0000] {logging_mixin.py:190} INFO - [2025-04-11T15:49:06.666+0000] {dag.py:3239} INFO - Sync 1 DAGs
[2025-04-11T15:49:06.701+0000] {logging_mixin.py:190} INFO - [2025-04-11T15:49:06.701+0000] {dag.py:4180} INFO - Setting next_dagrun for example_sla_dag to 2025-04-11 15:46:00+00:00, run_after=2025-04-11 15:48:00+00:00
[2025-04-11T15:49:06.721+0000] {processor.py:208} INFO - Processing /home/airflow/.local/lib/python3.12/site-packages/airflow/example_dags/example_sla_dag.py took 0.110 seconds
