[2025-04-11T15:47:03.957+0000] {processor.py:186} INFO - Started process (PID=307) to work on /home/airflow/.local/lib/python3.12/site-packages/airflow/example_dags/example_bash_operator.py
[2025-04-11T15:47:03.959+0000] {processor.py:914} INFO - Processing file /home/airflow/.local/lib/python3.12/site-packages/airflow/example_dags/example_bash_operator.py for tasks to queue
[2025-04-11T15:47:03.962+0000] {logging_mixin.py:190} INFO - [2025-04-11T15:47:03.962+0000] {dagbag.py:588} INFO - Filling up the DagBag from /home/airflow/.local/lib/python3.12/site-packages/airflow/example_dags/example_bash_operator.py
[2025-04-11T15:47:03.985+0000] {processor.py:925} INFO - DAG(s) 'example_bash_operator' retrieved from /home/airflow/.local/lib/python3.12/site-packages/airflow/example_dags/example_bash_operator.py
[2025-04-11T15:47:04.215+0000] {logging_mixin.py:190} INFO - [2025-04-11T15:47:04.213+0000] {override.py:1912} INFO - Created Permission View: can edit on DAG:example_bash_operator
[2025-04-11T15:47:04.234+0000] {logging_mixin.py:190} INFO - [2025-04-11T15:47:04.234+0000] {override.py:1912} INFO - Created Permission View: can delete on DAG:example_bash_operator
[2025-04-11T15:47:04.248+0000] {logging_mixin.py:190} INFO - [2025-04-11T15:47:04.247+0000] {override.py:1912} INFO - Created Permission View: can read on DAG:example_bash_operator
[2025-04-11T15:47:04.263+0000] {logging_mixin.py:190} INFO - [2025-04-11T15:47:04.263+0000] {override.py:1912} INFO - Created Permission View: can create on DAG Run:example_bash_operator
[2025-04-11T15:47:04.277+0000] {logging_mixin.py:190} INFO - [2025-04-11T15:47:04.276+0000] {override.py:1912} INFO - Created Permission View: menu access on DAG Run:example_bash_operator
[2025-04-11T15:47:04.294+0000] {logging_mixin.py:190} INFO - [2025-04-11T15:47:04.294+0000] {override.py:1912} INFO - Created Permission View: can delete on DAG Run:example_bash_operator
[2025-04-11T15:47:04.307+0000] {logging_mixin.py:190} INFO - [2025-04-11T15:47:04.307+0000] {override.py:1912} INFO - Created Permission View: can read on DAG Run:example_bash_operator
[2025-04-11T15:47:04.308+0000] {logging_mixin.py:190} INFO - [2025-04-11T15:47:04.308+0000] {dag.py:3239} INFO - Sync 1 DAGs
[2025-04-11T15:47:04.333+0000] {logging_mixin.py:190} INFO - [2025-04-11T15:47:04.332+0000] {dag.py:3262} INFO - Creating ORM DAG for example_bash_operator
[2025-04-11T15:47:04.352+0000] {logging_mixin.py:190} INFO - [2025-04-11T15:47:04.352+0000] {dag.py:4180} INFO - Setting next_dagrun for example_bash_operator to 2025-04-10 00:00:00+00:00, run_after=2025-04-11 00:00:00+00:00
[2025-04-11T15:47:04.377+0000] {processor.py:208} INFO - Processing /home/airflow/.local/lib/python3.12/site-packages/airflow/example_dags/example_bash_operator.py took 0.429 seconds
[2025-04-11T15:47:36.056+0000] {processor.py:186} INFO - Started process (PID=603) to work on /home/airflow/.local/lib/python3.12/site-packages/airflow/example_dags/example_bash_operator.py
[2025-04-11T15:47:36.058+0000] {processor.py:914} INFO - Processing file /home/airflow/.local/lib/python3.12/site-packages/airflow/example_dags/example_bash_operator.py for tasks to queue
[2025-04-11T15:47:36.064+0000] {logging_mixin.py:190} INFO - [2025-04-11T15:47:36.063+0000] {dagbag.py:588} INFO - Filling up the DagBag from /home/airflow/.local/lib/python3.12/site-packages/airflow/example_dags/example_bash_operator.py
[2025-04-11T15:47:36.101+0000] {processor.py:925} INFO - DAG(s) 'example_bash_operator' retrieved from /home/airflow/.local/lib/python3.12/site-packages/airflow/example_dags/example_bash_operator.py
[2025-04-11T15:47:36.167+0000] {logging_mixin.py:190} INFO - [2025-04-11T15:47:36.166+0000] {dag.py:3239} INFO - Sync 1 DAGs
[2025-04-11T15:47:36.225+0000] {logging_mixin.py:190} INFO - [2025-04-11T15:47:36.225+0000] {dag.py:4180} INFO - Setting next_dagrun for example_bash_operator to 2025-04-10 00:00:00+00:00, run_after=2025-04-11 00:00:00+00:00
[2025-04-11T15:47:36.264+0000] {processor.py:208} INFO - Processing /home/airflow/.local/lib/python3.12/site-packages/airflow/example_dags/example_bash_operator.py took 0.218 seconds
[2025-04-11T15:48:07.553+0000] {processor.py:186} INFO - Started process (PID=904) to work on /home/airflow/.local/lib/python3.12/site-packages/airflow/example_dags/example_bash_operator.py
[2025-04-11T15:48:07.555+0000] {processor.py:914} INFO - Processing file /home/airflow/.local/lib/python3.12/site-packages/airflow/example_dags/example_bash_operator.py for tasks to queue
[2025-04-11T15:48:07.559+0000] {logging_mixin.py:190} INFO - [2025-04-11T15:48:07.558+0000] {dagbag.py:588} INFO - Filling up the DagBag from /home/airflow/.local/lib/python3.12/site-packages/airflow/example_dags/example_bash_operator.py
[2025-04-11T15:48:07.595+0000] {processor.py:925} INFO - DAG(s) 'example_bash_operator' retrieved from /home/airflow/.local/lib/python3.12/site-packages/airflow/example_dags/example_bash_operator.py
[2025-04-11T15:48:07.651+0000] {logging_mixin.py:190} INFO - [2025-04-11T15:48:07.651+0000] {dag.py:3239} INFO - Sync 1 DAGs
[2025-04-11T15:48:07.705+0000] {logging_mixin.py:190} INFO - [2025-04-11T15:48:07.703+0000] {dag.py:4180} INFO - Setting next_dagrun for example_bash_operator to 2025-04-10 00:00:00+00:00, run_after=2025-04-11 00:00:00+00:00
[2025-04-11T15:48:07.755+0000] {processor.py:208} INFO - Processing /home/airflow/.local/lib/python3.12/site-packages/airflow/example_dags/example_bash_operator.py took 0.213 seconds
[2025-04-11T15:48:38.590+0000] {processor.py:186} INFO - Started process (PID=1207) to work on /home/airflow/.local/lib/python3.12/site-packages/airflow/example_dags/example_bash_operator.py
[2025-04-11T15:48:38.592+0000] {processor.py:914} INFO - Processing file /home/airflow/.local/lib/python3.12/site-packages/airflow/example_dags/example_bash_operator.py for tasks to queue
[2025-04-11T15:48:38.599+0000] {logging_mixin.py:190} INFO - [2025-04-11T15:48:38.597+0000] {dagbag.py:588} INFO - Filling up the DagBag from /home/airflow/.local/lib/python3.12/site-packages/airflow/example_dags/example_bash_operator.py
[2025-04-11T15:48:38.634+0000] {processor.py:925} INFO - DAG(s) 'example_bash_operator' retrieved from /home/airflow/.local/lib/python3.12/site-packages/airflow/example_dags/example_bash_operator.py
[2025-04-11T15:48:38.714+0000] {logging_mixin.py:190} INFO - [2025-04-11T15:48:38.711+0000] {dag.py:3239} INFO - Sync 1 DAGs
[2025-04-11T15:48:38.810+0000] {logging_mixin.py:190} INFO - [2025-04-11T15:48:38.809+0000] {dag.py:4180} INFO - Setting next_dagrun for example_bash_operator to 2025-04-10 00:00:00+00:00, run_after=2025-04-11 00:00:00+00:00
[2025-04-11T15:48:38.891+0000] {processor.py:208} INFO - Processing /home/airflow/.local/lib/python3.12/site-packages/airflow/example_dags/example_bash_operator.py took 0.315 seconds
[2025-04-11T15:49:09.618+0000] {processor.py:186} INFO - Started process (PID=1508) to work on /home/airflow/.local/lib/python3.12/site-packages/airflow/example_dags/example_bash_operator.py
[2025-04-11T15:49:09.619+0000] {processor.py:914} INFO - Processing file /home/airflow/.local/lib/python3.12/site-packages/airflow/example_dags/example_bash_operator.py for tasks to queue
[2025-04-11T15:49:09.623+0000] {logging_mixin.py:190} INFO - [2025-04-11T15:49:09.623+0000] {dagbag.py:588} INFO - Filling up the DagBag from /home/airflow/.local/lib/python3.12/site-packages/airflow/example_dags/example_bash_operator.py
[2025-04-11T15:49:09.648+0000] {processor.py:925} INFO - DAG(s) 'example_bash_operator' retrieved from /home/airflow/.local/lib/python3.12/site-packages/airflow/example_dags/example_bash_operator.py
[2025-04-11T15:49:09.716+0000] {logging_mixin.py:190} INFO - [2025-04-11T15:49:09.715+0000] {dag.py:3239} INFO - Sync 1 DAGs
[2025-04-11T15:49:09.769+0000] {logging_mixin.py:190} INFO - [2025-04-11T15:49:09.769+0000] {dag.py:4180} INFO - Setting next_dagrun for example_bash_operator to 2025-04-10 00:00:00+00:00, run_after=2025-04-11 00:00:00+00:00
[2025-04-11T15:49:09.808+0000] {processor.py:208} INFO - Processing /home/airflow/.local/lib/python3.12/site-packages/airflow/example_dags/example_bash_operator.py took 0.198 seconds
