[2025-04-11T15:47:30.437+0000] {processor.py:186} INFO - Started process (PID=443) to work on /home/airflow/.local/lib/python3.12/site-packages/airflow/example_dags/example_sensors.py
[2025-04-11T15:47:30.438+0000] {processor.py:914} INFO - Processing file /home/airflow/.local/lib/python3.12/site-packages/airflow/example_dags/example_sensors.py for tasks to queue
[2025-04-11T15:47:30.443+0000] {logging_mixin.py:190} INFO - [2025-04-11T15:47:30.442+0000] {dagbag.py:588} INFO - Filling up the DagBag from /home/airflow/.local/lib/python3.12/site-packages/airflow/example_dags/example_sensors.py
[2025-04-11T15:47:30.472+0000] {processor.py:925} INFO - DAG(s) 'example_sensors' retrieved from /home/airflow/.local/lib/python3.12/site-packages/airflow/example_dags/example_sensors.py
[2025-04-11T15:47:30.742+0000] {logging_mixin.py:190} INFO - [2025-04-11T15:47:30.741+0000] {override.py:1912} INFO - Created Permission View: can edit on DAG:example_sensors
[2025-04-11T15:47:30.757+0000] {logging_mixin.py:190} INFO - [2025-04-11T15:47:30.757+0000] {override.py:1912} INFO - Created Permission View: can delete on DAG:example_sensors
[2025-04-11T15:47:30.768+0000] {logging_mixin.py:190} INFO - [2025-04-11T15:47:30.767+0000] {override.py:1912} INFO - Created Permission View: can read on DAG:example_sensors
[2025-04-11T15:47:30.785+0000] {logging_mixin.py:190} INFO - [2025-04-11T15:47:30.785+0000] {override.py:1912} INFO - Created Permission View: can create on DAG Run:example_sensors
[2025-04-11T15:47:30.801+0000] {logging_mixin.py:190} INFO - [2025-04-11T15:47:30.800+0000] {override.py:1912} INFO - Created Permission View: menu access on DAG Run:example_sensors
[2025-04-11T15:47:30.810+0000] {logging_mixin.py:190} INFO - [2025-04-11T15:47:30.809+0000] {override.py:1912} INFO - Created Permission View: can delete on DAG Run:example_sensors
[2025-04-11T15:47:30.823+0000] {logging_mixin.py:190} INFO - [2025-04-11T15:47:30.823+0000] {override.py:1912} INFO - Created Permission View: can read on DAG Run:example_sensors
[2025-04-11T15:47:30.824+0000] {logging_mixin.py:190} INFO - [2025-04-11T15:47:30.824+0000] {dag.py:3239} INFO - Sync 1 DAGs
[2025-04-11T15:47:30.849+0000] {logging_mixin.py:190} INFO - [2025-04-11T15:47:30.849+0000] {dag.py:3262} INFO - Creating ORM DAG for example_sensors
[2025-04-11T15:47:30.850+0000] {logging_mixin.py:190} INFO - [2025-04-11T15:47:30.850+0000] {dag.py:4180} INFO - Setting next_dagrun for example_sensors to None, run_after=None
[2025-04-11T15:47:30.878+0000] {processor.py:208} INFO - Processing /home/airflow/.local/lib/python3.12/site-packages/airflow/example_dags/example_sensors.py took 0.451 seconds
[2025-04-11T15:48:01.029+0000] {processor.py:186} INFO - Started process (PID=744) to work on /home/airflow/.local/lib/python3.12/site-packages/airflow/example_dags/example_sensors.py
[2025-04-11T15:48:01.031+0000] {processor.py:914} INFO - Processing file /home/airflow/.local/lib/python3.12/site-packages/airflow/example_dags/example_sensors.py for tasks to queue
[2025-04-11T15:48:01.034+0000] {logging_mixin.py:190} INFO - [2025-04-11T15:48:01.034+0000] {dagbag.py:588} INFO - Filling up the DagBag from /home/airflow/.local/lib/python3.12/site-packages/airflow/example_dags/example_sensors.py
[2025-04-11T15:48:01.052+0000] {processor.py:925} INFO - DAG(s) 'example_sensors' retrieved from /home/airflow/.local/lib/python3.12/site-packages/airflow/example_dags/example_sensors.py
[2025-04-11T15:48:01.087+0000] {logging_mixin.py:190} INFO - [2025-04-11T15:48:01.087+0000] {dag.py:3239} INFO - Sync 1 DAGs
[2025-04-11T15:48:01.107+0000] {logging_mixin.py:190} INFO - [2025-04-11T15:48:01.107+0000] {dag.py:4180} INFO - Setting next_dagrun for example_sensors to None, run_after=None
[2025-04-11T15:48:01.151+0000] {processor.py:208} INFO - Processing /home/airflow/.local/lib/python3.12/site-packages/airflow/example_dags/example_sensors.py took 0.130 seconds
[2025-04-11T15:48:31.579+0000] {processor.py:186} INFO - Started process (PID=1042) to work on /home/airflow/.local/lib/python3.12/site-packages/airflow/example_dags/example_sensors.py
[2025-04-11T15:48:31.585+0000] {processor.py:914} INFO - Processing file /home/airflow/.local/lib/python3.12/site-packages/airflow/example_dags/example_sensors.py for tasks to queue
[2025-04-11T15:48:31.591+0000] {logging_mixin.py:190} INFO - [2025-04-11T15:48:31.590+0000] {dagbag.py:588} INFO - Filling up the DagBag from /home/airflow/.local/lib/python3.12/site-packages/airflow/example_dags/example_sensors.py
[2025-04-11T15:48:31.623+0000] {processor.py:925} INFO - DAG(s) 'example_sensors' retrieved from /home/airflow/.local/lib/python3.12/site-packages/airflow/example_dags/example_sensors.py
[2025-04-11T15:48:31.679+0000] {logging_mixin.py:190} INFO - [2025-04-11T15:48:31.678+0000] {dag.py:3239} INFO - Sync 1 DAGs
[2025-04-11T15:48:31.709+0000] {logging_mixin.py:190} INFO - [2025-04-11T15:48:31.709+0000] {dag.py:4180} INFO - Setting next_dagrun for example_sensors to None, run_after=None
[2025-04-11T15:48:31.744+0000] {processor.py:208} INFO - Processing /home/airflow/.local/lib/python3.12/site-packages/airflow/example_dags/example_sensors.py took 0.190 seconds
[2025-04-11T15:49:02.229+0000] {processor.py:186} INFO - Started process (PID=1341) to work on /home/airflow/.local/lib/python3.12/site-packages/airflow/example_dags/example_sensors.py
[2025-04-11T15:49:02.231+0000] {processor.py:914} INFO - Processing file /home/airflow/.local/lib/python3.12/site-packages/airflow/example_dags/example_sensors.py for tasks to queue
[2025-04-11T15:49:02.240+0000] {logging_mixin.py:190} INFO - [2025-04-11T15:49:02.237+0000] {dagbag.py:588} INFO - Filling up the DagBag from /home/airflow/.local/lib/python3.12/site-packages/airflow/example_dags/example_sensors.py
[2025-04-11T15:49:02.277+0000] {processor.py:925} INFO - DAG(s) 'example_sensors' retrieved from /home/airflow/.local/lib/python3.12/site-packages/airflow/example_dags/example_sensors.py
[2025-04-11T15:49:02.383+0000] {logging_mixin.py:190} INFO - [2025-04-11T15:49:02.383+0000] {dag.py:3239} INFO - Sync 1 DAGs
[2025-04-11T15:49:02.449+0000] {logging_mixin.py:190} INFO - [2025-04-11T15:49:02.448+0000] {dag.py:4180} INFO - Setting next_dagrun for example_sensors to None, run_after=None
[2025-04-11T15:49:02.512+0000] {processor.py:208} INFO - Processing /home/airflow/.local/lib/python3.12/site-packages/airflow/example_dags/example_sensors.py took 0.306 seconds
[2025-04-11T15:49:34.661+0000] {processor.py:186} INFO - Started process (PID=1640) to work on /home/airflow/.local/lib/python3.12/site-packages/airflow/example_dags/example_sensors.py
[2025-04-11T15:49:34.664+0000] {processor.py:914} INFO - Processing file /home/airflow/.local/lib/python3.12/site-packages/airflow/example_dags/example_sensors.py for tasks to queue
[2025-04-11T15:49:34.677+0000] {logging_mixin.py:190} INFO - [2025-04-11T15:49:34.677+0000] {dagbag.py:588} INFO - Filling up the DagBag from /home/airflow/.local/lib/python3.12/site-packages/airflow/example_dags/example_sensors.py
[2025-04-11T15:49:34.730+0000] {processor.py:925} INFO - DAG(s) 'example_sensors' retrieved from /home/airflow/.local/lib/python3.12/site-packages/airflow/example_dags/example_sensors.py
[2025-04-11T15:49:34.943+0000] {logging_mixin.py:190} INFO - [2025-04-11T15:49:34.943+0000] {dag.py:3239} INFO - Sync 1 DAGs
[2025-04-11T15:49:35.048+0000] {logging_mixin.py:190} INFO - [2025-04-11T15:49:35.047+0000] {dag.py:4180} INFO - Setting next_dagrun for example_sensors to None, run_after=None
[2025-04-11T15:49:35.142+0000] {processor.py:208} INFO - Processing /home/airflow/.local/lib/python3.12/site-packages/airflow/example_dags/example_sensors.py took 0.614 seconds
