[2025-04-11T15:47:03.529+0000] {processor.py:186} INFO - Started process (PID=302) to work on /home/airflow/.local/lib/python3.12/site-packages/airflow/example_dags/example_display_name.py
[2025-04-11T15:47:03.531+0000] {processor.py:914} INFO - Processing file /home/airflow/.local/lib/python3.12/site-packages/airflow/example_dags/example_display_name.py for tasks to queue
[2025-04-11T15:47:03.534+0000] {logging_mixin.py:190} INFO - [2025-04-11T15:47:03.534+0000] {dagbag.py:588} INFO - Filling up the DagBag from /home/airflow/.local/lib/python3.12/site-packages/airflow/example_dags/example_display_name.py
[2025-04-11T15:47:03.547+0000] {processor.py:925} INFO - DAG(s) 'example_display_name' retrieved from /home/airflow/.local/lib/python3.12/site-packages/airflow/example_dags/example_display_name.py
[2025-04-11T15:47:03.788+0000] {logging_mixin.py:190} INFO - [2025-04-11T15:47:03.786+0000] {override.py:1912} INFO - Created Permission View: can edit on DAG:example_display_name
[2025-04-11T15:47:03.805+0000] {logging_mixin.py:190} INFO - [2025-04-11T15:47:03.805+0000] {override.py:1912} INFO - Created Permission View: can delete on DAG:example_display_name
[2025-04-11T15:47:03.815+0000] {logging_mixin.py:190} INFO - [2025-04-11T15:47:03.815+0000] {override.py:1912} INFO - Created Permission View: can read on DAG:example_display_name
[2025-04-11T15:47:03.827+0000] {logging_mixin.py:190} INFO - [2025-04-11T15:47:03.826+0000] {override.py:1912} INFO - Created Permission View: can create on DAG Run:example_display_name
[2025-04-11T15:47:03.836+0000] {logging_mixin.py:190} INFO - [2025-04-11T15:47:03.836+0000] {override.py:1912} INFO - Created Permission View: menu access on DAG Run:example_display_name
[2025-04-11T15:47:03.848+0000] {logging_mixin.py:190} INFO - [2025-04-11T15:47:03.847+0000] {override.py:1912} INFO - Created Permission View: can delete on DAG Run:example_display_name
[2025-04-11T15:47:03.858+0000] {logging_mixin.py:190} INFO - [2025-04-11T15:47:03.858+0000] {override.py:1912} INFO - Created Permission View: can read on DAG Run:example_display_name
[2025-04-11T15:47:03.859+0000] {logging_mixin.py:190} INFO - [2025-04-11T15:47:03.859+0000] {dag.py:3239} INFO - Sync 1 DAGs
[2025-04-11T15:47:03.880+0000] {logging_mixin.py:190} INFO - [2025-04-11T15:47:03.880+0000] {dag.py:3262} INFO - Creating ORM DAG for example_display_name
[2025-04-11T15:47:03.881+0000] {logging_mixin.py:190} INFO - [2025-04-11T15:47:03.881+0000] {dag.py:4180} INFO - Setting next_dagrun for example_display_name to None, run_after=None
[2025-04-11T15:47:03.904+0000] {processor.py:208} INFO - Processing /home/airflow/.local/lib/python3.12/site-packages/airflow/example_dags/example_display_name.py took 0.389 seconds
[2025-04-11T15:47:36.052+0000] {processor.py:186} INFO - Started process (PID=600) to work on /home/airflow/.local/lib/python3.12/site-packages/airflow/example_dags/example_display_name.py
[2025-04-11T15:47:36.055+0000] {processor.py:914} INFO - Processing file /home/airflow/.local/lib/python3.12/site-packages/airflow/example_dags/example_display_name.py for tasks to queue
[2025-04-11T15:47:36.059+0000] {logging_mixin.py:190} INFO - [2025-04-11T15:47:36.058+0000] {dagbag.py:588} INFO - Filling up the DagBag from /home/airflow/.local/lib/python3.12/site-packages/airflow/example_dags/example_display_name.py
[2025-04-11T15:47:36.080+0000] {processor.py:925} INFO - DAG(s) 'example_display_name' retrieved from /home/airflow/.local/lib/python3.12/site-packages/airflow/example_dags/example_display_name.py
[2025-04-11T15:47:36.123+0000] {logging_mixin.py:190} INFO - [2025-04-11T15:47:36.122+0000] {dag.py:3239} INFO - Sync 1 DAGs
[2025-04-11T15:47:36.156+0000] {logging_mixin.py:190} INFO - [2025-04-11T15:47:36.156+0000] {dag.py:4180} INFO - Setting next_dagrun for example_display_name to None, run_after=None
[2025-04-11T15:47:36.208+0000] {processor.py:208} INFO - Processing /home/airflow/.local/lib/python3.12/site-packages/airflow/example_dags/example_display_name.py took 0.165 seconds
[2025-04-11T15:48:07.506+0000] {processor.py:186} INFO - Started process (PID=899) to work on /home/airflow/.local/lib/python3.12/site-packages/airflow/example_dags/example_display_name.py
[2025-04-11T15:48:07.509+0000] {processor.py:914} INFO - Processing file /home/airflow/.local/lib/python3.12/site-packages/airflow/example_dags/example_display_name.py for tasks to queue
[2025-04-11T15:48:07.515+0000] {logging_mixin.py:190} INFO - [2025-04-11T15:48:07.514+0000] {dagbag.py:588} INFO - Filling up the DagBag from /home/airflow/.local/lib/python3.12/site-packages/airflow/example_dags/example_display_name.py
[2025-04-11T15:48:07.528+0000] {processor.py:925} INFO - DAG(s) 'example_display_name' retrieved from /home/airflow/.local/lib/python3.12/site-packages/airflow/example_dags/example_display_name.py
[2025-04-11T15:48:07.564+0000] {logging_mixin.py:190} INFO - [2025-04-11T15:48:07.563+0000] {dag.py:3239} INFO - Sync 1 DAGs
[2025-04-11T15:48:07.609+0000] {logging_mixin.py:190} INFO - [2025-04-11T15:48:07.609+0000] {dag.py:4180} INFO - Setting next_dagrun for example_display_name to None, run_after=None
[2025-04-11T15:48:07.642+0000] {processor.py:208} INFO - Processing /home/airflow/.local/lib/python3.12/site-packages/airflow/example_dags/example_display_name.py took 0.150 seconds
[2025-04-11T15:48:38.359+0000] {processor.py:186} INFO - Started process (PID=1200) to work on /home/airflow/.local/lib/python3.12/site-packages/airflow/example_dags/example_display_name.py
[2025-04-11T15:48:38.362+0000] {processor.py:914} INFO - Processing file /home/airflow/.local/lib/python3.12/site-packages/airflow/example_dags/example_display_name.py for tasks to queue
[2025-04-11T15:48:38.369+0000] {logging_mixin.py:190} INFO - [2025-04-11T15:48:38.368+0000] {dagbag.py:588} INFO - Filling up the DagBag from /home/airflow/.local/lib/python3.12/site-packages/airflow/example_dags/example_display_name.py
[2025-04-11T15:48:38.385+0000] {processor.py:925} INFO - DAG(s) 'example_display_name' retrieved from /home/airflow/.local/lib/python3.12/site-packages/airflow/example_dags/example_display_name.py
[2025-04-11T15:48:38.422+0000] {logging_mixin.py:190} INFO - [2025-04-11T15:48:38.421+0000] {dag.py:3239} INFO - Sync 1 DAGs
[2025-04-11T15:48:38.461+0000] {logging_mixin.py:190} INFO - [2025-04-11T15:48:38.460+0000] {dag.py:4180} INFO - Setting next_dagrun for example_display_name to None, run_after=None
[2025-04-11T15:48:38.502+0000] {processor.py:208} INFO - Processing /home/airflow/.local/lib/python3.12/site-packages/airflow/example_dags/example_display_name.py took 0.157 seconds
[2025-04-11T15:49:09.419+0000] {processor.py:186} INFO - Started process (PID=1501) to work on /home/airflow/.local/lib/python3.12/site-packages/airflow/example_dags/example_display_name.py
[2025-04-11T15:49:09.420+0000] {processor.py:914} INFO - Processing file /home/airflow/.local/lib/python3.12/site-packages/airflow/example_dags/example_display_name.py for tasks to queue
[2025-04-11T15:49:09.424+0000] {logging_mixin.py:190} INFO - [2025-04-11T15:49:09.423+0000] {dagbag.py:588} INFO - Filling up the DagBag from /home/airflow/.local/lib/python3.12/site-packages/airflow/example_dags/example_display_name.py
[2025-04-11T15:49:09.441+0000] {processor.py:925} INFO - DAG(s) 'example_display_name' retrieved from /home/airflow/.local/lib/python3.12/site-packages/airflow/example_dags/example_display_name.py
[2025-04-11T15:49:09.473+0000] {logging_mixin.py:190} INFO - [2025-04-11T15:49:09.473+0000] {dag.py:3239} INFO - Sync 1 DAGs
[2025-04-11T15:49:09.500+0000] {logging_mixin.py:190} INFO - [2025-04-11T15:49:09.500+0000] {dag.py:4180} INFO - Setting next_dagrun for example_display_name to None, run_after=None
[2025-04-11T15:49:09.532+0000] {processor.py:208} INFO - Processing /home/airflow/.local/lib/python3.12/site-packages/airflow/example_dags/example_display_name.py took 0.127 seconds
