[2025-04-11T15:47:22.787+0000] {processor.py:186} INFO - Started process (PID=357) to work on /home/airflow/.local/lib/python3.12/site-packages/airflow/example_dags/example_branch_operator_decorator.py
[2025-04-11T15:47:22.790+0000] {processor.py:914} INFO - Processing file /home/airflow/.local/lib/python3.12/site-packages/airflow/example_dags/example_branch_operator_decorator.py for tasks to queue
[2025-04-11T15:47:22.794+0000] {logging_mixin.py:190} INFO - [2025-04-11T15:47:22.793+0000] {dagbag.py:588} INFO - Filling up the DagBag from /home/airflow/.local/lib/python3.12/site-packages/airflow/example_dags/example_branch_operator_decorator.py
[2025-04-11T15:47:22.848+0000] {processor.py:925} INFO - DAG(s) 'example_branch_python_operator_decorator' retrieved from /home/airflow/.local/lib/python3.12/site-packages/airflow/example_dags/example_branch_operator_decorator.py
[2025-04-11T15:47:23.012+0000] {logging_mixin.py:190} INFO - [2025-04-11T15:47:23.011+0000] {override.py:1912} INFO - Created Permission View: can edit on DAG:example_branch_python_operator_decorator
[2025-04-11T15:47:23.024+0000] {logging_mixin.py:190} INFO - [2025-04-11T15:47:23.023+0000] {override.py:1912} INFO - Created Permission View: can delete on DAG:example_branch_python_operator_decorator
[2025-04-11T15:47:23.035+0000] {logging_mixin.py:190} INFO - [2025-04-11T15:47:23.035+0000] {override.py:1912} INFO - Created Permission View: can read on DAG:example_branch_python_operator_decorator
[2025-04-11T15:47:23.045+0000] {logging_mixin.py:190} INFO - [2025-04-11T15:47:23.044+0000] {override.py:1912} INFO - Created Permission View: can create on DAG Run:example_branch_python_operator_decorator
[2025-04-11T15:47:23.054+0000] {logging_mixin.py:190} INFO - [2025-04-11T15:47:23.053+0000] {override.py:1912} INFO - Created Permission View: menu access on DAG Run:example_branch_python_operator_decorator
[2025-04-11T15:47:23.063+0000] {logging_mixin.py:190} INFO - [2025-04-11T15:47:23.062+0000] {override.py:1912} INFO - Created Permission View: can delete on DAG Run:example_branch_python_operator_decorator
[2025-04-11T15:47:23.072+0000] {logging_mixin.py:190} INFO - [2025-04-11T15:47:23.071+0000] {override.py:1912} INFO - Created Permission View: can read on DAG Run:example_branch_python_operator_decorator
[2025-04-11T15:47:23.073+0000] {logging_mixin.py:190} INFO - [2025-04-11T15:47:23.072+0000] {dag.py:3239} INFO - Sync 1 DAGs
[2025-04-11T15:47:23.092+0000] {logging_mixin.py:190} INFO - [2025-04-11T15:47:23.091+0000] {dag.py:3262} INFO - Creating ORM DAG for example_branch_python_operator_decorator
[2025-04-11T15:47:23.105+0000] {logging_mixin.py:190} INFO - [2025-04-11T15:47:23.105+0000] {dag.py:4180} INFO - Setting next_dagrun for example_branch_python_operator_decorator to 2025-04-10 00:00:00+00:00, run_after=2025-04-11 00:00:00+00:00
[2025-04-11T15:47:23.131+0000] {processor.py:208} INFO - Processing /home/airflow/.local/lib/python3.12/site-packages/airflow/example_dags/example_branch_operator_decorator.py took 0.357 seconds
[2025-04-11T15:47:53.440+0000] {processor.py:186} INFO - Started process (PID=653) to work on /home/airflow/.local/lib/python3.12/site-packages/airflow/example_dags/example_branch_operator_decorator.py
[2025-04-11T15:47:53.442+0000] {processor.py:914} INFO - Processing file /home/airflow/.local/lib/python3.12/site-packages/airflow/example_dags/example_branch_operator_decorator.py for tasks to queue
[2025-04-11T15:47:53.448+0000] {logging_mixin.py:190} INFO - [2025-04-11T15:47:53.446+0000] {dagbag.py:588} INFO - Filling up the DagBag from /home/airflow/.local/lib/python3.12/site-packages/airflow/example_dags/example_branch_operator_decorator.py
[2025-04-11T15:47:53.499+0000] {processor.py:925} INFO - DAG(s) 'example_branch_python_operator_decorator' retrieved from /home/airflow/.local/lib/python3.12/site-packages/airflow/example_dags/example_branch_operator_decorator.py
[2025-04-11T15:47:53.559+0000] {logging_mixin.py:190} INFO - [2025-04-11T15:47:53.559+0000] {dag.py:3239} INFO - Sync 1 DAGs
[2025-04-11T15:47:53.610+0000] {logging_mixin.py:190} INFO - [2025-04-11T15:47:53.610+0000] {dag.py:4180} INFO - Setting next_dagrun for example_branch_python_operator_decorator to 2025-04-10 00:00:00+00:00, run_after=2025-04-11 00:00:00+00:00
[2025-04-11T15:47:53.640+0000] {processor.py:208} INFO - Processing /home/airflow/.local/lib/python3.12/site-packages/airflow/example_dags/example_branch_operator_decorator.py took 0.210 seconds
[2025-04-11T15:48:24.522+0000] {processor.py:186} INFO - Started process (PID=954) to work on /home/airflow/.local/lib/python3.12/site-packages/airflow/example_dags/example_branch_operator_decorator.py
[2025-04-11T15:48:24.524+0000] {processor.py:914} INFO - Processing file /home/airflow/.local/lib/python3.12/site-packages/airflow/example_dags/example_branch_operator_decorator.py for tasks to queue
[2025-04-11T15:48:24.526+0000] {logging_mixin.py:190} INFO - [2025-04-11T15:48:24.526+0000] {dagbag.py:588} INFO - Filling up the DagBag from /home/airflow/.local/lib/python3.12/site-packages/airflow/example_dags/example_branch_operator_decorator.py
[2025-04-11T15:48:24.559+0000] {processor.py:925} INFO - DAG(s) 'example_branch_python_operator_decorator' retrieved from /home/airflow/.local/lib/python3.12/site-packages/airflow/example_dags/example_branch_operator_decorator.py
[2025-04-11T15:48:24.622+0000] {logging_mixin.py:190} INFO - [2025-04-11T15:48:24.621+0000] {dag.py:3239} INFO - Sync 1 DAGs
[2025-04-11T15:48:24.669+0000] {logging_mixin.py:190} INFO - [2025-04-11T15:48:24.669+0000] {dag.py:4180} INFO - Setting next_dagrun for example_branch_python_operator_decorator to 2025-04-10 00:00:00+00:00, run_after=2025-04-11 00:00:00+00:00
[2025-04-11T15:48:24.724+0000] {processor.py:208} INFO - Processing /home/airflow/.local/lib/python3.12/site-packages/airflow/example_dags/example_branch_operator_decorator.py took 0.210 seconds
[2025-04-11T15:48:54.823+0000] {processor.py:186} INFO - Started process (PID=1252) to work on /home/airflow/.local/lib/python3.12/site-packages/airflow/example_dags/example_branch_operator_decorator.py
[2025-04-11T15:48:54.825+0000] {processor.py:914} INFO - Processing file /home/airflow/.local/lib/python3.12/site-packages/airflow/example_dags/example_branch_operator_decorator.py for tasks to queue
[2025-04-11T15:48:54.828+0000] {logging_mixin.py:190} INFO - [2025-04-11T15:48:54.827+0000] {dagbag.py:588} INFO - Filling up the DagBag from /home/airflow/.local/lib/python3.12/site-packages/airflow/example_dags/example_branch_operator_decorator.py
[2025-04-11T15:48:54.855+0000] {processor.py:925} INFO - DAG(s) 'example_branch_python_operator_decorator' retrieved from /home/airflow/.local/lib/python3.12/site-packages/airflow/example_dags/example_branch_operator_decorator.py
[2025-04-11T15:48:54.891+0000] {logging_mixin.py:190} INFO - [2025-04-11T15:48:54.891+0000] {dag.py:3239} INFO - Sync 1 DAGs
[2025-04-11T15:48:54.924+0000] {logging_mixin.py:190} INFO - [2025-04-11T15:48:54.924+0000] {dag.py:4180} INFO - Setting next_dagrun for example_branch_python_operator_decorator to 2025-04-10 00:00:00+00:00, run_after=2025-04-11 00:00:00+00:00
[2025-04-11T15:48:54.958+0000] {processor.py:208} INFO - Processing /home/airflow/.local/lib/python3.12/site-packages/airflow/example_dags/example_branch_operator_decorator.py took 0.142 seconds
[2025-04-11T15:49:26.031+0000] {processor.py:186} INFO - Started process (PID=1551) to work on /home/airflow/.local/lib/python3.12/site-packages/airflow/example_dags/example_branch_operator_decorator.py
[2025-04-11T15:49:26.032+0000] {processor.py:914} INFO - Processing file /home/airflow/.local/lib/python3.12/site-packages/airflow/example_dags/example_branch_operator_decorator.py for tasks to queue
[2025-04-11T15:49:26.034+0000] {logging_mixin.py:190} INFO - [2025-04-11T15:49:26.034+0000] {dagbag.py:588} INFO - Filling up the DagBag from /home/airflow/.local/lib/python3.12/site-packages/airflow/example_dags/example_branch_operator_decorator.py
[2025-04-11T15:49:26.056+0000] {processor.py:925} INFO - DAG(s) 'example_branch_python_operator_decorator' retrieved from /home/airflow/.local/lib/python3.12/site-packages/airflow/example_dags/example_branch_operator_decorator.py
[2025-04-11T15:49:26.085+0000] {logging_mixin.py:190} INFO - [2025-04-11T15:49:26.085+0000] {dag.py:3239} INFO - Sync 1 DAGs
[2025-04-11T15:49:26.109+0000] {logging_mixin.py:190} INFO - [2025-04-11T15:49:26.108+0000] {dag.py:4180} INFO - Setting next_dagrun for example_branch_python_operator_decorator to 2025-04-10 00:00:00+00:00, run_after=2025-04-11 00:00:00+00:00
[2025-04-11T15:49:26.129+0000] {processor.py:208} INFO - Processing /home/airflow/.local/lib/python3.12/site-packages/airflow/example_dags/example_branch_operator_decorator.py took 0.104 seconds
