[2025-04-11T15:47:04.430+0000] {processor.py:186} INFO - Started process (PID=312) to work on /home/airflow/.local/lib/python3.12/site-packages/airflow/example_dags/example_subdag_operator.py
[2025-04-11T15:47:04.432+0000] {processor.py:914} INFO - Processing file /home/airflow/.local/lib/python3.12/site-packages/airflow/example_dags/example_subdag_operator.py for tasks to queue
[2025-04-11T15:47:04.435+0000] {logging_mixin.py:190} INFO - [2025-04-11T15:47:04.435+0000] {dagbag.py:588} INFO - Filling up the DagBag from /home/airflow/.local/lib/python3.12/site-packages/airflow/example_dags/example_subdag_operator.py
[2025-04-11T15:47:04.483+0000] {processor.py:925} INFO - DAG(s) 'example_subdag_operator.section-1', 'example_subdag_operator.section-2', 'example_subdag_operator' retrieved from /home/airflow/.local/lib/python3.12/site-packages/airflow/example_dags/example_subdag_operator.py
[2025-04-11T15:47:04.757+0000] {logging_mixin.py:190} INFO - [2025-04-11T15:47:04.755+0000] {override.py:1912} INFO - Created Permission View: can edit on DAG:example_subdag_operator
[2025-04-11T15:47:04.774+0000] {logging_mixin.py:190} INFO - [2025-04-11T15:47:04.774+0000] {override.py:1912} INFO - Created Permission View: can delete on DAG:example_subdag_operator
[2025-04-11T15:47:04.789+0000] {logging_mixin.py:190} INFO - [2025-04-11T15:47:04.789+0000] {override.py:1912} INFO - Created Permission View: can read on DAG:example_subdag_operator
[2025-04-11T15:47:04.802+0000] {logging_mixin.py:190} INFO - [2025-04-11T15:47:04.801+0000] {override.py:1912} INFO - Created Permission View: can create on DAG Run:example_subdag_operator
[2025-04-11T15:47:04.812+0000] {logging_mixin.py:190} INFO - [2025-04-11T15:47:04.812+0000] {override.py:1912} INFO - Created Permission View: menu access on DAG Run:example_subdag_operator
[2025-04-11T15:47:04.831+0000] {logging_mixin.py:190} INFO - [2025-04-11T15:47:04.831+0000] {override.py:1912} INFO - Created Permission View: can delete on DAG Run:example_subdag_operator
[2025-04-11T15:47:04.844+0000] {logging_mixin.py:190} INFO - [2025-04-11T15:47:04.844+0000] {override.py:1912} INFO - Created Permission View: can read on DAG Run:example_subdag_operator
[2025-04-11T15:47:04.845+0000] {logging_mixin.py:190} INFO - [2025-04-11T15:47:04.845+0000] {dag.py:3239} INFO - Sync 3 DAGs
[2025-04-11T15:47:04.876+0000] {logging_mixin.py:190} INFO - [2025-04-11T15:47:04.876+0000] {dag.py:3262} INFO - Creating ORM DAG for example_subdag_operator.section-2
[2025-04-11T15:47:04.878+0000] {logging_mixin.py:190} INFO - [2025-04-11T15:47:04.878+0000] {dag.py:3262} INFO - Creating ORM DAG for example_subdag_operator
[2025-04-11T15:47:04.880+0000] {logging_mixin.py:190} INFO - [2025-04-11T15:47:04.880+0000] {dag.py:3262} INFO - Creating ORM DAG for example_subdag_operator.section-1
[2025-04-11T15:47:04.902+0000] {logging_mixin.py:190} INFO - [2025-04-11T15:47:04.902+0000] {dag.py:4180} INFO - Setting next_dagrun for example_subdag_operator to 2022-01-01 00:00:00+00:00, run_after=2022-01-01 00:00:00+00:00
[2025-04-11T15:47:04.904+0000] {logging_mixin.py:190} INFO - [2025-04-11T15:47:04.904+0000] {dag.py:4180} INFO - Setting next_dagrun for example_subdag_operator.section-1 to None, run_after=None
[2025-04-11T15:47:04.906+0000] {logging_mixin.py:190} INFO - [2025-04-11T15:47:04.905+0000] {dag.py:4180} INFO - Setting next_dagrun for example_subdag_operator.section-2 to None, run_after=None
[2025-04-11T15:47:04.928+0000] {logging_mixin.py:190} INFO - [2025-04-11T15:47:04.927+0000] {dag.py:3239} INFO - Sync 2 DAGs
[2025-04-11T15:47:04.940+0000] {logging_mixin.py:190} INFO - [2025-04-11T15:47:04.940+0000] {dag.py:4180} INFO - Setting next_dagrun for example_subdag_operator.section-1 to None, run_after=None
[2025-04-11T15:47:04.949+0000] {logging_mixin.py:190} INFO - [2025-04-11T15:47:04.948+0000] {dag.py:4180} INFO - Setting next_dagrun for example_subdag_operator.section-2 to None, run_after=None
[2025-04-11T15:47:04.974+0000] {processor.py:208} INFO - Processing /home/airflow/.local/lib/python3.12/site-packages/airflow/example_dags/example_subdag_operator.py took 0.553 seconds
[2025-04-11T15:47:36.272+0000] {processor.py:186} INFO - Started process (PID=608) to work on /home/airflow/.local/lib/python3.12/site-packages/airflow/example_dags/example_subdag_operator.py
[2025-04-11T15:47:36.274+0000] {processor.py:914} INFO - Processing file /home/airflow/.local/lib/python3.12/site-packages/airflow/example_dags/example_subdag_operator.py for tasks to queue
[2025-04-11T15:47:36.277+0000] {logging_mixin.py:190} INFO - [2025-04-11T15:47:36.276+0000] {dagbag.py:588} INFO - Filling up the DagBag from /home/airflow/.local/lib/python3.12/site-packages/airflow/example_dags/example_subdag_operator.py
[2025-04-11T15:47:36.315+0000] {processor.py:925} INFO - DAG(s) 'example_subdag_operator.section-1', 'example_subdag_operator.section-2', 'example_subdag_operator' retrieved from /home/airflow/.local/lib/python3.12/site-packages/airflow/example_dags/example_subdag_operator.py
[2025-04-11T15:47:36.342+0000] {logging_mixin.py:190} INFO - [2025-04-11T15:47:36.341+0000] {dag.py:3239} INFO - Sync 3 DAGs
[2025-04-11T15:47:36.376+0000] {logging_mixin.py:190} INFO - [2025-04-11T15:47:36.375+0000] {dag.py:4180} INFO - Setting next_dagrun for example_subdag_operator to 2022-01-01 00:00:00+00:00, run_after=2022-01-01 00:00:00+00:00
[2025-04-11T15:47:36.381+0000] {logging_mixin.py:190} INFO - [2025-04-11T15:47:36.381+0000] {dag.py:4180} INFO - Setting next_dagrun for example_subdag_operator.section-1 to None, run_after=None
[2025-04-11T15:47:36.383+0000] {logging_mixin.py:190} INFO - [2025-04-11T15:47:36.383+0000] {dag.py:4180} INFO - Setting next_dagrun for example_subdag_operator.section-2 to None, run_after=None
[2025-04-11T15:47:36.396+0000] {logging_mixin.py:190} INFO - [2025-04-11T15:47:36.395+0000] {dag.py:3239} INFO - Sync 2 DAGs
[2025-04-11T15:47:36.405+0000] {logging_mixin.py:190} INFO - [2025-04-11T15:47:36.404+0000] {dag.py:4180} INFO - Setting next_dagrun for example_subdag_operator.section-1 to None, run_after=None
[2025-04-11T15:47:36.406+0000] {logging_mixin.py:190} INFO - [2025-04-11T15:47:36.405+0000] {dag.py:4180} INFO - Setting next_dagrun for example_subdag_operator.section-2 to None, run_after=None
[2025-04-11T15:47:36.439+0000] {processor.py:208} INFO - Processing /home/airflow/.local/lib/python3.12/site-packages/airflow/example_dags/example_subdag_operator.py took 0.175 seconds
[2025-04-11T15:48:07.707+0000] {processor.py:186} INFO - Started process (PID=909) to work on /home/airflow/.local/lib/python3.12/site-packages/airflow/example_dags/example_subdag_operator.py
[2025-04-11T15:48:07.708+0000] {processor.py:914} INFO - Processing file /home/airflow/.local/lib/python3.12/site-packages/airflow/example_dags/example_subdag_operator.py for tasks to queue
[2025-04-11T15:48:07.713+0000] {logging_mixin.py:190} INFO - [2025-04-11T15:48:07.712+0000] {dagbag.py:588} INFO - Filling up the DagBag from /home/airflow/.local/lib/python3.12/site-packages/airflow/example_dags/example_subdag_operator.py
[2025-04-11T15:48:07.774+0000] {processor.py:925} INFO - DAG(s) 'example_subdag_operator.section-1', 'example_subdag_operator.section-2', 'example_subdag_operator' retrieved from /home/airflow/.local/lib/python3.12/site-packages/airflow/example_dags/example_subdag_operator.py
[2025-04-11T15:48:07.814+0000] {logging_mixin.py:190} INFO - [2025-04-11T15:48:07.814+0000] {dag.py:3239} INFO - Sync 3 DAGs
[2025-04-11T15:48:07.906+0000] {logging_mixin.py:190} INFO - [2025-04-11T15:48:07.906+0000] {dag.py:4180} INFO - Setting next_dagrun for example_subdag_operator to 2022-01-01 00:00:00+00:00, run_after=2022-01-01 00:00:00+00:00
[2025-04-11T15:48:07.916+0000] {logging_mixin.py:190} INFO - [2025-04-11T15:48:07.916+0000] {dag.py:4180} INFO - Setting next_dagrun for example_subdag_operator.section-1 to None, run_after=None
[2025-04-11T15:48:07.919+0000] {logging_mixin.py:190} INFO - [2025-04-11T15:48:07.919+0000] {dag.py:4180} INFO - Setting next_dagrun for example_subdag_operator.section-2 to None, run_after=None
[2025-04-11T15:48:07.933+0000] {logging_mixin.py:190} INFO - [2025-04-11T15:48:07.932+0000] {dag.py:3239} INFO - Sync 2 DAGs
[2025-04-11T15:48:07.943+0000] {logging_mixin.py:190} INFO - [2025-04-11T15:48:07.943+0000] {dag.py:4180} INFO - Setting next_dagrun for example_subdag_operator.section-1 to None, run_after=None
[2025-04-11T15:48:07.944+0000] {logging_mixin.py:190} INFO - [2025-04-11T15:48:07.944+0000] {dag.py:4180} INFO - Setting next_dagrun for example_subdag_operator.section-2 to None, run_after=None
[2025-04-11T15:48:07.964+0000] {processor.py:208} INFO - Processing /home/airflow/.local/lib/python3.12/site-packages/airflow/example_dags/example_subdag_operator.py took 0.275 seconds
[2025-04-11T15:48:39.001+0000] {processor.py:186} INFO - Started process (PID=1212) to work on /home/airflow/.local/lib/python3.12/site-packages/airflow/example_dags/example_subdag_operator.py
[2025-04-11T15:48:39.003+0000] {processor.py:914} INFO - Processing file /home/airflow/.local/lib/python3.12/site-packages/airflow/example_dags/example_subdag_operator.py for tasks to queue
[2025-04-11T15:48:39.007+0000] {logging_mixin.py:190} INFO - [2025-04-11T15:48:39.006+0000] {dagbag.py:588} INFO - Filling up the DagBag from /home/airflow/.local/lib/python3.12/site-packages/airflow/example_dags/example_subdag_operator.py
[2025-04-11T15:48:39.060+0000] {processor.py:925} INFO - DAG(s) 'example_subdag_operator.section-1', 'example_subdag_operator.section-2', 'example_subdag_operator' retrieved from /home/airflow/.local/lib/python3.12/site-packages/airflow/example_dags/example_subdag_operator.py
[2025-04-11T15:48:39.093+0000] {logging_mixin.py:190} INFO - [2025-04-11T15:48:39.092+0000] {dag.py:3239} INFO - Sync 3 DAGs
[2025-04-11T15:48:39.143+0000] {logging_mixin.py:190} INFO - [2025-04-11T15:48:39.143+0000] {dag.py:4180} INFO - Setting next_dagrun for example_subdag_operator to 2022-01-01 00:00:00+00:00, run_after=2022-01-01 00:00:00+00:00
[2025-04-11T15:48:39.154+0000] {logging_mixin.py:190} INFO - [2025-04-11T15:48:39.153+0000] {dag.py:4180} INFO - Setting next_dagrun for example_subdag_operator.section-1 to None, run_after=None
[2025-04-11T15:48:39.156+0000] {logging_mixin.py:190} INFO - [2025-04-11T15:48:39.156+0000] {dag.py:4180} INFO - Setting next_dagrun for example_subdag_operator.section-2 to None, run_after=None
[2025-04-11T15:48:39.172+0000] {logging_mixin.py:190} INFO - [2025-04-11T15:48:39.171+0000] {dag.py:3239} INFO - Sync 2 DAGs
[2025-04-11T15:48:39.190+0000] {logging_mixin.py:190} INFO - [2025-04-11T15:48:39.186+0000] {dag.py:4180} INFO - Setting next_dagrun for example_subdag_operator.section-1 to None, run_after=None
[2025-04-11T15:48:39.191+0000] {logging_mixin.py:190} INFO - [2025-04-11T15:48:39.191+0000] {dag.py:4180} INFO - Setting next_dagrun for example_subdag_operator.section-2 to None, run_after=None
[2025-04-11T15:48:39.223+0000] {processor.py:208} INFO - Processing /home/airflow/.local/lib/python3.12/site-packages/airflow/example_dags/example_subdag_operator.py took 0.235 seconds
[2025-04-11T15:49:09.625+0000] {processor.py:186} INFO - Started process (PID=1511) to work on /home/airflow/.local/lib/python3.12/site-packages/airflow/example_dags/example_subdag_operator.py
[2025-04-11T15:49:09.626+0000] {processor.py:914} INFO - Processing file /home/airflow/.local/lib/python3.12/site-packages/airflow/example_dags/example_subdag_operator.py for tasks to queue
[2025-04-11T15:49:09.630+0000] {logging_mixin.py:190} INFO - [2025-04-11T15:49:09.629+0000] {dagbag.py:588} INFO - Filling up the DagBag from /home/airflow/.local/lib/python3.12/site-packages/airflow/example_dags/example_subdag_operator.py
[2025-04-11T15:49:09.674+0000] {processor.py:925} INFO - DAG(s) 'example_subdag_operator.section-1', 'example_subdag_operator.section-2', 'example_subdag_operator' retrieved from /home/airflow/.local/lib/python3.12/site-packages/airflow/example_dags/example_subdag_operator.py
[2025-04-11T15:49:09.701+0000] {logging_mixin.py:190} INFO - [2025-04-11T15:49:09.701+0000] {dag.py:3239} INFO - Sync 3 DAGs
[2025-04-11T15:49:09.746+0000] {logging_mixin.py:190} INFO - [2025-04-11T15:49:09.746+0000] {dag.py:4180} INFO - Setting next_dagrun for example_subdag_operator to 2022-01-01 00:00:00+00:00, run_after=2022-01-01 00:00:00+00:00
[2025-04-11T15:49:09.756+0000] {logging_mixin.py:190} INFO - [2025-04-11T15:49:09.756+0000] {dag.py:4180} INFO - Setting next_dagrun for example_subdag_operator.section-1 to None, run_after=None
[2025-04-11T15:49:09.761+0000] {logging_mixin.py:190} INFO - [2025-04-11T15:49:09.760+0000] {dag.py:4180} INFO - Setting next_dagrun for example_subdag_operator.section-2 to None, run_after=None
[2025-04-11T15:49:09.774+0000] {logging_mixin.py:190} INFO - [2025-04-11T15:49:09.773+0000] {dag.py:3239} INFO - Sync 2 DAGs
[2025-04-11T15:49:09.785+0000] {logging_mixin.py:190} INFO - [2025-04-11T15:49:09.785+0000] {dag.py:4180} INFO - Setting next_dagrun for example_subdag_operator.section-1 to None, run_after=None
[2025-04-11T15:49:09.786+0000] {logging_mixin.py:190} INFO - [2025-04-11T15:49:09.786+0000] {dag.py:4180} INFO - Setting next_dagrun for example_subdag_operator.section-2 to None, run_after=None
[2025-04-11T15:49:09.810+0000] {processor.py:208} INFO - Processing /home/airflow/.local/lib/python3.12/site-packages/airflow/example_dags/example_subdag_operator.py took 0.194 seconds
