[2025-04-11T15:47:31.476+0000] {processor.py:186} INFO - Started process (PID=463) to work on /home/airflow/.local/lib/python3.12/site-packages/airflow/example_dags/example_external_task_marker_dag.py
[2025-04-11T15:47:31.480+0000] {processor.py:914} INFO - Processing file /home/airflow/.local/lib/python3.12/site-packages/airflow/example_dags/example_external_task_marker_dag.py for tasks to queue
[2025-04-11T15:47:31.488+0000] {logging_mixin.py:190} INFO - [2025-04-11T15:47:31.487+0000] {dagbag.py:588} INFO - Filling up the DagBag from /home/airflow/.local/lib/python3.12/site-packages/airflow/example_dags/example_external_task_marker_dag.py
[2025-04-11T15:47:31.510+0000] {processor.py:925} INFO - DAG(s) 'example_external_task_marker_parent', 'example_external_task_marker_child' retrieved from /home/airflow/.local/lib/python3.12/site-packages/airflow/example_dags/example_external_task_marker_dag.py
[2025-04-11T15:47:31.715+0000] {logging_mixin.py:190} INFO - [2025-04-11T15:47:31.713+0000] {override.py:1912} INFO - Created Permission View: can edit on DAG:example_external_task_marker_parent
[2025-04-11T15:47:31.738+0000] {logging_mixin.py:190} INFO - [2025-04-11T15:47:31.737+0000] {override.py:1912} INFO - Created Permission View: can delete on DAG:example_external_task_marker_parent
[2025-04-11T15:47:31.751+0000] {logging_mixin.py:190} INFO - [2025-04-11T15:47:31.751+0000] {override.py:1912} INFO - Created Permission View: can read on DAG:example_external_task_marker_parent
[2025-04-11T15:47:31.780+0000] {logging_mixin.py:190} INFO - [2025-04-11T15:47:31.780+0000] {override.py:1912} INFO - Created Permission View: can create on DAG Run:example_external_task_marker_parent
[2025-04-11T15:47:31.795+0000] {logging_mixin.py:190} INFO - [2025-04-11T15:47:31.795+0000] {override.py:1912} INFO - Created Permission View: menu access on DAG Run:example_external_task_marker_parent
[2025-04-11T15:47:31.824+0000] {logging_mixin.py:190} INFO - [2025-04-11T15:47:31.823+0000] {override.py:1912} INFO - Created Permission View: can delete on DAG Run:example_external_task_marker_parent
[2025-04-11T15:47:31.858+0000] {logging_mixin.py:190} INFO - [2025-04-11T15:47:31.858+0000] {override.py:1912} INFO - Created Permission View: can read on DAG Run:example_external_task_marker_parent
[2025-04-11T15:47:31.879+0000] {logging_mixin.py:190} INFO - [2025-04-11T15:47:31.878+0000] {override.py:1912} INFO - Created Permission View: can edit on DAG:example_external_task_marker_child
[2025-04-11T15:47:31.899+0000] {logging_mixin.py:190} INFO - [2025-04-11T15:47:31.898+0000] {override.py:1912} INFO - Created Permission View: can delete on DAG:example_external_task_marker_child
[2025-04-11T15:47:31.910+0000] {logging_mixin.py:190} INFO - [2025-04-11T15:47:31.909+0000] {override.py:1912} INFO - Created Permission View: can read on DAG:example_external_task_marker_child
[2025-04-11T15:47:31.923+0000] {logging_mixin.py:190} INFO - [2025-04-11T15:47:31.923+0000] {override.py:1912} INFO - Created Permission View: can create on DAG Run:example_external_task_marker_child
[2025-04-11T15:47:31.934+0000] {logging_mixin.py:190} INFO - [2025-04-11T15:47:31.934+0000] {override.py:1912} INFO - Created Permission View: menu access on DAG Run:example_external_task_marker_child
[2025-04-11T15:47:31.944+0000] {logging_mixin.py:190} INFO - [2025-04-11T15:47:31.944+0000] {override.py:1912} INFO - Created Permission View: can delete on DAG Run:example_external_task_marker_child
[2025-04-11T15:47:31.968+0000] {logging_mixin.py:190} INFO - [2025-04-11T15:47:31.967+0000] {override.py:1912} INFO - Created Permission View: can read on DAG Run:example_external_task_marker_child
[2025-04-11T15:47:31.969+0000] {logging_mixin.py:190} INFO - [2025-04-11T15:47:31.968+0000] {dag.py:3239} INFO - Sync 2 DAGs
[2025-04-11T15:47:32.004+0000] {logging_mixin.py:190} INFO - [2025-04-11T15:47:32.003+0000] {dag.py:3262} INFO - Creating ORM DAG for example_external_task_marker_parent
[2025-04-11T15:47:32.006+0000] {logging_mixin.py:190} INFO - [2025-04-11T15:47:32.006+0000] {dag.py:3262} INFO - Creating ORM DAG for example_external_task_marker_child
[2025-04-11T15:47:32.008+0000] {logging_mixin.py:190} INFO - [2025-04-11T15:47:32.008+0000] {dag.py:4180} INFO - Setting next_dagrun for example_external_task_marker_child to None, run_after=None
[2025-04-11T15:47:32.010+0000] {logging_mixin.py:190} INFO - [2025-04-11T15:47:32.010+0000] {dag.py:4180} INFO - Setting next_dagrun for example_external_task_marker_parent to None, run_after=None
[2025-04-11T15:47:32.047+0000] {processor.py:208} INFO - Processing /home/airflow/.local/lib/python3.12/site-packages/airflow/example_dags/example_external_task_marker_dag.py took 0.579 seconds
[2025-04-11T15:48:02.684+0000] {processor.py:186} INFO - Started process (PID=764) to work on /home/airflow/.local/lib/python3.12/site-packages/airflow/example_dags/example_external_task_marker_dag.py
[2025-04-11T15:48:02.688+0000] {processor.py:914} INFO - Processing file /home/airflow/.local/lib/python3.12/site-packages/airflow/example_dags/example_external_task_marker_dag.py for tasks to queue
[2025-04-11T15:48:02.694+0000] {logging_mixin.py:190} INFO - [2025-04-11T15:48:02.693+0000] {dagbag.py:588} INFO - Filling up the DagBag from /home/airflow/.local/lib/python3.12/site-packages/airflow/example_dags/example_external_task_marker_dag.py
[2025-04-11T15:48:02.726+0000] {processor.py:925} INFO - DAG(s) 'example_external_task_marker_child', 'example_external_task_marker_parent' retrieved from /home/airflow/.local/lib/python3.12/site-packages/airflow/example_dags/example_external_task_marker_dag.py
[2025-04-11T15:48:02.776+0000] {logging_mixin.py:190} INFO - [2025-04-11T15:48:02.776+0000] {dag.py:3239} INFO - Sync 2 DAGs
[2025-04-11T15:48:02.808+0000] {logging_mixin.py:190} INFO - [2025-04-11T15:48:02.807+0000] {dag.py:4180} INFO - Setting next_dagrun for example_external_task_marker_child to None, run_after=None
[2025-04-11T15:48:02.817+0000] {logging_mixin.py:190} INFO - [2025-04-11T15:48:02.816+0000] {dag.py:4180} INFO - Setting next_dagrun for example_external_task_marker_parent to None, run_after=None
[2025-04-11T15:48:02.855+0000] {processor.py:208} INFO - Processing /home/airflow/.local/lib/python3.12/site-packages/airflow/example_dags/example_external_task_marker_dag.py took 0.188 seconds
[2025-04-11T15:48:33.228+0000] {processor.py:186} INFO - Started process (PID=1065) to work on /home/airflow/.local/lib/python3.12/site-packages/airflow/example_dags/example_external_task_marker_dag.py
[2025-04-11T15:48:33.229+0000] {processor.py:914} INFO - Processing file /home/airflow/.local/lib/python3.12/site-packages/airflow/example_dags/example_external_task_marker_dag.py for tasks to queue
[2025-04-11T15:48:33.232+0000] {logging_mixin.py:190} INFO - [2025-04-11T15:48:33.231+0000] {dagbag.py:588} INFO - Filling up the DagBag from /home/airflow/.local/lib/python3.12/site-packages/airflow/example_dags/example_external_task_marker_dag.py
[2025-04-11T15:48:33.240+0000] {processor.py:925} INFO - DAG(s) 'example_external_task_marker_parent', 'example_external_task_marker_child' retrieved from /home/airflow/.local/lib/python3.12/site-packages/airflow/example_dags/example_external_task_marker_dag.py
[2025-04-11T15:48:33.267+0000] {logging_mixin.py:190} INFO - [2025-04-11T15:48:33.267+0000] {dag.py:3239} INFO - Sync 2 DAGs
[2025-04-11T15:48:33.287+0000] {logging_mixin.py:190} INFO - [2025-04-11T15:48:33.287+0000] {dag.py:4180} INFO - Setting next_dagrun for example_external_task_marker_child to None, run_after=None
[2025-04-11T15:48:33.292+0000] {logging_mixin.py:190} INFO - [2025-04-11T15:48:33.292+0000] {dag.py:4180} INFO - Setting next_dagrun for example_external_task_marker_parent to None, run_after=None
[2025-04-11T15:48:33.314+0000] {processor.py:208} INFO - Processing /home/airflow/.local/lib/python3.12/site-packages/airflow/example_dags/example_external_task_marker_dag.py took 0.092 seconds
[2025-04-11T15:49:03.862+0000] {processor.py:186} INFO - Started process (PID=1361) to work on /home/airflow/.local/lib/python3.12/site-packages/airflow/example_dags/example_external_task_marker_dag.py
[2025-04-11T15:49:03.865+0000] {processor.py:914} INFO - Processing file /home/airflow/.local/lib/python3.12/site-packages/airflow/example_dags/example_external_task_marker_dag.py for tasks to queue
[2025-04-11T15:49:03.867+0000] {logging_mixin.py:190} INFO - [2025-04-11T15:49:03.867+0000] {dagbag.py:588} INFO - Filling up the DagBag from /home/airflow/.local/lib/python3.12/site-packages/airflow/example_dags/example_external_task_marker_dag.py
[2025-04-11T15:49:03.877+0000] {processor.py:925} INFO - DAG(s) 'example_external_task_marker_parent', 'example_external_task_marker_child' retrieved from /home/airflow/.local/lib/python3.12/site-packages/airflow/example_dags/example_external_task_marker_dag.py
[2025-04-11T15:49:03.917+0000] {logging_mixin.py:190} INFO - [2025-04-11T15:49:03.916+0000] {dag.py:3239} INFO - Sync 2 DAGs
[2025-04-11T15:49:03.938+0000] {logging_mixin.py:190} INFO - [2025-04-11T15:49:03.938+0000] {dag.py:4180} INFO - Setting next_dagrun for example_external_task_marker_child to None, run_after=None
[2025-04-11T15:49:03.944+0000] {logging_mixin.py:190} INFO - [2025-04-11T15:49:03.943+0000] {dag.py:4180} INFO - Setting next_dagrun for example_external_task_marker_parent to None, run_after=None
[2025-04-11T15:49:03.965+0000] {processor.py:208} INFO - Processing /home/airflow/.local/lib/python3.12/site-packages/airflow/example_dags/example_external_task_marker_dag.py took 0.111 seconds
