[2025-04-11T15:47:28.558+0000] {processor.py:186} INFO - Started process (PID=433) to work on /home/airflow/.local/lib/python3.12/site-packages/airflow/example_dags/example_task_group_decorator.py
[2025-04-11T15:47:28.561+0000] {processor.py:914} INFO - Processing file /home/airflow/.local/lib/python3.12/site-packages/airflow/example_dags/example_task_group_decorator.py for tasks to queue
[2025-04-11T15:47:28.565+0000] {logging_mixin.py:190} INFO - [2025-04-11T15:47:28.565+0000] {dagbag.py:588} INFO - Filling up the DagBag from /home/airflow/.local/lib/python3.12/site-packages/airflow/example_dags/example_task_group_decorator.py
[2025-04-11T15:47:28.627+0000] {processor.py:925} INFO - DAG(s) 'example_task_group_decorator' retrieved from /home/airflow/.local/lib/python3.12/site-packages/airflow/example_dags/example_task_group_decorator.py
[2025-04-11T15:47:28.959+0000] {logging_mixin.py:190} INFO - [2025-04-11T15:47:28.950+0000] {override.py:1912} INFO - Created Permission View: can edit on DAG:example_task_group_decorator
[2025-04-11T15:47:29.042+0000] {logging_mixin.py:190} INFO - [2025-04-11T15:47:29.041+0000] {override.py:1912} INFO - Created Permission View: can delete on DAG:example_task_group_decorator
[2025-04-11T15:47:29.116+0000] {logging_mixin.py:190} INFO - [2025-04-11T15:47:29.115+0000] {override.py:1912} INFO - Created Permission View: can read on DAG:example_task_group_decorator
[2025-04-11T15:47:29.183+0000] {logging_mixin.py:190} INFO - [2025-04-11T15:47:29.183+0000] {override.py:1912} INFO - Created Permission View: can create on DAG Run:example_task_group_decorator
[2025-04-11T15:47:29.252+0000] {logging_mixin.py:190} INFO - [2025-04-11T15:47:29.252+0000] {override.py:1912} INFO - Created Permission View: menu access on DAG Run:example_task_group_decorator
[2025-04-11T15:47:29.274+0000] {logging_mixin.py:190} INFO - [2025-04-11T15:47:29.274+0000] {override.py:1912} INFO - Created Permission View: can delete on DAG Run:example_task_group_decorator
[2025-04-11T15:47:29.292+0000] {logging_mixin.py:190} INFO - [2025-04-11T15:47:29.291+0000] {override.py:1912} INFO - Created Permission View: can read on DAG Run:example_task_group_decorator
[2025-04-11T15:47:29.296+0000] {logging_mixin.py:190} INFO - [2025-04-11T15:47:29.295+0000] {dag.py:3239} INFO - Sync 1 DAGs
[2025-04-11T15:47:29.324+0000] {logging_mixin.py:190} INFO - [2025-04-11T15:47:29.324+0000] {dag.py:3262} INFO - Creating ORM DAG for example_task_group_decorator
[2025-04-11T15:47:29.327+0000] {logging_mixin.py:190} INFO - [2025-04-11T15:47:29.327+0000] {dag.py:4180} INFO - Setting next_dagrun for example_task_group_decorator to None, run_after=None
[2025-04-11T15:47:29.364+0000] {processor.py:208} INFO - Processing /home/airflow/.local/lib/python3.12/site-packages/airflow/example_dags/example_task_group_decorator.py took 0.814 seconds
[2025-04-11T15:47:59.740+0000] {processor.py:186} INFO - Started process (PID=731) to work on /home/airflow/.local/lib/python3.12/site-packages/airflow/example_dags/example_task_group_decorator.py
[2025-04-11T15:47:59.742+0000] {processor.py:914} INFO - Processing file /home/airflow/.local/lib/python3.12/site-packages/airflow/example_dags/example_task_group_decorator.py for tasks to queue
[2025-04-11T15:47:59.745+0000] {logging_mixin.py:190} INFO - [2025-04-11T15:47:59.744+0000] {dagbag.py:588} INFO - Filling up the DagBag from /home/airflow/.local/lib/python3.12/site-packages/airflow/example_dags/example_task_group_decorator.py
[2025-04-11T15:47:59.769+0000] {processor.py:925} INFO - DAG(s) 'example_task_group_decorator' retrieved from /home/airflow/.local/lib/python3.12/site-packages/airflow/example_dags/example_task_group_decorator.py
[2025-04-11T15:47:59.805+0000] {logging_mixin.py:190} INFO - [2025-04-11T15:47:59.805+0000] {dag.py:3239} INFO - Sync 1 DAGs
[2025-04-11T15:47:59.838+0000] {logging_mixin.py:190} INFO - [2025-04-11T15:47:59.838+0000] {dag.py:4180} INFO - Setting next_dagrun for example_task_group_decorator to None, run_after=None
[2025-04-11T15:47:59.885+0000] {processor.py:208} INFO - Processing /home/airflow/.local/lib/python3.12/site-packages/airflow/example_dags/example_task_group_decorator.py took 0.155 seconds
[2025-04-11T15:48:30.217+0000] {processor.py:186} INFO - Started process (PID=1032) to work on /home/airflow/.local/lib/python3.12/site-packages/airflow/example_dags/example_task_group_decorator.py
[2025-04-11T15:48:30.219+0000] {processor.py:914} INFO - Processing file /home/airflow/.local/lib/python3.12/site-packages/airflow/example_dags/example_task_group_decorator.py for tasks to queue
[2025-04-11T15:48:30.224+0000] {logging_mixin.py:190} INFO - [2025-04-11T15:48:30.223+0000] {dagbag.py:588} INFO - Filling up the DagBag from /home/airflow/.local/lib/python3.12/site-packages/airflow/example_dags/example_task_group_decorator.py
[2025-04-11T15:48:30.292+0000] {processor.py:925} INFO - DAG(s) 'example_task_group_decorator' retrieved from /home/airflow/.local/lib/python3.12/site-packages/airflow/example_dags/example_task_group_decorator.py
[2025-04-11T15:48:30.381+0000] {logging_mixin.py:190} INFO - [2025-04-11T15:48:30.379+0000] {dag.py:3239} INFO - Sync 1 DAGs
[2025-04-11T15:48:30.424+0000] {logging_mixin.py:190} INFO - [2025-04-11T15:48:30.424+0000] {dag.py:4180} INFO - Setting next_dagrun for example_task_group_decorator to None, run_after=None
[2025-04-11T15:48:30.466+0000] {processor.py:208} INFO - Processing /home/airflow/.local/lib/python3.12/site-packages/airflow/example_dags/example_task_group_decorator.py took 0.271 seconds
[2025-04-11T15:49:01.032+0000] {processor.py:186} INFO - Started process (PID=1331) to work on /home/airflow/.local/lib/python3.12/site-packages/airflow/example_dags/example_task_group_decorator.py
[2025-04-11T15:49:01.037+0000] {processor.py:914} INFO - Processing file /home/airflow/.local/lib/python3.12/site-packages/airflow/example_dags/example_task_group_decorator.py for tasks to queue
[2025-04-11T15:49:01.040+0000] {logging_mixin.py:190} INFO - [2025-04-11T15:49:01.039+0000] {dagbag.py:588} INFO - Filling up the DagBag from /home/airflow/.local/lib/python3.12/site-packages/airflow/example_dags/example_task_group_decorator.py
[2025-04-11T15:49:01.063+0000] {processor.py:925} INFO - DAG(s) 'example_task_group_decorator' retrieved from /home/airflow/.local/lib/python3.12/site-packages/airflow/example_dags/example_task_group_decorator.py
[2025-04-11T15:49:01.095+0000] {logging_mixin.py:190} INFO - [2025-04-11T15:49:01.095+0000] {dag.py:3239} INFO - Sync 1 DAGs
[2025-04-11T15:49:01.115+0000] {logging_mixin.py:190} INFO - [2025-04-11T15:49:01.115+0000] {dag.py:4180} INFO - Setting next_dagrun for example_task_group_decorator to None, run_after=None
[2025-04-11T15:49:01.140+0000] {processor.py:208} INFO - Processing /home/airflow/.local/lib/python3.12/site-packages/airflow/example_dags/example_task_group_decorator.py took 0.114 seconds
[2025-04-11T15:49:31.190+0000] {processor.py:186} INFO - Started process (PID=1632) to work on /home/airflow/.local/lib/python3.12/site-packages/airflow/example_dags/example_task_group_decorator.py
[2025-04-11T15:49:31.192+0000] {processor.py:914} INFO - Processing file /home/airflow/.local/lib/python3.12/site-packages/airflow/example_dags/example_task_group_decorator.py for tasks to queue
[2025-04-11T15:49:31.196+0000] {logging_mixin.py:190} INFO - [2025-04-11T15:49:31.195+0000] {dagbag.py:588} INFO - Filling up the DagBag from /home/airflow/.local/lib/python3.12/site-packages/airflow/example_dags/example_task_group_decorator.py
[2025-04-11T15:49:31.217+0000] {processor.py:925} INFO - DAG(s) 'example_task_group_decorator' retrieved from /home/airflow/.local/lib/python3.12/site-packages/airflow/example_dags/example_task_group_decorator.py
[2025-04-11T15:49:31.246+0000] {logging_mixin.py:190} INFO - [2025-04-11T15:49:31.246+0000] {dag.py:3239} INFO - Sync 1 DAGs
[2025-04-11T15:49:31.262+0000] {logging_mixin.py:190} INFO - [2025-04-11T15:49:31.262+0000] {dag.py:4180} INFO - Setting next_dagrun for example_task_group_decorator to None, run_after=None
[2025-04-11T15:49:31.282+0000] {processor.py:208} INFO - Processing /home/airflow/.local/lib/python3.12/site-packages/airflow/example_dags/example_task_group_decorator.py took 0.099 seconds
