[2025-04-11T15:46:53.926+0000] {processor.py:186} INFO - Started process (PID=217) to work on /home/airflow/.local/lib/python3.12/site-packages/airflow/example_dags/example_branch_labels.py
[2025-04-11T15:46:53.928+0000] {processor.py:914} INFO - Processing file /home/airflow/.local/lib/python3.12/site-packages/airflow/example_dags/example_branch_labels.py for tasks to queue
[2025-04-11T15:46:53.937+0000] {logging_mixin.py:190} INFO - [2025-04-11T15:46:53.937+0000] {dagbag.py:588} INFO - Filling up the DagBag from /home/airflow/.local/lib/python3.12/site-packages/airflow/example_dags/example_branch_labels.py
[2025-04-11T15:46:53.976+0000] {processor.py:925} INFO - DAG(s) 'example_branch_labels' retrieved from /home/airflow/.local/lib/python3.12/site-packages/airflow/example_dags/example_branch_labels.py
[2025-04-11T15:46:54.790+0000] {logging_mixin.py:190} INFO - [2025-04-11T15:46:54.789+0000] {override.py:1912} INFO - Created Permission View: can edit on DAG:example_branch_labels
[2025-04-11T15:46:54.838+0000] {logging_mixin.py:190} INFO - [2025-04-11T15:46:54.837+0000] {override.py:1912} INFO - Created Permission View: can delete on DAG:example_branch_labels
[2025-04-11T15:46:54.856+0000] {logging_mixin.py:190} INFO - [2025-04-11T15:46:54.855+0000] {override.py:1912} INFO - Created Permission View: can read on DAG:example_branch_labels
[2025-04-11T15:46:54.878+0000] {logging_mixin.py:190} INFO - [2025-04-11T15:46:54.877+0000] {override.py:1912} INFO - Created Permission View: can create on DAG Run:example_branch_labels
[2025-04-11T15:46:54.986+0000] {logging_mixin.py:190} INFO - [2025-04-11T15:46:54.986+0000] {override.py:1912} INFO - Created Permission View: menu access on DAG Run:example_branch_labels
[2025-04-11T15:46:55.011+0000] {logging_mixin.py:190} INFO - [2025-04-11T15:46:55.010+0000] {override.py:1912} INFO - Created Permission View: can delete on DAG Run:example_branch_labels
[2025-04-11T15:46:55.073+0000] {logging_mixin.py:190} INFO - [2025-04-11T15:46:55.072+0000] {override.py:1912} INFO - Created Permission View: can read on DAG Run:example_branch_labels
[2025-04-11T15:46:55.078+0000] {logging_mixin.py:190} INFO - [2025-04-11T15:46:55.078+0000] {dag.py:3239} INFO - Sync 1 DAGs
[2025-04-11T15:46:55.130+0000] {logging_mixin.py:190} INFO - [2025-04-11T15:46:55.130+0000] {dag.py:3262} INFO - Creating ORM DAG for example_branch_labels
[2025-04-11T15:46:55.181+0000] {logging_mixin.py:190} INFO - [2025-04-11T15:46:55.180+0000] {dag.py:4180} INFO - Setting next_dagrun for example_branch_labels to 2025-04-10 00:00:00+00:00, run_after=2025-04-11 00:00:00+00:00
[2025-04-11T15:46:55.267+0000] {processor.py:208} INFO - Processing /home/airflow/.local/lib/python3.12/site-packages/airflow/example_dags/example_branch_labels.py took 1.367 seconds
[2025-04-11T15:47:33.298+0000] {processor.py:186} INFO - Started process (PID=523) to work on /home/airflow/.local/lib/python3.12/site-packages/airflow/example_dags/example_branch_labels.py
[2025-04-11T15:47:33.300+0000] {processor.py:914} INFO - Processing file /home/airflow/.local/lib/python3.12/site-packages/airflow/example_dags/example_branch_labels.py for tasks to queue
[2025-04-11T15:47:33.304+0000] {logging_mixin.py:190} INFO - [2025-04-11T15:47:33.303+0000] {dagbag.py:588} INFO - Filling up the DagBag from /home/airflow/.local/lib/python3.12/site-packages/airflow/example_dags/example_branch_labels.py
[2025-04-11T15:47:33.326+0000] {processor.py:925} INFO - DAG(s) 'example_branch_labels' retrieved from /home/airflow/.local/lib/python3.12/site-packages/airflow/example_dags/example_branch_labels.py
[2025-04-11T15:47:33.367+0000] {logging_mixin.py:190} INFO - [2025-04-11T15:47:33.366+0000] {dag.py:3239} INFO - Sync 1 DAGs
[2025-04-11T15:47:33.420+0000] {logging_mixin.py:190} INFO - [2025-04-11T15:47:33.419+0000] {dag.py:4180} INFO - Setting next_dagrun for example_branch_labels to 2025-04-10 00:00:00+00:00, run_after=2025-04-11 00:00:00+00:00
[2025-04-11T15:47:33.533+0000] {processor.py:208} INFO - Processing /home/airflow/.local/lib/python3.12/site-packages/airflow/example_dags/example_branch_labels.py took 0.244 seconds
[2025-04-11T15:48:04.200+0000] {processor.py:186} INFO - Started process (PID=824) to work on /home/airflow/.local/lib/python3.12/site-packages/airflow/example_dags/example_branch_labels.py
[2025-04-11T15:48:04.202+0000] {processor.py:914} INFO - Processing file /home/airflow/.local/lib/python3.12/site-packages/airflow/example_dags/example_branch_labels.py for tasks to queue
[2025-04-11T15:48:04.214+0000] {logging_mixin.py:190} INFO - [2025-04-11T15:48:04.208+0000] {dagbag.py:588} INFO - Filling up the DagBag from /home/airflow/.local/lib/python3.12/site-packages/airflow/example_dags/example_branch_labels.py
[2025-04-11T15:48:04.247+0000] {processor.py:925} INFO - DAG(s) 'example_branch_labels' retrieved from /home/airflow/.local/lib/python3.12/site-packages/airflow/example_dags/example_branch_labels.py
[2025-04-11T15:48:04.315+0000] {logging_mixin.py:190} INFO - [2025-04-11T15:48:04.315+0000] {dag.py:3239} INFO - Sync 1 DAGs
[2025-04-11T15:48:04.423+0000] {logging_mixin.py:190} INFO - [2025-04-11T15:48:04.423+0000] {dag.py:4180} INFO - Setting next_dagrun for example_branch_labels to 2025-04-10 00:00:00+00:00, run_after=2025-04-11 00:00:00+00:00
[2025-04-11T15:48:04.484+0000] {processor.py:208} INFO - Processing /home/airflow/.local/lib/python3.12/site-packages/airflow/example_dags/example_branch_labels.py took 0.304 seconds
[2025-04-11T15:48:34.734+0000] {processor.py:186} INFO - Started process (PID=1125) to work on /home/airflow/.local/lib/python3.12/site-packages/airflow/example_dags/example_branch_labels.py
[2025-04-11T15:48:34.736+0000] {processor.py:914} INFO - Processing file /home/airflow/.local/lib/python3.12/site-packages/airflow/example_dags/example_branch_labels.py for tasks to queue
[2025-04-11T15:48:34.740+0000] {logging_mixin.py:190} INFO - [2025-04-11T15:48:34.740+0000] {dagbag.py:588} INFO - Filling up the DagBag from /home/airflow/.local/lib/python3.12/site-packages/airflow/example_dags/example_branch_labels.py
[2025-04-11T15:48:34.770+0000] {processor.py:925} INFO - DAG(s) 'example_branch_labels' retrieved from /home/airflow/.local/lib/python3.12/site-packages/airflow/example_dags/example_branch_labels.py
[2025-04-11T15:48:34.826+0000] {logging_mixin.py:190} INFO - [2025-04-11T15:48:34.825+0000] {dag.py:3239} INFO - Sync 1 DAGs
[2025-04-11T15:48:34.887+0000] {logging_mixin.py:190} INFO - [2025-04-11T15:48:34.886+0000] {dag.py:4180} INFO - Setting next_dagrun for example_branch_labels to 2025-04-10 00:00:00+00:00, run_after=2025-04-11 00:00:00+00:00
[2025-04-11T15:48:34.938+0000] {processor.py:208} INFO - Processing /home/airflow/.local/lib/python3.12/site-packages/airflow/example_dags/example_branch_labels.py took 0.217 seconds
[2025-04-11T15:49:05.048+0000] {processor.py:186} INFO - Started process (PID=1421) to work on /home/airflow/.local/lib/python3.12/site-packages/airflow/example_dags/example_branch_labels.py
[2025-04-11T15:49:05.050+0000] {processor.py:914} INFO - Processing file /home/airflow/.local/lib/python3.12/site-packages/airflow/example_dags/example_branch_labels.py for tasks to queue
[2025-04-11T15:49:05.054+0000] {logging_mixin.py:190} INFO - [2025-04-11T15:49:05.053+0000] {dagbag.py:588} INFO - Filling up the DagBag from /home/airflow/.local/lib/python3.12/site-packages/airflow/example_dags/example_branch_labels.py
[2025-04-11T15:49:05.073+0000] {processor.py:925} INFO - DAG(s) 'example_branch_labels' retrieved from /home/airflow/.local/lib/python3.12/site-packages/airflow/example_dags/example_branch_labels.py
[2025-04-11T15:49:05.098+0000] {logging_mixin.py:190} INFO - [2025-04-11T15:49:05.097+0000] {dag.py:3239} INFO - Sync 1 DAGs
[2025-04-11T15:49:05.133+0000] {logging_mixin.py:190} INFO - [2025-04-11T15:49:05.133+0000] {dag.py:4180} INFO - Setting next_dagrun for example_branch_labels to 2025-04-10 00:00:00+00:00, run_after=2025-04-11 00:00:00+00:00
[2025-04-11T15:49:05.159+0000] {processor.py:208} INFO - Processing /home/airflow/.local/lib/python3.12/site-packages/airflow/example_dags/example_branch_labels.py took 0.120 seconds
