[2025-04-11T15:47:02.847+0000] {processor.py:186} INFO - Started process (PID=292) to work on /home/airflow/.local/lib/python3.12/site-packages/airflow/example_dags/example_skip_dag.py
[2025-04-11T15:47:02.851+0000] {processor.py:914} INFO - Processing file /home/airflow/.local/lib/python3.12/site-packages/airflow/example_dags/example_skip_dag.py for tasks to queue
[2025-04-11T15:47:02.857+0000] {logging_mixin.py:190} INFO - [2025-04-11T15:47:02.856+0000] {dagbag.py:588} INFO - Filling up the DagBag from /home/airflow/.local/lib/python3.12/site-packages/airflow/example_dags/example_skip_dag.py
[2025-04-11T15:47:02.884+0000] {processor.py:925} INFO - DAG(s) 'example_skip_dag' retrieved from /home/airflow/.local/lib/python3.12/site-packages/airflow/example_dags/example_skip_dag.py
[2025-04-11T15:47:03.257+0000] {logging_mixin.py:190} INFO - [2025-04-11T15:47:03.255+0000] {override.py:1912} INFO - Created Permission View: can edit on DAG:example_skip_dag
[2025-04-11T15:47:03.284+0000] {logging_mixin.py:190} INFO - [2025-04-11T15:47:03.284+0000] {override.py:1912} INFO - Created Permission View: can delete on DAG:example_skip_dag
[2025-04-11T15:47:03.301+0000] {logging_mixin.py:190} INFO - [2025-04-11T15:47:03.301+0000] {override.py:1912} INFO - Created Permission View: can read on DAG:example_skip_dag
[2025-04-11T15:47:03.319+0000] {logging_mixin.py:190} INFO - [2025-04-11T15:47:03.318+0000] {override.py:1912} INFO - Created Permission View: can create on DAG Run:example_skip_dag
[2025-04-11T15:47:03.340+0000] {logging_mixin.py:190} INFO - [2025-04-11T15:47:03.339+0000] {override.py:1912} INFO - Created Permission View: menu access on DAG Run:example_skip_dag
[2025-04-11T15:47:03.355+0000] {logging_mixin.py:190} INFO - [2025-04-11T15:47:03.354+0000] {override.py:1912} INFO - Created Permission View: can delete on DAG Run:example_skip_dag
[2025-04-11T15:47:03.373+0000] {logging_mixin.py:190} INFO - [2025-04-11T15:47:03.372+0000] {override.py:1912} INFO - Created Permission View: can read on DAG Run:example_skip_dag
[2025-04-11T15:47:03.375+0000] {logging_mixin.py:190} INFO - [2025-04-11T15:47:03.374+0000] {dag.py:3239} INFO - Sync 1 DAGs
[2025-04-11T15:47:03.407+0000] {logging_mixin.py:190} INFO - [2025-04-11T15:47:03.407+0000] {dag.py:3262} INFO - Creating ORM DAG for example_skip_dag
[2025-04-11T15:47:03.429+0000] {logging_mixin.py:190} INFO - [2025-04-11T15:47:03.429+0000] {dag.py:4180} INFO - Setting next_dagrun for example_skip_dag to 2025-04-10 00:00:00+00:00, run_after=2025-04-11 00:00:00+00:00
[2025-04-11T15:47:03.461+0000] {processor.py:208} INFO - Processing /home/airflow/.local/lib/python3.12/site-packages/airflow/example_dags/example_skip_dag.py took 0.643 seconds
[2025-04-11T15:47:35.819+0000] {processor.py:186} INFO - Started process (PID=595) to work on /home/airflow/.local/lib/python3.12/site-packages/airflow/example_dags/example_skip_dag.py
[2025-04-11T15:47:35.822+0000] {processor.py:914} INFO - Processing file /home/airflow/.local/lib/python3.12/site-packages/airflow/example_dags/example_skip_dag.py for tasks to queue
[2025-04-11T15:47:35.838+0000] {logging_mixin.py:190} INFO - [2025-04-11T15:47:35.837+0000] {dagbag.py:588} INFO - Filling up the DagBag from /home/airflow/.local/lib/python3.12/site-packages/airflow/example_dags/example_skip_dag.py
[2025-04-11T15:47:35.860+0000] {processor.py:925} INFO - DAG(s) 'example_skip_dag' retrieved from /home/airflow/.local/lib/python3.12/site-packages/airflow/example_dags/example_skip_dag.py
[2025-04-11T15:47:35.900+0000] {logging_mixin.py:190} INFO - [2025-04-11T15:47:35.899+0000] {dag.py:3239} INFO - Sync 1 DAGs
[2025-04-11T15:47:35.958+0000] {logging_mixin.py:190} INFO - [2025-04-11T15:47:35.957+0000] {dag.py:4180} INFO - Setting next_dagrun for example_skip_dag to 2025-04-10 00:00:00+00:00, run_after=2025-04-11 00:00:00+00:00
[2025-04-11T15:47:35.988+0000] {processor.py:208} INFO - Processing /home/airflow/.local/lib/python3.12/site-packages/airflow/example_dags/example_skip_dag.py took 0.181 seconds
[2025-04-11T15:48:07.254+0000] {processor.py:186} INFO - Started process (PID=894) to work on /home/airflow/.local/lib/python3.12/site-packages/airflow/example_dags/example_skip_dag.py
[2025-04-11T15:48:07.256+0000] {processor.py:914} INFO - Processing file /home/airflow/.local/lib/python3.12/site-packages/airflow/example_dags/example_skip_dag.py for tasks to queue
[2025-04-11T15:48:07.262+0000] {logging_mixin.py:190} INFO - [2025-04-11T15:48:07.261+0000] {dagbag.py:588} INFO - Filling up the DagBag from /home/airflow/.local/lib/python3.12/site-packages/airflow/example_dags/example_skip_dag.py
[2025-04-11T15:48:07.283+0000] {processor.py:925} INFO - DAG(s) 'example_skip_dag' retrieved from /home/airflow/.local/lib/python3.12/site-packages/airflow/example_dags/example_skip_dag.py
[2025-04-11T15:48:07.378+0000] {logging_mixin.py:190} INFO - [2025-04-11T15:48:07.377+0000] {dag.py:3239} INFO - Sync 1 DAGs
[2025-04-11T15:48:07.436+0000] {logging_mixin.py:190} INFO - [2025-04-11T15:48:07.436+0000] {dag.py:4180} INFO - Setting next_dagrun for example_skip_dag to 2025-04-10 00:00:00+00:00, run_after=2025-04-11 00:00:00+00:00
[2025-04-11T15:48:07.482+0000] {processor.py:208} INFO - Processing /home/airflow/.local/lib/python3.12/site-packages/airflow/example_dags/example_skip_dag.py took 0.240 seconds
[2025-04-11T15:48:38.357+0000] {processor.py:186} INFO - Started process (PID=1197) to work on /home/airflow/.local/lib/python3.12/site-packages/airflow/example_dags/example_skip_dag.py
[2025-04-11T15:48:38.359+0000] {processor.py:914} INFO - Processing file /home/airflow/.local/lib/python3.12/site-packages/airflow/example_dags/example_skip_dag.py for tasks to queue
[2025-04-11T15:48:38.366+0000] {logging_mixin.py:190} INFO - [2025-04-11T15:48:38.365+0000] {dagbag.py:588} INFO - Filling up the DagBag from /home/airflow/.local/lib/python3.12/site-packages/airflow/example_dags/example_skip_dag.py
[2025-04-11T15:48:38.382+0000] {processor.py:925} INFO - DAG(s) 'example_skip_dag' retrieved from /home/airflow/.local/lib/python3.12/site-packages/airflow/example_dags/example_skip_dag.py
[2025-04-11T15:48:38.425+0000] {logging_mixin.py:190} INFO - [2025-04-11T15:48:38.424+0000] {dag.py:3239} INFO - Sync 1 DAGs
[2025-04-11T15:48:38.484+0000] {logging_mixin.py:190} INFO - [2025-04-11T15:48:38.484+0000] {dag.py:4180} INFO - Setting next_dagrun for example_skip_dag to 2025-04-10 00:00:00+00:00, run_after=2025-04-11 00:00:00+00:00
[2025-04-11T15:48:38.522+0000] {processor.py:208} INFO - Processing /home/airflow/.local/lib/python3.12/site-packages/airflow/example_dags/example_skip_dag.py took 0.179 seconds
[2025-04-11T15:49:09.417+0000] {processor.py:186} INFO - Started process (PID=1498) to work on /home/airflow/.local/lib/python3.12/site-packages/airflow/example_dags/example_skip_dag.py
[2025-04-11T15:49:09.418+0000] {processor.py:914} INFO - Processing file /home/airflow/.local/lib/python3.12/site-packages/airflow/example_dags/example_skip_dag.py for tasks to queue
[2025-04-11T15:49:09.421+0000] {logging_mixin.py:190} INFO - [2025-04-11T15:49:09.421+0000] {dagbag.py:588} INFO - Filling up the DagBag from /home/airflow/.local/lib/python3.12/site-packages/airflow/example_dags/example_skip_dag.py
[2025-04-11T15:49:09.434+0000] {processor.py:925} INFO - DAG(s) 'example_skip_dag' retrieved from /home/airflow/.local/lib/python3.12/site-packages/airflow/example_dags/example_skip_dag.py
[2025-04-11T15:49:09.473+0000] {logging_mixin.py:190} INFO - [2025-04-11T15:49:09.473+0000] {dag.py:3239} INFO - Sync 1 DAGs
[2025-04-11T15:49:09.519+0000] {logging_mixin.py:190} INFO - [2025-04-11T15:49:09.518+0000] {dag.py:4180} INFO - Setting next_dagrun for example_skip_dag to 2025-04-10 00:00:00+00:00, run_after=2025-04-11 00:00:00+00:00
[2025-04-11T15:49:09.554+0000] {processor.py:208} INFO - Processing /home/airflow/.local/lib/python3.12/site-packages/airflow/example_dags/example_skip_dag.py took 0.150 seconds
