[2025-04-11T15:47:25.157+0000] {processor.py:186} INFO - Started process (PID=387) to work on /home/airflow/.local/lib/python3.12/site-packages/airflow/example_dags/example_branch_datetime_operator.py
[2025-04-11T15:47:25.166+0000] {processor.py:914} INFO - Processing file /home/airflow/.local/lib/python3.12/site-packages/airflow/example_dags/example_branch_datetime_operator.py for tasks to queue
[2025-04-11T15:47:25.181+0000] {logging_mixin.py:190} INFO - [2025-04-11T15:47:25.181+0000] {dagbag.py:588} INFO - Filling up the DagBag from /home/airflow/.local/lib/python3.12/site-packages/airflow/example_dags/example_branch_datetime_operator.py
[2025-04-11T15:47:25.254+0000] {processor.py:925} INFO - DAG(s) 'example_branch_datetime_operator_2', 'example_branch_datetime_operator', 'example_branch_datetime_operator_3' retrieved from /home/airflow/.local/lib/python3.12/site-packages/airflow/example_dags/example_branch_datetime_operator.py
[2025-04-11T15:47:25.704+0000] {logging_mixin.py:190} INFO - [2025-04-11T15:47:25.703+0000] {override.py:1912} INFO - Created Permission View: can edit on DAG:example_branch_datetime_operator_2
[2025-04-11T15:47:25.743+0000] {logging_mixin.py:190} INFO - [2025-04-11T15:47:25.742+0000] {override.py:1912} INFO - Created Permission View: can delete on DAG:example_branch_datetime_operator_2
[2025-04-11T15:47:25.795+0000] {logging_mixin.py:190} INFO - [2025-04-11T15:47:25.794+0000] {override.py:1912} INFO - Created Permission View: can read on DAG:example_branch_datetime_operator_2
[2025-04-11T15:47:25.815+0000] {logging_mixin.py:190} INFO - [2025-04-11T15:47:25.815+0000] {override.py:1912} INFO - Created Permission View: can create on DAG Run:example_branch_datetime_operator_2
[2025-04-11T15:47:25.858+0000] {logging_mixin.py:190} INFO - [2025-04-11T15:47:25.857+0000] {override.py:1912} INFO - Created Permission View: menu access on DAG Run:example_branch_datetime_operator_2
[2025-04-11T15:47:25.886+0000] {logging_mixin.py:190} INFO - [2025-04-11T15:47:25.885+0000] {override.py:1912} INFO - Created Permission View: can delete on DAG Run:example_branch_datetime_operator_2
[2025-04-11T15:47:25.945+0000] {logging_mixin.py:190} INFO - [2025-04-11T15:47:25.944+0000] {override.py:1912} INFO - Created Permission View: can read on DAG Run:example_branch_datetime_operator_2
[2025-04-11T15:47:25.987+0000] {logging_mixin.py:190} INFO - [2025-04-11T15:47:25.986+0000] {override.py:1912} INFO - Created Permission View: can edit on DAG:example_branch_datetime_operator
[2025-04-11T15:47:26.018+0000] {logging_mixin.py:190} INFO - [2025-04-11T15:47:26.018+0000] {override.py:1912} INFO - Created Permission View: can delete on DAG:example_branch_datetime_operator
[2025-04-11T15:47:26.040+0000] {logging_mixin.py:190} INFO - [2025-04-11T15:47:26.039+0000] {override.py:1912} INFO - Created Permission View: can read on DAG:example_branch_datetime_operator
[2025-04-11T15:47:26.054+0000] {logging_mixin.py:190} INFO - [2025-04-11T15:47:26.053+0000] {override.py:1912} INFO - Created Permission View: can create on DAG Run:example_branch_datetime_operator
[2025-04-11T15:47:26.064+0000] {logging_mixin.py:190} INFO - [2025-04-11T15:47:26.064+0000] {override.py:1912} INFO - Created Permission View: menu access on DAG Run:example_branch_datetime_operator
[2025-04-11T15:47:26.076+0000] {logging_mixin.py:190} INFO - [2025-04-11T15:47:26.076+0000] {override.py:1912} INFO - Created Permission View: can delete on DAG Run:example_branch_datetime_operator
[2025-04-11T15:47:26.085+0000] {logging_mixin.py:190} INFO - [2025-04-11T15:47:26.085+0000] {override.py:1912} INFO - Created Permission View: can read on DAG Run:example_branch_datetime_operator
[2025-04-11T15:47:26.123+0000] {logging_mixin.py:190} INFO - [2025-04-11T15:47:26.123+0000] {override.py:1912} INFO - Created Permission View: can edit on DAG:example_branch_datetime_operator_3
[2025-04-11T15:47:26.138+0000] {logging_mixin.py:190} INFO - [2025-04-11T15:47:26.138+0000] {override.py:1912} INFO - Created Permission View: can delete on DAG:example_branch_datetime_operator_3
[2025-04-11T15:47:26.152+0000] {logging_mixin.py:190} INFO - [2025-04-11T15:47:26.152+0000] {override.py:1912} INFO - Created Permission View: can read on DAG:example_branch_datetime_operator_3
[2025-04-11T15:47:26.173+0000] {logging_mixin.py:190} INFO - [2025-04-11T15:47:26.171+0000] {override.py:1912} INFO - Created Permission View: can create on DAG Run:example_branch_datetime_operator_3
[2025-04-11T15:47:26.188+0000] {logging_mixin.py:190} INFO - [2025-04-11T15:47:26.188+0000] {override.py:1912} INFO - Created Permission View: menu access on DAG Run:example_branch_datetime_operator_3
[2025-04-11T15:47:26.200+0000] {logging_mixin.py:190} INFO - [2025-04-11T15:47:26.200+0000] {override.py:1912} INFO - Created Permission View: can delete on DAG Run:example_branch_datetime_operator_3
[2025-04-11T15:47:26.223+0000] {logging_mixin.py:190} INFO - [2025-04-11T15:47:26.223+0000] {override.py:1912} INFO - Created Permission View: can read on DAG Run:example_branch_datetime_operator_3
[2025-04-11T15:47:26.226+0000] {logging_mixin.py:190} INFO - [2025-04-11T15:47:26.225+0000] {dag.py:3239} INFO - Sync 3 DAGs
[2025-04-11T15:47:26.251+0000] {logging_mixin.py:190} INFO - [2025-04-11T15:47:26.251+0000] {dag.py:3262} INFO - Creating ORM DAG for example_branch_datetime_operator
[2025-04-11T15:47:26.253+0000] {logging_mixin.py:190} INFO - [2025-04-11T15:47:26.252+0000] {dag.py:3262} INFO - Creating ORM DAG for example_branch_datetime_operator_3
[2025-04-11T15:47:26.254+0000] {logging_mixin.py:190} INFO - [2025-04-11T15:47:26.254+0000] {dag.py:3262} INFO - Creating ORM DAG for example_branch_datetime_operator_2
[2025-04-11T15:47:26.268+0000] {logging_mixin.py:190} INFO - [2025-04-11T15:47:26.268+0000] {dag.py:4180} INFO - Setting next_dagrun for example_branch_datetime_operator to 2025-04-10 00:00:00+00:00, run_after=2025-04-11 00:00:00+00:00
[2025-04-11T15:47:26.272+0000] {logging_mixin.py:190} INFO - [2025-04-11T15:47:26.272+0000] {dag.py:4180} INFO - Setting next_dagrun for example_branch_datetime_operator_2 to 2025-04-10 00:00:00+00:00, run_after=2025-04-11 00:00:00+00:00
[2025-04-11T15:47:26.281+0000] {logging_mixin.py:190} INFO - [2025-04-11T15:47:26.281+0000] {dag.py:4180} INFO - Setting next_dagrun for example_branch_datetime_operator_3 to 2025-04-10 00:00:00+00:00, run_after=2025-04-11 00:00:00+00:00
[2025-04-11T15:47:26.309+0000] {processor.py:208} INFO - Processing /home/airflow/.local/lib/python3.12/site-packages/airflow/example_dags/example_branch_datetime_operator.py took 1.172 seconds
[2025-04-11T15:47:56.376+0000] {processor.py:186} INFO - Started process (PID=696) to work on /home/airflow/.local/lib/python3.12/site-packages/airflow/example_dags/example_branch_datetime_operator.py
[2025-04-11T15:47:56.378+0000] {processor.py:914} INFO - Processing file /home/airflow/.local/lib/python3.12/site-packages/airflow/example_dags/example_branch_datetime_operator.py for tasks to queue
[2025-04-11T15:47:56.381+0000] {logging_mixin.py:190} INFO - [2025-04-11T15:47:56.381+0000] {dagbag.py:588} INFO - Filling up the DagBag from /home/airflow/.local/lib/python3.12/site-packages/airflow/example_dags/example_branch_datetime_operator.py
[2025-04-11T15:47:56.399+0000] {processor.py:925} INFO - DAG(s) 'example_branch_datetime_operator_3', 'example_branch_datetime_operator', 'example_branch_datetime_operator_2' retrieved from /home/airflow/.local/lib/python3.12/site-packages/airflow/example_dags/example_branch_datetime_operator.py
[2025-04-11T15:47:56.437+0000] {logging_mixin.py:190} INFO - [2025-04-11T15:47:56.436+0000] {dag.py:3239} INFO - Sync 3 DAGs
[2025-04-11T15:47:56.478+0000] {logging_mixin.py:190} INFO - [2025-04-11T15:47:56.478+0000] {dag.py:4180} INFO - Setting next_dagrun for example_branch_datetime_operator to 2025-04-10 00:00:00+00:00, run_after=2025-04-11 00:00:00+00:00
[2025-04-11T15:47:56.486+0000] {logging_mixin.py:190} INFO - [2025-04-11T15:47:56.486+0000] {dag.py:4180} INFO - Setting next_dagrun for example_branch_datetime_operator_2 to 2025-04-10 00:00:00+00:00, run_after=2025-04-11 00:00:00+00:00
[2025-04-11T15:47:56.490+0000] {logging_mixin.py:190} INFO - [2025-04-11T15:47:56.490+0000] {dag.py:4180} INFO - Setting next_dagrun for example_branch_datetime_operator_3 to 2025-04-10 00:00:00+00:00, run_after=2025-04-11 00:00:00+00:00
[2025-04-11T15:47:56.518+0000] {processor.py:208} INFO - Processing /home/airflow/.local/lib/python3.12/site-packages/airflow/example_dags/example_branch_datetime_operator.py took 0.149 seconds
[2025-04-11T15:48:26.885+0000] {processor.py:186} INFO - Started process (PID=995) to work on /home/airflow/.local/lib/python3.12/site-packages/airflow/example_dags/example_branch_datetime_operator.py
[2025-04-11T15:48:26.887+0000] {processor.py:914} INFO - Processing file /home/airflow/.local/lib/python3.12/site-packages/airflow/example_dags/example_branch_datetime_operator.py for tasks to queue
[2025-04-11T15:48:26.892+0000] {logging_mixin.py:190} INFO - [2025-04-11T15:48:26.891+0000] {dagbag.py:588} INFO - Filling up the DagBag from /home/airflow/.local/lib/python3.12/site-packages/airflow/example_dags/example_branch_datetime_operator.py
[2025-04-11T15:48:26.929+0000] {processor.py:925} INFO - DAG(s) 'example_branch_datetime_operator_3', 'example_branch_datetime_operator', 'example_branch_datetime_operator_2' retrieved from /home/airflow/.local/lib/python3.12/site-packages/airflow/example_dags/example_branch_datetime_operator.py
[2025-04-11T15:48:26.985+0000] {logging_mixin.py:190} INFO - [2025-04-11T15:48:26.985+0000] {dag.py:3239} INFO - Sync 3 DAGs
[2025-04-11T15:48:27.019+0000] {logging_mixin.py:190} INFO - [2025-04-11T15:48:27.019+0000] {dag.py:4180} INFO - Setting next_dagrun for example_branch_datetime_operator to 2025-04-10 00:00:00+00:00, run_after=2025-04-11 00:00:00+00:00
[2025-04-11T15:48:27.028+0000] {logging_mixin.py:190} INFO - [2025-04-11T15:48:27.027+0000] {dag.py:4180} INFO - Setting next_dagrun for example_branch_datetime_operator_2 to 2025-04-10 00:00:00+00:00, run_after=2025-04-11 00:00:00+00:00
[2025-04-11T15:48:27.031+0000] {logging_mixin.py:190} INFO - [2025-04-11T15:48:27.031+0000] {dag.py:4180} INFO - Setting next_dagrun for example_branch_datetime_operator_3 to 2025-04-10 00:00:00+00:00, run_after=2025-04-11 00:00:00+00:00
[2025-04-11T15:48:27.049+0000] {processor.py:208} INFO - Processing /home/airflow/.local/lib/python3.12/site-packages/airflow/example_dags/example_branch_datetime_operator.py took 0.174 seconds
[2025-04-11T15:48:57.307+0000] {processor.py:186} INFO - Started process (PID=1291) to work on /home/airflow/.local/lib/python3.12/site-packages/airflow/example_dags/example_branch_datetime_operator.py
[2025-04-11T15:48:57.309+0000] {processor.py:914} INFO - Processing file /home/airflow/.local/lib/python3.12/site-packages/airflow/example_dags/example_branch_datetime_operator.py for tasks to queue
[2025-04-11T15:48:57.313+0000] {logging_mixin.py:190} INFO - [2025-04-11T15:48:57.312+0000] {dagbag.py:588} INFO - Filling up the DagBag from /home/airflow/.local/lib/python3.12/site-packages/airflow/example_dags/example_branch_datetime_operator.py
[2025-04-11T15:48:57.341+0000] {processor.py:925} INFO - DAG(s) 'example_branch_datetime_operator_3', 'example_branch_datetime_operator_2', 'example_branch_datetime_operator' retrieved from /home/airflow/.local/lib/python3.12/site-packages/airflow/example_dags/example_branch_datetime_operator.py
[2025-04-11T15:48:57.406+0000] {logging_mixin.py:190} INFO - [2025-04-11T15:48:57.405+0000] {dag.py:3239} INFO - Sync 3 DAGs
[2025-04-11T15:48:57.477+0000] {logging_mixin.py:190} INFO - [2025-04-11T15:48:57.476+0000] {dag.py:4180} INFO - Setting next_dagrun for example_branch_datetime_operator to 2025-04-10 00:00:00+00:00, run_after=2025-04-11 00:00:00+00:00
[2025-04-11T15:48:57.491+0000] {logging_mixin.py:190} INFO - [2025-04-11T15:48:57.491+0000] {dag.py:4180} INFO - Setting next_dagrun for example_branch_datetime_operator_2 to 2025-04-10 00:00:00+00:00, run_after=2025-04-11 00:00:00+00:00
[2025-04-11T15:48:57.497+0000] {logging_mixin.py:190} INFO - [2025-04-11T15:48:57.495+0000] {dag.py:4180} INFO - Setting next_dagrun for example_branch_datetime_operator_3 to 2025-04-10 00:00:00+00:00, run_after=2025-04-11 00:00:00+00:00
[2025-04-11T15:48:57.545+0000] {processor.py:208} INFO - Processing /home/airflow/.local/lib/python3.12/site-packages/airflow/example_dags/example_branch_datetime_operator.py took 0.247 seconds
[2025-04-11T15:49:28.122+0000] {processor.py:186} INFO - Started process (PID=1590) to work on /home/airflow/.local/lib/python3.12/site-packages/airflow/example_dags/example_branch_datetime_operator.py
[2025-04-11T15:49:28.123+0000] {processor.py:914} INFO - Processing file /home/airflow/.local/lib/python3.12/site-packages/airflow/example_dags/example_branch_datetime_operator.py for tasks to queue
[2025-04-11T15:49:28.126+0000] {logging_mixin.py:190} INFO - [2025-04-11T15:49:28.126+0000] {dagbag.py:588} INFO - Filling up the DagBag from /home/airflow/.local/lib/python3.12/site-packages/airflow/example_dags/example_branch_datetime_operator.py
[2025-04-11T15:49:28.138+0000] {processor.py:925} INFO - DAG(s) 'example_branch_datetime_operator_3', 'example_branch_datetime_operator_2', 'example_branch_datetime_operator' retrieved from /home/airflow/.local/lib/python3.12/site-packages/airflow/example_dags/example_branch_datetime_operator.py
[2025-04-11T15:49:28.169+0000] {logging_mixin.py:190} INFO - [2025-04-11T15:49:28.169+0000] {dag.py:3239} INFO - Sync 3 DAGs
[2025-04-11T15:49:28.207+0000] {logging_mixin.py:190} INFO - [2025-04-11T15:49:28.206+0000] {dag.py:4180} INFO - Setting next_dagrun for example_branch_datetime_operator to 2025-04-10 00:00:00+00:00, run_after=2025-04-11 00:00:00+00:00
[2025-04-11T15:49:28.212+0000] {logging_mixin.py:190} INFO - [2025-04-11T15:49:28.211+0000] {dag.py:4180} INFO - Setting next_dagrun for example_branch_datetime_operator_2 to 2025-04-10 00:00:00+00:00, run_after=2025-04-11 00:00:00+00:00
[2025-04-11T15:49:28.215+0000] {logging_mixin.py:190} INFO - [2025-04-11T15:49:28.215+0000] {dag.py:4180} INFO - Setting next_dagrun for example_branch_datetime_operator_3 to 2025-04-10 00:00:00+00:00, run_after=2025-04-11 00:00:00+00:00
[2025-04-11T15:49:28.232+0000] {processor.py:208} INFO - Processing /home/airflow/.local/lib/python3.12/site-packages/airflow/example_dags/example_branch_datetime_operator.py took 0.117 seconds
