[2025-04-11T15:47:28.233+0000] {processor.py:186} INFO - Started process (PID=428) to work on /home/airflow/.local/lib/python3.12/site-packages/airflow/example_dags/example_inlet_event_extra.py
[2025-04-11T15:47:28.235+0000] {processor.py:914} INFO - Processing file /home/airflow/.local/lib/python3.12/site-packages/airflow/example_dags/example_inlet_event_extra.py for tasks to queue
[2025-04-11T15:47:28.239+0000] {logging_mixin.py:190} INFO - [2025-04-11T15:47:28.239+0000] {dagbag.py:588} INFO - Filling up the DagBag from /home/airflow/.local/lib/python3.12/site-packages/airflow/example_dags/example_inlet_event_extra.py
[2025-04-11T15:47:29.308+0000] {processor.py:925} INFO - DAG(s) 'read_dataset_event', 'read_dataset_event_from_classic' retrieved from /home/airflow/.local/lib/python3.12/site-packages/airflow/example_dags/example_inlet_event_extra.py
[2025-04-11T15:47:30.137+0000] {logging_mixin.py:190} INFO - [2025-04-11T15:47:30.136+0000] {override.py:1912} INFO - Created Permission View: can edit on DAG:read_dataset_event
[2025-04-11T15:47:30.165+0000] {logging_mixin.py:190} INFO - [2025-04-11T15:47:30.164+0000] {override.py:1912} INFO - Created Permission View: can delete on DAG:read_dataset_event
[2025-04-11T15:47:30.212+0000] {logging_mixin.py:190} INFO - [2025-04-11T15:47:30.206+0000] {override.py:1912} INFO - Created Permission View: can read on DAG:read_dataset_event
[2025-04-11T15:47:30.237+0000] {logging_mixin.py:190} INFO - [2025-04-11T15:47:30.237+0000] {override.py:1912} INFO - Created Permission View: can create on DAG Run:read_dataset_event
[2025-04-11T15:47:30.274+0000] {logging_mixin.py:190} INFO - [2025-04-11T15:47:30.272+0000] {override.py:1912} INFO - Created Permission View: menu access on DAG Run:read_dataset_event
[2025-04-11T15:47:30.318+0000] {logging_mixin.py:190} INFO - [2025-04-11T15:47:30.317+0000] {override.py:1912} INFO - Created Permission View: can delete on DAG Run:read_dataset_event
[2025-04-11T15:47:30.332+0000] {logging_mixin.py:190} INFO - [2025-04-11T15:47:30.332+0000] {override.py:1912} INFO - Created Permission View: can read on DAG Run:read_dataset_event
[2025-04-11T15:47:30.362+0000] {logging_mixin.py:190} INFO - [2025-04-11T15:47:30.362+0000] {override.py:1912} INFO - Created Permission View: can edit on DAG:read_dataset_event_from_classic
[2025-04-11T15:47:30.373+0000] {logging_mixin.py:190} INFO - [2025-04-11T15:47:30.372+0000] {override.py:1912} INFO - Created Permission View: can delete on DAG:read_dataset_event_from_classic
[2025-04-11T15:47:30.385+0000] {logging_mixin.py:190} INFO - [2025-04-11T15:47:30.384+0000] {override.py:1912} INFO - Created Permission View: can read on DAG:read_dataset_event_from_classic
[2025-04-11T15:47:30.399+0000] {logging_mixin.py:190} INFO - [2025-04-11T15:47:30.398+0000] {override.py:1912} INFO - Created Permission View: can create on DAG Run:read_dataset_event_from_classic
[2025-04-11T15:47:30.410+0000] {logging_mixin.py:190} INFO - [2025-04-11T15:47:30.409+0000] {override.py:1912} INFO - Created Permission View: menu access on DAG Run:read_dataset_event_from_classic
[2025-04-11T15:47:30.422+0000] {logging_mixin.py:190} INFO - [2025-04-11T15:47:30.421+0000] {override.py:1912} INFO - Created Permission View: can delete on DAG Run:read_dataset_event_from_classic
[2025-04-11T15:47:30.434+0000] {logging_mixin.py:190} INFO - [2025-04-11T15:47:30.433+0000] {override.py:1912} INFO - Created Permission View: can read on DAG Run:read_dataset_event_from_classic
[2025-04-11T15:47:30.435+0000] {logging_mixin.py:190} INFO - [2025-04-11T15:47:30.434+0000] {dag.py:3239} INFO - Sync 2 DAGs
[2025-04-11T15:47:30.470+0000] {logging_mixin.py:190} INFO - [2025-04-11T15:47:30.469+0000] {dag.py:3262} INFO - Creating ORM DAG for read_dataset_event_from_classic
[2025-04-11T15:47:30.472+0000] {logging_mixin.py:190} INFO - [2025-04-11T15:47:30.471+0000] {dag.py:3262} INFO - Creating ORM DAG for read_dataset_event
[2025-04-11T15:47:30.511+0000] {logging_mixin.py:190} INFO - [2025-04-11T15:47:30.510+0000] {dag.py:4180} INFO - Setting next_dagrun for read_dataset_event to 2025-04-10 00:00:00+00:00, run_after=2025-04-11 00:00:00+00:00
[2025-04-11T15:47:30.568+0000] {logging_mixin.py:190} INFO - [2025-04-11T15:47:30.567+0000] {dag.py:4180} INFO - Setting next_dagrun for read_dataset_event_from_classic to 2025-04-10 00:00:00+00:00, run_after=2025-04-11 00:00:00+00:00
[2025-04-11T15:47:30.610+0000] {processor.py:208} INFO - Processing /home/airflow/.local/lib/python3.12/site-packages/airflow/example_dags/example_inlet_event_extra.py took 2.390 seconds
[2025-04-11T15:48:00.858+0000] {processor.py:186} INFO - Started process (PID=736) to work on /home/airflow/.local/lib/python3.12/site-packages/airflow/example_dags/example_inlet_event_extra.py
[2025-04-11T15:48:00.859+0000] {processor.py:914} INFO - Processing file /home/airflow/.local/lib/python3.12/site-packages/airflow/example_dags/example_inlet_event_extra.py for tasks to queue
[2025-04-11T15:48:00.862+0000] {logging_mixin.py:190} INFO - [2025-04-11T15:48:00.862+0000] {dagbag.py:588} INFO - Filling up the DagBag from /home/airflow/.local/lib/python3.12/site-packages/airflow/example_dags/example_inlet_event_extra.py
[2025-04-11T15:48:02.038+0000] {processor.py:925} INFO - DAG(s) 'read_dataset_event', 'read_dataset_event_from_classic' retrieved from /home/airflow/.local/lib/python3.12/site-packages/airflow/example_dags/example_inlet_event_extra.py
[2025-04-11T15:48:02.096+0000] {logging_mixin.py:190} INFO - [2025-04-11T15:48:02.096+0000] {dag.py:3239} INFO - Sync 2 DAGs
[2025-04-11T15:48:02.856+0000] {logging_mixin.py:190} INFO - [2025-04-11T15:48:02.856+0000] {dag.py:4180} INFO - Setting next_dagrun for read_dataset_event to 2025-04-10 00:00:00+00:00, run_after=2025-04-11 00:00:00+00:00
[2025-04-11T15:48:02.871+0000] {logging_mixin.py:190} INFO - [2025-04-11T15:48:02.871+0000] {dag.py:4180} INFO - Setting next_dagrun for read_dataset_event_from_classic to 2025-04-10 00:00:00+00:00, run_after=2025-04-11 00:00:00+00:00
[2025-04-11T15:48:02.970+0000] {processor.py:208} INFO - Processing /home/airflow/.local/lib/python3.12/site-packages/airflow/example_dags/example_inlet_event_extra.py took 2.121 seconds
[2025-04-11T15:48:33.103+0000] {processor.py:186} INFO - Started process (PID=1057) to work on /home/airflow/.local/lib/python3.12/site-packages/airflow/example_dags/example_inlet_event_extra.py
[2025-04-11T15:48:33.104+0000] {processor.py:914} INFO - Processing file /home/airflow/.local/lib/python3.12/site-packages/airflow/example_dags/example_inlet_event_extra.py for tasks to queue
[2025-04-11T15:48:33.106+0000] {logging_mixin.py:190} INFO - [2025-04-11T15:48:33.106+0000] {dagbag.py:588} INFO - Filling up the DagBag from /home/airflow/.local/lib/python3.12/site-packages/airflow/example_dags/example_inlet_event_extra.py
[2025-04-11T15:48:33.635+0000] {processor.py:925} INFO - DAG(s) 'read_dataset_event_from_classic', 'read_dataset_event' retrieved from /home/airflow/.local/lib/python3.12/site-packages/airflow/example_dags/example_inlet_event_extra.py
[2025-04-11T15:48:33.687+0000] {logging_mixin.py:190} INFO - [2025-04-11T15:48:33.687+0000] {dag.py:3239} INFO - Sync 2 DAGs
[2025-04-11T15:48:34.057+0000] {logging_mixin.py:190} INFO - [2025-04-11T15:48:34.056+0000] {dag.py:4180} INFO - Setting next_dagrun for read_dataset_event to 2025-04-10 00:00:00+00:00, run_after=2025-04-11 00:00:00+00:00
[2025-04-11T15:48:34.069+0000] {logging_mixin.py:190} INFO - [2025-04-11T15:48:34.069+0000] {dag.py:4180} INFO - Setting next_dagrun for read_dataset_event_from_classic to 2025-04-10 00:00:00+00:00, run_after=2025-04-11 00:00:00+00:00
[2025-04-11T15:48:34.107+0000] {processor.py:208} INFO - Processing /home/airflow/.local/lib/python3.12/site-packages/airflow/example_dags/example_inlet_event_extra.py took 1.009 seconds
[2025-04-11T15:49:04.316+0000] {processor.py:186} INFO - Started process (PID=1391) to work on /home/airflow/.local/lib/python3.12/site-packages/airflow/example_dags/example_inlet_event_extra.py
[2025-04-11T15:49:04.317+0000] {processor.py:914} INFO - Processing file /home/airflow/.local/lib/python3.12/site-packages/airflow/example_dags/example_inlet_event_extra.py for tasks to queue
[2025-04-11T15:49:04.320+0000] {logging_mixin.py:190} INFO - [2025-04-11T15:49:04.320+0000] {dagbag.py:588} INFO - Filling up the DagBag from /home/airflow/.local/lib/python3.12/site-packages/airflow/example_dags/example_inlet_event_extra.py
[2025-04-11T15:49:05.054+0000] {processor.py:925} INFO - DAG(s) 'read_dataset_event_from_classic', 'read_dataset_event' retrieved from /home/airflow/.local/lib/python3.12/site-packages/airflow/example_dags/example_inlet_event_extra.py
[2025-04-11T15:49:05.083+0000] {logging_mixin.py:190} INFO - [2025-04-11T15:49:05.083+0000] {dag.py:3239} INFO - Sync 2 DAGs
[2025-04-11T15:49:05.114+0000] {logging_mixin.py:190} INFO - [2025-04-11T15:49:05.114+0000] {dag.py:4180} INFO - Setting next_dagrun for read_dataset_event to 2025-04-10 00:00:00+00:00, run_after=2025-04-11 00:00:00+00:00
[2025-04-11T15:49:05.122+0000] {logging_mixin.py:190} INFO - [2025-04-11T15:49:05.122+0000] {dag.py:4180} INFO - Setting next_dagrun for read_dataset_event_from_classic to 2025-04-10 00:00:00+00:00, run_after=2025-04-11 00:00:00+00:00
[2025-04-11T15:49:05.149+0000] {processor.py:208} INFO - Processing /home/airflow/.local/lib/python3.12/site-packages/airflow/example_dags/example_inlet_event_extra.py took 0.839 seconds
