[2025-04-11T15:47:22.010+0000] {processor.py:186} INFO - Started process (PID=342) to work on /home/airflow/.local/lib/python3.12/site-packages/airflow/example_dags/example_datasets.py
[2025-04-11T15:47:22.011+0000] {processor.py:914} INFO - Processing file /home/airflow/.local/lib/python3.12/site-packages/airflow/example_dags/example_datasets.py for tasks to queue
[2025-04-11T15:47:22.015+0000] {logging_mixin.py:190} INFO - [2025-04-11T15:47:22.014+0000] {dagbag.py:588} INFO - Filling up the DagBag from /home/airflow/.local/lib/python3.12/site-packages/airflow/example_dags/example_datasets.py
[2025-04-11T15:47:22.574+0000] {processor.py:925} INFO - DAG(s) 'dataset_produces_1', 'dataset_produces_2', 'consume_1_or_2_with_dataset_expressions', 'conditional_dataset_and_time_based_timetable', 'dataset_consumes_unknown_never_scheduled', 'dataset_consumes_1', 'consume_1_or_both_2_and_3_with_dataset_expressions', 'dataset_consumes_1_never_scheduled', 'dataset_consumes_1_and_2', 'consume_1_and_2_with_dataset_expressions' retrieved from /home/airflow/.local/lib/python3.12/site-packages/airflow/example_dags/example_datasets.py
[2025-04-11T15:47:22.967+0000] {logging_mixin.py:190} INFO - [2025-04-11T15:47:22.966+0000] {override.py:1912} INFO - Created Permission View: can edit on DAG:dataset_produces_1
[2025-04-11T15:47:22.983+0000] {logging_mixin.py:190} INFO - [2025-04-11T15:47:22.982+0000] {override.py:1912} INFO - Created Permission View: can delete on DAG:dataset_produces_1
[2025-04-11T15:47:22.992+0000] {logging_mixin.py:190} INFO - [2025-04-11T15:47:22.991+0000] {override.py:1912} INFO - Created Permission View: can read on DAG:dataset_produces_1
[2025-04-11T15:47:23.007+0000] {logging_mixin.py:190} INFO - [2025-04-11T15:47:23.007+0000] {override.py:1912} INFO - Created Permission View: can create on DAG Run:dataset_produces_1
[2025-04-11T15:47:23.018+0000] {logging_mixin.py:190} INFO - [2025-04-11T15:47:23.017+0000] {override.py:1912} INFO - Created Permission View: menu access on DAG Run:dataset_produces_1
[2025-04-11T15:47:23.027+0000] {logging_mixin.py:190} INFO - [2025-04-11T15:47:23.027+0000] {override.py:1912} INFO - Created Permission View: can delete on DAG Run:dataset_produces_1
[2025-04-11T15:47:23.038+0000] {logging_mixin.py:190} INFO - [2025-04-11T15:47:23.038+0000] {override.py:1912} INFO - Created Permission View: can read on DAG Run:dataset_produces_1
[2025-04-11T15:47:23.057+0000] {logging_mixin.py:190} INFO - [2025-04-11T15:47:23.057+0000] {override.py:1912} INFO - Created Permission View: can edit on DAG:dataset_produces_2
[2025-04-11T15:47:23.069+0000] {logging_mixin.py:190} INFO - [2025-04-11T15:47:23.068+0000] {override.py:1912} INFO - Created Permission View: can delete on DAG:dataset_produces_2
[2025-04-11T15:47:23.079+0000] {logging_mixin.py:190} INFO - [2025-04-11T15:47:23.079+0000] {override.py:1912} INFO - Created Permission View: can read on DAG:dataset_produces_2
[2025-04-11T15:47:23.090+0000] {logging_mixin.py:190} INFO - [2025-04-11T15:47:23.090+0000] {override.py:1912} INFO - Created Permission View: can create on DAG Run:dataset_produces_2
[2025-04-11T15:47:23.098+0000] {logging_mixin.py:190} INFO - [2025-04-11T15:47:23.098+0000] {override.py:1912} INFO - Created Permission View: menu access on DAG Run:dataset_produces_2
[2025-04-11T15:47:23.107+0000] {logging_mixin.py:190} INFO - [2025-04-11T15:47:23.107+0000] {override.py:1912} INFO - Created Permission View: can delete on DAG Run:dataset_produces_2
[2025-04-11T15:47:23.121+0000] {logging_mixin.py:190} INFO - [2025-04-11T15:47:23.120+0000] {override.py:1912} INFO - Created Permission View: can read on DAG Run:dataset_produces_2
[2025-04-11T15:47:23.141+0000] {logging_mixin.py:190} INFO - [2025-04-11T15:47:23.140+0000] {override.py:1912} INFO - Created Permission View: can edit on DAG:consume_1_or_2_with_dataset_expressions
[2025-04-11T15:47:23.150+0000] {logging_mixin.py:190} INFO - [2025-04-11T15:47:23.149+0000] {override.py:1912} INFO - Created Permission View: can delete on DAG:consume_1_or_2_with_dataset_expressions
[2025-04-11T15:47:23.159+0000] {logging_mixin.py:190} INFO - [2025-04-11T15:47:23.158+0000] {override.py:1912} INFO - Created Permission View: can read on DAG:consume_1_or_2_with_dataset_expressions
[2025-04-11T15:47:23.170+0000] {logging_mixin.py:190} INFO - [2025-04-11T15:47:23.168+0000] {override.py:1912} INFO - Created Permission View: can create on DAG Run:consume_1_or_2_with_dataset_expressions
[2025-04-11T15:47:23.184+0000] {logging_mixin.py:190} INFO - [2025-04-11T15:47:23.183+0000] {override.py:1912} INFO - Created Permission View: menu access on DAG Run:consume_1_or_2_with_dataset_expressions
[2025-04-11T15:47:23.193+0000] {logging_mixin.py:190} INFO - [2025-04-11T15:47:23.193+0000] {override.py:1912} INFO - Created Permission View: can delete on DAG Run:consume_1_or_2_with_dataset_expressions
[2025-04-11T15:47:23.202+0000] {logging_mixin.py:190} INFO - [2025-04-11T15:47:23.201+0000] {override.py:1912} INFO - Created Permission View: can read on DAG Run:consume_1_or_2_with_dataset_expressions
[2025-04-11T15:47:23.220+0000] {logging_mixin.py:190} INFO - [2025-04-11T15:47:23.220+0000] {override.py:1912} INFO - Created Permission View: can edit on DAG:conditional_dataset_and_time_based_timetable
[2025-04-11T15:47:23.234+0000] {logging_mixin.py:190} INFO - [2025-04-11T15:47:23.233+0000] {override.py:1912} INFO - Created Permission View: can delete on DAG:conditional_dataset_and_time_based_timetable
[2025-04-11T15:47:23.243+0000] {logging_mixin.py:190} INFO - [2025-04-11T15:47:23.243+0000] {override.py:1912} INFO - Created Permission View: can read on DAG:conditional_dataset_and_time_based_timetable
[2025-04-11T15:47:23.262+0000] {logging_mixin.py:190} INFO - [2025-04-11T15:47:23.262+0000] {override.py:1912} INFO - Created Permission View: can create on DAG Run:conditional_dataset_and_time_based_timetable
[2025-04-11T15:47:23.271+0000] {logging_mixin.py:190} INFO - [2025-04-11T15:47:23.271+0000] {override.py:1912} INFO - Created Permission View: menu access on DAG Run:conditional_dataset_and_time_based_timetable
[2025-04-11T15:47:23.279+0000] {logging_mixin.py:190} INFO - [2025-04-11T15:47:23.279+0000] {override.py:1912} INFO - Created Permission View: can delete on DAG Run:conditional_dataset_and_time_based_timetable
[2025-04-11T15:47:23.299+0000] {logging_mixin.py:190} INFO - [2025-04-11T15:47:23.298+0000] {override.py:1912} INFO - Created Permission View: can read on DAG Run:conditional_dataset_and_time_based_timetable
[2025-04-11T15:47:23.368+0000] {logging_mixin.py:190} INFO - [2025-04-11T15:47:23.367+0000] {override.py:1912} INFO - Created Permission View: can edit on DAG:dataset_consumes_unknown_never_scheduled
[2025-04-11T15:47:23.382+0000] {logging_mixin.py:190} INFO - [2025-04-11T15:47:23.382+0000] {override.py:1912} INFO - Created Permission View: can delete on DAG:dataset_consumes_unknown_never_scheduled
[2025-04-11T15:47:23.391+0000] {logging_mixin.py:190} INFO - [2025-04-11T15:47:23.390+0000] {override.py:1912} INFO - Created Permission View: can read on DAG:dataset_consumes_unknown_never_scheduled
[2025-04-11T15:47:23.399+0000] {logging_mixin.py:190} INFO - [2025-04-11T15:47:23.399+0000] {override.py:1912} INFO - Created Permission View: can create on DAG Run:dataset_consumes_unknown_never_scheduled
[2025-04-11T15:47:23.408+0000] {logging_mixin.py:190} INFO - [2025-04-11T15:47:23.407+0000] {override.py:1912} INFO - Created Permission View: menu access on DAG Run:dataset_consumes_unknown_never_scheduled
[2025-04-11T15:47:23.416+0000] {logging_mixin.py:190} INFO - [2025-04-11T15:47:23.416+0000] {override.py:1912} INFO - Created Permission View: can delete on DAG Run:dataset_consumes_unknown_never_scheduled
[2025-04-11T15:47:23.427+0000] {logging_mixin.py:190} INFO - [2025-04-11T15:47:23.427+0000] {override.py:1912} INFO - Created Permission View: can read on DAG Run:dataset_consumes_unknown_never_scheduled
[2025-04-11T15:47:23.451+0000] {logging_mixin.py:190} INFO - [2025-04-11T15:47:23.451+0000] {override.py:1912} INFO - Created Permission View: can edit on DAG:dataset_consumes_1
[2025-04-11T15:47:23.463+0000] {logging_mixin.py:190} INFO - [2025-04-11T15:47:23.463+0000] {override.py:1912} INFO - Created Permission View: can delete on DAG:dataset_consumes_1
[2025-04-11T15:47:23.475+0000] {logging_mixin.py:190} INFO - [2025-04-11T15:47:23.474+0000] {override.py:1912} INFO - Created Permission View: can read on DAG:dataset_consumes_1
[2025-04-11T15:47:23.488+0000] {logging_mixin.py:190} INFO - [2025-04-11T15:47:23.487+0000] {override.py:1912} INFO - Created Permission View: can create on DAG Run:dataset_consumes_1
[2025-04-11T15:47:23.497+0000] {logging_mixin.py:190} INFO - [2025-04-11T15:47:23.497+0000] {override.py:1912} INFO - Created Permission View: menu access on DAG Run:dataset_consumes_1
[2025-04-11T15:47:23.515+0000] {logging_mixin.py:190} INFO - [2025-04-11T15:47:23.514+0000] {override.py:1912} INFO - Created Permission View: can delete on DAG Run:dataset_consumes_1
[2025-04-11T15:47:23.526+0000] {logging_mixin.py:190} INFO - [2025-04-11T15:47:23.526+0000] {override.py:1912} INFO - Created Permission View: can read on DAG Run:dataset_consumes_1
[2025-04-11T15:47:23.545+0000] {logging_mixin.py:190} INFO - [2025-04-11T15:47:23.544+0000] {override.py:1912} INFO - Created Permission View: can edit on DAG:consume_1_or_both_2_and_3_with_dataset_expressions
[2025-04-11T15:47:23.556+0000] {logging_mixin.py:190} INFO - [2025-04-11T15:47:23.555+0000] {override.py:1912} INFO - Created Permission View: can delete on DAG:consume_1_or_both_2_and_3_with_dataset_expressions
[2025-04-11T15:47:23.571+0000] {logging_mixin.py:190} INFO - [2025-04-11T15:47:23.571+0000] {override.py:1912} INFO - Created Permission View: can read on DAG:consume_1_or_both_2_and_3_with_dataset_expressions
[2025-04-11T15:47:23.583+0000] {logging_mixin.py:190} INFO - [2025-04-11T15:47:23.582+0000] {override.py:1912} INFO - Created Permission View: can create on DAG Run:consume_1_or_both_2_and_3_with_dataset_expressions
[2025-04-11T15:47:23.595+0000] {logging_mixin.py:190} INFO - [2025-04-11T15:47:23.594+0000] {override.py:1912} INFO - Created Permission View: menu access on DAG Run:consume_1_or_both_2_and_3_with_dataset_expressions
[2025-04-11T15:47:23.609+0000] {logging_mixin.py:190} INFO - [2025-04-11T15:47:23.608+0000] {override.py:1912} INFO - Created Permission View: can delete on DAG Run:consume_1_or_both_2_and_3_with_dataset_expressions
[2025-04-11T15:47:23.620+0000] {logging_mixin.py:190} INFO - [2025-04-11T15:47:23.619+0000] {override.py:1912} INFO - Created Permission View: can read on DAG Run:consume_1_or_both_2_and_3_with_dataset_expressions
[2025-04-11T15:47:23.638+0000] {logging_mixin.py:190} INFO - [2025-04-11T15:47:23.638+0000] {override.py:1912} INFO - Created Permission View: can edit on DAG:dataset_consumes_1_never_scheduled
[2025-04-11T15:47:23.651+0000] {logging_mixin.py:190} INFO - [2025-04-11T15:47:23.651+0000] {override.py:1912} INFO - Created Permission View: can delete on DAG:dataset_consumes_1_never_scheduled
[2025-04-11T15:47:23.661+0000] {logging_mixin.py:190} INFO - [2025-04-11T15:47:23.660+0000] {override.py:1912} INFO - Created Permission View: can read on DAG:dataset_consumes_1_never_scheduled
[2025-04-11T15:47:23.673+0000] {logging_mixin.py:190} INFO - [2025-04-11T15:47:23.672+0000] {override.py:1912} INFO - Created Permission View: can create on DAG Run:dataset_consumes_1_never_scheduled
[2025-04-11T15:47:23.683+0000] {logging_mixin.py:190} INFO - [2025-04-11T15:47:23.683+0000] {override.py:1912} INFO - Created Permission View: menu access on DAG Run:dataset_consumes_1_never_scheduled
[2025-04-11T15:47:23.700+0000] {logging_mixin.py:190} INFO - [2025-04-11T15:47:23.699+0000] {override.py:1912} INFO - Created Permission View: can delete on DAG Run:dataset_consumes_1_never_scheduled
[2025-04-11T15:47:23.712+0000] {logging_mixin.py:190} INFO - [2025-04-11T15:47:23.711+0000] {override.py:1912} INFO - Created Permission View: can read on DAG Run:dataset_consumes_1_never_scheduled
[2025-04-11T15:47:23.728+0000] {logging_mixin.py:190} INFO - [2025-04-11T15:47:23.727+0000] {override.py:1912} INFO - Created Permission View: can edit on DAG:dataset_consumes_1_and_2
[2025-04-11T15:47:23.737+0000] {logging_mixin.py:190} INFO - [2025-04-11T15:47:23.737+0000] {override.py:1912} INFO - Created Permission View: can delete on DAG:dataset_consumes_1_and_2
[2025-04-11T15:47:23.789+0000] {logging_mixin.py:190} INFO - [2025-04-11T15:47:23.788+0000] {override.py:1912} INFO - Created Permission View: can read on DAG:dataset_consumes_1_and_2
[2025-04-11T15:47:23.838+0000] {logging_mixin.py:190} INFO - [2025-04-11T15:47:23.837+0000] {override.py:1912} INFO - Created Permission View: can create on DAG Run:dataset_consumes_1_and_2
[2025-04-11T15:47:23.886+0000] {logging_mixin.py:190} INFO - [2025-04-11T15:47:23.885+0000] {override.py:1912} INFO - Created Permission View: menu access on DAG Run:dataset_consumes_1_and_2
[2025-04-11T15:47:23.905+0000] {logging_mixin.py:190} INFO - [2025-04-11T15:47:23.904+0000] {override.py:1912} INFO - Created Permission View: can delete on DAG Run:dataset_consumes_1_and_2
[2025-04-11T15:47:23.936+0000] {logging_mixin.py:190} INFO - [2025-04-11T15:47:23.936+0000] {override.py:1912} INFO - Created Permission View: can read on DAG Run:dataset_consumes_1_and_2
[2025-04-11T15:47:23.963+0000] {logging_mixin.py:190} INFO - [2025-04-11T15:47:23.962+0000] {override.py:1912} INFO - Created Permission View: can edit on DAG:consume_1_and_2_with_dataset_expressions
[2025-04-11T15:47:23.995+0000] {logging_mixin.py:190} INFO - [2025-04-11T15:47:23.995+0000] {override.py:1912} INFO - Created Permission View: can delete on DAG:consume_1_and_2_with_dataset_expressions
[2025-04-11T15:47:24.033+0000] {logging_mixin.py:190} INFO - [2025-04-11T15:47:24.032+0000] {override.py:1912} INFO - Created Permission View: can read on DAG:consume_1_and_2_with_dataset_expressions
[2025-04-11T15:47:24.053+0000] {logging_mixin.py:190} INFO - [2025-04-11T15:47:24.052+0000] {override.py:1912} INFO - Created Permission View: can create on DAG Run:consume_1_and_2_with_dataset_expressions
[2025-04-11T15:47:24.069+0000] {logging_mixin.py:190} INFO - [2025-04-11T15:47:24.068+0000] {override.py:1912} INFO - Created Permission View: menu access on DAG Run:consume_1_and_2_with_dataset_expressions
[2025-04-11T15:47:24.089+0000] {logging_mixin.py:190} INFO - [2025-04-11T15:47:24.088+0000] {override.py:1912} INFO - Created Permission View: can delete on DAG Run:consume_1_and_2_with_dataset_expressions
[2025-04-11T15:47:24.100+0000] {logging_mixin.py:190} INFO - [2025-04-11T15:47:24.099+0000] {override.py:1912} INFO - Created Permission View: can read on DAG Run:consume_1_and_2_with_dataset_expressions
[2025-04-11T15:47:24.101+0000] {logging_mixin.py:190} INFO - [2025-04-11T15:47:24.100+0000] {dag.py:3239} INFO - Sync 10 DAGs
[2025-04-11T15:47:24.137+0000] {logging_mixin.py:190} INFO - [2025-04-11T15:47:24.136+0000] {dag.py:3262} INFO - Creating ORM DAG for consume_1_or_2_with_dataset_expressions
[2025-04-11T15:47:24.138+0000] {logging_mixin.py:190} INFO - [2025-04-11T15:47:24.138+0000] {dag.py:3262} INFO - Creating ORM DAG for conditional_dataset_and_time_based_timetable
[2025-04-11T15:47:24.140+0000] {logging_mixin.py:190} INFO - [2025-04-11T15:47:24.140+0000] {dag.py:3262} INFO - Creating ORM DAG for dataset_consumes_unknown_never_scheduled
[2025-04-11T15:47:24.142+0000] {logging_mixin.py:190} INFO - [2025-04-11T15:47:24.141+0000] {dag.py:3262} INFO - Creating ORM DAG for dataset_consumes_1_and_2
[2025-04-11T15:47:24.143+0000] {logging_mixin.py:190} INFO - [2025-04-11T15:47:24.142+0000] {dag.py:3262} INFO - Creating ORM DAG for dataset_consumes_1
[2025-04-11T15:47:24.144+0000] {logging_mixin.py:190} INFO - [2025-04-11T15:47:24.144+0000] {dag.py:3262} INFO - Creating ORM DAG for consume_1_or_both_2_and_3_with_dataset_expressions
[2025-04-11T15:47:24.145+0000] {logging_mixin.py:190} INFO - [2025-04-11T15:47:24.145+0000] {dag.py:3262} INFO - Creating ORM DAG for consume_1_and_2_with_dataset_expressions
[2025-04-11T15:47:24.146+0000] {logging_mixin.py:190} INFO - [2025-04-11T15:47:24.146+0000] {dag.py:3262} INFO - Creating ORM DAG for dataset_produces_2
[2025-04-11T15:47:24.148+0000] {logging_mixin.py:190} INFO - [2025-04-11T15:47:24.148+0000] {dag.py:3262} INFO - Creating ORM DAG for dataset_consumes_1_never_scheduled
[2025-04-11T15:47:24.150+0000] {logging_mixin.py:190} INFO - [2025-04-11T15:47:24.150+0000] {dag.py:3262} INFO - Creating ORM DAG for dataset_produces_1
[2025-04-11T15:47:24.173+0000] {logging_mixin.py:190} INFO - [2025-04-11T15:47:24.172+0000] {dag.py:4180} INFO - Setting next_dagrun for conditional_dataset_and_time_based_timetable to 2025-04-09 01:00:00+00:00, run_after=2025-04-09 01:00:00+00:00
[2025-04-11T15:47:24.174+0000] {logging_mixin.py:190} INFO - [2025-04-11T15:47:24.174+0000] {dag.py:4180} INFO - Setting next_dagrun for consume_1_and_2_with_dataset_expressions to None, run_after=None
[2025-04-11T15:47:24.175+0000] {logging_mixin.py:190} INFO - [2025-04-11T15:47:24.175+0000] {dag.py:4180} INFO - Setting next_dagrun for consume_1_or_2_with_dataset_expressions to None, run_after=None
[2025-04-11T15:47:24.176+0000] {logging_mixin.py:190} INFO - [2025-04-11T15:47:24.176+0000] {dag.py:4180} INFO - Setting next_dagrun for consume_1_or_both_2_and_3_with_dataset_expressions to None, run_after=None
[2025-04-11T15:47:24.177+0000] {logging_mixin.py:190} INFO - [2025-04-11T15:47:24.177+0000] {dag.py:4180} INFO - Setting next_dagrun for dataset_consumes_1 to None, run_after=None
[2025-04-11T15:47:24.178+0000] {logging_mixin.py:190} INFO - [2025-04-11T15:47:24.178+0000] {dag.py:4180} INFO - Setting next_dagrun for dataset_consumes_1_and_2 to None, run_after=None
[2025-04-11T15:47:24.181+0000] {logging_mixin.py:190} INFO - [2025-04-11T15:47:24.180+0000] {dag.py:4180} INFO - Setting next_dagrun for dataset_consumes_1_never_scheduled to None, run_after=None
[2025-04-11T15:47:24.183+0000] {logging_mixin.py:190} INFO - [2025-04-11T15:47:24.182+0000] {dag.py:4180} INFO - Setting next_dagrun for dataset_consumes_unknown_never_scheduled to None, run_after=None
[2025-04-11T15:47:24.189+0000] {logging_mixin.py:190} INFO - [2025-04-11T15:47:24.189+0000] {dag.py:4180} INFO - Setting next_dagrun for dataset_produces_1 to 2025-04-10 00:00:00+00:00, run_after=2025-04-11 00:00:00+00:00
[2025-04-11T15:47:24.191+0000] {logging_mixin.py:190} INFO - [2025-04-11T15:47:24.190+0000] {dag.py:4180} INFO - Setting next_dagrun for dataset_produces_2 to None, run_after=None
[2025-04-11T15:47:24.287+0000] {processor.py:208} INFO - Processing /home/airflow/.local/lib/python3.12/site-packages/airflow/example_dags/example_datasets.py took 2.285 seconds
[2025-04-11T15:47:54.711+0000] {processor.py:186} INFO - Started process (PID=665) to work on /home/airflow/.local/lib/python3.12/site-packages/airflow/example_dags/example_datasets.py
[2025-04-11T15:47:54.713+0000] {processor.py:914} INFO - Processing file /home/airflow/.local/lib/python3.12/site-packages/airflow/example_dags/example_datasets.py for tasks to queue
[2025-04-11T15:47:54.716+0000] {logging_mixin.py:190} INFO - [2025-04-11T15:47:54.716+0000] {dagbag.py:588} INFO - Filling up the DagBag from /home/airflow/.local/lib/python3.12/site-packages/airflow/example_dags/example_datasets.py
[2025-04-11T15:47:55.486+0000] {processor.py:925} INFO - DAG(s) 'dataset_produces_2', 'conditional_dataset_and_time_based_timetable', 'dataset_consumes_1_never_scheduled', 'dataset_consumes_1', 'dataset_consumes_unknown_never_scheduled', 'consume_1_and_2_with_dataset_expressions', 'consume_1_or_2_with_dataset_expressions', 'dataset_produces_1', 'consume_1_or_both_2_and_3_with_dataset_expressions', 'dataset_consumes_1_and_2' retrieved from /home/airflow/.local/lib/python3.12/site-packages/airflow/example_dags/example_datasets.py
[2025-04-11T15:47:55.606+0000] {logging_mixin.py:190} INFO - [2025-04-11T15:47:55.605+0000] {dag.py:3239} INFO - Sync 10 DAGs
[2025-04-11T15:47:55.856+0000] {logging_mixin.py:190} INFO - [2025-04-11T15:47:55.855+0000] {dag.py:4180} INFO - Setting next_dagrun for conditional_dataset_and_time_based_timetable to 2025-04-09 01:00:00+00:00, run_after=2025-04-09 01:00:00+00:00
[2025-04-11T15:47:55.862+0000] {logging_mixin.py:190} INFO - [2025-04-11T15:47:55.862+0000] {dag.py:4180} INFO - Setting next_dagrun for consume_1_and_2_with_dataset_expressions to None, run_after=None
[2025-04-11T15:47:55.865+0000] {logging_mixin.py:190} INFO - [2025-04-11T15:47:55.865+0000] {dag.py:4180} INFO - Setting next_dagrun for consume_1_or_2_with_dataset_expressions to None, run_after=None
[2025-04-11T15:47:55.868+0000] {logging_mixin.py:190} INFO - [2025-04-11T15:47:55.867+0000] {dag.py:4180} INFO - Setting next_dagrun for consume_1_or_both_2_and_3_with_dataset_expressions to None, run_after=None
[2025-04-11T15:47:55.871+0000] {logging_mixin.py:190} INFO - [2025-04-11T15:47:55.870+0000] {dag.py:4180} INFO - Setting next_dagrun for dataset_consumes_1 to None, run_after=None
[2025-04-11T15:47:55.874+0000] {logging_mixin.py:190} INFO - [2025-04-11T15:47:55.873+0000] {dag.py:4180} INFO - Setting next_dagrun for dataset_consumes_1_and_2 to None, run_after=None
[2025-04-11T15:47:55.877+0000] {logging_mixin.py:190} INFO - [2025-04-11T15:47:55.876+0000] {dag.py:4180} INFO - Setting next_dagrun for dataset_consumes_1_never_scheduled to None, run_after=None
[2025-04-11T15:47:55.880+0000] {logging_mixin.py:190} INFO - [2025-04-11T15:47:55.879+0000] {dag.py:4180} INFO - Setting next_dagrun for dataset_consumes_unknown_never_scheduled to None, run_after=None
[2025-04-11T15:47:55.888+0000] {logging_mixin.py:190} INFO - [2025-04-11T15:47:55.887+0000] {dag.py:4180} INFO - Setting next_dagrun for dataset_produces_1 to 2025-04-10 00:00:00+00:00, run_after=2025-04-11 00:00:00+00:00
[2025-04-11T15:47:55.893+0000] {logging_mixin.py:190} INFO - [2025-04-11T15:47:55.892+0000] {dag.py:4180} INFO - Setting next_dagrun for dataset_produces_2 to None, run_after=None
[2025-04-11T15:47:55.968+0000] {processor.py:208} INFO - Processing /home/airflow/.local/lib/python3.12/site-packages/airflow/example_dags/example_datasets.py took 1.264 seconds
[2025-04-11T15:48:26.260+0000] {processor.py:186} INFO - Started process (PID=971) to work on /home/airflow/.local/lib/python3.12/site-packages/airflow/example_dags/example_datasets.py
[2025-04-11T15:48:26.266+0000] {processor.py:914} INFO - Processing file /home/airflow/.local/lib/python3.12/site-packages/airflow/example_dags/example_datasets.py for tasks to queue
[2025-04-11T15:48:26.269+0000] {logging_mixin.py:190} INFO - [2025-04-11T15:48:26.269+0000] {dagbag.py:588} INFO - Filling up the DagBag from /home/airflow/.local/lib/python3.12/site-packages/airflow/example_dags/example_datasets.py
[2025-04-11T15:48:26.963+0000] {processor.py:925} INFO - DAG(s) 'dataset_produces_1', 'consume_1_or_2_with_dataset_expressions', 'dataset_consumes_1_never_scheduled', 'consume_1_or_both_2_and_3_with_dataset_expressions', 'dataset_consumes_1', 'conditional_dataset_and_time_based_timetable', 'dataset_consumes_1_and_2', 'dataset_consumes_unknown_never_scheduled', 'consume_1_and_2_with_dataset_expressions', 'dataset_produces_2' retrieved from /home/airflow/.local/lib/python3.12/site-packages/airflow/example_dags/example_datasets.py
[2025-04-11T15:48:27.037+0000] {logging_mixin.py:190} INFO - [2025-04-11T15:48:27.037+0000] {dag.py:3239} INFO - Sync 10 DAGs
[2025-04-11T15:48:27.077+0000] {logging_mixin.py:190} INFO - [2025-04-11T15:48:27.077+0000] {dag.py:4180} INFO - Setting next_dagrun for conditional_dataset_and_time_based_timetable to 2025-04-09 01:00:00+00:00, run_after=2025-04-09 01:00:00+00:00
[2025-04-11T15:48:27.086+0000] {logging_mixin.py:190} INFO - [2025-04-11T15:48:27.086+0000] {dag.py:4180} INFO - Setting next_dagrun for consume_1_and_2_with_dataset_expressions to None, run_after=None
[2025-04-11T15:48:27.089+0000] {logging_mixin.py:190} INFO - [2025-04-11T15:48:27.088+0000] {dag.py:4180} INFO - Setting next_dagrun for consume_1_or_2_with_dataset_expressions to None, run_after=None
[2025-04-11T15:48:27.092+0000] {logging_mixin.py:190} INFO - [2025-04-11T15:48:27.092+0000] {dag.py:4180} INFO - Setting next_dagrun for consume_1_or_both_2_and_3_with_dataset_expressions to None, run_after=None
[2025-04-11T15:48:27.094+0000] {logging_mixin.py:190} INFO - [2025-04-11T15:48:27.094+0000] {dag.py:4180} INFO - Setting next_dagrun for dataset_consumes_1 to None, run_after=None
[2025-04-11T15:48:27.101+0000] {logging_mixin.py:190} INFO - [2025-04-11T15:48:27.100+0000] {dag.py:4180} INFO - Setting next_dagrun for dataset_consumes_1_and_2 to None, run_after=None
[2025-04-11T15:48:27.103+0000] {logging_mixin.py:190} INFO - [2025-04-11T15:48:27.102+0000] {dag.py:4180} INFO - Setting next_dagrun for dataset_consumes_1_never_scheduled to None, run_after=None
[2025-04-11T15:48:27.105+0000] {logging_mixin.py:190} INFO - [2025-04-11T15:48:27.104+0000] {dag.py:4180} INFO - Setting next_dagrun for dataset_consumes_unknown_never_scheduled to None, run_after=None
[2025-04-11T15:48:27.111+0000] {logging_mixin.py:190} INFO - [2025-04-11T15:48:27.111+0000] {dag.py:4180} INFO - Setting next_dagrun for dataset_produces_1 to 2025-04-10 00:00:00+00:00, run_after=2025-04-11 00:00:00+00:00
[2025-04-11T15:48:27.120+0000] {logging_mixin.py:190} INFO - [2025-04-11T15:48:27.119+0000] {dag.py:4180} INFO - Setting next_dagrun for dataset_produces_2 to None, run_after=None
[2025-04-11T15:48:27.410+0000] {processor.py:208} INFO - Processing /home/airflow/.local/lib/python3.12/site-packages/airflow/example_dags/example_datasets.py took 1.170 seconds
[2025-04-11T15:48:57.628+0000] {processor.py:186} INFO - Started process (PID=1298) to work on /home/airflow/.local/lib/python3.12/site-packages/airflow/example_dags/example_datasets.py
[2025-04-11T15:48:57.633+0000] {processor.py:914} INFO - Processing file /home/airflow/.local/lib/python3.12/site-packages/airflow/example_dags/example_datasets.py for tasks to queue
[2025-04-11T15:48:57.640+0000] {logging_mixin.py:190} INFO - [2025-04-11T15:48:57.639+0000] {dagbag.py:588} INFO - Filling up the DagBag from /home/airflow/.local/lib/python3.12/site-packages/airflow/example_dags/example_datasets.py
[2025-04-11T15:48:58.741+0000] {processor.py:925} INFO - DAG(s) 'consume_1_or_both_2_and_3_with_dataset_expressions', 'dataset_consumes_1_and_2', 'dataset_consumes_1', 'dataset_consumes_unknown_never_scheduled', 'dataset_produces_2', 'dataset_consumes_1_never_scheduled', 'consume_1_and_2_with_dataset_expressions', 'dataset_produces_1', 'conditional_dataset_and_time_based_timetable', 'consume_1_or_2_with_dataset_expressions' retrieved from /home/airflow/.local/lib/python3.12/site-packages/airflow/example_dags/example_datasets.py
[2025-04-11T15:48:58.824+0000] {logging_mixin.py:190} INFO - [2025-04-11T15:48:58.823+0000] {dag.py:3239} INFO - Sync 10 DAGs
[2025-04-11T15:48:58.876+0000] {logging_mixin.py:190} INFO - [2025-04-11T15:48:58.875+0000] {dag.py:4180} INFO - Setting next_dagrun for conditional_dataset_and_time_based_timetable to 2025-04-09 01:00:00+00:00, run_after=2025-04-09 01:00:00+00:00
[2025-04-11T15:48:58.885+0000] {logging_mixin.py:190} INFO - [2025-04-11T15:48:58.885+0000] {dag.py:4180} INFO - Setting next_dagrun for consume_1_and_2_with_dataset_expressions to None, run_after=None
[2025-04-11T15:48:58.889+0000] {logging_mixin.py:190} INFO - [2025-04-11T15:48:58.889+0000] {dag.py:4180} INFO - Setting next_dagrun for consume_1_or_2_with_dataset_expressions to None, run_after=None
[2025-04-11T15:48:58.894+0000] {logging_mixin.py:190} INFO - [2025-04-11T15:48:58.894+0000] {dag.py:4180} INFO - Setting next_dagrun for consume_1_or_both_2_and_3_with_dataset_expressions to None, run_after=None
[2025-04-11T15:48:58.900+0000] {logging_mixin.py:190} INFO - [2025-04-11T15:48:58.900+0000] {dag.py:4180} INFO - Setting next_dagrun for dataset_consumes_1 to None, run_after=None
[2025-04-11T15:48:58.903+0000] {logging_mixin.py:190} INFO - [2025-04-11T15:48:58.902+0000] {dag.py:4180} INFO - Setting next_dagrun for dataset_consumes_1_and_2 to None, run_after=None
[2025-04-11T15:48:58.906+0000] {logging_mixin.py:190} INFO - [2025-04-11T15:48:58.905+0000] {dag.py:4180} INFO - Setting next_dagrun for dataset_consumes_1_never_scheduled to None, run_after=None
[2025-04-11T15:48:58.910+0000] {logging_mixin.py:190} INFO - [2025-04-11T15:48:58.909+0000] {dag.py:4180} INFO - Setting next_dagrun for dataset_consumes_unknown_never_scheduled to None, run_after=None
[2025-04-11T15:48:58.918+0000] {logging_mixin.py:190} INFO - [2025-04-11T15:48:58.918+0000] {dag.py:4180} INFO - Setting next_dagrun for dataset_produces_1 to 2025-04-10 00:00:00+00:00, run_after=2025-04-11 00:00:00+00:00
[2025-04-11T15:48:58.920+0000] {logging_mixin.py:190} INFO - [2025-04-11T15:48:58.920+0000] {dag.py:4180} INFO - Setting next_dagrun for dataset_produces_2 to None, run_after=None
[2025-04-11T15:48:59.023+0000] {processor.py:208} INFO - Processing /home/airflow/.local/lib/python3.12/site-packages/airflow/example_dags/example_datasets.py took 1.404 seconds
[2025-04-11T15:49:29.292+0000] {processor.py:186} INFO - Started process (PID=1599) to work on /home/airflow/.local/lib/python3.12/site-packages/airflow/example_dags/example_datasets.py
[2025-04-11T15:49:29.293+0000] {processor.py:914} INFO - Processing file /home/airflow/.local/lib/python3.12/site-packages/airflow/example_dags/example_datasets.py for tasks to queue
[2025-04-11T15:49:29.296+0000] {logging_mixin.py:190} INFO - [2025-04-11T15:49:29.295+0000] {dagbag.py:588} INFO - Filling up the DagBag from /home/airflow/.local/lib/python3.12/site-packages/airflow/example_dags/example_datasets.py
[2025-04-11T15:49:29.872+0000] {processor.py:925} INFO - DAG(s) 'consume_1_or_both_2_and_3_with_dataset_expressions', 'consume_1_or_2_with_dataset_expressions', 'consume_1_and_2_with_dataset_expressions', 'dataset_produces_2', 'dataset_consumes_1_and_2', 'dataset_consumes_unknown_never_scheduled', 'dataset_produces_1', 'dataset_consumes_1', 'dataset_consumes_1_never_scheduled', 'conditional_dataset_and_time_based_timetable' retrieved from /home/airflow/.local/lib/python3.12/site-packages/airflow/example_dags/example_datasets.py
[2025-04-11T15:49:29.917+0000] {logging_mixin.py:190} INFO - [2025-04-11T15:49:29.917+0000] {dag.py:3239} INFO - Sync 10 DAGs
[2025-04-11T15:49:29.941+0000] {logging_mixin.py:190} INFO - [2025-04-11T15:49:29.940+0000] {dag.py:4180} INFO - Setting next_dagrun for conditional_dataset_and_time_based_timetable to 2025-04-09 01:00:00+00:00, run_after=2025-04-09 01:00:00+00:00
[2025-04-11T15:49:29.945+0000] {logging_mixin.py:190} INFO - [2025-04-11T15:49:29.945+0000] {dag.py:4180} INFO - Setting next_dagrun for consume_1_and_2_with_dataset_expressions to None, run_after=None
[2025-04-11T15:49:29.948+0000] {logging_mixin.py:190} INFO - [2025-04-11T15:49:29.948+0000] {dag.py:4180} INFO - Setting next_dagrun for consume_1_or_2_with_dataset_expressions to None, run_after=None
[2025-04-11T15:49:29.950+0000] {logging_mixin.py:190} INFO - [2025-04-11T15:49:29.950+0000] {dag.py:4180} INFO - Setting next_dagrun for consume_1_or_both_2_and_3_with_dataset_expressions to None, run_after=None
[2025-04-11T15:49:29.951+0000] {logging_mixin.py:190} INFO - [2025-04-11T15:49:29.951+0000] {dag.py:4180} INFO - Setting next_dagrun for dataset_consumes_1 to None, run_after=None
[2025-04-11T15:49:29.953+0000] {logging_mixin.py:190} INFO - [2025-04-11T15:49:29.953+0000] {dag.py:4180} INFO - Setting next_dagrun for dataset_consumes_1_and_2 to None, run_after=None
[2025-04-11T15:49:29.955+0000] {logging_mixin.py:190} INFO - [2025-04-11T15:49:29.954+0000] {dag.py:4180} INFO - Setting next_dagrun for dataset_consumes_1_never_scheduled to None, run_after=None
[2025-04-11T15:49:29.958+0000] {logging_mixin.py:190} INFO - [2025-04-11T15:49:29.958+0000] {dag.py:4180} INFO - Setting next_dagrun for dataset_consumes_unknown_never_scheduled to None, run_after=None
[2025-04-11T15:49:29.962+0000] {logging_mixin.py:190} INFO - [2025-04-11T15:49:29.961+0000] {dag.py:4180} INFO - Setting next_dagrun for dataset_produces_1 to 2025-04-10 00:00:00+00:00, run_after=2025-04-11 00:00:00+00:00
[2025-04-11T15:49:29.965+0000] {logging_mixin.py:190} INFO - [2025-04-11T15:49:29.965+0000] {dag.py:4180} INFO - Setting next_dagrun for dataset_produces_2 to None, run_after=None
[2025-04-11T15:49:30.010+0000] {processor.py:208} INFO - Processing /home/airflow/.local/lib/python3.12/site-packages/airflow/example_dags/example_datasets.py took 0.723 seconds
