[2025-04-11T15:47:27.975+0000] {processor.py:186} INFO - Started process (PID=423) to work on /home/airflow/.local/lib/python3.12/site-packages/airflow/example_dags/example_short_circuit_operator.py
[2025-04-11T15:47:27.977+0000] {processor.py:914} INFO - Processing file /home/airflow/.local/lib/python3.12/site-packages/airflow/example_dags/example_short_circuit_operator.py for tasks to queue
[2025-04-11T15:47:27.982+0000] {logging_mixin.py:190} INFO - [2025-04-11T15:47:27.982+0000] {dagbag.py:588} INFO - Filling up the DagBag from /home/airflow/.local/lib/python3.12/site-packages/airflow/example_dags/example_short_circuit_operator.py
[2025-04-11T15:47:28.001+0000] {processor.py:925} INFO - DAG(s) 'example_short_circuit_operator' retrieved from /home/airflow/.local/lib/python3.12/site-packages/airflow/example_dags/example_short_circuit_operator.py
[2025-04-11T15:47:28.296+0000] {logging_mixin.py:190} INFO - [2025-04-11T15:47:28.294+0000] {override.py:1912} INFO - Created Permission View: can edit on DAG:example_short_circuit_operator
[2025-04-11T15:47:28.315+0000] {logging_mixin.py:190} INFO - [2025-04-11T15:47:28.315+0000] {override.py:1912} INFO - Created Permission View: can delete on DAG:example_short_circuit_operator
[2025-04-11T15:47:28.325+0000] {logging_mixin.py:190} INFO - [2025-04-11T15:47:28.324+0000] {override.py:1912} INFO - Created Permission View: can read on DAG:example_short_circuit_operator
[2025-04-11T15:47:28.337+0000] {logging_mixin.py:190} INFO - [2025-04-11T15:47:28.336+0000] {override.py:1912} INFO - Created Permission View: can create on DAG Run:example_short_circuit_operator
[2025-04-11T15:47:28.351+0000] {logging_mixin.py:190} INFO - [2025-04-11T15:47:28.350+0000] {override.py:1912} INFO - Created Permission View: menu access on DAG Run:example_short_circuit_operator
[2025-04-11T15:47:28.368+0000] {logging_mixin.py:190} INFO - [2025-04-11T15:47:28.367+0000] {override.py:1912} INFO - Created Permission View: can delete on DAG Run:example_short_circuit_operator
[2025-04-11T15:47:28.389+0000] {logging_mixin.py:190} INFO - [2025-04-11T15:47:28.389+0000] {override.py:1912} INFO - Created Permission View: can read on DAG Run:example_short_circuit_operator
[2025-04-11T15:47:28.391+0000] {logging_mixin.py:190} INFO - [2025-04-11T15:47:28.391+0000] {dag.py:3239} INFO - Sync 1 DAGs
[2025-04-11T15:47:28.431+0000] {logging_mixin.py:190} INFO - [2025-04-11T15:47:28.431+0000] {dag.py:3262} INFO - Creating ORM DAG for example_short_circuit_operator
[2025-04-11T15:47:28.432+0000] {logging_mixin.py:190} INFO - [2025-04-11T15:47:28.432+0000] {dag.py:4180} INFO - Setting next_dagrun for example_short_circuit_operator to None, run_after=None
[2025-04-11T15:47:28.458+0000] {processor.py:208} INFO - Processing /home/airflow/.local/lib/python3.12/site-packages/airflow/example_dags/example_short_circuit_operator.py took 0.494 seconds
[2025-04-11T15:47:58.708+0000] {processor.py:186} INFO - Started process (PID=726) to work on /home/airflow/.local/lib/python3.12/site-packages/airflow/example_dags/example_short_circuit_operator.py
[2025-04-11T15:47:58.709+0000] {processor.py:914} INFO - Processing file /home/airflow/.local/lib/python3.12/site-packages/airflow/example_dags/example_short_circuit_operator.py for tasks to queue
[2025-04-11T15:47:58.712+0000] {logging_mixin.py:190} INFO - [2025-04-11T15:47:58.711+0000] {dagbag.py:588} INFO - Filling up the DagBag from /home/airflow/.local/lib/python3.12/site-packages/airflow/example_dags/example_short_circuit_operator.py
[2025-04-11T15:47:58.721+0000] {processor.py:925} INFO - DAG(s) 'example_short_circuit_operator' retrieved from /home/airflow/.local/lib/python3.12/site-packages/airflow/example_dags/example_short_circuit_operator.py
[2025-04-11T15:47:58.745+0000] {logging_mixin.py:190} INFO - [2025-04-11T15:47:58.745+0000] {dag.py:3239} INFO - Sync 1 DAGs
[2025-04-11T15:47:58.762+0000] {logging_mixin.py:190} INFO - [2025-04-11T15:47:58.761+0000] {dag.py:4180} INFO - Setting next_dagrun for example_short_circuit_operator to None, run_after=None
[2025-04-11T15:47:58.782+0000] {processor.py:208} INFO - Processing /home/airflow/.local/lib/python3.12/site-packages/airflow/example_dags/example_short_circuit_operator.py took 0.080 seconds
[2025-04-11T15:48:29.717+0000] {processor.py:186} INFO - Started process (PID=1027) to work on /home/airflow/.local/lib/python3.12/site-packages/airflow/example_dags/example_short_circuit_operator.py
[2025-04-11T15:48:29.720+0000] {processor.py:914} INFO - Processing file /home/airflow/.local/lib/python3.12/site-packages/airflow/example_dags/example_short_circuit_operator.py for tasks to queue
[2025-04-11T15:48:29.725+0000] {logging_mixin.py:190} INFO - [2025-04-11T15:48:29.724+0000] {dagbag.py:588} INFO - Filling up the DagBag from /home/airflow/.local/lib/python3.12/site-packages/airflow/example_dags/example_short_circuit_operator.py
[2025-04-11T15:48:29.748+0000] {processor.py:925} INFO - DAG(s) 'example_short_circuit_operator' retrieved from /home/airflow/.local/lib/python3.12/site-packages/airflow/example_dags/example_short_circuit_operator.py
[2025-04-11T15:48:29.860+0000] {logging_mixin.py:190} INFO - [2025-04-11T15:48:29.859+0000] {dag.py:3239} INFO - Sync 1 DAGs
[2025-04-11T15:48:29.937+0000] {logging_mixin.py:190} INFO - [2025-04-11T15:48:29.937+0000] {dag.py:4180} INFO - Setting next_dagrun for example_short_circuit_operator to None, run_after=None
[2025-04-11T15:48:30.016+0000] {processor.py:208} INFO - Processing /home/airflow/.local/lib/python3.12/site-packages/airflow/example_dags/example_short_circuit_operator.py took 0.308 seconds
[2025-04-11T15:49:01.032+0000] {processor.py:186} INFO - Started process (PID=1328) to work on /home/airflow/.local/lib/python3.12/site-packages/airflow/example_dags/example_short_circuit_operator.py
[2025-04-11T15:49:01.037+0000] {processor.py:914} INFO - Processing file /home/airflow/.local/lib/python3.12/site-packages/airflow/example_dags/example_short_circuit_operator.py for tasks to queue
[2025-04-11T15:49:01.040+0000] {logging_mixin.py:190} INFO - [2025-04-11T15:49:01.039+0000] {dagbag.py:588} INFO - Filling up the DagBag from /home/airflow/.local/lib/python3.12/site-packages/airflow/example_dags/example_short_circuit_operator.py
[2025-04-11T15:49:01.054+0000] {processor.py:925} INFO - DAG(s) 'example_short_circuit_operator' retrieved from /home/airflow/.local/lib/python3.12/site-packages/airflow/example_dags/example_short_circuit_operator.py
[2025-04-11T15:49:01.082+0000] {logging_mixin.py:190} INFO - [2025-04-11T15:49:01.081+0000] {dag.py:3239} INFO - Sync 1 DAGs
[2025-04-11T15:49:01.100+0000] {logging_mixin.py:190} INFO - [2025-04-11T15:49:01.099+0000] {dag.py:4180} INFO - Setting next_dagrun for example_short_circuit_operator to None, run_after=None
[2025-04-11T15:49:01.126+0000] {processor.py:208} INFO - Processing /home/airflow/.local/lib/python3.12/site-packages/airflow/example_dags/example_short_circuit_operator.py took 0.100 seconds
[2025-04-11T15:49:31.180+0000] {processor.py:186} INFO - Started process (PID=1629) to work on /home/airflow/.local/lib/python3.12/site-packages/airflow/example_dags/example_short_circuit_operator.py
[2025-04-11T15:49:31.181+0000] {processor.py:914} INFO - Processing file /home/airflow/.local/lib/python3.12/site-packages/airflow/example_dags/example_short_circuit_operator.py for tasks to queue
[2025-04-11T15:49:31.184+0000] {logging_mixin.py:190} INFO - [2025-04-11T15:49:31.184+0000] {dagbag.py:588} INFO - Filling up the DagBag from /home/airflow/.local/lib/python3.12/site-packages/airflow/example_dags/example_short_circuit_operator.py
[2025-04-11T15:49:31.197+0000] {processor.py:925} INFO - DAG(s) 'example_short_circuit_operator' retrieved from /home/airflow/.local/lib/python3.12/site-packages/airflow/example_dags/example_short_circuit_operator.py
[2025-04-11T15:49:31.225+0000] {logging_mixin.py:190} INFO - [2025-04-11T15:49:31.225+0000] {dag.py:3239} INFO - Sync 1 DAGs
[2025-04-11T15:49:31.243+0000] {logging_mixin.py:190} INFO - [2025-04-11T15:49:31.242+0000] {dag.py:4180} INFO - Setting next_dagrun for example_short_circuit_operator to None, run_after=None
[2025-04-11T15:49:31.266+0000] {processor.py:208} INFO - Processing /home/airflow/.local/lib/python3.12/site-packages/airflow/example_dags/example_short_circuit_operator.py took 0.095 seconds
