[2025-04-11T15:47:01.502+0000] {processor.py:186} INFO - Started process (PID=277) to work on /home/airflow/.local/lib/python3.12/site-packages/airflow/example_dags/example_setup_teardown_taskflow.py
[2025-04-11T15:47:01.507+0000] {processor.py:914} INFO - Processing file /home/airflow/.local/lib/python3.12/site-packages/airflow/example_dags/example_setup_teardown_taskflow.py for tasks to queue
[2025-04-11T15:47:01.512+0000] {logging_mixin.py:190} INFO - [2025-04-11T15:47:01.512+0000] {dagbag.py:588} INFO - Filling up the DagBag from /home/airflow/.local/lib/python3.12/site-packages/airflow/example_dags/example_setup_teardown_taskflow.py
[2025-04-11T15:47:01.535+0000] {processor.py:925} INFO - DAG(s) 'example_setup_teardown_taskflow' retrieved from /home/airflow/.local/lib/python3.12/site-packages/airflow/example_dags/example_setup_teardown_taskflow.py
[2025-04-11T15:47:01.783+0000] {logging_mixin.py:190} INFO - [2025-04-11T15:47:01.782+0000] {override.py:1912} INFO - Created Permission View: can edit on DAG:example_setup_teardown_taskflow
[2025-04-11T15:47:01.803+0000] {logging_mixin.py:190} INFO - [2025-04-11T15:47:01.803+0000] {override.py:1912} INFO - Created Permission View: can delete on DAG:example_setup_teardown_taskflow
[2025-04-11T15:47:01.820+0000] {logging_mixin.py:190} INFO - [2025-04-11T15:47:01.820+0000] {override.py:1912} INFO - Created Permission View: can read on DAG:example_setup_teardown_taskflow
[2025-04-11T15:47:01.834+0000] {logging_mixin.py:190} INFO - [2025-04-11T15:47:01.833+0000] {override.py:1912} INFO - Created Permission View: can create on DAG Run:example_setup_teardown_taskflow
[2025-04-11T15:47:01.848+0000] {logging_mixin.py:190} INFO - [2025-04-11T15:47:01.847+0000] {override.py:1912} INFO - Created Permission View: menu access on DAG Run:example_setup_teardown_taskflow
[2025-04-11T15:47:01.860+0000] {logging_mixin.py:190} INFO - [2025-04-11T15:47:01.860+0000] {override.py:1912} INFO - Created Permission View: can delete on DAG Run:example_setup_teardown_taskflow
[2025-04-11T15:47:01.875+0000] {logging_mixin.py:190} INFO - [2025-04-11T15:47:01.875+0000] {override.py:1912} INFO - Created Permission View: can read on DAG Run:example_setup_teardown_taskflow
[2025-04-11T15:47:01.876+0000] {logging_mixin.py:190} INFO - [2025-04-11T15:47:01.876+0000] {dag.py:3239} INFO - Sync 1 DAGs
[2025-04-11T15:47:01.914+0000] {logging_mixin.py:190} INFO - [2025-04-11T15:47:01.913+0000] {dag.py:3262} INFO - Creating ORM DAG for example_setup_teardown_taskflow
[2025-04-11T15:47:01.916+0000] {logging_mixin.py:190} INFO - [2025-04-11T15:47:01.915+0000] {dag.py:4180} INFO - Setting next_dagrun for example_setup_teardown_taskflow to None, run_after=None
[2025-04-11T15:47:01.952+0000] {processor.py:208} INFO - Processing /home/airflow/.local/lib/python3.12/site-packages/airflow/example_dags/example_setup_teardown_taskflow.py took 0.458 seconds
[2025-04-11T15:47:35.350+0000] {processor.py:186} INFO - Started process (PID=580) to work on /home/airflow/.local/lib/python3.12/site-packages/airflow/example_dags/example_setup_teardown_taskflow.py
[2025-04-11T15:47:35.352+0000] {processor.py:914} INFO - Processing file /home/airflow/.local/lib/python3.12/site-packages/airflow/example_dags/example_setup_teardown_taskflow.py for tasks to queue
[2025-04-11T15:47:35.356+0000] {logging_mixin.py:190} INFO - [2025-04-11T15:47:35.355+0000] {dagbag.py:588} INFO - Filling up the DagBag from /home/airflow/.local/lib/python3.12/site-packages/airflow/example_dags/example_setup_teardown_taskflow.py
[2025-04-11T15:47:35.374+0000] {processor.py:925} INFO - DAG(s) 'example_setup_teardown_taskflow' retrieved from /home/airflow/.local/lib/python3.12/site-packages/airflow/example_dags/example_setup_teardown_taskflow.py
[2025-04-11T15:47:35.441+0000] {logging_mixin.py:190} INFO - [2025-04-11T15:47:35.441+0000] {dag.py:3239} INFO - Sync 1 DAGs
[2025-04-11T15:47:35.505+0000] {logging_mixin.py:190} INFO - [2025-04-11T15:47:35.505+0000] {dag.py:4180} INFO - Setting next_dagrun for example_setup_teardown_taskflow to None, run_after=None
[2025-04-11T15:47:35.546+0000] {processor.py:208} INFO - Processing /home/airflow/.local/lib/python3.12/site-packages/airflow/example_dags/example_setup_teardown_taskflow.py took 0.204 seconds
[2025-04-11T15:48:06.757+0000] {processor.py:186} INFO - Started process (PID=879) to work on /home/airflow/.local/lib/python3.12/site-packages/airflow/example_dags/example_setup_teardown_taskflow.py
[2025-04-11T15:48:06.760+0000] {processor.py:914} INFO - Processing file /home/airflow/.local/lib/python3.12/site-packages/airflow/example_dags/example_setup_teardown_taskflow.py for tasks to queue
[2025-04-11T15:48:06.765+0000] {logging_mixin.py:190} INFO - [2025-04-11T15:48:06.764+0000] {dagbag.py:588} INFO - Filling up the DagBag from /home/airflow/.local/lib/python3.12/site-packages/airflow/example_dags/example_setup_teardown_taskflow.py
[2025-04-11T15:48:06.810+0000] {processor.py:925} INFO - DAG(s) 'example_setup_teardown_taskflow' retrieved from /home/airflow/.local/lib/python3.12/site-packages/airflow/example_dags/example_setup_teardown_taskflow.py
[2025-04-11T15:48:07.007+0000] {logging_mixin.py:190} INFO - [2025-04-11T15:48:07.006+0000] {dag.py:3239} INFO - Sync 1 DAGs
[2025-04-11T15:48:07.043+0000] {logging_mixin.py:190} INFO - [2025-04-11T15:48:07.043+0000] {dag.py:4180} INFO - Setting next_dagrun for example_setup_teardown_taskflow to None, run_after=None
[2025-04-11T15:48:07.089+0000] {processor.py:208} INFO - Processing /home/airflow/.local/lib/python3.12/site-packages/airflow/example_dags/example_setup_teardown_taskflow.py took 0.345 seconds
[2025-04-11T15:48:37.808+0000] {processor.py:186} INFO - Started process (PID=1182) to work on /home/airflow/.local/lib/python3.12/site-packages/airflow/example_dags/example_setup_teardown_taskflow.py
[2025-04-11T15:48:37.811+0000] {processor.py:914} INFO - Processing file /home/airflow/.local/lib/python3.12/site-packages/airflow/example_dags/example_setup_teardown_taskflow.py for tasks to queue
[2025-04-11T15:48:37.817+0000] {logging_mixin.py:190} INFO - [2025-04-11T15:48:37.817+0000] {dagbag.py:588} INFO - Filling up the DagBag from /home/airflow/.local/lib/python3.12/site-packages/airflow/example_dags/example_setup_teardown_taskflow.py
[2025-04-11T15:48:37.844+0000] {processor.py:925} INFO - DAG(s) 'example_setup_teardown_taskflow' retrieved from /home/airflow/.local/lib/python3.12/site-packages/airflow/example_dags/example_setup_teardown_taskflow.py
[2025-04-11T15:48:37.893+0000] {logging_mixin.py:190} INFO - [2025-04-11T15:48:37.893+0000] {dag.py:3239} INFO - Sync 1 DAGs
[2025-04-11T15:48:37.926+0000] {logging_mixin.py:190} INFO - [2025-04-11T15:48:37.926+0000] {dag.py:4180} INFO - Setting next_dagrun for example_setup_teardown_taskflow to None, run_after=None
[2025-04-11T15:48:37.974+0000] {processor.py:208} INFO - Processing /home/airflow/.local/lib/python3.12/site-packages/airflow/example_dags/example_setup_teardown_taskflow.py took 0.182 seconds
[2025-04-11T15:49:08.136+0000] {processor.py:186} INFO - Started process (PID=1481) to work on /home/airflow/.local/lib/python3.12/site-packages/airflow/example_dags/example_setup_teardown_taskflow.py
[2025-04-11T15:49:08.137+0000] {processor.py:914} INFO - Processing file /home/airflow/.local/lib/python3.12/site-packages/airflow/example_dags/example_setup_teardown_taskflow.py for tasks to queue
[2025-04-11T15:49:08.140+0000] {logging_mixin.py:190} INFO - [2025-04-11T15:49:08.140+0000] {dagbag.py:588} INFO - Filling up the DagBag from /home/airflow/.local/lib/python3.12/site-packages/airflow/example_dags/example_setup_teardown_taskflow.py
[2025-04-11T15:49:08.154+0000] {processor.py:925} INFO - DAG(s) 'example_setup_teardown_taskflow' retrieved from /home/airflow/.local/lib/python3.12/site-packages/airflow/example_dags/example_setup_teardown_taskflow.py
[2025-04-11T15:49:08.178+0000] {logging_mixin.py:190} INFO - [2025-04-11T15:49:08.178+0000] {dag.py:3239} INFO - Sync 1 DAGs
[2025-04-11T15:49:08.195+0000] {logging_mixin.py:190} INFO - [2025-04-11T15:49:08.194+0000] {dag.py:4180} INFO - Setting next_dagrun for example_setup_teardown_taskflow to None, run_after=None
[2025-04-11T15:49:08.215+0000] {processor.py:208} INFO - Processing /home/airflow/.local/lib/python3.12/site-packages/airflow/example_dags/example_setup_teardown_taskflow.py took 0.086 seconds
