[2025-04-11T15:47:21.299+0000] {processor.py:186} INFO - Started process (PID=332) to work on /home/airflow/.local/lib/python3.12/site-packages/airflow/example_dags/tutorial_taskflow_api_virtualenv.py
[2025-04-11T15:47:21.302+0000] {processor.py:914} INFO - Processing file /home/airflow/.local/lib/python3.12/site-packages/airflow/example_dags/tutorial_taskflow_api_virtualenv.py for tasks to queue
[2025-04-11T15:47:21.305+0000] {logging_mixin.py:190} INFO - [2025-04-11T15:47:21.304+0000] {dagbag.py:588} INFO - Filling up the DagBag from /home/airflow/.local/lib/python3.12/site-packages/airflow/example_dags/tutorial_taskflow_api_virtualenv.py
[2025-04-11T15:47:21.322+0000] {processor.py:925} INFO - DAG(s) 'tutorial_taskflow_api_virtualenv' retrieved from /home/airflow/.local/lib/python3.12/site-packages/airflow/example_dags/tutorial_taskflow_api_virtualenv.py
[2025-04-11T15:47:21.492+0000] {logging_mixin.py:190} INFO - [2025-04-11T15:47:21.491+0000] {override.py:1912} INFO - Created Permission View: can edit on DAG:tutorial_taskflow_api_virtualenv
[2025-04-11T15:47:21.516+0000] {logging_mixin.py:190} INFO - [2025-04-11T15:47:21.515+0000] {override.py:1912} INFO - Created Permission View: can delete on DAG:tutorial_taskflow_api_virtualenv
[2025-04-11T15:47:21.523+0000] {logging_mixin.py:190} INFO - [2025-04-11T15:47:21.523+0000] {override.py:1912} INFO - Created Permission View: can read on DAG:tutorial_taskflow_api_virtualenv
[2025-04-11T15:47:21.534+0000] {logging_mixin.py:190} INFO - [2025-04-11T15:47:21.534+0000] {override.py:1912} INFO - Created Permission View: can create on DAG Run:tutorial_taskflow_api_virtualenv
[2025-04-11T15:47:21.545+0000] {logging_mixin.py:190} INFO - [2025-04-11T15:47:21.545+0000] {override.py:1912} INFO - Created Permission View: menu access on DAG Run:tutorial_taskflow_api_virtualenv
[2025-04-11T15:47:21.557+0000] {logging_mixin.py:190} INFO - [2025-04-11T15:47:21.557+0000] {override.py:1912} INFO - Created Permission View: can delete on DAG Run:tutorial_taskflow_api_virtualenv
[2025-04-11T15:47:21.567+0000] {logging_mixin.py:190} INFO - [2025-04-11T15:47:21.567+0000] {override.py:1912} INFO - Created Permission View: can read on DAG Run:tutorial_taskflow_api_virtualenv
[2025-04-11T15:47:21.568+0000] {logging_mixin.py:190} INFO - [2025-04-11T15:47:21.568+0000] {dag.py:3239} INFO - Sync 1 DAGs
[2025-04-11T15:47:21.590+0000] {logging_mixin.py:190} INFO - [2025-04-11T15:47:21.590+0000] {dag.py:3262} INFO - Creating ORM DAG for tutorial_taskflow_api_virtualenv
[2025-04-11T15:47:21.592+0000] {logging_mixin.py:190} INFO - [2025-04-11T15:47:21.591+0000] {dag.py:4180} INFO - Setting next_dagrun for tutorial_taskflow_api_virtualenv to None, run_after=None
[2025-04-11T15:47:21.621+0000] {processor.py:208} INFO - Processing /home/airflow/.local/lib/python3.12/site-packages/airflow/example_dags/tutorial_taskflow_api_virtualenv.py took 0.329 seconds
[2025-04-11T15:47:51.686+0000] {processor.py:186} INFO - Started process (PID=630) to work on /home/airflow/.local/lib/python3.12/site-packages/airflow/example_dags/tutorial_taskflow_api_virtualenv.py
[2025-04-11T15:47:51.688+0000] {processor.py:914} INFO - Processing file /home/airflow/.local/lib/python3.12/site-packages/airflow/example_dags/tutorial_taskflow_api_virtualenv.py for tasks to queue
[2025-04-11T15:47:51.692+0000] {logging_mixin.py:190} INFO - [2025-04-11T15:47:51.691+0000] {dagbag.py:588} INFO - Filling up the DagBag from /home/airflow/.local/lib/python3.12/site-packages/airflow/example_dags/tutorial_taskflow_api_virtualenv.py
[2025-04-11T15:47:51.714+0000] {processor.py:925} INFO - DAG(s) 'tutorial_taskflow_api_virtualenv' retrieved from /home/airflow/.local/lib/python3.12/site-packages/airflow/example_dags/tutorial_taskflow_api_virtualenv.py
[2025-04-11T15:47:51.764+0000] {logging_mixin.py:190} INFO - [2025-04-11T15:47:51.764+0000] {dag.py:3239} INFO - Sync 1 DAGs
[2025-04-11T15:47:51.832+0000] {logging_mixin.py:190} INFO - [2025-04-11T15:47:51.829+0000] {dag.py:4180} INFO - Setting next_dagrun for tutorial_taskflow_api_virtualenv to None, run_after=None
[2025-04-11T15:47:51.943+0000] {processor.py:208} INFO - Processing /home/airflow/.local/lib/python3.12/site-packages/airflow/example_dags/tutorial_taskflow_api_virtualenv.py took 0.264 seconds
[2025-04-11T15:48:23.016+0000] {processor.py:186} INFO - Started process (PID=931) to work on /home/airflow/.local/lib/python3.12/site-packages/airflow/example_dags/tutorial_taskflow_api_virtualenv.py
[2025-04-11T15:48:23.017+0000] {processor.py:914} INFO - Processing file /home/airflow/.local/lib/python3.12/site-packages/airflow/example_dags/tutorial_taskflow_api_virtualenv.py for tasks to queue
[2025-04-11T15:48:23.020+0000] {logging_mixin.py:190} INFO - [2025-04-11T15:48:23.020+0000] {dagbag.py:588} INFO - Filling up the DagBag from /home/airflow/.local/lib/python3.12/site-packages/airflow/example_dags/tutorial_taskflow_api_virtualenv.py
[2025-04-11T15:48:23.036+0000] {processor.py:925} INFO - DAG(s) 'tutorial_taskflow_api_virtualenv' retrieved from /home/airflow/.local/lib/python3.12/site-packages/airflow/example_dags/tutorial_taskflow_api_virtualenv.py
[2025-04-11T15:48:23.059+0000] {logging_mixin.py:190} INFO - [2025-04-11T15:48:23.059+0000] {dag.py:3239} INFO - Sync 1 DAGs
[2025-04-11T15:48:23.086+0000] {logging_mixin.py:190} INFO - [2025-04-11T15:48:23.086+0000] {dag.py:4180} INFO - Setting next_dagrun for tutorial_taskflow_api_virtualenv to None, run_after=None
[2025-04-11T15:48:23.109+0000] {processor.py:208} INFO - Processing /home/airflow/.local/lib/python3.12/site-packages/airflow/example_dags/tutorial_taskflow_api_virtualenv.py took 0.101 seconds
[2025-04-11T15:48:54.323+0000] {processor.py:186} INFO - Started process (PID=1232) to work on /home/airflow/.local/lib/python3.12/site-packages/airflow/example_dags/tutorial_taskflow_api_virtualenv.py
[2025-04-11T15:48:54.325+0000] {processor.py:914} INFO - Processing file /home/airflow/.local/lib/python3.12/site-packages/airflow/example_dags/tutorial_taskflow_api_virtualenv.py for tasks to queue
[2025-04-11T15:48:54.328+0000] {logging_mixin.py:190} INFO - [2025-04-11T15:48:54.327+0000] {dagbag.py:588} INFO - Filling up the DagBag from /home/airflow/.local/lib/python3.12/site-packages/airflow/example_dags/tutorial_taskflow_api_virtualenv.py
[2025-04-11T15:48:54.343+0000] {processor.py:925} INFO - DAG(s) 'tutorial_taskflow_api_virtualenv' retrieved from /home/airflow/.local/lib/python3.12/site-packages/airflow/example_dags/tutorial_taskflow_api_virtualenv.py
[2025-04-11T15:48:54.366+0000] {logging_mixin.py:190} INFO - [2025-04-11T15:48:54.366+0000] {dag.py:3239} INFO - Sync 1 DAGs
[2025-04-11T15:48:54.385+0000] {logging_mixin.py:190} INFO - [2025-04-11T15:48:54.385+0000] {dag.py:4180} INFO - Setting next_dagrun for tutorial_taskflow_api_virtualenv to None, run_after=None
[2025-04-11T15:48:54.408+0000] {processor.py:208} INFO - Processing /home/airflow/.local/lib/python3.12/site-packages/airflow/example_dags/tutorial_taskflow_api_virtualenv.py took 0.092 seconds
[2025-04-11T15:49:25.805+0000] {processor.py:186} INFO - Started process (PID=1533) to work on /home/airflow/.local/lib/python3.12/site-packages/airflow/example_dags/tutorial_taskflow_api_virtualenv.py
[2025-04-11T15:49:25.806+0000] {processor.py:914} INFO - Processing file /home/airflow/.local/lib/python3.12/site-packages/airflow/example_dags/tutorial_taskflow_api_virtualenv.py for tasks to queue
[2025-04-11T15:49:25.808+0000] {logging_mixin.py:190} INFO - [2025-04-11T15:49:25.808+0000] {dagbag.py:588} INFO - Filling up the DagBag from /home/airflow/.local/lib/python3.12/site-packages/airflow/example_dags/tutorial_taskflow_api_virtualenv.py
[2025-04-11T15:49:25.820+0000] {processor.py:925} INFO - DAG(s) 'tutorial_taskflow_api_virtualenv' retrieved from /home/airflow/.local/lib/python3.12/site-packages/airflow/example_dags/tutorial_taskflow_api_virtualenv.py
[2025-04-11T15:49:25.840+0000] {logging_mixin.py:190} INFO - [2025-04-11T15:49:25.840+0000] {dag.py:3239} INFO - Sync 1 DAGs
[2025-04-11T15:49:25.855+0000] {logging_mixin.py:190} INFO - [2025-04-11T15:49:25.855+0000] {dag.py:4180} INFO - Setting next_dagrun for tutorial_taskflow_api_virtualenv to None, run_after=None
[2025-04-11T15:49:25.876+0000] {processor.py:208} INFO - Processing /home/airflow/.local/lib/python3.12/site-packages/airflow/example_dags/tutorial_taskflow_api_virtualenv.py took 0.076 seconds
