[2025-04-11T15:47:24.458+0000] {processor.py:186} INFO - Started process (PID=377) to work on /home/airflow/.local/lib/python3.12/site-packages/airflow/example_dags/tutorial.py
[2025-04-11T15:47:24.467+0000] {processor.py:914} INFO - Processing file /home/airflow/.local/lib/python3.12/site-packages/airflow/example_dags/tutorial.py for tasks to queue
[2025-04-11T15:47:24.475+0000] {logging_mixin.py:190} INFO - [2025-04-11T15:47:24.475+0000] {dagbag.py:588} INFO - Filling up the DagBag from /home/airflow/.local/lib/python3.12/site-packages/airflow/example_dags/tutorial.py
[2025-04-11T15:47:24.543+0000] {processor.py:925} INFO - DAG(s) 'tutorial' retrieved from /home/airflow/.local/lib/python3.12/site-packages/airflow/example_dags/tutorial.py
[2025-04-11T15:47:24.770+0000] {logging_mixin.py:190} INFO - [2025-04-11T15:47:24.767+0000] {override.py:1912} INFO - Created Permission View: can edit on DAG:tutorial
[2025-04-11T15:47:24.796+0000] {logging_mixin.py:190} INFO - [2025-04-11T15:47:24.794+0000] {override.py:1912} INFO - Created Permission View: can delete on DAG:tutorial
[2025-04-11T15:47:24.816+0000] {logging_mixin.py:190} INFO - [2025-04-11T15:47:24.816+0000] {override.py:1912} INFO - Created Permission View: can read on DAG:tutorial
[2025-04-11T15:47:24.841+0000] {logging_mixin.py:190} INFO - [2025-04-11T15:47:24.841+0000] {override.py:1912} INFO - Created Permission View: can create on DAG Run:tutorial
[2025-04-11T15:47:24.879+0000] {logging_mixin.py:190} INFO - [2025-04-11T15:47:24.878+0000] {override.py:1912} INFO - Created Permission View: menu access on DAG Run:tutorial
[2025-04-11T15:47:24.895+0000] {logging_mixin.py:190} INFO - [2025-04-11T15:47:24.894+0000] {override.py:1912} INFO - Created Permission View: can delete on DAG Run:tutorial
[2025-04-11T15:47:24.904+0000] {logging_mixin.py:190} INFO - [2025-04-11T15:47:24.904+0000] {override.py:1912} INFO - Created Permission View: can read on DAG Run:tutorial
[2025-04-11T15:47:24.905+0000] {logging_mixin.py:190} INFO - [2025-04-11T15:47:24.905+0000] {dag.py:3239} INFO - Sync 1 DAGs
[2025-04-11T15:47:24.941+0000] {logging_mixin.py:190} INFO - [2025-04-11T15:47:24.940+0000] {dag.py:3262} INFO - Creating ORM DAG for tutorial
[2025-04-11T15:47:24.979+0000] {logging_mixin.py:190} INFO - [2025-04-11T15:47:24.978+0000] {dag.py:4180} INFO - Setting next_dagrun for tutorial to 2025-04-10 00:00:00+00:00, run_after=2025-04-11 00:00:00+00:00
[2025-04-11T15:47:25.025+0000] {processor.py:208} INFO - Processing /home/airflow/.local/lib/python3.12/site-packages/airflow/example_dags/tutorial.py took 0.595 seconds
[2025-04-11T15:47:56.087+0000] {processor.py:186} INFO - Started process (PID=684) to work on /home/airflow/.local/lib/python3.12/site-packages/airflow/example_dags/tutorial.py
[2025-04-11T15:47:56.091+0000] {processor.py:914} INFO - Processing file /home/airflow/.local/lib/python3.12/site-packages/airflow/example_dags/tutorial.py for tasks to queue
[2025-04-11T15:47:56.109+0000] {logging_mixin.py:190} INFO - [2025-04-11T15:47:56.107+0000] {dagbag.py:588} INFO - Filling up the DagBag from /home/airflow/.local/lib/python3.12/site-packages/airflow/example_dags/tutorial.py
[2025-04-11T15:47:56.135+0000] {processor.py:925} INFO - DAG(s) 'tutorial' retrieved from /home/airflow/.local/lib/python3.12/site-packages/airflow/example_dags/tutorial.py
[2025-04-11T15:47:56.175+0000] {logging_mixin.py:190} INFO - [2025-04-11T15:47:56.174+0000] {dag.py:3239} INFO - Sync 1 DAGs
[2025-04-11T15:47:56.229+0000] {logging_mixin.py:190} INFO - [2025-04-11T15:47:56.228+0000] {dag.py:4180} INFO - Setting next_dagrun for tutorial to 2025-04-10 00:00:00+00:00, run_after=2025-04-11 00:00:00+00:00
[2025-04-11T15:47:56.256+0000] {processor.py:208} INFO - Processing /home/airflow/.local/lib/python3.12/site-packages/airflow/example_dags/tutorial.py took 0.186 seconds
[2025-04-11T15:48:26.466+0000] {processor.py:186} INFO - Started process (PID=985) to work on /home/airflow/.local/lib/python3.12/site-packages/airflow/example_dags/tutorial.py
[2025-04-11T15:48:26.467+0000] {processor.py:914} INFO - Processing file /home/airflow/.local/lib/python3.12/site-packages/airflow/example_dags/tutorial.py for tasks to queue
[2025-04-11T15:48:26.470+0000] {logging_mixin.py:190} INFO - [2025-04-11T15:48:26.470+0000] {dagbag.py:588} INFO - Filling up the DagBag from /home/airflow/.local/lib/python3.12/site-packages/airflow/example_dags/tutorial.py
[2025-04-11T15:48:26.486+0000] {processor.py:925} INFO - DAG(s) 'tutorial' retrieved from /home/airflow/.local/lib/python3.12/site-packages/airflow/example_dags/tutorial.py
[2025-04-11T15:48:26.530+0000] {logging_mixin.py:190} INFO - [2025-04-11T15:48:26.529+0000] {dag.py:3239} INFO - Sync 1 DAGs
[2025-04-11T15:48:26.592+0000] {logging_mixin.py:190} INFO - [2025-04-11T15:48:26.592+0000] {dag.py:4180} INFO - Setting next_dagrun for tutorial to 2025-04-10 00:00:00+00:00, run_after=2025-04-11 00:00:00+00:00
[2025-04-11T15:48:26.647+0000] {processor.py:208} INFO - Processing /home/airflow/.local/lib/python3.12/site-packages/airflow/example_dags/tutorial.py took 0.192 seconds
[2025-04-11T15:48:56.907+0000] {processor.py:186} INFO - Started process (PID=1281) to work on /home/airflow/.local/lib/python3.12/site-packages/airflow/example_dags/tutorial.py
[2025-04-11T15:48:56.909+0000] {processor.py:914} INFO - Processing file /home/airflow/.local/lib/python3.12/site-packages/airflow/example_dags/tutorial.py for tasks to queue
[2025-04-11T15:48:56.914+0000] {logging_mixin.py:190} INFO - [2025-04-11T15:48:56.913+0000] {dagbag.py:588} INFO - Filling up the DagBag from /home/airflow/.local/lib/python3.12/site-packages/airflow/example_dags/tutorial.py
[2025-04-11T15:48:56.932+0000] {processor.py:925} INFO - DAG(s) 'tutorial' retrieved from /home/airflow/.local/lib/python3.12/site-packages/airflow/example_dags/tutorial.py
[2025-04-11T15:48:56.972+0000] {logging_mixin.py:190} INFO - [2025-04-11T15:48:56.971+0000] {dag.py:3239} INFO - Sync 1 DAGs
[2025-04-11T15:48:57.032+0000] {logging_mixin.py:190} INFO - [2025-04-11T15:48:57.031+0000] {dag.py:4180} INFO - Setting next_dagrun for tutorial to 2025-04-10 00:00:00+00:00, run_after=2025-04-11 00:00:00+00:00
[2025-04-11T15:48:57.071+0000] {processor.py:208} INFO - Processing /home/airflow/.local/lib/python3.12/site-packages/airflow/example_dags/tutorial.py took 0.173 seconds
[2025-04-11T15:49:27.244+0000] {processor.py:186} INFO - Started process (PID=1577) to work on /home/airflow/.local/lib/python3.12/site-packages/airflow/example_dags/tutorial.py
[2025-04-11T15:49:27.245+0000] {processor.py:914} INFO - Processing file /home/airflow/.local/lib/python3.12/site-packages/airflow/example_dags/tutorial.py for tasks to queue
[2025-04-11T15:49:27.248+0000] {logging_mixin.py:190} INFO - [2025-04-11T15:49:27.248+0000] {dagbag.py:588} INFO - Filling up the DagBag from /home/airflow/.local/lib/python3.12/site-packages/airflow/example_dags/tutorial.py
[2025-04-11T15:49:27.257+0000] {processor.py:925} INFO - DAG(s) 'tutorial' retrieved from /home/airflow/.local/lib/python3.12/site-packages/airflow/example_dags/tutorial.py
[2025-04-11T15:49:27.278+0000] {logging_mixin.py:190} INFO - [2025-04-11T15:49:27.278+0000] {dag.py:3239} INFO - Sync 1 DAGs
[2025-04-11T15:49:27.301+0000] {logging_mixin.py:190} INFO - [2025-04-11T15:49:27.301+0000] {dag.py:4180} INFO - Setting next_dagrun for tutorial to 2025-04-10 00:00:00+00:00, run_after=2025-04-11 00:00:00+00:00
[2025-04-11T15:49:27.335+0000] {processor.py:208} INFO - Processing /home/airflow/.local/lib/python3.12/site-packages/airflow/example_dags/tutorial.py took 0.097 seconds
