[2025-04-11T15:46:51.925+0000] {processor.py:186} INFO - Started process (PID=204) to work on /home/airflow/.local/lib/python3.12/site-packages/airflow/example_dags/tutorial_dag.py
[2025-04-11T15:46:51.928+0000] {processor.py:914} INFO - Processing file /home/airflow/.local/lib/python3.12/site-packages/airflow/example_dags/tutorial_dag.py for tasks to queue
[2025-04-11T15:46:51.934+0000] {logging_mixin.py:190} INFO - [2025-04-11T15:46:51.933+0000] {dagbag.py:588} INFO - Filling up the DagBag from /home/airflow/.local/lib/python3.12/site-packages/airflow/example_dags/tutorial_dag.py
[2025-04-11T15:46:51.954+0000] {processor.py:925} INFO - DAG(s) 'tutorial_dag' retrieved from /home/airflow/.local/lib/python3.12/site-packages/airflow/example_dags/tutorial_dag.py
[2025-04-11T15:46:53.120+0000] {logging_mixin.py:190} INFO - [2025-04-11T15:46:53.118+0000] {override.py:1912} INFO - Created Permission View: can edit on DAG:tutorial_dag
[2025-04-11T15:46:53.187+0000] {logging_mixin.py:190} INFO - [2025-04-11T15:46:53.186+0000] {override.py:1912} INFO - Created Permission View: can delete on DAG:tutorial_dag
[2025-04-11T15:46:53.246+0000] {logging_mixin.py:190} INFO - [2025-04-11T15:46:53.245+0000] {override.py:1912} INFO - Created Permission View: can read on DAG:tutorial_dag
[2025-04-11T15:46:53.279+0000] {logging_mixin.py:190} INFO - [2025-04-11T15:46:53.278+0000] {override.py:1912} INFO - Created Permission View: can create on DAG Run:tutorial_dag
[2025-04-11T15:46:53.338+0000] {logging_mixin.py:190} INFO - [2025-04-11T15:46:53.336+0000] {override.py:1912} INFO - Created Permission View: menu access on DAG Run:tutorial_dag
[2025-04-11T15:46:53.425+0000] {logging_mixin.py:190} INFO - [2025-04-11T15:46:53.424+0000] {override.py:1912} INFO - Created Permission View: can delete on DAG Run:tutorial_dag
[2025-04-11T15:46:53.457+0000] {logging_mixin.py:190} INFO - [2025-04-11T15:46:53.457+0000] {override.py:1912} INFO - Created Permission View: can read on DAG Run:tutorial_dag
[2025-04-11T15:46:53.460+0000] {logging_mixin.py:190} INFO - [2025-04-11T15:46:53.459+0000] {dag.py:3239} INFO - Sync 1 DAGs
[2025-04-11T15:46:53.510+0000] {logging_mixin.py:190} INFO - [2025-04-11T15:46:53.510+0000] {dag.py:3262} INFO - Creating ORM DAG for tutorial_dag
[2025-04-11T15:46:53.512+0000] {logging_mixin.py:190} INFO - [2025-04-11T15:46:53.512+0000] {dag.py:4180} INFO - Setting next_dagrun for tutorial_dag to None, run_after=None
[2025-04-11T15:46:53.566+0000] {processor.py:208} INFO - Processing /home/airflow/.local/lib/python3.12/site-packages/airflow/example_dags/tutorial_dag.py took 1.659 seconds
[2025-04-11T15:47:32.963+0000] {processor.py:186} INFO - Started process (PID=508) to work on /home/airflow/.local/lib/python3.12/site-packages/airflow/example_dags/tutorial_dag.py
[2025-04-11T15:47:32.974+0000] {processor.py:914} INFO - Processing file /home/airflow/.local/lib/python3.12/site-packages/airflow/example_dags/tutorial_dag.py for tasks to queue
[2025-04-11T15:47:32.981+0000] {logging_mixin.py:190} INFO - [2025-04-11T15:47:32.980+0000] {dagbag.py:588} INFO - Filling up the DagBag from /home/airflow/.local/lib/python3.12/site-packages/airflow/example_dags/tutorial_dag.py
[2025-04-11T15:47:33.005+0000] {processor.py:925} INFO - DAG(s) 'tutorial_dag' retrieved from /home/airflow/.local/lib/python3.12/site-packages/airflow/example_dags/tutorial_dag.py
[2025-04-11T15:47:33.081+0000] {logging_mixin.py:190} INFO - [2025-04-11T15:47:33.080+0000] {dag.py:3239} INFO - Sync 1 DAGs
[2025-04-11T15:47:33.113+0000] {logging_mixin.py:190} INFO - [2025-04-11T15:47:33.113+0000] {dag.py:4180} INFO - Setting next_dagrun for tutorial_dag to None, run_after=None
[2025-04-11T15:47:33.168+0000] {processor.py:208} INFO - Processing /home/airflow/.local/lib/python3.12/site-packages/airflow/example_dags/tutorial_dag.py took 0.223 seconds
[2025-04-11T15:48:03.909+0000] {processor.py:186} INFO - Started process (PID=809) to work on /home/airflow/.local/lib/python3.12/site-packages/airflow/example_dags/tutorial_dag.py
[2025-04-11T15:48:03.912+0000] {processor.py:914} INFO - Processing file /home/airflow/.local/lib/python3.12/site-packages/airflow/example_dags/tutorial_dag.py for tasks to queue
[2025-04-11T15:48:03.916+0000] {logging_mixin.py:190} INFO - [2025-04-11T15:48:03.915+0000] {dagbag.py:588} INFO - Filling up the DagBag from /home/airflow/.local/lib/python3.12/site-packages/airflow/example_dags/tutorial_dag.py
[2025-04-11T15:48:03.933+0000] {processor.py:925} INFO - DAG(s) 'tutorial_dag' retrieved from /home/airflow/.local/lib/python3.12/site-packages/airflow/example_dags/tutorial_dag.py
[2025-04-11T15:48:03.966+0000] {logging_mixin.py:190} INFO - [2025-04-11T15:48:03.966+0000] {dag.py:3239} INFO - Sync 1 DAGs
[2025-04-11T15:48:03.993+0000] {logging_mixin.py:190} INFO - [2025-04-11T15:48:03.992+0000] {dag.py:4180} INFO - Setting next_dagrun for tutorial_dag to None, run_after=None
[2025-04-11T15:48:04.026+0000] {processor.py:208} INFO - Processing /home/airflow/.local/lib/python3.12/site-packages/airflow/example_dags/tutorial_dag.py took 0.132 seconds
[2025-04-11T15:48:34.339+0000] {processor.py:186} INFO - Started process (PID=1110) to work on /home/airflow/.local/lib/python3.12/site-packages/airflow/example_dags/tutorial_dag.py
[2025-04-11T15:48:34.340+0000] {processor.py:914} INFO - Processing file /home/airflow/.local/lib/python3.12/site-packages/airflow/example_dags/tutorial_dag.py for tasks to queue
[2025-04-11T15:48:34.345+0000] {logging_mixin.py:190} INFO - [2025-04-11T15:48:34.344+0000] {dagbag.py:588} INFO - Filling up the DagBag from /home/airflow/.local/lib/python3.12/site-packages/airflow/example_dags/tutorial_dag.py
[2025-04-11T15:48:34.358+0000] {processor.py:925} INFO - DAG(s) 'tutorial_dag' retrieved from /home/airflow/.local/lib/python3.12/site-packages/airflow/example_dags/tutorial_dag.py
[2025-04-11T15:48:34.395+0000] {logging_mixin.py:190} INFO - [2025-04-11T15:48:34.395+0000] {dag.py:3239} INFO - Sync 1 DAGs
[2025-04-11T15:48:34.436+0000] {logging_mixin.py:190} INFO - [2025-04-11T15:48:34.435+0000] {dag.py:4180} INFO - Setting next_dagrun for tutorial_dag to None, run_after=None
[2025-04-11T15:48:34.479+0000] {processor.py:208} INFO - Processing /home/airflow/.local/lib/python3.12/site-packages/airflow/example_dags/tutorial_dag.py took 0.150 seconds
[2025-04-11T15:49:04.777+0000] {processor.py:186} INFO - Started process (PID=1411) to work on /home/airflow/.local/lib/python3.12/site-packages/airflow/example_dags/tutorial_dag.py
[2025-04-11T15:49:04.778+0000] {processor.py:914} INFO - Processing file /home/airflow/.local/lib/python3.12/site-packages/airflow/example_dags/tutorial_dag.py for tasks to queue
[2025-04-11T15:49:04.781+0000] {logging_mixin.py:190} INFO - [2025-04-11T15:49:04.781+0000] {dagbag.py:588} INFO - Filling up the DagBag from /home/airflow/.local/lib/python3.12/site-packages/airflow/example_dags/tutorial_dag.py
[2025-04-11T15:49:04.790+0000] {processor.py:925} INFO - DAG(s) 'tutorial_dag' retrieved from /home/airflow/.local/lib/python3.12/site-packages/airflow/example_dags/tutorial_dag.py
[2025-04-11T15:49:04.817+0000] {logging_mixin.py:190} INFO - [2025-04-11T15:49:04.816+0000] {dag.py:3239} INFO - Sync 1 DAGs
[2025-04-11T15:49:04.836+0000] {logging_mixin.py:190} INFO - [2025-04-11T15:49:04.836+0000] {dag.py:4180} INFO - Setting next_dagrun for tutorial_dag to None, run_after=None
[2025-04-11T15:49:04.861+0000] {processor.py:208} INFO - Processing /home/airflow/.local/lib/python3.12/site-packages/airflow/example_dags/tutorial_dag.py took 0.093 seconds
