[2025-04-11T15:46:58.582+0000] {processor.py:186} INFO - Started process (PID=242) to work on /home/airflow/.local/lib/python3.12/site-packages/airflow/example_dags/tutorial_taskflow_api.py
[2025-04-11T15:46:58.583+0000] {processor.py:914} INFO - Processing file /home/airflow/.local/lib/python3.12/site-packages/airflow/example_dags/tutorial_taskflow_api.py for tasks to queue
[2025-04-11T15:46:58.590+0000] {logging_mixin.py:190} INFO - [2025-04-11T15:46:58.588+0000] {dagbag.py:588} INFO - Filling up the DagBag from /home/airflow/.local/lib/python3.12/site-packages/airflow/example_dags/tutorial_taskflow_api.py
[2025-04-11T15:46:58.636+0000] {processor.py:925} INFO - DAG(s) 'tutorial_taskflow_api' retrieved from /home/airflow/.local/lib/python3.12/site-packages/airflow/example_dags/tutorial_taskflow_api.py
[2025-04-11T15:46:58.969+0000] {logging_mixin.py:190} INFO - [2025-04-11T15:46:58.968+0000] {override.py:1912} INFO - Created Permission View: can edit on DAG:tutorial_taskflow_api
[2025-04-11T15:46:58.990+0000] {logging_mixin.py:190} INFO - [2025-04-11T15:46:58.990+0000] {override.py:1912} INFO - Created Permission View: can delete on DAG:tutorial_taskflow_api
[2025-04-11T15:46:59.002+0000] {logging_mixin.py:190} INFO - [2025-04-11T15:46:59.001+0000] {override.py:1912} INFO - Created Permission View: can read on DAG:tutorial_taskflow_api
[2025-04-11T15:46:59.019+0000] {logging_mixin.py:190} INFO - [2025-04-11T15:46:59.018+0000] {override.py:1912} INFO - Created Permission View: can create on DAG Run:tutorial_taskflow_api
[2025-04-11T15:46:59.040+0000] {logging_mixin.py:190} INFO - [2025-04-11T15:46:59.039+0000] {override.py:1912} INFO - Created Permission View: menu access on DAG Run:tutorial_taskflow_api
[2025-04-11T15:46:59.063+0000] {logging_mixin.py:190} INFO - [2025-04-11T15:46:59.063+0000] {override.py:1912} INFO - Created Permission View: can delete on DAG Run:tutorial_taskflow_api
[2025-04-11T15:46:59.089+0000] {logging_mixin.py:190} INFO - [2025-04-11T15:46:59.088+0000] {override.py:1912} INFO - Created Permission View: can read on DAG Run:tutorial_taskflow_api
[2025-04-11T15:46:59.090+0000] {logging_mixin.py:190} INFO - [2025-04-11T15:46:59.090+0000] {dag.py:3239} INFO - Sync 1 DAGs
[2025-04-11T15:46:59.111+0000] {logging_mixin.py:190} INFO - [2025-04-11T15:46:59.111+0000] {dag.py:3262} INFO - Creating ORM DAG for tutorial_taskflow_api
[2025-04-11T15:46:59.113+0000] {logging_mixin.py:190} INFO - [2025-04-11T15:46:59.113+0000] {dag.py:4180} INFO - Setting next_dagrun for tutorial_taskflow_api to None, run_after=None
[2025-04-11T15:46:59.185+0000] {processor.py:208} INFO - Processing /home/airflow/.local/lib/python3.12/site-packages/airflow/example_dags/tutorial_taskflow_api.py took 0.617 seconds
[2025-04-11T15:47:33.913+0000] {processor.py:186} INFO - Started process (PID=543) to work on /home/airflow/.local/lib/python3.12/site-packages/airflow/example_dags/tutorial_taskflow_api.py
[2025-04-11T15:47:33.915+0000] {processor.py:914} INFO - Processing file /home/airflow/.local/lib/python3.12/site-packages/airflow/example_dags/tutorial_taskflow_api.py for tasks to queue
[2025-04-11T15:47:33.919+0000] {logging_mixin.py:190} INFO - [2025-04-11T15:47:33.918+0000] {dagbag.py:588} INFO - Filling up the DagBag from /home/airflow/.local/lib/python3.12/site-packages/airflow/example_dags/tutorial_taskflow_api.py
[2025-04-11T15:47:33.939+0000] {processor.py:925} INFO - DAG(s) 'tutorial_taskflow_api' retrieved from /home/airflow/.local/lib/python3.12/site-packages/airflow/example_dags/tutorial_taskflow_api.py
[2025-04-11T15:47:33.991+0000] {logging_mixin.py:190} INFO - [2025-04-11T15:47:33.991+0000] {dag.py:3239} INFO - Sync 1 DAGs
[2025-04-11T15:47:34.019+0000] {logging_mixin.py:190} INFO - [2025-04-11T15:47:34.019+0000] {dag.py:4180} INFO - Setting next_dagrun for tutorial_taskflow_api to None, run_after=None
[2025-04-11T15:47:34.106+0000] {processor.py:208} INFO - Processing /home/airflow/.local/lib/python3.12/site-packages/airflow/example_dags/tutorial_taskflow_api.py took 0.204 seconds
[2025-04-11T15:48:05.093+0000] {processor.py:186} INFO - Started process (PID=844) to work on /home/airflow/.local/lib/python3.12/site-packages/airflow/example_dags/tutorial_taskflow_api.py
[2025-04-11T15:48:05.096+0000] {processor.py:914} INFO - Processing file /home/airflow/.local/lib/python3.12/site-packages/airflow/example_dags/tutorial_taskflow_api.py for tasks to queue
[2025-04-11T15:48:05.103+0000] {logging_mixin.py:190} INFO - [2025-04-11T15:48:05.102+0000] {dagbag.py:588} INFO - Filling up the DagBag from /home/airflow/.local/lib/python3.12/site-packages/airflow/example_dags/tutorial_taskflow_api.py
[2025-04-11T15:48:05.130+0000] {processor.py:925} INFO - DAG(s) 'tutorial_taskflow_api' retrieved from /home/airflow/.local/lib/python3.12/site-packages/airflow/example_dags/tutorial_taskflow_api.py
[2025-04-11T15:48:05.226+0000] {logging_mixin.py:190} INFO - [2025-04-11T15:48:05.225+0000] {dag.py:3239} INFO - Sync 1 DAGs
[2025-04-11T15:48:05.292+0000] {logging_mixin.py:190} INFO - [2025-04-11T15:48:05.291+0000] {dag.py:4180} INFO - Setting next_dagrun for tutorial_taskflow_api to None, run_after=None
[2025-04-11T15:48:05.375+0000] {processor.py:208} INFO - Processing /home/airflow/.local/lib/python3.12/site-packages/airflow/example_dags/tutorial_taskflow_api.py took 0.320 seconds
[2025-04-11T15:48:35.526+0000] {processor.py:186} INFO - Started process (PID=1140) to work on /home/airflow/.local/lib/python3.12/site-packages/airflow/example_dags/tutorial_taskflow_api.py
[2025-04-11T15:48:35.532+0000] {processor.py:914} INFO - Processing file /home/airflow/.local/lib/python3.12/site-packages/airflow/example_dags/tutorial_taskflow_api.py for tasks to queue
[2025-04-11T15:48:35.549+0000] {logging_mixin.py:190} INFO - [2025-04-11T15:48:35.546+0000] {dagbag.py:588} INFO - Filling up the DagBag from /home/airflow/.local/lib/python3.12/site-packages/airflow/example_dags/tutorial_taskflow_api.py
[2025-04-11T15:48:35.583+0000] {processor.py:925} INFO - DAG(s) 'tutorial_taskflow_api' retrieved from /home/airflow/.local/lib/python3.12/site-packages/airflow/example_dags/tutorial_taskflow_api.py
[2025-04-11T15:48:35.658+0000] {logging_mixin.py:190} INFO - [2025-04-11T15:48:35.657+0000] {dag.py:3239} INFO - Sync 1 DAGs
[2025-04-11T15:48:35.720+0000] {logging_mixin.py:190} INFO - [2025-04-11T15:48:35.720+0000] {dag.py:4180} INFO - Setting next_dagrun for tutorial_taskflow_api to None, run_after=None
[2025-04-11T15:48:35.795+0000] {processor.py:208} INFO - Processing /home/airflow/.local/lib/python3.12/site-packages/airflow/example_dags/tutorial_taskflow_api.py took 0.287 seconds
[2025-04-11T15:49:06.587+0000] {processor.py:186} INFO - Started process (PID=1446) to work on /home/airflow/.local/lib/python3.12/site-packages/airflow/example_dags/tutorial_taskflow_api.py
[2025-04-11T15:49:06.588+0000] {processor.py:914} INFO - Processing file /home/airflow/.local/lib/python3.12/site-packages/airflow/example_dags/tutorial_taskflow_api.py for tasks to queue
[2025-04-11T15:49:06.591+0000] {logging_mixin.py:190} INFO - [2025-04-11T15:49:06.591+0000] {dagbag.py:588} INFO - Filling up the DagBag from /home/airflow/.local/lib/python3.12/site-packages/airflow/example_dags/tutorial_taskflow_api.py
[2025-04-11T15:49:06.601+0000] {processor.py:925} INFO - DAG(s) 'tutorial_taskflow_api' retrieved from /home/airflow/.local/lib/python3.12/site-packages/airflow/example_dags/tutorial_taskflow_api.py
[2025-04-11T15:49:06.622+0000] {logging_mixin.py:190} INFO - [2025-04-11T15:49:06.621+0000] {dag.py:3239} INFO - Sync 1 DAGs
[2025-04-11T15:49:06.641+0000] {logging_mixin.py:190} INFO - [2025-04-11T15:49:06.641+0000] {dag.py:4180} INFO - Setting next_dagrun for tutorial_taskflow_api to None, run_after=None
[2025-04-11T15:49:06.673+0000] {processor.py:208} INFO - Processing /home/airflow/.local/lib/python3.12/site-packages/airflow/example_dags/tutorial_taskflow_api.py took 0.093 seconds
