[2025-05-07T10:40:30.222+0000] {local_task_job_runner.py:123} INFO - ::group::Pre task execution logs
[2025-05-07T10:40:30.366+0000] {taskinstance.py:2614} INFO - Dependencies all met for dep_context=non-requeueable deps ti=<TaskInstance: Et_dag.run_extraction_script scheduled__2024-09-01T00:00:00+00:00 [queued]>
[2025-05-07T10:40:30.440+0000] {taskinstance.py:2614} INFO - Dependencies all met for dep_context=requeueable deps ti=<TaskInstance: Et_dag.run_extraction_script scheduled__2024-09-01T00:00:00+00:00 [queued]>
[2025-05-07T10:40:30.441+0000] {taskinstance.py:2867} INFO - Starting attempt 1 of 2
[2025-05-07T10:40:30.536+0000] {taskinstance.py:2890} INFO - Executing <Task(PythonOperator): run_extraction_script> on 2024-09-01 00:00:00+00:00
[2025-05-07T10:40:30.546+0000] {standard_task_runner.py:72} INFO - Started process 21681 to run task
[2025-05-07T10:40:30.560+0000] {standard_task_runner.py:104} INFO - Running: ['***', 'tasks', 'run', 'Et_dag', 'run_extraction_script', 'scheduled__2024-09-01T00:00:00+00:00', '--job-id', '747', '--raw', '--subdir', 'DAGS_FOLDER/ET_dag.py', '--cfg-path', '/tmp/tmphec6k6gc']
[2025-05-07T10:40:30.572+0000] {standard_task_runner.py:105} INFO - Job 747: Subtask run_extraction_script
[2025-05-07T10:40:30.786+0000] {task_command.py:467} INFO - Running <TaskInstance: Et_dag.run_extraction_script scheduled__2024-09-01T00:00:00+00:00 [running]> on host 3d46136a9270
[2025-05-07T10:40:31.376+0000] {taskinstance.py:3134} INFO - Exporting env vars: AIRFLOW_CTX_DAG_OWNER='***' AIRFLOW_CTX_DAG_ID='Et_dag' AIRFLOW_CTX_TASK_ID='run_extraction_script' AIRFLOW_CTX_EXECUTION_DATE='2024-09-01T00:00:00+00:00' AIRFLOW_CTX_TRY_NUMBER='1' AIRFLOW_CTX_DAG_RUN_ID='scheduled__2024-09-01T00:00:00+00:00'
[2025-05-07T10:40:31.380+0000] {taskinstance.py:732} INFO - ::endgroup::
[2025-05-07T10:40:31.423+0000] {logging_mixin.py:190} INFO - Exécution du script : /opt/***/Scripts/insert_excel_to_postgres2.py
[2025-05-07T10:40:43.275+0000] {logging_mixin.py:190} INFO - Résultat du script /opt/***/Scripts/insert_excel_to_postgres2.py :
[2025-05-07T10:40:43.314+0000] {logging_mixin.py:190} INFO - Exécution du script : /opt/***/Scripts/Store_CTX.py
[2025-05-07T10:40:50.863+0000] {logging_mixin.py:190} INFO - Résultat du script /opt/***/Scripts/Store_CTX.py :
[2025-05-07T10:40:50.865+0000] {logging_mixin.py:190} INFO - Data successfully loaded into PostgreSQL table 'CTX'
[2025-05-07T10:40:50.867+0000] {logging_mixin.py:190} INFO - Exécution du script : /opt/***/Scripts/Store_pcx.py
[2025-05-07T10:40:56.959+0000] {logging_mixin.py:190} INFO - Résultat du script /opt/***/Scripts/Store_pcx.py :
[2025-05-07T10:40:56.964+0000] {logging_mixin.py:190} INFO - Data successfully loaded into PostgreSQL table 'Flag_PCX'
[2025-05-07T10:40:56.965+0000] {logging_mixin.py:190} INFO - Exécution du script : /opt/***/Scripts/Store_Sinister.py
[2025-05-07T10:41:04.546+0000] {logging_mixin.py:190} INFO - Résultat du script /opt/***/Scripts/Store_Sinister.py :
[2025-05-07T10:41:04.547+0000] {logging_mixin.py:190} INFO - Data successfully loaded into PostgreSQL table 'Siniste'
[2025-05-07T10:41:04.549+0000] {logging_mixin.py:190} INFO - Exécution du script : /opt/***/Scripts/Store_Sogeconso.py
[2025-05-07T10:41:10.759+0000] {logging_mixin.py:190} INFO - Résultat du script /opt/***/Scripts/Store_Sogeconso.py :
[2025-05-07T10:41:10.763+0000] {logging_mixin.py:190} INFO - Data successfully loaded into PostgreSQL table 'Sogeconso'
[2025-05-07T10:41:10.765+0000] {logging_mixin.py:190} INFO - Exécution du script : /opt/***/Scripts/Store_SPP.py
[2025-05-07T10:41:20.367+0000] {logging_mixin.py:190} INFO - Résultat du script /opt/***/Scripts/Store_SPP.py :
[2025-05-07T10:41:20.369+0000] {logging_mixin.py:190} INFO - Data successfully loaded into PostgreSQL table 'SPP'
[2025-05-07T10:41:20.377+0000] {python.py:240} INFO - Done. Returned value was: None
[2025-05-07T10:41:21.334+0000] {taskinstance.py:341} INFO - ::group::Post task execution logs
[2025-05-07T10:41:21.342+0000] {taskinstance.py:353} INFO - Marking task as SUCCESS. dag_id=Et_dag, task_id=run_extraction_script, run_id=scheduled__2024-09-01T00:00:00+00:00, execution_date=20240901T000000, start_date=20250507T104030, end_date=20250507T104121
[2025-05-07T10:41:22.558+0000] {local_task_job_runner.py:266} INFO - Task exited with return code 0
[2025-05-07T10:41:22.637+0000] {local_task_job_runner.py:245} INFO - ::endgroup::
