[2025-05-30T00:00:07.409+0000] {processor.py:186} INFO - Started process (PID=7347) to work on /opt/airflow/dags/ETL_dag.py
[2025-05-30T00:00:07.411+0000] {processor.py:914} INFO - Processing file /opt/airflow/dags/ETL_dag.py for tasks to queue
[2025-05-30T00:00:07.414+0000] {logging_mixin.py:190} INFO - [2025-05-30T00:00:07.413+0000] {dagbag.py:588} INFO - Filling up the DagBag from /opt/airflow/dags/ETL_dag.py
[2025-05-30T00:00:07.442+0000] {processor.py:925} INFO - DAG(s) 'Etl_dag' retrieved from /opt/airflow/dags/ETL_dag.py
[2025-05-30T00:00:07.494+0000] {logging_mixin.py:190} INFO - [2025-05-30T00:00:07.494+0000] {dag.py:3239} INFO - Sync 1 DAGs
[2025-05-30T00:00:07.529+0000] {logging_mixin.py:190} INFO - [2025-05-30T00:00:07.529+0000] {dag.py:4180} INFO - Setting next_dagrun for Etl_dag to None, run_after=None
[2025-05-30T00:00:07.566+0000] {processor.py:208} INFO - Processing /opt/airflow/dags/ETL_dag.py took 0.165 seconds
[2025-05-30T00:00:38.111+0000] {processor.py:186} INFO - Started process (PID=7373) to work on /opt/airflow/dags/ETL_dag.py
[2025-05-30T00:00:38.112+0000] {processor.py:914} INFO - Processing file /opt/airflow/dags/ETL_dag.py for tasks to queue
[2025-05-30T00:00:38.115+0000] {logging_mixin.py:190} INFO - [2025-05-30T00:00:38.115+0000] {dagbag.py:588} INFO - Filling up the DagBag from /opt/airflow/dags/ETL_dag.py
[2025-05-30T00:00:38.139+0000] {processor.py:925} INFO - DAG(s) 'Etl_dag' retrieved from /opt/airflow/dags/ETL_dag.py
[2025-05-30T00:00:38.180+0000] {logging_mixin.py:190} INFO - [2025-05-30T00:00:38.180+0000] {dag.py:3239} INFO - Sync 1 DAGs
[2025-05-30T00:00:38.209+0000] {logging_mixin.py:190} INFO - [2025-05-30T00:00:38.208+0000] {dag.py:4180} INFO - Setting next_dagrun for Etl_dag to None, run_after=None
[2025-05-30T00:00:38.247+0000] {processor.py:208} INFO - Processing /opt/airflow/dags/ETL_dag.py took 0.144 seconds
[2025-05-30T00:01:08.792+0000] {processor.py:186} INFO - Started process (PID=7406) to work on /opt/airflow/dags/ETL_dag.py
[2025-05-30T00:01:08.793+0000] {processor.py:914} INFO - Processing file /opt/airflow/dags/ETL_dag.py for tasks to queue
[2025-05-30T00:01:08.796+0000] {logging_mixin.py:190} INFO - [2025-05-30T00:01:08.795+0000] {dagbag.py:588} INFO - Filling up the DagBag from /opt/airflow/dags/ETL_dag.py
[2025-05-30T00:01:08.818+0000] {processor.py:925} INFO - DAG(s) 'Etl_dag' retrieved from /opt/airflow/dags/ETL_dag.py
[2025-05-30T00:01:08.856+0000] {logging_mixin.py:190} INFO - [2025-05-30T00:01:08.856+0000] {dag.py:3239} INFO - Sync 1 DAGs
[2025-05-30T00:01:08.884+0000] {logging_mixin.py:190} INFO - [2025-05-30T00:01:08.884+0000] {dag.py:4180} INFO - Setting next_dagrun for Etl_dag to None, run_after=None
[2025-05-30T00:01:08.906+0000] {processor.py:208} INFO - Processing /opt/airflow/dags/ETL_dag.py took 0.123 seconds
[2025-05-30T00:01:39.583+0000] {processor.py:186} INFO - Started process (PID=7439) to work on /opt/airflow/dags/ETL_dag.py
[2025-05-30T00:01:39.585+0000] {processor.py:914} INFO - Processing file /opt/airflow/dags/ETL_dag.py for tasks to queue
[2025-05-30T00:01:39.588+0000] {logging_mixin.py:190} INFO - [2025-05-30T00:01:39.588+0000] {dagbag.py:588} INFO - Filling up the DagBag from /opt/airflow/dags/ETL_dag.py
[2025-05-30T00:01:39.608+0000] {processor.py:925} INFO - DAG(s) 'Etl_dag' retrieved from /opt/airflow/dags/ETL_dag.py
[2025-05-30T00:01:39.643+0000] {logging_mixin.py:190} INFO - [2025-05-30T00:01:39.643+0000] {dag.py:3239} INFO - Sync 1 DAGs
[2025-05-30T00:01:39.669+0000] {logging_mixin.py:190} INFO - [2025-05-30T00:01:39.669+0000] {dag.py:4180} INFO - Setting next_dagrun for Etl_dag to None, run_after=None
[2025-05-30T00:01:39.694+0000] {processor.py:208} INFO - Processing /opt/airflow/dags/ETL_dag.py took 0.121 seconds
[2025-05-30T00:02:10.484+0000] {processor.py:186} INFO - Started process (PID=7472) to work on /opt/airflow/dags/ETL_dag.py
[2025-05-30T00:02:10.487+0000] {processor.py:914} INFO - Processing file /opt/airflow/dags/ETL_dag.py for tasks to queue
[2025-05-30T00:02:10.497+0000] {logging_mixin.py:190} INFO - [2025-05-30T00:02:10.494+0000] {dagbag.py:588} INFO - Filling up the DagBag from /opt/airflow/dags/ETL_dag.py
[2025-05-30T00:02:10.591+0000] {processor.py:925} INFO - DAG(s) 'Etl_dag' retrieved from /opt/airflow/dags/ETL_dag.py
[2025-05-30T00:02:10.772+0000] {logging_mixin.py:190} INFO - [2025-05-30T00:02:10.771+0000] {dag.py:3239} INFO - Sync 1 DAGs
[2025-05-30T00:02:10.907+0000] {logging_mixin.py:190} INFO - [2025-05-30T00:02:10.907+0000] {dag.py:4180} INFO - Setting next_dagrun for Etl_dag to None, run_after=None
[2025-05-30T00:02:11.003+0000] {processor.py:208} INFO - Processing /opt/airflow/dags/ETL_dag.py took 0.537 seconds
[2025-05-30T00:02:41.699+0000] {processor.py:186} INFO - Started process (PID=7505) to work on /opt/airflow/dags/ETL_dag.py
[2025-05-30T00:02:41.703+0000] {processor.py:914} INFO - Processing file /opt/airflow/dags/ETL_dag.py for tasks to queue
[2025-05-30T00:02:41.714+0000] {logging_mixin.py:190} INFO - [2025-05-30T00:02:41.713+0000] {dagbag.py:588} INFO - Filling up the DagBag from /opt/airflow/dags/ETL_dag.py
[2025-05-30T00:02:41.761+0000] {processor.py:925} INFO - DAG(s) 'Etl_dag' retrieved from /opt/airflow/dags/ETL_dag.py
[2025-05-30T00:02:41.847+0000] {logging_mixin.py:190} INFO - [2025-05-30T00:02:41.845+0000] {dag.py:3239} INFO - Sync 1 DAGs
[2025-05-30T00:02:41.929+0000] {logging_mixin.py:190} INFO - [2025-05-30T00:02:41.929+0000] {dag.py:4180} INFO - Setting next_dagrun for Etl_dag to None, run_after=None
[2025-05-30T00:02:41.981+0000] {processor.py:208} INFO - Processing /opt/airflow/dags/ETL_dag.py took 0.301 seconds
[2025-05-30T00:03:12.533+0000] {processor.py:186} INFO - Started process (PID=7538) to work on /opt/airflow/dags/ETL_dag.py
[2025-05-30T00:03:12.536+0000] {processor.py:914} INFO - Processing file /opt/airflow/dags/ETL_dag.py for tasks to queue
[2025-05-30T00:03:12.544+0000] {logging_mixin.py:190} INFO - [2025-05-30T00:03:12.543+0000] {dagbag.py:588} INFO - Filling up the DagBag from /opt/airflow/dags/ETL_dag.py
[2025-05-30T00:03:12.573+0000] {processor.py:925} INFO - DAG(s) 'Etl_dag' retrieved from /opt/airflow/dags/ETL_dag.py
[2025-05-30T00:03:12.607+0000] {logging_mixin.py:190} INFO - [2025-05-30T00:03:12.606+0000] {dag.py:3239} INFO - Sync 1 DAGs
[2025-05-30T00:03:12.637+0000] {logging_mixin.py:190} INFO - [2025-05-30T00:03:12.637+0000] {dag.py:4180} INFO - Setting next_dagrun for Etl_dag to None, run_after=None
[2025-05-30T00:03:12.665+0000] {processor.py:208} INFO - Processing /opt/airflow/dags/ETL_dag.py took 0.138 seconds
[2025-05-30T00:03:43.445+0000] {processor.py:186} INFO - Started process (PID=7570) to work on /opt/airflow/dags/ETL_dag.py
[2025-05-30T00:03:43.446+0000] {processor.py:914} INFO - Processing file /opt/airflow/dags/ETL_dag.py for tasks to queue
[2025-05-30T00:03:43.449+0000] {logging_mixin.py:190} INFO - [2025-05-30T00:03:43.448+0000] {dagbag.py:588} INFO - Filling up the DagBag from /opt/airflow/dags/ETL_dag.py
[2025-05-30T00:03:43.468+0000] {processor.py:925} INFO - DAG(s) 'Etl_dag' retrieved from /opt/airflow/dags/ETL_dag.py
[2025-05-30T00:03:43.500+0000] {logging_mixin.py:190} INFO - [2025-05-30T00:03:43.500+0000] {dag.py:3239} INFO - Sync 1 DAGs
[2025-05-30T00:03:43.522+0000] {logging_mixin.py:190} INFO - [2025-05-30T00:03:43.522+0000] {dag.py:4180} INFO - Setting next_dagrun for Etl_dag to None, run_after=None
[2025-05-30T00:03:43.564+0000] {processor.py:208} INFO - Processing /opt/airflow/dags/ETL_dag.py took 0.126 seconds
[2025-05-30T00:04:13.735+0000] {processor.py:186} INFO - Started process (PID=7602) to work on /opt/airflow/dags/ETL_dag.py
[2025-05-30T00:04:13.736+0000] {processor.py:914} INFO - Processing file /opt/airflow/dags/ETL_dag.py for tasks to queue
[2025-05-30T00:04:13.739+0000] {logging_mixin.py:190} INFO - [2025-05-30T00:04:13.738+0000] {dagbag.py:588} INFO - Filling up the DagBag from /opt/airflow/dags/ETL_dag.py
[2025-05-30T00:04:13.758+0000] {processor.py:925} INFO - DAG(s) 'Etl_dag' retrieved from /opt/airflow/dags/ETL_dag.py
[2025-05-30T00:04:13.791+0000] {logging_mixin.py:190} INFO - [2025-05-30T00:04:13.791+0000] {dag.py:3239} INFO - Sync 1 DAGs
[2025-05-30T00:04:13.815+0000] {logging_mixin.py:190} INFO - [2025-05-30T00:04:13.815+0000] {dag.py:4180} INFO - Setting next_dagrun for Etl_dag to None, run_after=None
[2025-05-30T00:04:13.837+0000] {processor.py:208} INFO - Processing /opt/airflow/dags/ETL_dag.py took 0.108 seconds
[2025-05-30T00:04:44.427+0000] {processor.py:186} INFO - Started process (PID=7635) to work on /opt/airflow/dags/ETL_dag.py
[2025-05-30T00:04:44.428+0000] {processor.py:914} INFO - Processing file /opt/airflow/dags/ETL_dag.py for tasks to queue
[2025-05-30T00:04:44.437+0000] {logging_mixin.py:190} INFO - [2025-05-30T00:04:44.435+0000] {dagbag.py:588} INFO - Filling up the DagBag from /opt/airflow/dags/ETL_dag.py
[2025-05-30T00:04:44.497+0000] {processor.py:925} INFO - DAG(s) 'Etl_dag' retrieved from /opt/airflow/dags/ETL_dag.py
[2025-05-30T00:04:44.605+0000] {logging_mixin.py:190} INFO - [2025-05-30T00:04:44.604+0000] {dag.py:3239} INFO - Sync 1 DAGs
[2025-05-30T00:04:44.686+0000] {logging_mixin.py:190} INFO - [2025-05-30T00:04:44.686+0000] {dag.py:4180} INFO - Setting next_dagrun for Etl_dag to None, run_after=None
[2025-05-30T00:04:44.729+0000] {processor.py:208} INFO - Processing /opt/airflow/dags/ETL_dag.py took 0.310 seconds
[2025-05-30T00:05:14.846+0000] {processor.py:186} INFO - Started process (PID=7660) to work on /opt/airflow/dags/ETL_dag.py
[2025-05-30T00:05:14.847+0000] {processor.py:914} INFO - Processing file /opt/airflow/dags/ETL_dag.py for tasks to queue
[2025-05-30T00:05:14.851+0000] {logging_mixin.py:190} INFO - [2025-05-30T00:05:14.850+0000] {dagbag.py:588} INFO - Filling up the DagBag from /opt/airflow/dags/ETL_dag.py
[2025-05-30T00:05:14.885+0000] {processor.py:925} INFO - DAG(s) 'Etl_dag' retrieved from /opt/airflow/dags/ETL_dag.py
[2025-05-30T00:05:14.917+0000] {logging_mixin.py:190} INFO - [2025-05-30T00:05:14.917+0000] {dag.py:3239} INFO - Sync 1 DAGs
[2025-05-30T00:05:14.942+0000] {logging_mixin.py:190} INFO - [2025-05-30T00:05:14.942+0000] {dag.py:4180} INFO - Setting next_dagrun for Etl_dag to None, run_after=None
[2025-05-30T00:05:14.968+0000] {processor.py:208} INFO - Processing /opt/airflow/dags/ETL_dag.py took 0.130 seconds
[2025-05-30T00:05:45.572+0000] {processor.py:186} INFO - Started process (PID=7693) to work on /opt/airflow/dags/ETL_dag.py
[2025-05-30T00:05:45.574+0000] {processor.py:914} INFO - Processing file /opt/airflow/dags/ETL_dag.py for tasks to queue
[2025-05-30T00:05:45.578+0000] {logging_mixin.py:190} INFO - [2025-05-30T00:05:45.577+0000] {dagbag.py:588} INFO - Filling up the DagBag from /opt/airflow/dags/ETL_dag.py
[2025-05-30T00:05:45.609+0000] {processor.py:925} INFO - DAG(s) 'Etl_dag' retrieved from /opt/airflow/dags/ETL_dag.py
[2025-05-30T00:05:45.658+0000] {logging_mixin.py:190} INFO - [2025-05-30T00:05:45.657+0000] {dag.py:3239} INFO - Sync 1 DAGs
[2025-05-30T00:05:45.689+0000] {logging_mixin.py:190} INFO - [2025-05-30T00:05:45.689+0000] {dag.py:4180} INFO - Setting next_dagrun for Etl_dag to None, run_after=None
[2025-05-30T00:05:45.718+0000] {processor.py:208} INFO - Processing /opt/airflow/dags/ETL_dag.py took 0.154 seconds
[2025-05-30T00:06:15.933+0000] {processor.py:186} INFO - Started process (PID=7726) to work on /opt/airflow/dags/ETL_dag.py
[2025-05-30T00:06:15.935+0000] {processor.py:914} INFO - Processing file /opt/airflow/dags/ETL_dag.py for tasks to queue
[2025-05-30T00:06:15.940+0000] {logging_mixin.py:190} INFO - [2025-05-30T00:06:15.939+0000] {dagbag.py:588} INFO - Filling up the DagBag from /opt/airflow/dags/ETL_dag.py
[2025-05-30T00:06:15.978+0000] {processor.py:925} INFO - DAG(s) 'Etl_dag' retrieved from /opt/airflow/dags/ETL_dag.py
[2025-05-30T00:06:16.032+0000] {logging_mixin.py:190} INFO - [2025-05-30T00:06:16.032+0000] {dag.py:3239} INFO - Sync 1 DAGs
[2025-05-30T00:06:16.056+0000] {logging_mixin.py:190} INFO - [2025-05-30T00:06:16.056+0000] {dag.py:4180} INFO - Setting next_dagrun for Etl_dag to None, run_after=None
[2025-05-30T00:06:16.088+0000] {processor.py:208} INFO - Processing /opt/airflow/dags/ETL_dag.py took 0.170 seconds
[2025-05-30T00:06:46.559+0000] {processor.py:186} INFO - Started process (PID=7760) to work on /opt/airflow/dags/ETL_dag.py
[2025-05-30T00:06:46.561+0000] {processor.py:914} INFO - Processing file /opt/airflow/dags/ETL_dag.py for tasks to queue
[2025-05-30T00:06:46.565+0000] {logging_mixin.py:190} INFO - [2025-05-30T00:06:46.565+0000] {dagbag.py:588} INFO - Filling up the DagBag from /opt/airflow/dags/ETL_dag.py
[2025-05-30T00:06:46.586+0000] {processor.py:925} INFO - DAG(s) 'Etl_dag' retrieved from /opt/airflow/dags/ETL_dag.py
[2025-05-30T00:06:46.625+0000] {logging_mixin.py:190} INFO - [2025-05-30T00:06:46.624+0000] {dag.py:3239} INFO - Sync 1 DAGs
[2025-05-30T00:06:46.653+0000] {logging_mixin.py:190} INFO - [2025-05-30T00:06:46.653+0000] {dag.py:4180} INFO - Setting next_dagrun for Etl_dag to None, run_after=None
[2025-05-30T00:06:46.688+0000] {processor.py:208} INFO - Processing /opt/airflow/dags/ETL_dag.py took 0.137 seconds
[2025-05-30T00:07:17.326+0000] {processor.py:186} INFO - Started process (PID=7793) to work on /opt/airflow/dags/ETL_dag.py
[2025-05-30T00:07:17.327+0000] {processor.py:914} INFO - Processing file /opt/airflow/dags/ETL_dag.py for tasks to queue
[2025-05-30T00:07:17.330+0000] {logging_mixin.py:190} INFO - [2025-05-30T00:07:17.330+0000] {dagbag.py:588} INFO - Filling up the DagBag from /opt/airflow/dags/ETL_dag.py
[2025-05-30T00:07:17.349+0000] {processor.py:925} INFO - DAG(s) 'Etl_dag' retrieved from /opt/airflow/dags/ETL_dag.py
[2025-05-30T00:07:17.378+0000] {logging_mixin.py:190} INFO - [2025-05-30T00:07:17.377+0000] {dag.py:3239} INFO - Sync 1 DAGs
[2025-05-30T00:07:17.399+0000] {logging_mixin.py:190} INFO - [2025-05-30T00:07:17.399+0000] {dag.py:4180} INFO - Setting next_dagrun for Etl_dag to None, run_after=None
[2025-05-30T00:07:17.420+0000] {processor.py:208} INFO - Processing /opt/airflow/dags/ETL_dag.py took 0.102 seconds
[2025-05-30T00:07:48.019+0000] {processor.py:186} INFO - Started process (PID=7826) to work on /opt/airflow/dags/ETL_dag.py
[2025-05-30T00:07:48.020+0000] {processor.py:914} INFO - Processing file /opt/airflow/dags/ETL_dag.py for tasks to queue
[2025-05-30T00:07:48.024+0000] {logging_mixin.py:190} INFO - [2025-05-30T00:07:48.023+0000] {dagbag.py:588} INFO - Filling up the DagBag from /opt/airflow/dags/ETL_dag.py
[2025-05-30T00:07:48.048+0000] {processor.py:925} INFO - DAG(s) 'Etl_dag' retrieved from /opt/airflow/dags/ETL_dag.py
[2025-05-30T00:07:48.092+0000] {logging_mixin.py:190} INFO - [2025-05-30T00:07:48.092+0000] {dag.py:3239} INFO - Sync 1 DAGs
[2025-05-30T00:07:48.125+0000] {logging_mixin.py:190} INFO - [2025-05-30T00:07:48.125+0000] {dag.py:4180} INFO - Setting next_dagrun for Etl_dag to None, run_after=None
[2025-05-30T00:07:48.152+0000] {processor.py:208} INFO - Processing /opt/airflow/dags/ETL_dag.py took 0.144 seconds
[2025-05-30T00:08:19.013+0000] {processor.py:186} INFO - Started process (PID=7859) to work on /opt/airflow/dags/ETL_dag.py
[2025-05-30T00:08:19.014+0000] {processor.py:914} INFO - Processing file /opt/airflow/dags/ETL_dag.py for tasks to queue
[2025-05-30T00:08:19.017+0000] {logging_mixin.py:190} INFO - [2025-05-30T00:08:19.017+0000] {dagbag.py:588} INFO - Filling up the DagBag from /opt/airflow/dags/ETL_dag.py
[2025-05-30T00:08:19.050+0000] {processor.py:925} INFO - DAG(s) 'Etl_dag' retrieved from /opt/airflow/dags/ETL_dag.py
[2025-05-30T00:08:19.080+0000] {logging_mixin.py:190} INFO - [2025-05-30T00:08:19.079+0000] {dag.py:3239} INFO - Sync 1 DAGs
[2025-05-30T00:08:19.101+0000] {logging_mixin.py:190} INFO - [2025-05-30T00:08:19.101+0000] {dag.py:4180} INFO - Setting next_dagrun for Etl_dag to None, run_after=None
[2025-05-30T00:08:19.124+0000] {processor.py:208} INFO - Processing /opt/airflow/dags/ETL_dag.py took 0.119 seconds
[2025-05-30T00:08:49.878+0000] {processor.py:186} INFO - Started process (PID=7892) to work on /opt/airflow/dags/ETL_dag.py
[2025-05-30T00:08:49.881+0000] {processor.py:914} INFO - Processing file /opt/airflow/dags/ETL_dag.py for tasks to queue
[2025-05-30T00:08:49.890+0000] {logging_mixin.py:190} INFO - [2025-05-30T00:08:49.889+0000] {dagbag.py:588} INFO - Filling up the DagBag from /opt/airflow/dags/ETL_dag.py
[2025-05-30T00:08:49.961+0000] {processor.py:925} INFO - DAG(s) 'Etl_dag' retrieved from /opt/airflow/dags/ETL_dag.py
[2025-05-30T00:08:50.002+0000] {logging_mixin.py:190} INFO - [2025-05-30T00:08:50.002+0000] {dag.py:3239} INFO - Sync 1 DAGs
[2025-05-30T00:08:50.035+0000] {logging_mixin.py:190} INFO - [2025-05-30T00:08:50.035+0000] {dag.py:4180} INFO - Setting next_dagrun for Etl_dag to None, run_after=None
[2025-05-30T00:08:50.063+0000] {processor.py:208} INFO - Processing /opt/airflow/dags/ETL_dag.py took 0.199 seconds
[2025-05-30T00:09:20.625+0000] {processor.py:186} INFO - Started process (PID=7926) to work on /opt/airflow/dags/ETL_dag.py
[2025-05-30T00:09:20.627+0000] {processor.py:914} INFO - Processing file /opt/airflow/dags/ETL_dag.py for tasks to queue
[2025-05-30T00:09:20.629+0000] {logging_mixin.py:190} INFO - [2025-05-30T00:09:20.629+0000] {dagbag.py:588} INFO - Filling up the DagBag from /opt/airflow/dags/ETL_dag.py
[2025-05-30T00:09:20.649+0000] {processor.py:925} INFO - DAG(s) 'Etl_dag' retrieved from /opt/airflow/dags/ETL_dag.py
[2025-05-30T00:09:20.679+0000] {logging_mixin.py:190} INFO - [2025-05-30T00:09:20.679+0000] {dag.py:3239} INFO - Sync 1 DAGs
[2025-05-30T00:09:20.700+0000] {logging_mixin.py:190} INFO - [2025-05-30T00:09:20.700+0000] {dag.py:4180} INFO - Setting next_dagrun for Etl_dag to None, run_after=None
[2025-05-30T00:09:20.721+0000] {processor.py:208} INFO - Processing /opt/airflow/dags/ETL_dag.py took 0.103 seconds
[2025-05-30T00:09:51.420+0000] {processor.py:186} INFO - Started process (PID=7959) to work on /opt/airflow/dags/ETL_dag.py
[2025-05-30T00:09:51.422+0000] {processor.py:914} INFO - Processing file /opt/airflow/dags/ETL_dag.py for tasks to queue
[2025-05-30T00:09:51.425+0000] {logging_mixin.py:190} INFO - [2025-05-30T00:09:51.424+0000] {dagbag.py:588} INFO - Filling up the DagBag from /opt/airflow/dags/ETL_dag.py
[2025-05-30T00:09:51.449+0000] {processor.py:925} INFO - DAG(s) 'Etl_dag' retrieved from /opt/airflow/dags/ETL_dag.py
[2025-05-30T00:09:51.492+0000] {logging_mixin.py:190} INFO - [2025-05-30T00:09:51.491+0000] {dag.py:3239} INFO - Sync 1 DAGs
[2025-05-30T00:09:51.534+0000] {logging_mixin.py:190} INFO - [2025-05-30T00:09:51.534+0000] {dag.py:4180} INFO - Setting next_dagrun for Etl_dag to None, run_after=None
[2025-05-30T00:09:51.577+0000] {processor.py:208} INFO - Processing /opt/airflow/dags/ETL_dag.py took 0.166 seconds
[2025-05-30T00:10:22.024+0000] {processor.py:186} INFO - Started process (PID=7984) to work on /opt/airflow/dags/ETL_dag.py
[2025-05-30T00:10:22.026+0000] {processor.py:914} INFO - Processing file /opt/airflow/dags/ETL_dag.py for tasks to queue
[2025-05-30T00:10:22.028+0000] {logging_mixin.py:190} INFO - [2025-05-30T00:10:22.028+0000] {dagbag.py:588} INFO - Filling up the DagBag from /opt/airflow/dags/ETL_dag.py
[2025-05-30T00:10:22.058+0000] {processor.py:925} INFO - DAG(s) 'Etl_dag' retrieved from /opt/airflow/dags/ETL_dag.py
[2025-05-30T00:10:22.132+0000] {logging_mixin.py:190} INFO - [2025-05-30T00:10:22.132+0000] {dag.py:3239} INFO - Sync 1 DAGs
[2025-05-30T00:10:22.161+0000] {logging_mixin.py:190} INFO - [2025-05-30T00:10:22.161+0000] {dag.py:4180} INFO - Setting next_dagrun for Etl_dag to None, run_after=None
[2025-05-30T00:10:22.187+0000] {processor.py:208} INFO - Processing /opt/airflow/dags/ETL_dag.py took 0.174 seconds
[2025-05-30T00:10:53.080+0000] {processor.py:186} INFO - Started process (PID=8017) to work on /opt/airflow/dags/ETL_dag.py
[2025-05-30T00:10:53.081+0000] {processor.py:914} INFO - Processing file /opt/airflow/dags/ETL_dag.py for tasks to queue
[2025-05-30T00:10:53.087+0000] {logging_mixin.py:190} INFO - [2025-05-30T00:10:53.085+0000] {dagbag.py:588} INFO - Filling up the DagBag from /opt/airflow/dags/ETL_dag.py
[2025-05-30T00:10:53.127+0000] {processor.py:925} INFO - DAG(s) 'Etl_dag' retrieved from /opt/airflow/dags/ETL_dag.py
[2025-05-30T00:10:53.197+0000] {logging_mixin.py:190} INFO - [2025-05-30T00:10:53.196+0000] {dag.py:3239} INFO - Sync 1 DAGs
[2025-05-30T00:10:53.239+0000] {logging_mixin.py:190} INFO - [2025-05-30T00:10:53.239+0000] {dag.py:4180} INFO - Setting next_dagrun for Etl_dag to None, run_after=None
[2025-05-30T00:10:53.268+0000] {processor.py:208} INFO - Processing /opt/airflow/dags/ETL_dag.py took 0.202 seconds
[2025-05-30T00:11:24.037+0000] {processor.py:186} INFO - Started process (PID=8050) to work on /opt/airflow/dags/ETL_dag.py
[2025-05-30T00:11:24.039+0000] {processor.py:914} INFO - Processing file /opt/airflow/dags/ETL_dag.py for tasks to queue
[2025-05-30T00:11:24.042+0000] {logging_mixin.py:190} INFO - [2025-05-30T00:11:24.041+0000] {dagbag.py:588} INFO - Filling up the DagBag from /opt/airflow/dags/ETL_dag.py
[2025-05-30T00:11:24.070+0000] {processor.py:925} INFO - DAG(s) 'Etl_dag' retrieved from /opt/airflow/dags/ETL_dag.py
[2025-05-30T00:11:24.111+0000] {logging_mixin.py:190} INFO - [2025-05-30T00:11:24.110+0000] {dag.py:3239} INFO - Sync 1 DAGs
[2025-05-30T00:11:24.139+0000] {logging_mixin.py:190} INFO - [2025-05-30T00:11:24.139+0000] {dag.py:4180} INFO - Setting next_dagrun for Etl_dag to None, run_after=None
[2025-05-30T00:11:24.173+0000] {processor.py:208} INFO - Processing /opt/airflow/dags/ETL_dag.py took 0.144 seconds
[2025-05-30T00:11:54.937+0000] {processor.py:186} INFO - Started process (PID=8083) to work on /opt/airflow/dags/ETL_dag.py
[2025-05-30T00:11:54.941+0000] {processor.py:914} INFO - Processing file /opt/airflow/dags/ETL_dag.py for tasks to queue
[2025-05-30T00:11:54.952+0000] {logging_mixin.py:190} INFO - [2025-05-30T00:11:54.951+0000] {dagbag.py:588} INFO - Filling up the DagBag from /opt/airflow/dags/ETL_dag.py
[2025-05-30T00:11:55.052+0000] {processor.py:925} INFO - DAG(s) 'Etl_dag' retrieved from /opt/airflow/dags/ETL_dag.py
[2025-05-30T00:11:55.257+0000] {logging_mixin.py:190} INFO - [2025-05-30T00:11:55.256+0000] {dag.py:3239} INFO - Sync 1 DAGs
[2025-05-30T00:11:55.399+0000] {logging_mixin.py:190} INFO - [2025-05-30T00:11:55.394+0000] {dag.py:4180} INFO - Setting next_dagrun for Etl_dag to None, run_after=None
[2025-05-30T00:11:55.587+0000] {processor.py:208} INFO - Processing /opt/airflow/dags/ETL_dag.py took 0.670 seconds
