[2025-05-30T00:00:14.604+0000] {processor.py:186} INFO - Started process (PID=7361) to work on /opt/airflow/dags/Third_DAG.py
[2025-05-30T00:00:14.605+0000] {processor.py:914} INFO - Processing file /opt/airflow/dags/Third_DAG.py for tasks to queue
[2025-05-30T00:00:14.608+0000] {logging_mixin.py:190} INFO - [2025-05-30T00:00:14.608+0000] {dagbag.py:588} INFO - Filling up the DagBag from /opt/airflow/dags/Third_DAG.py
[2025-05-30T00:00:14.637+0000] {processor.py:925} INFO - DAG(s) 'Dag_task' retrieved from /opt/airflow/dags/Third_DAG.py
[2025-05-30T00:00:14.681+0000] {logging_mixin.py:190} INFO - [2025-05-30T00:00:14.680+0000] {dag.py:3239} INFO - Sync 1 DAGs
[2025-05-30T00:00:14.720+0000] {logging_mixin.py:190} INFO - [2025-05-30T00:00:14.720+0000] {dag.py:4180} INFO - Setting next_dagrun for Dag_task to 2024-04-10 00:00:00+00:00, run_after=2024-04-11 00:00:00+00:00
[2025-05-30T00:00:14.762+0000] {processor.py:208} INFO - Processing /opt/airflow/dags/Third_DAG.py took 0.165 seconds
[2025-05-30T00:00:45.333+0000] {processor.py:186} INFO - Started process (PID=7394) to work on /opt/airflow/dags/Third_DAG.py
[2025-05-30T00:00:45.334+0000] {processor.py:914} INFO - Processing file /opt/airflow/dags/Third_DAG.py for tasks to queue
[2025-05-30T00:00:45.340+0000] {logging_mixin.py:190} INFO - [2025-05-30T00:00:45.337+0000] {dagbag.py:588} INFO - Filling up the DagBag from /opt/airflow/dags/Third_DAG.py
[2025-05-30T00:00:45.361+0000] {processor.py:925} INFO - DAG(s) 'Dag_task' retrieved from /opt/airflow/dags/Third_DAG.py
[2025-05-30T00:00:45.395+0000] {logging_mixin.py:190} INFO - [2025-05-30T00:00:45.395+0000] {dag.py:3239} INFO - Sync 1 DAGs
[2025-05-30T00:00:45.424+0000] {logging_mixin.py:190} INFO - [2025-05-30T00:00:45.424+0000] {dag.py:4180} INFO - Setting next_dagrun for Dag_task to 2024-04-10 00:00:00+00:00, run_after=2024-04-11 00:00:00+00:00
[2025-05-30T00:00:45.452+0000] {processor.py:208} INFO - Processing /opt/airflow/dags/Third_DAG.py took 0.129 seconds
[2025-05-30T00:01:16.060+0000] {processor.py:186} INFO - Started process (PID=7427) to work on /opt/airflow/dags/Third_DAG.py
[2025-05-30T00:01:16.061+0000] {processor.py:914} INFO - Processing file /opt/airflow/dags/Third_DAG.py for tasks to queue
[2025-05-30T00:01:16.064+0000] {logging_mixin.py:190} INFO - [2025-05-30T00:01:16.064+0000] {dagbag.py:588} INFO - Filling up the DagBag from /opt/airflow/dags/Third_DAG.py
[2025-05-30T00:01:16.085+0000] {processor.py:925} INFO - DAG(s) 'Dag_task' retrieved from /opt/airflow/dags/Third_DAG.py
[2025-05-30T00:01:16.113+0000] {logging_mixin.py:190} INFO - [2025-05-30T00:01:16.113+0000] {dag.py:3239} INFO - Sync 1 DAGs
[2025-05-30T00:01:16.136+0000] {logging_mixin.py:190} INFO - [2025-05-30T00:01:16.136+0000] {dag.py:4180} INFO - Setting next_dagrun for Dag_task to 2024-04-10 00:00:00+00:00, run_after=2024-04-11 00:00:00+00:00
[2025-05-30T00:01:16.160+0000] {processor.py:208} INFO - Processing /opt/airflow/dags/Third_DAG.py took 0.107 seconds
[2025-05-30T00:01:46.716+0000] {processor.py:186} INFO - Started process (PID=7459) to work on /opt/airflow/dags/Third_DAG.py
[2025-05-30T00:01:46.718+0000] {processor.py:914} INFO - Processing file /opt/airflow/dags/Third_DAG.py for tasks to queue
[2025-05-30T00:01:46.724+0000] {logging_mixin.py:190} INFO - [2025-05-30T00:01:46.723+0000] {dagbag.py:588} INFO - Filling up the DagBag from /opt/airflow/dags/Third_DAG.py
[2025-05-30T00:01:46.757+0000] {processor.py:925} INFO - DAG(s) 'Dag_task' retrieved from /opt/airflow/dags/Third_DAG.py
[2025-05-30T00:01:46.799+0000] {logging_mixin.py:190} INFO - [2025-05-30T00:01:46.798+0000] {dag.py:3239} INFO - Sync 1 DAGs
[2025-05-30T00:01:46.832+0000] {logging_mixin.py:190} INFO - [2025-05-30T00:01:46.831+0000] {dag.py:4180} INFO - Setting next_dagrun for Dag_task to 2024-04-10 00:00:00+00:00, run_after=2024-04-11 00:00:00+00:00
[2025-05-30T00:01:46.864+0000] {processor.py:208} INFO - Processing /opt/airflow/dags/Third_DAG.py took 0.159 seconds
[2025-05-30T00:02:17.362+0000] {processor.py:186} INFO - Started process (PID=7485) to work on /opt/airflow/dags/Third_DAG.py
[2025-05-30T00:02:17.367+0000] {processor.py:914} INFO - Processing file /opt/airflow/dags/Third_DAG.py for tasks to queue
[2025-05-30T00:02:17.378+0000] {logging_mixin.py:190} INFO - [2025-05-30T00:02:17.377+0000] {dagbag.py:588} INFO - Filling up the DagBag from /opt/airflow/dags/Third_DAG.py
[2025-05-30T00:02:17.437+0000] {processor.py:925} INFO - DAG(s) 'Dag_task' retrieved from /opt/airflow/dags/Third_DAG.py
[2025-05-30T00:02:17.545+0000] {logging_mixin.py:190} INFO - [2025-05-30T00:02:17.534+0000] {dag.py:3239} INFO - Sync 1 DAGs
[2025-05-30T00:02:17.755+0000] {logging_mixin.py:190} INFO - [2025-05-30T00:02:17.755+0000] {dag.py:4180} INFO - Setting next_dagrun for Dag_task to 2024-04-10 00:00:00+00:00, run_after=2024-04-11 00:00:00+00:00
[2025-05-30T00:02:17.997+0000] {processor.py:208} INFO - Processing /opt/airflow/dags/Third_DAG.py took 0.664 seconds
[2025-05-30T00:02:48.200+0000] {processor.py:186} INFO - Started process (PID=7518) to work on /opt/airflow/dags/Third_DAG.py
[2025-05-30T00:02:48.202+0000] {processor.py:914} INFO - Processing file /opt/airflow/dags/Third_DAG.py for tasks to queue
[2025-05-30T00:02:48.205+0000] {logging_mixin.py:190} INFO - [2025-05-30T00:02:48.204+0000] {dagbag.py:588} INFO - Filling up the DagBag from /opt/airflow/dags/Third_DAG.py
[2025-05-30T00:02:48.227+0000] {processor.py:925} INFO - DAG(s) 'Dag_task' retrieved from /opt/airflow/dags/Third_DAG.py
[2025-05-30T00:02:48.259+0000] {logging_mixin.py:190} INFO - [2025-05-30T00:02:48.258+0000] {dag.py:3239} INFO - Sync 1 DAGs
[2025-05-30T00:02:48.297+0000] {logging_mixin.py:190} INFO - [2025-05-30T00:02:48.297+0000] {dag.py:4180} INFO - Setting next_dagrun for Dag_task to 2024-04-10 00:00:00+00:00, run_after=2024-04-11 00:00:00+00:00
[2025-05-30T00:02:48.330+0000] {processor.py:208} INFO - Processing /opt/airflow/dags/Third_DAG.py took 0.136 seconds
[2025-05-30T00:03:18.867+0000] {processor.py:186} INFO - Started process (PID=7551) to work on /opt/airflow/dags/Third_DAG.py
[2025-05-30T00:03:18.868+0000] {processor.py:914} INFO - Processing file /opt/airflow/dags/Third_DAG.py for tasks to queue
[2025-05-30T00:03:18.871+0000] {logging_mixin.py:190} INFO - [2025-05-30T00:03:18.871+0000] {dagbag.py:588} INFO - Filling up the DagBag from /opt/airflow/dags/Third_DAG.py
[2025-05-30T00:03:18.892+0000] {processor.py:925} INFO - DAG(s) 'Dag_task' retrieved from /opt/airflow/dags/Third_DAG.py
[2025-05-30T00:03:18.930+0000] {logging_mixin.py:190} INFO - [2025-05-30T00:03:18.929+0000] {dag.py:3239} INFO - Sync 1 DAGs
[2025-05-30T00:03:18.957+0000] {logging_mixin.py:190} INFO - [2025-05-30T00:03:18.957+0000] {dag.py:4180} INFO - Setting next_dagrun for Dag_task to 2024-04-10 00:00:00+00:00, run_after=2024-04-11 00:00:00+00:00
[2025-05-30T00:03:18.986+0000] {processor.py:208} INFO - Processing /opt/airflow/dags/Third_DAG.py took 0.125 seconds
[2025-05-30T00:03:49.736+0000] {processor.py:186} INFO - Started process (PID=7583) to work on /opt/airflow/dags/Third_DAG.py
[2025-05-30T00:03:49.737+0000] {processor.py:914} INFO - Processing file /opt/airflow/dags/Third_DAG.py for tasks to queue
[2025-05-30T00:03:49.740+0000] {logging_mixin.py:190} INFO - [2025-05-30T00:03:49.740+0000] {dagbag.py:588} INFO - Filling up the DagBag from /opt/airflow/dags/Third_DAG.py
[2025-05-30T00:03:49.780+0000] {processor.py:925} INFO - DAG(s) 'Dag_task' retrieved from /opt/airflow/dags/Third_DAG.py
[2025-05-30T00:03:49.815+0000] {logging_mixin.py:190} INFO - [2025-05-30T00:03:49.814+0000] {dag.py:3239} INFO - Sync 1 DAGs
[2025-05-30T00:03:49.842+0000] {logging_mixin.py:190} INFO - [2025-05-30T00:03:49.842+0000] {dag.py:4180} INFO - Setting next_dagrun for Dag_task to 2024-04-10 00:00:00+00:00, run_after=2024-04-11 00:00:00+00:00
[2025-05-30T00:03:49.884+0000] {processor.py:208} INFO - Processing /opt/airflow/dags/Third_DAG.py took 0.156 seconds
[2025-05-30T00:04:19.963+0000] {processor.py:186} INFO - Started process (PID=7615) to work on /opt/airflow/dags/Third_DAG.py
[2025-05-30T00:04:19.964+0000] {processor.py:914} INFO - Processing file /opt/airflow/dags/Third_DAG.py for tasks to queue
[2025-05-30T00:04:19.967+0000] {logging_mixin.py:190} INFO - [2025-05-30T00:04:19.967+0000] {dagbag.py:588} INFO - Filling up the DagBag from /opt/airflow/dags/Third_DAG.py
[2025-05-30T00:04:19.986+0000] {processor.py:925} INFO - DAG(s) 'Dag_task' retrieved from /opt/airflow/dags/Third_DAG.py
[2025-05-30T00:04:20.016+0000] {logging_mixin.py:190} INFO - [2025-05-30T00:04:20.016+0000] {dag.py:3239} INFO - Sync 1 DAGs
[2025-05-30T00:04:20.041+0000] {logging_mixin.py:190} INFO - [2025-05-30T00:04:20.041+0000] {dag.py:4180} INFO - Setting next_dagrun for Dag_task to 2024-04-10 00:00:00+00:00, run_after=2024-04-11 00:00:00+00:00
[2025-05-30T00:04:20.062+0000] {processor.py:208} INFO - Processing /opt/airflow/dags/Third_DAG.py took 0.105 seconds
[2025-05-30T00:04:50.956+0000] {processor.py:186} INFO - Started process (PID=7648) to work on /opt/airflow/dags/Third_DAG.py
[2025-05-30T00:04:50.960+0000] {processor.py:914} INFO - Processing file /opt/airflow/dags/Third_DAG.py for tasks to queue
[2025-05-30T00:04:50.967+0000] {logging_mixin.py:190} INFO - [2025-05-30T00:04:50.966+0000] {dagbag.py:588} INFO - Filling up the DagBag from /opt/airflow/dags/Third_DAG.py
[2025-05-30T00:04:51.018+0000] {processor.py:925} INFO - DAG(s) 'Dag_task' retrieved from /opt/airflow/dags/Third_DAG.py
[2025-05-30T00:04:51.105+0000] {logging_mixin.py:190} INFO - [2025-05-30T00:04:51.105+0000] {dag.py:3239} INFO - Sync 1 DAGs
[2025-05-30T00:04:51.171+0000] {logging_mixin.py:190} INFO - [2025-05-30T00:04:51.171+0000] {dag.py:4180} INFO - Setting next_dagrun for Dag_task to 2024-04-10 00:00:00+00:00, run_after=2024-04-11 00:00:00+00:00
[2025-05-30T00:04:51.212+0000] {processor.py:208} INFO - Processing /opt/airflow/dags/Third_DAG.py took 0.282 seconds
[2025-05-30T00:05:22.165+0000] {processor.py:186} INFO - Started process (PID=7681) to work on /opt/airflow/dags/Third_DAG.py
[2025-05-30T00:05:22.166+0000] {processor.py:914} INFO - Processing file /opt/airflow/dags/Third_DAG.py for tasks to queue
[2025-05-30T00:05:22.169+0000] {logging_mixin.py:190} INFO - [2025-05-30T00:05:22.168+0000] {dagbag.py:588} INFO - Filling up the DagBag from /opt/airflow/dags/Third_DAG.py
[2025-05-30T00:05:22.187+0000] {processor.py:925} INFO - DAG(s) 'Dag_task' retrieved from /opt/airflow/dags/Third_DAG.py
[2025-05-30T00:05:22.213+0000] {logging_mixin.py:190} INFO - [2025-05-30T00:05:22.213+0000] {dag.py:3239} INFO - Sync 1 DAGs
[2025-05-30T00:05:22.236+0000] {logging_mixin.py:190} INFO - [2025-05-30T00:05:22.236+0000] {dag.py:4180} INFO - Setting next_dagrun for Dag_task to 2024-04-10 00:00:00+00:00, run_after=2024-04-11 00:00:00+00:00
[2025-05-30T00:05:22.262+0000] {processor.py:208} INFO - Processing /opt/airflow/dags/Third_DAG.py took 0.102 seconds
[2025-05-30T00:05:52.934+0000] {processor.py:186} INFO - Started process (PID=7713) to work on /opt/airflow/dags/Third_DAG.py
[2025-05-30T00:05:52.936+0000] {processor.py:914} INFO - Processing file /opt/airflow/dags/Third_DAG.py for tasks to queue
[2025-05-30T00:05:52.942+0000] {logging_mixin.py:190} INFO - [2025-05-30T00:05:52.941+0000] {dagbag.py:588} INFO - Filling up the DagBag from /opt/airflow/dags/Third_DAG.py
[2025-05-30T00:05:53.012+0000] {processor.py:925} INFO - DAG(s) 'Dag_task' retrieved from /opt/airflow/dags/Third_DAG.py
[2025-05-30T00:05:53.118+0000] {logging_mixin.py:190} INFO - [2025-05-30T00:05:53.118+0000] {dag.py:3239} INFO - Sync 1 DAGs
[2025-05-30T00:05:53.207+0000] {logging_mixin.py:190} INFO - [2025-05-30T00:05:53.206+0000] {dag.py:4180} INFO - Setting next_dagrun for Dag_task to 2024-04-10 00:00:00+00:00, run_after=2024-04-11 00:00:00+00:00
[2025-05-30T00:05:53.280+0000] {processor.py:208} INFO - Processing /opt/airflow/dags/Third_DAG.py took 0.357 seconds
[2025-05-30T00:06:24.117+0000] {processor.py:186} INFO - Started process (PID=7737) to work on /opt/airflow/dags/Third_DAG.py
[2025-05-30T00:06:24.118+0000] {processor.py:914} INFO - Processing file /opt/airflow/dags/Third_DAG.py for tasks to queue
[2025-05-30T00:06:24.122+0000] {logging_mixin.py:190} INFO - [2025-05-30T00:06:24.122+0000] {dagbag.py:588} INFO - Filling up the DagBag from /opt/airflow/dags/Third_DAG.py
[2025-05-30T00:06:24.143+0000] {processor.py:925} INFO - DAG(s) 'Dag_task' retrieved from /opt/airflow/dags/Third_DAG.py
[2025-05-30T00:06:24.172+0000] {logging_mixin.py:190} INFO - [2025-05-30T00:06:24.171+0000] {dag.py:3239} INFO - Sync 1 DAGs
[2025-05-30T00:06:24.196+0000] {logging_mixin.py:190} INFO - [2025-05-30T00:06:24.196+0000] {dag.py:4180} INFO - Setting next_dagrun for Dag_task to 2024-04-10 00:00:00+00:00, run_after=2024-04-11 00:00:00+00:00
[2025-05-30T00:06:24.220+0000] {processor.py:208} INFO - Processing /opt/airflow/dags/Third_DAG.py took 0.111 seconds
[2025-05-30T00:06:54.818+0000] {processor.py:186} INFO - Started process (PID=7773) to work on /opt/airflow/dags/Third_DAG.py
[2025-05-30T00:06:54.819+0000] {processor.py:914} INFO - Processing file /opt/airflow/dags/Third_DAG.py for tasks to queue
[2025-05-30T00:06:54.823+0000] {logging_mixin.py:190} INFO - [2025-05-30T00:06:54.823+0000] {dagbag.py:588} INFO - Filling up the DagBag from /opt/airflow/dags/Third_DAG.py
[2025-05-30T00:06:54.845+0000] {processor.py:925} INFO - DAG(s) 'Dag_task' retrieved from /opt/airflow/dags/Third_DAG.py
[2025-05-30T00:06:54.873+0000] {logging_mixin.py:190} INFO - [2025-05-30T00:06:54.873+0000] {dag.py:3239} INFO - Sync 1 DAGs
[2025-05-30T00:06:54.900+0000] {logging_mixin.py:190} INFO - [2025-05-30T00:06:54.900+0000] {dag.py:4180} INFO - Setting next_dagrun for Dag_task to 2024-04-10 00:00:00+00:00, run_after=2024-04-11 00:00:00+00:00
[2025-05-30T00:06:54.923+0000] {processor.py:208} INFO - Processing /opt/airflow/dags/Third_DAG.py took 0.114 seconds
[2025-05-30T00:07:25.469+0000] {processor.py:186} INFO - Started process (PID=7806) to work on /opt/airflow/dags/Third_DAG.py
[2025-05-30T00:07:25.471+0000] {processor.py:914} INFO - Processing file /opt/airflow/dags/Third_DAG.py for tasks to queue
[2025-05-30T00:07:25.475+0000] {logging_mixin.py:190} INFO - [2025-05-30T00:07:25.475+0000] {dagbag.py:588} INFO - Filling up the DagBag from /opt/airflow/dags/Third_DAG.py
[2025-05-30T00:07:25.505+0000] {processor.py:925} INFO - DAG(s) 'Dag_task' retrieved from /opt/airflow/dags/Third_DAG.py
[2025-05-30T00:07:25.567+0000] {logging_mixin.py:190} INFO - [2025-05-30T00:07:25.567+0000] {dag.py:3239} INFO - Sync 1 DAGs
[2025-05-30T00:07:25.615+0000] {logging_mixin.py:190} INFO - [2025-05-30T00:07:25.613+0000] {dag.py:4180} INFO - Setting next_dagrun for Dag_task to 2024-04-10 00:00:00+00:00, run_after=2024-04-11 00:00:00+00:00
[2025-05-30T00:07:25.661+0000] {processor.py:208} INFO - Processing /opt/airflow/dags/Third_DAG.py took 0.200 seconds
[2025-05-30T00:07:56.499+0000] {processor.py:186} INFO - Started process (PID=7839) to work on /opt/airflow/dags/Third_DAG.py
[2025-05-30T00:07:56.500+0000] {processor.py:914} INFO - Processing file /opt/airflow/dags/Third_DAG.py for tasks to queue
[2025-05-30T00:07:56.504+0000] {logging_mixin.py:190} INFO - [2025-05-30T00:07:56.503+0000] {dagbag.py:588} INFO - Filling up the DagBag from /opt/airflow/dags/Third_DAG.py
[2025-05-30T00:07:56.531+0000] {processor.py:925} INFO - DAG(s) 'Dag_task' retrieved from /opt/airflow/dags/Third_DAG.py
[2025-05-30T00:07:56.588+0000] {logging_mixin.py:190} INFO - [2025-05-30T00:07:56.588+0000] {dag.py:3239} INFO - Sync 1 DAGs
[2025-05-30T00:07:56.625+0000] {logging_mixin.py:190} INFO - [2025-05-30T00:07:56.625+0000] {dag.py:4180} INFO - Setting next_dagrun for Dag_task to 2024-04-10 00:00:00+00:00, run_after=2024-04-11 00:00:00+00:00
[2025-05-30T00:07:56.652+0000] {processor.py:208} INFO - Processing /opt/airflow/dags/Third_DAG.py took 0.159 seconds
[2025-05-30T00:08:27.395+0000] {processor.py:186} INFO - Started process (PID=7872) to work on /opt/airflow/dags/Third_DAG.py
[2025-05-30T00:08:27.399+0000] {processor.py:914} INFO - Processing file /opt/airflow/dags/Third_DAG.py for tasks to queue
[2025-05-30T00:08:27.403+0000] {logging_mixin.py:190} INFO - [2025-05-30T00:08:27.403+0000] {dagbag.py:588} INFO - Filling up the DagBag from /opt/airflow/dags/Third_DAG.py
[2025-05-30T00:08:27.422+0000] {processor.py:925} INFO - DAG(s) 'Dag_task' retrieved from /opt/airflow/dags/Third_DAG.py
[2025-05-30T00:08:27.458+0000] {logging_mixin.py:190} INFO - [2025-05-30T00:08:27.458+0000] {dag.py:3239} INFO - Sync 1 DAGs
[2025-05-30T00:08:27.480+0000] {logging_mixin.py:190} INFO - [2025-05-30T00:08:27.480+0000] {dag.py:4180} INFO - Setting next_dagrun for Dag_task to 2024-04-10 00:00:00+00:00, run_after=2024-04-11 00:00:00+00:00
[2025-05-30T00:08:27.501+0000] {processor.py:208} INFO - Processing /opt/airflow/dags/Third_DAG.py took 0.116 seconds
[2025-05-30T00:08:58.156+0000] {processor.py:186} INFO - Started process (PID=7905) to work on /opt/airflow/dags/Third_DAG.py
[2025-05-30T00:08:58.157+0000] {processor.py:914} INFO - Processing file /opt/airflow/dags/Third_DAG.py for tasks to queue
[2025-05-30T00:08:58.161+0000] {logging_mixin.py:190} INFO - [2025-05-30T00:08:58.160+0000] {dagbag.py:588} INFO - Filling up the DagBag from /opt/airflow/dags/Third_DAG.py
[2025-05-30T00:08:58.183+0000] {processor.py:925} INFO - DAG(s) 'Dag_task' retrieved from /opt/airflow/dags/Third_DAG.py
[2025-05-30T00:08:58.218+0000] {logging_mixin.py:190} INFO - [2025-05-30T00:08:58.217+0000] {dag.py:3239} INFO - Sync 1 DAGs
[2025-05-30T00:08:58.242+0000] {logging_mixin.py:190} INFO - [2025-05-30T00:08:58.242+0000] {dag.py:4180} INFO - Setting next_dagrun for Dag_task to 2024-04-10 00:00:00+00:00, run_after=2024-04-11 00:00:00+00:00
[2025-05-30T00:08:58.261+0000] {processor.py:208} INFO - Processing /opt/airflow/dags/Third_DAG.py took 0.113 seconds
[2025-05-30T00:09:28.908+0000] {processor.py:186} INFO - Started process (PID=7939) to work on /opt/airflow/dags/Third_DAG.py
[2025-05-30T00:09:28.910+0000] {processor.py:914} INFO - Processing file /opt/airflow/dags/Third_DAG.py for tasks to queue
[2025-05-30T00:09:28.916+0000] {logging_mixin.py:190} INFO - [2025-05-30T00:09:28.916+0000] {dagbag.py:588} INFO - Filling up the DagBag from /opt/airflow/dags/Third_DAG.py
[2025-05-30T00:09:28.943+0000] {processor.py:925} INFO - DAG(s) 'Dag_task' retrieved from /opt/airflow/dags/Third_DAG.py
[2025-05-30T00:09:29.003+0000] {logging_mixin.py:190} INFO - [2025-05-30T00:09:29.002+0000] {dag.py:3239} INFO - Sync 1 DAGs
[2025-05-30T00:09:29.024+0000] {logging_mixin.py:190} INFO - [2025-05-30T00:09:29.024+0000] {dag.py:4180} INFO - Setting next_dagrun for Dag_task to 2024-04-10 00:00:00+00:00, run_after=2024-04-11 00:00:00+00:00
[2025-05-30T00:09:29.044+0000] {processor.py:208} INFO - Processing /opt/airflow/dags/Third_DAG.py took 0.144 seconds
[2025-05-30T00:09:59.585+0000] {processor.py:186} INFO - Started process (PID=7972) to work on /opt/airflow/dags/Third_DAG.py
[2025-05-30T00:09:59.587+0000] {processor.py:914} INFO - Processing file /opt/airflow/dags/Third_DAG.py for tasks to queue
[2025-05-30T00:09:59.590+0000] {logging_mixin.py:190} INFO - [2025-05-30T00:09:59.589+0000] {dagbag.py:588} INFO - Filling up the DagBag from /opt/airflow/dags/Third_DAG.py
[2025-05-30T00:09:59.610+0000] {processor.py:925} INFO - DAG(s) 'Dag_task' retrieved from /opt/airflow/dags/Third_DAG.py
[2025-05-30T00:09:59.639+0000] {logging_mixin.py:190} INFO - [2025-05-30T00:09:59.639+0000] {dag.py:3239} INFO - Sync 1 DAGs
[2025-05-30T00:09:59.662+0000] {logging_mixin.py:190} INFO - [2025-05-30T00:09:59.662+0000] {dag.py:4180} INFO - Setting next_dagrun for Dag_task to 2024-04-10 00:00:00+00:00, run_after=2024-04-11 00:00:00+00:00
[2025-05-30T00:09:59.682+0000] {processor.py:208} INFO - Processing /opt/airflow/dags/Third_DAG.py took 0.105 seconds
[2025-05-30T00:10:30.413+0000] {processor.py:186} INFO - Started process (PID=8005) to work on /opt/airflow/dags/Third_DAG.py
[2025-05-30T00:10:30.415+0000] {processor.py:914} INFO - Processing file /opt/airflow/dags/Third_DAG.py for tasks to queue
[2025-05-30T00:10:30.420+0000] {logging_mixin.py:190} INFO - [2025-05-30T00:10:30.420+0000] {dagbag.py:588} INFO - Filling up the DagBag from /opt/airflow/dags/Third_DAG.py
[2025-05-30T00:10:30.455+0000] {processor.py:925} INFO - DAG(s) 'Dag_task' retrieved from /opt/airflow/dags/Third_DAG.py
[2025-05-30T00:10:30.502+0000] {logging_mixin.py:190} INFO - [2025-05-30T00:10:30.502+0000] {dag.py:3239} INFO - Sync 1 DAGs
[2025-05-30T00:10:30.545+0000] {logging_mixin.py:190} INFO - [2025-05-30T00:10:30.544+0000] {dag.py:4180} INFO - Setting next_dagrun for Dag_task to 2024-04-10 00:00:00+00:00, run_after=2024-04-11 00:00:00+00:00
[2025-05-30T00:10:30.587+0000] {processor.py:208} INFO - Processing /opt/airflow/dags/Third_DAG.py took 0.184 seconds
[2025-05-30T00:11:01.298+0000] {processor.py:186} INFO - Started process (PID=8038) to work on /opt/airflow/dags/Third_DAG.py
[2025-05-30T00:11:01.311+0000] {processor.py:914} INFO - Processing file /opt/airflow/dags/Third_DAG.py for tasks to queue
[2025-05-30T00:11:01.327+0000] {logging_mixin.py:190} INFO - [2025-05-30T00:11:01.325+0000] {dagbag.py:588} INFO - Filling up the DagBag from /opt/airflow/dags/Third_DAG.py
[2025-05-30T00:11:01.397+0000] {processor.py:925} INFO - DAG(s) 'Dag_task' retrieved from /opt/airflow/dags/Third_DAG.py
[2025-05-30T00:11:01.487+0000] {logging_mixin.py:190} INFO - [2025-05-30T00:11:01.487+0000] {dag.py:3239} INFO - Sync 1 DAGs
[2025-05-30T00:11:01.568+0000] {logging_mixin.py:190} INFO - [2025-05-30T00:11:01.567+0000] {dag.py:4180} INFO - Setting next_dagrun for Dag_task to 2024-04-10 00:00:00+00:00, run_after=2024-04-11 00:00:00+00:00
[2025-05-30T00:11:01.632+0000] {processor.py:208} INFO - Processing /opt/airflow/dags/Third_DAG.py took 0.369 seconds
[2025-05-30T00:11:32.219+0000] {processor.py:186} INFO - Started process (PID=8070) to work on /opt/airflow/dags/Third_DAG.py
[2025-05-30T00:11:32.220+0000] {processor.py:914} INFO - Processing file /opt/airflow/dags/Third_DAG.py for tasks to queue
[2025-05-30T00:11:32.225+0000] {logging_mixin.py:190} INFO - [2025-05-30T00:11:32.224+0000] {dagbag.py:588} INFO - Filling up the DagBag from /opt/airflow/dags/Third_DAG.py
[2025-05-30T00:11:32.258+0000] {processor.py:925} INFO - DAG(s) 'Dag_task' retrieved from /opt/airflow/dags/Third_DAG.py
[2025-05-30T00:11:32.304+0000] {logging_mixin.py:190} INFO - [2025-05-30T00:11:32.303+0000] {dag.py:3239} INFO - Sync 1 DAGs
[2025-05-30T00:11:32.338+0000] {logging_mixin.py:190} INFO - [2025-05-30T00:11:32.338+0000] {dag.py:4180} INFO - Setting next_dagrun for Dag_task to 2024-04-10 00:00:00+00:00, run_after=2024-04-11 00:00:00+00:00
[2025-05-30T00:11:32.367+0000] {processor.py:208} INFO - Processing /opt/airflow/dags/Third_DAG.py took 0.163 seconds
[2025-05-30T00:12:03.680+0000] {processor.py:186} INFO - Started process (PID=8096) to work on /opt/airflow/dags/Third_DAG.py
[2025-05-30T00:12:03.688+0000] {processor.py:914} INFO - Processing file /opt/airflow/dags/Third_DAG.py for tasks to queue
[2025-05-30T00:12:03.727+0000] {logging_mixin.py:190} INFO - [2025-05-30T00:12:03.726+0000] {dagbag.py:588} INFO - Filling up the DagBag from /opt/airflow/dags/Third_DAG.py
[2025-05-30T00:12:03.924+0000] {processor.py:925} INFO - DAG(s) 'Dag_task' retrieved from /opt/airflow/dags/Third_DAG.py
[2025-05-30T00:12:04.078+0000] {logging_mixin.py:190} INFO - [2025-05-30T00:12:04.077+0000] {dag.py:3239} INFO - Sync 1 DAGs
[2025-05-30T00:12:04.199+0000] {logging_mixin.py:190} INFO - [2025-05-30T00:12:04.198+0000] {dag.py:4180} INFO - Setting next_dagrun for Dag_task to 2024-04-10 00:00:00+00:00, run_after=2024-04-11 00:00:00+00:00
[2025-05-30T00:12:04.329+0000] {processor.py:208} INFO - Processing /opt/airflow/dags/Third_DAG.py took 0.688 seconds
