[2025-05-26T14:49:39.553+0000] {local_task_job_runner.py:123} INFO - ::group::Pre task execution logs
[2025-05-26T14:49:39.585+0000] {taskinstance.py:2614} INFO - Dependencies all met for dep_context=non-requeueable deps ti=<TaskInstance: Etl_dag.dbt_seed_all scheduled__2024-04-21T00:00:00+00:00 [queued]>
[2025-05-26T14:49:39.602+0000] {taskinstance.py:2614} INFO - Dependencies all met for dep_context=requeueable deps ti=<TaskInstance: Etl_dag.dbt_seed_all scheduled__2024-04-21T00:00:00+00:00 [queued]>
[2025-05-26T14:49:39.603+0000] {taskinstance.py:2867} INFO - Starting attempt 1 of 2
[2025-05-26T14:49:39.635+0000] {taskinstance.py:2890} INFO - Executing <Task(BashOperator): dbt_seed_all> on 2024-04-21 00:00:00+00:00
[2025-05-26T14:49:39.640+0000] {standard_task_runner.py:72} INFO - Started process 15973 to run task
[2025-05-26T14:49:39.643+0000] {standard_task_runner.py:104} INFO - Running: ['***', 'tasks', 'run', 'Etl_dag', 'dbt_seed_all', 'scheduled__2024-04-21T00:00:00+00:00', '--job-id', '841', '--raw', '--subdir', 'DAGS_FOLDER/ETL_dag.py', '--cfg-path', '/tmp/tmpk_bhc6d_']
[2025-05-26T14:49:39.647+0000] {standard_task_runner.py:105} INFO - Job 841: Subtask dbt_seed_all
[2025-05-26T14:49:39.717+0000] {task_command.py:467} INFO - Running <TaskInstance: Etl_dag.dbt_seed_all scheduled__2024-04-21T00:00:00+00:00 [running]> on host 3d46136a9270
[2025-05-26T14:49:39.842+0000] {taskinstance.py:3134} INFO - Exporting env vars: AIRFLOW_CTX_DAG_OWNER='***' AIRFLOW_CTX_DAG_ID='Etl_dag' AIRFLOW_CTX_TASK_ID='dbt_seed_all' AIRFLOW_CTX_EXECUTION_DATE='2024-04-21T00:00:00+00:00' AIRFLOW_CTX_TRY_NUMBER='1' AIRFLOW_CTX_DAG_RUN_ID='scheduled__2024-04-21T00:00:00+00:00'
[2025-05-26T14:49:39.844+0000] {taskinstance.py:732} INFO - ::endgroup::
[2025-05-26T14:49:39.867+0000] {subprocess.py:78} INFO - Tmp dir root location: /tmp
[2025-05-26T14:49:39.871+0000] {subprocess.py:88} INFO - Running command: ['/usr/bin/bash', '-c', '\n        cd /opt/***/Dbt/etl_dbt_project &&         dbt seed --select Brigade_M_1 &&         dbt seed --select DVR &&         dbt seed --select phonning_m-1 \n    \n        ']
[2025-05-26T14:49:39.882+0000] {subprocess.py:99} INFO - Output:
[2025-05-26T14:49:43.595+0000] {subprocess.py:106} INFO - [0m14:49:43  Running with dbt=1.8.7
[2025-05-26T14:49:44.107+0000] {subprocess.py:106} INFO - [0m14:49:44  Registered adapter: postgres=1.9.0
[2025-05-26T14:49:46.221+0000] {subprocess.py:106} INFO - [0m14:49:46  Found 6 seeds, 10 models, 9 data tests, 11 sources, 545 macros
[2025-05-26T14:49:46.224+0000] {subprocess.py:106} INFO - [0m14:49:46
[2025-05-26T14:49:46.401+0000] {subprocess.py:106} INFO - [0m14:49:46  Concurrency: 1 threads (target='dev')
[2025-05-26T14:49:46.402+0000] {subprocess.py:106} INFO - [0m14:49:46
[2025-05-26T14:49:46.416+0000] {subprocess.py:106} INFO - [0m14:49:46  1 of 1 START seed file ***.Brigade_M_1 ..................................... [RUN]
[2025-05-26T14:49:46.776+0000] {subprocess.py:106} INFO - [0m14:49:46  1 of 1 OK loaded seed file ***.Brigade_M_1 ................................. [[32mINSERT 16[0m in 0.36s]
[2025-05-26T14:49:46.793+0000] {subprocess.py:106} INFO - [0m14:49:46
[2025-05-26T14:49:46.794+0000] {subprocess.py:106} INFO - [0m14:49:46  Finished running 1 seed in 0 hours 0 minutes and 0.57 seconds (0.57s).
[2025-05-26T14:49:46.878+0000] {subprocess.py:106} INFO - [0m14:49:46
[2025-05-26T14:49:46.881+0000] {subprocess.py:106} INFO - [0m14:49:46  [32mCompleted successfully[0m
[2025-05-26T14:49:46.882+0000] {subprocess.py:106} INFO - [0m14:49:46
[2025-05-26T14:49:46.884+0000] {subprocess.py:106} INFO - [0m14:49:46  Done. PASS=1 WARN=0 ERROR=0 SKIP=0 TOTAL=1
[2025-05-26T14:49:50.574+0000] {subprocess.py:106} INFO - [0m14:49:50  Running with dbt=1.8.7
[2025-05-26T14:49:50.890+0000] {subprocess.py:106} INFO - [0m14:49:50  Registered adapter: postgres=1.9.0
[2025-05-26T14:49:52.687+0000] {subprocess.py:106} INFO - [0m14:49:52  Found 6 seeds, 10 models, 9 data tests, 11 sources, 545 macros
[2025-05-26T14:49:52.691+0000] {subprocess.py:106} INFO - [0m14:49:52
[2025-05-26T14:49:52.838+0000] {subprocess.py:106} INFO - [0m14:49:52  Concurrency: 1 threads (target='dev')
[2025-05-26T14:49:52.839+0000] {subprocess.py:106} INFO - [0m14:49:52
[2025-05-26T14:49:52.854+0000] {subprocess.py:106} INFO - [0m14:49:52  1 of 1 START seed file ***.DVR ............................................. [RUN]
[2025-05-26T14:49:53.052+0000] {subprocess.py:106} INFO - [0m14:49:53  1 of 1 OK loaded seed file ***.DVR ......................................... [[32mINSERT 28[0m in 0.19s]
[2025-05-26T14:49:53.070+0000] {subprocess.py:106} INFO - [0m14:49:53
[2025-05-26T14:49:53.071+0000] {subprocess.py:106} INFO - [0m14:49:53  Finished running 1 seed in 0 hours 0 minutes and 0.38 seconds (0.38s).
[2025-05-26T14:49:53.154+0000] {subprocess.py:106} INFO - [0m14:49:53
[2025-05-26T14:49:53.154+0000] {subprocess.py:106} INFO - [0m14:49:53  [32mCompleted successfully[0m
[2025-05-26T14:49:53.155+0000] {subprocess.py:106} INFO - [0m14:49:53
[2025-05-26T14:49:53.156+0000] {subprocess.py:106} INFO - [0m14:49:53  Done. PASS=1 WARN=0 ERROR=0 SKIP=0 TOTAL=1
[2025-05-26T14:49:56.841+0000] {subprocess.py:106} INFO - [0m14:49:56  Running with dbt=1.8.7
[2025-05-26T14:49:57.231+0000] {subprocess.py:106} INFO - [0m14:49:57  Registered adapter: postgres=1.9.0
[2025-05-26T14:49:59.196+0000] {subprocess.py:106} INFO - [0m14:49:59  Found 6 seeds, 10 models, 9 data tests, 11 sources, 545 macros
[2025-05-26T14:49:59.200+0000] {subprocess.py:106} INFO - [0m14:49:59
[2025-05-26T14:49:59.380+0000] {subprocess.py:106} INFO - [0m14:49:59  Concurrency: 1 threads (target='dev')
[2025-05-26T14:49:59.382+0000] {subprocess.py:106} INFO - [0m14:49:59
[2025-05-26T14:49:59.395+0000] {subprocess.py:106} INFO - [0m14:49:59  1 of 1 START seed file ***.phonning_m-1 .................................... [RUN]
[2025-05-26T14:50:03.924+0000] {subprocess.py:106} INFO - [0m14:50:03  1 of 1 OK loaded seed file ***.phonning_m-1 ................................ [[32mINSERT 234[0m in 4.52s]
[2025-05-26T14:50:03.941+0000] {subprocess.py:106} INFO - [0m14:50:03
[2025-05-26T14:50:03.942+0000] {subprocess.py:106} INFO - [0m14:50:03  Finished running 1 seed in 0 hours 0 minutes and 4.74 seconds (4.74s).
[2025-05-26T14:50:04.038+0000] {subprocess.py:106} INFO - [0m14:50:04
[2025-05-26T14:50:04.039+0000] {subprocess.py:106} INFO - [0m14:50:04  [32mCompleted successfully[0m
[2025-05-26T14:50:04.040+0000] {subprocess.py:106} INFO - [0m14:50:04
[2025-05-26T14:50:04.041+0000] {subprocess.py:106} INFO - [0m14:50:04  Done. PASS=1 WARN=0 ERROR=0 SKIP=0 TOTAL=1
[2025-05-26T14:50:05.070+0000] {subprocess.py:110} INFO - Command exited with return code 0
[2025-05-26T14:50:05.097+0000] {taskinstance.py:341} INFO - ::group::Post task execution logs
[2025-05-26T14:50:05.098+0000] {taskinstance.py:353} INFO - Marking task as SUCCESS. dag_id=Etl_dag, task_id=dbt_seed_all, run_id=scheduled__2024-04-21T00:00:00+00:00, execution_date=20240421T000000, start_date=20250526T144939, end_date=20250526T145005
[2025-05-26T14:50:05.136+0000] {local_task_job_runner.py:266} INFO - Task exited with return code 0
[2025-05-26T14:50:05.167+0000] {taskinstance.py:3901} INFO - 1 downstream tasks scheduled from follow-on schedule check
[2025-05-26T14:50:05.169+0000] {local_task_job_runner.py:245} INFO - ::endgroup::
