[2025-05-27T13:43:08.758+0000] {local_task_job_runner.py:123} INFO - ::group::Pre task execution logs
[2025-05-27T13:43:08.787+0000] {taskinstance.py:2614} INFO - Dependencies all met for dep_context=non-requeueable deps ti=<TaskInstance: Etl_dag.dbt_seed_all scheduled__2024-04-21T00:00:00+00:00 [queued]>
[2025-05-27T13:43:08.802+0000] {taskinstance.py:2614} INFO - Dependencies all met for dep_context=requeueable deps ti=<TaskInstance: Etl_dag.dbt_seed_all scheduled__2024-04-21T00:00:00+00:00 [queued]>
[2025-05-27T13:43:08.803+0000] {taskinstance.py:2867} INFO - Starting attempt 3 of 4
[2025-05-27T13:43:08.820+0000] {taskinstance.py:2890} INFO - Executing <Task(BashOperator): dbt_seed_all> on 2024-04-21 00:00:00+00:00
[2025-05-27T13:43:08.825+0000] {standard_task_runner.py:72} INFO - Started process 11050 to run task
[2025-05-27T13:43:08.828+0000] {standard_task_runner.py:104} INFO - Running: ['***', 'tasks', 'run', 'Etl_dag', 'dbt_seed_all', 'scheduled__2024-04-21T00:00:00+00:00', '--job-id', '857', '--raw', '--subdir', 'DAGS_FOLDER/ETL_dag.py', '--cfg-path', '/tmp/tmp39teedut']
[2025-05-27T13:43:08.831+0000] {standard_task_runner.py:105} INFO - Job 857: Subtask dbt_seed_all
[2025-05-27T13:43:08.878+0000] {task_command.py:467} INFO - Running <TaskInstance: Etl_dag.dbt_seed_all scheduled__2024-04-21T00:00:00+00:00 [running]> on host fa768165d3f1
[2025-05-27T13:43:08.952+0000] {taskinstance.py:3134} INFO - Exporting env vars: AIRFLOW_CTX_DAG_OWNER='***' AIRFLOW_CTX_DAG_ID='Etl_dag' AIRFLOW_CTX_TASK_ID='dbt_seed_all' AIRFLOW_CTX_EXECUTION_DATE='2024-04-21T00:00:00+00:00' AIRFLOW_CTX_TRY_NUMBER='3' AIRFLOW_CTX_DAG_RUN_ID='scheduled__2024-04-21T00:00:00+00:00'
[2025-05-27T13:43:08.953+0000] {taskinstance.py:732} INFO - ::endgroup::
[2025-05-27T13:43:08.965+0000] {subprocess.py:78} INFO - Tmp dir root location: /tmp
[2025-05-27T13:43:08.967+0000] {subprocess.py:88} INFO - Running command: ['/usr/bin/bash', '-c', '\n        cd /opt/***/Dbt/etl_dbt_project &&         dbt seed --select Brigade_M_1 &&         dbt seed --select DVR &&         dbt seed --select phonning_m-1 \n    \n        ']
[2025-05-27T13:43:08.976+0000] {subprocess.py:99} INFO - Output:
[2025-05-27T13:43:12.608+0000] {subprocess.py:106} INFO - [0m13:43:12  Running with dbt=1.8.7
[2025-05-27T13:43:13.158+0000] {subprocess.py:106} INFO - [0m13:43:13  Registered adapter: postgres=1.9.0
[2025-05-27T13:43:15.530+0000] {subprocess.py:106} INFO - [0m13:43:15  Found 10 models, 9 data tests, 6 seeds, 11 sources, 545 macros
[2025-05-27T13:43:15.533+0000] {subprocess.py:106} INFO - [0m13:43:15
[2025-05-27T13:43:15.747+0000] {subprocess.py:106} INFO - [0m13:43:15  Concurrency: 1 threads (target='dev')
[2025-05-27T13:43:15.749+0000] {subprocess.py:106} INFO - [0m13:43:15
[2025-05-27T13:43:15.765+0000] {subprocess.py:106} INFO - [0m13:43:15  1 of 1 START seed file ***.Brigade_M_1 ..................................... [RUN]
[2025-05-27T13:43:16.152+0000] {subprocess.py:106} INFO - [0m13:43:16  1 of 1 OK loaded seed file ***.Brigade_M_1 ................................. [[32mINSERT 16[0m in 0.38s]
[2025-05-27T13:43:16.174+0000] {subprocess.py:106} INFO - [0m13:43:16
[2025-05-27T13:43:16.175+0000] {subprocess.py:106} INFO - [0m13:43:16  Finished running 1 seed in 0 hours 0 minutes and 0.64 seconds (0.64s).
[2025-05-27T13:43:16.264+0000] {subprocess.py:106} INFO - [0m13:43:16
[2025-05-27T13:43:16.265+0000] {subprocess.py:106} INFO - [0m13:43:16  [32mCompleted successfully[0m
[2025-05-27T13:43:16.266+0000] {subprocess.py:106} INFO - [0m13:43:16
[2025-05-27T13:43:16.266+0000] {subprocess.py:106} INFO - [0m13:43:16  Done. PASS=1 WARN=0 ERROR=0 SKIP=0 TOTAL=1
[2025-05-27T13:43:21.400+0000] {subprocess.py:106} INFO - [0m13:43:21  Running with dbt=1.8.7
[2025-05-27T13:43:21.757+0000] {subprocess.py:106} INFO - [0m13:43:21  Registered adapter: postgres=1.9.0
[2025-05-27T13:43:23.220+0000] {subprocess.py:106} INFO - [0m13:43:23  Found 10 models, 9 data tests, 6 seeds, 11 sources, 545 macros
[2025-05-27T13:43:23.224+0000] {subprocess.py:106} INFO - [0m13:43:23
[2025-05-27T13:43:23.354+0000] {subprocess.py:106} INFO - [0m13:43:23  Concurrency: 1 threads (target='dev')
[2025-05-27T13:43:23.355+0000] {subprocess.py:106} INFO - [0m13:43:23
[2025-05-27T13:43:23.367+0000] {subprocess.py:106} INFO - [0m13:43:23  1 of 1 START seed file ***.DVR ............................................. [RUN]
[2025-05-27T13:43:23.521+0000] {subprocess.py:106} INFO - [0m13:43:23  1 of 1 OK loaded seed file ***.DVR ......................................... [[32mINSERT 28[0m in 0.15s]
[2025-05-27T13:43:23.537+0000] {subprocess.py:106} INFO - [0m13:43:23
[2025-05-27T13:43:23.538+0000] {subprocess.py:106} INFO - [0m13:43:23  Finished running 1 seed in 0 hours 0 minutes and 0.31 seconds (0.31s).
[2025-05-27T13:43:23.608+0000] {subprocess.py:106} INFO - [0m13:43:23
[2025-05-27T13:43:23.609+0000] {subprocess.py:106} INFO - [0m13:43:23  [32mCompleted successfully[0m
[2025-05-27T13:43:23.610+0000] {subprocess.py:106} INFO - [0m13:43:23
[2025-05-27T13:43:23.611+0000] {subprocess.py:106} INFO - [0m13:43:23  Done. PASS=1 WARN=0 ERROR=0 SKIP=0 TOTAL=1
[2025-05-27T13:43:30.463+0000] {subprocess.py:106} INFO - [0m13:43:30  Running with dbt=1.8.7
[2025-05-27T13:43:30.775+0000] {subprocess.py:106} INFO - [0m13:43:30  Registered adapter: postgres=1.9.0
[2025-05-27T13:43:32.418+0000] {subprocess.py:106} INFO - [0m13:43:32  Found 10 models, 9 data tests, 6 seeds, 11 sources, 545 macros
[2025-05-27T13:43:32.421+0000] {subprocess.py:106} INFO - [0m13:43:32
[2025-05-27T13:43:32.545+0000] {subprocess.py:106} INFO - [0m13:43:32  Concurrency: 1 threads (target='dev')
[2025-05-27T13:43:32.546+0000] {subprocess.py:106} INFO - [0m13:43:32
[2025-05-27T13:43:32.558+0000] {subprocess.py:106} INFO - [0m13:43:32  1 of 1 START seed file ***.phonning_m-1 .................................... [RUN]
[2025-05-27T13:43:35.665+0000] {subprocess.py:106} INFO - [0m13:43:35  1 of 1 OK loaded seed file ***.phonning_m-1 ................................ [[32mINSERT 234[0m in 3.10s]
[2025-05-27T13:43:35.688+0000] {subprocess.py:106} INFO - [0m13:43:35
[2025-05-27T13:43:35.689+0000] {subprocess.py:106} INFO - [0m13:43:35  Finished running 1 seed in 0 hours 0 minutes and 3.27 seconds (3.27s).
[2025-05-27T13:43:35.772+0000] {subprocess.py:106} INFO - [0m13:43:35
[2025-05-27T13:43:35.773+0000] {subprocess.py:106} INFO - [0m13:43:35  [32mCompleted successfully[0m
[2025-05-27T13:43:35.774+0000] {subprocess.py:106} INFO - [0m13:43:35
[2025-05-27T13:43:35.775+0000] {subprocess.py:106} INFO - [0m13:43:35  Done. PASS=1 WARN=0 ERROR=0 SKIP=0 TOTAL=1
[2025-05-27T13:43:37.347+0000] {subprocess.py:110} INFO - Command exited with return code 0
[2025-05-27T13:43:37.465+0000] {taskinstance.py:341} INFO - ::group::Post task execution logs
[2025-05-27T13:43:37.466+0000] {taskinstance.py:353} INFO - Marking task as SUCCESS. dag_id=Etl_dag, task_id=dbt_seed_all, run_id=scheduled__2024-04-21T00:00:00+00:00, execution_date=20240421T000000, start_date=20250527T134308, end_date=20250527T134337
[2025-05-27T13:43:37.519+0000] {local_task_job_runner.py:266} INFO - Task exited with return code 0
[2025-05-27T13:43:37.561+0000] {taskinstance.py:3901} INFO - 0 downstream tasks scheduled from follow-on schedule check
[2025-05-27T13:43:37.563+0000] {local_task_job_runner.py:245} INFO - ::endgroup::
