[2025-06-24T18:17:14.562+0000] {local_task_job_runner.py:123} INFO - ::group::Pre task execution logs
[2025-06-24T18:17:14.643+0000] {taskinstance.py:2614} INFO - Dependencies all met for dep_context=non-requeueable deps ti=<TaskInstance: Etl_dag.dbt_seed_all scheduled__2024-04-21T00:00:00+00:00 [queued]>
[2025-06-24T18:17:14.686+0000] {taskinstance.py:2614} INFO - Dependencies all met for dep_context=requeueable deps ti=<TaskInstance: Etl_dag.dbt_seed_all scheduled__2024-04-21T00:00:00+00:00 [queued]>
[2025-06-24T18:17:14.688+0000] {taskinstance.py:2867} INFO - Starting attempt 5 of 6
[2025-06-24T18:17:14.739+0000] {taskinstance.py:2890} INFO - Executing <Task(BashOperator): dbt_seed_all> on 2024-04-21 00:00:00+00:00
[2025-06-24T18:17:14.755+0000] {standard_task_runner.py:72} INFO - Started process 1368 to run task
[2025-06-24T18:17:14.763+0000] {standard_task_runner.py:104} INFO - Running: ['***', 'tasks', 'run', 'Etl_dag', 'dbt_seed_all', 'scheduled__2024-04-21T00:00:00+00:00', '--job-id', '875', '--raw', '--subdir', 'DAGS_FOLDER/ETL_dag.py', '--cfg-path', '/tmp/tmp6wybvkrq']
[2025-06-24T18:17:14.772+0000] {standard_task_runner.py:105} INFO - Job 875: Subtask dbt_seed_all
[2025-06-24T18:17:14.922+0000] {task_command.py:467} INFO - Running <TaskInstance: Etl_dag.dbt_seed_all scheduled__2024-04-21T00:00:00+00:00 [running]> on host fa768165d3f1
[2025-06-24T18:17:15.123+0000] {taskinstance.py:3134} INFO - Exporting env vars: AIRFLOW_CTX_DAG_OWNER='***' AIRFLOW_CTX_DAG_ID='Etl_dag' AIRFLOW_CTX_TASK_ID='dbt_seed_all' AIRFLOW_CTX_EXECUTION_DATE='2024-04-21T00:00:00+00:00' AIRFLOW_CTX_TRY_NUMBER='5' AIRFLOW_CTX_DAG_RUN_ID='scheduled__2024-04-21T00:00:00+00:00'
[2025-06-24T18:17:15.128+0000] {taskinstance.py:732} INFO - ::endgroup::
[2025-06-24T18:17:15.177+0000] {subprocess.py:78} INFO - Tmp dir root location: /tmp
[2025-06-24T18:17:15.198+0000] {subprocess.py:88} INFO - Running command: ['/usr/bin/bash', '-c', '\n        cd /opt/***/Dbt/etl_dbt_project &&         dbt seed --select Brigade_M_1 &&         dbt seed --select DVR &&         dbt seed --select phonning_m-1 \n    \n        ']
[2025-06-24T18:17:15.220+0000] {subprocess.py:99} INFO - Output:
[2025-06-24T18:17:21.972+0000] {subprocess.py:106} INFO - [0m18:17:21  Running with dbt=1.8.7
[2025-06-24T18:17:22.891+0000] {subprocess.py:106} INFO - [0m18:17:22  Registered adapter: postgres=1.9.0
[2025-06-24T18:17:26.230+0000] {subprocess.py:106} INFO - [0m18:17:26  Found 10 models, 9 data tests, 6 seeds, 11 sources, 545 macros
[2025-06-24T18:17:26.235+0000] {subprocess.py:106} INFO - [0m18:17:26
[2025-06-24T18:17:26.459+0000] {subprocess.py:106} INFO - [0m18:17:26  Concurrency: 1 threads (target='dev')
[2025-06-24T18:17:26.460+0000] {subprocess.py:106} INFO - [0m18:17:26
[2025-06-24T18:17:26.476+0000] {subprocess.py:106} INFO - [0m18:17:26  1 of 1 START seed file ***.Brigade_M_1 ..................................... [RUN]
[2025-06-24T18:17:26.908+0000] {subprocess.py:106} INFO - [0m18:17:26  1 of 1 OK loaded seed file ***.Brigade_M_1 ................................. [[32mINSERT 16[0m in 0.43s]
[2025-06-24T18:17:26.938+0000] {subprocess.py:106} INFO - [0m18:17:26
[2025-06-24T18:17:26.939+0000] {subprocess.py:106} INFO - [0m18:17:26  Finished running 1 seed in 0 hours 0 minutes and 0.70 seconds (0.70s).
[2025-06-24T18:17:27.089+0000] {subprocess.py:106} INFO - [0m18:17:27
[2025-06-24T18:17:27.091+0000] {subprocess.py:106} INFO - [0m18:17:27  [32mCompleted successfully[0m
[2025-06-24T18:17:27.092+0000] {subprocess.py:106} INFO - [0m18:17:27
[2025-06-24T18:17:27.093+0000] {subprocess.py:106} INFO - [0m18:17:27  Done. PASS=1 WARN=0 ERROR=0 SKIP=0 TOTAL=1
[2025-06-24T18:17:37.339+0000] {subprocess.py:106} INFO - [0m18:17:37  Running with dbt=1.8.7
[2025-06-24T18:17:38.409+0000] {subprocess.py:106} INFO - [0m18:17:38  Registered adapter: postgres=1.9.0
[2025-06-24T18:17:42.050+0000] {subprocess.py:106} INFO - [0m18:17:42  Found 10 models, 9 data tests, 6 seeds, 11 sources, 545 macros
[2025-06-24T18:17:42.055+0000] {subprocess.py:106} INFO - [0m18:17:42
[2025-06-24T18:17:42.334+0000] {subprocess.py:106} INFO - [0m18:17:42  Concurrency: 1 threads (target='dev')
[2025-06-24T18:17:42.335+0000] {subprocess.py:106} INFO - [0m18:17:42
[2025-06-24T18:17:42.354+0000] {subprocess.py:106} INFO - [0m18:17:42  1 of 1 START seed file ***.DVR ............................................. [RUN]
[2025-06-24T18:17:42.619+0000] {subprocess.py:106} INFO - [0m18:17:42  1 of 1 OK loaded seed file ***.DVR ......................................... [[32mINSERT 28[0m in 0.26s]
[2025-06-24T18:17:42.650+0000] {subprocess.py:106} INFO - [0m18:17:42
[2025-06-24T18:17:42.651+0000] {subprocess.py:106} INFO - [0m18:17:42  Finished running 1 seed in 0 hours 0 minutes and 0.59 seconds (0.59s).
[2025-06-24T18:17:42.810+0000] {subprocess.py:106} INFO - [0m18:17:42
[2025-06-24T18:17:42.812+0000] {subprocess.py:106} INFO - [0m18:17:42  [32mCompleted successfully[0m
[2025-06-24T18:17:42.813+0000] {subprocess.py:106} INFO - [0m18:17:42
[2025-06-24T18:17:42.819+0000] {subprocess.py:106} INFO - [0m18:17:42  Done. PASS=1 WARN=0 ERROR=0 SKIP=0 TOTAL=1
[2025-06-24T18:17:52.583+0000] {subprocess.py:106} INFO - [0m18:17:52  Running with dbt=1.8.7
[2025-06-24T18:17:53.726+0000] {subprocess.py:106} INFO - [0m18:17:53  Registered adapter: postgres=1.9.0
[2025-06-24T18:18:05.619+0000] {subprocess.py:106} INFO - [0m18:18:05  Found 10 models, 9 data tests, 6 seeds, 11 sources, 545 macros
[2025-06-24T18:18:05.640+0000] {subprocess.py:106} INFO - [0m18:18:05
[2025-06-24T18:18:06.223+0000] {subprocess.py:106} INFO - [0m18:18:06  Concurrency: 1 threads (target='dev')
[2025-06-24T18:18:06.227+0000] {subprocess.py:106} INFO - [0m18:18:06
[2025-06-24T18:18:06.263+0000] {subprocess.py:106} INFO - [0m18:18:06  1 of 1 START seed file ***.phonning_m-1 .................................... [RUN]
[2025-06-24T18:18:12.284+0000] {subprocess.py:106} INFO - [0m18:18:12  1 of 1 OK loaded seed file ***.phonning_m-1 ................................ [[32mINSERT 234[0m in 6.01s]
[2025-06-24T18:18:12.315+0000] {subprocess.py:106} INFO - [0m18:18:12
[2025-06-24T18:18:12.317+0000] {subprocess.py:106} INFO - [0m18:18:12  Finished running 1 seed in 0 hours 0 minutes and 6.67 seconds (6.67s).
[2025-06-24T18:18:12.441+0000] {subprocess.py:106} INFO - [0m18:18:12
[2025-06-24T18:18:12.445+0000] {subprocess.py:106} INFO - [0m18:18:12  [32mCompleted successfully[0m
[2025-06-24T18:18:12.457+0000] {subprocess.py:106} INFO - [0m18:18:12
[2025-06-24T18:18:12.460+0000] {subprocess.py:106} INFO - [0m18:18:12  Done. PASS=1 WARN=0 ERROR=0 SKIP=0 TOTAL=1
[2025-06-24T18:18:13.332+0000] {subprocess.py:110} INFO - Command exited with return code 0
[2025-06-24T18:18:13.569+0000] {taskinstance.py:341} INFO - ::group::Post task execution logs
[2025-06-24T18:18:13.573+0000] {taskinstance.py:353} INFO - Marking task as SUCCESS. dag_id=Etl_dag, task_id=dbt_seed_all, run_id=scheduled__2024-04-21T00:00:00+00:00, execution_date=20240421T000000, start_date=20250624T181714, end_date=20250624T181813
[2025-06-24T18:18:13.666+0000] {local_task_job_runner.py:266} INFO - Task exited with return code 0
[2025-06-24T18:18:13.810+0000] {taskinstance.py:3901} INFO - 1 downstream tasks scheduled from follow-on schedule check
[2025-06-24T18:18:13.813+0000] {local_task_job_runner.py:245} INFO - ::endgroup::
