[2025-04-19T20:24:29.863+0000] {processor.py:186} INFO - Started process (PID=246) to work on /opt/airflow/dags/dag_postgreSql.py
[2025-04-19T20:24:29.866+0000] {processor.py:914} INFO - Processing file /opt/airflow/dags/dag_postgreSql.py for tasks to queue
[2025-04-19T20:24:29.876+0000] {logging_mixin.py:190} INFO - [2025-04-19T20:24:29.875+0000] {dagbag.py:588} INFO - Filling up the DagBag from /opt/airflow/dags/dag_postgreSql.py
[2025-04-19T20:24:30.041+0000] {processor.py:925} INFO - DAG(s) 'example_postgres_dag4' retrieved from /opt/airflow/dags/dag_postgreSql.py
[2025-04-19T20:24:30.183+0000] {logging_mixin.py:190} INFO - [2025-04-19T20:24:30.182+0000] {dag.py:3239} INFO - Sync 1 DAGs
[2025-04-19T20:24:30.320+0000] {logging_mixin.py:190} INFO - [2025-04-19T20:24:30.318+0000] {dag.py:4180} INFO - Setting next_dagrun for example_postgres_dag4 to 2025-03-30 00:00:00+00:00, run_after=2025-03-31 00:00:00+00:00
[2025-04-19T20:24:30.407+0000] {processor.py:208} INFO - Processing /opt/airflow/dags/dag_postgreSql.py took 0.564 seconds
[2025-04-19T20:25:00.727+0000] {processor.py:186} INFO - Started process (PID=272) to work on /opt/airflow/dags/dag_postgreSql.py
[2025-04-19T20:25:00.736+0000] {processor.py:914} INFO - Processing file /opt/airflow/dags/dag_postgreSql.py for tasks to queue
[2025-04-19T20:25:00.746+0000] {logging_mixin.py:190} INFO - [2025-04-19T20:25:00.745+0000] {dagbag.py:588} INFO - Filling up the DagBag from /opt/airflow/dags/dag_postgreSql.py
[2025-04-19T20:25:00.927+0000] {processor.py:925} INFO - DAG(s) 'example_postgres_dag4' retrieved from /opt/airflow/dags/dag_postgreSql.py
[2025-04-19T20:25:01.251+0000] {logging_mixin.py:190} INFO - [2025-04-19T20:25:01.250+0000] {dag.py:3239} INFO - Sync 1 DAGs
[2025-04-19T20:25:01.509+0000] {logging_mixin.py:190} INFO - [2025-04-19T20:25:01.508+0000] {dag.py:4180} INFO - Setting next_dagrun for example_postgres_dag4 to 2025-03-30 00:00:00+00:00, run_after=2025-03-31 00:00:00+00:00
[2025-04-19T20:25:02.670+0000] {processor.py:208} INFO - Processing /opt/airflow/dags/dag_postgreSql.py took 1.974 seconds
[2025-04-19T20:25:36.972+0000] {processor.py:186} INFO - Started process (PID=303) to work on /opt/airflow/dags/dag_postgreSql.py
[2025-04-19T20:25:36.985+0000] {processor.py:914} INFO - Processing file /opt/airflow/dags/dag_postgreSql.py for tasks to queue
[2025-04-19T20:25:36.995+0000] {logging_mixin.py:190} INFO - [2025-04-19T20:25:36.995+0000] {dagbag.py:588} INFO - Filling up the DagBag from /opt/airflow/dags/dag_postgreSql.py
[2025-04-19T20:25:37.154+0000] {processor.py:925} INFO - DAG(s) 'example_postgres_dag4' retrieved from /opt/airflow/dags/dag_postgreSql.py
[2025-04-19T20:25:37.289+0000] {logging_mixin.py:190} INFO - [2025-04-19T20:25:37.289+0000] {dag.py:3239} INFO - Sync 1 DAGs
[2025-04-19T20:25:37.442+0000] {logging_mixin.py:190} INFO - [2025-04-19T20:25:37.441+0000] {dag.py:4180} INFO - Setting next_dagrun for example_postgres_dag4 to 2025-03-30 00:00:00+00:00, run_after=2025-03-31 00:00:00+00:00
[2025-04-19T20:25:37.598+0000] {processor.py:208} INFO - Processing /opt/airflow/dags/dag_postgreSql.py took 0.655 seconds
[2025-04-19T20:26:16.846+0000] {processor.py:186} INFO - Started process (PID=324) to work on /opt/airflow/dags/dag_postgreSql.py
[2025-04-19T20:26:16.866+0000] {processor.py:914} INFO - Processing file /opt/airflow/dags/dag_postgreSql.py for tasks to queue
[2025-04-19T20:26:16.938+0000] {logging_mixin.py:190} INFO - [2025-04-19T20:26:16.935+0000] {dagbag.py:588} INFO - Filling up the DagBag from /opt/airflow/dags/dag_postgreSql.py
[2025-04-19T20:26:17.530+0000] {processor.py:925} INFO - DAG(s) 'example_postgres_dag4' retrieved from /opt/airflow/dags/dag_postgreSql.py
[2025-04-19T20:26:19.333+0000] {logging_mixin.py:190} INFO - [2025-04-19T20:26:19.333+0000] {dag.py:3239} INFO - Sync 1 DAGs
[2025-04-19T20:26:19.920+0000] {logging_mixin.py:190} INFO - [2025-04-19T20:26:19.919+0000] {dag.py:4180} INFO - Setting next_dagrun for example_postgres_dag4 to 2025-03-30 00:00:00+00:00, run_after=2025-03-31 00:00:00+00:00
[2025-04-19T20:26:21.396+0000] {processor.py:208} INFO - Processing /opt/airflow/dags/dag_postgreSql.py took 4.866 seconds
[2025-04-19T20:26:52.783+0000] {processor.py:186} INFO - Started process (PID=354) to work on /opt/airflow/dags/dag_postgreSql.py
[2025-04-19T20:26:52.788+0000] {processor.py:914} INFO - Processing file /opt/airflow/dags/dag_postgreSql.py for tasks to queue
[2025-04-19T20:26:52.794+0000] {logging_mixin.py:190} INFO - [2025-04-19T20:26:52.793+0000] {dagbag.py:588} INFO - Filling up the DagBag from /opt/airflow/dags/dag_postgreSql.py
[2025-04-19T20:26:52.930+0000] {processor.py:925} INFO - DAG(s) 'example_postgres_dag4' retrieved from /opt/airflow/dags/dag_postgreSql.py
[2025-04-19T20:26:53.169+0000] {logging_mixin.py:190} INFO - [2025-04-19T20:26:53.169+0000] {dag.py:3239} INFO - Sync 1 DAGs
[2025-04-19T20:26:53.382+0000] {logging_mixin.py:190} INFO - [2025-04-19T20:26:53.381+0000] {dag.py:4180} INFO - Setting next_dagrun for example_postgres_dag4 to 2025-03-30 00:00:00+00:00, run_after=2025-03-31 00:00:00+00:00
[2025-04-19T20:26:53.665+0000] {processor.py:208} INFO - Processing /opt/airflow/dags/dag_postgreSql.py took 0.910 seconds
[2025-04-19T20:27:24.221+0000] {processor.py:186} INFO - Started process (PID=380) to work on /opt/airflow/dags/dag_postgreSql.py
[2025-04-19T20:27:24.224+0000] {processor.py:914} INFO - Processing file /opt/airflow/dags/dag_postgreSql.py for tasks to queue
[2025-04-19T20:27:24.228+0000] {logging_mixin.py:190} INFO - [2025-04-19T20:27:24.228+0000] {dagbag.py:588} INFO - Filling up the DagBag from /opt/airflow/dags/dag_postgreSql.py
[2025-04-19T20:27:24.280+0000] {processor.py:925} INFO - DAG(s) 'example_postgres_dag4' retrieved from /opt/airflow/dags/dag_postgreSql.py
[2025-04-19T20:27:24.348+0000] {logging_mixin.py:190} INFO - [2025-04-19T20:27:24.347+0000] {dag.py:3239} INFO - Sync 1 DAGs
[2025-04-19T20:27:24.413+0000] {logging_mixin.py:190} INFO - [2025-04-19T20:27:24.413+0000] {dag.py:4180} INFO - Setting next_dagrun for example_postgres_dag4 to 2025-03-30 00:00:00+00:00, run_after=2025-03-31 00:00:00+00:00
[2025-04-19T20:27:24.503+0000] {processor.py:208} INFO - Processing /opt/airflow/dags/dag_postgreSql.py took 0.298 seconds
[2025-04-19T20:27:55.700+0000] {processor.py:186} INFO - Started process (PID=407) to work on /opt/airflow/dags/dag_postgreSql.py
[2025-04-19T20:27:55.709+0000] {processor.py:914} INFO - Processing file /opt/airflow/dags/dag_postgreSql.py for tasks to queue
[2025-04-19T20:27:55.719+0000] {logging_mixin.py:190} INFO - [2025-04-19T20:27:55.718+0000] {dagbag.py:588} INFO - Filling up the DagBag from /opt/airflow/dags/dag_postgreSql.py
[2025-04-19T20:27:55.842+0000] {processor.py:925} INFO - DAG(s) 'example_postgres_dag4' retrieved from /opt/airflow/dags/dag_postgreSql.py
[2025-04-19T20:27:56.064+0000] {logging_mixin.py:190} INFO - [2025-04-19T20:27:56.063+0000] {dag.py:3239} INFO - Sync 1 DAGs
[2025-04-19T20:27:56.293+0000] {logging_mixin.py:190} INFO - [2025-04-19T20:27:56.288+0000] {dag.py:4180} INFO - Setting next_dagrun for example_postgres_dag4 to 2025-03-30 00:00:00+00:00, run_after=2025-03-31 00:00:00+00:00
[2025-04-19T20:27:56.475+0000] {processor.py:208} INFO - Processing /opt/airflow/dags/dag_postgreSql.py took 0.824 seconds
[2025-04-19T20:28:27.307+0000] {processor.py:186} INFO - Started process (PID=431) to work on /opt/airflow/dags/dag_postgreSql.py
[2025-04-19T20:28:27.328+0000] {processor.py:914} INFO - Processing file /opt/airflow/dags/dag_postgreSql.py for tasks to queue
[2025-04-19T20:28:27.350+0000] {logging_mixin.py:190} INFO - [2025-04-19T20:28:27.348+0000] {dagbag.py:588} INFO - Filling up the DagBag from /opt/airflow/dags/dag_postgreSql.py
[2025-04-19T20:28:27.533+0000] {processor.py:925} INFO - DAG(s) 'example_postgres_dag4' retrieved from /opt/airflow/dags/dag_postgreSql.py
[2025-04-19T20:28:27.721+0000] {logging_mixin.py:190} INFO - [2025-04-19T20:28:27.720+0000] {dag.py:3239} INFO - Sync 1 DAGs
[2025-04-19T20:28:27.983+0000] {logging_mixin.py:190} INFO - [2025-04-19T20:28:27.982+0000] {dag.py:4180} INFO - Setting next_dagrun for example_postgres_dag4 to 2025-03-30 00:00:00+00:00, run_after=2025-03-31 00:00:00+00:00
[2025-04-19T20:28:28.275+0000] {processor.py:208} INFO - Processing /opt/airflow/dags/dag_postgreSql.py took 1.000 seconds
[2025-04-19T20:28:58.901+0000] {processor.py:186} INFO - Started process (PID=458) to work on /opt/airflow/dags/dag_postgreSql.py
[2025-04-19T20:28:58.916+0000] {processor.py:914} INFO - Processing file /opt/airflow/dags/dag_postgreSql.py for tasks to queue
[2025-04-19T20:28:58.929+0000] {logging_mixin.py:190} INFO - [2025-04-19T20:28:58.927+0000] {dagbag.py:588} INFO - Filling up the DagBag from /opt/airflow/dags/dag_postgreSql.py
[2025-04-19T20:28:59.043+0000] {processor.py:925} INFO - DAG(s) 'example_postgres_dag4' retrieved from /opt/airflow/dags/dag_postgreSql.py
[2025-04-19T20:28:59.219+0000] {logging_mixin.py:190} INFO - [2025-04-19T20:28:59.218+0000] {dag.py:3239} INFO - Sync 1 DAGs
[2025-04-19T20:28:59.437+0000] {logging_mixin.py:190} INFO - [2025-04-19T20:28:59.436+0000] {dag.py:4180} INFO - Setting next_dagrun for example_postgres_dag4 to 2025-03-30 00:00:00+00:00, run_after=2025-03-31 00:00:00+00:00
[2025-04-19T20:28:59.631+0000] {processor.py:208} INFO - Processing /opt/airflow/dags/dag_postgreSql.py took 0.763 seconds
[2025-04-19T20:29:29.978+0000] {processor.py:186} INFO - Started process (PID=484) to work on /opt/airflow/dags/dag_postgreSql.py
[2025-04-19T20:29:29.980+0000] {processor.py:914} INFO - Processing file /opt/airflow/dags/dag_postgreSql.py for tasks to queue
[2025-04-19T20:29:29.995+0000] {logging_mixin.py:190} INFO - [2025-04-19T20:29:29.992+0000] {dagbag.py:588} INFO - Filling up the DagBag from /opt/airflow/dags/dag_postgreSql.py
[2025-04-19T20:29:30.059+0000] {processor.py:925} INFO - DAG(s) 'example_postgres_dag4' retrieved from /opt/airflow/dags/dag_postgreSql.py
[2025-04-19T20:29:30.149+0000] {logging_mixin.py:190} INFO - [2025-04-19T20:29:30.148+0000] {dag.py:3239} INFO - Sync 1 DAGs
[2025-04-19T20:29:30.235+0000] {logging_mixin.py:190} INFO - [2025-04-19T20:29:30.234+0000] {dag.py:4180} INFO - Setting next_dagrun for example_postgres_dag4 to 2025-03-30 00:00:00+00:00, run_after=2025-03-31 00:00:00+00:00
[2025-04-19T20:29:30.292+0000] {processor.py:208} INFO - Processing /opt/airflow/dags/dag_postgreSql.py took 0.330 seconds
[2025-04-19T20:30:06.638+0000] {processor.py:186} INFO - Started process (PID=505) to work on /opt/airflow/dags/dag_postgreSql.py
[2025-04-19T20:30:07.347+0000] {processor.py:914} INFO - Processing file /opt/airflow/dags/dag_postgreSql.py for tasks to queue
[2025-04-19T20:30:07.539+0000] {logging_mixin.py:190} INFO - [2025-04-19T20:30:07.538+0000] {dagbag.py:588} INFO - Filling up the DagBag from /opt/airflow/dags/dag_postgreSql.py
[2025-04-19T20:30:10.812+0000] {processor.py:925} INFO - DAG(s) 'example_postgres_dag4' retrieved from /opt/airflow/dags/dag_postgreSql.py
[2025-04-19T20:30:11.804+0000] {logging_mixin.py:190} INFO - [2025-04-19T20:30:11.803+0000] {dag.py:3239} INFO - Sync 1 DAGs
[2025-04-19T20:30:12.848+0000] {logging_mixin.py:190} INFO - [2025-04-19T20:30:12.846+0000] {dag.py:4180} INFO - Setting next_dagrun for example_postgres_dag4 to 2025-03-30 00:00:00+00:00, run_after=2025-03-31 00:00:00+00:00
[2025-04-19T20:30:14.205+0000] {processor.py:208} INFO - Processing /opt/airflow/dags/dag_postgreSql.py took 7.729 seconds
[2025-04-19T20:30:45.535+0000] {processor.py:186} INFO - Started process (PID=537) to work on /opt/airflow/dags/dag_postgreSql.py
[2025-04-19T20:30:45.554+0000] {processor.py:914} INFO - Processing file /opt/airflow/dags/dag_postgreSql.py for tasks to queue
[2025-04-19T20:30:45.585+0000] {logging_mixin.py:190} INFO - [2025-04-19T20:30:45.584+0000] {dagbag.py:588} INFO - Filling up the DagBag from /opt/airflow/dags/dag_postgreSql.py
[2025-04-19T20:30:45.774+0000] {processor.py:925} INFO - DAG(s) 'example_postgres_dag4' retrieved from /opt/airflow/dags/dag_postgreSql.py
[2025-04-19T20:30:45.999+0000] {logging_mixin.py:190} INFO - [2025-04-19T20:30:45.998+0000] {dag.py:3239} INFO - Sync 1 DAGs
[2025-04-19T20:30:46.176+0000] {logging_mixin.py:190} INFO - [2025-04-19T20:30:46.175+0000] {dag.py:4180} INFO - Setting next_dagrun for example_postgres_dag4 to 2025-03-30 00:00:00+00:00, run_after=2025-03-31 00:00:00+00:00
[2025-04-19T20:30:46.426+0000] {processor.py:208} INFO - Processing /opt/airflow/dags/dag_postgreSql.py took 0.957 seconds
