[2025-04-19T20:24:30.537+0000] {processor.py:186} INFO - Started process (PID=256) to work on /opt/airflow/dags/Third_DAG.py
[2025-04-19T20:24:30.541+0000] {processor.py:914} INFO - Processing file /opt/airflow/dags/Third_DAG.py for tasks to queue
[2025-04-19T20:24:30.557+0000] {logging_mixin.py:190} INFO - [2025-04-19T20:24:30.555+0000] {dagbag.py:588} INFO - Filling up the DagBag from /opt/airflow/dags/Third_DAG.py
[2025-04-19T20:24:30.635+0000] {processor.py:925} INFO - DAG(s) 'Dag_task' retrieved from /opt/airflow/dags/Third_DAG.py
[2025-04-19T20:24:30.709+0000] {logging_mixin.py:190} INFO - [2025-04-19T20:24:30.708+0000] {dag.py:3239} INFO - Sync 1 DAGs
[2025-04-19T20:24:30.890+0000] {logging_mixin.py:190} INFO - [2025-04-19T20:24:30.890+0000] {dag.py:4180} INFO - Setting next_dagrun for Dag_task to 2024-04-10 00:00:00+00:00, run_after=2024-04-11 00:00:00+00:00
[2025-04-19T20:24:30.984+0000] {processor.py:208} INFO - Processing /opt/airflow/dags/Third_DAG.py took 0.469 seconds
[2025-04-19T20:25:06.844+0000] {processor.py:186} INFO - Started process (PID=282) to work on /opt/airflow/dags/Third_DAG.py
[2025-04-19T20:25:06.859+0000] {processor.py:914} INFO - Processing file /opt/airflow/dags/Third_DAG.py for tasks to queue
[2025-04-19T20:25:06.898+0000] {logging_mixin.py:190} INFO - [2025-04-19T20:25:06.897+0000] {dagbag.py:588} INFO - Filling up the DagBag from /opt/airflow/dags/Third_DAG.py
[2025-04-19T20:25:07.726+0000] {processor.py:925} INFO - DAG(s) 'Dag_task' retrieved from /opt/airflow/dags/Third_DAG.py
[2025-04-19T20:25:08.010+0000] {logging_mixin.py:190} INFO - [2025-04-19T20:25:08.009+0000] {dag.py:3239} INFO - Sync 1 DAGs
[2025-04-19T20:25:08.412+0000] {logging_mixin.py:190} INFO - [2025-04-19T20:25:08.410+0000] {dag.py:4180} INFO - Setting next_dagrun for Dag_task to 2024-04-10 00:00:00+00:00, run_after=2024-04-11 00:00:00+00:00
[2025-04-19T20:25:08.742+0000] {processor.py:208} INFO - Processing /opt/airflow/dags/Third_DAG.py took 1.938 seconds
[2025-04-19T20:25:39.866+0000] {processor.py:186} INFO - Started process (PID=308) to work on /opt/airflow/dags/Third_DAG.py
[2025-04-19T20:25:39.870+0000] {processor.py:914} INFO - Processing file /opt/airflow/dags/Third_DAG.py for tasks to queue
[2025-04-19T20:25:39.878+0000] {logging_mixin.py:190} INFO - [2025-04-19T20:25:39.877+0000] {dagbag.py:588} INFO - Filling up the DagBag from /opt/airflow/dags/Third_DAG.py
[2025-04-19T20:25:40.030+0000] {processor.py:925} INFO - DAG(s) 'Dag_task' retrieved from /opt/airflow/dags/Third_DAG.py
[2025-04-19T20:25:40.273+0000] {logging_mixin.py:190} INFO - [2025-04-19T20:25:40.272+0000] {dag.py:3239} INFO - Sync 1 DAGs
[2025-04-19T20:25:40.431+0000] {logging_mixin.py:190} INFO - [2025-04-19T20:25:40.430+0000] {dag.py:4180} INFO - Setting next_dagrun for Dag_task to 2024-04-10 00:00:00+00:00, run_after=2024-04-11 00:00:00+00:00
[2025-04-19T20:25:40.535+0000] {processor.py:208} INFO - Processing /opt/airflow/dags/Third_DAG.py took 0.690 seconds
[2025-04-19T20:26:22.971+0000] {processor.py:186} INFO - Started process (PID=334) to work on /opt/airflow/dags/Third_DAG.py
[2025-04-19T20:26:23.002+0000] {processor.py:914} INFO - Processing file /opt/airflow/dags/Third_DAG.py for tasks to queue
[2025-04-19T20:26:23.042+0000] {logging_mixin.py:190} INFO - [2025-04-19T20:26:23.031+0000] {dagbag.py:588} INFO - Filling up the DagBag from /opt/airflow/dags/Third_DAG.py
[2025-04-19T20:26:23.843+0000] {processor.py:925} INFO - DAG(s) 'Dag_task' retrieved from /opt/airflow/dags/Third_DAG.py
[2025-04-19T20:26:24.563+0000] {logging_mixin.py:190} INFO - [2025-04-19T20:26:24.561+0000] {dag.py:3239} INFO - Sync 1 DAGs
[2025-04-19T20:26:25.437+0000] {logging_mixin.py:190} INFO - [2025-04-19T20:26:25.436+0000] {dag.py:4180} INFO - Setting next_dagrun for Dag_task to 2024-04-10 00:00:00+00:00, run_after=2024-04-11 00:00:00+00:00
[2025-04-19T20:26:27.064+0000] {processor.py:208} INFO - Processing /opt/airflow/dags/Third_DAG.py took 4.190 seconds
[2025-04-19T20:26:58.973+0000] {processor.py:186} INFO - Started process (PID=359) to work on /opt/airflow/dags/Third_DAG.py
[2025-04-19T20:26:58.977+0000] {processor.py:914} INFO - Processing file /opt/airflow/dags/Third_DAG.py for tasks to queue
[2025-04-19T20:26:58.993+0000] {logging_mixin.py:190} INFO - [2025-04-19T20:26:58.989+0000] {dagbag.py:588} INFO - Filling up the DagBag from /opt/airflow/dags/Third_DAG.py
[2025-04-19T20:26:59.084+0000] {processor.py:925} INFO - DAG(s) 'Dag_task' retrieved from /opt/airflow/dags/Third_DAG.py
[2025-04-19T20:26:59.274+0000] {logging_mixin.py:190} INFO - [2025-04-19T20:26:59.274+0000] {dag.py:3239} INFO - Sync 1 DAGs
[2025-04-19T20:26:59.495+0000] {logging_mixin.py:190} INFO - [2025-04-19T20:26:59.492+0000] {dag.py:4180} INFO - Setting next_dagrun for Dag_task to 2024-04-10 00:00:00+00:00, run_after=2024-04-11 00:00:00+00:00
[2025-04-19T20:26:59.688+0000] {processor.py:208} INFO - Processing /opt/airflow/dags/Third_DAG.py took 0.741 seconds
[2025-04-19T20:27:30.085+0000] {processor.py:186} INFO - Started process (PID=385) to work on /opt/airflow/dags/Third_DAG.py
[2025-04-19T20:27:30.093+0000] {processor.py:914} INFO - Processing file /opt/airflow/dags/Third_DAG.py for tasks to queue
[2025-04-19T20:27:30.099+0000] {logging_mixin.py:190} INFO - [2025-04-19T20:27:30.098+0000] {dagbag.py:588} INFO - Filling up the DagBag from /opt/airflow/dags/Third_DAG.py
[2025-04-19T20:27:30.264+0000] {processor.py:925} INFO - DAG(s) 'Dag_task' retrieved from /opt/airflow/dags/Third_DAG.py
[2025-04-19T20:27:30.415+0000] {logging_mixin.py:190} INFO - [2025-04-19T20:27:30.414+0000] {dag.py:3239} INFO - Sync 1 DAGs
[2025-04-19T20:27:30.597+0000] {logging_mixin.py:190} INFO - [2025-04-19T20:27:30.596+0000] {dag.py:4180} INFO - Setting next_dagrun for Dag_task to 2024-04-10 00:00:00+00:00, run_after=2024-04-11 00:00:00+00:00
[2025-04-19T20:27:30.761+0000] {processor.py:208} INFO - Processing /opt/airflow/dags/Third_DAG.py took 0.700 seconds
[2025-04-19T20:28:01.170+0000] {processor.py:186} INFO - Started process (PID=412) to work on /opt/airflow/dags/Third_DAG.py
[2025-04-19T20:28:01.180+0000] {processor.py:914} INFO - Processing file /opt/airflow/dags/Third_DAG.py for tasks to queue
[2025-04-19T20:28:01.200+0000] {logging_mixin.py:190} INFO - [2025-04-19T20:28:01.198+0000] {dagbag.py:588} INFO - Filling up the DagBag from /opt/airflow/dags/Third_DAG.py
[2025-04-19T20:28:01.413+0000] {processor.py:925} INFO - DAG(s) 'Dag_task' retrieved from /opt/airflow/dags/Third_DAG.py
[2025-04-19T20:28:01.797+0000] {logging_mixin.py:190} INFO - [2025-04-19T20:28:01.796+0000] {dag.py:3239} INFO - Sync 1 DAGs
[2025-04-19T20:28:02.019+0000] {logging_mixin.py:190} INFO - [2025-04-19T20:28:02.019+0000] {dag.py:4180} INFO - Setting next_dagrun for Dag_task to 2024-04-10 00:00:00+00:00, run_after=2024-04-11 00:00:00+00:00
[2025-04-19T20:28:02.719+0000] {processor.py:208} INFO - Processing /opt/airflow/dags/Third_DAG.py took 1.579 seconds
[2025-04-19T20:28:34.181+0000] {processor.py:186} INFO - Started process (PID=438) to work on /opt/airflow/dags/Third_DAG.py
[2025-04-19T20:28:34.193+0000] {processor.py:914} INFO - Processing file /opt/airflow/dags/Third_DAG.py for tasks to queue
[2025-04-19T20:28:34.207+0000] {logging_mixin.py:190} INFO - [2025-04-19T20:28:34.206+0000] {dagbag.py:588} INFO - Filling up the DagBag from /opt/airflow/dags/Third_DAG.py
[2025-04-19T20:28:34.448+0000] {processor.py:925} INFO - DAG(s) 'Dag_task' retrieved from /opt/airflow/dags/Third_DAG.py
[2025-04-19T20:28:34.583+0000] {logging_mixin.py:190} INFO - [2025-04-19T20:28:34.582+0000] {dag.py:3239} INFO - Sync 1 DAGs
[2025-04-19T20:28:34.771+0000] {logging_mixin.py:190} INFO - [2025-04-19T20:28:34.771+0000] {dag.py:4180} INFO - Setting next_dagrun for Dag_task to 2024-04-10 00:00:00+00:00, run_after=2024-04-11 00:00:00+00:00
[2025-04-19T20:28:34.880+0000] {processor.py:208} INFO - Processing /opt/airflow/dags/Third_DAG.py took 0.726 seconds
[2025-04-19T20:29:05.641+0000] {processor.py:186} INFO - Started process (PID=463) to work on /opt/airflow/dags/Third_DAG.py
[2025-04-19T20:29:05.664+0000] {processor.py:914} INFO - Processing file /opt/airflow/dags/Third_DAG.py for tasks to queue
[2025-04-19T20:29:05.760+0000] {logging_mixin.py:190} INFO - [2025-04-19T20:29:05.758+0000] {dagbag.py:588} INFO - Filling up the DagBag from /opt/airflow/dags/Third_DAG.py
[2025-04-19T20:29:08.621+0000] {processor.py:925} INFO - DAG(s) 'Dag_task' retrieved from /opt/airflow/dags/Third_DAG.py
[2025-04-19T20:29:08.973+0000] {logging_mixin.py:190} INFO - [2025-04-19T20:29:08.963+0000] {dag.py:3239} INFO - Sync 1 DAGs
[2025-04-19T20:29:10.118+0000] {logging_mixin.py:190} INFO - [2025-04-19T20:29:10.117+0000] {dag.py:4180} INFO - Setting next_dagrun for Dag_task to 2024-04-10 00:00:00+00:00, run_after=2024-04-11 00:00:00+00:00
[2025-04-19T20:29:10.460+0000] {processor.py:208} INFO - Processing /opt/airflow/dags/Third_DAG.py took 4.879 seconds
[2025-04-19T20:29:42.728+0000] {processor.py:186} INFO - Started process (PID=495) to work on /opt/airflow/dags/Third_DAG.py
[2025-04-19T20:29:42.729+0000] {processor.py:914} INFO - Processing file /opt/airflow/dags/Third_DAG.py for tasks to queue
[2025-04-19T20:29:42.737+0000] {logging_mixin.py:190} INFO - [2025-04-19T20:29:42.736+0000] {dagbag.py:588} INFO - Filling up the DagBag from /opt/airflow/dags/Third_DAG.py
[2025-04-19T20:29:42.824+0000] {processor.py:925} INFO - DAG(s) 'Dag_task' retrieved from /opt/airflow/dags/Third_DAG.py
[2025-04-19T20:29:42.921+0000] {logging_mixin.py:190} INFO - [2025-04-19T20:29:42.920+0000] {dag.py:3239} INFO - Sync 1 DAGs
[2025-04-19T20:29:43.027+0000] {logging_mixin.py:190} INFO - [2025-04-19T20:29:43.019+0000] {dag.py:4180} INFO - Setting next_dagrun for Dag_task to 2024-04-10 00:00:00+00:00, run_after=2024-04-11 00:00:00+00:00
[2025-04-19T20:29:43.131+0000] {processor.py:208} INFO - Processing /opt/airflow/dags/Third_DAG.py took 0.420 seconds
[2025-04-19T20:30:17.528+0000] {processor.py:186} INFO - Started process (PID=521) to work on /opt/airflow/dags/Third_DAG.py
[2025-04-19T20:30:17.579+0000] {processor.py:914} INFO - Processing file /opt/airflow/dags/Third_DAG.py for tasks to queue
[2025-04-19T20:30:17.676+0000] {logging_mixin.py:190} INFO - [2025-04-19T20:30:17.673+0000] {dagbag.py:588} INFO - Filling up the DagBag from /opt/airflow/dags/Third_DAG.py
[2025-04-19T20:30:18.657+0000] {processor.py:925} INFO - DAG(s) 'Dag_task' retrieved from /opt/airflow/dags/Third_DAG.py
[2025-04-19T20:30:19.047+0000] {logging_mixin.py:190} INFO - [2025-04-19T20:30:19.046+0000] {dag.py:3239} INFO - Sync 1 DAGs
[2025-04-19T20:30:19.383+0000] {logging_mixin.py:190} INFO - [2025-04-19T20:30:19.381+0000] {dag.py:4180} INFO - Setting next_dagrun for Dag_task to 2024-04-10 00:00:00+00:00, run_after=2024-04-11 00:00:00+00:00
[2025-04-19T20:30:19.717+0000] {processor.py:208} INFO - Processing /opt/airflow/dags/Third_DAG.py took 2.295 seconds
[2025-04-19T20:30:51.703+0000] {processor.py:186} INFO - Started process (PID=547) to work on /opt/airflow/dags/Third_DAG.py
[2025-04-19T20:30:51.713+0000] {processor.py:914} INFO - Processing file /opt/airflow/dags/Third_DAG.py for tasks to queue
[2025-04-19T20:30:51.722+0000] {logging_mixin.py:190} INFO - [2025-04-19T20:30:51.721+0000] {dagbag.py:588} INFO - Filling up the DagBag from /opt/airflow/dags/Third_DAG.py
[2025-04-19T20:30:51.878+0000] {processor.py:925} INFO - DAG(s) 'Dag_task' retrieved from /opt/airflow/dags/Third_DAG.py
[2025-04-19T20:30:52.064+0000] {logging_mixin.py:190} INFO - [2025-04-19T20:30:52.060+0000] {dag.py:3239} INFO - Sync 1 DAGs
[2025-04-19T20:30:52.259+0000] {logging_mixin.py:190} INFO - [2025-04-19T20:30:52.255+0000] {dag.py:4180} INFO - Setting next_dagrun for Dag_task to 2024-04-10 00:00:00+00:00, run_after=2024-04-11 00:00:00+00:00
[2025-04-19T20:30:52.378+0000] {processor.py:208} INFO - Processing /opt/airflow/dags/Third_DAG.py took 0.717 seconds
