[2025-05-07T11:27:00.324+0000] {local_task_job_runner.py:123} INFO - ::group::Pre task execution logs
[2025-05-07T11:27:00.400+0000] {taskinstance.py:2614} INFO - Dependencies all met for dep_context=non-requeueable deps ti=<TaskInstance: Et_dag.run_extraction_script scheduled__2024-04-21T00:00:00+00:00 [queued]>
[2025-05-07T11:27:00.431+0000] {taskinstance.py:2614} INFO - Dependencies all met for dep_context=requeueable deps ti=<TaskInstance: Et_dag.run_extraction_script scheduled__2024-04-21T00:00:00+00:00 [queued]>
[2025-05-07T11:27:00.432+0000] {taskinstance.py:2867} INFO - Starting attempt 5 of 6
[2025-05-07T11:27:00.470+0000] {taskinstance.py:2890} INFO - Executing <Task(PythonOperator): run_extraction_script> on 2024-04-21 00:00:00+00:00
[2025-05-07T11:27:00.487+0000] {standard_task_runner.py:72} INFO - Started process 25244 to run task
[2025-05-07T11:27:00.494+0000] {standard_task_runner.py:104} INFO - Running: ['***', 'tasks', 'run', 'Et_dag', 'run_extraction_script', 'scheduled__2024-04-21T00:00:00+00:00', '--job-id', '782', '--raw', '--subdir', 'DAGS_FOLDER/ET_dag.py', '--cfg-path', '/tmp/tmpgbpkpmcy']
[2025-05-07T11:27:00.499+0000] {standard_task_runner.py:105} INFO - Job 782: Subtask run_extraction_script
[2025-05-07T11:27:00.579+0000] {task_command.py:467} INFO - Running <TaskInstance: Et_dag.run_extraction_script scheduled__2024-04-21T00:00:00+00:00 [running]> on host 3d46136a9270
[2025-05-07T11:27:00.835+0000] {taskinstance.py:3134} INFO - Exporting env vars: AIRFLOW_CTX_DAG_OWNER='***' AIRFLOW_CTX_DAG_ID='Et_dag' AIRFLOW_CTX_TASK_ID='run_extraction_script' AIRFLOW_CTX_EXECUTION_DATE='2024-04-21T00:00:00+00:00' AIRFLOW_CTX_TRY_NUMBER='5' AIRFLOW_CTX_DAG_RUN_ID='scheduled__2024-04-21T00:00:00+00:00'
[2025-05-07T11:27:00.841+0000] {taskinstance.py:732} INFO - ::endgroup::
[2025-05-07T11:27:00.886+0000] {logging_mixin.py:190} INFO - Exécution du script : /opt/***/Scripts/insert_excel_to_postgres2.py
[2025-05-07T11:27:04.863+0000] {logging_mixin.py:190} INFO - Résultat du script /opt/***/Scripts/insert_excel_to_postgres2.py :
[2025-05-07T11:27:04.864+0000] {logging_mixin.py:190} INFO - Exécution du script : /opt/***/Scripts/Store_CTX.py
[2025-05-07T11:27:06.181+0000] {logging_mixin.py:190} INFO - Résultat du script /opt/***/Scripts/Store_CTX.py :
[2025-05-07T11:27:06.182+0000] {logging_mixin.py:190} INFO - Data successfully loaded into PostgreSQL table 'CTX'
[2025-05-07T11:27:06.183+0000] {logging_mixin.py:190} INFO - Exécution du script : /opt/***/Scripts/Store_pcx.py
[2025-05-07T11:27:07.595+0000] {logging_mixin.py:190} INFO - Résultat du script /opt/***/Scripts/Store_pcx.py :
[2025-05-07T11:27:07.596+0000] {logging_mixin.py:190} INFO - Data successfully loaded into PostgreSQL table 'Flag_PCX'
[2025-05-07T11:27:07.597+0000] {logging_mixin.py:190} INFO - Exécution du script : /opt/***/Scripts/Store_Sinister.py
[2025-05-07T11:27:09.228+0000] {logging_mixin.py:190} INFO - Résultat du script /opt/***/Scripts/Store_Sinister.py :
[2025-05-07T11:27:09.229+0000] {logging_mixin.py:190} INFO - Data successfully loaded into PostgreSQL table 'Siniste'
[2025-05-07T11:27:09.229+0000] {logging_mixin.py:190} INFO - Exécution du script : /opt/***/Scripts/Store_Sogeconso.py
[2025-05-07T11:27:10.978+0000] {logging_mixin.py:190} INFO - Résultat du script /opt/***/Scripts/Store_Sogeconso.py :
[2025-05-07T11:27:10.979+0000] {logging_mixin.py:190} INFO - Data successfully loaded into PostgreSQL table 'Sogeconso'
[2025-05-07T11:27:10.979+0000] {logging_mixin.py:190} INFO - Exécution du script : /opt/***/Scripts/Store_SPP.py
[2025-05-07T11:27:12.384+0000] {logging_mixin.py:190} INFO - Résultat du script /opt/***/Scripts/Store_SPP.py :
[2025-05-07T11:27:12.385+0000] {logging_mixin.py:190} INFO - Data successfully loaded into PostgreSQL table 'SPP'
[2025-05-07T11:27:12.386+0000] {python.py:240} INFO - Done. Returned value was: None
[2025-05-07T11:27:12.398+0000] {taskinstance.py:341} INFO - ::group::Post task execution logs
[2025-05-07T11:27:12.400+0000] {taskinstance.py:353} INFO - Marking task as SUCCESS. dag_id=Et_dag, task_id=run_extraction_script, run_id=scheduled__2024-04-21T00:00:00+00:00, execution_date=20240421T000000, start_date=20250507T112700, end_date=20250507T112712
[2025-05-07T11:27:12.444+0000] {local_task_job_runner.py:266} INFO - Task exited with return code 0
[2025-05-07T11:27:12.476+0000] {taskinstance.py:3901} INFO - 1 downstream tasks scheduled from follow-on schedule check
[2025-05-07T11:27:12.480+0000] {local_task_job_runner.py:245} INFO - ::endgroup::
[2025-05-08T13:17:39.947+0000] {local_task_job_runner.py:123} INFO - ::group::Pre task execution logs
[2025-05-08T13:17:39.972+0000] {taskinstance.py:2614} INFO - Dependencies all met for dep_context=non-requeueable deps ti=<TaskInstance: Et_dag.run_extraction_script scheduled__2024-04-21T00:00:00+00:00 [queued]>
[2025-05-08T13:17:39.984+0000] {taskinstance.py:2614} INFO - Dependencies all met for dep_context=requeueable deps ti=<TaskInstance: Et_dag.run_extraction_script scheduled__2024-04-21T00:00:00+00:00 [queued]>
[2025-05-08T13:17:39.985+0000] {taskinstance.py:2867} INFO - Starting attempt 5 of 6
[2025-05-08T13:17:40.000+0000] {taskinstance.py:2890} INFO - Executing <Task(PythonOperator): run_extraction_script> on 2024-04-21 00:00:00+00:00
[2025-05-08T13:17:40.007+0000] {standard_task_runner.py:72} INFO - Started process 33352 to run task
[2025-05-08T13:17:40.009+0000] {standard_task_runner.py:104} INFO - Running: ['***', 'tasks', 'run', 'Et_dag', 'run_extraction_script', 'scheduled__2024-04-21T00:00:00+00:00', '--job-id', '811', '--raw', '--subdir', 'DAGS_FOLDER/ET_dag.py', '--cfg-path', '/tmp/tmpg4lrlr3p']
[2025-05-08T13:17:40.012+0000] {standard_task_runner.py:105} INFO - Job 811: Subtask run_extraction_script
[2025-05-08T13:17:40.058+0000] {task_command.py:467} INFO - Running <TaskInstance: Et_dag.run_extraction_script scheduled__2024-04-21T00:00:00+00:00 [running]> on host 3d46136a9270
[2025-05-08T13:17:40.142+0000] {taskinstance.py:3134} INFO - Exporting env vars: AIRFLOW_CTX_DAG_OWNER='***' AIRFLOW_CTX_DAG_ID='Et_dag' AIRFLOW_CTX_TASK_ID='run_extraction_script' AIRFLOW_CTX_EXECUTION_DATE='2024-04-21T00:00:00+00:00' AIRFLOW_CTX_TRY_NUMBER='5' AIRFLOW_CTX_DAG_RUN_ID='scheduled__2024-04-21T00:00:00+00:00'
[2025-05-08T13:17:40.144+0000] {taskinstance.py:732} INFO - ::endgroup::
[2025-05-08T13:17:40.159+0000] {logging_mixin.py:190} INFO - Exécution du script : /opt/***/Scripts/insert_excel_to_postgres2.py
[2025-05-08T13:17:42.763+0000] {logging_mixin.py:190} INFO - Résultat du script /opt/***/Scripts/insert_excel_to_postgres2.py :
[2025-05-08T13:17:42.765+0000] {logging_mixin.py:190} INFO - Exécution du script : /opt/***/Scripts/Store_CTX.py
[2025-05-08T13:17:43.768+0000] {logging_mixin.py:190} INFO - Résultat du script /opt/***/Scripts/Store_CTX.py :
[2025-05-08T13:17:43.769+0000] {logging_mixin.py:190} INFO - Data successfully loaded into PostgreSQL table 'CTX'
[2025-05-08T13:17:43.769+0000] {logging_mixin.py:190} INFO - Exécution du script : /opt/***/Scripts/Store_pcx.py
[2025-05-08T13:17:44.848+0000] {logging_mixin.py:190} INFO - Résultat du script /opt/***/Scripts/Store_pcx.py :
[2025-05-08T13:17:44.849+0000] {logging_mixin.py:190} INFO - Data successfully loaded into PostgreSQL table 'Flag_PCX'
[2025-05-08T13:17:44.850+0000] {logging_mixin.py:190} INFO - Exécution du script : /opt/***/Scripts/Store_Sinister.py
[2025-05-08T13:17:45.967+0000] {logging_mixin.py:190} INFO - Résultat du script /opt/***/Scripts/Store_Sinister.py :
[2025-05-08T13:17:45.968+0000] {logging_mixin.py:190} INFO - Data successfully loaded into PostgreSQL table 'Siniste'
[2025-05-08T13:17:45.969+0000] {logging_mixin.py:190} INFO - Exécution du script : /opt/***/Scripts/Store_Sogeconso.py
[2025-05-08T13:17:47.021+0000] {logging_mixin.py:190} INFO - Résultat du script /opt/***/Scripts/Store_Sogeconso.py :
[2025-05-08T13:17:47.022+0000] {logging_mixin.py:190} INFO - Data successfully loaded into PostgreSQL table 'Sogeconso'
[2025-05-08T13:17:47.022+0000] {logging_mixin.py:190} INFO - Exécution du script : /opt/***/Scripts/Store_SPP.py
[2025-05-08T13:17:48.053+0000] {logging_mixin.py:190} INFO - Résultat du script /opt/***/Scripts/Store_SPP.py :
[2025-05-08T13:17:48.054+0000] {logging_mixin.py:190} INFO - Data successfully loaded into PostgreSQL table 'SPP'
[2025-05-08T13:17:48.056+0000] {python.py:240} INFO - Done. Returned value was: None
[2025-05-08T13:17:48.070+0000] {taskinstance.py:341} INFO - ::group::Post task execution logs
[2025-05-08T13:17:48.071+0000] {taskinstance.py:353} INFO - Marking task as SUCCESS. dag_id=Et_dag, task_id=run_extraction_script, run_id=scheduled__2024-04-21T00:00:00+00:00, execution_date=20240421T000000, start_date=20250508T131739, end_date=20250508T131748
[2025-05-08T13:17:48.104+0000] {local_task_job_runner.py:266} INFO - Task exited with return code 0
[2025-05-08T13:17:48.129+0000] {taskinstance.py:3901} INFO - 1 downstream tasks scheduled from follow-on schedule check
[2025-05-08T13:17:48.131+0000] {local_task_job_runner.py:245} INFO - ::endgroup::
