[2025-05-07T11:56:27.795+0000] {local_task_job_runner.py:123} INFO - ::group::Pre task execution logs
[2025-05-07T11:56:27.835+0000] {taskinstance.py:2614} INFO - Dependencies all met for dep_context=non-requeueable deps ti=<TaskInstance: Et_dag.run_extraction_script scheduled__2024-04-21T00:00:00+00:00 [queued]>
[2025-05-07T11:56:27.853+0000] {taskinstance.py:2614} INFO - Dependencies all met for dep_context=requeueable deps ti=<TaskInstance: Et_dag.run_extraction_script scheduled__2024-04-21T00:00:00+00:00 [queued]>
[2025-05-07T11:56:27.854+0000] {taskinstance.py:2867} INFO - Starting attempt 7 of 8
[2025-05-07T11:56:27.876+0000] {taskinstance.py:2890} INFO - Executing <Task(PythonOperator): run_extraction_script> on 2024-04-21 00:00:00+00:00
[2025-05-07T11:56:27.886+0000] {standard_task_runner.py:72} INFO - Started process 27155 to run task
[2025-05-07T11:56:27.890+0000] {standard_task_runner.py:104} INFO - Running: ['***', 'tasks', 'run', 'Et_dag', 'run_extraction_script', 'scheduled__2024-04-21T00:00:00+00:00', '--job-id', '790', '--raw', '--subdir', 'DAGS_FOLDER/ET_dag.py', '--cfg-path', '/tmp/tmp7emib5ef']
[2025-05-07T11:56:27.894+0000] {standard_task_runner.py:105} INFO - Job 790: Subtask run_extraction_script
[2025-05-07T11:56:27.972+0000] {task_command.py:467} INFO - Running <TaskInstance: Et_dag.run_extraction_script scheduled__2024-04-21T00:00:00+00:00 [running]> on host 3d46136a9270
[2025-05-07T11:56:28.099+0000] {taskinstance.py:3134} INFO - Exporting env vars: AIRFLOW_CTX_DAG_OWNER='***' AIRFLOW_CTX_DAG_ID='Et_dag' AIRFLOW_CTX_TASK_ID='run_extraction_script' AIRFLOW_CTX_EXECUTION_DATE='2024-04-21T00:00:00+00:00' AIRFLOW_CTX_TRY_NUMBER='7' AIRFLOW_CTX_DAG_RUN_ID='scheduled__2024-04-21T00:00:00+00:00'
[2025-05-07T11:56:28.101+0000] {taskinstance.py:732} INFO - ::endgroup::
[2025-05-07T11:56:28.126+0000] {logging_mixin.py:190} INFO - Exécution du script : /opt/***/Scripts/insert_excel_to_postgres2.py
[2025-05-07T11:56:33.217+0000] {logging_mixin.py:190} INFO - Résultat du script /opt/***/Scripts/insert_excel_to_postgres2.py :
[2025-05-07T11:56:33.218+0000] {logging_mixin.py:190} INFO - Exécution du script : /opt/***/Scripts/Store_CTX.py
[2025-05-07T11:56:37.292+0000] {logging_mixin.py:190} INFO - Résultat du script /opt/***/Scripts/Store_CTX.py :
[2025-05-07T11:56:37.294+0000] {logging_mixin.py:190} INFO - Data successfully loaded into PostgreSQL table 'CTX'
[2025-05-07T11:56:37.295+0000] {logging_mixin.py:190} INFO - Exécution du script : /opt/***/Scripts/Store_pcx.py
[2025-05-07T11:56:40.653+0000] {logging_mixin.py:190} INFO - Résultat du script /opt/***/Scripts/Store_pcx.py :
[2025-05-07T11:56:40.655+0000] {logging_mixin.py:190} INFO - Data successfully loaded into PostgreSQL table 'Flag_PCX'
[2025-05-07T11:56:40.656+0000] {logging_mixin.py:190} INFO - Exécution du script : /opt/***/Scripts/Store_Sinister.py
[2025-05-07T11:56:49.108+0000] {logging_mixin.py:190} INFO - Résultat du script /opt/***/Scripts/Store_Sinister.py :
[2025-05-07T11:56:49.109+0000] {logging_mixin.py:190} INFO - Data successfully loaded into PostgreSQL table 'Siniste'
[2025-05-07T11:56:49.110+0000] {logging_mixin.py:190} INFO - Exécution du script : /opt/***/Scripts/Store_Sogeconso.py
[2025-05-07T11:56:53.743+0000] {logging_mixin.py:190} INFO - Résultat du script /opt/***/Scripts/Store_Sogeconso.py :
[2025-05-07T11:56:53.744+0000] {logging_mixin.py:190} INFO - Data successfully loaded into PostgreSQL table 'Sogeconso'
[2025-05-07T11:56:53.745+0000] {logging_mixin.py:190} INFO - Exécution du script : /opt/***/Scripts/Store_SPP.py
[2025-05-07T11:56:55.665+0000] {logging_mixin.py:190} INFO - Résultat du script /opt/***/Scripts/Store_SPP.py :
[2025-05-07T11:56:55.665+0000] {logging_mixin.py:190} INFO - Data successfully loaded into PostgreSQL table 'SPP'
[2025-05-07T11:56:55.666+0000] {python.py:240} INFO - Done. Returned value was: None
[2025-05-07T11:56:55.680+0000] {taskinstance.py:341} INFO - ::group::Post task execution logs
[2025-05-07T11:56:55.682+0000] {taskinstance.py:353} INFO - Marking task as SUCCESS. dag_id=Et_dag, task_id=run_extraction_script, run_id=scheduled__2024-04-21T00:00:00+00:00, execution_date=20240421T000000, start_date=20250507T115627, end_date=20250507T115655
[2025-05-07T11:56:55.767+0000] {local_task_job_runner.py:266} INFO - Task exited with return code 0
[2025-05-07T11:56:55.801+0000] {taskinstance.py:3901} INFO - 1 downstream tasks scheduled from follow-on schedule check
[2025-05-07T11:56:55.814+0000] {local_task_job_runner.py:245} INFO - ::endgroup::
