[2025-05-07T10:40:30.655+0000] {local_task_job_runner.py:123} INFO - ::group::Pre task execution logs
[2025-05-07T10:40:30.790+0000] {taskinstance.py:2614} INFO - Dependencies all met for dep_context=non-requeueable deps ti=<TaskInstance: Et_dag.run_extraction_script scheduled__2025-02-01T00:00:00+00:00 [queued]>
[2025-05-07T10:40:30.846+0000] {taskinstance.py:2614} INFO - Dependencies all met for dep_context=requeueable deps ti=<TaskInstance: Et_dag.run_extraction_script scheduled__2025-02-01T00:00:00+00:00 [queued]>
[2025-05-07T10:40:30.847+0000] {taskinstance.py:2867} INFO - Starting attempt 1 of 2
[2025-05-07T10:40:31.125+0000] {taskinstance.py:2890} INFO - Executing <Task(PythonOperator): run_extraction_script> on 2025-02-01 00:00:00+00:00
[2025-05-07T10:40:31.136+0000] {standard_task_runner.py:72} INFO - Started process 21694 to run task
[2025-05-07T10:40:31.161+0000] {standard_task_runner.py:104} INFO - Running: ['***', 'tasks', 'run', 'Et_dag', 'run_extraction_script', 'scheduled__2025-02-01T00:00:00+00:00', '--job-id', '752', '--raw', '--subdir', 'DAGS_FOLDER/ET_dag.py', '--cfg-path', '/tmp/tmpqz463lk_']
[2025-05-07T10:40:31.173+0000] {standard_task_runner.py:105} INFO - Job 752: Subtask run_extraction_script
[2025-05-07T10:40:31.325+0000] {task_command.py:467} INFO - Running <TaskInstance: Et_dag.run_extraction_script scheduled__2025-02-01T00:00:00+00:00 [running]> on host 3d46136a9270
[2025-05-07T10:40:31.714+0000] {taskinstance.py:3134} INFO - Exporting env vars: AIRFLOW_CTX_DAG_OWNER='***' AIRFLOW_CTX_DAG_ID='Et_dag' AIRFLOW_CTX_TASK_ID='run_extraction_script' AIRFLOW_CTX_EXECUTION_DATE='2025-02-01T00:00:00+00:00' AIRFLOW_CTX_TRY_NUMBER='1' AIRFLOW_CTX_DAG_RUN_ID='scheduled__2025-02-01T00:00:00+00:00'
[2025-05-07T10:40:31.718+0000] {taskinstance.py:732} INFO - ::endgroup::
[2025-05-07T10:40:31.759+0000] {logging_mixin.py:190} INFO - Exécution du script : /opt/***/Scripts/insert_excel_to_postgres2.py
[2025-05-07T10:40:43.305+0000] {logging_mixin.py:190} INFO - Résultat du script /opt/***/Scripts/insert_excel_to_postgres2.py :
[2025-05-07T10:40:43.354+0000] {logging_mixin.py:190} INFO - Exécution du script : /opt/***/Scripts/Store_CTX.py
[2025-05-07T10:40:50.951+0000] {logging_mixin.py:190} INFO - Résultat du script /opt/***/Scripts/Store_CTX.py :
[2025-05-07T10:40:50.952+0000] {logging_mixin.py:190} INFO - Data successfully loaded into PostgreSQL table 'CTX'
[2025-05-07T10:40:50.954+0000] {logging_mixin.py:190} INFO - Exécution du script : /opt/***/Scripts/Store_pcx.py
[2025-05-07T10:40:56.705+0000] {logging_mixin.py:190} INFO - Résultat du script /opt/***/Scripts/Store_pcx.py :
[2025-05-07T10:40:56.767+0000] {logging_mixin.py:190} INFO - Data successfully loaded into PostgreSQL table 'Flag_PCX'
[2025-05-07T10:40:56.768+0000] {logging_mixin.py:190} INFO - Exécution du script : /opt/***/Scripts/Store_Sinister.py
[2025-05-07T10:41:02.670+0000] {logging_mixin.py:190} INFO - Résultat du script /opt/***/Scripts/Store_Sinister.py :
[2025-05-07T10:41:02.681+0000] {logging_mixin.py:190} INFO - Data successfully loaded into PostgreSQL table 'Siniste'
[2025-05-07T10:41:02.714+0000] {logging_mixin.py:190} INFO - Exécution du script : /opt/***/Scripts/Store_Sogeconso.py
[2025-05-07T10:41:08.793+0000] {logging_mixin.py:190} INFO - Résultat du script /opt/***/Scripts/Store_Sogeconso.py :
[2025-05-07T10:41:08.794+0000] {logging_mixin.py:190} INFO - Data successfully loaded into PostgreSQL table 'Sogeconso'
[2025-05-07T10:41:08.802+0000] {logging_mixin.py:190} INFO - Exécution du script : /opt/***/Scripts/Store_SPP.py
[2025-05-07T10:41:15.744+0000] {logging_mixin.py:190} INFO - Résultat du script /opt/***/Scripts/Store_SPP.py :
[2025-05-07T10:41:15.747+0000] {logging_mixin.py:190} INFO - Data successfully loaded into PostgreSQL table 'SPP'
[2025-05-07T10:41:15.763+0000] {python.py:240} INFO - Done. Returned value was: None
[2025-05-07T10:41:17.878+0000] {taskinstance.py:341} INFO - ::group::Post task execution logs
[2025-05-07T10:41:17.919+0000] {taskinstance.py:353} INFO - Marking task as SUCCESS. dag_id=Et_dag, task_id=run_extraction_script, run_id=scheduled__2025-02-01T00:00:00+00:00, execution_date=20250201T000000, start_date=20250507T104030, end_date=20250507T104117
[2025-05-07T10:41:19.005+0000] {local_task_job_runner.py:266} INFO - Task exited with return code 0
[2025-05-07T10:41:19.538+0000] {taskinstance.py:3901} INFO - 1 downstream tasks scheduled from follow-on schedule check
[2025-05-07T10:41:19.550+0000] {local_task_job_runner.py:245} INFO - ::endgroup::
